<?xml version="1.0" encoding="UTF-8"?>
<testsuites name="New Test Suite" time="56" tests="1" failures="0" errors="0">
   <testsuite name="New Test Suite" tests="1" failures="0" errors="0" time="56" timestamp="2017-12-28 11:13:11" hostname="Kumar.nagendra - HMECL000103.happiestminds.com" id="Test Suites/New Test Suite">
      <properties>
         <property name="deviceName" value=""/>
         <property name="devicePlatform" value=""/>
         <property name="logFolder" value="D:\\Arista-Bugzila Project\\BugzillaUI-Automation\\Reports\\New Test Suite\\20171228_111309"/>
         <property name="logFiles" value="D:\\Arista-Bugzila Project\\BugzillaUI-Automation\\Reports\\New Test Suite\\20171228_111309\\execution0.log"/>
         <property name="attachments" value=""/>
         <property name="hostName" value="Kumar.nagendra - HMECL000103.happiestminds.com"/>
         <property name="os" value="Windows 10 64bit"/>
         <property name="katalonVersion" value="5.2.0.1"/>
         <property name="browser" value="Chrome 63.0.3239.84"/>
         <property name="hostAddress" value="10.95.3.71"/>
         <property name="sessionId" value="599135a737f1eb8012650b3bf496f51c"/>
         <property name="seleniumVersion" value="3.7.1"/>
         <property name="proxyInformation" value="ProxyInformation{proxyOption=NO_PROXY, proxyServerType=HTTP, password=, proxyServerAddress=, proxyServerPort=0}"/>
         <property name="platform" value="Windows 10"/>
      </properties>
      <testcase name="Test Cases/Login" classname="Test Cases/Login" status="PASSED">
         <system-out><![CDATA[2017-12-28 11:13:11 - [TEST_CASE][PASSED] - Test Cases/Login: Test Cases/Login

2017-12-28 11:13:12 - [TEST_STEP][PASSED] - openBrowser: Browser is opened with url: ''

2017-12-28 11:13:19 - [MESSAGE][PASSED] - Browser is opened with url: ''

2017-12-28 11:13:19 - [TEST_STEP][PASSED] - navigateToUrl: Navigate to 'http://bugzilla-ui/' successfully

2017-12-28 11:14:01 - [MESSAGE][PASSED] - Navigate to 'http://bugzilla-ui/' successfully

2017-12-28 11:14:01 - [TEST_STEP][PASSED] - setText: Text 'kumar.nagendra@happiestminds.com' is set on object 'Object Repository/Page_BugsUI login/input_value_email'

2017-12-28 11:14:06 - [MESSAGE][PASSED] - Text 'kumar.nagendra@happiestminds.com' is set on object 'Object Repository/Page_BugsUI login/input_value_email'

2017-12-28 11:14:06 - [TEST_STEP][PASSED] - setText: Text 'Kumar@123' is set on object 'Object Repository/Page_BugsUI login/input_form-control ng-untouche'

2017-12-28 11:14:06 - [MESSAGE][PASSED] - Text 'Kumar@123' is set on object 'Object Repository/Page_BugsUI login/input_form-control ng-untouche'

2017-12-28 11:14:06 - [TEST_STEP][PASSED] - click: Object: 'Object Repository/Page_BugsUI login/button_Login' is clicked on

2017-12-28 11:14:06 - [MESSAGE][PASSED] - Object: 'Object Repository/Page_BugsUI login/button_Login' is clicked on

2017-12-28 11:14:06 - [TEST_STEP][PASSED] - verifyElementAttributeValue: Object 'Object Repository/Page_BugsUI login/a_BugsUI' has attribute 'text' with value 'BugsUI '

2017-12-28 11:14:07 - [MESSAGE][PASSED] - Object 'Object Repository/Page_BugsUI login/a_BugsUI' has attribute 'text' with value 'BugsUI '

2017-12-28 11:14:07 - [TEST_STEP][PASSED] - closeBrowser: Browser is closed

2017-12-28 11:14:08 - [MESSAGE][PASSED] - Browser is closed]]></system-out>
         <system-err><![CDATA[]]></system-err>
      </testcase>
      <system-out><![CDATA[2017-12-28 11:13:11 - [TEST_SUITE][PASSED] - New Test Suite: Test Cases/Login]]></system-out>
      <system-err><![CDATA[]]></system-err>
   </testsuite>
</testsuites>
