<?xml version="1.0" encoding="UTF-8"?>
<testsuites name="SmokeTestSuite" time="450" tests="16" failures="2" errors="0">
   <testsuite name="SmokeTestSuite" tests="16" failures="2" errors="0" time="450" timestamp="2018-03-29 17:21:24" hostname="Kumar.nagendra - HMECL000103.happiestminds.com" id="Test Suites/SmokeTestSuite">
      <properties>
         <property name="deviceName" value=""/>
         <property name="devicePlatform" value=""/>
         <property name="logFolder" value="D:\\Arista-Bugzila Project\\BugzillaUI-Automation\\Reports\\SmokeTestSuite\\20180329_172121"/>
         <property name="logFiles" value="D:\\Arista-Bugzila Project\\BugzillaUI-Automation\\Reports\\SmokeTestSuite\\20180329_172121\\execution0.log"/>
         <property name="attachments" value="D:\\Arista-Bugzila Project\\BugzillaUI-Automation\\Reports\\SmokeTestSuite\\20180329_172121\\1522324609548.png, D:\\Arista-Bugzila Project\\BugzillaUI-Automation\\Reports\\SmokeTestSuite\\20180329_172121\\1522324609893.png, D:\\Arista-Bugzila Project\\BugzillaUI-Automation\\Reports\\SmokeTestSuite\\20180329_172121\\1522324726512.png, D:\\Arista-Bugzila Project\\BugzillaUI-Automation\\Reports\\SmokeTestSuite\\20180329_172121\\1522324730065.png"/>
         <property name="hostName" value="Kumar.nagendra - HMECL000103.happiestminds.com"/>
         <property name="os" value="Windows 10 64bit"/>
         <property name="katalonVersion" value="5.3.0.1"/>
         <property name="browser" value="Chrome 64.0.3282.186"/>
         <property name="hostAddress" value="10.95.79.244"/>
         <property name="sessionId" value="76f79718361cf688d280d2767aca7965"/>
         <property name="seleniumVersion" value="3.7.1"/>
         <property name="proxyInformation" value="ProxyInformation{proxyOption=NO_PROXY, proxyServerType=HTTP, password=, proxyServerAddress=, proxyServerPort=0}"/>
         <property name="platform" value="Windows 10"/>
      </properties>
      <testcase name="Test Cases/Login_TestCases/VerifyPresenceOfFields_Links_LoginPage" classname="Test Cases/Login_TestCases/VerifyPresenceOfFields_Links_LoginPage" status="PASSED">
         <system-out><![CDATA[2018-03-29 17:21:25 - [TEST_CASE][PASSED] - Test Cases/Login_TestCases/VerifyPresenceOfFields_Links_LoginPage: Test Cases/Login_TestCases/VerifyPresenceOfFields_Links_LoginPage

2018-03-29 17:21:25 - [TEST_STEP][PASSED] - openBrowser: Browser is opened with url: ''

2018-03-29 17:21:45 - [MESSAGE][PASSED] - Browser is opened with url: ''

2018-03-29 17:21:45 - [TEST_STEP][PASSED] - navigateToUrl: Navigate to 'https://bugzilla-ui/' successfully

2018-03-29 17:22:03 - [MESSAGE][PASSED] - Navigate to 'https://bugzilla-ui/' successfully

2018-03-29 17:22:03 - [TEST_STEP][PASSED] - verifyElementPresent: Object 'Object Repository/Page_BugsUI login/input_value_userid' is present

2018-03-29 17:22:03 - [MESSAGE][WARNING] - Timeout '0' is invalid. Using default page load timeout: '30'

2018-03-29 17:22:05 - [MESSAGE][PASSED] - Object 'Object Repository/Page_BugsUI login/input_value_userid' is present

2018-03-29 17:22:05 - [TEST_STEP][PASSED] - verifyElementPresent: Object 'Object Repository/Page_BugsUI login/input_form-control ng-untouche' is present

2018-03-29 17:22:05 - [MESSAGE][WARNING] - Timeout '0' is invalid. Using default page load timeout: '30'

2018-03-29 17:22:05 - [MESSAGE][PASSED] - Object 'Object Repository/Page_BugsUI login/input_form-control ng-untouche' is present

2018-03-29 17:22:05 - [TEST_STEP][PASSED] - verifyElementText: Actual text and expected text of test object 'Object Repository/Page_BugsUI login/strong_User Id' are matched.

2018-03-29 17:22:05 - [MESSAGE][PASSED] - Actual text and expected text of test object 'Object Repository/Page_BugsUI login/strong_User Id' are matched.

2018-03-29 17:22:05 - [TEST_STEP][PASSED] - verifyElementText: Actual text and expected text of test object 'Object Repository/Page_BugsUI login/strong_Password' are matched.

2018-03-29 17:22:05 - [MESSAGE][PASSED] - Actual text and expected text of test object 'Object Repository/Page_BugsUI login/strong_Password' are matched.

2018-03-29 17:22:05 - [TEST_STEP][PASSED] - Statement - loginButtonPresent = com.kms.katalon.core.webui.keyword.WebUiBuiltInKeywords.verifyElementPresent(com.kms.katalon.core.testobject.ObjectRepository.findTestObject(Page_BugsUI login/button_Login), 0): Object 'Object Repository/Page_BugsUI login/button_Login' is present

2018-03-29 17:22:05 - [MESSAGE][WARNING] - Timeout '0' is invalid. Using default page load timeout: '30'

2018-03-29 17:22:05 - [MESSAGE][PASSED] - Object 'Object Repository/Page_BugsUI login/button_Login' is present

2018-03-29 17:22:05 - [TEST_STEP][PASSED] - Statement - If (loginButtonPresent): Object 'Object Repository/Page_BugsUI login/button_Login' is clickable

2018-03-29 17:22:05 - [TEST_STEP][PASSED] - verifyElementClickable: Object 'Object Repository/Page_BugsUI login/button_Login' is clickable

2018-03-29 17:22:05 - [MESSAGE][PASSED] - Object 'Object Repository/Page_BugsUI login/button_Login' is clickable]]></system-out>
         <system-err><![CDATA[]]></system-err>
      </testcase>
      <testcase name="Test Cases/Login_TestCases/InvalidLoginsCases" classname="Test Cases/Login_TestCases/InvalidLoginsCases" status="PASSED">
         <system-out><![CDATA[2018-03-29 17:22:05 - [TEST_CASE][PASSED] - Test Cases/Login_TestCases/InvalidLoginsCases: Test Cases/Login_TestCases/InvalidLoginsCases

2018-03-29 17:22:06 - [TEST_STEP][PASSED] - setText: Text 'knagendra-ext' is set on object 'Object Repository/Page_BugsUI login/input_value_userid'

2018-03-29 17:22:06 - [MESSAGE][PASSED] - Text 'knagendra-ext' is set on object 'Object Repository/Page_BugsUI login/input_value_userid'

2018-03-29 17:22:06 - [TEST_STEP][PASSED] - Statement - loginButtonClickable = com.kms.katalon.core.webui.keyword.WebUiBuiltInKeywords.verifyElementClickable(com.kms.katalon.core.testobject.ObjectRepository.findTestObject(Page_BugsUI login/button_Login)): Object 'Object Repository/Page_BugsUI login/button_Login' is clickable

2018-03-29 17:22:06 - [MESSAGE][PASSED] - Object 'Object Repository/Page_BugsUI login/button_Login' is clickable

2018-03-29 17:22:06 - [TEST_STEP][PASSED] - Statement - If (loginButtonClickable): Object: 'Object Repository/Page_BugsUI login/button_Login' is clicked on

2018-03-29 17:22:06 - [TEST_STEP][PASSED] - click: Object: 'Object Repository/Page_BugsUI login/button_Login' is clicked on

2018-03-29 17:22:06 - [MESSAGE][PASSED] - Object: 'Object Repository/Page_BugsUI login/button_Login' is clicked on

2018-03-29 17:22:06 - [TEST_STEP][PASSED] - verifyElementText: Actual text and expected text of test object 'Object Repository/Page_BugsUI login/small_Password is Required.' are matched.

2018-03-29 17:22:06 - [MESSAGE][PASSED] - Actual text and expected text of test object 'Object Repository/Page_BugsUI login/small_Password is Required.' are matched.

2018-03-29 17:22:06 - [TEST_STEP][PASSED] - setText: Text '123' is set on object 'Object Repository/Page_BugsUI login/input_form-control ng-untouche'

2018-03-29 17:22:06 - [MESSAGE][PASSED] - Text '123' is set on object 'Object Repository/Page_BugsUI login/input_form-control ng-untouche'

2018-03-29 17:22:06 - [TEST_STEP][PASSED] - Statement - com.kms.katalon.core.webui.common.WebUiCommonHelper.findWebElement(com.kms.katalon.core.testobject.ObjectRepository.findTestObject(Page_BugsUI login/input_value_userid), 2).clear(): Found 1 web elements with id: 'Object Repository/Page_BugsUI login/input_value_userid' located by 'By.xpath: //input[@name = 'value_email' and @type = 'text' and @placeholder = 'Enter Your User Id']' in '2' second(s)

2018-03-29 17:22:06 - [TEST_STEP][PASSED] - click: Object: 'Object Repository/Page_BugsUI login/button_Login' is clicked on

2018-03-29 17:22:07 - [MESSAGE][PASSED] - Object: 'Object Repository/Page_BugsUI login/button_Login' is clicked on

2018-03-29 17:22:07 - [TEST_STEP][PASSED] - verifyElementText: Actual text and expected text of test object 'Object Repository/Page_BugsUI login/small_User Id is Required.' are matched.

2018-03-29 17:22:07 - [MESSAGE][PASSED] - Actual text and expected text of test object 'Object Repository/Page_BugsUI login/small_User Id is Required.' are matched.

2018-03-29 17:22:07 - [TEST_STEP][PASSED] - setText: Text 'knagendra-ext' is set on object 'Object Repository/Page_BugsUI login/input_value_userid'

2018-03-29 17:22:07 - [MESSAGE][PASSED] - Text 'knagendra-ext' is set on object 'Object Repository/Page_BugsUI login/input_value_userid'

2018-03-29 17:22:07 - [TEST_STEP][PASSED] - click: Object: 'Object Repository/Page_BugsUI login/button_Login' is clicked on

2018-03-29 17:22:07 - [MESSAGE][PASSED] - Object: 'Object Repository/Page_BugsUI login/button_Login' is clicked on

2018-03-29 17:22:07 - [TEST_STEP][PASSED] - delay: Delayed 3 second(s)

2018-03-29 17:22:10 - [MESSAGE][PASSED] - Delayed 3 second(s)

2018-03-29 17:22:10 - [TEST_STEP][PASSED] - Statement - If (com.kms.katalon.core.webui.keyword.WebUiBuiltInKeywords.verifyElementPresent(com.kms.katalon.core.testobject.ObjectRepository.findTestObject(Page_BugsUI login/small_Invalid User IdPassword), 0)): Actual text 'Invalid User Id/Password !!' and expected text 'Invalid User Id/Password !!' are matched 

2018-03-29 17:22:10 - [MESSAGE][WARNING] - Timeout '0' is invalid. Using default page load timeout: '30'

2018-03-29 17:22:10 - [MESSAGE][PASSED] - Object 'Object Repository/Page_BugsUI login/small_Invalid User IdPassword' is present

2018-03-29 17:22:10 - [TEST_STEP][PASSED] - Statement - text = com.kms.katalon.core.webui.keyword.WebUiBuiltInKeywords.getText(com.kms.katalon.core.testobject.ObjectRepository.findTestObject(Page_BugsUI login/small_Invalid User IdPassword)): Text of object 'Object Repository/Page_BugsUI login/small_Invalid User IdPassword' is: 'Invalid User Id/Password !!'

2018-03-29 17:22:10 - [MESSAGE][PASSED] - Text of object 'Object Repository/Page_BugsUI login/small_Invalid User IdPassword' is: 'Invalid User Id/Password !!'

2018-03-29 17:22:10 - [TEST_STEP][PASSED] - verifyMatch: Actual text 'Invalid User Id/Password !!' and expected text 'Invalid User Id/Password !!' are matched 

2018-03-29 17:22:10 - [MESSAGE][PASSED] - Actual text 'Invalid User Id/Password !!' and expected text 'Invalid User Id/Password !!' are matched 

2018-03-29 17:22:10 - [TEST_STEP][PASSED] - closeBrowser: Browser is closed

2018-03-29 17:22:20 - [MESSAGE][PASSED] - Browser is closed]]></system-out>
         <system-err><![CDATA[]]></system-err>
      </testcase>
      <testcase name="Test Cases/Login_TestCases/ValidSuccessfulLogin" classname="Test Cases/Login_TestCases/ValidSuccessfulLogin" status="PASSED">
         <system-out><![CDATA[2018-03-29 17:22:20 - [TEST_CASE][PASSED] - Test Cases/Login_TestCases/ValidSuccessfulLogin: Test Cases/Login_TestCases/ValidSuccessfulLogin

2018-03-29 17:22:20 - [TEST_STEP][PASSED] - openBrowser: Browser is opened with url: ''

2018-03-29 17:22:26 - [MESSAGE][PASSED] - Browser is opened with url: ''

2018-03-29 17:22:26 - [TEST_STEP][PASSED] - navigateToUrl: Navigate to 'https://bugzilla-ui/' successfully

2018-03-29 17:23:40 - [MESSAGE][PASSED] - Navigate to 'https://bugzilla-ui/' successfully

2018-03-29 17:23:40 - [TEST_STEP][PASSED] - setText: Text 'knagendra-ext' is set on object 'Object Repository/Page_BugsUI login/input_value_userid'

2018-03-29 17:23:41 - [MESSAGE][PASSED] - Text 'knagendra-ext' is set on object 'Object Repository/Page_BugsUI login/input_value_userid'

2018-03-29 17:23:41 - [TEST_STEP][PASSED] - setText: Text 'Kumar@123' is set on object 'Object Repository/Page_BugsUI login/input_form-control ng-untouche'

2018-03-29 17:23:41 - [MESSAGE][PASSED] - Text 'Kumar@123' is set on object 'Object Repository/Page_BugsUI login/input_form-control ng-untouche'

2018-03-29 17:23:41 - [TEST_STEP][PASSED] - click: Object: 'Object Repository/Page_BugsUI login/button_Login' is clicked on

2018-03-29 17:23:42 - [MESSAGE][PASSED] - Object: 'Object Repository/Page_BugsUI login/button_Login' is clicked on

2018-03-29 17:23:42 - [TEST_STEP][PASSED] - verifyElementAttributeValue: Object 'Object Repository/Page_BugsUI login/a_BugsUI' has attribute 'text' with value 'BugsUI '

2018-03-29 17:23:42 - [MESSAGE][PASSED] - Object 'Object Repository/Page_BugsUI login/a_BugsUI' has attribute 'text' with value 'BugsUI '

2018-03-29 17:23:42 - [TEST_STEP][PASSED] - closeBrowser: Browser is closed

2018-03-29 17:23:42 - [MESSAGE][PASSED] - Browser is closed]]></system-out>
         <system-err><![CDATA[]]></system-err>
      </testcase>
      <testcase name="Test Cases/NewBugCreation_TestCases/NewBugPage" classname="Test Cases/NewBugCreation_TestCases/NewBugPage" status="PASSED">
         <system-out><![CDATA[2018-03-29 17:23:42 - [TEST_CASE][PASSED] - Test Cases/NewBugCreation_TestCases/NewBugPage: Test Cases/NewBugCreation_TestCases/NewBugPage

2018-03-29 17:23:43 - [TEST_STEP][PASSED] - Statement - act_classification_Options = new java.util.ArrayList(): null

2018-03-29 17:23:43 - [TEST_STEP][PASSED] - Statement - exp_classification_Options = new java.util.ArrayList(): null

2018-03-29 17:23:43 - [TEST_STEP][PASSED] - openBrowser: Browser is opened with url: ''

2018-03-29 17:23:45 - [MESSAGE][PASSED] - Browser is opened with url: ''

2018-03-29 17:23:45 - [TEST_STEP][PASSED] - maximizeWindow: Current window maximized

2018-03-29 17:23:46 - [MESSAGE][PASSED] - Current window maximized

2018-03-29 17:23:46 - [TEST_STEP][PASSED] - navigateToUrl: Navigate to 'https://bugzilla-ui/' successfully

2018-03-29 17:23:53 - [MESSAGE][PASSED] - Navigate to 'https://bugzilla-ui/' successfully

2018-03-29 17:23:53 - [TEST_STEP][PASSED] - setText: Text 'knagendra-ext' is set on object 'Object Repository/Page_BugsUI login/input_value_userid'

2018-03-29 17:23:54 - [MESSAGE][PASSED] - Text 'knagendra-ext' is set on object 'Object Repository/Page_BugsUI login/input_value_userid'

2018-03-29 17:23:54 - [TEST_STEP][PASSED] - setText: Text 'Tumkur@123' is set on object 'Object Repository/Page_BugsUI login/input_form-control ng-untouche'

2018-03-29 17:23:54 - [MESSAGE][PASSED] - Text 'Tumkur@123' is set on object 'Object Repository/Page_BugsUI login/input_form-control ng-untouche'

2018-03-29 17:23:54 - [TEST_STEP][PASSED] - click: Object: 'Object Repository/Page_BugsUI login/button_Login' is clicked on

2018-03-29 17:23:54 - [MESSAGE][PASSED] - Object: 'Object Repository/Page_BugsUI login/button_Login' is clicked on

2018-03-29 17:23:54 - [TEST_STEP][PASSED] - delay: Delayed 3 second(s)

2018-03-29 17:23:57 - [MESSAGE][PASSED] - Delayed 3 second(s)

2018-03-29 17:23:57 - [TEST_STEP][PASSED] - Statement - newBugTabVisible = com.kms.katalon.core.webui.keyword.WebUiBuiltInKeywords.verifyElementVisible(com.kms.katalon.core.testobject.ObjectRepository.findTestObject(Page_BugsUI Dashboard/a_New bug)): Object 'Object Repository/Page_BugsUI Dashboard/a_New bug' is visible

2018-03-29 17:23:57 - [MESSAGE][PASSED] - Object 'Object Repository/Page_BugsUI Dashboard/a_New bug' is visible

2018-03-29 17:23:57 - [TEST_STEP][PASSED] - Statement - If (newBugTabVisible): Object: 'Object Repository/Page_BugsUI Dashboard/a_New bug' is clicked on

2018-03-29 17:23:57 - [TEST_STEP][PASSED] - click: Object: 'Object Repository/Page_BugsUI Dashboard/a_New bug' is clicked on

2018-03-29 17:23:58 - [MESSAGE][PASSED] - Object: 'Object Repository/Page_BugsUI Dashboard/a_New bug' is clicked on

2018-03-29 17:23:58 - [TEST_STEP][PASSED] - verifyElementText: Actual text and expected text of test object 'Object Repository/Page_BugsUI New Bug/h5_Please select the classific' are matched.

2018-03-29 17:23:59 - [MESSAGE][PASSED] - Actual text and expected text of test object 'Object Repository/Page_BugsUI New Bug/h5_Please select the classific' are matched.

2018-03-29 17:23:59 - [TEST_STEP][PASSED] - verifyElementText: Actual text and expected text of test object 'Object Repository/Page_BugsUI New Bug/span_Classification' are matched.

2018-03-29 17:23:59 - [MESSAGE][PASSED] - Actual text and expected text of test object 'Object Repository/Page_BugsUI New Bug/span_Classification' are matched.

2018-03-29 17:23:59 - [TEST_STEP][PASSED] - delay: Delayed 3 second(s)

2018-03-29 17:24:02 - [MESSAGE][PASSED] - Delayed 3 second(s)

2018-03-29 17:24:02 - [TEST_STEP][PASSED] - Statement - defaultClassificationValue = com.kms.katalon.core.webui.keyword.WebUiBuiltInKeywords.getText(com.kms.katalon.core.testobject.ObjectRepository.findTestObject(Page_BugsUI New Bug/DefaultClassification)): Text of object 'Object Repository/Page_BugsUI New Bug/DefaultClassification' is: ''

2018-03-29 17:24:03 - [MESSAGE][PASSED] - Text of object 'Object Repository/Page_BugsUI New Bug/DefaultClassification' is: ''

2018-03-29 17:24:03 - [TEST_STEP][PASSED] - Statement - println("------Selected default value------:" + defaultClassificationValue): null

2018-03-29 17:24:03 - [TEST_STEP][PASSED] - verifyEqual: Actual object '' and expected object '' are equal

2018-03-29 17:24:03 - [MESSAGE][PASSED] - Actual object '' and expected object '' are equal

2018-03-29 17:24:03 - [TEST_STEP][PASSED] - Statement - defaultPackageUIValue = com.kms.katalon.core.webui.keyword.WebUiBuiltInKeywords.getText(com.kms.katalon.core.testobject.ObjectRepository.findTestObject(Page_BugsUI New Bug/DefaultPackageUI)): Text of object 'Object Repository/Page_BugsUI New Bug/DefaultPackageUI' is: ''

2018-03-29 17:24:03 - [MESSAGE][PASSED] - Text of object 'Object Repository/Page_BugsUI New Bug/DefaultPackageUI' is: ''

2018-03-29 17:24:03 - [TEST_STEP][PASSED] - Statement - println("------Selected default package value------:" + defaultPackageUIValue): null

2018-03-29 17:24:03 - [TEST_STEP][PASSED] - verifyEqual: Actual object '' and expected object '' are equal

2018-03-29 17:24:03 - [MESSAGE][PASSED] - Actual object '' and expected object '' are equal

2018-03-29 17:24:03 - [TEST_STEP][PASSED] - delay: Delayed 1 second(s)

2018-03-29 17:24:04 - [MESSAGE][PASSED] - Delayed 1 second(s)

2018-03-29 17:24:04 - [TEST_STEP][PASSED] - selectOptionByLabel: All options with label 'Software' are selected in object 'Object Repository/Page_BugsUI New Bug/DropdownClassification' 

2018-03-29 17:24:04 - [MESSAGE][PASSED] - All options with label 'Software' are selected in object 'Object Repository/Page_BugsUI New Bug/DropdownClassification' 

2018-03-29 17:24:04 - [TEST_STEP][PASSED] - verifyElementText: Actual text and expected text of test object 'Object Repository/Page_BugsUI New Bug/span_Package' are matched.

2018-03-29 17:24:04 - [MESSAGE][PASSED] - Actual text and expected text of test object 'Object Repository/Page_BugsUI New Bug/span_Package' are matched.

2018-03-29 17:24:04 - [TEST_STEP][PASSED] - delay: Delayed 3 second(s)

2018-03-29 17:24:07 - [MESSAGE][PASSED] - Delayed 3 second(s)

2018-03-29 17:24:07 - [TEST_STEP][PASSED] - selectOptionByLabel: All options with label 'BugsUITest' are selected in object 'Object Repository/Page_BugsUI New Bug/DropdownPackage' 

2018-03-29 17:24:08 - [MESSAGE][PASSED] - All options with label 'BugsUITest' are selected in object 'Object Repository/Page_BugsUI New Bug/DropdownPackage' 

2018-03-29 17:24:08 - [TEST_STEP][PASSED] - verifyElementPresent: Object 'Object Repository/Page_BugsUI New Bug/div_box-body' is present

2018-03-29 17:24:08 - [MESSAGE][PASSED] - Object 'Object Repository/Page_BugsUI New Bug/div_box-body' is present

2018-03-29 17:24:08 - [TEST_STEP][PASSED] - verifyElementPresent: Object 'Object Repository/Page_BugsUI New Bug/span_Status' is present

2018-03-29 17:24:08 - [MESSAGE][PASSED] - Object 'Object Repository/Page_BugsUI New Bug/span_Status' is present]]></system-out>
         <system-err><![CDATA[]]></system-err>
      </testcase>
      <testcase name="Test Cases/NewBugCreation_TestCases/ValidateNewBugPageFields" classname="Test Cases/NewBugCreation_TestCases/ValidateNewBugPageFields" status="PASSED">
         <system-out><![CDATA[2018-03-29 17:24:08 - [TEST_CASE][PASSED] - Test Cases/NewBugCreation_TestCases/ValidateNewBugPageFields: Test Cases/NewBugCreation_TestCases/ValidateNewBugPageFields

2018-03-29 17:24:08 - [TEST_STEP][PASSED] - verifyElementText: Actual text and expected text of test object 'Object Repository/ValidateNewBugPageFieldsObjects/NewBugPageLabels/span_Est.Hours' are matched.

2018-03-29 17:24:08 - [MESSAGE][PASSED] - Actual text and expected text of test object 'Object Repository/ValidateNewBugPageFieldsObjects/NewBugPageLabels/span_Est.Hours' are matched.

2018-03-29 17:24:08 - [TEST_STEP][PASSED] - verifyElementPresent: Object 'Object Repository/ValidateNewBugPageFieldsObjects/NewBugPageFields/input_EstimatedHrs' is present

2018-03-29 17:24:08 - [MESSAGE][WARNING] - Timeout '0' is invalid. Using default page load timeout: '30'

2018-03-29 17:24:08 - [MESSAGE][PASSED] - Object 'Object Repository/ValidateNewBugPageFieldsObjects/NewBugPageFields/input_EstimatedHrs' is present

2018-03-29 17:24:08 - [TEST_STEP][PASSED] - verifyElementText: Actual text and expected text of test object 'Object Repository/ValidateNewBugPageFieldsObjects/NewBugPageLabels/span_Cc' are matched.

2018-03-29 17:24:08 - [MESSAGE][PASSED] - Actual text and expected text of test object 'Object Repository/ValidateNewBugPageFieldsObjects/NewBugPageLabels/span_Cc' are matched.

2018-03-29 17:24:08 - [TEST_STEP][PASSED] - verifyElementPresent: Object 'Object Repository/ValidateNewBugPageFieldsObjects/NewBugPageFields/input_CC' is present

2018-03-29 17:24:08 - [MESSAGE][WARNING] - Timeout '0' is invalid. Using default page load timeout: '30'

2018-03-29 17:24:08 - [MESSAGE][PASSED] - Object 'Object Repository/ValidateNewBugPageFieldsObjects/NewBugPageFields/input_CC' is present

2018-03-29 17:24:08 - [TEST_STEP][PASSED] - verifyElementText: Actual text and expected text of test object 'Object Repository/ValidateNewBugPageFieldsObjects/NewBugPageLabels/span_Assign To' are matched.

2018-03-29 17:24:08 - [MESSAGE][PASSED] - Actual text and expected text of test object 'Object Repository/ValidateNewBugPageFieldsObjects/NewBugPageLabels/span_Assign To' are matched.

2018-03-29 17:24:08 - [TEST_STEP][PASSED] - verifyElementPresent: Object 'Object Repository/ValidateNewBugPageFieldsObjects/NewBugPageFields/input_AssignTo' is present

2018-03-29 17:24:08 - [MESSAGE][WARNING] - Timeout '0' is invalid. Using default page load timeout: '30'

2018-03-29 17:24:08 - [MESSAGE][PASSED] - Object 'Object Repository/ValidateNewBugPageFieldsObjects/NewBugPageFields/input_AssignTo' is present

2018-03-29 17:24:08 - [TEST_STEP][PASSED] - verifyElementText: Actual text and expected text of test object 'Object Repository/ValidateNewBugPageFieldsObjects/NewBugPageLabels/span_Reporter' are matched.

2018-03-29 17:24:08 - [MESSAGE][PASSED] - Actual text and expected text of test object 'Object Repository/ValidateNewBugPageFieldsObjects/NewBugPageLabels/span_Reporter' are matched.

2018-03-29 17:24:08 - [TEST_STEP][PASSED] - verifyElementPresent: Object 'Object Repository/ValidateNewBugPageFieldsObjects/NewBugPageFields/input_Reporter' is present

2018-03-29 17:24:08 - [MESSAGE][WARNING] - Timeout '0' is invalid. Using default page load timeout: '30'

2018-03-29 17:24:08 - [MESSAGE][PASSED] - Object 'Object Repository/ValidateNewBugPageFieldsObjects/NewBugPageFields/input_Reporter' is present

2018-03-29 17:24:08 - [TEST_STEP][PASSED] - verifyElementText: Actual text and expected text of test object 'Object Repository/ValidateNewBugPageFieldsObjects/NewBugPageLabels/span_Priority' are matched.

2018-03-29 17:24:08 - [MESSAGE][PASSED] - Actual text and expected text of test object 'Object Repository/ValidateNewBugPageFieldsObjects/NewBugPageLabels/span_Priority' are matched.

2018-03-29 17:24:08 - [TEST_STEP][PASSED] - verifyElementPresent: Object 'Object Repository/ValidateNewBugPageFieldsObjects/NewBugPageFields/select-Priority' is present

2018-03-29 17:24:08 - [MESSAGE][WARNING] - Timeout '0' is invalid. Using default page load timeout: '30'

2018-03-29 17:24:08 - [MESSAGE][PASSED] - Object 'Object Repository/ValidateNewBugPageFieldsObjects/NewBugPageFields/select-Priority' is present

2018-03-29 17:24:08 - [TEST_STEP][PASSED] - verifyElementText: Actual text and expected text of test object 'Object Repository/ValidateNewBugPageFieldsObjects/NewBugPageLabels/span_Platform' are matched.

2018-03-29 17:24:09 - [MESSAGE][PASSED] - Actual text and expected text of test object 'Object Repository/ValidateNewBugPageFieldsObjects/NewBugPageLabels/span_Platform' are matched.

2018-03-29 17:24:09 - [TEST_STEP][PASSED] - verifyElementPresent: Object 'Object Repository/ValidateNewBugPageFieldsObjects/NewBugPageFields/select_platform' is present

2018-03-29 17:24:09 - [MESSAGE][WARNING] - Timeout '0' is invalid. Using default page load timeout: '30'

2018-03-29 17:24:09 - [MESSAGE][PASSED] - Object 'Object Repository/ValidateNewBugPageFieldsObjects/NewBugPageFields/select_platform' is present

2018-03-29 17:24:09 - [TEST_STEP][PASSED] - verifyElementText: Actual text and expected text of test object 'Object Repository/ValidateNewBugPageFieldsObjects/NewBugPageLabels/span_Build' are matched.

2018-03-29 17:24:09 - [MESSAGE][PASSED] - Actual text and expected text of test object 'Object Repository/ValidateNewBugPageFieldsObjects/NewBugPageLabels/span_Build' are matched.

2018-03-29 17:24:09 - [TEST_STEP][PASSED] - verifyElementPresent: Object 'Object Repository/ValidateNewBugPageFieldsObjects/NewBugPageFields/input_Build' is present

2018-03-29 17:24:09 - [MESSAGE][WARNING] - Timeout '0' is invalid. Using default page load timeout: '30'

2018-03-29 17:24:09 - [MESSAGE][PASSED] - Object 'Object Repository/ValidateNewBugPageFieldsObjects/NewBugPageFields/input_Build' is present

2018-03-29 17:24:09 - [TEST_STEP][PASSED] - verifyElementText: Actual text and expected text of test object 'Object Repository/ValidateNewBugPageFieldsObjects/NewBugPageLabels/span_Severity' are matched.

2018-03-29 17:24:09 - [MESSAGE][PASSED] - Actual text and expected text of test object 'Object Repository/ValidateNewBugPageFieldsObjects/NewBugPageLabels/span_Severity' are matched.

2018-03-29 17:24:09 - [TEST_STEP][PASSED] - verifyElementPresent: Object 'Object Repository/ValidateNewBugPageFieldsObjects/NewBugPageFields/select_Severity' is present

2018-03-29 17:24:09 - [MESSAGE][WARNING] - Timeout '0' is invalid. Using default page load timeout: '30'

2018-03-29 17:24:09 - [MESSAGE][PASSED] - Object 'Object Repository/ValidateNewBugPageFieldsObjects/NewBugPageFields/select_Severity' is present

2018-03-29 17:24:09 - [TEST_STEP][PASSED] - verifyElementText: Actual text and expected text of test object 'Object Repository/ValidateNewBugPageFieldsObjects/NewBugPageLabels/span_Version' are matched.

2018-03-29 17:24:09 - [MESSAGE][PASSED] - Actual text and expected text of test object 'Object Repository/ValidateNewBugPageFieldsObjects/NewBugPageLabels/span_Version' are matched.

2018-03-29 17:24:09 - [TEST_STEP][PASSED] - verifyElementPresent: Object 'Object Repository/ValidateNewBugPageFieldsObjects/NewBugPageFields/select_Version' is present

2018-03-29 17:24:09 - [MESSAGE][WARNING] - Timeout '0' is invalid. Using default page load timeout: '30'

2018-03-29 17:24:09 - [MESSAGE][PASSED] - Object 'Object Repository/ValidateNewBugPageFieldsObjects/NewBugPageFields/select_Version' is present

2018-03-29 17:24:09 - [TEST_STEP][PASSED] - verifyElementText: Actual text and expected text of test object 'Object Repository/ValidateNewBugPageFieldsObjects/NewBugPageLabels/span_Component' are matched.

2018-03-29 17:24:10 - [MESSAGE][PASSED] - Actual text and expected text of test object 'Object Repository/ValidateNewBugPageFieldsObjects/NewBugPageLabels/span_Component' are matched.

2018-03-29 17:24:10 - [TEST_STEP][PASSED] - verifyElementPresent: Object 'Object Repository/ValidateNewBugPageFieldsObjects/NewBugPageFields/select-Component' is present

2018-03-29 17:24:10 - [MESSAGE][WARNING] - Timeout '0' is invalid. Using default page load timeout: '30'

2018-03-29 17:24:10 - [MESSAGE][PASSED] - Object 'Object Repository/ValidateNewBugPageFieldsObjects/NewBugPageFields/select-Component' is present

2018-03-29 17:24:10 - [TEST_STEP][PASSED] - verifyElementText: Actual text and expected text of test object 'Object Repository/ValidateNewBugPageFieldsObjects/NewBugPageLabels/span_Status' are matched.

2018-03-29 17:24:10 - [MESSAGE][PASSED] - Actual text and expected text of test object 'Object Repository/ValidateNewBugPageFieldsObjects/NewBugPageLabels/span_Status' are matched.

2018-03-29 17:24:10 - [TEST_STEP][PASSED] - verifyElementText: Actual text and expected text of test object 'Object Repository/ValidateNewBugPageFieldsObjects/NewBugPageFields/Mandatory-Mark' are matched.

2018-03-29 17:24:10 - [MESSAGE][PASSED] - Actual text and expected text of test object 'Object Repository/ValidateNewBugPageFieldsObjects/NewBugPageFields/Mandatory-Mark' are matched.

2018-03-29 17:24:10 - [TEST_STEP][PASSED] - verifyElementText: Actual text and expected text of test object 'Object Repository/ValidateNewBugPageFieldsObjects/NewBugPageLabels/span_Summary' are matched.

2018-03-29 17:24:10 - [MESSAGE][PASSED] - Actual text and expected text of test object 'Object Repository/ValidateNewBugPageFieldsObjects/NewBugPageLabels/span_Summary' are matched.

2018-03-29 17:24:10 - [TEST_STEP][PASSED] - verifyElementPresent: Object 'Object Repository/ValidateNewBugPageFieldsObjects/NewBugPageFields/input_Summary' is present

2018-03-29 17:24:10 - [MESSAGE][WARNING] - Timeout '0' is invalid. Using default page load timeout: '30'

2018-03-29 17:24:10 - [MESSAGE][PASSED] - Object 'Object Repository/ValidateNewBugPageFieldsObjects/NewBugPageFields/input_Summary' is present

2018-03-29 17:24:10 - [TEST_STEP][PASSED] - verifyElementText: Actual text and expected text of test object 'Object Repository/ValidateNewBugPageFieldsObjects/NewBugPageLabels/span_Description' are matched.

2018-03-29 17:24:10 - [MESSAGE][PASSED] - Actual text and expected text of test object 'Object Repository/ValidateNewBugPageFieldsObjects/NewBugPageLabels/span_Description' are matched.

2018-03-29 17:24:10 - [TEST_STEP][PASSED] - verifyElementPresent: Object 'Object Repository/ValidateNewBugPageFieldsObjects/NewBugPageFields/input_EstimatedHrs' is present

2018-03-29 17:24:10 - [MESSAGE][WARNING] - Timeout '0' is invalid. Using default page load timeout: '30'

2018-03-29 17:24:10 - [MESSAGE][PASSED] - Object 'Object Repository/ValidateNewBugPageFieldsObjects/NewBugPageFields/input_EstimatedHrs' is present

2018-03-29 17:24:10 - [TEST_STEP][PASSED] - verifyElementText: Actual text and expected text of test object 'Object Repository/ValidateNewBugPageFieldsObjects/NewBugPageLabels/span_Depends on' are matched.

2018-03-29 17:24:10 - [MESSAGE][PASSED] - Actual text and expected text of test object 'Object Repository/ValidateNewBugPageFieldsObjects/NewBugPageLabels/span_Depends on' are matched.

2018-03-29 17:24:10 - [TEST_STEP][PASSED] - verifyElementPresent: Object 'Object Repository/ValidateNewBugPageFieldsObjects/NewBugPageFields/input_EstimatedHrs' is present

2018-03-29 17:24:10 - [MESSAGE][WARNING] - Timeout '0' is invalid. Using default page load timeout: '30'

2018-03-29 17:24:10 - [MESSAGE][PASSED] - Object 'Object Repository/ValidateNewBugPageFieldsObjects/NewBugPageFields/input_EstimatedHrs' is present

2018-03-29 17:24:10 - [TEST_STEP][PASSED] - verifyElementText: Actual text and expected text of test object 'Object Repository/ValidateNewBugPageFieldsObjects/NewBugPageLabels/span_Blocks' are matched.

2018-03-29 17:24:10 - [MESSAGE][PASSED] - Actual text and expected text of test object 'Object Repository/ValidateNewBugPageFieldsObjects/NewBugPageLabels/span_Blocks' are matched.

2018-03-29 17:24:10 - [TEST_STEP][PASSED] - verifyElementPresent: Object 'Object Repository/ValidateNewBugPageFieldsObjects/NewBugPageFields/input_EstimatedHrs' is present

2018-03-29 17:24:10 - [MESSAGE][WARNING] - Timeout '0' is invalid. Using default page load timeout: '30'

2018-03-29 17:24:10 - [MESSAGE][PASSED] - Object 'Object Repository/ValidateNewBugPageFieldsObjects/NewBugPageFields/input_EstimatedHrs' is present

2018-03-29 17:24:10 - [TEST_STEP][PASSED] - verifyElementPresent: Object 'Object Repository/ValidateNewBugPageFieldsObjects/NewBugPageFields/button_Commit' is present

2018-03-29 17:24:10 - [MESSAGE][WARNING] - Timeout '0' is invalid. Using default page load timeout: '30'

2018-03-29 17:24:10 - [MESSAGE][PASSED] - Object 'Object Repository/ValidateNewBugPageFieldsObjects/NewBugPageFields/button_Commit' is present]]></system-out>
         <system-err><![CDATA[]]></system-err>
      </testcase>
      <testcase name="Test Cases/NewBugCreation_TestCases/VerifyValidBug_Present_In_Depends_and_Blocks_field" classname="Test Cases/NewBugCreation_TestCases/VerifyValidBug_Present_In_Depends_and_Blocks_field" status="PASSED">
         <system-out><![CDATA[2018-03-29 17:24:10 - [TEST_CASE][PASSED] - Test Cases/NewBugCreation_TestCases/VerifyValidBug_Present_In_Depends_and_Blocks_field: Test Cases/NewBugCreation_TestCases/VerifyValidBug_Present_In_Depends_and_Blocks_field

2018-03-29 17:24:10 - [TEST_STEP][PASSED] - setText: Text 'Testing for Automation' is set on object 'Object Repository/ValidateNewBugPageFieldsObjects/NewBugPageFields/input_Summary'

2018-03-29 17:24:11 - [MESSAGE][PASSED] - Text 'Testing for Automation' is set on object 'Object Repository/ValidateNewBugPageFieldsObjects/NewBugPageFields/input_Summary'

2018-03-29 17:24:11 - [TEST_STEP][PASSED] - setText: Text '1010101010110' is set on object 'Object Repository/ValidateNewBugPageFieldsObjects/NewBugPageFields/input_dependsOn'

2018-03-29 17:24:11 - [MESSAGE][PASSED] - Text '1010101010110' is set on object 'Object Repository/ValidateNewBugPageFieldsObjects/NewBugPageFields/input_dependsOn'

2018-03-29 17:24:11 - [TEST_STEP][PASSED] - scrollToElement: Scroll to object 'Object Repository/ValidateNewBugPageFieldsObjects/NewBugPageFields/button_Commit' successfully

2018-03-29 17:24:11 - [MESSAGE][WARNING] - Timeout '0' is invalid. Using default page load timeout: '30'

2018-03-29 17:24:11 - [MESSAGE][PASSED] - Scroll to object 'Object Repository/ValidateNewBugPageFieldsObjects/NewBugPageFields/button_Commit' successfully

2018-03-29 17:24:11 - [TEST_STEP][PASSED] - click: Object: 'Object Repository/ValidateNewBugPageFieldsObjects/NewBugPageFields/button_Commit' is clicked on

2018-03-29 17:24:11 - [MESSAGE][PASSED] - Object: 'Object Repository/ValidateNewBugPageFieldsObjects/NewBugPageFields/button_Commit' is clicked on

2018-03-29 17:24:11 - [TEST_STEP][PASSED] - Statement - altertPresent = com.kms.katalon.core.webui.keyword.WebUiBuiltInKeywords.verifyAlertPresent(2): Alert is present after 2 second(s).

2018-03-29 17:24:12 - [MESSAGE][PASSED] - Alert is present after 2 second(s).

2018-03-29 17:24:12 - [TEST_STEP][PASSED] - Statement - alertText = <not implemented yet for class: org.codehaus.groovy.ast.expr.EmptyExpression>: null

2018-03-29 17:24:12 - [TEST_STEP][PASSED] - Statement - If (altertPresent): Alert accepted

2018-03-29 17:24:12 - [TEST_STEP][PASSED] - Statement - alertText = com.kms.katalon.core.webui.keyword.WebUiBuiltInKeywords.getAlertText(): Get alert text successfully: 'Following Bug Id(s)/Alias entered under 'Depends on' do not exist:
1010101010110'

2018-03-29 17:24:12 - [MESSAGE][PASSED] - Get alert text successfully: 'Following Bug Id(s)/Alias entered under 'Depends on' do not exist:
1010101010110'

2018-03-29 17:24:12 - [TEST_STEP][PASSED] - Statement - println("alertText for wrong depends on is:-" + alertText): null

2018-03-29 17:24:12 - [TEST_STEP][PASSED] - acceptAlert: Alert accepted

2018-03-29 17:24:12 - [MESSAGE][PASSED] - Alert accepted

2018-03-29 17:24:12 - [TEST_STEP][PASSED] - Statement - If (alertText.contains("Following Bug Id(s)/Alias entered under 'Depends on' do not exist:") && alertText.contains("1010101010110")): null

2018-03-29 17:24:12 - [TEST_STEP][PASSED] - Statement - assert true: null

2018-03-29 17:24:12 - [TEST_STEP][PASSED] - newKey.ClearFields.ClearTextField: newKey.ClearFields.ClearTextField is PASSED

2018-03-29 17:24:12 - [MESSAGE][PASSED] - Keys 'CONTROL + a' sent to object: 'Object Repository/ValidateNewBugPageFieldsObjects/NewBugPageFields/input_dependsOn'

2018-03-29 17:24:12 - [MESSAGE][PASSED] - Keys 'DELETE + ' sent to object: 'Object Repository/ValidateNewBugPageFieldsObjects/NewBugPageFields/input_dependsOn'

2018-03-29 17:24:12 - [MESSAGE][PASSED] - newKey.ClearFields.ClearTextField is PASSED

2018-03-29 17:24:12 - [TEST_STEP][PASSED] - setText: Text '1111111111' is set on object 'Object Repository/ValidateNewBugPageFieldsObjects/NewBugPageFields/input_blocks'

2018-03-29 17:24:12 - [MESSAGE][PASSED] - Text '1111111111' is set on object 'Object Repository/ValidateNewBugPageFieldsObjects/NewBugPageFields/input_blocks'

2018-03-29 17:24:12 - [TEST_STEP][PASSED] - click: Object: 'Object Repository/ValidateNewBugPageFieldsObjects/NewBugPageFields/button_Commit' is clicked on

2018-03-29 17:24:12 - [MESSAGE][PASSED] - Object: 'Object Repository/ValidateNewBugPageFieldsObjects/NewBugPageFields/button_Commit' is clicked on

2018-03-29 17:24:12 - [TEST_STEP][PASSED] - Statement - altertPresent = com.kms.katalon.core.webui.keyword.WebUiBuiltInKeywords.verifyAlertPresent(2): Alert is present after 2 second(s).

2018-03-29 17:24:13 - [MESSAGE][PASSED] - Alert is present after 2 second(s).

2018-03-29 17:24:13 - [TEST_STEP][PASSED] - Statement - alertText_blocks = <not implemented yet for class: org.codehaus.groovy.ast.expr.EmptyExpression>: null

2018-03-29 17:24:13 - [TEST_STEP][PASSED] - Statement - If (altertPresent): Alert accepted

2018-03-29 17:24:13 - [TEST_STEP][PASSED] - Statement - alertText_blocks = com.kms.katalon.core.webui.keyword.WebUiBuiltInKeywords.getAlertText(): Get alert text successfully: 'Following Bug Id(s)/Alias entered under 'Blocks' do not exist:
1111111111'

2018-03-29 17:24:13 - [MESSAGE][PASSED] - Get alert text successfully: 'Following Bug Id(s)/Alias entered under 'Blocks' do not exist:
1111111111'

2018-03-29 17:24:13 - [TEST_STEP][PASSED] - Statement - println("alertText for wrong Blocks on is:-" + alertText_blocks): null

2018-03-29 17:24:13 - [TEST_STEP][PASSED] - acceptAlert: Alert accepted

2018-03-29 17:24:13 - [MESSAGE][PASSED] - Alert accepted

2018-03-29 17:24:13 - [TEST_STEP][PASSED] - Statement - If (alertText_blocks.contains("Following Bug Id(s)/Alias entered under 'Blocks' do not exist:") && alertText_blocks.contains("1111111111")): null

2018-03-29 17:24:13 - [TEST_STEP][PASSED] - Statement - assert true: null

2018-03-29 17:24:13 - [TEST_STEP][PASSED] - newKey.ClearFields.ClearTextField: newKey.ClearFields.ClearTextField is PASSED

2018-03-29 17:24:13 - [MESSAGE][PASSED] - Keys 'CONTROL + a' sent to object: 'Object Repository/ValidateNewBugPageFieldsObjects/NewBugPageFields/input_blocks'

2018-03-29 17:24:13 - [MESSAGE][PASSED] - Keys 'DELETE + ' sent to object: 'Object Repository/ValidateNewBugPageFieldsObjects/NewBugPageFields/input_blocks'

2018-03-29 17:24:13 - [MESSAGE][PASSED] - newKey.ClearFields.ClearTextField is PASSED

2018-03-29 17:24:13 - [TEST_STEP][PASSED] - setText: Text '247777' is set on object 'Object Repository/ValidateNewBugPageFieldsObjects/NewBugPageFields/input_dependsOn'

2018-03-29 17:24:13 - [MESSAGE][PASSED] - Text '247777' is set on object 'Object Repository/ValidateNewBugPageFieldsObjects/NewBugPageFields/input_dependsOn'

2018-03-29 17:24:13 - [TEST_STEP][PASSED] - setText: Text '247777' is set on object 'Object Repository/ValidateNewBugPageFieldsObjects/NewBugPageFields/input_blocks'

2018-03-29 17:24:13 - [MESSAGE][PASSED] - Text '247777' is set on object 'Object Repository/ValidateNewBugPageFieldsObjects/NewBugPageFields/input_blocks'

2018-03-29 17:24:13 - [TEST_STEP][PASSED] - click: Object: 'Object Repository/ValidateNewBugPageFieldsObjects/NewBugPageFields/button_Commit' is clicked on

2018-03-29 17:24:13 - [MESSAGE][PASSED] - Object: 'Object Repository/ValidateNewBugPageFieldsObjects/NewBugPageFields/button_Commit' is clicked on

2018-03-29 17:24:13 - [TEST_STEP][PASSED] - Statement - altertPresent = com.kms.katalon.core.webui.keyword.WebUiBuiltInKeywords.verifyAlertPresent(2): Alert is present after 2 second(s).

2018-03-29 17:24:14 - [MESSAGE][PASSED] - Alert is present after 2 second(s).

2018-03-29 17:24:14 - [TEST_STEP][PASSED] - Statement - alertText_circularDependency = <not implemented yet for class: org.codehaus.groovy.ast.expr.EmptyExpression>: null

2018-03-29 17:24:14 - [TEST_STEP][PASSED] - Statement - If (altertPresent): Alert accepted

2018-03-29 17:24:14 - [TEST_STEP][PASSED] - Statement - alertText_circularDependency = com.kms.katalon.core.webui.keyword.WebUiBuiltInKeywords.getAlertText(): Get alert text successfully: 'The following bug(s) would appear on both the 'depends on' and 'blocks' parts of the dependency tree if these changes are committed: 
247777 (auto). This would create a circular dependency, which is not allowed.'

2018-03-29 17:24:14 - [MESSAGE][PASSED] - Get alert text successfully: 'The following bug(s) would appear on both the 'depends on' and 'blocks' parts of the dependency tree if these changes are committed: 
247777 (auto). This would create a circular dependency, which is not allowed.'

2018-03-29 17:24:14 - [TEST_STEP][PASSED] - Statement - println("alertText for wrong Blocks on is:-" + alertText_circularDependency): null

2018-03-29 17:24:14 - [TEST_STEP][PASSED] - acceptAlert: Alert accepted

2018-03-29 17:24:14 - [MESSAGE][PASSED] - Alert accepted

2018-03-29 17:24:14 - [TEST_STEP][PASSED] - Statement - If (alertText_circularDependency.contains("This would create a circular dependency, which is not allowed.") && alertText_circularDependency.contains("247777")): null

2018-03-29 17:24:14 - [TEST_STEP][PASSED] - Statement - assert true: null

2018-03-29 17:24:14 - [TEST_STEP][PASSED] - newKey.ClearFields.ClearTextField: newKey.ClearFields.ClearTextField is PASSED

2018-03-29 17:24:15 - [MESSAGE][PASSED] - Keys 'CONTROL + a' sent to object: 'Object Repository/ValidateNewBugPageFieldsObjects/NewBugPageFields/input_blocks'

2018-03-29 17:24:15 - [MESSAGE][PASSED] - Keys 'DELETE + ' sent to object: 'Object Repository/ValidateNewBugPageFieldsObjects/NewBugPageFields/input_blocks'

2018-03-29 17:24:15 - [MESSAGE][PASSED] - newKey.ClearFields.ClearTextField is PASSED

2018-03-29 17:24:15 - [TEST_STEP][PASSED] - setText: Text '193666' is set on object 'Object Repository/ValidateNewBugPageFieldsObjects/NewBugPageFields/input_blocks'

2018-03-29 17:24:15 - [MESSAGE][PASSED] - Text '193666' is set on object 'Object Repository/ValidateNewBugPageFieldsObjects/NewBugPageFields/input_blocks']]></system-out>
         <system-err><![CDATA[]]></system-err>
      </testcase>
      <testcase name="Test Cases/NewBugCreation_TestCases/NewBugCreation" classname="Test Cases/NewBugCreation_TestCases/NewBugCreation" status="PASSED">
         <system-out><![CDATA[2018-03-29 17:24:15 - [TEST_CASE][PASSED] - Test Cases/NewBugCreation_TestCases/NewBugCreation: Test Cases/NewBugCreation_TestCases/NewBugCreation

2018-03-29 17:24:15 - [TEST_STEP][PASSED] - setText: Text 'Description for Test automation' is set on object 'Object Repository/ValidateNewBugPageFieldsObjects/NewBugPageFields/input_Description'

2018-03-29 17:24:15 - [MESSAGE][PASSED] - Text 'Description for Test automation' is set on object 'Object Repository/ValidateNewBugPageFieldsObjects/NewBugPageFields/input_Description'

2018-03-29 17:24:15 - [TEST_STEP][PASSED] - scrollToElement: Scroll to object 'Object Repository/ValidateNewBugPageFieldsObjects/NewBugPageFields/button_Commit' successfully

2018-03-29 17:24:15 - [MESSAGE][WARNING] - Timeout '0' is invalid. Using default page load timeout: '30'

2018-03-29 17:24:15 - [MESSAGE][PASSED] - Scroll to object 'Object Repository/ValidateNewBugPageFieldsObjects/NewBugPageFields/button_Commit' successfully

2018-03-29 17:24:15 - [TEST_STEP][PASSED] - click: Object: 'Object Repository/ValidateNewBugPageFieldsObjects/NewBugPageFields/button_Commit' is clicked on

2018-03-29 17:24:15 - [MESSAGE][PASSED] - Object: 'Object Repository/ValidateNewBugPageFieldsObjects/NewBugPageFields/button_Commit' is clicked on

2018-03-29 17:24:15 - [TEST_STEP][PASSED] - Statement - altertPresent = com.kms.katalon.core.webui.keyword.WebUiBuiltInKeywords.verifyAlertPresent(2): Alert is present after 2 second(s).

2018-03-29 17:24:16 - [MESSAGE][PASSED] - Alert is present after 2 second(s).

2018-03-29 17:24:16 - [TEST_STEP][PASSED] - Statement - alertText = <not implemented yet for class: org.codehaus.groovy.ast.expr.EmptyExpression>: null

2018-03-29 17:24:16 - [TEST_STEP][PASSED] - Statement - If (altertPresent): Alert accepted

2018-03-29 17:24:16 - [TEST_STEP][PASSED] - Statement - alertText = com.kms.katalon.core.webui.keyword.WebUiBuiltInKeywords.getAlertText(): Get alert text successfully: 'Sucessfully Created New Bugno.#254695'

2018-03-29 17:24:16 - [MESSAGE][PASSED] - Get alert text successfully: 'Sucessfully Created New Bugno.#254695'

2018-03-29 17:24:16 - [TEST_STEP][PASSED] - acceptAlert: Alert accepted

2018-03-29 17:24:16 - [MESSAGE][PASSED] - Alert accepted

2018-03-29 17:24:16 - [TEST_STEP][PASSED] - Statement - newBugNo = com.kms.katalon.core.webui.keyword.WebUiBuiltInKeywords.getText(com.kms.katalon.core.testobject.ObjectRepository.findTestObject(Page_BugsUI New Bug/BugNo)): Text of object 'Object Repository/Page_BugsUI New Bug/BugNo' is: 'Bug# 254695 :'

2018-03-29 17:24:21 - [MESSAGE][PASSED] - Text of object 'Object Repository/Page_BugsUI New Bug/BugNo' is: 'Bug# 254695 :'

2018-03-29 17:24:21 - [TEST_STEP][PASSED] - Statement - bugId = newBugNo.substring(5, 11): null

2018-03-29 17:24:21 - [TEST_STEP][PASSED] - Statement - If (alertText.contains(bugId)): null

2018-03-29 17:24:21 - [TEST_STEP][PASSED] - Statement - assert true: null

2018-03-29 17:24:21 - [TEST_STEP][PASSED] - closeBrowser: Browser is closed

2018-03-29 17:24:22 - [MESSAGE][PASSED] - Browser is closed]]></system-out>
         <system-err><![CDATA[]]></system-err>
      </testcase>
      <testcase name="Test Cases/ProductAdd_TestCases/VerifyProductAddPageLoads" classname="Test Cases/ProductAdd_TestCases/VerifyProductAddPageLoads" status="PASSED">
         <system-out><![CDATA[2018-03-29 17:24:22 - [TEST_CASE][PASSED] - Test Cases/ProductAdd_TestCases/VerifyProductAddPageLoads: Test Cases/ProductAdd_TestCases/VerifyProductAddPageLoads

2018-03-29 17:24:22 - [TEST_STEP][PASSED] - openBrowser: Browser is opened with url: ''

2018-03-29 17:24:24 - [MESSAGE][PASSED] - Browser is opened with url: ''

2018-03-29 17:24:24 - [TEST_STEP][PASSED] - navigateToUrl: Navigate to 'https://bugzilla-ui/login' successfully

2018-03-29 17:24:31 - [MESSAGE][PASSED] - Navigate to 'https://bugzilla-ui/login' successfully

2018-03-29 17:24:31 - [TEST_STEP][PASSED] - maximizeWindow: Current window maximized

2018-03-29 17:24:32 - [MESSAGE][PASSED] - Current window maximized

2018-03-29 17:24:32 - [TEST_STEP][PASSED] - setText: Text 'knagendra-ext' is set on object 'Object Repository/Page_BugsUI login/input_value_userid'

2018-03-29 17:24:33 - [MESSAGE][PASSED] - Text 'knagendra-ext' is set on object 'Object Repository/Page_BugsUI login/input_value_userid'

2018-03-29 17:24:33 - [TEST_STEP][PASSED] - setText: Text 'Tumkur@123' is set on object 'Object Repository/Page_BugsUI login/input_form-control ng-untouche'

2018-03-29 17:24:33 - [MESSAGE][PASSED] - Text 'Tumkur@123' is set on object 'Object Repository/Page_BugsUI login/input_form-control ng-untouche'

2018-03-29 17:24:33 - [TEST_STEP][PASSED] - click: Object: 'Object Repository/Page_BugsUI login/button_Login' is clicked on

2018-03-29 17:24:33 - [MESSAGE][PASSED] - Object: 'Object Repository/Page_BugsUI login/button_Login' is clicked on

2018-03-29 17:24:33 - [TEST_STEP][PASSED] - verifyElementAttributeValue: Object 'Object Repository/Page_BugsUI login/a_BugsUI' has attribute 'text' with value 'BugsUI '

2018-03-29 17:24:33 - [MESSAGE][PASSED] - Object 'Object Repository/Page_BugsUI login/a_BugsUI' has attribute 'text' with value 'BugsUI '

2018-03-29 17:24:33 - [TEST_STEP][PASSED] - Statement - productAddTabVisible = com.kms.katalon.core.webui.keyword.WebUiBuiltInKeywords.verifyElementVisible(com.kms.katalon.core.testobject.ObjectRepository.findTestObject(Page_BugsUI Dashboard/a_Product)): Object 'Object Repository/Page_BugsUI Dashboard/a_Product' is visible

2018-03-29 17:24:33 - [MESSAGE][PASSED] - Object 'Object Repository/Page_BugsUI Dashboard/a_Product' is visible

2018-03-29 17:24:33 - [TEST_STEP][PASSED] - delay: Delayed 2 second(s)

2018-03-29 17:24:35 - [MESSAGE][PASSED] - Delayed 2 second(s)

2018-03-29 17:24:35 - [TEST_STEP][PASSED] - Statement - If (productAddTabVisible): Object: 'Object Repository/Page_BugsUI Dashboard/a_ADD' is clicked on

2018-03-29 17:24:35 - [TEST_STEP][PASSED] - click: Object: 'Object Repository/Page_BugsUI Dashboard/a_Product' is clicked on

2018-03-29 17:24:35 - [MESSAGE][PASSED] - Object: 'Object Repository/Page_BugsUI Dashboard/a_Product' is clicked on

2018-03-29 17:24:35 - [TEST_STEP][PASSED] - click: Object: 'Object Repository/Page_BugsUI Dashboard/a_ADD' is clicked on

2018-03-29 17:24:35 - [MESSAGE][PASSED] - Object: 'Object Repository/Page_BugsUI Dashboard/a_ADD' is clicked on

2018-03-29 17:24:35 - [TEST_STEP][PASSED] - delay: Delayed 2 second(s)

2018-03-29 17:24:37 - [MESSAGE][PASSED] - Delayed 2 second(s)

2018-03-29 17:24:37 - [TEST_STEP][PASSED] - verifyElementText: Actual text and expected text of test object 'Object Repository/Page_BugsUI productAdd/ProductAdd_Fields/h2_Add Product' are matched.

2018-03-29 17:24:37 - [MESSAGE][PASSED] - Actual text and expected text of test object 'Object Repository/Page_BugsUI productAdd/ProductAdd_Fields/h2_Add Product' are matched.]]></system-out>
         <system-err><![CDATA[]]></system-err>
      </testcase>
      <testcase name="Test Cases/ProductAdd_TestCases/VerifyAdditionOfSuccessfulProduct" classname="Test Cases/ProductAdd_TestCases/VerifyAdditionOfSuccessfulProduct" status="PASSED">
         <system-out><![CDATA[2018-03-29 17:24:37 - [TEST_CASE][PASSED] - Test Cases/ProductAdd_TestCases/VerifyAdditionOfSuccessfulProduct: Test Cases/ProductAdd_TestCases/VerifyAdditionOfSuccessfulProduct

2018-03-29 17:24:38 - [TEST_STEP][PASSED] - selectOptionByLabel: All options with label 'Software' are selected in object 'Object Repository/Page_BugsUI productAdd/ProductAdd_Fields/select_Classification' 

2018-03-29 17:24:38 - [MESSAGE][PASSED] - All options with label 'Software' are selected in object 'Object Repository/Page_BugsUI productAdd/ProductAdd_Fields/select_Classification' 

2018-03-29 17:24:38 - [TEST_STEP][PASSED] - setText: Text 'TestProduct_Automation' is set on object 'Object Repository/Page_BugsUI productAdd/ProductAdd_Fields/input_productName_addProduct'

2018-03-29 17:24:38 - [MESSAGE][PASSED] - Text 'TestProduct_Automation' is set on object 'Object Repository/Page_BugsUI productAdd/ProductAdd_Fields/input_productName_addProduct'

2018-03-29 17:24:38 - [TEST_STEP][PASSED] - setText: Text 'TestProduct Automation Description' is set on object 'Object Repository/Page_BugsUI productAdd/ProductAdd_Fields/textarea_productDescription_ad'

2018-03-29 17:24:38 - [MESSAGE][PASSED] - Text 'TestProduct Automation Description' is set on object 'Object Repository/Page_BugsUI productAdd/ProductAdd_Fields/textarea_productDescription_ad'

2018-03-29 17:24:38 - [TEST_STEP][PASSED] - setText: Text '1' is set on object 'Object Repository/Page_BugsUI productAdd/ProductAdd_Fields/input_version_addProduct'

2018-03-29 17:24:38 - [MESSAGE][PASSED] - Text '1' is set on object 'Object Repository/Page_BugsUI productAdd/ProductAdd_Fields/input_version_addProduct'

2018-03-29 17:24:38 - [TEST_STEP][PASSED] - setText: Text 'Test_Component_Automation' is set on object 'Object Repository/Page_BugsUI productAdd/ProductAdd_Fields/input_component_addProduct'

2018-03-29 17:24:39 - [MESSAGE][PASSED] - Text 'Test_Component_Automation' is set on object 'Object Repository/Page_BugsUI productAdd/ProductAdd_Fields/input_component_addProduct'

2018-03-29 17:24:39 - [TEST_STEP][PASSED] - setText: Text 'TestComponent Description' is set on object 'Object Repository/Page_BugsUI productAdd/ProductAdd_Fields/textarea_componentDescription_'

2018-03-29 17:24:39 - [MESSAGE][PASSED] - Text 'TestComponent Description' is set on object 'Object Repository/Page_BugsUI productAdd/ProductAdd_Fields/textarea_componentDescription_'

2018-03-29 17:24:39 - [TEST_STEP][PASSED] - setText: Text 'kumar' is set on object 'Object Repository/Page_BugsUI productAdd/ProductAdd_Fields/input_AssignTO_addProduct'

2018-03-29 17:24:39 - [MESSAGE][PASSED] - Text 'kumar' is set on object 'Object Repository/Page_BugsUI productAdd/ProductAdd_Fields/input_AssignTO_addProduct'

2018-03-29 17:24:39 - [TEST_STEP][PASSED] - scrollToElement: Scroll to object 'Object Repository/Page_BugsUI productAdd/ProductAdd_Fields/button_ADD' successfully

2018-03-29 17:24:39 - [MESSAGE][WARNING] - Timeout '0' is invalid. Using default page load timeout: '30'

2018-03-29 17:24:39 - [MESSAGE][PASSED] - Scroll to object 'Object Repository/Page_BugsUI productAdd/ProductAdd_Fields/button_ADD' successfully

2018-03-29 17:24:39 - [TEST_STEP][PASSED] - click: Object: 'Object Repository/Page_BugsUI productAdd/ProductAdd_Fields/button_ADD' is clicked on

2018-03-29 17:24:39 - [MESSAGE][PASSED] - Object: 'Object Repository/Page_BugsUI productAdd/ProductAdd_Fields/button_ADD' is clicked on

2018-03-29 17:24:39 - [TEST_STEP][PASSED] - Statement - If (com.kms.katalon.core.webui.keyword.WebUiBuiltInKeywords.verifyElementPresent(com.kms.katalon.core.testobject.ObjectRepository.findTestObject(Page_BugsUI productAdd/Error_Messages/small_Invalid Email Id), 0)): Actual text 'Invalid Email Id !!' and expected text 'Invalid Email Id !!' are matched 

2018-03-29 17:24:39 - [MESSAGE][WARNING] - Timeout '0' is invalid. Using default page load timeout: '30'

2018-03-29 17:24:39 - [MESSAGE][PASSED] - Object 'Object Repository/Page_BugsUI productAdd/Error_Messages/small_Invalid Email Id' is present

2018-03-29 17:24:39 - [TEST_STEP][PASSED] - Statement - invalidEmailId = com.kms.katalon.core.webui.keyword.WebUiBuiltInKeywords.getText(com.kms.katalon.core.testobject.ObjectRepository.findTestObject(Page_BugsUI productAdd/Error_Messages/small_Invalid Email Id)): Text of object 'Object Repository/Page_BugsUI productAdd/Error_Messages/small_Invalid Email Id' is: 'Invalid Email Id !!'

2018-03-29 17:24:39 - [MESSAGE][PASSED] - Text of object 'Object Repository/Page_BugsUI productAdd/Error_Messages/small_Invalid Email Id' is: 'Invalid Email Id !!'

2018-03-29 17:24:39 - [TEST_STEP][PASSED] - verifyMatch: Actual text 'Invalid Email Id !!' and expected text 'Invalid Email Id !!' are matched 

2018-03-29 17:24:39 - [MESSAGE][PASSED] - Actual text 'Invalid Email Id !!' and expected text 'Invalid Email Id !!' are matched 

2018-03-29 17:24:39 - [TEST_STEP][PASSED] - delay: Delayed 3 second(s)

2018-03-29 17:24:42 - [MESSAGE][PASSED] - Delayed 3 second(s)

2018-03-29 17:24:42 - [TEST_STEP][PASSED] - Statement - com.kms.katalon.core.webui.common.WebUiCommonHelper.findWebElement(com.kms.katalon.core.testobject.ObjectRepository.findTestObject(Page_BugsUI productAdd/ProductAdd_Fields/input_AssignTO_addProduct), 2).clear(): Found 1 web elements with id: 'Object Repository/Page_BugsUI productAdd/ProductAdd_Fields/input_AssignTO_addProduct' located by 'By.xpath: //input[@type = 'text' and @name = 'AssignTO_addProduct']' in '2' second(s)

2018-03-29 17:24:43 - [TEST_STEP][PASSED] - setText: Text 'kumar@happiestminds.com' is set on object 'Object Repository/Page_BugsUI productAdd/ProductAdd_Fields/input_AssignTO_addProduct'

2018-03-29 17:24:43 - [MESSAGE][PASSED] - Text 'kumar@happiestminds.com' is set on object 'Object Repository/Page_BugsUI productAdd/ProductAdd_Fields/input_AssignTO_addProduct'

2018-03-29 17:24:43 - [TEST_STEP][PASSED] - click: Object: 'Object Repository/Page_BugsUI productAdd/ProductAdd_Fields/button_ADD' is clicked on

2018-03-29 17:24:43 - [MESSAGE][PASSED] - Object: 'Object Repository/Page_BugsUI productAdd/ProductAdd_Fields/button_ADD' is clicked on

2018-03-29 17:24:43 - [TEST_STEP][PASSED] - delay: Delayed 3 second(s)

2018-03-29 17:24:46 - [MESSAGE][PASSED] - Delayed 3 second(s)

2018-03-29 17:24:46 - [TEST_STEP][PASSED] - Statement - If (com.kms.katalon.core.webui.keyword.WebUiBuiltInKeywords.verifyElementPresent(com.kms.katalon.core.testobject.ObjectRepository.findTestObject(Page_BugsUI productAdd/Error_Messages/small_Email Id does not exist), 0)): Actual text 'Email Id does not exist !!' and expected text 'Email Id does not exist !!' are matched 

2018-03-29 17:24:46 - [MESSAGE][WARNING] - Timeout '0' is invalid. Using default page load timeout: '30'

2018-03-29 17:24:46 - [MESSAGE][PASSED] - Object 'Object Repository/Page_BugsUI productAdd/Error_Messages/small_Email Id does not exist' is present

2018-03-29 17:24:46 - [TEST_STEP][PASSED] - Statement - emailDoesNotExist = com.kms.katalon.core.webui.keyword.WebUiBuiltInKeywords.getText(com.kms.katalon.core.testobject.ObjectRepository.findTestObject(Page_BugsUI productAdd/Error_Messages/small_Email Id does not exist)): Text of object 'Object Repository/Page_BugsUI productAdd/Error_Messages/small_Email Id does not exist' is: 'Email Id does not exist !!'

2018-03-29 17:24:46 - [MESSAGE][PASSED] - Text of object 'Object Repository/Page_BugsUI productAdd/Error_Messages/small_Email Id does not exist' is: 'Email Id does not exist !!'

2018-03-29 17:24:46 - [TEST_STEP][PASSED] - verifyMatch: Actual text 'Email Id does not exist !!' and expected text 'Email Id does not exist !!' are matched 

2018-03-29 17:24:46 - [MESSAGE][PASSED] - Actual text 'Email Id does not exist !!' and expected text 'Email Id does not exist !!' are matched 

2018-03-29 17:24:46 - [TEST_STEP][PASSED] - delay: Delayed 3 second(s)

2018-03-29 17:24:49 - [MESSAGE][PASSED] - Delayed 3 second(s)

2018-03-29 17:24:49 - [TEST_STEP][PASSED] - Statement - com.kms.katalon.core.webui.common.WebUiCommonHelper.findWebElement(com.kms.katalon.core.testobject.ObjectRepository.findTestObject(Page_BugsUI productAdd/ProductAdd_Fields/input_AssignTO_addProduct), 2).clear(): Found 1 web elements with id: 'Object Repository/Page_BugsUI productAdd/ProductAdd_Fields/input_AssignTO_addProduct' located by 'By.xpath: //input[@type = 'text' and @name = 'AssignTO_addProduct']' in '2' second(s)

2018-03-29 17:24:49 - [TEST_STEP][PASSED] - setText: Text 'kumar.nagendra@happiestminds.com' is set on object 'Object Repository/Page_BugsUI productAdd/ProductAdd_Fields/input_AssignTO_addProduct'

2018-03-29 17:24:49 - [MESSAGE][PASSED] - Text 'kumar.nagendra@happiestminds.com' is set on object 'Object Repository/Page_BugsUI productAdd/ProductAdd_Fields/input_AssignTO_addProduct'

2018-03-29 17:24:49 - [TEST_STEP][PASSED] - click: Object: 'Object Repository/Page_BugsUI productAdd/ProductAdd_Fields/button_ADD' is clicked on

2018-03-29 17:24:49 - [MESSAGE][PASSED] - Object: 'Object Repository/Page_BugsUI productAdd/ProductAdd_Fields/button_ADD' is clicked on

2018-03-29 17:24:49 - [TEST_STEP][PASSED] - delay: Delayed 1 second(s)

2018-03-29 17:24:50 - [MESSAGE][PASSED] - Delayed 1 second(s)

2018-03-29 17:24:50 - [TEST_STEP][PASSED] - Statement - successAlert = com.kms.katalon.core.webui.keyword.WebUiBuiltInKeywords.verifyElementPresent(com.kms.katalon.core.testobject.ObjectRepository.findTestObject(Page_BugsUI productAdd/ProductAdd_Fields/div_Successfully added the pro), 0): Object 'Object Repository/Page_BugsUI productAdd/ProductAdd_Fields/div_Successfully added the pro' is present

2018-03-29 17:24:50 - [MESSAGE][WARNING] - Timeout '0' is invalid. Using default page load timeout: '30'

2018-03-29 17:24:50 - [MESSAGE][PASSED] - Object 'Object Repository/Page_BugsUI productAdd/ProductAdd_Fields/div_Successfully added the pro' is present

2018-03-29 17:24:50 - [TEST_STEP][PASSED] - Statement - text = <not implemented yet for class: org.codehaus.groovy.ast.expr.EmptyExpression>: null

2018-03-29 17:24:50 - [TEST_STEP][PASSED] - Statement - If (successAlert): Text of object 'Object Repository/Page_BugsUI productAdd/ProductAdd_Fields/div_Successfully added the pro' is: 'Successfully added the product "TestProduct_Automation"!!!'

2018-03-29 17:24:50 - [TEST_STEP][PASSED] - Statement - text = com.kms.katalon.core.webui.keyword.WebUiBuiltInKeywords.getText(com.kms.katalon.core.testobject.ObjectRepository.findTestObject(Page_BugsUI productAdd/ProductAdd_Fields/div_Successfully added the pro)): Text of object 'Object Repository/Page_BugsUI productAdd/ProductAdd_Fields/div_Successfully added the pro' is: 'Successfully added the product "TestProduct_Automation"!!!'

2018-03-29 17:24:50 - [MESSAGE][PASSED] - Text of object 'Object Repository/Page_BugsUI productAdd/ProductAdd_Fields/div_Successfully added the pro' is: 'Successfully added the product "TestProduct_Automation"!!!'

2018-03-29 17:24:50 - [TEST_STEP][PASSED] - Statement - println("Success text is--------" + text): null

2018-03-29 17:24:50 - [TEST_STEP][PASSED] - verifyMatch: Actual text 'Successfully added the product "TestProduct_Automation"!!!' and expected text 'Successfully added the product "TestProduct_Automation"!!!' are matched  using regular expression

2018-03-29 17:24:50 - [MESSAGE][PASSED] - Actual text 'Successfully added the product "TestProduct_Automation"!!!' and expected text 'Successfully added the product "TestProduct_Automation"!!!' are matched  using regular expression]]></system-out>
         <system-err><![CDATA[]]></system-err>
      </testcase>
      <testcase name="Test Cases/ProductEdit_TestCases/VerifyProductEditPageLoads" classname="Test Cases/ProductEdit_TestCases/VerifyProductEditPageLoads" status="PASSED">
         <system-out><![CDATA[2018-03-29 17:24:50 - [TEST_CASE][PASSED] - Test Cases/ProductEdit_TestCases/VerifyProductEditPageLoads: Test Cases/ProductEdit_TestCases/VerifyProductEditPageLoads

2018-03-29 17:24:51 - [TEST_STEP][PASSED] - openBrowser: Browser is opened with url: ''

2018-03-29 17:24:51 - [MESSAGE][WARNING] - A browser is already opened. Closing browser and opening a new one

2018-03-29 17:24:54 - [MESSAGE][PASSED] - Browser is opened with url: ''

2018-03-29 17:24:54 - [TEST_STEP][PASSED] - maximizeWindow: Current window maximized

2018-03-29 17:24:55 - [MESSAGE][PASSED] - Current window maximized

2018-03-29 17:24:55 - [TEST_STEP][PASSED] - navigateToUrl: Navigate to 'https://bugzilla-ui' successfully

2018-03-29 17:25:01 - [MESSAGE][PASSED] - Navigate to 'https://bugzilla-ui' successfully

2018-03-29 17:25:01 - [TEST_STEP][PASSED] - setText: Text 'knagendra-ext' is set on object 'Object Repository/Page_BugsUI login/input_value_userid'

2018-03-29 17:25:02 - [MESSAGE][PASSED] - Text 'knagendra-ext' is set on object 'Object Repository/Page_BugsUI login/input_value_userid'

2018-03-29 17:25:02 - [TEST_STEP][PASSED] - setText: Text 'Tumkur@123' is set on object 'Object Repository/Page_BugsUI login/input_form-control ng-untouche'

2018-03-29 17:25:03 - [MESSAGE][PASSED] - Text 'Tumkur@123' is set on object 'Object Repository/Page_BugsUI login/input_form-control ng-untouche'

2018-03-29 17:25:03 - [TEST_STEP][PASSED] - click: Object: 'Object Repository/Page_BugsUI login/button_Login' is clicked on

2018-03-29 17:25:03 - [MESSAGE][PASSED] - Object: 'Object Repository/Page_BugsUI login/button_Login' is clicked on

2018-03-29 17:25:03 - [TEST_STEP][PASSED] - verifyElementAttributeValue: Object 'Object Repository/Page_BugsUI login/a_BugsUI' has attribute 'text' with value 'BugsUI '

2018-03-29 17:25:03 - [MESSAGE][PASSED] - Object 'Object Repository/Page_BugsUI login/a_BugsUI' has attribute 'text' with value 'BugsUI '

2018-03-29 17:25:03 - [TEST_STEP][PASSED] - Statement - productEditTabVisible = com.kms.katalon.core.webui.keyword.WebUiBuiltInKeywords.verifyElementVisible(com.kms.katalon.core.testobject.ObjectRepository.findTestObject(Page_BugsUI Dashboard/a_Product)): Object 'Object Repository/Page_BugsUI Dashboard/a_Product' is visible

2018-03-29 17:25:03 - [MESSAGE][PASSED] - Object 'Object Repository/Page_BugsUI Dashboard/a_Product' is visible

2018-03-29 17:25:03 - [TEST_STEP][PASSED] - delay: Delayed 2 second(s)

2018-03-29 17:25:05 - [MESSAGE][PASSED] - Delayed 2 second(s)

2018-03-29 17:25:05 - [TEST_STEP][PASSED] - Statement - If (productEditTabVisible): Object: 'Object Repository/Page_BugsUI Dashboard/a_EDIT' is clicked on

2018-03-29 17:25:05 - [TEST_STEP][PASSED] - click: Object: 'Object Repository/Page_BugsUI Dashboard/a_Product' is clicked on

2018-03-29 17:25:05 - [MESSAGE][PASSED] - Object: 'Object Repository/Page_BugsUI Dashboard/a_Product' is clicked on

2018-03-29 17:25:05 - [TEST_STEP][PASSED] - click: Object: 'Object Repository/Page_BugsUI Dashboard/a_EDIT' is clicked on

2018-03-29 17:25:05 - [MESSAGE][PASSED] - Object: 'Object Repository/Page_BugsUI Dashboard/a_EDIT' is clicked on

2018-03-29 17:25:05 - [TEST_STEP][PASSED] - delay: Delayed 2 second(s)

2018-03-29 17:25:07 - [MESSAGE][PASSED] - Delayed 2 second(s)

2018-03-29 17:25:07 - [TEST_STEP][PASSED] - verifyElementText: Actual text and expected text of test object 'Object Repository/Page_BugsUI productEdit/h2_Edit Product' are matched.

2018-03-29 17:25:07 - [MESSAGE][PASSED] - Actual text and expected text of test object 'Object Repository/Page_BugsUI productEdit/h2_Edit Product' are matched.

2018-03-29 17:25:07 - [TEST_STEP][PASSED] - delay: Delayed 2 second(s)

2018-03-29 17:25:09 - [MESSAGE][PASSED] - Delayed 2 second(s)]]></system-out>
         <system-err><![CDATA[]]></system-err>
      </testcase>
      <testcase name="Test Cases/ProductEdit_TestCases/VerifyProductName_Description_isEdited_and_updated" classname="Test Cases/ProductEdit_TestCases/VerifyProductName_Description_isEdited_and_updated" status="PASSED">
         <system-out><![CDATA[2018-03-29 17:25:09 - [TEST_CASE][PASSED] - Test Cases/ProductEdit_TestCases/VerifyProductName_Description_isEdited_and_updated: Test Cases/ProductEdit_TestCases/VerifyProductName_Description_isEdited_and_updated

2018-03-29 17:25:09 - [TEST_STEP][PASSED] - delay: Delayed 4 second(s)

2018-03-29 17:25:13 - [MESSAGE][PASSED] - Delayed 4 second(s)

2018-03-29 17:25:13 - [TEST_STEP][PASSED] - selectOptionByLabel: All options with label 'Software' are selected in object 'Object Repository/Page_BugsUI productEdit/classificationDropdown' 

2018-03-29 17:25:13 - [MESSAGE][PASSED] - All options with label 'Software' are selected in object 'Object Repository/Page_BugsUI productEdit/classificationDropdown' 

2018-03-29 17:25:13 - [TEST_STEP][PASSED] - delay: Delayed 25 second(s)

2018-03-29 17:25:38 - [MESSAGE][PASSED] - Delayed 25 second(s)

2018-03-29 17:25:38 - [TEST_STEP][PASSED] - selectOptionByLabel: All options with label 'TestProduct_Automation' are selected in object 'Object Repository/Page_BugsUI productEdit/packageDropdown' 

2018-03-29 17:25:39 - [MESSAGE][PASSED] - All options with label 'TestProduct_Automation' are selected in object 'Object Repository/Page_BugsUI productEdit/packageDropdown' 

2018-03-29 17:25:39 - [TEST_STEP][PASSED] - delay: Delayed 2 second(s)

2018-03-29 17:25:41 - [MESSAGE][PASSED] - Delayed 2 second(s)

2018-03-29 17:25:41 - [TEST_STEP][PASSED] - newKey.ClearFields.ClearTextField: newKey.ClearFields.ClearTextField is PASSED

2018-03-29 17:25:41 - [MESSAGE][PASSED] - Keys 'CONTROL + a' sent to object: 'Object Repository/Page_BugsUI productEdit/textarea_productDescription_ed'

2018-03-29 17:25:41 - [MESSAGE][PASSED] - Keys 'DELETE + ' sent to object: 'Object Repository/Page_BugsUI productEdit/textarea_productDescription_ed'

2018-03-29 17:25:41 - [MESSAGE][PASSED] - newKey.ClearFields.ClearTextField is PASSED

2018-03-29 17:25:41 - [TEST_STEP][PASSED] - setText: Text 'test auto desc' is set on object 'Object Repository/Page_BugsUI productEdit/textarea_productDescription_ed'

2018-03-29 17:25:41 - [MESSAGE][PASSED] - Text 'test auto desc' is set on object 'Object Repository/Page_BugsUI productEdit/textarea_productDescription_ed'

2018-03-29 17:25:41 - [TEST_STEP][PASSED] - newKey.ClearFields.ClearTextField: newKey.ClearFields.ClearTextField is PASSED

2018-03-29 17:25:41 - [MESSAGE][PASSED] - Keys 'CONTROL + a' sent to object: 'Object Repository/Page_BugsUI productEdit/input_productName_editProduct'

2018-03-29 17:25:41 - [MESSAGE][PASSED] - Keys 'DELETE + ' sent to object: 'Object Repository/Page_BugsUI productEdit/input_productName_editProduct'

2018-03-29 17:25:41 - [MESSAGE][PASSED] - newKey.ClearFields.ClearTextField is PASSED

2018-03-29 17:25:41 - [TEST_STEP][PASSED] - setText: Text 'TestProduct_Automation_1' is set on object 'Object Repository/Page_BugsUI productEdit/input_productName_editProduct'

2018-03-29 17:25:42 - [MESSAGE][PASSED] - Text 'TestProduct_Automation_1' is set on object 'Object Repository/Page_BugsUI productEdit/input_productName_editProduct'

2018-03-29 17:25:42 - [TEST_STEP][PASSED] - click: Object: 'Object Repository/Page_BugsUI productEdit/button_Update' is clicked on

2018-03-29 17:25:42 - [MESSAGE][PASSED] - Object: 'Object Repository/Page_BugsUI productEdit/button_Update' is clicked on

2018-03-29 17:25:42 - [TEST_STEP][PASSED] - verifyElementPresent: Object 'Object Repository/Page_BugsUI productEdit/div_Successfully updated the p' is present

2018-03-29 17:25:42 - [MESSAGE][PASSED] - Object 'Object Repository/Page_BugsUI productEdit/div_Successfully updated the p' is present

2018-03-29 17:25:42 - [TEST_STEP][PASSED] - Statement - successfulUpdateMessage = com.kms.katalon.core.webui.keyword.WebUiBuiltInKeywords.getText(com.kms.katalon.core.testobject.ObjectRepository.findTestObject(Page_BugsUI productEdit/div_Successfully updated the p)): Text of object 'Object Repository/Page_BugsUI productEdit/div_Successfully updated the p' is: 'Successfully updated the product "TestProduct_Automation"!!!'

2018-03-29 17:25:42 - [MESSAGE][PASSED] - Text of object 'Object Repository/Page_BugsUI productEdit/div_Successfully updated the p' is: 'Successfully updated the product "TestProduct_Automation"!!!'

2018-03-29 17:25:42 - [TEST_STEP][PASSED] - Statement - println("------Selected default package value------:" + successfulUpdateMessage): null

2018-03-29 17:25:42 - [TEST_STEP][PASSED] - verifyEqual: Actual object 'Successfully updated the product "TestProduct_Automation"!!!' and expected object 'Successfully updated the product "TestProduct_Automation"!!!' are equal

2018-03-29 17:25:42 - [MESSAGE][PASSED] - Actual object 'Successfully updated the product "TestProduct_Automation"!!!' and expected object 'Successfully updated the product "TestProduct_Automation"!!!' are equal

2018-03-29 17:25:42 - [TEST_STEP][PASSED] - selectOptionByLabel: All options with label 'Software' are selected in object 'Object Repository/Page_BugsUI productEdit/classificationDropdown' 

2018-03-29 17:25:43 - [MESSAGE][PASSED] - All options with label 'Software' are selected in object 'Object Repository/Page_BugsUI productEdit/classificationDropdown' 

2018-03-29 17:25:43 - [TEST_STEP][PASSED] - delay: Delayed 15 second(s)

2018-03-29 17:25:58 - [MESSAGE][PASSED] - Delayed 15 second(s)

2018-03-29 17:25:58 - [TEST_STEP][PASSED] - Statement - If (com.kms.katalon.core.webui.keyword.WebUiBuiltInKeywords.verifyOptionPresentByLabel(com.kms.katalon.core.testobject.ObjectRepository.findTestObject(Page_BugsUI productEdit/packageDropdown), "TestProduct_Automation_1", false, 0)): All options with label 'TestProduct_Automation_1' are selected in object 'Object Repository/Page_BugsUI productEdit/packageDropdown' 

2018-03-29 17:25:58 - [MESSAGE][WARNING] - Timeout '0' is invalid. Using default page load timeout: '30'

2018-03-29 17:26:38 - [MESSAGE][PASSED] - 1 option(s) with label 'TestProduct_Automation_1' is/are present in object 'Object Repository/Page_BugsUI productEdit/packageDropdown' 

2018-03-29 17:26:38 - [TEST_STEP][PASSED] - selectOptionByLabel: All options with label 'TestProduct_Automation_1' are selected in object 'Object Repository/Page_BugsUI productEdit/packageDropdown' 

2018-03-29 17:26:38 - [MESSAGE][PASSED] - All options with label 'TestProduct_Automation_1' are selected in object 'Object Repository/Page_BugsUI productEdit/packageDropdown' 

2018-03-29 17:26:38 - [TEST_STEP][PASSED] - delay: Delayed 2 second(s)

2018-03-29 17:26:40 - [MESSAGE][PASSED] - Delayed 2 second(s)]]></system-out>
         <system-err><![CDATA[]]></system-err>
      </testcase>
      <testcase name="Test Cases/ProductEdit_TestCases/VerifyMadatoryComponentCanBeDeleted" classname="Test Cases/ProductEdit_TestCases/VerifyMadatoryComponentCanBeDeleted" status="PASSED">
         <system-out><![CDATA[2018-03-29 17:26:40 - [TEST_CASE][PASSED] - Test Cases/ProductEdit_TestCases/VerifyMadatoryComponentCanBeDeleted: Test Cases/ProductEdit_TestCases/VerifyMadatoryComponentCanBeDeleted

2018-03-29 17:26:40 - [TEST_STEP][PASSED] - Statement - If (com.kms.katalon.core.webui.keyword.WebUiBuiltInKeywords.verifyElementPresent(com.kms.katalon.core.testobject.ObjectRepository.findTestObject(Page_BugsUI productEdit/component_delete_button), 2)): Object: 'Object Repository/Page_BugsUI productEdit/component_delete_button' is clicked on

2018-03-29 17:26:40 - [MESSAGE][PASSED] - Object 'Object Repository/Page_BugsUI productEdit/component_delete_button' is present

2018-03-29 17:26:40 - [TEST_STEP][PASSED] - click: Object: 'Object Repository/Page_BugsUI productEdit/component_delete_button' is clicked on

2018-03-29 17:26:40 - [MESSAGE][PASSED] - Object: 'Object Repository/Page_BugsUI productEdit/component_delete_button' is clicked on

2018-03-29 17:26:40 - [TEST_STEP][PASSED] - Statement - If (com.kms.katalon.core.webui.keyword.WebUiBuiltInKeywords.verifyAlertPresent(2)): Alert accepted

2018-03-29 17:26:40 - [MESSAGE][PASSED] - Alert is present after 2 second(s).

2018-03-29 17:26:40 - [TEST_STEP][PASSED] - acceptAlert: Alert accepted

2018-03-29 17:26:40 - [MESSAGE][PASSED] - Alert accepted

2018-03-29 17:26:40 - [TEST_STEP][PASSED] - verifyElementPresent: Object 'Object Repository/Page_BugsUI productEdit/div_Product must have atleast' is present

2018-03-29 17:26:41 - [MESSAGE][PASSED] - Object 'Object Repository/Page_BugsUI productEdit/div_Product must have atleast' is present

2018-03-29 17:26:41 - [TEST_STEP][PASSED] - Statement - deleteMandatoryCompMessage = com.kms.katalon.core.webui.keyword.WebUiBuiltInKeywords.getText(com.kms.katalon.core.testobject.ObjectRepository.findTestObject(Page_BugsUI productEdit/div_Product must have atleast)): Text of object 'Object Repository/Page_BugsUI productEdit/div_Product must have atleast' is: 'Product must have atleast 1 component !!!'

2018-03-29 17:26:41 - [MESSAGE][PASSED] - Text of object 'Object Repository/Page_BugsUI productEdit/div_Product must have atleast' is: 'Product must have atleast 1 component !!!'

2018-03-29 17:26:41 - [TEST_STEP][PASSED] - Statement - println("------Selected default package value------:" + deleteMandatoryCompMessage): null

2018-03-29 17:26:41 - [TEST_STEP][PASSED] - verifyEqual: Actual object 'Product must have atleast 1 component !!!' and expected object 'Product must have atleast 1 component !!!' are equal

2018-03-29 17:26:41 - [MESSAGE][PASSED] - Actual object 'Product must have atleast 1 component !!!' and expected object 'Product must have atleast 1 component !!!' are equal]]></system-out>
         <system-err><![CDATA[]]></system-err>
      </testcase>
      <testcase name="Test Cases/ProductEdit_TestCases/VerifyProductCanBeDeleted" classname="Test Cases/ProductEdit_TestCases/VerifyProductCanBeDeleted" status="FAILED">
         <failure type="FAILED" message="Unable to verify object 'Object Repository/Page_BugsUI productEdit/div_Successfully deleted the p' is present (Root cause: com.kms.katalon.core.webui.exception.WebElementNotFoundException: Web element with id: 'Object Repository/Page_BugsUI productEdit/div_Successfully deleted the p' located by 'By.xpath: //div[(text() = 'Successfully deleted the product &quot;TestProduct_Automation1&quot;!!!' or . = 'Successfully deleted the product &quot;TestProduct_Automation1&quot;!!!')]' not found)"/>
         <system-out><![CDATA[2018-03-29 17:26:41 - [TEST_CASE][FAILED] - Test Cases/ProductEdit_TestCases/VerifyProductCanBeDeleted: Test Cases/ProductEdit_TestCases/VerifyProductCanBeDeleted FAILED because (of) Unable to verify object 'Object Repository/Page_BugsUI productEdit/div_Successfully deleted the p' is present (Root cause: com.kms.katalon.core.webui.exception.WebElementNotFoundException: Web element with id: 'Object Repository/Page_BugsUI productEdit/div_Successfully deleted the p' located by 'By.xpath: //div[(text() = 'Successfully deleted the product "TestProduct_Automation1"!!!' or . = 'Successfully deleted the product "TestProduct_Automation1"!!!')]' not found)

2018-03-29 17:26:41 - [TEST_STEP][PASSED] - delay: Delayed 3 second(s)

2018-03-29 17:26:44 - [MESSAGE][PASSED] - Delayed 3 second(s)

2018-03-29 17:26:44 - [TEST_STEP][PASSED] - Statement - If (com.kms.katalon.core.webui.keyword.WebUiBuiltInKeywords.verifyElementPresent(com.kms.katalon.core.testobject.ObjectRepository.findTestObject(Page_BugsUI productEdit/product_Delete_button), 2)): Object: 'Object Repository/Page_BugsUI productEdit/product_Delete_button' is clicked on

2018-03-29 17:26:44 - [MESSAGE][PASSED] - Object 'Object Repository/Page_BugsUI productEdit/product_Delete_button' is present

2018-03-29 17:26:44 - [TEST_STEP][PASSED] - click: Object: 'Object Repository/Page_BugsUI productEdit/product_Delete_button' is clicked on

2018-03-29 17:26:44 - [MESSAGE][PASSED] - Object: 'Object Repository/Page_BugsUI productEdit/product_Delete_button' is clicked on

2018-03-29 17:26:44 - [TEST_STEP][PASSED] - Statement - If (com.kms.katalon.core.webui.keyword.WebUiBuiltInKeywords.verifyAlertPresent(2)): Alert accepted

2018-03-29 17:26:44 - [MESSAGE][PASSED] - Alert is present after 2 second(s).

2018-03-29 17:26:44 - [TEST_STEP][PASSED] - acceptAlert: Alert accepted

2018-03-29 17:26:44 - [MESSAGE][PASSED] - Alert accepted

2018-03-29 17:26:44 - [TEST_STEP][PASSED] - delay: Delayed 3 second(s)

2018-03-29 17:26:47 - [MESSAGE][PASSED] - Delayed 3 second(s)

2018-03-29 17:26:47 - [TEST_STEP][FAILED] - verifyElementPresent: Unable to verify object 'Object Repository/Page_BugsUI productEdit/div_Successfully deleted the p' is present (Root cause: com.kms.katalon.core.webui.exception.WebElementNotFoundException: Web element with id: 'Object Repository/Page_BugsUI productEdit/div_Successfully deleted the p' located by 'By.xpath: //div[(text() = 'Successfully deleted the product "TestProduct_Automation1"!!!' or . = 'Successfully deleted the product "TestProduct_Automation1"!!!')]' not found)

2018-03-29 17:26:49 - [MESSAGE][FAILED] - com.kms.katalon.core.webui.exception.WebElementNotFoundException: Web element with id: 'Object Repository/Page_BugsUI productEdit/div_Successfully deleted the p' located by 'By.xpath: //div[(text() = 'Successfully deleted the product "TestProduct_Automation1"!!!' or . = 'Successfully deleted the product "TestProduct_Automation1"!!!')]' not found
[[ATTACHMENT|D:\\Arista-Bugzila Project\\BugzillaUI-Automation\\Reports\\SmokeTestSuite\\20180329_172121\\1522324609548.png]]

2018-03-29 17:26:50 - [MESSAGE][FAILED] - Unable to verify object 'Object Repository/Page_BugsUI productEdit/div_Successfully deleted the p' is present (Root cause: com.kms.katalon.core.webui.exception.WebElementNotFoundException: Web element with id: 'Object Repository/Page_BugsUI productEdit/div_Successfully deleted the p' located by 'By.xpath: //div[(text() = 'Successfully deleted the product "TestProduct_Automation1"!!!' or . = 'Successfully deleted the product "TestProduct_Automation1"!!!')]' not found)
[[ATTACHMENT|D:\\Arista-Bugzila Project\\BugzillaUI-Automation\\Reports\\SmokeTestSuite\\20180329_172121\\1522324609893.png]]]]></system-out>
         <system-err><![CDATA[2018-03-29 17:26:41 - [TEST_CASE][FAILED] - Test Cases/ProductEdit_TestCases/VerifyProductCanBeDeleted: Test Cases/ProductEdit_TestCases/VerifyProductCanBeDeleted FAILED because (of) Unable to verify object 'Object Repository/Page_BugsUI productEdit/div_Successfully deleted the p' is present (Root cause: com.kms.katalon.core.webui.exception.WebElementNotFoundException: Web element with id: 'Object Repository/Page_BugsUI productEdit/div_Successfully deleted the p' located by 'By.xpath: //div[(text() = 'Successfully deleted the product "TestProduct_Automation1"!!!' or . = 'Successfully deleted the product "TestProduct_Automation1"!!!')]' not found)]]></system-err>
      </testcase>
      <testcase name="Test Cases/BugPage_GeneralTab_TestCases/VerifyGeneralTabFields_CanBe_Edited_Commited" classname="Test Cases/BugPage_GeneralTab_TestCases/VerifyGeneralTabFields_CanBe_Edited_Commited" status="PASSED">
         <system-out><![CDATA[2018-03-29 17:26:50 - [TEST_CASE][PASSED] - Test Cases/BugPage_GeneralTab_TestCases/VerifyGeneralTabFields_CanBe_Edited_Commited: Test Cases/BugPage_GeneralTab_TestCases/VerifyGeneralTabFields_CanBe_Edited_Commited

2018-03-29 17:26:50 - [TEST_STEP][PASSED] - openBrowser: Browser is opened with url: ''

2018-03-29 17:26:50 - [MESSAGE][WARNING] - A browser is already opened. Closing browser and opening a new one

2018-03-29 17:26:54 - [MESSAGE][PASSED] - Browser is opened with url: ''

2018-03-29 17:26:54 - [TEST_STEP][PASSED] - navigateToUrl: Navigate to 'https://bugzilla-ui/' successfully

2018-03-29 17:27:00 - [MESSAGE][PASSED] - Navigate to 'https://bugzilla-ui/' successfully

2018-03-29 17:27:00 - [TEST_STEP][PASSED] - maximizeWindow: Current window maximized

2018-03-29 17:27:01 - [MESSAGE][PASSED] - Current window maximized

2018-03-29 17:27:01 - [TEST_STEP][PASSED] - setText: Text 'knagendra-ext' is set on object 'Object Repository/Page_BugsUI login/input_value_userid'

2018-03-29 17:27:01 - [MESSAGE][PASSED] - Text 'knagendra-ext' is set on object 'Object Repository/Page_BugsUI login/input_value_userid'

2018-03-29 17:27:01 - [TEST_STEP][PASSED] - setText: Text 'Tumkur@123' is set on object 'Object Repository/Page_BugsUI login/input_form-control ng-untouche'

2018-03-29 17:27:02 - [MESSAGE][PASSED] - Text 'Tumkur@123' is set on object 'Object Repository/Page_BugsUI login/input_form-control ng-untouche'

2018-03-29 17:27:02 - [TEST_STEP][PASSED] - click: Object: 'Object Repository/Page_BugsUI login/button_Login' is clicked on

2018-03-29 17:27:02 - [MESSAGE][PASSED] - Object: 'Object Repository/Page_BugsUI login/button_Login' is clicked on

2018-03-29 17:27:02 - [TEST_STEP][PASSED] - setText: Text '247777' is set on object 'Object Repository/Page_BugsUI Dashboard/input_navbar-search-input'

2018-03-29 17:27:02 - [MESSAGE][PASSED] - Text '247777' is set on object 'Object Repository/Page_BugsUI Dashboard/input_navbar-search-input'

2018-03-29 17:27:02 - [TEST_STEP][PASSED] - delay: Delayed 1 second(s)

2018-03-29 17:27:03 - [MESSAGE][PASSED] - Delayed 1 second(s)

2018-03-29 17:27:03 - [TEST_STEP][PASSED] - sendKeys: Keys 'ENTER + ' sent to object: 'Object Repository/Page_BugsUI Dashboard/input_navbar-search-input'

2018-03-29 17:27:03 - [MESSAGE][PASSED] - Keys 'ENTER + ' sent to object: 'Object Repository/Page_BugsUI Dashboard/input_navbar-search-input'

2018-03-29 17:27:03 - [TEST_STEP][PASSED] - delay: Delayed 3 second(s)

2018-03-29 17:27:06 - [MESSAGE][PASSED] - Delayed 3 second(s)

2018-03-29 17:27:06 - [TEST_STEP][PASSED] - Statement - If (com.kms.katalon.core.webui.keyword.WebUiBuiltInKeywords.verifyElementPresent(com.kms.katalon.core.testobject.ObjectRepository.findTestObject(BugsPage_GeneralTab/a_General), 1)): Object 'Object Repository/BugsPage_GeneralTab/a_General' has attribute 'text' with value 'General'

2018-03-29 17:27:06 - [MESSAGE][PASSED] - Object 'Object Repository/BugsPage_GeneralTab/a_General' is present

2018-03-29 17:27:06 - [TEST_STEP][PASSED] - verifyElementAttributeValue: Object 'Object Repository/BugsPage_GeneralTab/a_General' has attribute 'text' with value 'General'

2018-03-29 17:27:06 - [MESSAGE][PASSED] - Object 'Object Repository/BugsPage_GeneralTab/a_General' has attribute 'text' with value 'General'

2018-03-29 17:27:06 - [TEST_STEP][PASSED] - newKey.ClearFields.ClearTextField: newKey.ClearFields.ClearTextField is PASSED

2018-03-29 17:27:06 - [MESSAGE][PASSED] - Keys 'CONTROL + a' sent to object: 'Object Repository/BugsPage_GeneralTab/input_alias'

2018-03-29 17:27:06 - [MESSAGE][PASSED] - Keys 'DELETE + ' sent to object: 'Object Repository/BugsPage_GeneralTab/input_alias'

2018-03-29 17:27:06 - [MESSAGE][PASSED] - newKey.ClearFields.ClearTextField is PASSED

2018-03-29 17:27:06 - [TEST_STEP][PASSED] - setText: Text 'Automation_AliasName' is set on object 'Object Repository/BugsPage_GeneralTab/input_alias'

2018-03-29 17:27:07 - [MESSAGE][PASSED] - Text 'Automation_AliasName' is set on object 'Object Repository/BugsPage_GeneralTab/input_alias'

2018-03-29 17:27:07 - [TEST_STEP][PASSED] - click: Object: 'Object Repository/BugsPage_GeneralTab/button_COMMIT' is clicked on

2018-03-29 17:27:07 - [MESSAGE][PASSED] - Object: 'Object Repository/BugsPage_GeneralTab/button_COMMIT' is clicked on

2018-03-29 17:27:07 - [TEST_STEP][PASSED] - Statement - If (com.kms.katalon.core.webui.keyword.WebUiBuiltInKeywords.verifyAlertPresent(2)): Alert accepted

2018-03-29 17:27:09 - [MESSAGE][PASSED] - Alert is present after 2 second(s).

2018-03-29 17:27:09 - [TEST_STEP][PASSED] - Statement - alertText = com.kms.katalon.core.webui.keyword.WebUiBuiltInKeywords.getAlertText(): Get alert text successfully: 'Changes have been committed successfully to Bug #247777'

2018-03-29 17:27:09 - [MESSAGE][PASSED] - Get alert text successfully: 'Changes have been committed successfully to Bug #247777'

2018-03-29 17:27:09 - [TEST_STEP][PASSED] - verifyEqual: Actual object 'Changes have been committed successfully to Bug #247777' and expected object 'Changes have been committed successfully to Bug #247777' are equal

2018-03-29 17:27:09 - [MESSAGE][PASSED] - Actual object 'Changes have been committed successfully to Bug #247777' and expected object 'Changes have been committed successfully to Bug #247777' are equal

2018-03-29 17:27:09 - [TEST_STEP][PASSED] - acceptAlert: Alert accepted

2018-03-29 17:27:09 - [MESSAGE][PASSED] - Alert accepted

2018-03-29 17:27:09 - [TEST_STEP][PASSED] - delay: Delayed 6 second(s)

2018-03-29 17:27:15 - [MESSAGE][PASSED] - Delayed 6 second(s)

2018-03-29 17:27:15 - [TEST_STEP][PASSED] - Statement - newAliasName = com.kms.katalon.core.webui.keyword.WebUiBuiltInKeywords.getText(com.kms.katalon.core.testobject.ObjectRepository.findTestObject(BugsPage_GeneralTab/input_alias)): Text of object 'Object Repository/BugsPage_GeneralTab/input_alias' is: ''

2018-03-29 17:27:15 - [MESSAGE][PASSED] - Text of object 'Object Repository/BugsPage_GeneralTab/input_alias' is: ''

2018-03-29 17:27:15 - [TEST_STEP][PASSED] - setText: Text 'auto' is set on object 'Object Repository/BugsPage_GeneralTab/input_alias'

2018-03-29 17:27:15 - [MESSAGE][PASSED] - Text 'auto' is set on object 'Object Repository/BugsPage_GeneralTab/input_alias'

2018-03-29 17:27:15 - [TEST_STEP][PASSED] - click: Object: 'Object Repository/BugsPage_GeneralTab/button_COMMIT' is clicked on

2018-03-29 17:27:15 - [MESSAGE][PASSED] - Object: 'Object Repository/BugsPage_GeneralTab/button_COMMIT' is clicked on

2018-03-29 17:27:15 - [TEST_STEP][PASSED] - delay: Delayed 4 second(s)

2018-03-29 17:27:19 - [MESSAGE][PASSED] - Delayed 4 second(s)]]></system-out>
         <system-err><![CDATA[]]></system-err>
      </testcase>
      <testcase name="Test Cases/BugPage_Description_Comments_TestCases/Verify_User_Reply_Description" classname="Test Cases/BugPage_Description_Comments_TestCases/Verify_User_Reply_Description" status="PASSED">
         <system-out><![CDATA[2018-03-29 17:27:19 - [TEST_CASE][PASSED] - Test Cases/BugPage_Description_Comments_TestCases/Verify_User_Reply_Description: Test Cases/BugPage_Description_Comments_TestCases/Verify_User_Reply_Description

2018-03-29 17:27:19 - [TEST_STEP][PASSED] - scrollToElement: Scroll to object 'Object Repository/BugsPage_Description/h3_Description' successfully

2018-03-29 17:27:19 - [MESSAGE][WARNING] - Timeout '0' is invalid. Using default page load timeout: '30'

2018-03-29 17:27:22 - [MESSAGE][PASSED] - Scroll to object 'Object Repository/BugsPage_Description/h3_Description' successfully

2018-03-29 17:27:22 - [TEST_STEP][PASSED] - Statement - If (com.kms.katalon.core.webui.keyword.WebUiBuiltInKeywords.verifyElementPresent(com.kms.katalon.core.testobject.ObjectRepository.findTestObject(BugsPage_Description/description_Opened_date), 0)): Actual object '28' and expected object '28' are equal

2018-03-29 17:27:22 - [MESSAGE][WARNING] - Timeout '0' is invalid. Using default page load timeout: '30'

2018-03-29 17:27:23 - [MESSAGE][PASSED] - Object 'Object Repository/BugsPage_Description/description_Opened_date' is present

2018-03-29 17:27:23 - [TEST_STEP][PASSED] - Statement - openedDate = com.kms.katalon.core.webui.keyword.WebUiBuiltInKeywords.getText(com.kms.katalon.core.testobject.ObjectRepository.findTestObject(BugsPage_Description/description_Opened_date)): Text of object 'Object Repository/BugsPage_Description/description_Opened_date' is: 'Opened : 2018-02-27 03:36:19'

2018-03-29 17:27:23 - [MESSAGE][PASSED] - Text of object 'Object Repository/BugsPage_Description/description_Opened_date' is: 'Opened : 2018-02-27 03:36:19'

2018-03-29 17:27:23 - [TEST_STEP][PASSED] - Statement - println("length of text is:" + openedDate.length()): null

2018-03-29 17:27:23 - [TEST_STEP][PASSED] - verifyEqual: Actual object '28' and expected object '28' are equal

2018-03-29 17:27:23 - [MESSAGE][PASSED] - Actual object '28' and expected object '28' are equal

2018-03-29 17:27:23 - [TEST_STEP][PASSED] - Statement - If (com.kms.katalon.core.webui.keyword.WebUiBuiltInKeywords.verifyElementPresent(com.kms.katalon.core.testobject.ObjectRepository.findTestObject(BugsPage_Description/a_Reply), 0)): Object: 'Object Repository/BugsPage_Description/button_OK' is clicked on

2018-03-29 17:27:23 - [MESSAGE][WARNING] - Timeout '0' is invalid. Using default page load timeout: '30'

2018-03-29 17:27:23 - [MESSAGE][PASSED] - Object 'Object Repository/BugsPage_Description/a_Reply' is present

2018-03-29 17:27:23 - [TEST_STEP][PASSED] - click: Object: 'Object Repository/BugsPage_Description/a_Reply' is clicked on

2018-03-29 17:27:23 - [MESSAGE][PASSED] - Object: 'Object Repository/BugsPage_Description/a_Reply' is clicked on

2018-03-29 17:27:23 - [TEST_STEP][PASSED] - Statement - If (com.kms.katalon.core.webui.keyword.WebUiBuiltInKeywords.verifyElementPresent(com.kms.katalon.core.testobject.ObjectRepository.findTestObject(BugsPage_Description/textarea_form-control input-sm), 0)): Object: 'Object Repository/BugsPage_Description/button_OK' is clicked on

2018-03-29 17:27:23 - [MESSAGE][WARNING] - Timeout '0' is invalid. Using default page load timeout: '30'

2018-03-29 17:27:23 - [MESSAGE][PASSED] - Object 'Object Repository/BugsPage_Description/textarea_form-control input-sm' is present

2018-03-29 17:27:23 - [TEST_STEP][PASSED] - setText: Text 'Automation-Reply-Description' is set on object 'Object Repository/BugsPage_Description/textarea_form-control input-sm'

2018-03-29 17:27:24 - [MESSAGE][PASSED] - Text 'Automation-Reply-Description' is set on object 'Object Repository/BugsPage_Description/textarea_form-control input-sm'

2018-03-29 17:27:24 - [TEST_STEP][PASSED] - Statement - If (com.kms.katalon.core.webui.keyword.WebUiBuiltInKeywords.verifyElementPresent(com.kms.katalon.core.testobject.ObjectRepository.findTestObject(BugsPage_Description/button_OK), 0)): Object: 'Object Repository/BugsPage_Description/button_OK' is clicked on

2018-03-29 17:27:24 - [MESSAGE][WARNING] - Timeout '0' is invalid. Using default page load timeout: '30'

2018-03-29 17:27:24 - [MESSAGE][PASSED] - Object 'Object Repository/BugsPage_Description/button_OK' is present

2018-03-29 17:27:24 - [TEST_STEP][PASSED] - click: Object: 'Object Repository/BugsPage_Description/button_OK' is clicked on

2018-03-29 17:27:24 - [MESSAGE][PASSED] - Object: 'Object Repository/BugsPage_Description/button_OK' is clicked on

2018-03-29 17:27:24 - [TEST_STEP][PASSED] - delay: Delayed 3 second(s)

2018-03-29 17:27:27 - [MESSAGE][PASSED] - Delayed 3 second(s)

2018-03-29 17:27:27 - [TEST_STEP][PASSED] - Statement - If (com.kms.katalon.core.webui.keyword.WebUiBuiltInKeywords.verifyElementPresent(com.kms.katalon.core.testobject.ObjectRepository.findTestObject(BugsPage_Description/div_(In reply to Bug Descripti), 0)): null

2018-03-29 17:27:27 - [MESSAGE][WARNING] - Timeout '0' is invalid. Using default page load timeout: '30'

2018-03-29 17:27:30 - [MESSAGE][PASSED] - Object 'Object Repository/BugsPage_Description/div_(In reply to Bug Descripti' is present

2018-03-29 17:27:30 - [TEST_STEP][PASSED] - Statement - replyDescription = com.kms.katalon.core.webui.keyword.WebUiBuiltInKeywords.getText(com.kms.katalon.core.testobject.ObjectRepository.findTestObject(BugsPage_Description/div_(In reply to Bug Descripti)): Text of object 'Object Repository/BugsPage_Description/div_(In reply to Bug Descripti' is: '(In reply to Bug Description)
> Created an attachment (id=7189(1027.PNG))
222 
> 
reply'

2018-03-29 17:27:30 - [MESSAGE][PASSED] - Text of object 'Object Repository/BugsPage_Description/div_(In reply to Bug Descripti' is: '(In reply to Bug Description)
> Created an attachment (id=7189(1027.PNG))
222 
> 
reply'

2018-03-29 17:27:30 - [TEST_STEP][PASSED] - Statement - If (replyDescription.contains("In reply to Bug Description")): null

2018-03-29 17:27:30 - [TEST_STEP][PASSED] - Statement - assert true: null]]></system-out>
         <system-err><![CDATA[]]></system-err>
      </testcase>
      <testcase name="Test Cases/BugPage_Description_Comments_TestCases/Verify_DescriptionSection_CanBe_Minimixed_Expanded" classname="Test Cases/BugPage_Description_Comments_TestCases/Verify_DescriptionSection_CanBe_Minimixed_Expanded" status="PASSED">
         <system-out><![CDATA[2018-03-29 17:27:30 - [TEST_CASE][PASSED] - Test Cases/BugPage_Description_Comments_TestCases/Verify_DescriptionSection_CanBe_Minimixed_Expanded: Test Cases/BugPage_Description_Comments_TestCases/Verify_DescriptionSection_CanBe_Minimixed_Expanded

2018-03-29 17:27:30 - [TEST_STEP][PASSED] - scrollToElement: Scroll to object 'Object Repository/BugsPage_Description/h3_Description' successfully

2018-03-29 17:27:30 - [MESSAGE][WARNING] - Timeout '0' is invalid. Using default page load timeout: '30'

2018-03-29 17:27:30 - [MESSAGE][PASSED] - Scroll to object 'Object Repository/BugsPage_Description/h3_Description' successfully

2018-03-29 17:27:30 - [TEST_STEP][PASSED] - Statement - If (com.kms.katalon.core.webui.keyword.WebUiBuiltInKeywords.verifyElementPresent(com.kms.katalon.core.testobject.ObjectRepository.findTestObject(BugsPage_Description/i_fa fa-minus), 0)): Object 'Object Repository/BugsPage_Description/i_fa fa-plus' is present

2018-03-29 17:27:30 - [MESSAGE][WARNING] - Timeout '0' is invalid. Using default page load timeout: '30'

2018-03-29 17:27:30 - [MESSAGE][PASSED] - Object 'Object Repository/BugsPage_Description/i_fa fa-minus' is present

2018-03-29 17:27:30 - [TEST_STEP][PASSED] - click: Object: 'Object Repository/BugsPage_Description/i_fa fa-minus' is clicked on

2018-03-29 17:27:30 - [MESSAGE][PASSED] - Object: 'Object Repository/BugsPage_Description/i_fa fa-minus' is clicked on

2018-03-29 17:27:30 - [TEST_STEP][PASSED] - delay: Delayed 2 second(s)

2018-03-29 17:27:32 - [MESSAGE][PASSED] - Delayed 2 second(s)

2018-03-29 17:27:32 - [TEST_STEP][PASSED] - verifyElementPresent: Object 'Object Repository/BugsPage_Description/i_fa fa-plus' is present

2018-03-29 17:27:32 - [MESSAGE][WARNING] - Timeout '0' is invalid. Using default page load timeout: '30'

2018-03-29 17:27:33 - [MESSAGE][PASSED] - Object 'Object Repository/BugsPage_Description/i_fa fa-plus' is present

2018-03-29 17:27:33 - [TEST_STEP][PASSED] - Statement - If (com.kms.katalon.core.webui.keyword.WebUiBuiltInKeywords.verifyElementPresent(com.kms.katalon.core.testobject.ObjectRepository.findTestObject(BugsPage_Description/i_fa fa-plus), 0)): Object 'Object Repository/BugsPage_Description/i_fa fa-minus' is present

2018-03-29 17:27:33 - [MESSAGE][WARNING] - Timeout '0' is invalid. Using default page load timeout: '30'

2018-03-29 17:27:33 - [MESSAGE][PASSED] - Object 'Object Repository/BugsPage_Description/i_fa fa-plus' is present

2018-03-29 17:27:33 - [TEST_STEP][PASSED] - click: Object: 'Object Repository/BugsPage_Description/i_fa fa-plus' is clicked on

2018-03-29 17:27:33 - [MESSAGE][PASSED] - Object: 'Object Repository/BugsPage_Description/i_fa fa-plus' is clicked on

2018-03-29 17:27:33 - [TEST_STEP][PASSED] - delay: Delayed 2 second(s)

2018-03-29 17:27:35 - [MESSAGE][PASSED] - Delayed 2 second(s)

2018-03-29 17:27:35 - [TEST_STEP][PASSED] - verifyElementPresent: Object 'Object Repository/BugsPage_Description/i_fa fa-minus' is present

2018-03-29 17:27:35 - [MESSAGE][WARNING] - Timeout '0' is invalid. Using default page load timeout: '30'

2018-03-29 17:27:35 - [MESSAGE][PASSED] - Object 'Object Repository/BugsPage_Description/i_fa fa-minus' is present]]></system-out>
         <system-err><![CDATA[]]></system-err>
      </testcase>
      <testcase name="Test Cases/Search_TestCases/VerifySearchPageLoads" classname="Test Cases/Search_TestCases/VerifySearchPageLoads" status="PASSED">
         <system-out><![CDATA[2018-03-29 17:27:35 - [TEST_CASE][PASSED] - Test Cases/Search_TestCases/VerifySearchPageLoads: Test Cases/Search_TestCases/VerifySearchPageLoads

2018-03-29 17:27:35 - [TEST_STEP][PASSED] - openBrowser: Browser is opened with url: ''

2018-03-29 17:27:35 - [MESSAGE][WARNING] - A browser is already opened. Closing browser and opening a new one

2018-03-29 17:27:38 - [MESSAGE][PASSED] - Browser is opened with url: ''

2018-03-29 17:27:38 - [TEST_STEP][PASSED] - navigateToUrl: Navigate to 'https://bugzilla-ui' successfully

2018-03-29 17:27:45 - [MESSAGE][PASSED] - Navigate to 'https://bugzilla-ui' successfully

2018-03-29 17:27:45 - [TEST_STEP][PASSED] - maximizeWindow: Current window maximized

2018-03-29 17:27:46 - [MESSAGE][PASSED] - Current window maximized

2018-03-29 17:27:46 - [TEST_STEP][PASSED] - setText: Text 'knagendra-ext' is set on object 'Object Repository/Page_BugsUI login/input_value_userid'

2018-03-29 17:27:46 - [MESSAGE][PASSED] - Text 'knagendra-ext' is set on object 'Object Repository/Page_BugsUI login/input_value_userid'

2018-03-29 17:27:46 - [TEST_STEP][PASSED] - setText: Text 'Tumkur@123' is set on object 'Object Repository/Page_BugsUI login/input_form-control ng-untouche'

2018-03-29 17:27:46 - [MESSAGE][PASSED] - Text 'Tumkur@123' is set on object 'Object Repository/Page_BugsUI login/input_form-control ng-untouche'

2018-03-29 17:27:46 - [TEST_STEP][PASSED] - click: Object: 'Object Repository/Page_BugsUI login/button_Login' is clicked on

2018-03-29 17:27:46 - [MESSAGE][PASSED] - Object: 'Object Repository/Page_BugsUI login/button_Login' is clicked on

2018-03-29 17:27:46 - [TEST_STEP][PASSED] - verifyElementAttributeValue: Object 'Object Repository/Page_BugsUI login/a_BugsUI' has attribute 'text' with value 'BugsUI '

2018-03-29 17:27:46 - [MESSAGE][PASSED] - Object 'Object Repository/Page_BugsUI login/a_BugsUI' has attribute 'text' with value 'BugsUI '

2018-03-29 17:27:46 - [TEST_STEP][PASSED] - delay: Delayed 2 second(s)

2018-03-29 17:27:48 - [MESSAGE][PASSED] - Delayed 2 second(s)

2018-03-29 17:27:48 - [TEST_STEP][PASSED] - Statement - If (com.kms.katalon.core.webui.keyword.WebUiBuiltInKeywords.verifyElementVisible(com.kms.katalon.core.testobject.ObjectRepository.findTestObject(Page_BugsUI Dashboard/a_Search))): Object: 'Object Repository/Page_BugsUI Dashboard/a_Search' is clicked on

2018-03-29 17:27:48 - [MESSAGE][PASSED] - Object 'Object Repository/Page_BugsUI Dashboard/a_Search' is visible

2018-03-29 17:27:48 - [TEST_STEP][PASSED] - click: Object: 'Object Repository/Page_BugsUI Dashboard/a_Search' is clicked on

2018-03-29 17:27:49 - [MESSAGE][PASSED] - Object: 'Object Repository/Page_BugsUI Dashboard/a_Search' is clicked on

2018-03-29 17:27:49 - [TEST_STEP][PASSED] - delay: Delayed 5 second(s)

2018-03-29 17:27:54 - [MESSAGE][PASSED] - Delayed 5 second(s)

2018-03-29 17:27:54 - [TEST_STEP][PASSED] - verifyElementText: Actual text and expected text of test object 'Object Repository/Page_BugsUI Search/h3_Search Parameters' are matched.

2018-03-29 17:27:54 - [MESSAGE][PASSED] - Actual text and expected text of test object 'Object Repository/Page_BugsUI Search/h3_Search Parameters' are matched.

2018-03-29 17:27:54 - [TEST_STEP][PASSED] - delay: Delayed 5 second(s)

2018-03-29 17:27:59 - [MESSAGE][PASSED] - Delayed 5 second(s)]]></system-out>
         <system-err><![CDATA[]]></system-err>
      </testcase>
      <testcase name="Test Cases/Search_TestCases/Search_With_PackageOnly" classname="Test Cases/Search_TestCases/Search_With_PackageOnly" status="FAILED">
         <failure type="FAILED" message="Unable to verify object 'Object Repository/Page_BugsUI Search/ul_Check All   Uncheck All  Do' is present (Root cause: com.kms.katalon.core.webui.exception.WebElementNotFoundException: Web element with id: 'Object Repository/Page_BugsUI Search/ul_Check All   Uncheck All  Do' located by 'By.xpath: //ul[(text() = '  Check All   Uncheck All  @Dos  @Dos-rfe  @Dos-task  @DosLib  @DosLib-rfe  @DosLib-task  @Lakeport-diags  @LegacyPackage  ##General##  ##General##-rfe  ##General##-task  ##Internal##  ##Internal##-rfe  11111Test34  12222test  123456789Test  12345Test  1RUdiags  1RUdiags-rfe  1Test  3dm2  3dm2-rfe  3dm2-task  3M (EJ)  A144  a4b  a4b-rfe  a4b-task  a4c  a4c-qfs  a4c-qfs-rfe  a4c-qfs-service  a4c-qfs-service-rfe  a4c-qfs-service-task  a4c-qfs-task  a4c-qfs-test  a4c-qfs-test-rfe  a4c-qfs-test-task  a4c-rfe  a4c-service  a4c-service-rfe  a4c-service-task  a4c-task  A4Web  A4Web-rfe  A4Web-task  A55  Aaa  Aaa-rfe  Aaa-task  AaaTest  AaaTest-rfe  AaaTest-task  AaaTest1  Abalone  Aben  Aben-rfe  Aben-task  Aboard  Aboot  Aboot-rfe  Aboot-task  AbootFirmwareUtils  AbootFirmwareUtils-rfe  AbootFirmwareUtils-task  AbootTest  AbootTest-rfe  AbootTest-task  Abug  Abug-rfe  Abug-task  Abug-testing  AbugApi  AbugApi-rfe  AbugApi-task  Abuild  Abuild-rfe  Abuild-task  AbuildDb  AbuildDb-rfe  AbuildDb-task  AbuildWeb  AbuildWeb-rfe  AbuildWeb-task  abuildworkspace-service  abuildworkspace-service-rfe  abuildworkspace-service-task  Acacia-diags  Acarpool  Acarpool-rfe  Acarpool-task  Acl  Acl-rfe  Acl-task  AclAgent  AclAgent-rfe  AclAgent-task  AclSnmp  AclSnmp-rfe  AclSnmp-task  AclTest  AclTest-rfe  AclTest-task  AclTestLib  AclTestLib-rfe  AclTestLib-task  Across  Across-rfe  Across-task  ActivePerl  ActivePerl-rfe  ActivePerl-task  actor  actor-rfe  actor-task  addronly-nat  addronly-nat-rfe  addronly-nat-task  Adm1066  Adm1066-rfe  Adm1066-task  Adt7462  Adt7462-rfe  Adt7462-task  Adt7483  Adt7483-rfe  Adt7483-task  Aeluros  Aeluros-rfe  aer-uio  aer-uio-rfe  aer-uio-task  Aeris  Aeris-rfe  Aeris-task  AerisTest  AerisTest-rfe  AerisTest-task  Afetch  Afetch-rfe  Afetch-task  Afind  Afind-rfe  Afind-task  Agent  Agent-rfe  Agent-task  AgentLib  AgentLib-rfe  AgentLib-task  AgentLogging  AgentLogging-rfe  AgentLogging-task  AgentMonitor  AgentMonitor-rfe  AgentMonitor-task  AgentSyncResponder  AgentSyncResponder-rfe  AgentSyncResponder-task  AgentVis  AgentVis-rfe  AgentVis-task  Agile  Agile-rfe  AGitTools  AGitTools-rfe  AGitTools-task  Agraphviz  Agraphviz-rfe  Agraphviz-task  ahab  ahab-rfe  ahab-task  Ahire  Ahire-rfe  Ahire-task  Ahost  Ahost-rfe  Ahost-task  AhostImage  AhostImage-rfe  AhostImage-task  Ahwahnee  Ahwahnee-rfe  aid  aid-rfe  aid-task  Aie  Aie-rfe  Aie-task  Alameda  Alameda-rfe  Alameda-task  Ale  Ale-rfe  Ale-task  AleAsu  AleAsu-rfe  AleAsu-task  AleCapacity  AleCapacity-rfe  AleCapacity-task  AleCapacitySnmp  AleCapacitySnmp-rfe  AleCapacitySnmp-task  AleCentral  AleCentral-rfe  AleCentral-task  AleCfm  AleCfm-rfe  AleCfm-task  AleCounters  AleCounters-rfe  AleCounters-task  AleEvpn  AleEvpn-rfe  AleEvpn-task  AleFlow  AleFlow-rfe  AleFlow-task  AleHalo  AleHalo-rfe  AleHalo-task  AleIpsec  AleIpsec-rfe  AleIpsec-task  AleL3  AleL3-rfe  AleL3-task  AleL3Intf  AleL3Intf-rfe  AleL3Intf-task  AleL3Unicast  AleL3Unicast-rfe  AleL3Unicast-task  AleMacSec  AleMacSec-rfe  AleMacSec-task  AleMpls  AleMpls-rfe  AleMpls-task  AleMroute  AleMroute-rfe  AleMroute-task  AleNat  AleNat-rfe  AleNat-task  AlePbr  AlePbr-rfe  AlePbr-task  AlePhy  AlePhy-rfe  AlePhy-task  AleQos  AleQos-rfe  AleQos-task  AleTcam  AleTcam-rfe  AleTcam-task  AleTestLib  AleTestLib-rfe  AleTestLib-task  AleVrrp  AleVrrp-rfe  AleVrrp-task  AleVxlan  AleVxlan-rfe  AleVxlan-task  AlgoMatchUtil  AlgoMatchUtil-rfe  AlgoMatchUtil-task  Aloha  Aloha-rfe  Aloha-task  Alphanet  Alphanet-rfe  Alphanet-task  AltaLanz  AltaLanz-rfe  AltaLanz-task  Altera  Altera-rfe  Altera-task  Amphenol  Amphenol (DY)  Amphenol-rfe  antelope-drv  antelope-drv-rfe  antelope-drv-task  antlr3-5-2  antlr3-5-2-rfe  antlr3-5-2-task  antlr4  antlr4-rfe  antlr4-task  Anvl  Anvl-rfe  Anvl-task  Aom  Aom-diags  Aom-rfe  Aom-task  ApmPhy-diags  ApmX24  ApmX24-rfe  ApmX24-task  AppDmaLib  AppDmaLib-rfe  AppDmaLib-task  Aqemu  Aqemu-rfe  Aqemu-task  Arad  Arad-rfe  Arad-task  AradLanz  AradLanz-rfe  AradLanz-task  AradVxlan  AradVxlan-rfe  AradVxlan-task  Arbazel  Arbazel-rfe  Arbazel-task  ArBgp  ArBgp-rfe  ArBgp-task  ArBgpLu  ArBgpLu-rfe  ArBgpLu-task  ArBgpTest  ArBgpTest-rfe  ArBgpTest-task  ArBot  ArBot-rfe  ArBot-task  Arbugs  Arbugs-rfe  Arbugs-task  Arbus  Arbus-rfe  Arbus-task  ArbusAgent  ArbusAgent-rfe  ArbusAgent-task  Arby  Arby-rfe  Arby-task  Archer  Archer-rfe  Archer-task  ArcherTest  ArcherTest-rfe  ArcherTest-task  Arcov  Arcov-rfe  Arcov-task  ArDb  ArDb-rfe  ArDb-task  ardc  ardc-rfe  ardc-task  ArDcApps  ArDcApps-rfe  ArDcApps-task  ArDjango  ArDjango-rfe  ArDjango-task  Ardoc  Ardoc-rfe  Ardoc-task  Arecruit  Arecruit-rfe  Arecruit-task  Aresolve  Aresolve-rfe  Aresolve-task  Areview  Areview-rfe  Areview-task  ArGcov  ArGcov-rfe  ArGcov-task  ArGcovTest  ArGcovTest-rfe  ArGcovTest-task  ArGo  ArGo-rfe  ArGo-task  ArGoogleApps  ArGoogleApps-rfe  ArGoogleApps-task  Argotest  Argotest-rfe  Argotest-task  arista-bde  arista-bde-rfe  arista-bde-task  AristaAppForSplunk  AristaAppForSplunk-rfe  AristaAppForSplunk-task  AristaAppForSplunkNew  AristaAppForSplunkNew-rfe  AristaAppForSplunkNew-task  Arjob  Arjob-rfe  Arjob-task  ArjobDb  ArjobDb-rfe  ArjobDb-task  Ark  Ark-rfe  Ark-task  ArkCli  ArkCli-rfe  ArkCli-task  arm-tools  arm-tools-rfe  arm-tools-task  ArMake  ArMake-rfe  ArMake-task  ArMakeTest  ArMakeTest-rfe  ArMakeTest-task  ArMon  ArMon-rfe  ArMon-task  Arnet  Arnet-rfe  Arnet-task  ArNinja  ArNinja-rfe  ArNinja-task  Aroma  Aroma-rfe  Aroma-task  Arora  Arora-rfe  Arora-syslinux  Arora-syslinux-rfe  Arora-syslinux-task  Arora-task  AroraBugAlert  AroraBugAlert-rfe  AroraBugAlert-task  AroraConfig  AroraConfig-rfe  AroraConfig-task  AroraDevel  AroraDevel-rfe  AroraDevel-task  AroraExternal  AroraExternal-rfe  AroraExternal-task  AroraIcinga  AroraIcinga-rfe  AroraIcinga-task  AroraImage  AroraImage-rfe  AroraImage-task  AroraKernel  AroraKernel-rfe  AroraKernel-task  AroraUtils  AroraUtils-rfe  AroraUtils-task  AroraWeb  AroraWeb-rfe  AroraWeb-task  ArosBase  ArosBase-rfe  ArosBase-task  ArosTest  ArosTest-rfe  ArosTest-task  Arp  Arp-rfe  Arp-task  ArP4  ArP4-rfe  ArP4-task  ArpInspection  ArpInspection-rfe  ArPrep  ArPrep-rfe  ArPrep-task  ArpRoute  ArpRoute-rfe  ArpRoute-task  ArpSuppression  ArpSuppression-rfe  ArpSuppression-task  ArPygments  ArPygments-rfe  ArPygments-task  ArPyUtils  ArPyUtils-rfe  ArPyUtils-task  ArQa  ArQa-rfe  ArQa-task  Arrakis  Arrakis-rfe  ArRip  ArRip-rfe  ArRip-task  Arrow  Arrow-rfe  Arrow-task  ArrowAqlc  ArrowAqlc-rfe  ArrowAqlc-task  ArrowTacTest  ArrowTacTest-rfe  ArrowTacTest-task  ArrowTest  ArrowTest-rfe  ArrowTest-task  Arscale  Arscale-rfe  Arscale-task  Arsched  Arsched-rfe  Arsched-task  ArschedClient  ArschedClient-rfe  ArschedClient-task  Arsim  Arsim-rfe  Arsim-task  Arspark  Arspark-rfe  Arspark-task  Arsphinx  Arsphinx-rfe  Arsphinx-task  ArSwift  ArSwift-rfe  ArSwift-task  Arsys  Arsys-rfe  Arsys-task  ArsysTest  ArsysTest-rfe  ArsysTest-task  Artacc  Artacc-rfe  Artacc-task  Artest  Artest-rfe  Artest-task  ArtestTest  ArtestTest-rfe  ArtestTest-task  Artflow  Artflow-rfe  Artflow-task  Arthost  Arthost-rfe  Arthost-task  ArthostLib  ArthostLib-rfe  ArthostLib-task  Artist  Artist-rfe  Artist-task  ArToggles  ArToggles-rfe  ArToggles-task  ArTogglesCli  ArTogglesCli-rfe  ArTogglesCli-task  ArTogglesTest  ArTogglesTest-rfe  ArTogglesTest-task  Artools  Artools-rfe  Artools-task  ArtoolsDummy  ArtoolsSerialTest  ArtoolsSerialTest-rfe  ArtoolsSerialTest-task  Artournament  Artournament-rfe  Artournament-task  ArTrace  ArTrace-rfe  ArTrace-task  Arventory  Arventory-rfe  Arventory-task  AsicPktTestLib  AsicPktTestLib-rfe  AsicPktTestLib-task  AsicUtils  AsicUtils-rfe  AsicUtils-task  AsicUtils,Strata  AsicUtils,Strata-rfe  AsicUtils,Strata-task  Astec  Astec-rfe  Astec-task  ASU  Asu-rfe  Asu-task  AsuAgent  AsuAgent-rfe  AsuAgent-task  AsuCli  AsuCli-rfe  AsuCli-task  AsuFastPktRestore  AsuFastPktRestore-rfe  AsuFastPktRestore-task  AsuPatch  AsuPatch-rfe  AsuPatch-task  AsuTest  AsuTest-rfe  AsuTest-task  Atcollector  Atcollector-rfe  Atcollector-task  AtFork  AtFork-rfe  AtFork-task  Atime  Atime-rfe  Atime-task  aufs2-util  aufs2-util-rfe  aufs2-util-task  AutoAbug  automake  automake-rfe  automake-task  autopep8  autopep8-rfe  autopep8-task  AutoTest  AutoTest-rfe  AutoTest-service  AutoTest-service-rfe  AutoTest-service-task  AutoTest-task  AutoTestDb  AutoTestDb-rfe  AutoTestDb-task  AutoTriage  AutoTriage-rfe  AutoTriage-task  Avago  Avago (MD)  Avago-rfe  Avago-task  AvagoPhy-diags  Avb  Avb-rfe  Avb-task  AvbDut  AvbDut-rfe  AvbDut-task  AwebLib  AwebLib-rfe  AwebLib-task  awslogs  awslogs-rfe  awslogs-task  AwsVeosDutTest  AwsVeosDutTest-rfe  AwsVeosDutTest-task  Babbage  Babbage-rfe  Babbage-task  Backup  Backup-rfe  Backup-task  BaliFabric  BaliFabric-rfe  BaliFabric-task  Bannock  Bannock-rfe  Baremetal  Baremetal-rfe  Baremetal-task  Bartools  Bartools-rfe  Bartools-task  bash  bash-rfe  bash-task  bbcp  bbcp-rfe  bbcp-task  Bcm56300  Bcm56300-rfe  Bcm56300-task  bcmaccel  bcmaccel-rfe  bcmaccel-task  BcmApiTest  BcmApiTest-rfe  BcmApiTest-task  BcmDmaAbort  BcmDmaAbort-rfe  BcmDmaAbort-task  bcmlanz  bcmlanz-rfe  bcmlanz-task  BcmMdio  BcmMdio-rfe  BcmMdio-task  BcmPhy-diags  BcmSdkCommon  BcmSdkCommon-rfe  BcmSdkCommon-task  BcmSim  BcmSim-rfe  BcmSim-task  BeamTools  BeamTools-rfe  BeamTools-task  Bear  Bear-rfe  Beech-diags  Benchmark  Benchmark-rfe  Benchmark-task  BenchmarkDb  BenchmarkDb-rfe  BenchmarkDb-task  BenchmarkHw  BenchmarkHw-rfe  BenchmarkHw-task  Bess  Bess-rfe  Bess-task  bf-diags  bf-diags-rfe  bf-diags-task  bf-drivers  bf-drivers-rfe  bf-drivers-task  bf-syslibs  bf-syslibs-rfe  bf-syslibs-task  bf-utils  bf-utils-rfe  bf-utils-task  Bfd  Bfd-rfe  Bfd-task  bfdma  bfdma-rfe  bfdma-task  BfdTest  BfdTest-rfe  BfdTest-task  BfnAgentLib  BfnAgentLib-rfe  BfnAgentLib-task  BfnCentral  BfnCentral-rfe  BfnCentral-task  BfnCounters  BfnCounters-rfe  BfnCounters-task  BfnDiags  BfnDiags-rfe  BfnDiags-task  BfnFixed  BfnFixed-rfe  BfnFixed-task  BfnFlow  BfnFlow-rfe  BfnFlow-task  BfnHalo  BfnHalo-rfe  BfnHalo-task  BfnL2  BfnL2-rfe  BfnL2-task  BfnL3  BfnL3-rfe  BfnL3-task  BfnLag  BfnLag-rfe  BfnLag-task  BfnLib  BfnLib-rfe  BfnLib-task  BfnMbb  BfnMbb-rfe  BfnMbb-task  BfnMbbSlice  BfnMbbSlice-rfe  BfnMbbSlice-task  BfnMcast  BfnMcast-rfe  BfnMcast-task  BfnMirroring  BfnMirroring-rfe  BfnMirroring-task  BfnNat  BfnNat-rfe  BfnNat-task  BfnPhy  BfnPhy-rfe  BfnPhy-task  BfnQos  BfnQos-rfe  BfnQos-task  BfnSdk  BfnSdk-rfe  BfnSdk-task  BfnSharedState  BfnSharedState-rfe  BfnSharedState-task  BfnSliceAgent  BfnSliceAgent-rfe  BfnSliceAgent-task  BfnTunnel  BfnTunnel-rfe  BfnTunnel-task  BfnVlan  BfnVlan-rfe  BfnVlan-task  BfnXformMgr  BfnXformMgr-rfe  BfnXformMgr-task  Bgp  Bgp-rfe  Bgp-task  BgpCommon  BgpCommon-rfe  BgpCommon-task  BgpCore  BgpData  BgpData-rfe  BgpData-task  BgpFeatureTracker  BgpFeatureTracker-rfe  BgpFeatureTracker-task  BgpFlowspec  BgpFlowspec-rfe  BgpFlowspec-task  BgpSnmp  BgpSnmp-rfe  BgpSnmp-task  BgpSnmpTest  BgpSnmpTest-rfe  BgpSnmpTest-task  BgpVpnCommon  BgpVpnCommon-rfe  BgpVpnCommon-task  bigcode  bigcode-rfe  bigcode-task  Birch-diags  BlackBox  BlackBox-rfe  BlackBox-task  BlrInfra-task  Bmp  Bmp-rfe  Bmp-task  BmpDut  BmpDut-rfe  BmpDut-task  BmpTest  BmpTest-rfe  BmpTest-task  Bodega  Bodega-diags  Bodega-rfe  Bodega-task  BodegaChassis  BodegaChassis-rfe  boost  boost-rfe  boost-task  Brad  Brad-rfe  Brad-task  Breadman  Bridalveil  Bridalveil-rfe  BridgeBridge  BridgeBridge-rfe  BridgeBridge-task  BridgeTest  BridgeTest-rfe  BridgeTest-task  BroadcomSdk  BroadcomSdk-rfe  BroadcomSdk-task  BroadSync-diags  btrfs-progs  btrfs-progs-rfe  btrfs-progs-task  Buck  Buck-rfe  BugAlert  BugAlert-rfe  BugAlert-task  BugAlertTools  BugAlertTools-rfe  BugAlertTools-task  BugBoard  BugBoard-rfe  BugBoard-task  BugBot  BugBot-rfe  BugBot-task  BugsDatabase  BugsDatabase-rfe  BugsDatabase-task  BugsUI  BugsUITest  bugzilla  bugzilla-rfe  bugzilla-task  BugZTesting  Buildcache  Buildcache-rfe  Buildcache-task  Cables  Cables-rfe  Calistoga  Calistoga-rfe  Calpella  Canary  Canary-rfe  Canary-task  Capi  Capi-rfe  Capi-task  CapiTest  CapiTest-rfe  CapiTest-task  CaravanTelemetry  CaravanTelemetry-rfe  CaravanTelemetry-task  Caspar-diags  Cathedral  Cathedral-diags  Cathedral-rfe  Cazadero-diags  ccache  ccache-rfe  ccache-task  Cdp  Cdp-rfe  Cdp-task  CEos  CEos-rfe  CEos-task  CEosDut  CEosDut-rfe  CEosDut-task  CEosHelper  CEosHelper-rfe  CEosHelper-task  CEosImage  CEosImage-rfe  CEosImage-task  CEosInstaller  CEosInstaller-rfe  CEosInstaller-task  CEosNeo  CEosNeo-rfe  CEosNeo-task  CEosOnieInstaller  CEosOnieInstaller-rfe  CEosOnieInstaller-task  CEosOnieUtils  CEosOnieUtils-rfe  CEosOnieUtils-task  CEosTest  CEosTest-rfe  CEosTest-task  CEosUtils  CEosUtils-rfe  CEosUtils-task  ceph  ceph-rfe  ceph-task  CFM  CFM-rfe  Cfm-task  CfmAgent  CfmAgent-rfe  CfmAgent-task  CfmBase  CfmBase-rfe  CfmBase-task  CfmDut  CfmDut-rfe  CfmDut-task  CfmTest  CfmTest-rfe  CfmTest-task  cgroups  cgroups-rfe  cgroups-task  check  check-mibs  check-mibs-rfe  check-mibs-task  check-rfe  check-task  Chl822X  Chl822X-rfe  Chl822X-task  Cinch (LG)  cJSON  cJSON-rfe  cJSON-task  Clacton  Clacton-rfe  Clacton-task  ClariPhy  Clariphy-diags  ClariPhy-rfe  ClariPhy-task  ClassGraph  ClassGraph-rfe  ClassGraph-task  Clearlake-diags  Cli  Cli-rfe  Cli-task  Click  Click-rfe  Click-task  Climber  Climber-rfe  CliMode  CliMode-rfe  CliMode-task  CliParser  CliParser-rfe  CliParser-task  CliRelay  CliRelay-rfe  CliRelay-task  CliSchedulerMgr  CliSchedulerMgr-rfe  CliSchedulerMgr-task  CliSession  CliSession-rfe  CliSession-task  CliTest  CliTest-rfe  CliTest-task  CliTestClient  CliTestClient-rfe  CliTestClient-task  CliTracker  CliTracker-rfe  CliTracker-task  CliX  CliX-rfe  CliX-task  Clock-diags  CloudHa  CloudHa-rfe  CloudHa-task  CloudsRest-diags  CloudVirtualEnv  CloudVirtualEnv-rfe  CloudVirtualEnv-task  CloudVision-UserDoc  Cloverdale-diags  ClusterMgmt  ClusterMgmt-rfe  ClusterMgmt-task  ClusterMgmtTest  ClusterMgmtTest-rfe  ClusterMgmtTest-task  CMake  CMake-rfe  CMake-task  Codenomicon  Codenomicon-rfe  Codenomicon-task  CohabDut  CohabDut-rfe  CohabDut-task  ColdWatt  ColdWatt-rfe  ColdWatt-task  ColdWattHw  ColdWattHw-rfe  ColorChip (VL)  CommonCriteria  CommonCriteria-rfe  CommonCriteria-task  compat-antlr3  compat-antlr3-rfe  compat-antlr3-task  compat-gsoap  compat-gsoap-rfe  compat-gsoap-task  CompExplorer  CompExplorer-rfe  CompExplorer-task  ConditionalRoute  ConditionalRoute-rfe  ConditionalRoute-task  ConfigAgent  ConfigAgent-rfe  ConfigAgent-task  ConfigSession  ConfigSession-rfe  ConfigSession-task  ConnectedRoute  ConnectedRoute-rfe  ConnectedRoute-task  ConnectivityMonitor  ConnectivityMonitor-rfe  ConnectivityMonitor-task  ConnMgr  ConnMgr-rfe  ConnMgr-task  conserver  conserver-rfe  conserver-task  ContainerMgr  ContainerMgr-rfe  ContainerMgr-task  Controller  Controller-rfe  Controller-task  ControllerApp1  ControllerApp1-rfe  ControllerApp1-task  ControllerClient  ControllerClient-rfe  ControllerClient-task  ControllerCommon  ControllerCommon-rfe  ControllerCommon-task  Controllerdb  Controllerdb-rfe  Controllerdb-task  ControllerDebug  ControllerDebug-rfe  ControllerDebug-task  ControllerDut  ControllerDut-rfe  ControllerDut-task  ControllerProxyAgent  ControllerProxyAgent-rfe  ControllerProxyAgent-task  ControllerRegistration  ControllerRegistration-rfe  ControllerRegistration-task  ControllerTest  ControllerTest-rfe  ControllerTest-task  coreutils  coreutils-rfe  coreutils-task  Corrino  Corrino-rfe  Cotati-diags  cov-analysis  cov-analysis-rfe  cov-analysis-task  cov-platform  cov-platform-rfe  cov-platform-task  Coverage  Coverage-rfe  Coverage-task  CoverageGUI  CoverageGUI-rfe  CoverageGUI-task  Covsched  Covsched-rfe  Covsched-task  Coyote  Coyote-rfe  Cpld  Cpld-rfe  Cpld-task  CpssApi  CpssApi-rfe  CpssApi-task  CpuComplex  CpuComplex-rfe  CpuComplex-task  CpuFabric  CpuFabric-rfe  CpuFabric-task  CpuFabricCommon  CpuFabricCommon-rfe  CpuFabricCommon-task  CpuFabricTest  CpuFabricTest-rfe  CpuFabricTest-task  CpuLib-diags  cpuport  cpuport-rfe  cpuport-task  createrepo  createrepo-rfe  createrepo-task  CRM system  CRM system-rfe  crosstool-ng  crosstool-ng-rfe  crosstool-ng-task  Crt  Crt-rfe  Crt-task  cscope  cscope-rfe  cscope-task  Cspf  Cspf-rfe  Cspf-task  CStructGen  CStructGen-rfe  CStructGen-task  CtypeGen  CtypeGen-rfe  CtypeGen-task  curl  curl-rfe  curl-task  CVA  CVA-rfe  CVA-task  CvaDut  CvaDut-rfe  CvaDut-task  CvaTest  CvaTest-rfe  CvaTest-task  CVP  CVP-rfe  CVP-task  CvpDut  CvpDut-rfe  CvpDut-task  CVPI  CVPI-rfe  CVPI-task  CvpTest  CvpTest-rfe  CvpTest-task  CvxDemoServiceAgent  CvxDemoServiceAgent-rfe  CvxDemoServiceAgent-task  CvxDemoSwitchAgent  CvxDemoSwitchAgent-rfe  CvxDemoSwitchAgent-task  DaemonCli  DaemonCli-rfe  DaemonCli-task  DartGen  DartGen-rfe  DartGen-task  Dash  Dash-rfe  Dash-task  Dashboard-rfe  dbal  dbal-rfe  dbal-task  Dcb  Dcb-rfe  Dcb-task  Debug  Debug-rfe  Debug-task  Deckhand  Deckhand-rfe  Deckhand-task  Delta  Delta-rfe  Delta-task  DeltaHw  DeltaHw-rfe  DeltaPower  DeltaPower-rfe  DeltaPower-task  Demo  Demo_pkg  Demo_pkg-rfe  Demo_pkg-task  Demo_t  Demo_t-rfe  Demo_t-task  demo-orca-program  demo-orca-program-rfe  demo-orca-program-task  demo-orca-service  demo-orca-service-rfe  demo-orca-service-task  Demo-rfe  Demo-task  Demo1  Demo1-rfe  Demo1-task  DemoAgent  DemoAgent-rfe  DemoAgent-task  Denali  Denali-rfe  Denali-task  DenaliSnmp  DenaliSnmp-rfe  DenaliSnmp-task  Dfa  Dfa-rfe  Dfa-task  Dhclient  Dhclient-rfe  Dhclient-task  dhcp  dhcp-forwarder  dhcp-forwarder-rfe  dhcp-forwarder-task  dhcp-rfe  dhcp-task  DhcpClient  DhcpClient-rfe  DhcpClient-task  DhcpRelay  DhcpRelay-rfe  DhcpRelay-task  DhcpRelayTest  DhcpRelayTest-rfe  DhcpRelayTest-task  DhcpServer  DhcpServer-rfe  DhcpServer-task  DhcpSnooping  DiagEngine  DiagEngine-rfe  DiagEngine-task  Diags  Diags-rfe  Diags-task  DiagsImage  DiagsImage-rfe  DiagsImage-task  DiagsTools  DiagsTools-rfe  DiagsTools-task  DirectFlow  DirectFlow-rfe  DirectFlow-task  DirectFlowTest  DirectFlowTest-rfe  DirectFlowTest-task  DiskImager  DiskImager-rfe  DiskImager-task  disknanny  disknanny-rfe  disknanny-service  disknanny-service-rfe  disknanny-service-task  disknanny-task  Display  Display-rfe  Display-task  Dist  Dist-rfe  Dist-task  distcc  distcc-rfe  distcc-task  DITA Guidelines  django-hosts  django-hosts-rfe  django-hosts-task  djdump  djdump-rfe  djdump-task  dmamem  dmamem-rfe  dmamem-task  dnsmasq  dnsmasq-rfe  dnsmasq-task  docker  docker-rfe  docker-task  dockertest  dockertest-rfe  dockertest-task  Doran-diags  Dos  Dos-rfe  Dos-task  DosAlta  DosAlta-rfe  DosAlta-task  DosBarefoot  DosBarefoot-rfe  DosBarefoot-task  DosBroadcom  DosBroadcom-rfe  DosBroadcom-task  DosCtypes  DosCtypes-rfe  DosCtypes-task  DosDocumentation  DosDocumentation-rfe  DosDocumentation-task  DosFocalPoint  DosFocalPoint-rfe  DosFocalPoint-task  DosInfra  DosInfra-diags  DosInfra-rfe  DosInfra-task  DosSand  DosSand-rfe  DosSand-task  DosStrata  DosStrata-rfe  DosStrata-task  DosSystem  DosSystem-diags  DosSystem-rfe  DosSystem-task  DosSystemBase  DosSystemBase-rfe  DosSystemBase-task  DosUmbrella  DosUmbrella-rfe  DosUmbrella-task  DosXp  DosXp-rfe  DosXp-task  Dot1ag  Dot1ag-rfe  Dot1ag-task  Dot1x  Dot1x-rfe  Dot1x-task  Dpdk  Dpdk-rfe  Dpdk-task  Dpll  Dpll-rfe  Dpll-task  DropWatch  DropWatch-rfe  DropWatch-task  Ds125Br  Ds125Br-rfe  Ds125Br-task  Ds280  Ds280-rfe  Ds280-task  Dscp  Dscp-rfe  Dscp-task  DscpTest  DscpTest-rfe  DscpTest-task  DspUtils  DspUtils-rfe  DspUtils-task  dumb-init  dumb-init-rfe  dumb-init-task  DummyACL  DummyACL-rfe  DummyACL-task  dummyaclagent  dummyaclagent-rfe  dummyaclagent-task  Dune  Dune-rfe  dwz  dwz-rfe  dwz-task  DynamicRoutes  DynamicRoutes-rfe  DynamicRoutes-task  DynamicRouting  DynamicRouting-rfe  DynamicServiceInsertion  DynamicServiceInsertion-rfe  DynamicServiceInsertion-task  dynamips  dynamips-rfe  dynamips-task  EaglePeak-diags  Eapi  Eapi-rfe  Eapi-task  Ebra  Ebra-rfe  Ebra-task  EbraOCTests  EbraOCTests-rfe  EbraOCTests-task  EbraSnmp  EbraSnmp-rfe  EbraSnmp-task  EcbAgent  EcbAgent-rfe  EcbAgent-task  edtest  edtest-rfe  edtest-task  EDVT-Automation-Tools  Eeyore  Eeyore-rfe  Eeyore-task  eke  eke-rfe  eke-task  ElCapitan-diags  ElCorazon-diags  emacs  emacs-rfe  emacs-task  Emcore (JB)  EmersonHw  EmersonHw-rfe  EmersonPower  EmersonPower-rfe  EmersonPower-task  EngTeam  EngTeam-rfe  EngTeam-task  Enigma  Enigma-rfe  Enigma-task  EnigmaApi  EnigmaApi-rfe  EnigmaApi-task  EntityMib  EntityMib-rfe  EntityMib-task  Environment  Environment-rfe  Environment-task  EnvSnmp  EnvSnmp-rfe  EnvSnmp-task  Eoam  Eoam-rfe  Eoam-task  Eos  Eos-initscripts  Eos-initscripts-rfe  Eos-initscripts-task  Eos-logos  Eos-logos-rfe  Eos-logos-task  Eos-release  Eos-release-rfe  Eos-release-task  Eos-rfe  Eos-task  Eos-udev  Eos-udev-rfe  Eos-udev-task  EOS-UserDoc  EosAbootFirmwareUtils  EosAbootFirmwareUtils-rfe  EosAbootFirmwareUtils-task  EosDoc  EosDoc-rfe  EosDoc-task  EosExtras  EosExtras-rfe  EosExtras-task  EosImage  EosImage-rfe  EosImage-task  EosImage2GB  EosImage2GB-rfe  EosImage2GB-task  EosImageREV01HW  EosImageREV01HW-rfe  EosImageREV01HW-task  EosInit  EosInit-rfe  EosInit-task  EosKernel  EosKernel-rfe  EosKernel-task  EosKernelTest  EosKernelTest-rfe  EosKernelTest-task  EosLiteDut  EosLiteDut-rfe  EosLiteDut-task  EosSdk  EosSdk-rfe  EosSdk-task  EosSdkApps  EosSdkApps-rfe  EosSdkApps-task  EosTortureTest  EosTortureTest-rfe  EosTortureTest-task  EosUtils  EosUtils-rfe  EosUtils-task  EosVersion  EosVersion-rfe  EosVersion-task  Epil2Api  Epil2Api-rfe  Epil2Api-task  EpilApi  EpilApi-rfe  EpilApi-task  Epoch  Epoch-rfe  Epoch-task  EpqDmaLib  EpqDmaLib-rfe  EpqDmaLib-task  Eql  Eql-rfe  Eql-task  Espresso  Espresso-rfe  Espresso-task  EtbaDut  EtbaDut-rfe  EtbaDut-task  Ether  EthIntf  EthIntf-rfe  EthIntf-task  EthIntfSnmp  EthIntfSnmp-rfe  EthIntfSnmp-task  Eureka-diags  EventHistory  EventHistory-rfe  EventHistory-task  EventHistoryCli  EventHistoryCli-rfe  EventHistoryCli-task  EventMgr  EventMgr-rfe  EventMgr-task  EventMgrEnvironment  EventMgrEnvironment-rfe  EventMgrEnvironment-task  EventMgrSystem  EventMgrSystem-rfe  EventMgrSystem-task  EventMon  EventMon-rfe  EventMon-task  EventMonTest  EventMonTest-rfe  EventMonTest-task  Evora  Evora-rfe  Evora-task  EvoraApi  EvoraApi-rfe  EvoraApi-task  EvoRack  EvoRack-rfe  EvoRack-task  Evpn  Evpn-rfe  Evpn-task  EvpnLib  EvpnLib-rfe  EvpnLib-task  EvpnMplsTest  EvpnMplsTest-rfe  EvpnMplsTest-task  EvpnTest  EvpnTest-rfe  EvpnTest-task  EvpnVxlanTest  EvpnVxlanTest-rfe  EvpnVxlanTest-task  exabgp  exabgp-rfe  exabgp-task  Excelight  Excelight-rfe  exectest  exectest-rfe  exectest-task  Extension  Extension-rfe  Extension-task  ExtensionMgr  ExtensionMgr-rfe  ExtensionMgr-task  ExtEntity  ExtEntity-rfe  ExtEntity-task  External  External-rfe  External-task  ExternalAlarm  ExternalAlarm-rfe  ExternalAlarm-task  f1  f1-rfe  f1-task  fable  fable-rfe  fable-task  FabricIntf  FabricIntf-rfe  FabricIntf-task  Facilities  Facilities-rfe  fal  fal-rfe  fal-task  Fan-diags  Fan/Power  Fan/Power-rfe  FastServerFailover  FastServerFailover-rfe  FastServerFailover-task  FastServerFailoverTest  FastServerFailoverTest-rfe  FastServerFailoverTest-task  FaultInjection  FaultInjection-rfe  FaultInjection-task  FeatureQosMixedTests  FeatureQosMixedTests-rfe  FeatureQosMixedTests-task  FeatureRoutingMixedTests  FeatureRoutingMixedTests-rfe  FeatureRoutingMixedTests-task  Fhrp  Fhrp-rfe  Fhrp-task  FhrpSnmp  FhrpSnmp-rfe  FhrpSnmp-task  FhrpTest  FhrpTest-rfe  FhrpTest-task  FileCli  FileCli-rfe  FileCli-task  FileReplication  FileReplication-rfe  FileReplication-task  FileSystemMount  FileSystemMount-rfe  FileSystemMount-task  FileSystems  FileSystems-rfe  FileSystems-task  Finisar  Finisar (TH)  Finisar-rfe  fipscheck  fipscheck-rfe  fipscheck-task  Firewall  Firewall-rfe  Firewall-task  FirewallTest  FirewallTest-rfe  FirewallTest-task  firmware  firmware-rfe  firmware-task  FlameGraph  FlameGraph-rfe  FlameGraph-task  FlexCounters  FlexCounters-rfe  FlexCounters-task  FlexCountersTest  FlexCountersTest-rfe  FlexCountersTest-task  FmApi  FmApi-rfe  FmApi-task  Fne  Fne-rfe  Fne-task  FneTest  FneTest-rfe  FneTest-task  FocalPoint  focalpoint-plx  focalpoint-plx-rfe  focalpoint-plx-task  FocalPoint-rfe  FocalPoint-task  FocalPointV2  FocalPointV2-rfe  FocalPointV2-task  FocalPointV2Test  FocalPointV2Test-rfe  FocalPointV2Test-task  Forestville-diags  ForwardingAgentQosTestMixedTests  ForwardingAgentQosTestMixedTests-rfe  ForwardingAgentQosTestMixedTests-task  ForwardingAgentVxlanTestMixedTests  ForwardingAgentVxlanTestMixedTests-rfe  ForwardingAgentVxlanTestMixedTests-task  ForwardingMonitor  ForwardingMonitor-rfe  ForwardingMonitor-task  Fossil  Fossil-rfe  Fossil-task  fpdma  fpdma-rfe  fpdma-task  Fpga  Fpga-rfe  Fpga-task  FpgaHealthMonitor  FpgaHealthMonitor-rfe  FpgaHealthMonitor-task  FPLanz  FPLanz-rfe  FPLanz-task  freeradius-client  freeradius-client-rfe  freeradius-client-task  Fru  Fru-rfe  Fru-task  FruSnmp  FruSnmp-rfe  FruSnmp-task  Fulcrum  Fulcrum-rfe  FuriaApi  FuriaApi-rfe  FuriaApi-task  FuseAgent  FuseAgent-rfe  FuseAgent-task  Fvm  Fvm-rfe  Fvm-task  gated  gated-rfe  gated-task  GatedBgp  GatedBgp-rfe  GatedBgp-task  GatedRouteMap  GatedRouteMap-rfe  GatedRouteMap-task  GatedSnmp  GatedSnmp-rfe  GatedSnmp-task  GatedTe  GatedTe-rfe  GatedTe-task  GatedTest  GatedTest-rfe  GatedTest-task  gbenchmark  gbenchmark-rfe  gbenchmark-task  GbEPROM  GbEPROM-rfe  GbEPROM-task  gcc  gcc-rfe  gcc-task  gdb  gdb-rfe  gdb-task  geiger  geiger-rfe  geiger-task  General-diags  GenericSnmp  GenericSnmp-rfe  GenericSnmp-task  GenSuite  GenSuite-rfe  GenSuite-task  gflags  gflags-rfe  gflags-task  gitar  gitar-rfe  gitar-task  github  github-rfe  github-task  GitPatchMgmt  GitPatchMgmt-rfe  GitPatchMgmt-task  GitPatchReview  GitPatchReview-rfe  GitPatchReview-task  Glacier  Glacier-rfe  Glacier-task  GlenEllen  GlenEllen-rfe  Glenlyon  Glenlyon-rfe  Glenlyon-task  glibc  glibc-rfe  glibc-task  glog  glog-rfe  glog-task  Gmp  Gmp-rfe  Gmp-task  Gn2405  Gn2405-rfe  Gn2405-task  gnmi  gnmi-rfe  gnmi-task  gnoi  gnoi-rfe  gnoi-task  go-mangoes  go-mangoes-rfe  go-mangoes-task  go-mangos  go-mangos-rfe  go-mangos-task  go-nanomsg  go-nanomsg-rfe  go-nanomsg-task  goa4  goa4-rfe  goa4-task  goexternal  goexternal-rfe  goexternal-task  gograb  gograb-rfe  gograb-task  golang  golang-rfe  golang-task  GoldenGate  GoldenGate-rfe  Goodbye  Goodbye-rfe  Goodbye-task  google-api-python-client  google-api-python-client-rfe  google-api-python-client-task  google-perftools  google-perftools-rfe  google-perftools-task  gopacket  gopacket-rfe  gopacket-task  GOpenFlow  GOpenFlow-rfe  GOpenFlow-task  gotestlib  gotestlib-rfe  gotestlib-task  goworkspace  goworkspace-rfe  goworkspace-task  gperftools  gperftools-rfe  gperftools-task  GPIO-diags  Group  Group-rfe  Group-task  grpc  grpc-rfe  grpc-task  grpcio  grpcio-rfe  grpcio-task  gsoap  gsoap-rfe  gsoap-task  gtest  gtest-rfe  gtest-task  Guernville-diags  gut  gut-rfe  gut-task  hadoop-distributions  hadoop-distributions-rfe  hadoop-distributions-task  HadoopTracer  HadoopTracer-rfe  HadoopTracer-task  Halfdome  Halfdome-rfe  Halo  Halo-rfe  Halo-task  HaloFpga  HaloFpga-rfe  HaloFpga-task  HaloUtil  HaloUtil-rfe  HaloUtil-task  Hardware  Hardware-rfe  Hardware-task  HashUtils  HashUtils-rfe  HashUtils-task  Health  Health-rfe  Health-task  HealthMgr  HealthMgr-rfe  HealthMgr-task  Helena  Helena-rfe  Hello  Hello-rfe  Hello-task  HelloAgent  HelloAgent-rfe  HelloAgent-task  help2man  help2man-rfe  help2man-task  HitlessRestartTest  HitlessRestartTest-rfe  HitlessRestartTest-task  HMtestPackage  Hollywod-rfe  Hollywod-task  Hollywood  Hollywood-rfe  Hollywood-task  HostInject  HostInject-rfe  HostInject-task  HostInjectAgent  HostInjectAgent-rfe  HostInjectAgent-task  HostResourcesMib  HostResourcesMib-rfe  HostResourcesMib-task  HostSecurity  HostSecurity-rfe  HostSecurity-task  HostSecurityTest  HostSecurityTest-rfe  HostSecurityTest-task  hrdb  hrdb-rfe  hrdb-task  Hsc  Hsc-rfe  Hsc-task  HscRestApi  HscRestApi-rfe  HscRestApi-task  HttpbinDut  HttpbinDut-rfe  HttpbinDut-task  HttpService  HttpService-rfe  HttpService-task  Hut  Hut-rfe  Hut-task  HW-UserDoc  icinga  icinga-rfe  icinga-task  Idt82p33831  Idt82p33831-rfe  Idt82p33831-task  Idt82v3396  Idt82v3396-rfe  Idt82v3396-task  idutils  idutils-rfe  idutils-task  Igmp  Igmp-rfe  Igmp-task  IgmpHost  IgmpHost-rfe  IgmpHost-task  IgmpHostProxy  IgmpHostProxy-rfe  IgmpHostProxy-task  IgmpProxy  IgmpProxy-rfe  IgmpProxy-task  IgmpSnmp  IgmpSnmp-rfe  IgmpSnmp-task  IgmpSnooping  IgmpSnooping-rfe  IgmpSnooping-task  IgmpSnoopingFeature  IgmpSnoopingFeature-rfe  IgmpSnoopingTest  IgmpSnoopingTest-rfe  IgmpSnoopingTest-task  IgmpTest  IgmpTest-rfe  IgmpTest-task  ImageTest  ImageTest-rfe  ImageTest-task  Influx  Influx-rfe  Influx-task  influxlib  influxlib-rfe  influxlib-task  InnoLight (DP)  Inphi  Inphi-rfe  Inphi-task  InPhy-diags  Intel  Intel-rfe  InternalPortsSnmp  InternalPortsSnmp-rfe  InternalPortsSnmp-task  InteropL1  InteropL1Test  InteropL1Test-rfe  InteropL1Test-task  Intf  Intf-rfe  Intf-task  IntfAdapter  IntfAdapter-rfe  IntfAdapter-task  IntfSnmp  IntfSnmp-rfe  IntfSnmp-task  iomemory-vsl  iomemory-vsl-rfe  iomemory-vsl-task  iozone  iozone-rfe  iozone-task  IpDut  IpDut-rfe  IpDut-task  iperf  iperf-rfe  iperf-task  IpEth  IpEth-rfe  IpEth-task  IpEthTest  IpEthTest-rfe  IpEthTest-task  IpMRouteSnmp  IpMRouteSnmp-rfe  IpMRouteSnmp-task  IpRib  IpRib-rfe  IpRib-task  IpRibDut  IpRibDut-rfe  IpRibDut-task  IpRibLib  IpRibLib-rfe  IpRibLib-task  IpRibMain  IpRibMain-rfe  IpRibMain-task  IpRibTest  IpRibTest-rfe  IpRibTest-task  iproute  iproute-rfe  iproute-task  Ipsec  ipsec_flow_parallelization  ipsec_flow_parallelization-rfe  ipsec_flow_parallelization-task  Ipsec-rfe  Ipsec-task  ipsecflow_parallelization  ipsecflow_parallelization-rfe  ipsecflow_parallelization-task  IpsecTest  IpsecTest-rfe  IpsecTest-task  iptables  iptables-rfe  iptables-task  Ipv6NeighborDiscovery  Ipv6NeighborDiscovery-rfe  Ipv6NeighborDiscovery-task  Ipv6RouterAdvt  Ipv6RouterAdvt-rfe  Ipv6RouterAdvt-task  Ira  Ira-rfe  Ira-task  IraAcl  IraAcl-rfe  IraAcl-task  IraSnmp  IraSnmp-rfe  IraSnmp-task  irqbalance  irqbalance-rfe  irqbalance-task  isatapd  isatapd-rfe  isatapd-task  Isis  Isis-rfe  Isis-task  IsisMultiProtocolTest  IsisMultiProtocolTest-rfe  IsisMultiProtocolTest-task  isl  isl-rfe  isl-task  Isl6812X  Isl6812X-rfe  Isl6812X-task  IT Support  IT Support-rfe  ixHltApi  ixHltApi-rfe  ixHltApi-task  Ixia  Ixia-rfe  Ixia-task  ixNetworkTcl  ixNetworkTcl-rfe  ixNetworkTcl-task  ixTclHal  ixTclHal-rfe  ixTclHal-task  jcc  jcc-rfe  jcc-task  JDSU  JDSU (CW)  JDSU-rfe  jemalloc  jemalloc-rfe  jemalloc-task  Jenner  Jenner-rfe  Jenner-task  Jericho2Fixed  Jericho2Fixed-rfe  Jericho2Fixed-task  JerichoFixed  JerichoFixed-rfe  JerichoFixed-task  JerichoPlusFixed  JerichoPlusFixed-rfe  JerichoPlusFixed-task  Jinja2  Jinja2-rfe  Jinja2-task  JPlusFixed  JPlusFixed-rfe  JPlusFixed-task  jshon  jshon-rfe  jshon-task  json-cfg  json-cfg-rfe  json-cfg-task  jsonrpclib  jsonrpclib-rfe  jsonrpclib-task  Jtag  Jtag-rfe  Jtag-task  Judy  Judy-rfe  Judy-task  jungledisk  jungledisk-rfe  jungledisk-task  Kabini  Kabini-rfe  Kabini-task  kafka  kafka-rfe  kafka-task  kafkacat  kafkacat-rfe  kafkacat-task  kbfd  kbfd-rfe  kbfd-task  Kbp  kbp-driver  kbp-driver-rfe  kbp-driver-task  Kbp-rfe  Kbp-task  KbpSdk  KbpSdk-rfe  KbpSdk-task  KernelDevTools  KernelDevTools-rfe  KernelDevTools-task  KernelFib  KernelFib-rfe  KernelFib-task  KernelFibTest  KernelFibTest-rfe  KernelFibTest-task  KernelMfib  KernelMfib-rfe  KernelMfib-task  KernelNetworkInfo  KernelNetworkInfo-rfe  KernelNetworkInfo-task  KernelVersion  KernelVersion-rfe  KernelVersion-task  kexec-tools  kexec-tools-rfe  kexec-tools-task  klish  klish-rfe  klish-task  kshim  kshim-rfe  kshim-task  kubectl  kubectl-rfe  kubectl-task  kwonly-args  kwonly-args-rfe  kwonly-args-task  L2Rib  L2Rib-rfe  L2Rib-task  L3BfdTest  L3BfdTest-rfe  L3BfdTest-task  L3ProtocolAgentModelCleanup  L3ProtocolAgentModelCleanup-rfe  L3ProtocolAgentModelCleanup-task  L3ProtocolCleanup  L3ProtocolCleanup-rfe  L3ProtocolCleanup-task  L3TestLib  L3TestLib-rfe  L3TestLib-task  L3Vpn  L3Vpn-rfe  L3Vpn-task  Labpatch  Labpatch-rfe  Labpatch-task  Lag  Lag-rfe  Lag-task  LagSnmp  LagSnmp-rfe  LagSnmp-task  LagTest  LagTest-rfe  LagTest-task  Lanz  Lanz-rfe  Lanz-task  lanzcoprocessor  lanzcoprocessor-rfe  lanzcoprocessor-task  LanzTest  LanzTest-rfe  LanzTest-task  Larkfield-diags  LassenPower  LassenPower-rfe  LassenPower-task  lasso  lasso-rfe  lasso-task  Lattice  Lattice-rfe  Lattice-task  Launcher  Launcher-rfe  Launcher-task  LauncherSnmp  LauncherSnmp-rfe  LauncherSnmp-task  Layer1Mgmt  Layer1Mgmt-rfe  Layer1Mgmt-task  Ldp  Ldp-rfe  Ldp-task  LdpSnmp  LdpSnmp-rfe  LdpSnmp-task  LdpTest  LdpTest-rfe  LdpTest-task  Leoni (HC)  lftp  lftp-rfe  lftp-task  libcrafter  libcrafter-rfe  libcrafter-task  libdrm  libdrm-rfe  libdrm-task  libedit  libedit-rfe  libedit-task  libestrar  libestrar-rfe  libestrar-task  libev  libev-rfe  libev-task  libevent  libevent-rfe  libevent-task  libfastjson  libfastjson-rfe  libfastjson-task  libipt  libipt-rfe  libipt-task  liblogging  liblogging-rfe  liblogging-task  liblognorm  liblognorm-rfe  liblognorm-task  libpcap  libpcap-rfe  libpcap-task  librdkafka  librdkafka-rfe  librdkafka-task  librelp  librelp-rfe  librelp-task  libtool  libtool-rfe  libtool-task  libuio  libuio-rfe  libuio-task  libunwind  libunwind-rfe  libunwind-task  libvirt  libvirt-rfe  libvirt-task  License  License-rfe  License-task  LicenseCommon  LicenseCommon-rfe  LicenseCommon-task  LicenseRequestWeb  LicenseRequestWeb-rfe  LicenseRequestWeb-task  LicenseServer  LicenseServer-rfe  LicenseServer-task  LicenseTest  LicenseTest-rfe  LicenseTest-task  lidar  lidar-rfe  lidar-task  LinuxBridge  LinuxBridge-rfe  LinuxBridge-task  lksim  lksim-rfe  lksim-task  Lldp  Lldp-rfe  Lldp-task  LldpTest  LldpTest-rfe  LldpTest-task  llvm  llvm-rfe  llvm-task  Lm73  Lm73-rfe  Lm73-task  Lm95234  Lm95234-rfe  Lm95234-task  LoadBalancer  LoadBalancer-rfe  LoadBalancer-task  LoggedIo  LoggedIo-rfe  LoggedIo-task  LogLake  LogMgr  LogMgr-rfe  LogMgr-task  Logscan-service  Logscan-service-rfe  Logscan-service-task  LoopProtect  LoopProtect-rfe  LoopProtect-task  LpmTrie  LpmTrie-rfe  LpmTrie-task  m2crypto  m2crypto-rfe  m2crypto-task  M8  M8-rfe  MacMon  MacMon-rfe  MacMon-task  MacPhyConc  MacPhyConc-rfe  MacPhyConc-task  Macsec  Macsec-rfe  Macsec-task  MacSecAle  MacSecAle-rfe  MacSecAle-task  MacsecProxy  MacsecProxy-rfe  MacsecProxy-task  MacsecWeb  MacsecWeb-rfe  MacsecWeb-task  MadApi  MadApi-rfe  MadApi-task  MaintenacenModeTest  MaintenacenModeTest-rfe  MaintenacenModeTest-task  Maintenance  Maintenance-rfe  Maintenance-task  MaintenanceMode  MaintenanceMode-rfe  MaintenanceMode-task  MaintenanceModeTest  MaintenanceModeTest-rfe  MaintenanceModeTest-task  make  make-rfe  make-task  makedumpfile  makedumpfile-rfe  makedumpfile-task  ManagementActive  ManagementActive-rfe  ManagementActive-task  Manufacturing  Manufacturing-rfe  Marco  Marco-rfe  Marco-task  MarcoTest  MarcoTest-rfe  MarcoTest-task  MatchList  MatchList-rfe  MatchList-task  Matt  Matt-rfe  Matt-task  Max24305  Max24305-rfe  Max24305-task  Max31790  Max31790-rfe  Max31790-task  Max5980  Max5980-rfe  Max5980-task  Max6658  Max6658-rfe  Max6658-task  Max6697  Max6697-rfe  Max6697-task  mb-tools  mb-tools-rfe  mb-tools-task  MbbPostcodef  MbbPostcodef-rfe  MbbPostcodef-task  McastAgentContainer  McastAgentContainer-rfe  McastAgentContainer-task  McastBoundary  McastBoundary-rfe  McastBoundary-task  McastBridging  McastBridging-rfe  McastBridging-task  McastCommon  McastCommon-rfe  McastCommon-task  McastCommonTest  McastCommonTest-rfe  McastCommonTest-task  McastTest  McastTest-rfe  McastTest-task  Mcp55  Mcp55-rfe  Mcp55-task  Meadowood  Meadowood-rfe  Mellanox  Mellanox-rfe  Memgraph  Memgraph-rfe  Memgraph-task  Memory-diags  Mendocino  Mendocino-diags  Mendocino-rfe  Mendocino-task  Mentor  Mentor-rfe  Merced  Merced-rfe  Merge  Merge (WX)  Merge-rfe  Metadb  Metadb-rfe  Metadb-task  MetadbTest  MetadbTest-rfe  MetadbTest-task  MfgInfra  MfgInfra-diags  MfgInfra-rfe  MfgInfra-task  MfgShared  MfgShared-rfe  MfgShared-task  MfgTest  MfgTest-rfe  MfgTest-task  MgmtSecurity  MgmtSecurity-rfe  MgmtSecurity-task  Microsemi  Microsemi-rfe  Microsemi-task  mingetty  mingetty-rfe  mingetty-task  mips-sde  mips-sde-rfe  mips-sde-task  Mirroring  Mirroring-rfe  Mirroring-task  MirroringTest  MirroringTest-rfe  MirroringTest-task  Misc  Misc-rfe  MiscSnmp  MiscSnmp-rfe  MiscSnmp-task  mjollnir  mjollnir-rfe  mjollnir-task  mkelfImage  mkelfImage-rfe  mkelfImage-task  Mlag  Mlag-rfe  Mlag-task  MlagDut  MlagDut-rfe  MlagDut-task  MlagSnmp  MlagSnmp-rfe  MlagSnmp-task  MlagVrrp  MlagVrrp-rfe  MlagVrrp-task  Mld  Mld-rfe  Mld-task  MldTest  MldTest-rfe  MldTest-task  Mmpa  Mmpa-rfe  Mmpa-task  mock-program  mock-program-rfe  mock-program-task  mock-service  mock-service-rfe  mock-service-task  mod_auth_mellon  mod_auth_mellon-rfe  mod_auth_mellon-task  mod_python  mod_python-rfe  mod_python-task  Modular  Modular-rfe  Modular-task  ModularPlatform  ModularPlatform-rfe  Molex  Molex (PV)  Molex-rfe  mosh  mosh-rfe  mosh-task  MoshCli  MoshCli-rfe  MoshCli-task  moss  moss-rfe  moss-task  MountAnalyzer  MountAnalyzer-rfe  MountAnalyzer-task  MoveDownstairs  MoveDownstairs-rfe  MpcFree  MpcFree-rfe  MpcFree-task  Mpls  Mpls-rfe  Mpls-task  MplsAgent  MplsAgent-rfe  MplsAgent-task  MplsData  MplsData-rfe  MplsData-task  MplsTest  MplsTest-rfe  MplsTest-task  MplsUtils  MplsUtils-rfe  MplsUtils-task  MplsVpn  MplsVpn-rfe  MplsVpn-task  mpt3sas  mpt3sas-rfe  mpt3sas-task  Mroute  Mroute-rfe  Mroute-task  MrouteTest  MrouteTest-rfe  MrouteTest-task  Mrp  Mrp-rfe  Mrp-task  mrt  mrt-rfe  mrt-task  mrtparse  mrtparse-rfe  mrtparse-task  MrtrDut  MrtrDut-rfe  MrtrDut-task  Msdp  Msdp-rfe  Msdp-task  MsdpSnmp  MsdpSnmp-rfe  MsdpSnmp-task  MsdpTest  MsdpTest-rfe  MsdpTest-task  Msrp  Msrp-rfe  Msrp-task  Mss  Mss-rfe  Mss-task  MssClient  MssClient-rfe  MssClient-task  MssPolicyMonitor  MssPolicyMonitor-rfe  MssPolicyMonitor-task  MssTest  MssTest-rfe  MssTest-task  Mt. Baker  Mt. Baker-rfe  MtDan-diags  MtDana-diags  MtdApi  MtdApi-rfe  MtdApi-task  mtrace  mtrace-rfe  mtrace-task  MultiProtocolRouting  MultiProtocolRouting-rfe  MultiProtocolRouting-task  MultiProtocolTools  MultiProtocolTools-rfe  MultiProtocolTools-task  MultiProtocolTunnelTest  MultiProtocolTunnelTest-rfe  MultiProtocolTunnelTest-task  Mvrp  Mvrp-rfe  Mvrp-task  MyDemo  MyDemo-rfe  MyDemo-task  mysqltestlib  mysqltestlib-rfe  mysqltestlib-task  NameNode  NameNode-rfe  NameNode-task  NameNodeTest  NameNodeTest-rfe  NameNodeTest-task  NamespaceCluster  NamespaceCluster-rfe  NamespaceCluster-task  NamespaceDut  NamespaceDut-rfe  NamespaceDut-task  nanomsg  nanomsg-rfe  nanomsg-task  nanowbem  nanowbem-rfe  nanowbem-task  Napa  Napa-hw  Napa-rfe  Napa-task  Nat  Nat-rfe  Nat-task  NatTest  NatTest-rfe  NatTest-task  ncclient  ncclient-rfe  ncclient-task  ncurses  ncurses-rfe  ncurses-task  ndisc6  ndisc6-rfe  ndisc6-task  net-snmp  net-snmp-rfe  net-snmp-task  Netconf  Netconf-rfe  Netconf-task  netns  netns-rfe  netns-task  NetworkTest  NetworkTest-rfe  NetworkTest-task  NetworkTools  NetworkTools-rfe  NetworkTools-task  NetworkView  NetworkView-rfe  NetworkView-task  Nevada  Nevada-rfe  NewBgp  NewBgp-rfe  NewBgp-task  nginx  nginx-rfe  nginx-task  nglogc  nglogc-rfe  nglogc-task  Nice  Nice Diags  nios2eds  nios2eds-rfe  nios2eds-task  nnpy  nnpy-rfe  nnpy-task  node  node-rfe  node-task  nodejs  nodejs-rfe  nodejs-task  Nooksack  Nooksack-rfe  NorCal  NorCal-rfe  NorCal-task  NorCalCard  NorCalCard-rfe  NorCalCard-task  NorCalMfg  NorCalMfg-rfe  NorCalMfg-task  NorCalSys  NorCalSys-rfe  NorCalSys-task  NorCalTest  NorCalTest-rfe  NorCalTest-task  nstools  nstools-rfe  nstools-task  nsutil  nsutil-rfe  nsutil-task  Ntp  Ntp-rfe  Ntp-task  ntp-udel  ntp-udel-rfe  ntp-udel-task  NuageVsp  Nvgre  Nvgre-rfe  Nvgre-task  Oak-diags  OAM-task  oauth2client  oauth2client-rfe  oauth2client-task  ObjectTracking  ObjectTracking-rfe  ObjectTracking-task  oepnssl  oepnssl-rfe  oepnssl-task  Olema-diags  omi  omi-rfe  omi-task  onie  onie-rfe  onie-task  OnsiteDetector  OnsiteDetector-rfe  OnsiteDetector-task  openbmp  openbmp-rfe  openbmp-task  OpenConfig  OpenConfig-rfe  OpenConfig-task  OpenConfigTest  OpenConfigTest-rfe  OpenConfigTest-task  OpenFlow  OpenFlow-rfe  OpenFlow-task  OpenFlowTest  OpenFlowTest-rfe  OpenFlowTest-task  OpenGrok  OpenGrok-rfe  OpenGrok-task  openssh  openssh-rfe  openssh-task  OpenSSHTest  OpenSSHTest-rfe  OpenSSHTest-task  openssl  openssl-rfe  openssl-task  OpenStack  OpenStack-rfe  openstack-swift  openstack-swift-rfe  openstack-swift-task  OpenStack-task  openstackpythonclients  openstackpythonclients-rfe  openstackpythonclients-task  openvswitch  openvswitch-rfe  openvswitch-task  Oplink (KE)  Opnext  Opnext (AP)  Opnext-rfe  Optics  Optics-rfe  OptumSoftAbuildFirst  OptumSoftAbuildFirst-rfe  OptumSoftAbuildFirst-task  OptumSoftExternal  OptumSoftExternal-rfe  OptumSoftExternal-task  OptumSoftInfrastructure-task  OptumSoftProductTest  OptumSoftProductTest-rfe  OptumSoftProductTest-task  OptumSoftSearch  OptumSoftSearch-rfe  OptumSoftSearch-task  OptumSoftTools  OptumSoftTools-rfe  OptumSoftTools-task  Orca  Orca-rfe  Orca-task  Oscillators  Ospf  Ospf-rfe  Ospf-task  Ospf3  Ospf3-rfe  Ospf3-task  Overcast  Overcast-rfe  Overcast-task  ovftool  ovftool-rfe  ovftool-task  Ovs  Ovs-rfe  Ovs-task  P2PSync  P2PSync-rfe  P2PSync-task  P4  p4-ar-switch  p4-ar-switch-rfe  p4-ar-switch-task  p4-behavioral-model  p4-behavioral-model-rfe  p4-behavioral-model-task  p4-bf-switch  p4-bf-switch-rfe  p4-bf-switch-task  p4-bm-switch  p4-bm-switch-rfe  p4-bm-switch-task  p4-compilers  p4-compilers-rfe  p4-compilers-task  p4-hlir  p4-hlir-rfe  p4-hlir-task  P4-rfe  P4-task  p4c-bm  p4c-bm-rfe  p4c-bm-task  P4NamespaceDut  P4NamespaceDut-rfe  P4NamespaceDut-task  P4SwitchTest  P4SwitchTest-rfe  P4SwitchTest-task  p4testswitch  p4testswitch-rfe  p4testswitch-task  P4Tickets  P4Tickets-rfe  P4Tickets-task  PacketCapture  PacketCapture-rfe  PacketCapture-task  Packetpflegen  paramiko  paramiko-rfe  paramiko-task  parted  parted-rfe  parted-task  PatchPanel  PatchPanel-rfe  PatchPanel-task  PatchPanelAgent  PatchPanelAgent-rfe  PatchPanelAgent-task  PATT  PattTest  PattTest-rfe  PattTest-task  Pbr  Pbr-rfe  Pbr-task  Pca9555  Pca9555-rfe  Pca9555-task  PciBus  PciBus-rfe  PciBus-task  Pcie-diags  PcieNt  PcieNt-rfe  PcieNt-task  pcre  pcre-rfe  pcre-task  PdpDmaLib  PdpDmaLib-rfe  PdpDmaLib-task  Perdb  Perdb-rfe  Perdb-task  PeReyes  PeReyes-rfe  PeReyes-task  perforce  perforce-rfe  perforce-task  perftools  perftools-rfe  perftools-task  perl5  perl5-rfe  perl5-task  PersistentStore  PersistentStore-rfe  PersistentStore-task  peterwu  peterwu-rfe  peterwu-task  Petra  Petra-rfe  Petra-task  pexpect  pexpect-rfe  pexpect-task  Phoenix  Phoenix-rfe  Phoenix-task  Phone System  Phone System-rfe  PhyAeluros  PhyAeluros-rfe  PhyAeluros-task  PhyAlaska  PhyAlaska-rfe  PhyAlaska-task  PhyAlaskaX  PhyAlaskaX-rfe  PhyAlaskaX-task  PhyApm  PhyApm-rfe  PhyApm-task  PhyAvago  PhyAvago-rfe  PhyAvago-task  PhyAvago8812  PhyAvago8812-rfe  PhyAvago8812-task  PhyAvagoCurrent  PhyAvagoCurrent-rfe  PhyAvagoCurrent-task  PhyBcm  PhyBcm-rfe  PhyBcm-task  PhyBcm54980  PhyBcm54980-rfe  PhyBcm54980-task  PhyBcmEpil  PhyBcmEpil-rfe  PhyBcmEpil-task  PhyClariphy  PhyClariphy-rfe  PhyClariphy-task  PhyEee  PhyEee-rfe  PhyEee-task  PhyEthtool  PhyEthtool-rfe  PhyEthtool-task  PhyMtd  PhyMtd-rfe  PhyMtd-task  PhyNlp1342  PhyTest  PhyTest-rfe  PhyTest-task  PhyTn  PhyTn-rfe  PhyTn-task  Picasso  Picasso-rfe  Picasso-task  Picnic  Picnic-rfe  Piedmont  pigz  pigz-rfe  pigz-task  pika  pika-rfe  pika-task  Pim  Pim-rfe  Pim-task  PimBidir  PimBidir-rfe  PimBidir-task  PimBidirDf  PimBidirDf-rfe  PimBidirDf-task  PimBidirTest  PimBidirTest-rfe  PimBidirTest-task  PimBsr  PimBsr-rfe  PimBsr-task  PimBsrTest  PimBsrTest-rfe  PimBsrTest-task  PimReg  PimReg-rfe  PimReg-task  PimRegTest  PimRegTest-rfe  PimRegTest-task  Pimsm  Pimsm-rfe  Pimsm-task  PimsmTest  PimsmTest-rfe  PimsmTest-task  PimSnmp  PimSnmp-rfe  PimSnmp-task  pktgen  pktgen-rfe  pktgen-task  PlatformAgent  PlatformAgent-rfe  PlatformAgent-task  PlatformL3Intf  PlatformL3Intf-rfe  PlatformL3Intf-task  PlatformLibrary  PlatformLibrary-rfe  PlatformLibrary-task  PlatformTest  PlatformTest-rfe  PlatformTest-task  PlePex8600  PlePex8600-rfe  PlePex8600-task  PlugIt  PlugIt-rfe  PlugIt-task  Pluto  Pluto-rfe  Pluto-task  PlutoLib  PlutoLib-rfe  PlutoLib-task  PlutoLibrary  PlutoLibrary-rfe  PlutoLibrary-task  PlutoUtil  PlutoUtil-rfe  PlutoUtil-task  plx-pcie-drivers  plx-pcie-drivers-rfe  plx-pcie-drivers-task  Plx9056Bridge  Plx9056Bridge-rfe  Plx9056Bridge-task  PlxPex8600  PlxPex8600-rfe  PlxPex8600-task  ply  ply-rfe  ply-task  pmat  pmat-rfe  pmat-task  Pmbus  Pmbus-rfe  Pmbus-task  poc-tasks  PolicyMap  PolicyMap-rfe  PolicyMap-task  PolicyService  PolicyService-rfe  PolicyService-task  Ponderosa-diags  PortMirroring  PortMirroring-rfe  Power  Power-rfe  Power-task  PowerDevice-diags  PowerFuse  PowerFuse-rfe  PowerFuse-task  PowerOne  PowerOne-rfe  PowerOne-task  PowerSupply-diags  Prebuilt  Prebuilt-rfe  Prebuilt-task  Prestera  Prestera-rfe  Prestera-task  ProcMgr  ProcMgr-rfe  ProcMgr-task  procps  procps-ng  procps-ng-rfe  procps-ng-task  procps-rfe  procps-task  ProductAttributes  ProductAttributes-rfe  ProductAttributes-task  Proglog  Proglog-rfe  Proglog-task  ProjectReport  ProjectReport-rfe  ProjectReport-task  Pronghorn-diags  proteus-dns  proteus-dns-rfe  proteus-dns-task  Proto  Proto-rfe  Proto-task  protobuf  protobuf-rfe  protobuf-task  Pseudowire  Pseudowire-rfe  Pseudowire-task  PseudowireAgent  PseudowireAgent-rfe  PseudowireAgent-task  PseudowireCli  PseudowireCli-rfe  PseudowireCli-task  PseudowireTest  PseudowireTest-rfe  PseudowireTest-task  Psmi  Psmi-rfe  Psmi-task  PsocFanController  PsocFanController-rfe  PsocFanController-task  Psp  Psp-rfe  Psp-task  pstack  pstack-rfe  pstack-task  Ptp  Ptp-rfe  Ptp-task  ptpd  ptpd-rfe  ptpd-task  ptpd-v2  ptpd-v2-rfe  ptpd-v2-task  PtpTest  PtpTest-rfe  PtpTest-task  PtpTimeSync  PtpTimeSync-rfe  PtpTimeSync-task  PtpTimeSyncTest  PtpTimeSyncTest-rfe  PtpTimeSyncTest-task  PtReyes  PtReyes-rfe  PtReyes-task  Pulse  Pulse-rfe  Pulse-task  PulseAgent  PulseAgent-rfe  PulseAgent-task  PulseWeb  PulseWeb-rfe  PulseWeb-task  pxe  pxe-kexec  pxe-kexec-rfe  pxe-kexec-task  pxe-rfe  pxe-swi  pxe-swi-rfe  pxe-swi-task  pxe-task  py-radix  py-radix-rfe  py-radix-task  PyArrow  PyArrow-rfe  PyArrow-task  pycodestyle  pycodestyle-rfe  pycodestyle-task  pylibpcap  pylibpcap-rfe  pylibpcap-task  pylint  pylint-rfe  pylint-task  pylucene  pylucene-rfe  pylucene-task  python  python-beautiful-soup  python-beautiful-soup-rfe  python-beautiful-soup-task  python-blockdiag  python-blockdiag-rfe  python-blockdiag-task  python-breathe  python-breathe-rfe  python-breathe-task  python-cjson  python-cjson-rfe  python-cjson-task  python-cogapp  python-cogapp-rfe  python-cogapp-task  python-decorator  python-decorator-rfe  python-decorator-task  python-django  python-django-picklefield  python-django-picklefield-rfe  python-django-picklefield-task  python-django-rfe  python-django-storage-swift  python-django-storage-swift-rfe  python-django-storage-swift-task  python-django-task  python-djblets  python-djblets-rfe  python-djblets-task  python-docker  python-docker-rfe  python-docker-task  python-dpkt  python-dpkt-rfe  python-dpkt-task  python-eunuchs  python-eunuchs-rfe  python-eunuchs-task  python-eventlet  python-eventlet-rfe  python-eventlet-task  python-funcparserlib  python-funcparserlib-rfe  python-funcparserlib-task  python-graph  python-graph-rfe  python-graph-task  python-httpbin  python-httpbin-rfe  python-httpbin-task  python-httplib2  python-httplib2-rfe  python-httplib2-task  python-iso8601  python-iso8601-rfe  python-iso8601-task  python-jcc  python-jcc-rfe  python-jcc-task  python-json-cfg  python-json-cfg-rfe  python-json-cfg-task  python-jsonrpclib  python-jsonrpclib-rfe  python-jsonrpclib-task  python-kwonly-args  python-kwonly-args-rfe  python-kwonly-args-task  python-logilab-astng  python-logilab-astng-rfe  python-logilab-astng-task  python-m2crypto  python-m2crypto-rfe  python-m2crypto-task  python-markdown2  python-markdown2-rfe  python-markdown2-task  python-mox  python-mox-rfe  python-mox-task  python-ncclient  python-ncclient-rfe  python-ncclient-task  python-oftest  python-oftest-rfe  python-oftest-task  python-openbmp-api  python-openbmp-api-rfe  python-openbmp-api-task  python-openstackclients  python-openstackclients-rfe  python-openstackclients-task  python-paramiko  python-paramiko-rfe  python-paramiko-task  python-pbr  python-pbr-rfe  python-pbr-task  python-pip  python-pip-rfe  python-pip-task  python-prettytable  python-prettytable-rfe  python-prettytable-task  python-ptf  python-ptf-rfe  python-ptf-task  python-pypiserver  python-pypiserver-rfe  python-pypiserver-task  python-pyvmomi  python-pyvmomi-rfe  python-pyvmomi-task  python-requests  python-requests-rfe  python-requests-task  python-requests2  python-requests2-rfe  python-requests2-task  python-rfe  python-seqdiag  python-seqdiag-rfe  python-seqdiag-task  python-setuptools  python-setuptools-rfe  python-setuptools-task  python-six  python-six-rfe  python-six-task  python-sleekxmpp  python-sleekxmpp-rfe  python-sleekxmpp-task  python-sphinx  python-sphinx-rfe  python-sphinx-task  python-sqlalchemy  python-sqlalchemy-rfe  python-sqlalchemy-task  python-swiftclient  python-swiftclient-rfe  python-swiftclient-task  python-task  python-webcolors  python-webcolors-rfe  python-webcolors-task  python-xlrd  python-xlrd-rfe  python-xlrd-task  python-xlwt  python-xlwt-rfe  python-xlwt-task  python-ZSI  python-ZSI-rfe  python-ZSI-task  python26  python26-rfe  python26-task  python3  python3-rfe  python3-task  PyWrappers  PyWrappers-rfe  PyWrappers-task  Qbuild  Qbuild-rfe  Qbuild-task  qemu  qemu-gns3  qemu-gns3-rfe  qemu-gns3-task  qemu-kvm  qemu-kvm-rfe  qemu-kvm-task  qemu-rfe  qemu-task  QemuVmAgent  QemuVmAgent-rfe  QemuVmAgent-task  Qos  Qos-rfe  Qos-task  QosSnmp  QosSnmp-rfe  QosSnmp-task  QosTest  QosTest-rfe  QosTest-task  QuaggaDut  QuaggaDut-rfe  QuaggaDut-task  quantumfs  quantumfs-rfe  quantumfs-task  Qube  Qube-rfe  Qube-task  QubeTest  QubeTest-rfe  QubeTest-task  qubit-tools  QuickTrace  QuickTrace-rfe  QuickTrace-task  QuickTraceTest  QuickTraceTest-rfe  QuickTraceTest-task  quota  quota-rfe  quota-task  RachiticTest  RachiticTest-rfe  RachiticTest-task  Radius  Radius-rfe  Radius-task  Raild  Raild-rfe  Raild-task  RAILproto  RAILproto-rfe  RAILproto-task  RAILtest  RAILtest-rfe  RAILtest-task  Rainbow-diags  Rama  Rama-rfe  Rama-task  Raven  Raven-rfe  rbfd  rbfd-rfe  rbfd-task  RdamDatabase  RdamDatabase-rfe  RdamDatabase-task  RdamDut  RdamDut-rfe  RdamDut-task  ReachabilityMonitor  ReachabilityMonitor-rfe  ReachabilityMonitor-task  ReachabilityMonitorTest  ReachabilityMonitorTest-rfe  ReachabilityMonitorTest-task  RedSea  RedSea-rfe  RedSea-task  RedSup  RedSup-rfe  RedSup-task  RedSupSnmp  RedSupSnmp-rfe  RedSupSnmp-task  Redundancy  Redundancy-rfe  Redundancy-task  ReleaseTools  ReleaseTools-rfe  ReleaseTools-task  ReleaseUmbrella  ReloadCause  ReloadCause-rfe  ReloadCause-task  ReloadCauseAgent  ReloadCauseAgent-rfe  ReloadCauseAgent-task  ReloadPolicy  ReloadPolicy-rfe  ReloadPolicy-task  RemoteAgentSync  RemoteAgentSync-rfe  RemoteAgentSync-task  Renesas  Renesas-rfe  requests  requests-rfe  requests-task  ResourceManager  ResourceManager-rfe  ResourceManager-task  ReviewBoard  ReviewBoard-rfe  ReviewBoard-task  ReviewBoardTest  ReviewBoardTest-rfe  ReviewBoardTest-task  Ribbon-diags  RibCapi  RibCapi-rfe  RibCapi-task  RibCapiTest  RibCapiTest-rfe  RibCapiTest-task  Rio  Rio-rfe  Rio-task  RioTest  RioTest-rfe  RioTest-task  Rip  Rip-rfe  Rip-task  ripgrep  ripgrep-rfe  ripgrep-task  RN  Robo-service  Robo-service-rfe  Robo-service-task  Robo1  Robo1-rfe  Robo1-task  Robo2  Robo2-rfe  Robo2-task  Robo3  Robo3-rfe  Robo3-task  RoboScripts  RoboScripts-rfe  RoboScripts-task  rootfs-service  rootfs-service-rfe  rootfs-service-task  Rosa-diags  Rosa/SantaRosa/Cotati  RouteInput  RouteInput-rfe  RouteInput-task  RouteMap  RouteMap-rfe  RouteMap-task  RouterGeneral  RouterGeneral-rfe  RouterGeneral-task  RouterGeneralCli  RouterGeneralCli-rfe  RouterGeneralCli-task  RoutingHelper  RoutingHelper-rfe  RoutingHelper-task  rpcapd  rpcapd-rfe  rpcapd-task  Rsvp  Rsvp-rfe  Rsvp-task  RsvpTest  RsvpTest-rfe  RsvpTest-task  rsyslog  rsyslog-rfe  rsyslog-task  rtest  rtest-rfe  rtest-task  Ruby  Ruby-rfe  Ruby-task  Rutherford  Rutherford-rfe  Saguaro  Saguaro-rfe  Saguaro-task  Sai  sai-net  sai-net-rfe  sai-net-task  Sai-rfe  Sai-task  SaltLakeFixed  SaltLakeFixed-rfe  SaltLakeFixed-task  SampleSoftware  Sand  Sand--diags  Sand-diags  sand-dma  sand-dma-rfe  sand-dma-task  Sand-rfe  Sand-task  SandAcl  SandAcl-rfe  SandAcl-task  SandAclTest  SandAclTest-rfe  SandAclTest-task  SandBcmSdkShim  SandBcmSdkShim-rfe  SandBcmSdkShim-task  SandBcmSdkV2  SandBcmSdkV2-rfe  SandBcmSdkV2-task  SandBroadcomSdk  SandBroadcomSdk-rfe  SandBroadcomSdk-task  SandCounters  SandCounters-rfe  SandCounters-task  SandDanz  SandDanz-rfe  SandDanz-task  SandFabric  SandFabric-rfe  SandFabric-task  SandFap  SandFap-rfe  SandFap-task  SandFapNi  SandFapNi-rfe  SandFapNi-task  SandFapNiState  SandFapNiState-rfe  SandFapNiState-task  SandFlow  SandFlow-rfe  SandFlow-task  SandHalo  SandHalo-rfe  SandHalo-task  SandHw  SandHw-rfe  SandHw-task  SandIpsec  SandIpsec-rfe  SandIpsec-task  SandL3Unicast  SandL3Unicast-rfe  SandL3Unicast-task  SandLag  SandLag-rfe  SandLag-task  SandLanz  SandLanz-rfe  SandLanz-task  SandLib  SandLib-rfe  SandLib-task  SandMact  SandMact-rfe  SandMact-task  SandMcast  SandMcast-rfe  SandMcast-task  SandMdb  SandMdb-rfe  SandMdb-task  SandMirroring  SandMirroring-rfe  SandMirroring-task  SandOam  SandOam-rfe  SandOam-task  SandPbr  SandPbr-rfe  SandPbr-task  SandPhy  SandPhy-rfe  SandPhy-task  SandPolicyLib  SandPolicyLib-rfe  SandPolicyLib-task  SandPP  SandPP-rfe  SandPP-task  SandPtp  SandPtp-rfe  SandPtp-task  SandQos  SandQos-rfe  SandQos-task  SandSal  SandSal-rfe  SandSal-task  SandSalCommon  SandSalCommon-rfe  SandSalCommon-task  SandSdk  SandSdk-rfe  SandSdk-task  SandSdkHelper  SandSdkHelper-rfe  SandSdkHelper-task  SandSdkShim  SandSdkShim-rfe  SandSdkShim-task  SandSdkV2Helper  SandSdkV2Helper-rfe  SandSdkV2Helper-task  SandSdkV3  SandSdkV3-rfe  SandSdkV3-task  SandSdkV3Helper  SandSdkV3Helper-rfe  SandSdkV3Helper-task  SandSdkV4  SandSdkV4-rfe  SandSdkV4-task  SandSdkV4Helper  SandSdkV4Helper-rfe  SandSdkV4Helper-task  SandTapAgg  SandTapAgg-rfe  SandTapAgg-task  SandTcam  SandTcam-rfe  SandTcam-task  SandTcamLib  SandTcamLib-rfe  SandTcamLib-task  SandTest  SandTest-rfe  SandTest-task  SandTm  SandTm-rfe  SandTm-task  SandToggles  SandToggles-rfe  SandToggles-task  SandTopo  SandTopo-rfe  SandTopo-task  SandTunnel  SandTunnel-rfe  SandTunnel-task  SantaRosa-diags  Santo  Santo-common  Santo-common-rfe  Santo-common-task  Santo-psp  Santo-psp-rfe  Santo-psp-task  Santo-rfe  Santo-task  Santo-v1  Santo-v1-rfe  Santo-v1-task  Sapling  Sapling-rfe  Sb820  Sb820-rfe  Sb820-task  Sc16is760  Sc16is760-rfe  Sc16is760-task  Scaleit  Scaleit-rfe  Scaleit-task  scc  Scd  scd-driver  scd-driver-rfe  scd-driver-task  scd-em  scd-em-rfe  scd-em-task  Scd-rfe  Scd-task  ScdEmUtils  ScdEmUtils-rfe  ScdEmUtils-task  SchanAccel  SchanAccel-rfe  SchanAccel-task  SchanCentral  SchanCentral-rfe  SchanCentral-task  Schooner-diags  screen  screen-rfe  screen-task  SeaRanch  SeaRanch-rfe  SecretCli  SecretCli-rfe  SecretCli-task  SecureNic  SecureNic-rfe  SecureNic-task  Security-diags  SecurityTest  SecurityTest-rfe  SecurityTest-task  Sequoia  Sequoia-diags  Sequoia-rfe  Sequoia-task  SequoiaModular  SessionTimeout  SessionTimeout-rfe  SessionTimeout-task  Sesto-diags  Sfa  Sfa-rfe  Sfa-task  Sfe  Sfe-rfe  Sfe-task  SfeModules  SfeModules-rfe  SfeModules-task  Sflow  Sflow-rfe  Sflow-task  SflowAccel  SflowAccel-rfe  SflowAccel-task  SflowAccelTest  SflowAccelTest-rfe  SflowAccelTest-task  SflowLib  SflowLib-rfe  SflowLib-task  SflowTest  SflowTest-rfe  SflowTest-task  shadow-utils  shadow-utils-rfe  shadow-utils-task  Shape  Shape-rfe  Shape-task  ShardedMap  ShardedMap-rfe  ShardedMap-task  ShardedMapCppApi  ShardedMapCppApi-rfe  ShardedMapCppApi-task  ShardedMapTest  ShardedMapTest-rfe  ShardedMapTest-task  SharedMem  SharedMem-rfe  SharedMem-task  Shasta  Shasta-rfe  Shmalloc  Shmalloc-rfe  Shmalloc-task  ShowCommandService  ShowCommandService-rfe  ShowCommandService-task  Si5327  Si5327-rfe  Si5327-task  Silverado  Silverado-rfe  simtop  simtop-rfe  simtop-task  Skegness  Skegness-rfe  Skegness-task  SkuTools  SkuTools-rfe  SkuTools-task  SmartOptics (FB)  smartsync  smartsync-rfe  smartsync-task  Smash  Smash-rfe  Smash-task  SmashCli  SmashCli-rfe  SmashCli-task  SmashTest  SmashTest-rfe  SmashTest-task  SmashTools  SmashTools-rfe  SmashTools-task  SmashViz  SmashViz-rfe  SmashViz-task  snakefood  snakefood-rfe  snakefood-task  Snmp  Snmp-rfe  Snmp-task  Snmp,net-snmp  Snmp,net-snmp-rfe  Snmp,net-snmp-task  SnmpTest  SnmpTest-rfe  SnmpTest-task  Sol  Sol-rfe  Sol-task  Sonic  Sonic-rfe  sonic-support  sonic-support-rfe  sonic-support-task  Sonic-task  Sonoma  Sonoma-rfe  Source Photonics (ET)  source-highlight  source-highlight-rfe  source-highlight-task  SourcePhotonics  SourcePhotonics-rfe  spark  spark-rfe  spark-task  Sparrow  Sparrow-rfe  Sparrow-task  spin  spin-rfe  spin-task  spl  spl-rfe  spl-task  SplunkForwarder  SplunkForwarder-rfe  SplunkForwarder-task  squashfs-tools  squashfs-tools-rfe  squashfs-tools-task  SrTePolicy  SrTePolicy-rfe  SrTePolicy-task  SrTePolicyTest  SrTePolicyTest-rfe  SrTePolicyTest-task  SshHostKeys  SshHostKeys-rfe  SshHostKeys-task  SsoTest  SsoTest-rfe  SsoTest-task  Sta-task  StageMgr  StageMgr-rfe  StageMgr-task  StageMgrAgent  StageMgrAgent-rfe  StageMgrAgent-task  StanbyCpld  StanbyCpld-rfe  StanbyCpld-task  Stand  Stand-rfe  Stand-task  StandbyCpld  StandbyCpld-rfe  StandbyCpld-task  Stash  Stash-rfe  Stash-task  StashTest  StashTest-rfe  StashTest-task  Stat  Stat-rfe  Stat-task  StaticRoute  StaticRoute-rfe  StaticRoute-task  stest-service  stest-service-rfe  stest-service-task  stestimgbuilder  stestimgbuilder-rfe  stestimgbuilder-task  stesting  stesting-rfe  stesting-task  StestWorkspace-service  StestWorkspace-service-rfe  StestWorkspace-service-task  StorageDevices  StorageDevices-rfe  StorageDevices-task  Storg  Storg-rfe  Storg-task  StormControl  StormControl-rfe  StormControl-task  Stp  Stp-rfe  Stp-task  StpSnmp  StpSnmp-rfe  StpSnmp-task  Strata  Strata--diags  Strata-diags  strata-dma  strata-dma-rfe  strata-dma-task  Strata-rfe  Strata-task  StrataAcl  StrataAcl-rfe  StrataAcl-task  StrataApi  StrataApi-rfe  StrataApi-task  StrataApi2  StrataApi2-rfe  StrataApi2-task  StrataApiTest  StrataApiTest-rfe  StrataApiTest-task  StrataApiV2  StrataApiV2-rfe  StrataApiV2-task  StrataApiV3  StrataApiV3-rfe  StrataApiV3-task  StrataApiV4  StrataApiV4-rfe  StrataApiV4-task  StrataCental  StrataCental-rfe  StrataCental-task  StrataCentral  StrataCentral-rfe  StrataCentral-task  StrataCommon  StrataCommon-rfe  StrataCommon-task  StrataCounters  StrataCounters-rfe  StrataCounters-task  StrataDiags  StrataDiags-rfe  StrataDiags-task  StrataDmaTest  StrataDmaTest-rfe  StrataDmaTest-task  StrataL2  StrataL2-rfe  StrataL2-task  StrataL2Multicast  StrataL2Multicast-rfe  StrataL2Multicast-task  StrataL3  StrataL3-rfe  StrataL3-task  StrataL3Test  StrataL3Test-rfe  StrataL3Test-task  StrataLag  StrataLag-rfe  StrataLag-task  StrataLanz  StrataLanz-rfe  StrataLanz-task  stratalanzcoprocessor  stratalanzcoprocessor-rfe  stratalanzcoprocessor-task  StrataLib  StrataLib-rfe  StrataLib-task  StrataLtApi  StrataLtApi-rfe  StrataLtApi-task  StrataMirror  StrataMirror-rfe  StrataMirror-task  StrataMpls  StrataMpls-rfe  StrataMpls-task  StrataMultiAgentTest  StrataMultiAgentTest-rfe  StrataMultiAgentTest-task  StrataParity  StrataParity-rfe  StrataParity-task  StrataPbr  StrataPbr-rfe  StrataPbr-task  StrataPhy  StrataPhy-rfe  StrataPhy-task  StrataQos  StrataQos-rfe  StrataQos-task  StrataSdkCommon  StrataSdkCommon-rfe  StrataSdkCommon-task  StrataSdkShim  StrataSdkShim-rfe  StrataSdkShim-task  StrataSso  StrataSso-rfe  StrataSso-task  StrataT2PlusTest  StrataT2PlusTest-rfe  StrataT2PlusTest-task  StrataT2Test  StrataT2Test-rfe  StrataT2Test-task  StrataTcam  StrataTcam-rfe  StrataTcam-task  StrataTest  StrataTest-rfe  StrataTest-task  StrataV2  StrataV2-rfe  StrataV2-task  StrataVlanTopo  StrataVlanTopo-rfe  StrataVlanTopo-task  StrataVxlan  StrataVxlan-rfe  StrataVxlan-task  StrataXgsApi  StrataXgsApi-rfe  StrataXgsApi-task  StrataXgsApiV2  StrataXgsApiV2-rfe  StrataXgsApiV2-task  Stratix  Stratix-rfe  Stratix-task  strongswan  strongswan-rfe  strongswan-task  stuttermeter  stuttermeter-rfe  stuttermeter-task  SubIntf  subintf-task  sudo  sudo-rfe  sudo-task  sudorca  sudorca-rfe  sudorca-service  sudorca-service-rfe  sudorca-service-task  sudorca-task  Sumitomo (FY)  SuperServer  SuperServer-rfe  SuperServer-task  SupportedHardware  SupportedHardware-rfe  SupportedHardware-task  sw-infra  SwiftLib  SwiftLib-rfe  SwiftLib-task  swig  swig-rfe  swig-task  Switchboard  Switchboard-rfe  Switchboard-task  SwitchTest  SwitchTest-rfe  SwitchTest-task  SwLab  SwLab-logre  SwLab-rfe  Sysdb  Sysdb-rfe  Sysdb-task  SysdbAgent  SysdbAgent-rfe  SysdbAgent-task  SysdbProfileCheck  SysdbProfileCheck-rfe  SysdbProfileCheck-task  SysdbTest  SysdbTest-rfe  SysdbTest-task  syslog-proxy  syslog-proxy-rfe  syslog-proxy-task  SysMgr  SysMgr-rfe  SysMgr-task  SysMgrSnmp  SysMgrSnmp-rfe  SysMgrSnmp-task  SysMgrTest  SysMgrTest-rfe  SysMgrTest-task  systemd  systemd-rfe  systemd-task  systest-poc lab  sysvinit  sysvinit-rfe  sysvinit-task  Tacacs  Tacacs-rfe  Tacacs-task  tacacs+  tacacs+-rfe  tacacs+-task  tacc  tacc-pygment  tacc-pygment-rfe  tacc-pygment-task  tacc-rfe  tacc-task  TaccAttic  TaccAttic-rfe  TaccAttic-task  TaccComputeMan  TaccComputeMan-rfe  TaccComputeMan-task  TaccComputeManImpl  TaccComputeManImpl-rfe  TaccComputeManImpl-task  TaccComputeManTest  TaccComputeManTest-rfe  TaccComputeManTest-task  TaccDistributedTest  TaccDistributedTest-rfe  TaccDistributedTest-task  TaccDocs  TaccDocs-rfe  TaccDocs-task  TaccExamples  TaccExamples-rfe  TaccExamples-task  TaccExperimental  TaccExperimental-rfe  TaccExperimental-task  TaccGraphTest  TaccInternalDocs  TaccInternalDocs-rfe  TaccInternalDocs-task  TaccInteropTest  TaccInteropTest-rfe  TaccInteropTest-task  TaccJni  TaccJni-rfe  TaccJni-task  TaccJniTest  TaccMap  TaccMap-rfe  TaccMap-task  TaccMapSrv  TaccMapSrv-rfe  TaccMapSrv-task  TaccMarketAnalyticsTest  TaccNetworkTest  TaccNetworkTest-rfe  TaccNetworkTest-task  TaccOde  TaccOde-rfe  TaccOde-task  TaccPerfFwk-task  TaccPerfTools  TaccPerfTools-rfe  TaccPerfTools-task  TaccPyUtils  TaccPyUtils-rfe  TaccPyUtils-task  TaccServiceMan  TaccServiceMan-rfe  TaccServiceMan-task  TaccServiceManTest  TaccServiceManTest-rfe  TaccServiceManTest-task  TacGo  TacGo-rfe  TacGo-task  TacGoTest  TacGoTest-rfe  TacGoTest-task  TacMarco  TacMarco-rfe  TacMarco-task  TacNav  TacNav-rfe  TacNav-task  taco  taco-rfe  taco-task  tacoTest  tacoTest-rfe  tacoTest-task  TacPulse  TacPulse-rfe  TacPulse-task  TacSmash  TacSmash-rfe  TacSmash-task  TacStash  TacStash-rfe  TacStash-task  tacXref  Tamarack  Tamarack-rfe  TapAggGui  TapAggGui-rfe  TapAggGui-task  TapAggTest  TapAggTest-rfe  TapAggTest-task  TargetExpr  TargetExpr-rfe  TargetExpr-task  TargetExpression  TargetExpression-rfe  TargetExpression-task  Taro  Taro-rfe  Taro-task  TaskScheduler  TaskScheduler-rfe  TaskScheduler-task  tcollector  tcollector-rfe  tcollector-task  tcollectorAgent  tcollectorAgent-rfe  tcollectorAgent-task  tcp_wrappers  tcp_wrappers-rfe  tcp_wrappers-task  tcpdump  tcpdump-rfe  tcpdump-task  tcptrace  tcptrace-rfe  tcptrace-task  Te  Te-rfe  te-task  TeCli  TeCli-rfe  TeCli-task  telnet  telnet-rfe  telnet-task  TemplatePkg  TemplatePkg-rfe  TemplatePkg-task  TempSensor-diags  Tenjin  Tenjin-rfe  Tenjin-task  Teranetics  Teranetics-rfe  TerminAttr  TerminAttr-rfe  TerminAttr-task  test  test-rfe  test-task  Test1234567  Test12345678  Test123456789  test56  TestCluster  TestCluster-rfe  TestCluster-task  TestDemo  TestDemo-rfe  TestDemo-task  Testpoint  Testpoint-rfe  Testpoint-task  TestProduct  TestResources  TestResources-rfe  TestResources-task  TestSuite  TestSuite-rfe  TestSuite-task  TestSuiteTest  TestSuiteTest-rfe  TestSuiteTest-task  ThermoMgr  ThermoMgr-rfe  ThermoMgr-task  Thermostat  Thermostat-rfe  Thermostat-task  ThreeBrothers-diags  thrift  thrift-rfe  thrift-task  Tiburon  Tiburon-rfe  TimberCove-diags  timeout  timeout-rfe  timeout-task  TimeSync  TimeSync-rfe  TimeSync-task  TiPhy-diags  tmux  tmux-rfe  tmux-task  tofino-model  tofino-model-rfe  tofino-model-task  tofinobm  tofinobm-rfe  tofinobm-task  Toggles  Toggles-rfe  Toggles-task  Tomahawk2Fixed  Tomahawk2Fixed-rfe  Tomahawk2Fixed-task  Tomahawk3Fixed  Tomahawk3Fixed-rfe  Tomahawk3Fixed-task  Tomales  Tomales-rfe  TommyDS  TommyDS-rfe  TommyDS-task  Tools  Topology  Topology-rfe  Topology-task  TopologyManager  TopologyManager-rfe  TopologyManager-task  TopologyTest  TopologyTest-rfe  TopologyTest-task  TPGen  TPGen-rfe  TPGen-task  Tpm  Tpm-rfe  Tpm-task  TPMFU  TPMFU-rfe  TPMFU-task  traceroute  traceroute-rfe  traceroute-task  Tunnel  Tunnel-rfe  Tunnel-task  TunnelIntf  TunnelIntf-rfe  TunnelIntf-task  TunnelIntfTest  TunnelIntfTest-rfe  TunnelIntfTest-task  TunnelSnmp  TunnelSnmp-rfe  TunnelSnmp-task  TunnelTest  TunnelTest-rfe  TunnelTest-task  Tyco (BQ)  uart-verilog  uart-verilog-rfe  uart-verilog-task  Ucd9012  Ucd9012-rfe  Ucd9012-task  ufl  ufl-rfe  ufl-task  Ugly  Ugly-rfe  Ugly-task  Umbrella  Umbrella-rfe  Umbrella-stest  Umbrella-stest-rfe  Umbrella-stest-task  Umbrella-task  urcu  urcu-rfe  urcu-task  uriparser  uriparser-rfe  uriparser-task  UserCgroup  UserCgroup-rfe  UserCgroup-task  UserDocs-rfe  userspace-rcu  userspace-rcu-rfe  userspace-rcu-task  uthash  uthash-rfe  uthash-task  util-linux  util-linux-rfe  util-linux-task  uwsgi  uwsgi-rfe  uwsgi-task  UwsgiApp  UwsgiApp-rfe  UwsgiApp-task  valgrind  valgrind-rfe  valgrind-task  vEOS  vEOS-rfe  VEos-task  VeosDut  VeosDut-rfe  VeosDut-task  VeosPerfTest  VeosPerfTest-rfe  VeosPerfTest-task  Vernal  Vernal-rfe  Virtual EOS (vEOS)  VirtualCable  VirtualCable-rfe  VirtualCable-task  Vm  Vm-rfe  Vm-task  VmDut  VmDut-rfe  VmDut-task  VmTracer  VmTracer-rfe  VmTracer-task  VmwareNvp  VmwareNvp-rfe  VmwareNvp-task  VmwareTest  VmwareTest-rfe  VmwareTest-task  VmwareVds  VmwareVds-rfe  VmwareVds-task  VmwareVI  VmwareVI-rfe  VmwareVI-task  Vrf  Vrf-rfe  vrf-scale  Vrf-task  VrfLeak  VrfLeak-rfe  VrfLeak-task  Vrm64  Vrm64-rfe  Vrm64-task  VrmIr  VrmIr-rfe  VrmIr-task  Vrrp  Vrrp-rfe  Vrrp-task  vulcan  Vxlan  Vxlan-rfe  Vxlan-task  VxlanAdvAgent  VxlanAdvAgent-rfe  VxlanAdvAgent-task  VxlanController  VxlanController-rfe  VxlanController-task  VxlanControllerTest  VxlanControllerTest-rfe  VxlanControllerTest-task  VxlanRouting-task  VxlanStatus  VxlanStatus-rfe  VxlanStatus-task  VxlanTest  VxlanTest-rfe  VxlanTest-task  waagent  waagent-rfe  waagent-task  Watchdog  Watchdog-rfe  Watchdog-task  WaveSplitter (SM)  Wbem  Wbem-rfe  Wbem-task  Web  Web-rfe  Web-task  wget  wget-rfe  wget-task  Windows  Windows-rfe  Windows-task  Winston  Winston-rfe  Winston-task  wireshark  wireshark-rfe  wireshark-task  Workspace-service  Workspace-service-rfe  Workspace-service-task  WorkspaceDut  WorkspaceDut-rfe  WorkspaceDut-task  workspacePrefetcher  workspacePrefetcher-rfe  workspacePrefetcher-task  World  World-rfe  World-task  wpa_supplicant  wpa_supplicant-rfe  wpa_supplicant-task  WsgiDut  WsgiDut-rfe  WsgiDut-task  Xcvr  Xcvr-diags  Xcvr-rfe  Xcvr-task  XcvrCfp2Dco  XcvrCfp2Dco-rfe  XcvrCfp2Dco-task  XcvrCtrl  XcvrCtrl-rfe  XcvrCtrl-task  XcvrSnmp  XcvrSnmp-rfe  XcvrSnmp-task  XFire  XFire-rfe  XFire-task  XFireTest  XFireTest-rfe  XFireTest-task  xfstests  xfstests-rfe  xfstests-task  Xilinx  Xilinx-rfe  Xilinx-task  xinetd  xinetd-rfe  xinetd-task  Xmpp  Xmpp-rfe  Xmpp-task  xorg-x11-drv-intel  xorg-x11-drv-intel-rfe  xorg-x11-drv-intel-task  xpaccel  xpaccel-rfe  xpaccel-task  XpAccess  XpAccess-rfe  XpAccess-task  XpAcl  XpAcl-rfe  XpAcl-task  XpApi  XpApi-rfe  XpApi-task  XpCentral  XpCentral-rfe  XpCentral-task  XpCounters  XpCounters-rfe  XpCounters-task  xpdma  xpdma-rfe  xpdma-task  XpFlow  XpFlow-rfe  XpFlow-task  XpL2  XpL2-rfe  XpL2-task  XpL3Unicast  XpL3Unicast-rfe  XpL3Unicast-task  XpLanz  XpLanz-rfe  XpLanz-task  XpLib  XpLib-rfe  XpLib-task  xplot  xplot-rfe  xplot-task  XpMact  XpMact-rfe  XpMact-task  XpMcast  XpMcast-rfe  XpMcast-task  XpPbr  XpPbr-task  XpProfile  XpProfile-rfe  XpProfile-task  XpQos  XpQos-rfe  XpQos-task  XpSdk  XpSdk-rfe  XpSdk-task  XpSim  XpSim-rfe  XpSim-task  XpSlice  XpSlice-rfe  XpSlice-task  XpTest  XpTest-rfe  XpTest-task  XpVxlan  XpVxlan-task  Xtacc  Xtacc-rfe  Xtacc-task  Xukg  Xukg-rfe  Xukg-task  XukWeb  XukWeb-rfe  XukWeb-task  xxHash  xxHash-rfe  xxHash-task  yaml-cpp  yaml-cpp-rfe  yaml-cpp-task  Yosemite  Yosemite-diags  Yosemite-rfe  Yosemite-task  Yreka-diags  Zbf  Zbf-rfe  Zbf-task  Zeppelin  Zeppelin-rfe  Zeppelin-task  ZeroTouch  ZeroTouch-rfe  ZeroTouch-task  zfs  zfs-rfe  zfs-task  zlog  zlog-rfe  zlog-task  ztpserver  ztpserver-rfe  ztpserver-task  Zuma  Zuma-hw  Zuma-rfe  Zuma-task0 / 200 Checked' or . = '  Check All   Uncheck All  @Dos  @Dos-rfe  @Dos-task  @DosLib  @DosLib-rfe  @DosLib-task  @Lakeport-diags  @LegacyPackage  ##General##  ##General##-rfe  ##General##-task  ##Internal##  ##Internal##-rfe  11111Test34  12222test  123456789Test  12345Test  1RUdiags  1RUdiags-rfe  1Test  3dm2  3dm2-rfe  3dm2-task  3M (EJ)  A144  a4b  a4b-rfe  a4b-task  a4c  a4c-qfs  a4c-qfs-rfe  a4c-qfs-service  a4c-qfs-service-rfe  a4c-qfs-service-task  a4c-qfs-task  a4c-qfs-test  a4c-qfs-test-rfe  a4c-qfs-test-task  a4c-rfe  a4c-service  a4c-service-rfe  a4c-service-task  a4c-task  A4Web  A4Web-rfe  A4Web-task  A55  Aaa  Aaa-rfe  Aaa-task  AaaTest  AaaTest-rfe  AaaTest-task  AaaTest1  Abalone  Aben  Aben-rfe  Aben-task  Aboard  Aboot  Aboot-rfe  Aboot-task  AbootFirmwareUtils  AbootFirmwareUtils-rfe  AbootFirmwareUtils-task  AbootTest  AbootTest-rfe  AbootTest-task  Abug  Abug-rfe  Abug-task  Abug-testing  AbugApi  AbugApi-rfe  AbugApi-task  Abuild  Abuild-rfe  Abuild-task  AbuildDb  AbuildDb-rfe  AbuildDb-task  AbuildWeb  AbuildWeb-rfe  AbuildWeb-task  abuildworkspace-service  abuildworkspace-service-rfe  abuildworkspace-service-task  Acacia-diags  Acarpool  Acarpool-rfe  Acarpool-task  Acl  Acl-rfe  Acl-task  AclAgent  AclAgent-rfe  AclAgent-task  AclSnmp  AclSnmp-rfe  AclSnmp-task  AclTest  AclTest-rfe  AclTest-task  AclTestLib  AclTestLib-rfe  AclTestLib-task  Across  Across-rfe  Across-task  ActivePerl  ActivePerl-rfe  ActivePerl-task  actor  actor-rfe  actor-task  addronly-nat  addronly-nat-rfe  addronly-nat-task  Adm1066  Adm1066-rfe  Adm1066-task  Adt7462  Adt7462-rfe  Adt7462-task  Adt7483  Adt7483-rfe  Adt7483-task  Aeluros  Aeluros-rfe  aer-uio  aer-uio-rfe  aer-uio-task  Aeris  Aeris-rfe  Aeris-task  AerisTest  AerisTest-rfe  AerisTest-task  Afetch  Afetch-rfe  Afetch-task  Afind  Afind-rfe  Afind-task  Agent  Agent-rfe  Agent-task  AgentLib  AgentLib-rfe  AgentLib-task  AgentLogging  AgentLogging-rfe  AgentLogging-task  AgentMonitor  AgentMonitor-rfe  AgentMonitor-task  AgentSyncResponder  AgentSyncResponder-rfe  AgentSyncResponder-task  AgentVis  AgentVis-rfe  AgentVis-task  Agile  Agile-rfe  AGitTools  AGitTools-rfe  AGitTools-task  Agraphviz  Agraphviz-rfe  Agraphviz-task  ahab  ahab-rfe  ahab-task  Ahire  Ahire-rfe  Ahire-task  Ahost  Ahost-rfe  Ahost-task  AhostImage  AhostImage-rfe  AhostImage-task  Ahwahnee  Ahwahnee-rfe  aid  aid-rfe  aid-task  Aie  Aie-rfe  Aie-task  Alameda  Alameda-rfe  Alameda-task  Ale  Ale-rfe  Ale-task  AleAsu  AleAsu-rfe  AleAsu-task  AleCapacity  AleCapacity-rfe  AleCapacity-task  AleCapacitySnmp  AleCapacitySnmp-rfe  AleCapacitySnmp-task  AleCentral  AleCentral-rfe  AleCentral-task  AleCfm  AleCfm-rfe  AleCfm-task  AleCounters  AleCounters-rfe  AleCounters-task  AleEvpn  AleEvpn-rfe  AleEvpn-task  AleFlow  AleFlow-rfe  AleFlow-task  AleHalo  AleHalo-rfe  AleHalo-task  AleIpsec  AleIpsec-rfe  AleIpsec-task  AleL3  AleL3-rfe  AleL3-task  AleL3Intf  AleL3Intf-rfe  AleL3Intf-task  AleL3Unicast  AleL3Unicast-rfe  AleL3Unicast-task  AleMacSec  AleMacSec-rfe  AleMacSec-task  AleMpls  AleMpls-rfe  AleMpls-task  AleMroute  AleMroute-rfe  AleMroute-task  AleNat  AleNat-rfe  AleNat-task  AlePbr  AlePbr-rfe  AlePbr-task  AlePhy  AlePhy-rfe  AlePhy-task  AleQos  AleQos-rfe  AleQos-task  AleTcam  AleTcam-rfe  AleTcam-task  AleTestLib  AleTestLib-rfe  AleTestLib-task  AleVrrp  AleVrrp-rfe  AleVrrp-task  AleVxlan  AleVxlan-rfe  AleVxlan-task  AlgoMatchUtil  AlgoMatchUtil-rfe  AlgoMatchUtil-task  Aloha  Aloha-rfe  Aloha-task  Alphanet  Alphanet-rfe  Alphanet-task  AltaLanz  AltaLanz-rfe  AltaLanz-task  Altera  Altera-rfe  Altera-task  Amphenol  Amphenol (DY)  Amphenol-rfe  antelope-drv  antelope-drv-rfe  antelope-drv-task  antlr3-5-2  antlr3-5-2-rfe  antlr3-5-2-task  antlr4  antlr4-rfe  antlr4-task  Anvl  Anvl-rfe  Anvl-task  Aom  Aom-diags  Aom-rfe  Aom-task  ApmPhy-diags  ApmX24  ApmX24-rfe  ApmX24-task  AppDmaLib  AppDmaLib-rfe  AppDmaLib-task  Aqemu  Aqemu-rfe  Aqemu-task  Arad  Arad-rfe  Arad-task  AradLanz  AradLanz-rfe  AradLanz-task  AradVxlan  AradVxlan-rfe  AradVxlan-task  Arbazel  Arbazel-rfe  Arbazel-task  ArBgp  ArBgp-rfe  ArBgp-task  ArBgpLu  ArBgpLu-rfe  ArBgpLu-task  ArBgpTest  ArBgpTest-rfe  ArBgpTest-task  ArBot  ArBot-rfe  ArBot-task  Arbugs  Arbugs-rfe  Arbugs-task  Arbus  Arbus-rfe  Arbus-task  ArbusAgent  ArbusAgent-rfe  ArbusAgent-task  Arby  Arby-rfe  Arby-task  Archer  Archer-rfe  Archer-task  ArcherTest  ArcherTest-rfe  ArcherTest-task  Arcov  Arcov-rfe  Arcov-task  ArDb  ArDb-rfe  ArDb-task  ardc  ardc-rfe  ardc-task  ArDcApps  ArDcApps-rfe  ArDcApps-task  ArDjango  ArDjango-rfe  ArDjango-task  Ardoc  Ardoc-rfe  Ardoc-task  Arecruit  Arecruit-rfe  Arecruit-task  Aresolve  Aresolve-rfe  Aresolve-task  Areview  Areview-rfe  Areview-task  ArGcov  ArGcov-rfe  ArGcov-task  ArGcovTest  ArGcovTest-rfe  ArGcovTest-task  ArGo  ArGo-rfe  ArGo-task  ArGoogleApps  ArGoogleApps-rfe  ArGoogleApps-task  Argotest  Argotest-rfe  Argotest-task  arista-bde  arista-bde-rfe  arista-bde-task  AristaAppForSplunk  AristaAppForSplunk-rfe  AristaAppForSplunk-task  AristaAppForSplunkNew  AristaAppForSplunkNew-rfe  AristaAppForSplunkNew-task  Arjob  Arjob-rfe  Arjob-task  ArjobDb  ArjobDb-rfe  ArjobDb-task  Ark  Ark-rfe  Ark-task  ArkCli  ArkCli-rfe  ArkCli-task  arm-tools  arm-tools-rfe  arm-tools-task  ArMake  ArMake-rfe  ArMake-task  ArMakeTest  ArMakeTest-rfe  ArMakeTest-task  ArMon  ArMon-rfe  ArMon-task  Arnet  Arnet-rfe  Arnet-task  ArNinja  ArNinja-rfe  ArNinja-task  Aroma  Aroma-rfe  Aroma-task  Arora  Arora-rfe  Arora-syslinux  Arora-syslinux-rfe  Arora-syslinux-task  Arora-task  AroraBugAlert  AroraBugAlert-rfe  AroraBugAlert-task  AroraConfig  AroraConfig-rfe  AroraConfig-task  AroraDevel  AroraDevel-rfe  AroraDevel-task  AroraExternal  AroraExternal-rfe  AroraExternal-task  AroraIcinga  AroraIcinga-rfe  AroraIcinga-task  AroraImage  AroraImage-rfe  AroraImage-task  AroraKernel  AroraKernel-rfe  AroraKernel-task  AroraUtils  AroraUtils-rfe  AroraUtils-task  AroraWeb  AroraWeb-rfe  AroraWeb-task  ArosBase  ArosBase-rfe  ArosBase-task  ArosTest  ArosTest-rfe  ArosTest-task  Arp  Arp-rfe  Arp-task  ArP4  ArP4-rfe  ArP4-task  ArpInspection  ArpInspection-rfe  ArPrep  ArPrep-rfe  ArPrep-task  ArpRoute  ArpRoute-rfe  ArpRoute-task  ArpSuppression  ArpSuppression-rfe  ArpSuppression-task  ArPygments  ArPygments-rfe  ArPygments-task  ArPyUtils  ArPyUtils-rfe  ArPyUtils-task  ArQa  ArQa-rfe  ArQa-task  Arrakis  Arrakis-rfe  ArRip  ArRip-rfe  ArRip-task  Arrow  Arrow-rfe  Arrow-task  ArrowAqlc  ArrowAqlc-rfe  ArrowAqlc-task  ArrowTacTest  ArrowTacTest-rfe  ArrowTacTest-task  ArrowTest  ArrowTest-rfe  ArrowTest-task  Arscale  Arscale-rfe  Arscale-task  Arsched  Arsched-rfe  Arsched-task  ArschedClient  ArschedClient-rfe  ArschedClient-task  Arsim  Arsim-rfe  Arsim-task  Arspark  Arspark-rfe  Arspark-task  Arsphinx  Arsphinx-rfe  Arsphinx-task  ArSwift  ArSwift-rfe  ArSwift-task  Arsys  Arsys-rfe  Arsys-task  ArsysTest  ArsysTest-rfe  ArsysTest-task  Artacc  Artacc-rfe  Artacc-task  Artest  Artest-rfe  Artest-task  ArtestTest  ArtestTest-rfe  ArtestTest-task  Artflow  Artflow-rfe  Artflow-task  Arthost  Arthost-rfe  Arthost-task  ArthostLib  ArthostLib-rfe  ArthostLib-task  Artist  Artist-rfe  Artist-task  ArToggles  ArToggles-rfe  ArToggles-task  ArTogglesCli  ArTogglesCli-rfe  ArTogglesCli-task  ArTogglesTest  ArTogglesTest-rfe  ArTogglesTest-task  Artools  Artools-rfe  Artools-task  ArtoolsDummy  ArtoolsSerialTest  ArtoolsSerialTest-rfe  ArtoolsSerialTest-task  Artournament  Artournament-rfe  Artournament-task  ArTrace  ArTrace-rfe  ArTrace-task  Arventory  Arventory-rfe  Arventory-task  AsicPktTestLib  AsicPktTestLib-rfe  AsicPktTestLib-task  AsicUtils  AsicUtils-rfe  AsicUtils-task  AsicUtils,Strata  AsicUtils,Strata-rfe  AsicUtils,Strata-task  Astec  Astec-rfe  Astec-task  ASU  Asu-rfe  Asu-task  AsuAgent  AsuAgent-rfe  AsuAgent-task  AsuCli  AsuCli-rfe  AsuCli-task  AsuFastPktRestore  AsuFastPktRestore-rfe  AsuFastPktRestore-task  AsuPatch  AsuPatch-rfe  AsuPatch-task  AsuTest  AsuTest-rfe  AsuTest-task  Atcollector  Atcollector-rfe  Atcollector-task  AtFork  AtFork-rfe  AtFork-task  Atime  Atime-rfe  Atime-task  aufs2-util  aufs2-util-rfe  aufs2-util-task  AutoAbug  automake  automake-rfe  automake-task  autopep8  autopep8-rfe  autopep8-task  AutoTest  AutoTest-rfe  AutoTest-service  AutoTest-service-rfe  AutoTest-service-task  AutoTest-task  AutoTestDb  AutoTestDb-rfe  AutoTestDb-task  AutoTriage  AutoTriage-rfe  AutoTriage-task  Avago  Avago (MD)  Avago-rfe  Avago-task  AvagoPhy-diags  Avb  Avb-rfe  Avb-task  AvbDut  AvbDut-rfe  AvbDut-task  AwebLib  AwebLib-rfe  AwebLib-task  awslogs  awslogs-rfe  awslogs-task  AwsVeosDutTest  AwsVeosDutTest-rfe  AwsVeosDutTest-task  Babbage  Babbage-rfe  Babbage-task  Backup  Backup-rfe  Backup-task  BaliFabric  BaliFabric-rfe  BaliFabric-task  Bannock  Bannock-rfe  Baremetal  Baremetal-rfe  Baremetal-task  Bartools  Bartools-rfe  Bartools-task  bash  bash-rfe  bash-task  bbcp  bbcp-rfe  bbcp-task  Bcm56300  Bcm56300-rfe  Bcm56300-task  bcmaccel  bcmaccel-rfe  bcmaccel-task  BcmApiTest  BcmApiTest-rfe  BcmApiTest-task  BcmDmaAbort  BcmDmaAbort-rfe  BcmDmaAbort-task  bcmlanz  bcmlanz-rfe  bcmlanz-task  BcmMdio  BcmMdio-rfe  BcmMdio-task  BcmPhy-diags  BcmSdkCommon  BcmSdkCommon-rfe  BcmSdkCommon-task  BcmSim  BcmSim-rfe  BcmSim-task  BeamTools  BeamTools-rfe  BeamTools-task  Bear  Bear-rfe  Beech-diags  Benchmark  Benchmark-rfe  Benchmark-task  BenchmarkDb  BenchmarkDb-rfe  BenchmarkDb-task  BenchmarkHw  BenchmarkHw-rfe  BenchmarkHw-task  Bess  Bess-rfe  Bess-task  bf-diags  bf-diags-rfe  bf-diags-task  bf-drivers  bf-drivers-rfe  bf-drivers-task  bf-syslibs  bf-syslibs-rfe  bf-syslibs-task  bf-utils  bf-utils-rfe  bf-utils-task  Bfd  Bfd-rfe  Bfd-task  bfdma  bfdma-rfe  bfdma-task  BfdTest  BfdTest-rfe  BfdTest-task  BfnAgentLib  BfnAgentLib-rfe  BfnAgentLib-task  BfnCentral  BfnCentral-rfe  BfnCentral-task  BfnCounters  BfnCounters-rfe  BfnCounters-task  BfnDiags  BfnDiags-rfe  BfnDiags-task  BfnFixed  BfnFixed-rfe  BfnFixed-task  BfnFlow  BfnFlow-rfe  BfnFlow-task  BfnHalo  BfnHalo-rfe  BfnHalo-task  BfnL2  BfnL2-rfe  BfnL2-task  BfnL3  BfnL3-rfe  BfnL3-task  BfnLag  BfnLag-rfe  BfnLag-task  BfnLib  BfnLib-rfe  BfnLib-task  BfnMbb  BfnMbb-rfe  BfnMbb-task  BfnMbbSlice  BfnMbbSlice-rfe  BfnMbbSlice-task  BfnMcast  BfnMcast-rfe  BfnMcast-task  BfnMirroring  BfnMirroring-rfe  BfnMirroring-task  BfnNat  BfnNat-rfe  BfnNat-task  BfnPhy  BfnPhy-rfe  BfnPhy-task  BfnQos  BfnQos-rfe  BfnQos-task  BfnSdk  BfnSdk-rfe  BfnSdk-task  BfnSharedState  BfnSharedState-rfe  BfnSharedState-task  BfnSliceAgent  BfnSliceAgent-rfe  BfnSliceAgent-task  BfnTunnel  BfnTunnel-rfe  BfnTunnel-task  BfnVlan  BfnVlan-rfe  BfnVlan-task  BfnXformMgr  BfnXformMgr-rfe  BfnXformMgr-task  Bgp  Bgp-rfe  Bgp-task  BgpCommon  BgpCommon-rfe  BgpCommon-task  BgpCore  BgpData  BgpData-rfe  BgpData-task  BgpFeatureTracker  BgpFeatureTracker-rfe  BgpFeatureTracker-task  BgpFlowspec  BgpFlowspec-rfe  BgpFlowspec-task  BgpSnmp  BgpSnmp-rfe  BgpSnmp-task  BgpSnmpTest  BgpSnmpTest-rfe  BgpSnmpTest-task  BgpVpnCommon  BgpVpnCommon-rfe  BgpVpnCommon-task  bigcode  bigcode-rfe  bigcode-task  Birch-diags  BlackBox  BlackBox-rfe  BlackBox-task  BlrInfra-task  Bmp  Bmp-rfe  Bmp-task  BmpDut  BmpDut-rfe  BmpDut-task  BmpTest  BmpTest-rfe  BmpTest-task  Bodega  Bodega-diags  Bodega-rfe  Bodega-task  BodegaChassis  BodegaChassis-rfe  boost  boost-rfe  boost-task  Brad  Brad-rfe  Brad-task  Breadman  Bridalveil  Bridalveil-rfe  BridgeBridge  BridgeBridge-rfe  BridgeBridge-task  BridgeTest  BridgeTest-rfe  BridgeTest-task  BroadcomSdk  BroadcomSdk-rfe  BroadcomSdk-task  BroadSync-diags  btrfs-progs  btrfs-progs-rfe  btrfs-progs-task  Buck  Buck-rfe  BugAlert  BugAlert-rfe  BugAlert-task  BugAlertTools  BugAlertTools-rfe  BugAlertTools-task  BugBoard  BugBoard-rfe  BugBoard-task  BugBot  BugBot-rfe  BugBot-task  BugsDatabase  BugsDatabase-rfe  BugsDatabase-task  BugsUI  BugsUITest  bugzilla  bugzilla-rfe  bugzilla-task  BugZTesting  Buildcache  Buildcache-rfe  Buildcache-task  Cables  Cables-rfe  Calistoga  Calistoga-rfe  Calpella  Canary  Canary-rfe  Canary-task  Capi  Capi-rfe  Capi-task  CapiTest  CapiTest-rfe  CapiTest-task  CaravanTelemetry  CaravanTelemetry-rfe  CaravanTelemetry-task  Caspar-diags  Cathedral  Cathedral-diags  Cathedral-rfe  Cazadero-diags  ccache  ccache-rfe  ccache-task  Cdp  Cdp-rfe  Cdp-task  CEos  CEos-rfe  CEos-task  CEosDut  CEosDut-rfe  CEosDut-task  CEosHelper  CEosHelper-rfe  CEosHelper-task  CEosImage  CEosImage-rfe  CEosImage-task  CEosInstaller  CEosInstaller-rfe  CEosInstaller-task  CEosNeo  CEosNeo-rfe  CEosNeo-task  CEosOnieInstaller  CEosOnieInstaller-rfe  CEosOnieInstaller-task  CEosOnieUtils  CEosOnieUtils-rfe  CEosOnieUtils-task  CEosTest  CEosTest-rfe  CEosTest-task  CEosUtils  CEosUtils-rfe  CEosUtils-task  ceph  ceph-rfe  ceph-task  CFM  CFM-rfe  Cfm-task  CfmAgent  CfmAgent-rfe  CfmAgent-task  CfmBase  CfmBase-rfe  CfmBase-task  CfmDut  CfmDut-rfe  CfmDut-task  CfmTest  CfmTest-rfe  CfmTest-task  cgroups  cgroups-rfe  cgroups-task  check  check-mibs  check-mibs-rfe  check-mibs-task  check-rfe  check-task  Chl822X  Chl822X-rfe  Chl822X-task  Cinch (LG)  cJSON  cJSON-rfe  cJSON-task  Clacton  Clacton-rfe  Clacton-task  ClariPhy  Clariphy-diags  ClariPhy-rfe  ClariPhy-task  ClassGraph  ClassGraph-rfe  ClassGraph-task  Clearlake-diags  Cli  Cli-rfe  Cli-task  Click  Click-rfe  Click-task  Climber  Climber-rfe  CliMode  CliMode-rfe  CliMode-task  CliParser  CliParser-rfe  CliParser-task  CliRelay  CliRelay-rfe  CliRelay-task  CliSchedulerMgr  CliSchedulerMgr-rfe  CliSchedulerMgr-task  CliSession  CliSession-rfe  CliSession-task  CliTest  CliTest-rfe  CliTest-task  CliTestClient  CliTestClient-rfe  CliTestClient-task  CliTracker  CliTracker-rfe  CliTracker-task  CliX  CliX-rfe  CliX-task  Clock-diags  CloudHa  CloudHa-rfe  CloudHa-task  CloudsRest-diags  CloudVirtualEnv  CloudVirtualEnv-rfe  CloudVirtualEnv-task  CloudVision-UserDoc  Cloverdale-diags  ClusterMgmt  ClusterMgmt-rfe  ClusterMgmt-task  ClusterMgmtTest  ClusterMgmtTest-rfe  ClusterMgmtTest-task  CMake  CMake-rfe  CMake-task  Codenomicon  Codenomicon-rfe  Codenomicon-task  CohabDut  CohabDut-rfe  CohabDut-task  ColdWatt  ColdWatt-rfe  ColdWatt-task  ColdWattHw  ColdWattHw-rfe  ColorChip (VL)  CommonCriteria  CommonCriteria-rfe  CommonCriteria-task  compat-antlr3  compat-antlr3-rfe  compat-antlr3-task  compat-gsoap  compat-gsoap-rfe  compat-gsoap-task  CompExplorer  CompExplorer-rfe  CompExplorer-task  ConditionalRoute  ConditionalRoute-rfe  ConditionalRoute-task  ConfigAgent  ConfigAgent-rfe  ConfigAgent-task  ConfigSession  ConfigSession-rfe  ConfigSession-task  ConnectedRoute  ConnectedRoute-rfe  ConnectedRoute-task  ConnectivityMonitor  ConnectivityMonitor-rfe  ConnectivityMonitor-task  ConnMgr  ConnMgr-rfe  ConnMgr-task  conserver  conserver-rfe  conserver-task  ContainerMgr  ContainerMgr-rfe  ContainerMgr-task  Controller  Controller-rfe  Controller-task  ControllerApp1  ControllerApp1-rfe  ControllerApp1-task  ControllerClient  ControllerClient-rfe  ControllerClient-task  ControllerCommon  ControllerCommon-rfe  ControllerCommon-task  Controllerdb  Controllerdb-rfe  Controllerdb-task  ControllerDebug  ControllerDebug-rfe  ControllerDebug-task  ControllerDut  ControllerDut-rfe  ControllerDut-task  ControllerProxyAgent  ControllerProxyAgent-rfe  ControllerProxyAgent-task  ControllerRegistration  ControllerRegistration-rfe  ControllerRegistration-task  ControllerTest  ControllerTest-rfe  ControllerTest-task  coreutils  coreutils-rfe  coreutils-task  Corrino  Corrino-rfe  Cotati-diags  cov-analysis  cov-analysis-rfe  cov-analysis-task  cov-platform  cov-platform-rfe  cov-platform-task  Coverage  Coverage-rfe  Coverage-task  CoverageGUI  CoverageGUI-rfe  CoverageGUI-task  Covsched  Covsched-rfe  Covsched-task  Coyote  Coyote-rfe  Cpld  Cpld-rfe  Cpld-task  CpssApi  CpssApi-rfe  CpssApi-task  CpuComplex  CpuComplex-rfe  CpuComplex-task  CpuFabric  CpuFabric-rfe  CpuFabric-task  CpuFabricCommon  CpuFabricCommon-rfe  CpuFabricCommon-task  CpuFabricTest  CpuFabricTest-rfe  CpuFabricTest-task  CpuLib-diags  cpuport  cpuport-rfe  cpuport-task  createrepo  createrepo-rfe  createrepo-task  CRM system  CRM system-rfe  crosstool-ng  crosstool-ng-rfe  crosstool-ng-task  Crt  Crt-rfe  Crt-task  cscope  cscope-rfe  cscope-task  Cspf  Cspf-rfe  Cspf-task  CStructGen  CStructGen-rfe  CStructGen-task  CtypeGen  CtypeGen-rfe  CtypeGen-task  curl  curl-rfe  curl-task  CVA  CVA-rfe  CVA-task  CvaDut  CvaDut-rfe  CvaDut-task  CvaTest  CvaTest-rfe  CvaTest-task  CVP  CVP-rfe  CVP-task  CvpDut  CvpDut-rfe  CvpDut-task  CVPI  CVPI-rfe  CVPI-task  CvpTest  CvpTest-rfe  CvpTest-task  CvxDemoServiceAgent  CvxDemoServiceAgent-rfe  CvxDemoServiceAgent-task  CvxDemoSwitchAgent  CvxDemoSwitchAgent-rfe  CvxDemoSwitchAgent-task  DaemonCli  DaemonCli-rfe  DaemonCli-task  DartGen  DartGen-rfe  DartGen-task  Dash  Dash-rfe  Dash-task  Dashboard-rfe  dbal  dbal-rfe  dbal-task  Dcb  Dcb-rfe  Dcb-task  Debug  Debug-rfe  Debug-task  Deckhand  Deckhand-rfe  Deckhand-task  Delta  Delta-rfe  Delta-task  DeltaHw  DeltaHw-rfe  DeltaPower  DeltaPower-rfe  DeltaPower-task  Demo  Demo_pkg  Demo_pkg-rfe  Demo_pkg-task  Demo_t  Demo_t-rfe  Demo_t-task  demo-orca-program  demo-orca-program-rfe  demo-orca-program-task  demo-orca-service  demo-orca-service-rfe  demo-orca-service-task  Demo-rfe  Demo-task  Demo1  Demo1-rfe  Demo1-task  DemoAgent  DemoAgent-rfe  DemoAgent-task  Denali  Denali-rfe  Denali-task  DenaliSnmp  DenaliSnmp-rfe  DenaliSnmp-task  Dfa  Dfa-rfe  Dfa-task  Dhclient  Dhclient-rfe  Dhclient-task  dhcp  dhcp-forwarder  dhcp-forwarder-rfe  dhcp-forwarder-task  dhcp-rfe  dhcp-task  DhcpClient  DhcpClient-rfe  DhcpClient-task  DhcpRelay  DhcpRelay-rfe  DhcpRelay-task  DhcpRelayTest  DhcpRelayTest-rfe  DhcpRelayTest-task  DhcpServer  DhcpServer-rfe  DhcpServer-task  DhcpSnooping  DiagEngine  DiagEngine-rfe  DiagEngine-task  Diags  Diags-rfe  Diags-task  DiagsImage  DiagsImage-rfe  DiagsImage-task  DiagsTools  DiagsTools-rfe  DiagsTools-task  DirectFlow  DirectFlow-rfe  DirectFlow-task  DirectFlowTest  DirectFlowTest-rfe  DirectFlowTest-task  DiskImager  DiskImager-rfe  DiskImager-task  disknanny  disknanny-rfe  disknanny-service  disknanny-service-rfe  disknanny-service-task  disknanny-task  Display  Display-rfe  Display-task  Dist  Dist-rfe  Dist-task  distcc  distcc-rfe  distcc-task  DITA Guidelines  django-hosts  django-hosts-rfe  django-hosts-task  djdump  djdump-rfe  djdump-task  dmamem  dmamem-rfe  dmamem-task  dnsmasq  dnsmasq-rfe  dnsmasq-task  docker  docker-rfe  docker-task  dockertest  dockertest-rfe  dockertest-task  Doran-diags  Dos  Dos-rfe  Dos-task  DosAlta  DosAlta-rfe  DosAlta-task  DosBarefoot  DosBarefoot-rfe  DosBarefoot-task  DosBroadcom  DosBroadcom-rfe  DosBroadcom-task  DosCtypes  DosCtypes-rfe  DosCtypes-task  DosDocumentation  DosDocumentation-rfe  DosDocumentation-task  DosFocalPoint  DosFocalPoint-rfe  DosFocalPoint-task  DosInfra  DosInfra-diags  DosInfra-rfe  DosInfra-task  DosSand  DosSand-rfe  DosSand-task  DosStrata  DosStrata-rfe  DosStrata-task  DosSystem  DosSystem-diags  DosSystem-rfe  DosSystem-task  DosSystemBase  DosSystemBase-rfe  DosSystemBase-task  DosUmbrella  DosUmbrella-rfe  DosUmbrella-task  DosXp  DosXp-rfe  DosXp-task  Dot1ag  Dot1ag-rfe  Dot1ag-task  Dot1x  Dot1x-rfe  Dot1x-task  Dpdk  Dpdk-rfe  Dpdk-task  Dpll  Dpll-rfe  Dpll-task  DropWatch  DropWatch-rfe  DropWatch-task  Ds125Br  Ds125Br-rfe  Ds125Br-task  Ds280  Ds280-rfe  Ds280-task  Dscp  Dscp-rfe  Dscp-task  DscpTest  DscpTest-rfe  DscpTest-task  DspUtils  DspUtils-rfe  DspUtils-task  dumb-init  dumb-init-rfe  dumb-init-task  DummyACL  DummyACL-rfe  DummyACL-task  dummyaclagent  dummyaclagent-rfe  dummyaclagent-task  Dune  Dune-rfe  dwz  dwz-rfe  dwz-task  DynamicRoutes  DynamicRoutes-rfe  DynamicRoutes-task  DynamicRouting  DynamicRouting-rfe  DynamicServiceInsertion  DynamicServiceInsertion-rfe  DynamicServiceInsertion-task  dynamips  dynamips-rfe  dynamips-task  EaglePeak-diags  Eapi  Eapi-rfe  Eapi-task  Ebra  Ebra-rfe  Ebra-task  EbraOCTests  EbraOCTests-rfe  EbraOCTests-task  EbraSnmp  EbraSnmp-rfe  EbraSnmp-task  EcbAgent  EcbAgent-rfe  EcbAgent-task  edtest  edtest-rfe  edtest-task  EDVT-Automation-Tools  Eeyore  Eeyore-rfe  Eeyore-task  eke  eke-rfe  eke-task  ElCapitan-diags  ElCorazon-diags  emacs  emacs-rfe  emacs-task  Emcore (JB)  EmersonHw  EmersonHw-rfe  EmersonPower  EmersonPower-rfe  EmersonPower-task  EngTeam  EngTeam-rfe  EngTeam-task  Enigma  Enigma-rfe  Enigma-task  EnigmaApi  EnigmaApi-rfe  EnigmaApi-task  EntityMib  EntityMib-rfe  EntityMib-task  Environment  Environment-rfe  Environment-task  EnvSnmp  EnvSnmp-rfe  EnvSnmp-task  Eoam  Eoam-rfe  Eoam-task  Eos  Eos-initscripts  Eos-initscripts-rfe  Eos-initscripts-task  Eos-logos  Eos-logos-rfe  Eos-logos-task  Eos-release  Eos-release-rfe  Eos-release-task  Eos-rfe  Eos-task  Eos-udev  Eos-udev-rfe  Eos-udev-task  EOS-UserDoc  EosAbootFirmwareUtils  EosAbootFirmwareUtils-rfe  EosAbootFirmwareUtils-task  EosDoc  EosDoc-rfe  EosDoc-task  EosExtras  EosExtras-rfe  EosExtras-task  EosImage  EosImage-rfe  EosImage-task  EosImage2GB  EosImage2GB-rfe  EosImage2GB-task  EosImageREV01HW  EosImageREV01HW-rfe  EosImageREV01HW-task  EosInit  EosInit-rfe  EosInit-task  EosKernel  EosKernel-rfe  EosKernel-task  EosKernelTest  EosKernelTest-rfe  EosKernelTest-task  EosLiteDut  EosLiteDut-rfe  EosLiteDut-task  EosSdk  EosSdk-rfe  EosSdk-task  EosSdkApps  EosSdkApps-rfe  EosSdkApps-task  EosTortureTest  EosTortureTest-rfe  EosTortureTest-task  EosUtils  EosUtils-rfe  EosUtils-task  EosVersion  EosVersion-rfe  EosVersion-task  Epil2Api  Epil2Api-rfe  Epil2Api-task  EpilApi  EpilApi-rfe  EpilApi-task  Epoch  Epoch-rfe  Epoch-task  EpqDmaLib  EpqDmaLib-rfe  EpqDmaLib-task  Eql  Eql-rfe  Eql-task  Espresso  Espresso-rfe  Espresso-task  EtbaDut  EtbaDut-rfe  EtbaDut-task  Ether  EthIntf  EthIntf-rfe  EthIntf-task  EthIntfSnmp  EthIntfSnmp-rfe  EthIntfSnmp-task  Eureka-diags  EventHistory  EventHistory-rfe  EventHistory-task  EventHistoryCli  EventHistoryCli-rfe  EventHistoryCli-task  EventMgr  EventMgr-rfe  EventMgr-task  EventMgrEnvironment  EventMgrEnvironment-rfe  EventMgrEnvironment-task  EventMgrSystem  EventMgrSystem-rfe  EventMgrSystem-task  EventMon  EventMon-rfe  EventMon-task  EventMonTest  EventMonTest-rfe  EventMonTest-task  Evora  Evora-rfe  Evora-task  EvoraApi  EvoraApi-rfe  EvoraApi-task  EvoRack  EvoRack-rfe  EvoRack-task  Evpn  Evpn-rfe  Evpn-task  EvpnLib  EvpnLib-rfe  EvpnLib-task  EvpnMplsTest  EvpnMplsTest-rfe  EvpnMplsTest-task  EvpnTest  EvpnTest-rfe  EvpnTest-task  EvpnVxlanTest  EvpnVxlanTest-rfe  EvpnVxlanTest-task  exabgp  exabgp-rfe  exabgp-task  Excelight  Excelight-rfe  exectest  exectest-rfe  exectest-task  Extension  Extension-rfe  Extension-task  ExtensionMgr  ExtensionMgr-rfe  ExtensionMgr-task  ExtEntity  ExtEntity-rfe  ExtEntity-task  External  External-rfe  External-task  ExternalAlarm  ExternalAlarm-rfe  ExternalAlarm-task  f1  f1-rfe  f1-task  fable  fable-rfe  fable-task  FabricIntf  FabricIntf-rfe  FabricIntf-task  Facilities  Facilities-rfe  fal  fal-rfe  fal-task  Fan-diags  Fan/Power  Fan/Power-rfe  FastServerFailover  FastServerFailover-rfe  FastServerFailover-task  FastServerFailoverTest  FastServerFailoverTest-rfe  FastServerFailoverTest-task  FaultInjection  FaultInjection-rfe  FaultInjection-task  FeatureQosMixedTests  FeatureQosMixedTests-rfe  FeatureQosMixedTests-task  FeatureRoutingMixedTests  FeatureRoutingMixedTests-rfe  FeatureRoutingMixedTests-task  Fhrp  Fhrp-rfe  Fhrp-task  FhrpSnmp  FhrpSnmp-rfe  FhrpSnmp-task  FhrpTest  FhrpTest-rfe  FhrpTest-task  FileCli  FileCli-rfe  FileCli-task  FileReplication  FileReplication-rfe  FileReplication-task  FileSystemMount  FileSystemMount-rfe  FileSystemMount-task  FileSystems  FileSystems-rfe  FileSystems-task  Finisar  Finisar (TH)  Finisar-rfe  fipscheck  fipscheck-rfe  fipscheck-task  Firewall  Firewall-rfe  Firewall-task  FirewallTest  FirewallTest-rfe  FirewallTest-task  firmware  firmware-rfe  firmware-task  FlameGraph  FlameGraph-rfe  FlameGraph-task  FlexCounters  FlexCounters-rfe  FlexCounters-task  FlexCountersTest  FlexCountersTest-rfe  FlexCountersTest-task  FmApi  FmApi-rfe  FmApi-task  Fne  Fne-rfe  Fne-task  FneTest  FneTest-rfe  FneTest-task  FocalPoint  focalpoint-plx  focalpoint-plx-rfe  focalpoint-plx-task  FocalPoint-rfe  FocalPoint-task  FocalPointV2  FocalPointV2-rfe  FocalPointV2-task  FocalPointV2Test  FocalPointV2Test-rfe  FocalPointV2Test-task  Forestville-diags  ForwardingAgentQosTestMixedTests  ForwardingAgentQosTestMixedTests-rfe  ForwardingAgentQosTestMixedTests-task  ForwardingAgentVxlanTestMixedTests  ForwardingAgentVxlanTestMixedTests-rfe  ForwardingAgentVxlanTestMixedTests-task  ForwardingMonitor  ForwardingMonitor-rfe  ForwardingMonitor-task  Fossil  Fossil-rfe  Fossil-task  fpdma  fpdma-rfe  fpdma-task  Fpga  Fpga-rfe  Fpga-task  FpgaHealthMonitor  FpgaHealthMonitor-rfe  FpgaHealthMonitor-task  FPLanz  FPLanz-rfe  FPLanz-task  freeradius-client  freeradius-client-rfe  freeradius-client-task  Fru  Fru-rfe  Fru-task  FruSnmp  FruSnmp-rfe  FruSnmp-task  Fulcrum  Fulcrum-rfe  FuriaApi  FuriaApi-rfe  FuriaApi-task  FuseAgent  FuseAgent-rfe  FuseAgent-task  Fvm  Fvm-rfe  Fvm-task  gated  gated-rfe  gated-task  GatedBgp  GatedBgp-rfe  GatedBgp-task  GatedRouteMap  GatedRouteMap-rfe  GatedRouteMap-task  GatedSnmp  GatedSnmp-rfe  GatedSnmp-task  GatedTe  GatedTe-rfe  GatedTe-task  GatedTest  GatedTest-rfe  GatedTest-task  gbenchmark  gbenchmark-rfe  gbenchmark-task  GbEPROM  GbEPROM-rfe  GbEPROM-task  gcc  gcc-rfe  gcc-task  gdb  gdb-rfe  gdb-task  geiger  geiger-rfe  geiger-task  General-diags  GenericSnmp  GenericSnmp-rfe  GenericSnmp-task  GenSuite  GenSuite-rfe  GenSuite-task  gflags  gflags-rfe  gflags-task  gitar  gitar-rfe  gitar-task  github  github-rfe  github-task  GitPatchMgmt  GitPatchMgmt-rfe  GitPatchMgmt-task  GitPatchReview  GitPatchReview-rfe  GitPatchReview-task  Glacier  Glacier-rfe  Glacier-task  GlenEllen  GlenEllen-rfe  Glenlyon  Glenlyon-rfe  Glenlyon-task  glibc  glibc-rfe  glibc-task  glog  glog-rfe  glog-task  Gmp  Gmp-rfe  Gmp-task  Gn2405  Gn2405-rfe  Gn2405-task  gnmi  gnmi-rfe  gnmi-task  gnoi  gnoi-rfe  gnoi-task  go-mangoes  go-mangoes-rfe  go-mangoes-task  go-mangos  go-mangos-rfe  go-mangos-task  go-nanomsg  go-nanomsg-rfe  go-nanomsg-task  goa4  goa4-rfe  goa4-task  goexternal  goexternal-rfe  goexternal-task  gograb  gograb-rfe  gograb-task  golang  golang-rfe  golang-task  GoldenGate  GoldenGate-rfe  Goodbye  Goodbye-rfe  Goodbye-task  google-api-python-client  google-api-python-client-rfe  google-api-python-client-task  google-perftools  google-perftools-rfe  google-perftools-task  gopacket  gopacket-rfe  gopacket-task  GOpenFlow  GOpenFlow-rfe  GOpenFlow-task  gotestlib  gotestlib-rfe  gotestlib-task  goworkspace  goworkspace-rfe  goworkspace-task  gperftools  gperftools-rfe  gperftools-task  GPIO-diags  Group  Group-rfe  Group-task  grpc  grpc-rfe  grpc-task  grpcio  grpcio-rfe  grpcio-task  gsoap  gsoap-rfe  gsoap-task  gtest  gtest-rfe  gtest-task  Guernville-diags  gut  gut-rfe  gut-task  hadoop-distributions  hadoop-distributions-rfe  hadoop-distributions-task  HadoopTracer  HadoopTracer-rfe  HadoopTracer-task  Halfdome  Halfdome-rfe  Halo  Halo-rfe  Halo-task  HaloFpga  HaloFpga-rfe  HaloFpga-task  HaloUtil  HaloUtil-rfe  HaloUtil-task  Hardware  Hardware-rfe  Hardware-task  HashUtils  HashUtils-rfe  HashUtils-task  Health  Health-rfe  Health-task  HealthMgr  HealthMgr-rfe  HealthMgr-task  Helena  Helena-rfe  Hello  Hello-rfe  Hello-task  HelloAgent  HelloAgent-rfe  HelloAgent-task  help2man  help2man-rfe  help2man-task  HitlessRestartTest  HitlessRestartTest-rfe  HitlessRestartTest-task  HMtestPackage  Hollywod-rfe  Hollywod-task  Hollywood  Hollywood-rfe  Hollywood-task  HostInject  HostInject-rfe  HostInject-task  HostInjectAgent  HostInjectAgent-rfe  HostInjectAgent-task  HostResourcesMib  HostResourcesMib-rfe  HostResourcesMib-task  HostSecurity  HostSecurity-rfe  HostSecurity-task  HostSecurityTest  HostSecurityTest-rfe  HostSecurityTest-task  hrdb  hrdb-rfe  hrdb-task  Hsc  Hsc-rfe  Hsc-task  HscRestApi  HscRestApi-rfe  HscRestApi-task  HttpbinDut  HttpbinDut-rfe  HttpbinDut-task  HttpService  HttpService-rfe  HttpService-task  Hut  Hut-rfe  Hut-task  HW-UserDoc  icinga  icinga-rfe  icinga-task  Idt82p33831  Idt82p33831-rfe  Idt82p33831-task  Idt82v3396  Idt82v3396-rfe  Idt82v3396-task  idutils  idutils-rfe  idutils-task  Igmp  Igmp-rfe  Igmp-task  IgmpHost  IgmpHost-rfe  IgmpHost-task  IgmpHostProxy  IgmpHostProxy-rfe  IgmpHostProxy-task  IgmpProxy  IgmpProxy-rfe  IgmpProxy-task  IgmpSnmp  IgmpSnmp-rfe  IgmpSnmp-task  IgmpSnooping  IgmpSnooping-rfe  IgmpSnooping-task  IgmpSnoopingFeature  IgmpSnoopingFeature-rfe  IgmpSnoopingTest  IgmpSnoopingTest-rfe  IgmpSnoopingTest-task  IgmpTest  IgmpTest-rfe  IgmpTest-task  ImageTest  ImageTest-rfe  ImageTest-task  Influx  Influx-rfe  Influx-task  influxlib  influxlib-rfe  influxlib-task  InnoLight (DP)  Inphi  Inphi-rfe  Inphi-task  InPhy-diags  Intel  Intel-rfe  InternalPortsSnmp  InternalPortsSnmp-rfe  InternalPortsSnmp-task  InteropL1  InteropL1Test  InteropL1Test-rfe  InteropL1Test-task  Intf  Intf-rfe  Intf-task  IntfAdapter  IntfAdapter-rfe  IntfAdapter-task  IntfSnmp  IntfSnmp-rfe  IntfSnmp-task  iomemory-vsl  iomemory-vsl-rfe  iomemory-vsl-task  iozone  iozone-rfe  iozone-task  IpDut  IpDut-rfe  IpDut-task  iperf  iperf-rfe  iperf-task  IpEth  IpEth-rfe  IpEth-task  IpEthTest  IpEthTest-rfe  IpEthTest-task  IpMRouteSnmp  IpMRouteSnmp-rfe  IpMRouteSnmp-task  IpRib  IpRib-rfe  IpRib-task  IpRibDut  IpRibDut-rfe  IpRibDut-task  IpRibLib  IpRibLib-rfe  IpRibLib-task  IpRibMain  IpRibMain-rfe  IpRibMain-task  IpRibTest  IpRibTest-rfe  IpRibTest-task  iproute  iproute-rfe  iproute-task  Ipsec  ipsec_flow_parallelization  ipsec_flow_parallelization-rfe  ipsec_flow_parallelization-task  Ipsec-rfe  Ipsec-task  ipsecflow_parallelization  ipsecflow_parallelization-rfe  ipsecflow_parallelization-task  IpsecTest  IpsecTest-rfe  IpsecTest-task  iptables  iptables-rfe  iptables-task  Ipv6NeighborDiscovery  Ipv6NeighborDiscovery-rfe  Ipv6NeighborDiscovery-task  Ipv6RouterAdvt  Ipv6RouterAdvt-rfe  Ipv6RouterAdvt-task  Ira  Ira-rfe  Ira-task  IraAcl  IraAcl-rfe  IraAcl-task  IraSnmp  IraSnmp-rfe  IraSnmp-task  irqbalance  irqbalance-rfe  irqbalance-task  isatapd  isatapd-rfe  isatapd-task  Isis  Isis-rfe  Isis-task  IsisMultiProtocolTest  IsisMultiProtocolTest-rfe  IsisMultiProtocolTest-task  isl  isl-rfe  isl-task  Isl6812X  Isl6812X-rfe  Isl6812X-task  IT Support  IT Support-rfe  ixHltApi  ixHltApi-rfe  ixHltApi-task  Ixia  Ixia-rfe  Ixia-task  ixNetworkTcl  ixNetworkTcl-rfe  ixNetworkTcl-task  ixTclHal  ixTclHal-rfe  ixTclHal-task  jcc  jcc-rfe  jcc-task  JDSU  JDSU (CW)  JDSU-rfe  jemalloc  jemalloc-rfe  jemalloc-task  Jenner  Jenner-rfe  Jenner-task  Jericho2Fixed  Jericho2Fixed-rfe  Jericho2Fixed-task  JerichoFixed  JerichoFixed-rfe  JerichoFixed-task  JerichoPlusFixed  JerichoPlusFixed-rfe  JerichoPlusFixed-task  Jinja2  Jinja2-rfe  Jinja2-task  JPlusFixed  JPlusFixed-rfe  JPlusFixed-task  jshon  jshon-rfe  jshon-task  json-cfg  json-cfg-rfe  json-cfg-task  jsonrpclib  jsonrpclib-rfe  jsonrpclib-task  Jtag  Jtag-rfe  Jtag-task  Judy  Judy-rfe  Judy-task  jungledisk  jungledisk-rfe  jungledisk-task  Kabini  Kabini-rfe  Kabini-task  kafka  kafka-rfe  kafka-task  kafkacat  kafkacat-rfe  kafkacat-task  kbfd  kbfd-rfe  kbfd-task  Kbp  kbp-driver  kbp-driver-rfe  kbp-driver-task  Kbp-rfe  Kbp-task  KbpSdk  KbpSdk-rfe  KbpSdk-task  KernelDevTools  KernelDevTools-rfe  KernelDevTools-task  KernelFib  KernelFib-rfe  KernelFib-task  KernelFibTest  KernelFibTest-rfe  KernelFibTest-task  KernelMfib  KernelMfib-rfe  KernelMfib-task  KernelNetworkInfo  KernelNetworkInfo-rfe  KernelNetworkInfo-task  KernelVersion  KernelVersion-rfe  KernelVersion-task  kexec-tools  kexec-tools-rfe  kexec-tools-task  klish  klish-rfe  klish-task  kshim  kshim-rfe  kshim-task  kubectl  kubectl-rfe  kubectl-task  kwonly-args  kwonly-args-rfe  kwonly-args-task  L2Rib  L2Rib-rfe  L2Rib-task  L3BfdTest  L3BfdTest-rfe  L3BfdTest-task  L3ProtocolAgentModelCleanup  L3ProtocolAgentModelCleanup-rfe  L3ProtocolAgentModelCleanup-task  L3ProtocolCleanup  L3ProtocolCleanup-rfe  L3ProtocolCleanup-task  L3TestLib  L3TestLib-rfe  L3TestLib-task  L3Vpn  L3Vpn-rfe  L3Vpn-task  Labpatch  Labpatch-rfe  Labpatch-task  Lag  Lag-rfe  Lag-task  LagSnmp  LagSnmp-rfe  LagSnmp-task  LagTest  LagTest-rfe  LagTest-task  Lanz  Lanz-rfe  Lanz-task  lanzcoprocessor  lanzcoprocessor-rfe  lanzcoprocessor-task  LanzTest  LanzTest-rfe  LanzTest-task  Larkfield-diags  LassenPower  LassenPower-rfe  LassenPower-task  lasso  lasso-rfe  lasso-task  Lattice  Lattice-rfe  Lattice-task  Launcher  Launcher-rfe  Launcher-task  LauncherSnmp  LauncherSnmp-rfe  LauncherSnmp-task  Layer1Mgmt  Layer1Mgmt-rfe  Layer1Mgmt-task  Ldp  Ldp-rfe  Ldp-task  LdpSnmp  LdpSnmp-rfe  LdpSnmp-task  LdpTest  LdpTest-rfe  LdpTest-task  Leoni (HC)  lftp  lftp-rfe  lftp-task  libcrafter  libcrafter-rfe  libcrafter-task  libdrm  libdrm-rfe  libdrm-task  libedit  libedit-rfe  libedit-task  libestrar  libestrar-rfe  libestrar-task  libev  libev-rfe  libev-task  libevent  libevent-rfe  libevent-task  libfastjson  libfastjson-rfe  libfastjson-task  libipt  libipt-rfe  libipt-task  liblogging  liblogging-rfe  liblogging-task  liblognorm  liblognorm-rfe  liblognorm-task  libpcap  libpcap-rfe  libpcap-task  librdkafka  librdkafka-rfe  librdkafka-task  librelp  librelp-rfe  librelp-task  libtool  libtool-rfe  libtool-task  libuio  libuio-rfe  libuio-task  libunwind  libunwind-rfe  libunwind-task  libvirt  libvirt-rfe  libvirt-task  License  License-rfe  License-task  LicenseCommon  LicenseCommon-rfe  LicenseCommon-task  LicenseRequestWeb  LicenseRequestWeb-rfe  LicenseRequestWeb-task  LicenseServer  LicenseServer-rfe  LicenseServer-task  LicenseTest  LicenseTest-rfe  LicenseTest-task  lidar  lidar-rfe  lidar-task  LinuxBridge  LinuxBridge-rfe  LinuxBridge-task  lksim  lksim-rfe  lksim-task  Lldp  Lldp-rfe  Lldp-task  LldpTest  LldpTest-rfe  LldpTest-task  llvm  llvm-rfe  llvm-task  Lm73  Lm73-rfe  Lm73-task  Lm95234  Lm95234-rfe  Lm95234-task  LoadBalancer  LoadBalancer-rfe  LoadBalancer-task  LoggedIo  LoggedIo-rfe  LoggedIo-task  LogLake  LogMgr  LogMgr-rfe  LogMgr-task  Logscan-service  Logscan-service-rfe  Logscan-service-task  LoopProtect  LoopProtect-rfe  LoopProtect-task  LpmTrie  LpmTrie-rfe  LpmTrie-task  m2crypto  m2crypto-rfe  m2crypto-task  M8  M8-rfe  MacMon  MacMon-rfe  MacMon-task  MacPhyConc  MacPhyConc-rfe  MacPhyConc-task  Macsec  Macsec-rfe  Macsec-task  MacSecAle  MacSecAle-rfe  MacSecAle-task  MacsecProxy  MacsecProxy-rfe  MacsecProxy-task  MacsecWeb  MacsecWeb-rfe  MacsecWeb-task  MadApi  MadApi-rfe  MadApi-task  MaintenacenModeTest  MaintenacenModeTest-rfe  MaintenacenModeTest-task  Maintenance  Maintenance-rfe  Maintenance-task  MaintenanceMode  MaintenanceMode-rfe  MaintenanceMode-task  MaintenanceModeTest  MaintenanceModeTest-rfe  MaintenanceModeTest-task  make  make-rfe  make-task  makedumpfile  makedumpfile-rfe  makedumpfile-task  ManagementActive  ManagementActive-rfe  ManagementActive-task  Manufacturing  Manufacturing-rfe  Marco  Marco-rfe  Marco-task  MarcoTest  MarcoTest-rfe  MarcoTest-task  MatchList  MatchList-rfe  MatchList-task  Matt  Matt-rfe  Matt-task  Max24305  Max24305-rfe  Max24305-task  Max31790  Max31790-rfe  Max31790-task  Max5980  Max5980-rfe  Max5980-task  Max6658  Max6658-rfe  Max6658-task  Max6697  Max6697-rfe  Max6697-task  mb-tools  mb-tools-rfe  mb-tools-task  MbbPostcodef  MbbPostcodef-rfe  MbbPostcodef-task  McastAgentContainer  McastAgentContainer-rfe  McastAgentContainer-task  McastBoundary  McastBoundary-rfe  McastBoundary-task  McastBridging  McastBridging-rfe  McastBridging-task  McastCommon  McastCommon-rfe  McastCommon-task  McastCommonTest  McastCommonTest-rfe  McastCommonTest-task  McastTest  McastTest-rfe  McastTest-task  Mcp55  Mcp55-rfe  Mcp55-task  Meadowood  Meadowood-rfe  Mellanox  Mellanox-rfe  Memgraph  Memgraph-rfe  Memgraph-task  Memory-diags  Mendocino  Mendocino-diags  Mendocino-rfe  Mendocino-task  Mentor  Mentor-rfe  Merced  Merced-rfe  Merge  Merge (WX)  Merge-rfe  Metadb  Metadb-rfe  Metadb-task  MetadbTest  MetadbTest-rfe  MetadbTest-task  MfgInfra  MfgInfra-diags  MfgInfra-rfe  MfgInfra-task  MfgShared  MfgShared-rfe  MfgShared-task  MfgTest  MfgTest-rfe  MfgTest-task  MgmtSecurity  MgmtSecurity-rfe  MgmtSecurity-task  Microsemi  Microsemi-rfe  Microsemi-task  mingetty  mingetty-rfe  mingetty-task  mips-sde  mips-sde-rfe  mips-sde-task  Mirroring  Mirroring-rfe  Mirroring-task  MirroringTest  MirroringTest-rfe  MirroringTest-task  Misc  Misc-rfe  MiscSnmp  MiscSnmp-rfe  MiscSnmp-task  mjollnir  mjollnir-rfe  mjollnir-task  mkelfImage  mkelfImage-rfe  mkelfImage-task  Mlag  Mlag-rfe  Mlag-task  MlagDut  MlagDut-rfe  MlagDut-task  MlagSnmp  MlagSnmp-rfe  MlagSnmp-task  MlagVrrp  MlagVrrp-rfe  MlagVrrp-task  Mld  Mld-rfe  Mld-task  MldTest  MldTest-rfe  MldTest-task  Mmpa  Mmpa-rfe  Mmpa-task  mock-program  mock-program-rfe  mock-program-task  mock-service  mock-service-rfe  mock-service-task  mod_auth_mellon  mod_auth_mellon-rfe  mod_auth_mellon-task  mod_python  mod_python-rfe  mod_python-task  Modular  Modular-rfe  Modular-task  ModularPlatform  ModularPlatform-rfe  Molex  Molex (PV)  Molex-rfe  mosh  mosh-rfe  mosh-task  MoshCli  MoshCli-rfe  MoshCli-task  moss  moss-rfe  moss-task  MountAnalyzer  MountAnalyzer-rfe  MountAnalyzer-task  MoveDownstairs  MoveDownstairs-rfe  MpcFree  MpcFree-rfe  MpcFree-task  Mpls  Mpls-rfe  Mpls-task  MplsAgent  MplsAgent-rfe  MplsAgent-task  MplsData  MplsData-rfe  MplsData-task  MplsTest  MplsTest-rfe  MplsTest-task  MplsUtils  MplsUtils-rfe  MplsUtils-task  MplsVpn  MplsVpn-rfe  MplsVpn-task  mpt3sas  mpt3sas-rfe  mpt3sas-task  Mroute  Mroute-rfe  Mroute-task  MrouteTest  MrouteTest-rfe  MrouteTest-task  Mrp  Mrp-rfe  Mrp-task  mrt  mrt-rfe  mrt-task  mrtparse  mrtparse-rfe  mrtparse-task  MrtrDut  MrtrDut-rfe  MrtrDut-task  Msdp  Msdp-rfe  Msdp-task  MsdpSnmp  MsdpSnmp-rfe  MsdpSnmp-task  MsdpTest  MsdpTest-rfe  MsdpTest-task  Msrp  Msrp-rfe  Msrp-task  Mss  Mss-rfe  Mss-task  MssClient  MssClient-rfe  MssClient-task  MssPolicyMonitor  MssPolicyMonitor-rfe  MssPolicyMonitor-task  MssTest  MssTest-rfe  MssTest-task  Mt. Baker  Mt. Baker-rfe  MtDan-diags  MtDana-diags  MtdApi  MtdApi-rfe  MtdApi-task  mtrace  mtrace-rfe  mtrace-task  MultiProtocolRouting  MultiProtocolRouting-rfe  MultiProtocolRouting-task  MultiProtocolTools  MultiProtocolTools-rfe  MultiProtocolTools-task  MultiProtocolTunnelTest  MultiProtocolTunnelTest-rfe  MultiProtocolTunnelTest-task  Mvrp  Mvrp-rfe  Mvrp-task  MyDemo  MyDemo-rfe  MyDemo-task  mysqltestlib  mysqltestlib-rfe  mysqltestlib-task  NameNode  NameNode-rfe  NameNode-task  NameNodeTest  NameNodeTest-rfe  NameNodeTest-task  NamespaceCluster  NamespaceCluster-rfe  NamespaceCluster-task  NamespaceDut  NamespaceDut-rfe  NamespaceDut-task  nanomsg  nanomsg-rfe  nanomsg-task  nanowbem  nanowbem-rfe  nanowbem-task  Napa  Napa-hw  Napa-rfe  Napa-task  Nat  Nat-rfe  Nat-task  NatTest  NatTest-rfe  NatTest-task  ncclient  ncclient-rfe  ncclient-task  ncurses  ncurses-rfe  ncurses-task  ndisc6  ndisc6-rfe  ndisc6-task  net-snmp  net-snmp-rfe  net-snmp-task  Netconf  Netconf-rfe  Netconf-task  netns  netns-rfe  netns-task  NetworkTest  NetworkTest-rfe  NetworkTest-task  NetworkTools  NetworkTools-rfe  NetworkTools-task  NetworkView  NetworkView-rfe  NetworkView-task  Nevada  Nevada-rfe  NewBgp  NewBgp-rfe  NewBgp-task  nginx  nginx-rfe  nginx-task  nglogc  nglogc-rfe  nglogc-task  Nice  Nice Diags  nios2eds  nios2eds-rfe  nios2eds-task  nnpy  nnpy-rfe  nnpy-task  node  node-rfe  node-task  nodejs  nodejs-rfe  nodejs-task  Nooksack  Nooksack-rfe  NorCal  NorCal-rfe  NorCal-task  NorCalCard  NorCalCard-rfe  NorCalCard-task  NorCalMfg  NorCalMfg-rfe  NorCalMfg-task  NorCalSys  NorCalSys-rfe  NorCalSys-task  NorCalTest  NorCalTest-rfe  NorCalTest-task  nstools  nstools-rfe  nstools-task  nsutil  nsutil-rfe  nsutil-task  Ntp  Ntp-rfe  Ntp-task  ntp-udel  ntp-udel-rfe  ntp-udel-task  NuageVsp  Nvgre  Nvgre-rfe  Nvgre-task  Oak-diags  OAM-task  oauth2client  oauth2client-rfe  oauth2client-task  ObjectTracking  ObjectTracking-rfe  ObjectTracking-task  oepnssl  oepnssl-rfe  oepnssl-task  Olema-diags  omi  omi-rfe  omi-task  onie  onie-rfe  onie-task  OnsiteDetector  OnsiteDetector-rfe  OnsiteDetector-task  openbmp  openbmp-rfe  openbmp-task  OpenConfig  OpenConfig-rfe  OpenConfig-task  OpenConfigTest  OpenConfigTest-rfe  OpenConfigTest-task  OpenFlow  OpenFlow-rfe  OpenFlow-task  OpenFlowTest  OpenFlowTest-rfe  OpenFlowTest-task  OpenGrok  OpenGrok-rfe  OpenGrok-task  openssh  openssh-rfe  openssh-task  OpenSSHTest  OpenSSHTest-rfe  OpenSSHTest-task  openssl  openssl-rfe  openssl-task  OpenStack  OpenStack-rfe  openstack-swift  openstack-swift-rfe  openstack-swift-task  OpenStack-task  openstackpythonclients  openstackpythonclients-rfe  openstackpythonclients-task  openvswitch  openvswitch-rfe  openvswitch-task  Oplink (KE)  Opnext  Opnext (AP)  Opnext-rfe  Optics  Optics-rfe  OptumSoftAbuildFirst  OptumSoftAbuildFirst-rfe  OptumSoftAbuildFirst-task  OptumSoftExternal  OptumSoftExternal-rfe  OptumSoftExternal-task  OptumSoftInfrastructure-task  OptumSoftProductTest  OptumSoftProductTest-rfe  OptumSoftProductTest-task  OptumSoftSearch  OptumSoftSearch-rfe  OptumSoftSearch-task  OptumSoftTools  OptumSoftTools-rfe  OptumSoftTools-task  Orca  Orca-rfe  Orca-task  Oscillators  Ospf  Ospf-rfe  Ospf-task  Ospf3  Ospf3-rfe  Ospf3-task  Overcast  Overcast-rfe  Overcast-task  ovftool  ovftool-rfe  ovftool-task  Ovs  Ovs-rfe  Ovs-task  P2PSync  P2PSync-rfe  P2PSync-task  P4  p4-ar-switch  p4-ar-switch-rfe  p4-ar-switch-task  p4-behavioral-model  p4-behavioral-model-rfe  p4-behavioral-model-task  p4-bf-switch  p4-bf-switch-rfe  p4-bf-switch-task  p4-bm-switch  p4-bm-switch-rfe  p4-bm-switch-task  p4-compilers  p4-compilers-rfe  p4-compilers-task  p4-hlir  p4-hlir-rfe  p4-hlir-task  P4-rfe  P4-task  p4c-bm  p4c-bm-rfe  p4c-bm-task  P4NamespaceDut  P4NamespaceDut-rfe  P4NamespaceDut-task  P4SwitchTest  P4SwitchTest-rfe  P4SwitchTest-task  p4testswitch  p4testswitch-rfe  p4testswitch-task  P4Tickets  P4Tickets-rfe  P4Tickets-task  PacketCapture  PacketCapture-rfe  PacketCapture-task  Packetpflegen  paramiko  paramiko-rfe  paramiko-task  parted  parted-rfe  parted-task  PatchPanel  PatchPanel-rfe  PatchPanel-task  PatchPanelAgent  PatchPanelAgent-rfe  PatchPanelAgent-task  PATT  PattTest  PattTest-rfe  PattTest-task  Pbr  Pbr-rfe  Pbr-task  Pca9555  Pca9555-rfe  Pca9555-task  PciBus  PciBus-rfe  PciBus-task  Pcie-diags  PcieNt  PcieNt-rfe  PcieNt-task  pcre  pcre-rfe  pcre-task  PdpDmaLib  PdpDmaLib-rfe  PdpDmaLib-task  Perdb  Perdb-rfe  Perdb-task  PeReyes  PeReyes-rfe  PeReyes-task  perforce  perforce-rfe  perforce-task  perftools  perftools-rfe  perftools-task  perl5  perl5-rfe  perl5-task  PersistentStore  PersistentStore-rfe  PersistentStore-task  peterwu  peterwu-rfe  peterwu-task  Petra  Petra-rfe  Petra-task  pexpect  pexpect-rfe  pexpect-task  Phoenix  Phoenix-rfe  Phoenix-task  Phone System  Phone System-rfe  PhyAeluros  PhyAeluros-rfe  PhyAeluros-task  PhyAlaska  PhyAlaska-rfe  PhyAlaska-task  PhyAlaskaX  PhyAlaskaX-rfe  PhyAlaskaX-task  PhyApm  PhyApm-rfe  PhyApm-task  PhyAvago  PhyAvago-rfe  PhyAvago-task  PhyAvago8812  PhyAvago8812-rfe  PhyAvago8812-task  PhyAvagoCurrent  PhyAvagoCurrent-rfe  PhyAvagoCurrent-task  PhyBcm  PhyBcm-rfe  PhyBcm-task  PhyBcm54980  PhyBcm54980-rfe  PhyBcm54980-task  PhyBcmEpil  PhyBcmEpil-rfe  PhyBcmEpil-task  PhyClariphy  PhyClariphy-rfe  PhyClariphy-task  PhyEee  PhyEee-rfe  PhyEee-task  PhyEthtool  PhyEthtool-rfe  PhyEthtool-task  PhyMtd  PhyMtd-rfe  PhyMtd-task  PhyNlp1342  PhyTest  PhyTest-rfe  PhyTest-task  PhyTn  PhyTn-rfe  PhyTn-task  Picasso  Picasso-rfe  Picasso-task  Picnic  Picnic-rfe  Piedmont  pigz  pigz-rfe  pigz-task  pika  pika-rfe  pika-task  Pim  Pim-rfe  Pim-task  PimBidir  PimBidir-rfe  PimBidir-task  PimBidirDf  PimBidirDf-rfe  PimBidirDf-task  PimBidirTest  PimBidirTest-rfe  PimBidirTest-task  PimBsr  PimBsr-rfe  PimBsr-task  PimBsrTest  PimBsrTest-rfe  PimBsrTest-task  PimReg  PimReg-rfe  PimReg-task  PimRegTest  PimRegTest-rfe  PimRegTest-task  Pimsm  Pimsm-rfe  Pimsm-task  PimsmTest  PimsmTest-rfe  PimsmTest-task  PimSnmp  PimSnmp-rfe  PimSnmp-task  pktgen  pktgen-rfe  pktgen-task  PlatformAgent  PlatformAgent-rfe  PlatformAgent-task  PlatformL3Intf  PlatformL3Intf-rfe  PlatformL3Intf-task  PlatformLibrary  PlatformLibrary-rfe  PlatformLibrary-task  PlatformTest  PlatformTest-rfe  PlatformTest-task  PlePex8600  PlePex8600-rfe  PlePex8600-task  PlugIt  PlugIt-rfe  PlugIt-task  Pluto  Pluto-rfe  Pluto-task  PlutoLib  PlutoLib-rfe  PlutoLib-task  PlutoLibrary  PlutoLibrary-rfe  PlutoLibrary-task  PlutoUtil  PlutoUtil-rfe  PlutoUtil-task  plx-pcie-drivers  plx-pcie-drivers-rfe  plx-pcie-drivers-task  Plx9056Bridge  Plx9056Bridge-rfe  Plx9056Bridge-task  PlxPex8600  PlxPex8600-rfe  PlxPex8600-task  ply  ply-rfe  ply-task  pmat  pmat-rfe  pmat-task  Pmbus  Pmbus-rfe  Pmbus-task  poc-tasks  PolicyMap  PolicyMap-rfe  PolicyMap-task  PolicyService  PolicyService-rfe  PolicyService-task  Ponderosa-diags  PortMirroring  PortMirroring-rfe  Power  Power-rfe  Power-task  PowerDevice-diags  PowerFuse  PowerFuse-rfe  PowerFuse-task  PowerOne  PowerOne-rfe  PowerOne-task  PowerSupply-diags  Prebuilt  Prebuilt-rfe  Prebuilt-task  Prestera  Prestera-rfe  Prestera-task  ProcMgr  ProcMgr-rfe  ProcMgr-task  procps  procps-ng  procps-ng-rfe  procps-ng-task  procps-rfe  procps-task  ProductAttributes  ProductAttributes-rfe  ProductAttributes-task  Proglog  Proglog-rfe  Proglog-task  ProjectReport  ProjectReport-rfe  ProjectReport-task  Pronghorn-diags  proteus-dns  proteus-dns-rfe  proteus-dns-task  Proto  Proto-rfe  Proto-task  protobuf  protobuf-rfe  protobuf-task  Pseudowire  Pseudowire-rfe  Pseudowire-task  PseudowireAgent  PseudowireAgent-rfe  PseudowireAgent-task  PseudowireCli  PseudowireCli-rfe  PseudowireCli-task  PseudowireTest  PseudowireTest-rfe  PseudowireTest-task  Psmi  Psmi-rfe  Psmi-task  PsocFanController  PsocFanController-rfe  PsocFanController-task  Psp  Psp-rfe  Psp-task  pstack  pstack-rfe  pstack-task  Ptp  Ptp-rfe  Ptp-task  ptpd  ptpd-rfe  ptpd-task  ptpd-v2  ptpd-v2-rfe  ptpd-v2-task  PtpTest  PtpTest-rfe  PtpTest-task  PtpTimeSync  PtpTimeSync-rfe  PtpTimeSync-task  PtpTimeSyncTest  PtpTimeSyncTest-rfe  PtpTimeSyncTest-task  PtReyes  PtReyes-rfe  PtReyes-task  Pulse  Pulse-rfe  Pulse-task  PulseAgent  PulseAgent-rfe  PulseAgent-task  PulseWeb  PulseWeb-rfe  PulseWeb-task  pxe  pxe-kexec  pxe-kexec-rfe  pxe-kexec-task  pxe-rfe  pxe-swi  pxe-swi-rfe  pxe-swi-task  pxe-task  py-radix  py-radix-rfe  py-radix-task  PyArrow  PyArrow-rfe  PyArrow-task  pycodestyle  pycodestyle-rfe  pycodestyle-task  pylibpcap  pylibpcap-rfe  pylibpcap-task  pylint  pylint-rfe  pylint-task  pylucene  pylucene-rfe  pylucene-task  python  python-beautiful-soup  python-beautiful-soup-rfe  python-beautiful-soup-task  python-blockdiag  python-blockdiag-rfe  python-blockdiag-task  python-breathe  python-breathe-rfe  python-breathe-task  python-cjson  python-cjson-rfe  python-cjson-task  python-cogapp  python-cogapp-rfe  python-cogapp-task  python-decorator  python-decorator-rfe  python-decorator-task  python-django  python-django-picklefield  python-django-picklefield-rfe  python-django-picklefield-task  python-django-rfe  python-django-storage-swift  python-django-storage-swift-rfe  python-django-storage-swift-task  python-django-task  python-djblets  python-djblets-rfe  python-djblets-task  python-docker  python-docker-rfe  python-docker-task  python-dpkt  python-dpkt-rfe  python-dpkt-task  python-eunuchs  python-eunuchs-rfe  python-eunuchs-task  python-eventlet  python-eventlet-rfe  python-eventlet-task  python-funcparserlib  python-funcparserlib-rfe  python-funcparserlib-task  python-graph  python-graph-rfe  python-graph-task  python-httpbin  python-httpbin-rfe  python-httpbin-task  python-httplib2  python-httplib2-rfe  python-httplib2-task  python-iso8601  python-iso8601-rfe  python-iso8601-task  python-jcc  python-jcc-rfe  python-jcc-task  python-json-cfg  python-json-cfg-rfe  python-json-cfg-task  python-jsonrpclib  python-jsonrpclib-rfe  python-jsonrpclib-task  python-kwonly-args  python-kwonly-args-rfe  python-kwonly-args-task  python-logilab-astng  python-logilab-astng-rfe  python-logilab-astng-task  python-m2crypto  python-m2crypto-rfe  python-m2crypto-task  python-markdown2  python-markdown2-rfe  python-markdown2-task  python-mox  python-mox-rfe  python-mox-task  python-ncclient  python-ncclient-rfe  python-ncclient-task  python-oftest  python-oftest-rfe  python-oftest-task  python-openbmp-api  python-openbmp-api-rfe  python-openbmp-api-task  python-openstackclients  python-openstackclients-rfe  python-openstackclients-task  python-paramiko  python-paramiko-rfe  python-paramiko-task  python-pbr  python-pbr-rfe  python-pbr-task  python-pip  python-pip-rfe  python-pip-task  python-prettytable  python-prettytable-rfe  python-prettytable-task  python-ptf  python-ptf-rfe  python-ptf-task  python-pypiserver  python-pypiserver-rfe  python-pypiserver-task  python-pyvmomi  python-pyvmomi-rfe  python-pyvmomi-task  python-requests  python-requests-rfe  python-requests-task  python-requests2  python-requests2-rfe  python-requests2-task  python-rfe  python-seqdiag  python-seqdiag-rfe  python-seqdiag-task  python-setuptools  python-setuptools-rfe  python-setuptools-task  python-six  python-six-rfe  python-six-task  python-sleekxmpp  python-sleekxmpp-rfe  python-sleekxmpp-task  python-sphinx  python-sphinx-rfe  python-sphinx-task  python-sqlalchemy  python-sqlalchemy-rfe  python-sqlalchemy-task  python-swiftclient  python-swiftclient-rfe  python-swiftclient-task  python-task  python-webcolors  python-webcolors-rfe  python-webcolors-task  python-xlrd  python-xlrd-rfe  python-xlrd-task  python-xlwt  python-xlwt-rfe  python-xlwt-task  python-ZSI  python-ZSI-rfe  python-ZSI-task  python26  python26-rfe  python26-task  python3  python3-rfe  python3-task  PyWrappers  PyWrappers-rfe  PyWrappers-task  Qbuild  Qbuild-rfe  Qbuild-task  qemu  qemu-gns3  qemu-gns3-rfe  qemu-gns3-task  qemu-kvm  qemu-kvm-rfe  qemu-kvm-task  qemu-rfe  qemu-task  QemuVmAgent  QemuVmAgent-rfe  QemuVmAgent-task  Qos  Qos-rfe  Qos-task  QosSnmp  QosSnmp-rfe  QosSnmp-task  QosTest  QosTest-rfe  QosTest-task  QuaggaDut  QuaggaDut-rfe  QuaggaDut-task  quantumfs  quantumfs-rfe  quantumfs-task  Qube  Qube-rfe  Qube-task  QubeTest  QubeTest-rfe  QubeTest-task  qubit-tools  QuickTrace  QuickTrace-rfe  QuickTrace-task  QuickTraceTest  QuickTraceTest-rfe  QuickTraceTest-task  quota  quota-rfe  quota-task  RachiticTest  RachiticTest-rfe  RachiticTest-task  Radius  Radius-rfe  Radius-task  Raild  Raild-rfe  Raild-task  RAILproto  RAILproto-rfe  RAILproto-task  RAILtest  RAILtest-rfe  RAILtest-task  Rainbow-diags  Rama  Rama-rfe  Rama-task  Raven  Raven-rfe  rbfd  rbfd-rfe  rbfd-task  RdamDatabase  RdamDatabase-rfe  RdamDatabase-task  RdamDut  RdamDut-rfe  RdamDut-task  ReachabilityMonitor  ReachabilityMonitor-rfe  ReachabilityMonitor-task  ReachabilityMonitorTest  ReachabilityMonitorTest-rfe  ReachabilityMonitorTest-task  RedSea  RedSea-rfe  RedSea-task  RedSup  RedSup-rfe  RedSup-task  RedSupSnmp  RedSupSnmp-rfe  RedSupSnmp-task  Redundancy  Redundancy-rfe  Redundancy-task  ReleaseTools  ReleaseTools-rfe  ReleaseTools-task  ReleaseUmbrella  ReloadCause  ReloadCause-rfe  ReloadCause-task  ReloadCauseAgent  ReloadCauseAgent-rfe  ReloadCauseAgent-task  ReloadPolicy  ReloadPolicy-rfe  ReloadPolicy-task  RemoteAgentSync  RemoteAgentSync-rfe  RemoteAgentSync-task  Renesas  Renesas-rfe  requests  requests-rfe  requests-task  ResourceManager  ResourceManager-rfe  ResourceManager-task  ReviewBoard  ReviewBoard-rfe  ReviewBoard-task  ReviewBoardTest  ReviewBoardTest-rfe  ReviewBoardTest-task  Ribbon-diags  RibCapi  RibCapi-rfe  RibCapi-task  RibCapiTest  RibCapiTest-rfe  RibCapiTest-task  Rio  Rio-rfe  Rio-task  RioTest  RioTest-rfe  RioTest-task  Rip  Rip-rfe  Rip-task  ripgrep  ripgrep-rfe  ripgrep-task  RN  Robo-service  Robo-service-rfe  Robo-service-task  Robo1  Robo1-rfe  Robo1-task  Robo2  Robo2-rfe  Robo2-task  Robo3  Robo3-rfe  Robo3-task  RoboScripts  RoboScripts-rfe  RoboScripts-task  rootfs-service  rootfs-service-rfe  rootfs-service-task  Rosa-diags  Rosa/SantaRosa/Cotati  RouteInput  RouteInput-rfe  RouteInput-task  RouteMap  RouteMap-rfe  RouteMap-task  RouterGeneral  RouterGeneral-rfe  RouterGeneral-task  RouterGeneralCli  RouterGeneralCli-rfe  RouterGeneralCli-task  RoutingHelper  RoutingHelper-rfe  RoutingHelper-task  rpcapd  rpcapd-rfe  rpcapd-task  Rsvp  Rsvp-rfe  Rsvp-task  RsvpTest  RsvpTest-rfe  RsvpTest-task  rsyslog  rsyslog-rfe  rsyslog-task  rtest  rtest-rfe  rtest-task  Ruby  Ruby-rfe  Ruby-task  Rutherford  Rutherford-rfe  Saguaro  Saguaro-rfe  Saguaro-task  Sai  sai-net  sai-net-rfe  sai-net-task  Sai-rfe  Sai-task  SaltLakeFixed  SaltLakeFixed-rfe  SaltLakeFixed-task  SampleSoftware  Sand  Sand--diags  Sand-diags  sand-dma  sand-dma-rfe  sand-dma-task  Sand-rfe  Sand-task  SandAcl  SandAcl-rfe  SandAcl-task  SandAclTest  SandAclTest-rfe  SandAclTest-task  SandBcmSdkShim  SandBcmSdkShim-rfe  SandBcmSdkShim-task  SandBcmSdkV2  SandBcmSdkV2-rfe  SandBcmSdkV2-task  SandBroadcomSdk  SandBroadcomSdk-rfe  SandBroadcomSdk-task  SandCounters  SandCounters-rfe  SandCounters-task  SandDanz  SandDanz-rfe  SandDanz-task  SandFabric  SandFabric-rfe  SandFabric-task  SandFap  SandFap-rfe  SandFap-task  SandFapNi  SandFapNi-rfe  SandFapNi-task  SandFapNiState  SandFapNiState-rfe  SandFapNiState-task  SandFlow  SandFlow-rfe  SandFlow-task  SandHalo  SandHalo-rfe  SandHalo-task  SandHw  SandHw-rfe  SandHw-task  SandIpsec  SandIpsec-rfe  SandIpsec-task  SandL3Unicast  SandL3Unicast-rfe  SandL3Unicast-task  SandLag  SandLag-rfe  SandLag-task  SandLanz  SandLanz-rfe  SandLanz-task  SandLib  SandLib-rfe  SandLib-task  SandMact  SandMact-rfe  SandMact-task  SandMcast  SandMcast-rfe  SandMcast-task  SandMdb  SandMdb-rfe  SandMdb-task  SandMirroring  SandMirroring-rfe  SandMirroring-task  SandOam  SandOam-rfe  SandOam-task  SandPbr  SandPbr-rfe  SandPbr-task  SandPhy  SandPhy-rfe  SandPhy-task  SandPolicyLib  SandPolicyLib-rfe  SandPolicyLib-task  SandPP  SandPP-rfe  SandPP-task  SandPtp  SandPtp-rfe  SandPtp-task  SandQos  SandQos-rfe  SandQos-task  SandSal  SandSal-rfe  SandSal-task  SandSalCommon  SandSalCommon-rfe  SandSalCommon-task  SandSdk  SandSdk-rfe  SandSdk-task  SandSdkHelper  SandSdkHelper-rfe  SandSdkHelper-task  SandSdkShim  SandSdkShim-rfe  SandSdkShim-task  SandSdkV2Helper  SandSdkV2Helper-rfe  SandSdkV2Helper-task  SandSdkV3  SandSdkV3-rfe  SandSdkV3-task  SandSdkV3Helper  SandSdkV3Helper-rfe  SandSdkV3Helper-task  SandSdkV4  SandSdkV4-rfe  SandSdkV4-task  SandSdkV4Helper  SandSdkV4Helper-rfe  SandSdkV4Helper-task  SandTapAgg  SandTapAgg-rfe  SandTapAgg-task  SandTcam  SandTcam-rfe  SandTcam-task  SandTcamLib  SandTcamLib-rfe  SandTcamLib-task  SandTest  SandTest-rfe  SandTest-task  SandTm  SandTm-rfe  SandTm-task  SandToggles  SandToggles-rfe  SandToggles-task  SandTopo  SandTopo-rfe  SandTopo-task  SandTunnel  SandTunnel-rfe  SandTunnel-task  SantaRosa-diags  Santo  Santo-common  Santo-common-rfe  Santo-common-task  Santo-psp  Santo-psp-rfe  Santo-psp-task  Santo-rfe  Santo-task  Santo-v1  Santo-v1-rfe  Santo-v1-task  Sapling  Sapling-rfe  Sb820  Sb820-rfe  Sb820-task  Sc16is760  Sc16is760-rfe  Sc16is760-task  Scaleit  Scaleit-rfe  Scaleit-task  scc  Scd  scd-driver  scd-driver-rfe  scd-driver-task  scd-em  scd-em-rfe  scd-em-task  Scd-rfe  Scd-task  ScdEmUtils  ScdEmUtils-rfe  ScdEmUtils-task  SchanAccel  SchanAccel-rfe  SchanAccel-task  SchanCentral  SchanCentral-rfe  SchanCentral-task  Schooner-diags  screen  screen-rfe  screen-task  SeaRanch  SeaRanch-rfe  SecretCli  SecretCli-rfe  SecretCli-task  SecureNic  SecureNic-rfe  SecureNic-task  Security-diags  SecurityTest  SecurityTest-rfe  SecurityTest-task  Sequoia  Sequoia-diags  Sequoia-rfe  Sequoia-task  SequoiaModular  SessionTimeout  SessionTimeout-rfe  SessionTimeout-task  Sesto-diags  Sfa  Sfa-rfe  Sfa-task  Sfe  Sfe-rfe  Sfe-task  SfeModules  SfeModules-rfe  SfeModules-task  Sflow  Sflow-rfe  Sflow-task  SflowAccel  SflowAccel-rfe  SflowAccel-task  SflowAccelTest  SflowAccelTest-rfe  SflowAccelTest-task  SflowLib  SflowLib-rfe  SflowLib-task  SflowTest  SflowTest-rfe  SflowTest-task  shadow-utils  shadow-utils-rfe  shadow-utils-task  Shape  Shape-rfe  Shape-task  ShardedMap  ShardedMap-rfe  ShardedMap-task  ShardedMapCppApi  ShardedMapCppApi-rfe  ShardedMapCppApi-task  ShardedMapTest  ShardedMapTest-rfe  ShardedMapTest-task  SharedMem  SharedMem-rfe  SharedMem-task  Shasta  Shasta-rfe  Shmalloc  Shmalloc-rfe  Shmalloc-task  ShowCommandService  ShowCommandService-rfe  ShowCommandService-task  Si5327  Si5327-rfe  Si5327-task  Silverado  Silverado-rfe  simtop  simtop-rfe  simtop-task  Skegness  Skegness-rfe  Skegness-task  SkuTools  SkuTools-rfe  SkuTools-task  SmartOptics (FB)  smartsync  smartsync-rfe  smartsync-task  Smash  Smash-rfe  Smash-task  SmashCli  SmashCli-rfe  SmashCli-task  SmashTest  SmashTest-rfe  SmashTest-task  SmashTools  SmashTools-rfe  SmashTools-task  SmashViz  SmashViz-rfe  SmashViz-task  snakefood  snakefood-rfe  snakefood-task  Snmp  Snmp-rfe  Snmp-task  Snmp,net-snmp  Snmp,net-snmp-rfe  Snmp,net-snmp-task  SnmpTest  SnmpTest-rfe  SnmpTest-task  Sol  Sol-rfe  Sol-task  Sonic  Sonic-rfe  sonic-support  sonic-support-rfe  sonic-support-task  Sonic-task  Sonoma  Sonoma-rfe  Source Photonics (ET)  source-highlight  source-highlight-rfe  source-highlight-task  SourcePhotonics  SourcePhotonics-rfe  spark  spark-rfe  spark-task  Sparrow  Sparrow-rfe  Sparrow-task  spin  spin-rfe  spin-task  spl  spl-rfe  spl-task  SplunkForwarder  SplunkForwarder-rfe  SplunkForwarder-task  squashfs-tools  squashfs-tools-rfe  squashfs-tools-task  SrTePolicy  SrTePolicy-rfe  SrTePolicy-task  SrTePolicyTest  SrTePolicyTest-rfe  SrTePolicyTest-task  SshHostKeys  SshHostKeys-rfe  SshHostKeys-task  SsoTest  SsoTest-rfe  SsoTest-task  Sta-task  StageMgr  StageMgr-rfe  StageMgr-task  StageMgrAgent  StageMgrAgent-rfe  StageMgrAgent-task  StanbyCpld  StanbyCpld-rfe  StanbyCpld-task  Stand  Stand-rfe  Stand-task  StandbyCpld  StandbyCpld-rfe  StandbyCpld-task  Stash  Stash-rfe  Stash-task  StashTest  StashTest-rfe  StashTest-task  Stat  Stat-rfe  Stat-task  StaticRoute  StaticRoute-rfe  StaticRoute-task  stest-service  stest-service-rfe  stest-service-task  stestimgbuilder  stestimgbuilder-rfe  stestimgbuilder-task  stesting  stesting-rfe  stesting-task  StestWorkspace-service  StestWorkspace-service-rfe  StestWorkspace-service-task  StorageDevices  StorageDevices-rfe  StorageDevices-task  Storg  Storg-rfe  Storg-task  StormControl  StormControl-rfe  StormControl-task  Stp  Stp-rfe  Stp-task  StpSnmp  StpSnmp-rfe  StpSnmp-task  Strata  Strata--diags  Strata-diags  strata-dma  strata-dma-rfe  strata-dma-task  Strata-rfe  Strata-task  StrataAcl  StrataAcl-rfe  StrataAcl-task  StrataApi  StrataApi-rfe  StrataApi-task  StrataApi2  StrataApi2-rfe  StrataApi2-task  StrataApiTest  StrataApiTest-rfe  StrataApiTest-task  StrataApiV2  StrataApiV2-rfe  StrataApiV2-task  StrataApiV3  StrataApiV3-rfe  StrataApiV3-task  StrataApiV4  StrataApiV4-rfe  StrataApiV4-task  StrataCental  StrataCental-rfe  StrataCental-task  StrataCentral  StrataCentral-rfe  StrataCentral-task  StrataCommon  StrataCommon-rfe  StrataCommon-task  StrataCounters  StrataCounters-rfe  StrataCounters-task  StrataDiags  StrataDiags-rfe  StrataDiags-task  StrataDmaTest  StrataDmaTest-rfe  StrataDmaTest-task  StrataL2  StrataL2-rfe  StrataL2-task  StrataL2Multicast  StrataL2Multicast-rfe  StrataL2Multicast-task  StrataL3  StrataL3-rfe  StrataL3-task  StrataL3Test  StrataL3Test-rfe  StrataL3Test-task  StrataLag  StrataLag-rfe  StrataLag-task  StrataLanz  StrataLanz-rfe  StrataLanz-task  stratalanzcoprocessor  stratalanzcoprocessor-rfe  stratalanzcoprocessor-task  StrataLib  StrataLib-rfe  StrataLib-task  StrataLtApi  StrataLtApi-rfe  StrataLtApi-task  StrataMirror  StrataMirror-rfe  StrataMirror-task  StrataMpls  StrataMpls-rfe  StrataMpls-task  StrataMultiAgentTest  StrataMultiAgentTest-rfe  StrataMultiAgentTest-task  StrataParity  StrataParity-rfe  StrataParity-task  StrataPbr  StrataPbr-rfe  StrataPbr-task  StrataPhy  StrataPhy-rfe  StrataPhy-task  StrataQos  StrataQos-rfe  StrataQos-task  StrataSdkCommon  StrataSdkCommon-rfe  StrataSdkCommon-task  StrataSdkShim  StrataSdkShim-rfe  StrataSdkShim-task  StrataSso  StrataSso-rfe  StrataSso-task  StrataT2PlusTest  StrataT2PlusTest-rfe  StrataT2PlusTest-task  StrataT2Test  StrataT2Test-rfe  StrataT2Test-task  StrataTcam  StrataTcam-rfe  StrataTcam-task  StrataTest  StrataTest-rfe  StrataTest-task  StrataV2  StrataV2-rfe  StrataV2-task  StrataVlanTopo  StrataVlanTopo-rfe  StrataVlanTopo-task  StrataVxlan  StrataVxlan-rfe  StrataVxlan-task  StrataXgsApi  StrataXgsApi-rfe  StrataXgsApi-task  StrataXgsApiV2  StrataXgsApiV2-rfe  StrataXgsApiV2-task  Stratix  Stratix-rfe  Stratix-task  strongswan  strongswan-rfe  strongswan-task  stuttermeter  stuttermeter-rfe  stuttermeter-task  SubIntf  subintf-task  sudo  sudo-rfe  sudo-task  sudorca  sudorca-rfe  sudorca-service  sudorca-service-rfe  sudorca-service-task  sudorca-task  Sumitomo (FY)  SuperServer  SuperServer-rfe  SuperServer-task  SupportedHardware  SupportedHardware-rfe  SupportedHardware-task  sw-infra  SwiftLib  SwiftLib-rfe  SwiftLib-task  swig  swig-rfe  swig-task  Switchboard  Switchboard-rfe  Switchboard-task  SwitchTest  SwitchTest-rfe  SwitchTest-task  SwLab  SwLab-logre  SwLab-rfe  Sysdb  Sysdb-rfe  Sysdb-task  SysdbAgent  SysdbAgent-rfe  SysdbAgent-task  SysdbProfileCheck  SysdbProfileCheck-rfe  SysdbProfileCheck-task  SysdbTest  SysdbTest-rfe  SysdbTest-task  syslog-proxy  syslog-proxy-rfe  syslog-proxy-task  SysMgr  SysMgr-rfe  SysMgr-task  SysMgrSnmp  SysMgrSnmp-rfe  SysMgrSnmp-task  SysMgrTest  SysMgrTest-rfe  SysMgrTest-task  systemd  systemd-rfe  systemd-task  systest-poc lab  sysvinit  sysvinit-rfe  sysvinit-task  Tacacs  Tacacs-rfe  Tacacs-task  tacacs+  tacacs+-rfe  tacacs+-task  tacc  tacc-pygment  tacc-pygment-rfe  tacc-pygment-task  tacc-rfe  tacc-task  TaccAttic  TaccAttic-rfe  TaccAttic-task  TaccComputeMan  TaccComputeMan-rfe  TaccComputeMan-task  TaccComputeManImpl  TaccComputeManImpl-rfe  TaccComputeManImpl-task  TaccComputeManTest  TaccComputeManTest-rfe  TaccComputeManTest-task  TaccDistributedTest  TaccDistributedTest-rfe  TaccDistributedTest-task  TaccDocs  TaccDocs-rfe  TaccDocs-task  TaccExamples  TaccExamples-rfe  TaccExamples-task  TaccExperimental  TaccExperimental-rfe  TaccExperimental-task  TaccGraphTest  TaccInternalDocs  TaccInternalDocs-rfe  TaccInternalDocs-task  TaccInteropTest  TaccInteropTest-rfe  TaccInteropTest-task  TaccJni  TaccJni-rfe  TaccJni-task  TaccJniTest  TaccMap  TaccMap-rfe  TaccMap-task  TaccMapSrv  TaccMapSrv-rfe  TaccMapSrv-task  TaccMarketAnalyticsTest  TaccNetworkTest  TaccNetworkTest-rfe  TaccNetworkTest-task  TaccOde  TaccOde-rfe  TaccOde-task  TaccPerfFwk-task  TaccPerfTools  TaccPerfTools-rfe  TaccPerfTools-task  TaccPyUtils  TaccPyUtils-rfe  TaccPyUtils-task  TaccServiceMan  TaccServiceMan-rfe  TaccServiceMan-task  TaccServiceManTest  TaccServiceManTest-rfe  TaccServiceManTest-task  TacGo  TacGo-rfe  TacGo-task  TacGoTest  TacGoTest-rfe  TacGoTest-task  TacMarco  TacMarco-rfe  TacMarco-task  TacNav  TacNav-rfe  TacNav-task  taco  taco-rfe  taco-task  tacoTest  tacoTest-rfe  tacoTest-task  TacPulse  TacPulse-rfe  TacPulse-task  TacSmash  TacSmash-rfe  TacSmash-task  TacStash  TacStash-rfe  TacStash-task  tacXref  Tamarack  Tamarack-rfe  TapAggGui  TapAggGui-rfe  TapAggGui-task  TapAggTest  TapAggTest-rfe  TapAggTest-task  TargetExpr  TargetExpr-rfe  TargetExpr-task  TargetExpression  TargetExpression-rfe  TargetExpression-task  Taro  Taro-rfe  Taro-task  TaskScheduler  TaskScheduler-rfe  TaskScheduler-task  tcollector  tcollector-rfe  tcollector-task  tcollectorAgent  tcollectorAgent-rfe  tcollectorAgent-task  tcp_wrappers  tcp_wrappers-rfe  tcp_wrappers-task  tcpdump  tcpdump-rfe  tcpdump-task  tcptrace  tcptrace-rfe  tcptrace-task  Te  Te-rfe  te-task  TeCli  TeCli-rfe  TeCli-task  telnet  telnet-rfe  telnet-task  TemplatePkg  TemplatePkg-rfe  TemplatePkg-task  TempSensor-diags  Tenjin  Tenjin-rfe  Tenjin-task  Teranetics  Teranetics-rfe  TerminAttr  TerminAttr-rfe  TerminAttr-task  test  test-rfe  test-task  Test1234567  Test12345678  Test123456789  test56  TestCluster  TestCluster-rfe  TestCluster-task  TestDemo  TestDemo-rfe  TestDemo-task  Testpoint  Testpoint-rfe  Testpoint-task  TestProduct  TestResources  TestResources-rfe  TestResources-task  TestSuite  TestSuite-rfe  TestSuite-task  TestSuiteTest  TestSuiteTest-rfe  TestSuiteTest-task  ThermoMgr  ThermoMgr-rfe  ThermoMgr-task  Thermostat  Thermostat-rfe  Thermostat-task  ThreeBrothers-diags  thrift  thrift-rfe  thrift-task  Tiburon  Tiburon-rfe  TimberCove-diags  timeout  timeout-rfe  timeout-task  TimeSync  TimeSync-rfe  TimeSync-task  TiPhy-diags  tmux  tmux-rfe  tmux-task  tofino-model  tofino-model-rfe  tofino-model-task  tofinobm  tofinobm-rfe  tofinobm-task  Toggles  Toggles-rfe  Toggles-task  Tomahawk2Fixed  Tomahawk2Fixed-rfe  Tomahawk2Fixed-task  Tomahawk3Fixed  Tomahawk3Fixed-rfe  Tomahawk3Fixed-task  Tomales  Tomales-rfe  TommyDS  TommyDS-rfe  TommyDS-task  Tools  Topology  Topology-rfe  Topology-task  TopologyManager  TopologyManager-rfe  TopologyManager-task  TopologyTest  TopologyTest-rfe  TopologyTest-task  TPGen  TPGen-rfe  TPGen-task  Tpm  Tpm-rfe  Tpm-task  TPMFU  TPMFU-rfe  TPMFU-task  traceroute  traceroute-rfe  traceroute-task  Tunnel  Tunnel-rfe  Tunnel-task  TunnelIntf  TunnelIntf-rfe  TunnelIntf-task  TunnelIntfTest  TunnelIntfTest-rfe  TunnelIntfTest-task  TunnelSnmp  TunnelSnmp-rfe  TunnelSnmp-task  TunnelTest  TunnelTest-rfe  TunnelTest-task  Tyco (BQ)  uart-verilog  uart-verilog-rfe  uart-verilog-task  Ucd9012  Ucd9012-rfe  Ucd9012-task  ufl  ufl-rfe  ufl-task  Ugly  Ugly-rfe  Ugly-task  Umbrella  Umbrella-rfe  Umbrella-stest  Umbrella-stest-rfe  Umbrella-stest-task  Umbrella-task  urcu  urcu-rfe  urcu-task  uriparser  uriparser-rfe  uriparser-task  UserCgroup  UserCgroup-rfe  UserCgroup-task  UserDocs-rfe  userspace-rcu  userspace-rcu-rfe  userspace-rcu-task  uthash  uthash-rfe  uthash-task  util-linux  util-linux-rfe  util-linux-task  uwsgi  uwsgi-rfe  uwsgi-task  UwsgiApp  UwsgiApp-rfe  UwsgiApp-task  valgrind  valgrind-rfe  valgrind-task  vEOS  vEOS-rfe  VEos-task  VeosDut  VeosDut-rfe  VeosDut-task  VeosPerfTest  VeosPerfTest-rfe  VeosPerfTest-task  Vernal  Vernal-rfe  Virtual EOS (vEOS)  VirtualCable  VirtualCable-rfe  VirtualCable-task  Vm  Vm-rfe  Vm-task  VmDut  VmDut-rfe  VmDut-task  VmTracer  VmTracer-rfe  VmTracer-task  VmwareNvp  VmwareNvp-rfe  VmwareNvp-task  VmwareTest  VmwareTest-rfe  VmwareTest-task  VmwareVds  VmwareVds-rfe  VmwareVds-task  VmwareVI  VmwareVI-rfe  VmwareVI-task  Vrf  Vrf-rfe  vrf-scale  Vrf-task  VrfLeak  VrfLeak-rfe  VrfLeak-task  Vrm64  Vrm64-rfe  Vrm64-task  VrmIr  VrmIr-rfe  VrmIr-task  Vrrp  Vrrp-rfe  Vrrp-task  vulcan  Vxlan  Vxlan-rfe  Vxlan-task  VxlanAdvAgent  VxlanAdvAgent-rfe  VxlanAdvAgent-task  VxlanController  VxlanController-rfe  VxlanController-task  VxlanControllerTest  VxlanControllerTest-rfe  VxlanControllerTest-task  VxlanRouting-task  VxlanStatus  VxlanStatus-rfe  VxlanStatus-task  VxlanTest  VxlanTest-rfe  VxlanTest-task  waagent  waagent-rfe  waagent-task  Watchdog  Watchdog-rfe  Watchdog-task  WaveSplitter (SM)  Wbem  Wbem-rfe  Wbem-task  Web  Web-rfe  Web-task  wget  wget-rfe  wget-task  Windows  Windows-rfe  Windows-task  Winston  Winston-rfe  Winston-task  wireshark  wireshark-rfe  wireshark-task  Workspace-service  Workspace-service-rfe  Workspace-service-task  WorkspaceDut  WorkspaceDut-rfe  WorkspaceDut-task  workspacePrefetcher  workspacePrefetcher-rfe  workspacePrefetcher-task  World  World-rfe  World-task  wpa_supplicant  wpa_supplicant-rfe  wpa_supplicant-task  WsgiDut  WsgiDut-rfe  WsgiDut-task  Xcvr  Xcvr-diags  Xcvr-rfe  Xcvr-task  XcvrCfp2Dco  XcvrCfp2Dco-rfe  XcvrCfp2Dco-task  XcvrCtrl  XcvrCtrl-rfe  XcvrCtrl-task  XcvrSnmp  XcvrSnmp-rfe  XcvrSnmp-task  XFire  XFire-rfe  XFire-task  XFireTest  XFireTest-rfe  XFireTest-task  xfstests  xfstests-rfe  xfstests-task  Xilinx  Xilinx-rfe  Xilinx-task  xinetd  xinetd-rfe  xinetd-task  Xmpp  Xmpp-rfe  Xmpp-task  xorg-x11-drv-intel  xorg-x11-drv-intel-rfe  xorg-x11-drv-intel-task  xpaccel  xpaccel-rfe  xpaccel-task  XpAccess  XpAccess-rfe  XpAccess-task  XpAcl  XpAcl-rfe  XpAcl-task  XpApi  XpApi-rfe  XpApi-task  XpCentral  XpCentral-rfe  XpCentral-task  XpCounters  XpCounters-rfe  XpCounters-task  xpdma  xpdma-rfe  xpdma-task  XpFlow  XpFlow-rfe  XpFlow-task  XpL2  XpL2-rfe  XpL2-task  XpL3Unicast  XpL3Unicast-rfe  XpL3Unicast-task  XpLanz  XpLanz-rfe  XpLanz-task  XpLib  XpLib-rfe  XpLib-task  xplot  xplot-rfe  xplot-task  XpMact  XpMact-rfe  XpMact-task  XpMcast  XpMcast-rfe  XpMcast-task  XpPbr  XpPbr-task  XpProfile  XpProfile-rfe  XpProfile-task  XpQos  XpQos-rfe  XpQos-task  XpSdk  XpSdk-rfe  XpSdk-task  XpSim  XpSim-rfe  XpSim-task  XpSlice  XpSlice-rfe  XpSlice-task  XpTest  XpTest-rfe  XpTest-task  XpVxlan  XpVxlan-task  Xtacc  Xtacc-rfe  Xtacc-task  Xukg  Xukg-rfe  Xukg-task  XukWeb  XukWeb-rfe  XukWeb-task  xxHash  xxHash-rfe  xxHash-task  yaml-cpp  yaml-cpp-rfe  yaml-cpp-task  Yosemite  Yosemite-diags  Yosemite-rfe  Yosemite-task  Yreka-diags  Zbf  Zbf-rfe  Zbf-task  Zeppelin  Zeppelin-rfe  Zeppelin-task  ZeroTouch  ZeroTouch-rfe  ZeroTouch-task  zfs  zfs-rfe  zfs-task  zlog  zlog-rfe  zlog-task  ztpserver  ztpserver-rfe  ztpserver-task  Zuma  Zuma-hw  Zuma-rfe  Zuma-task0 / 200 Checked')]' not found)"/>
         <system-out><![CDATA[2018-03-29 17:27:59 - [TEST_CASE][FAILED] - Test Cases/Search_TestCases/Search_With_PackageOnly: Test Cases/Search_TestCases/Search_With_PackageOnly FAILED because (of) Unable to verify object 'Object Repository/Page_BugsUI Search/ul_Check All   Uncheck All  Do' is present (Root cause: com.kms.katalon.core.webui.exception.WebElementNotFoundException: Web element with id: 'Object Repository/Page_BugsUI Search/ul_Check All   Uncheck All  Do' located by 'By.xpath: //ul[(text() = '  Check All   Uncheck All  @Dos  @Dos-rfe  @Dos-task  @DosLib  @DosLib-rfe  @DosLib-task  @Lakeport-diags  @LegacyPackage  ##General##  ##General##-rfe  ##General##-task  ##Internal##  ##Internal##-rfe  11111Test34  12222test  123456789Test  12345Test  1RUdiags  1RUdiags-rfe  1Test  3dm2  3dm2-rfe  3dm2-task  3M (EJ)  A144  a4b  a4b-rfe  a4b-task  a4c  a4c-qfs  a4c-qfs-rfe  a4c-qfs-service  a4c-qfs-service-rfe  a4c-qfs-service-task  a4c-qfs-task  a4c-qfs-test  a4c-qfs-test-rfe  a4c-qfs-test-task  a4c-rfe  a4c-service  a4c-service-rfe  a4c-service-task  a4c-task  A4Web  A4Web-rfe  A4Web-task  A55  Aaa  Aaa-rfe  Aaa-task  AaaTest  AaaTest-rfe  AaaTest-task  AaaTest1  Abalone  Aben  Aben-rfe  Aben-task  Aboard  Aboot  Aboot-rfe  Aboot-task  AbootFirmwareUtils  AbootFirmwareUtils-rfe  AbootFirmwareUtils-task  AbootTest  AbootTest-rfe  AbootTest-task  Abug  Abug-rfe  Abug-task  Abug-testing  AbugApi  AbugApi-rfe  AbugApi-task  Abuild  Abuild-rfe  Abuild-task  AbuildDb  AbuildDb-rfe  AbuildDb-task  AbuildWeb  AbuildWeb-rfe  AbuildWeb-task  abuildworkspace-service  abuildworkspace-service-rfe  abuildworkspace-service-task  Acacia-diags  Acarpool  Acarpool-rfe  Acarpool-task  Acl  Acl-rfe  Acl-task  AclAgent  AclAgent-rfe  AclAgent-task  AclSnmp  AclSnmp-rfe  AclSnmp-task  AclTest  AclTest-rfe  AclTest-task  AclTestLib  AclTestLib-rfe  AclTestLib-task  Across  Across-rfe  Across-task  ActivePerl  ActivePerl-rfe  ActivePerl-task  actor  actor-rfe  actor-task  addronly-nat  addronly-nat-rfe  addronly-nat-task  Adm1066  Adm1066-rfe  Adm1066-task  Adt7462  Adt7462-rfe  Adt7462-task  Adt7483  Adt7483-rfe  Adt7483-task  Aeluros  Aeluros-rfe  aer-uio  aer-uio-rfe  aer-uio-task  Aeris  Aeris-rfe  Aeris-task  AerisTest  AerisTest-rfe  AerisTest-task  Afetch  Afetch-rfe  Afetch-task  Afind  Afind-rfe  Afind-task  Agent  Agent-rfe  Agent-task  AgentLib  AgentLib-rfe  AgentLib-task  AgentLogging  AgentLogging-rfe  AgentLogging-task  AgentMonitor  AgentMonitor-rfe  AgentMonitor-task  AgentSyncResponder  AgentSyncResponder-rfe  AgentSyncResponder-task  AgentVis  AgentVis-rfe  AgentVis-task  Agile  Agile-rfe  AGitTools  AGitTools-rfe  AGitTools-task  Agraphviz  Agraphviz-rfe  Agraphviz-task  ahab  ahab-rfe  ahab-task  Ahire  Ahire-rfe  Ahire-task  Ahost  Ahost-rfe  Ahost-task  AhostImage  AhostImage-rfe  AhostImage-task  Ahwahnee  Ahwahnee-rfe  aid  aid-rfe  aid-task  Aie  Aie-rfe  Aie-task  Alameda  Alameda-rfe  Alameda-task  Ale  Ale-rfe  Ale-task  AleAsu  AleAsu-rfe  AleAsu-task  AleCapacity  AleCapacity-rfe  AleCapacity-task  AleCapacitySnmp  AleCapacitySnmp-rfe  AleCapacitySnmp-task  AleCentral  AleCentral-rfe  AleCentral-task  AleCfm  AleCfm-rfe  AleCfm-task  AleCounters  AleCounters-rfe  AleCounters-task  AleEvpn  AleEvpn-rfe  AleEvpn-task  AleFlow  AleFlow-rfe  AleFlow-task  AleHalo  AleHalo-rfe  AleHalo-task  AleIpsec  AleIpsec-rfe  AleIpsec-task  AleL3  AleL3-rfe  AleL3-task  AleL3Intf  AleL3Intf-rfe  AleL3Intf-task  AleL3Unicast  AleL3Unicast-rfe  AleL3Unicast-task  AleMacSec  AleMacSec-rfe  AleMacSec-task  AleMpls  AleMpls-rfe  AleMpls-task  AleMroute  AleMroute-rfe  AleMroute-task  AleNat  AleNat-rfe  AleNat-task  AlePbr  AlePbr-rfe  AlePbr-task  AlePhy  AlePhy-rfe  AlePhy-task  AleQos  AleQos-rfe  AleQos-task  AleTcam  AleTcam-rfe  AleTcam-task  AleTestLib  AleTestLib-rfe  AleTestLib-task  AleVrrp  AleVrrp-rfe  AleVrrp-task  AleVxlan  AleVxlan-rfe  AleVxlan-task  AlgoMatchUtil  AlgoMatchUtil-rfe  AlgoMatchUtil-task  Aloha  Aloha-rfe  Aloha-task  Alphanet  Alphanet-rfe  Alphanet-task  AltaLanz  AltaLanz-rfe  AltaLanz-task  Altera  Altera-rfe  Altera-task  Amphenol  Amphenol (DY)  Amphenol-rfe  antelope-drv  antelope-drv-rfe  antelope-drv-task  antlr3-5-2  antlr3-5-2-rfe  antlr3-5-2-task  antlr4  antlr4-rfe  antlr4-task  Anvl  Anvl-rfe  Anvl-task  Aom  Aom-diags  Aom-rfe  Aom-task  ApmPhy-diags  ApmX24  ApmX24-rfe  ApmX24-task  AppDmaLib  AppDmaLib-rfe  AppDmaLib-task  Aqemu  Aqemu-rfe  Aqemu-task  Arad  Arad-rfe  Arad-task  AradLanz  AradLanz-rfe  AradLanz-task  AradVxlan  AradVxlan-rfe  AradVxlan-task  Arbazel  Arbazel-rfe  Arbazel-task  ArBgp  ArBgp-rfe  ArBgp-task  ArBgpLu  ArBgpLu-rfe  ArBgpLu-task  ArBgpTest  ArBgpTest-rfe  ArBgpTest-task  ArBot  ArBot-rfe  ArBot-task  Arbugs  Arbugs-rfe  Arbugs-task  Arbus  Arbus-rfe  Arbus-task  ArbusAgent  ArbusAgent-rfe  ArbusAgent-task  Arby  Arby-rfe  Arby-task  Archer  Archer-rfe  Archer-task  ArcherTest  ArcherTest-rfe  ArcherTest-task  Arcov  Arcov-rfe  Arcov-task  ArDb  ArDb-rfe  ArDb-task  ardc  ardc-rfe  ardc-task  ArDcApps  ArDcApps-rfe  ArDcApps-task  ArDjango  ArDjango-rfe  ArDjango-task  Ardoc  Ardoc-rfe  Ardoc-task  Arecruit  Arecruit-rfe  Arecruit-task  Aresolve  Aresolve-rfe  Aresolve-task  Areview  Areview-rfe  Areview-task  ArGcov  ArGcov-rfe  ArGcov-task  ArGcovTest  ArGcovTest-rfe  ArGcovTest-task  ArGo  ArGo-rfe  ArGo-task  ArGoogleApps  ArGoogleApps-rfe  ArGoogleApps-task  Argotest  Argotest-rfe  Argotest-task  arista-bde  arista-bde-rfe  arista-bde-task  AristaAppForSplunk  AristaAppForSplunk-rfe  AristaAppForSplunk-task  AristaAppForSplunkNew  AristaAppForSplunkNew-rfe  AristaAppForSplunkNew-task  Arjob  Arjob-rfe  Arjob-task  ArjobDb  ArjobDb-rfe  ArjobDb-task  Ark  Ark-rfe  Ark-task  ArkCli  ArkCli-rfe  ArkCli-task  arm-tools  arm-tools-rfe  arm-tools-task  ArMake  ArMake-rfe  ArMake-task  ArMakeTest  ArMakeTest-rfe  ArMakeTest-task  ArMon  ArMon-rfe  ArMon-task  Arnet  Arnet-rfe  Arnet-task  ArNinja  ArNinja-rfe  ArNinja-task  Aroma  Aroma-rfe  Aroma-task  Arora  Arora-rfe  Arora-syslinux  Arora-syslinux-rfe  Arora-syslinux-task  Arora-task  AroraBugAlert  AroraBugAlert-rfe  AroraBugAlert-task  AroraConfig  AroraConfig-rfe  AroraConfig-task  AroraDevel  AroraDevel-rfe  AroraDevel-task  AroraExternal  AroraExternal-rfe  AroraExternal-task  AroraIcinga  AroraIcinga-rfe  AroraIcinga-task  AroraImage  AroraImage-rfe  AroraImage-task  AroraKernel  AroraKernel-rfe  AroraKernel-task  AroraUtils  AroraUtils-rfe  AroraUtils-task  AroraWeb  AroraWeb-rfe  AroraWeb-task  ArosBase  ArosBase-rfe  ArosBase-task  ArosTest  ArosTest-rfe  ArosTest-task  Arp  Arp-rfe  Arp-task  ArP4  ArP4-rfe  ArP4-task  ArpInspection  ArpInspection-rfe  ArPrep  ArPrep-rfe  ArPrep-task  ArpRoute  ArpRoute-rfe  ArpRoute-task  ArpSuppression  ArpSuppression-rfe  ArpSuppression-task  ArPygments  ArPygments-rfe  ArPygments-task  ArPyUtils  ArPyUtils-rfe  ArPyUtils-task  ArQa  ArQa-rfe  ArQa-task  Arrakis  Arrakis-rfe  ArRip  ArRip-rfe  ArRip-task  Arrow  Arrow-rfe  Arrow-task  ArrowAqlc  ArrowAqlc-rfe  ArrowAqlc-task  ArrowTacTest  ArrowTacTest-rfe  ArrowTacTest-task  ArrowTest  ArrowTest-rfe  ArrowTest-task  Arscale  Arscale-rfe  Arscale-task  Arsched  Arsched-rfe  Arsched-task  ArschedClient  ArschedClient-rfe  ArschedClient-task  Arsim  Arsim-rfe  Arsim-task  Arspark  Arspark-rfe  Arspark-task  Arsphinx  Arsphinx-rfe  Arsphinx-task  ArSwift  ArSwift-rfe  ArSwift-task  Arsys  Arsys-rfe  Arsys-task  ArsysTest  ArsysTest-rfe  ArsysTest-task  Artacc  Artacc-rfe  Artacc-task  Artest  Artest-rfe  Artest-task  ArtestTest  ArtestTest-rfe  ArtestTest-task  Artflow  Artflow-rfe  Artflow-task  Arthost  Arthost-rfe  Arthost-task  ArthostLib  ArthostLib-rfe  ArthostLib-task  Artist  Artist-rfe  Artist-task  ArToggles  ArToggles-rfe  ArToggles-task  ArTogglesCli  ArTogglesCli-rfe  ArTogglesCli-task  ArTogglesTest  ArTogglesTest-rfe  ArTogglesTest-task  Artools  Artools-rfe  Artools-task  ArtoolsDummy  ArtoolsSerialTest  ArtoolsSerialTest-rfe  ArtoolsSerialTest-task  Artournament  Artournament-rfe  Artournament-task  ArTrace  ArTrace-rfe  ArTrace-task  Arventory  Arventory-rfe  Arventory-task  AsicPktTestLib  AsicPktTestLib-rfe  AsicPktTestLib-task  AsicUtils  AsicUtils-rfe  AsicUtils-task  AsicUtils,Strata  AsicUtils,Strata-rfe  AsicUtils,Strata-task  Astec  Astec-rfe  Astec-task  ASU  Asu-rfe  Asu-task  AsuAgent  AsuAgent-rfe  AsuAgent-task  AsuCli  AsuCli-rfe  AsuCli-task  AsuFastPktRestore  AsuFastPktRestore-rfe  AsuFastPktRestore-task  AsuPatch  AsuPatch-rfe  AsuPatch-task  AsuTest  AsuTest-rfe  AsuTest-task  Atcollector  Atcollector-rfe  Atcollector-task  AtFork  AtFork-rfe  AtFork-task  Atime  Atime-rfe  Atime-task  aufs2-util  aufs2-util-rfe  aufs2-util-task  AutoAbug  automake  automake-rfe  automake-task  autopep8  autopep8-rfe  autopep8-task  AutoTest  AutoTest-rfe  AutoTest-service  AutoTest-service-rfe  AutoTest-service-task  AutoTest-task  AutoTestDb  AutoTestDb-rfe  AutoTestDb-task  AutoTriage  AutoTriage-rfe  AutoTriage-task  Avago  Avago (MD)  Avago-rfe  Avago-task  AvagoPhy-diags  Avb  Avb-rfe  Avb-task  AvbDut  AvbDut-rfe  AvbDut-task  AwebLib  AwebLib-rfe  AwebLib-task  awslogs  awslogs-rfe  awslogs-task  AwsVeosDutTest  AwsVeosDutTest-rfe  AwsVeosDutTest-task  Babbage  Babbage-rfe  Babbage-task  Backup  Backup-rfe  Backup-task  BaliFabric  BaliFabric-rfe  BaliFabric-task  Bannock  Bannock-rfe  Baremetal  Baremetal-rfe  Baremetal-task  Bartools  Bartools-rfe  Bartools-task  bash  bash-rfe  bash-task  bbcp  bbcp-rfe  bbcp-task  Bcm56300  Bcm56300-rfe  Bcm56300-task  bcmaccel  bcmaccel-rfe  bcmaccel-task  BcmApiTest  BcmApiTest-rfe  BcmApiTest-task  BcmDmaAbort  BcmDmaAbort-rfe  BcmDmaAbort-task  bcmlanz  bcmlanz-rfe  bcmlanz-task  BcmMdio  BcmMdio-rfe  BcmMdio-task  BcmPhy-diags  BcmSdkCommon  BcmSdkCommon-rfe  BcmSdkCommon-task  BcmSim  BcmSim-rfe  BcmSim-task  BeamTools  BeamTools-rfe  BeamTools-task  Bear  Bear-rfe  Beech-diags  Benchmark  Benchmark-rfe  Benchmark-task  BenchmarkDb  BenchmarkDb-rfe  BenchmarkDb-task  BenchmarkHw  BenchmarkHw-rfe  BenchmarkHw-task  Bess  Bess-rfe  Bess-task  bf-diags  bf-diags-rfe  bf-diags-task  bf-drivers  bf-drivers-rfe  bf-drivers-task  bf-syslibs  bf-syslibs-rfe  bf-syslibs-task  bf-utils  bf-utils-rfe  bf-utils-task  Bfd  Bfd-rfe  Bfd-task  bfdma  bfdma-rfe  bfdma-task  BfdTest  BfdTest-rfe  BfdTest-task  BfnAgentLib  BfnAgentLib-rfe  BfnAgentLib-task  BfnCentral  BfnCentral-rfe  BfnCentral-task  BfnCounters  BfnCounters-rfe  BfnCounters-task  BfnDiags  BfnDiags-rfe  BfnDiags-task  BfnFixed  BfnFixed-rfe  BfnFixed-task  BfnFlow  BfnFlow-rfe  BfnFlow-task  BfnHalo  BfnHalo-rfe  BfnHalo-task  BfnL2  BfnL2-rfe  BfnL2-task  BfnL3  BfnL3-rfe  BfnL3-task  BfnLag  BfnLag-rfe  BfnLag-task  BfnLib  BfnLib-rfe  BfnLib-task  BfnMbb  BfnMbb-rfe  BfnMbb-task  BfnMbbSlice  BfnMbbSlice-rfe  BfnMbbSlice-task  BfnMcast  BfnMcast-rfe  BfnMcast-task  BfnMirroring  BfnMirroring-rfe  BfnMirroring-task  BfnNat  BfnNat-rfe  BfnNat-task  BfnPhy  BfnPhy-rfe  BfnPhy-task  BfnQos  BfnQos-rfe  BfnQos-task  BfnSdk  BfnSdk-rfe  BfnSdk-task  BfnSharedState  BfnSharedState-rfe  BfnSharedState-task  BfnSliceAgent  BfnSliceAgent-rfe  BfnSliceAgent-task  BfnTunnel  BfnTunnel-rfe  BfnTunnel-task  BfnVlan  BfnVlan-rfe  BfnVlan-task  BfnXformMgr  BfnXformMgr-rfe  BfnXformMgr-task  Bgp  Bgp-rfe  Bgp-task  BgpCommon  BgpCommon-rfe  BgpCommon-task  BgpCore  BgpData  BgpData-rfe  BgpData-task  BgpFeatureTracker  BgpFeatureTracker-rfe  BgpFeatureTracker-task  BgpFlowspec  BgpFlowspec-rfe  BgpFlowspec-task  BgpSnmp  BgpSnmp-rfe  BgpSnmp-task  BgpSnmpTest  BgpSnmpTest-rfe  BgpSnmpTest-task  BgpVpnCommon  BgpVpnCommon-rfe  BgpVpnCommon-task  bigcode  bigcode-rfe  bigcode-task  Birch-diags  BlackBox  BlackBox-rfe  BlackBox-task  BlrInfra-task  Bmp  Bmp-rfe  Bmp-task  BmpDut  BmpDut-rfe  BmpDut-task  BmpTest  BmpTest-rfe  BmpTest-task  Bodega  Bodega-diags  Bodega-rfe  Bodega-task  BodegaChassis  BodegaChassis-rfe  boost  boost-rfe  boost-task  Brad  Brad-rfe  Brad-task  Breadman  Bridalveil  Bridalveil-rfe  BridgeBridge  BridgeBridge-rfe  BridgeBridge-task  BridgeTest  BridgeTest-rfe  BridgeTest-task  BroadcomSdk  BroadcomSdk-rfe  BroadcomSdk-task  BroadSync-diags  btrfs-progs  btrfs-progs-rfe  btrfs-progs-task  Buck  Buck-rfe  BugAlert  BugAlert-rfe  BugAlert-task  BugAlertTools  BugAlertTools-rfe  BugAlertTools-task  BugBoard  BugBoard-rfe  BugBoard-task  BugBot  BugBot-rfe  BugBot-task  BugsDatabase  BugsDatabase-rfe  BugsDatabase-task  BugsUI  BugsUITest  bugzilla  bugzilla-rfe  bugzilla-task  BugZTesting  Buildcache  Buildcache-rfe  Buildcache-task  Cables  Cables-rfe  Calistoga  Calistoga-rfe  Calpella  Canary  Canary-rfe  Canary-task  Capi  Capi-rfe  Capi-task  CapiTest  CapiTest-rfe  CapiTest-task  CaravanTelemetry  CaravanTelemetry-rfe  CaravanTelemetry-task  Caspar-diags  Cathedral  Cathedral-diags  Cathedral-rfe  Cazadero-diags  ccache  ccache-rfe  ccache-task  Cdp  Cdp-rfe  Cdp-task  CEos  CEos-rfe  CEos-task  CEosDut  CEosDut-rfe  CEosDut-task  CEosHelper  CEosHelper-rfe  CEosHelper-task  CEosImage  CEosImage-rfe  CEosImage-task  CEosInstaller  CEosInstaller-rfe  CEosInstaller-task  CEosNeo  CEosNeo-rfe  CEosNeo-task  CEosOnieInstaller  CEosOnieInstaller-rfe  CEosOnieInstaller-task  CEosOnieUtils  CEosOnieUtils-rfe  CEosOnieUtils-task  CEosTest  CEosTest-rfe  CEosTest-task  CEosUtils  CEosUtils-rfe  CEosUtils-task  ceph  ceph-rfe  ceph-task  CFM  CFM-rfe  Cfm-task  CfmAgent  CfmAgent-rfe  CfmAgent-task  CfmBase  CfmBase-rfe  CfmBase-task  CfmDut  CfmDut-rfe  CfmDut-task  CfmTest  CfmTest-rfe  CfmTest-task  cgroups  cgroups-rfe  cgroups-task  check  check-mibs  check-mibs-rfe  check-mibs-task  check-rfe  check-task  Chl822X  Chl822X-rfe  Chl822X-task  Cinch (LG)  cJSON  cJSON-rfe  cJSON-task  Clacton  Clacton-rfe  Clacton-task  ClariPhy  Clariphy-diags  ClariPhy-rfe  ClariPhy-task  ClassGraph  ClassGraph-rfe  ClassGraph-task  Clearlake-diags  Cli  Cli-rfe  Cli-task  Click  Click-rfe  Click-task  Climber  Climber-rfe  CliMode  CliMode-rfe  CliMode-task  CliParser  CliParser-rfe  CliParser-task  CliRelay  CliRelay-rfe  CliRelay-task  CliSchedulerMgr  CliSchedulerMgr-rfe  CliSchedulerMgr-task  CliSession  CliSession-rfe  CliSession-task  CliTest  CliTest-rfe  CliTest-task  CliTestClient  CliTestClient-rfe  CliTestClient-task  CliTracker  CliTracker-rfe  CliTracker-task  CliX  CliX-rfe  CliX-task  Clock-diags  CloudHa  CloudHa-rfe  CloudHa-task  CloudsRest-diags  CloudVirtualEnv  CloudVirtualEnv-rfe  CloudVirtualEnv-task  CloudVision-UserDoc  Cloverdale-diags  ClusterMgmt  ClusterMgmt-rfe  ClusterMgmt-task  ClusterMgmtTest  ClusterMgmtTest-rfe  ClusterMgmtTest-task  CMake  CMake-rfe  CMake-task  Codenomicon  Codenomicon-rfe  Codenomicon-task  CohabDut  CohabDut-rfe  CohabDut-task  ColdWatt  ColdWatt-rfe  ColdWatt-task  ColdWattHw  ColdWattHw-rfe  ColorChip (VL)  CommonCriteria  CommonCriteria-rfe  CommonCriteria-task  compat-antlr3  compat-antlr3-rfe  compat-antlr3-task  compat-gsoap  compat-gsoap-rfe  compat-gsoap-task  CompExplorer  CompExplorer-rfe  CompExplorer-task  ConditionalRoute  ConditionalRoute-rfe  ConditionalRoute-task  ConfigAgent  ConfigAgent-rfe  ConfigAgent-task  ConfigSession  ConfigSession-rfe  ConfigSession-task  ConnectedRoute  ConnectedRoute-rfe  ConnectedRoute-task  ConnectivityMonitor  ConnectivityMonitor-rfe  ConnectivityMonitor-task  ConnMgr  ConnMgr-rfe  ConnMgr-task  conserver  conserver-rfe  conserver-task  ContainerMgr  ContainerMgr-rfe  ContainerMgr-task  Controller  Controller-rfe  Controller-task  ControllerApp1  ControllerApp1-rfe  ControllerApp1-task  ControllerClient  ControllerClient-rfe  ControllerClient-task  ControllerCommon  ControllerCommon-rfe  ControllerCommon-task  Controllerdb  Controllerdb-rfe  Controllerdb-task  ControllerDebug  ControllerDebug-rfe  ControllerDebug-task  ControllerDut  ControllerDut-rfe  ControllerDut-task  ControllerProxyAgent  ControllerProxyAgent-rfe  ControllerProxyAgent-task  ControllerRegistration  ControllerRegistration-rfe  ControllerRegistration-task  ControllerTest  ControllerTest-rfe  ControllerTest-task  coreutils  coreutils-rfe  coreutils-task  Corrino  Corrino-rfe  Cotati-diags  cov-analysis  cov-analysis-rfe  cov-analysis-task  cov-platform  cov-platform-rfe  cov-platform-task  Coverage  Coverage-rfe  Coverage-task  CoverageGUI  CoverageGUI-rfe  CoverageGUI-task  Covsched  Covsched-rfe  Covsched-task  Coyote  Coyote-rfe  Cpld  Cpld-rfe  Cpld-task  CpssApi  CpssApi-rfe  CpssApi-task  CpuComplex  CpuComplex-rfe  CpuComplex-task  CpuFabric  CpuFabric-rfe  CpuFabric-task  CpuFabricCommon  CpuFabricCommon-rfe  CpuFabricCommon-task  CpuFabricTest  CpuFabricTest-rfe  CpuFabricTest-task  CpuLib-diags  cpuport  cpuport-rfe  cpuport-task  createrepo  createrepo-rfe  createrepo-task  CRM system  CRM system-rfe  crosstool-ng  crosstool-ng-rfe  crosstool-ng-task  Crt  Crt-rfe  Crt-task  cscope  cscope-rfe  cscope-task  Cspf  Cspf-rfe  Cspf-task  CStructGen  CStructGen-rfe  CStructGen-task  CtypeGen  CtypeGen-rfe  CtypeGen-task  curl  curl-rfe  curl-task  CVA  CVA-rfe  CVA-task  CvaDut  CvaDut-rfe  CvaDut-task  CvaTest  CvaTest-rfe  CvaTest-task  CVP  CVP-rfe  CVP-task  CvpDut  CvpDut-rfe  CvpDut-task  CVPI  CVPI-rfe  CVPI-task  CvpTest  CvpTest-rfe  CvpTest-task  CvxDemoServiceAgent  CvxDemoServiceAgent-rfe  CvxDemoServiceAgent-task  CvxDemoSwitchAgent  CvxDemoSwitchAgent-rfe  CvxDemoSwitchAgent-task  DaemonCli  DaemonCli-rfe  DaemonCli-task  DartGen  DartGen-rfe  DartGen-task  Dash  Dash-rfe  Dash-task  Dashboard-rfe  dbal  dbal-rfe  dbal-task  Dcb  Dcb-rfe  Dcb-task  Debug  Debug-rfe  Debug-task  Deckhand  Deckhand-rfe  Deckhand-task  Delta  Delta-rfe  Delta-task  DeltaHw  DeltaHw-rfe  DeltaPower  DeltaPower-rfe  DeltaPower-task  Demo  Demo_pkg  Demo_pkg-rfe  Demo_pkg-task  Demo_t  Demo_t-rfe  Demo_t-task  demo-orca-program  demo-orca-program-rfe  demo-orca-program-task  demo-orca-service  demo-orca-service-rfe  demo-orca-service-task  Demo-rfe  Demo-task  Demo1  Demo1-rfe  Demo1-task  DemoAgent  DemoAgent-rfe  DemoAgent-task  Denali  Denali-rfe  Denali-task  DenaliSnmp  DenaliSnmp-rfe  DenaliSnmp-task  Dfa  Dfa-rfe  Dfa-task  Dhclient  Dhclient-rfe  Dhclient-task  dhcp  dhcp-forwarder  dhcp-forwarder-rfe  dhcp-forwarder-task  dhcp-rfe  dhcp-task  DhcpClient  DhcpClient-rfe  DhcpClient-task  DhcpRelay  DhcpRelay-rfe  DhcpRelay-task  DhcpRelayTest  DhcpRelayTest-rfe  DhcpRelayTest-task  DhcpServer  DhcpServer-rfe  DhcpServer-task  DhcpSnooping  DiagEngine  DiagEngine-rfe  DiagEngine-task  Diags  Diags-rfe  Diags-task  DiagsImage  DiagsImage-rfe  DiagsImage-task  DiagsTools  DiagsTools-rfe  DiagsTools-task  DirectFlow  DirectFlow-rfe  DirectFlow-task  DirectFlowTest  DirectFlowTest-rfe  DirectFlowTest-task  DiskImager  DiskImager-rfe  DiskImager-task  disknanny  disknanny-rfe  disknanny-service  disknanny-service-rfe  disknanny-service-task  disknanny-task  Display  Display-rfe  Display-task  Dist  Dist-rfe  Dist-task  distcc  distcc-rfe  distcc-task  DITA Guidelines  django-hosts  django-hosts-rfe  django-hosts-task  djdump  djdump-rfe  djdump-task  dmamem  dmamem-rfe  dmamem-task  dnsmasq  dnsmasq-rfe  dnsmasq-task  docker  docker-rfe  docker-task  dockertest  dockertest-rfe  dockertest-task  Doran-diags  Dos  Dos-rfe  Dos-task  DosAlta  DosAlta-rfe  DosAlta-task  DosBarefoot  DosBarefoot-rfe  DosBarefoot-task  DosBroadcom  DosBroadcom-rfe  DosBroadcom-task  DosCtypes  DosCtypes-rfe  DosCtypes-task  DosDocumentation  DosDocumentation-rfe  DosDocumentation-task  DosFocalPoint  DosFocalPoint-rfe  DosFocalPoint-task  DosInfra  DosInfra-diags  DosInfra-rfe  DosInfra-task  DosSand  DosSand-rfe  DosSand-task  DosStrata  DosStrata-rfe  DosStrata-task  DosSystem  DosSystem-diags  DosSystem-rfe  DosSystem-task  DosSystemBase  DosSystemBase-rfe  DosSystemBase-task  DosUmbrella  DosUmbrella-rfe  DosUmbrella-task  DosXp  DosXp-rfe  DosXp-task  Dot1ag  Dot1ag-rfe  Dot1ag-task  Dot1x  Dot1x-rfe  Dot1x-task  Dpdk  Dpdk-rfe  Dpdk-task  Dpll  Dpll-rfe  Dpll-task  DropWatch  DropWatch-rfe  DropWatch-task  Ds125Br  Ds125Br-rfe  Ds125Br-task  Ds280  Ds280-rfe  Ds280-task  Dscp  Dscp-rfe  Dscp-task  DscpTest  DscpTest-rfe  DscpTest-task  DspUtils  DspUtils-rfe  DspUtils-task  dumb-init  dumb-init-rfe  dumb-init-task  DummyACL  DummyACL-rfe  DummyACL-task  dummyaclagent  dummyaclagent-rfe  dummyaclagent-task  Dune  Dune-rfe  dwz  dwz-rfe  dwz-task  DynamicRoutes  DynamicRoutes-rfe  DynamicRoutes-task  DynamicRouting  DynamicRouting-rfe  DynamicServiceInsertion  DynamicServiceInsertion-rfe  DynamicServiceInsertion-task  dynamips  dynamips-rfe  dynamips-task  EaglePeak-diags  Eapi  Eapi-rfe  Eapi-task  Ebra  Ebra-rfe  Ebra-task  EbraOCTests  EbraOCTests-rfe  EbraOCTests-task  EbraSnmp  EbraSnmp-rfe  EbraSnmp-task  EcbAgent  EcbAgent-rfe  EcbAgent-task  edtest  edtest-rfe  edtest-task  EDVT-Automation-Tools  Eeyore  Eeyore-rfe  Eeyore-task  eke  eke-rfe  eke-task  ElCapitan-diags  ElCorazon-diags  emacs  emacs-rfe  emacs-task  Emcore (JB)  EmersonHw  EmersonHw-rfe  EmersonPower  EmersonPower-rfe  EmersonPower-task  EngTeam  EngTeam-rfe  EngTeam-task  Enigma  Enigma-rfe  Enigma-task  EnigmaApi  EnigmaApi-rfe  EnigmaApi-task  EntityMib  EntityMib-rfe  EntityMib-task  Environment  Environment-rfe  Environment-task  EnvSnmp  EnvSnmp-rfe  EnvSnmp-task  Eoam  Eoam-rfe  Eoam-task  Eos  Eos-initscripts  Eos-initscripts-rfe  Eos-initscripts-task  Eos-logos  Eos-logos-rfe  Eos-logos-task  Eos-release  Eos-release-rfe  Eos-release-task  Eos-rfe  Eos-task  Eos-udev  Eos-udev-rfe  Eos-udev-task  EOS-UserDoc  EosAbootFirmwareUtils  EosAbootFirmwareUtils-rfe  EosAbootFirmwareUtils-task  EosDoc  EosDoc-rfe  EosDoc-task  EosExtras  EosExtras-rfe  EosExtras-task  EosImage  EosImage-rfe  EosImage-task  EosImage2GB  EosImage2GB-rfe  EosImage2GB-task  EosImageREV01HW  EosImageREV01HW-rfe  EosImageREV01HW-task  EosInit  EosInit-rfe  EosInit-task  EosKernel  EosKernel-rfe  EosKernel-task  EosKernelTest  EosKernelTest-rfe  EosKernelTest-task  EosLiteDut  EosLiteDut-rfe  EosLiteDut-task  EosSdk  EosSdk-rfe  EosSdk-task  EosSdkApps  EosSdkApps-rfe  EosSdkApps-task  EosTortureTest  EosTortureTest-rfe  EosTortureTest-task  EosUtils  EosUtils-rfe  EosUtils-task  EosVersion  EosVersion-rfe  EosVersion-task  Epil2Api  Epil2Api-rfe  Epil2Api-task  EpilApi  EpilApi-rfe  EpilApi-task  Epoch  Epoch-rfe  Epoch-task  EpqDmaLib  EpqDmaLib-rfe  EpqDmaLib-task  Eql  Eql-rfe  Eql-task  Espresso  Espresso-rfe  Espresso-task  EtbaDut  EtbaDut-rfe  EtbaDut-task  Ether  EthIntf  EthIntf-rfe  EthIntf-task  EthIntfSnmp  EthIntfSnmp-rfe  EthIntfSnmp-task  Eureka-diags  EventHistory  EventHistory-rfe  EventHistory-task  EventHistoryCli  EventHistoryCli-rfe  EventHistoryCli-task  EventMgr  EventMgr-rfe  EventMgr-task  EventMgrEnvironment  EventMgrEnvironment-rfe  EventMgrEnvironment-task  EventMgrSystem  EventMgrSystem-rfe  EventMgrSystem-task  EventMon  EventMon-rfe  EventMon-task  EventMonTest  EventMonTest-rfe  EventMonTest-task  Evora  Evora-rfe  Evora-task  EvoraApi  EvoraApi-rfe  EvoraApi-task  EvoRack  EvoRack-rfe  EvoRack-task  Evpn  Evpn-rfe  Evpn-task  EvpnLib  EvpnLib-rfe  EvpnLib-task  EvpnMplsTest  EvpnMplsTest-rfe  EvpnMplsTest-task  EvpnTest  EvpnTest-rfe  EvpnTest-task  EvpnVxlanTest  EvpnVxlanTest-rfe  EvpnVxlanTest-task  exabgp  exabgp-rfe  exabgp-task  Excelight  Excelight-rfe  exectest  exectest-rfe  exectest-task  Extension  Extension-rfe  Extension-task  ExtensionMgr  ExtensionMgr-rfe  ExtensionMgr-task  ExtEntity  ExtEntity-rfe  ExtEntity-task  External  External-rfe  External-task  ExternalAlarm  ExternalAlarm-rfe  ExternalAlarm-task  f1  f1-rfe  f1-task  fable  fable-rfe  fable-task  FabricIntf  FabricIntf-rfe  FabricIntf-task  Facilities  Facilities-rfe  fal  fal-rfe  fal-task  Fan-diags  Fan/Power  Fan/Power-rfe  FastServerFailover  FastServerFailover-rfe  FastServerFailover-task  FastServerFailoverTest  FastServerFailoverTest-rfe  FastServerFailoverTest-task  FaultInjection  FaultInjection-rfe  FaultInjection-task  FeatureQosMixedTests  FeatureQosMixedTests-rfe  FeatureQosMixedTests-task  FeatureRoutingMixedTests  FeatureRoutingMixedTests-rfe  FeatureRoutingMixedTests-task  Fhrp  Fhrp-rfe  Fhrp-task  FhrpSnmp  FhrpSnmp-rfe  FhrpSnmp-task  FhrpTest  FhrpTest-rfe  FhrpTest-task  FileCli  FileCli-rfe  FileCli-task  FileReplication  FileReplication-rfe  FileReplication-task  FileSystemMount  FileSystemMount-rfe  FileSystemMount-task  FileSystems  FileSystems-rfe  FileSystems-task  Finisar  Finisar (TH)  Finisar-rfe  fipscheck  fipscheck-rfe  fipscheck-task  Firewall  Firewall-rfe  Firewall-task  FirewallTest  FirewallTest-rfe  FirewallTest-task  firmware  firmware-rfe  firmware-task  FlameGraph  FlameGraph-rfe  FlameGraph-task  FlexCounters  FlexCounters-rfe  FlexCounters-task  FlexCountersTest  FlexCountersTest-rfe  FlexCountersTest-task  FmApi  FmApi-rfe  FmApi-task  Fne  Fne-rfe  Fne-task  FneTest  FneTest-rfe  FneTest-task  FocalPoint  focalpoint-plx  focalpoint-plx-rfe  focalpoint-plx-task  FocalPoint-rfe  FocalPoint-task  FocalPointV2  FocalPointV2-rfe  FocalPointV2-task  FocalPointV2Test  FocalPointV2Test-rfe  FocalPointV2Test-task  Forestville-diags  ForwardingAgentQosTestMixedTests  ForwardingAgentQosTestMixedTests-rfe  ForwardingAgentQosTestMixedTests-task  ForwardingAgentVxlanTestMixedTests  ForwardingAgentVxlanTestMixedTests-rfe  ForwardingAgentVxlanTestMixedTests-task  ForwardingMonitor  ForwardingMonitor-rfe  ForwardingMonitor-task  Fossil  Fossil-rfe  Fossil-task  fpdma  fpdma-rfe  fpdma-task  Fpga  Fpga-rfe  Fpga-task  FpgaHealthMonitor  FpgaHealthMonitor-rfe  FpgaHealthMonitor-task  FPLanz  FPLanz-rfe  FPLanz-task  freeradius-client  freeradius-client-rfe  freeradius-client-task  Fru  Fru-rfe  Fru-task  FruSnmp  FruSnmp-rfe  FruSnmp-task  Fulcrum  Fulcrum-rfe  FuriaApi  FuriaApi-rfe  FuriaApi-task  FuseAgent  FuseAgent-rfe  FuseAgent-task  Fvm  Fvm-rfe  Fvm-task  gated  gated-rfe  gated-task  GatedBgp  GatedBgp-rfe  GatedBgp-task  GatedRouteMap  GatedRouteMap-rfe  GatedRouteMap-task  GatedSnmp  GatedSnmp-rfe  GatedSnmp-task  GatedTe  GatedTe-rfe  GatedTe-task  GatedTest  GatedTest-rfe  GatedTest-task  gbenchmark  gbenchmark-rfe  gbenchmark-task  GbEPROM  GbEPROM-rfe  GbEPROM-task  gcc  gcc-rfe  gcc-task  gdb  gdb-rfe  gdb-task  geiger  geiger-rfe  geiger-task  General-diags  GenericSnmp  GenericSnmp-rfe  GenericSnmp-task  GenSuite  GenSuite-rfe  GenSuite-task  gflags  gflags-rfe  gflags-task  gitar  gitar-rfe  gitar-task  github  github-rfe  github-task  GitPatchMgmt  GitPatchMgmt-rfe  GitPatchMgmt-task  GitPatchReview  GitPatchReview-rfe  GitPatchReview-task  Glacier  Glacier-rfe  Glacier-task  GlenEllen  GlenEllen-rfe  Glenlyon  Glenlyon-rfe  Glenlyon-task  glibc  glibc-rfe  glibc-task  glog  glog-rfe  glog-task  Gmp  Gmp-rfe  Gmp-task  Gn2405  Gn2405-rfe  Gn2405-task  gnmi  gnmi-rfe  gnmi-task  gnoi  gnoi-rfe  gnoi-task  go-mangoes  go-mangoes-rfe  go-mangoes-task  go-mangos  go-mangos-rfe  go-mangos-task  go-nanomsg  go-nanomsg-rfe  go-nanomsg-task  goa4  goa4-rfe  goa4-task  goexternal  goexternal-rfe  goexternal-task  gograb  gograb-rfe  gograb-task  golang  golang-rfe  golang-task  GoldenGate  GoldenGate-rfe  Goodbye  Goodbye-rfe  Goodbye-task  google-api-python-client  google-api-python-client-rfe  google-api-python-client-task  google-perftools  google-perftools-rfe  google-perftools-task  gopacket  gopacket-rfe  gopacket-task  GOpenFlow  GOpenFlow-rfe  GOpenFlow-task  gotestlib  gotestlib-rfe  gotestlib-task  goworkspace  goworkspace-rfe  goworkspace-task  gperftools  gperftools-rfe  gperftools-task  GPIO-diags  Group  Group-rfe  Group-task  grpc  grpc-rfe  grpc-task  grpcio  grpcio-rfe  grpcio-task  gsoap  gsoap-rfe  gsoap-task  gtest  gtest-rfe  gtest-task  Guernville-diags  gut  gut-rfe  gut-task  hadoop-distributions  hadoop-distributions-rfe  hadoop-distributions-task  HadoopTracer  HadoopTracer-rfe  HadoopTracer-task  Halfdome  Halfdome-rfe  Halo  Halo-rfe  Halo-task  HaloFpga  HaloFpga-rfe  HaloFpga-task  HaloUtil  HaloUtil-rfe  HaloUtil-task  Hardware  Hardware-rfe  Hardware-task  HashUtils  HashUtils-rfe  HashUtils-task  Health  Health-rfe  Health-task  HealthMgr  HealthMgr-rfe  HealthMgr-task  Helena  Helena-rfe  Hello  Hello-rfe  Hello-task  HelloAgent  HelloAgent-rfe  HelloAgent-task  help2man  help2man-rfe  help2man-task  HitlessRestartTest  HitlessRestartTest-rfe  HitlessRestartTest-task  HMtestPackage  Hollywod-rfe  Hollywod-task  Hollywood  Hollywood-rfe  Hollywood-task  HostInject  HostInject-rfe  HostInject-task  HostInjectAgent  HostInjectAgent-rfe  HostInjectAgent-task  HostResourcesMib  HostResourcesMib-rfe  HostResourcesMib-task  HostSecurity  HostSecurity-rfe  HostSecurity-task  HostSecurityTest  HostSecurityTest-rfe  HostSecurityTest-task  hrdb  hrdb-rfe  hrdb-task  Hsc  Hsc-rfe  Hsc-task  HscRestApi  HscRestApi-rfe  HscRestApi-task  HttpbinDut  HttpbinDut-rfe  HttpbinDut-task  HttpService  HttpService-rfe  HttpService-task  Hut  Hut-rfe  Hut-task  HW-UserDoc  icinga  icinga-rfe  icinga-task  Idt82p33831  Idt82p33831-rfe  Idt82p33831-task  Idt82v3396  Idt82v3396-rfe  Idt82v3396-task  idutils  idutils-rfe  idutils-task  Igmp  Igmp-rfe  Igmp-task  IgmpHost  IgmpHost-rfe  IgmpHost-task  IgmpHostProxy  IgmpHostProxy-rfe  IgmpHostProxy-task  IgmpProxy  IgmpProxy-rfe  IgmpProxy-task  IgmpSnmp  IgmpSnmp-rfe  IgmpSnmp-task  IgmpSnooping  IgmpSnooping-rfe  IgmpSnooping-task  IgmpSnoopingFeature  IgmpSnoopingFeature-rfe  IgmpSnoopingTest  IgmpSnoopingTest-rfe  IgmpSnoopingTest-task  IgmpTest  IgmpTest-rfe  IgmpTest-task  ImageTest  ImageTest-rfe  ImageTest-task  Influx  Influx-rfe  Influx-task  influxlib  influxlib-rfe  influxlib-task  InnoLight (DP)  Inphi  Inphi-rfe  Inphi-task  InPhy-diags  Intel  Intel-rfe  InternalPortsSnmp  InternalPortsSnmp-rfe  InternalPortsSnmp-task  InteropL1  InteropL1Test  InteropL1Test-rfe  InteropL1Test-task  Intf  Intf-rfe  Intf-task  IntfAdapter  IntfAdapter-rfe  IntfAdapter-task  IntfSnmp  IntfSnmp-rfe  IntfSnmp-task  iomemory-vsl  iomemory-vsl-rfe  iomemory-vsl-task  iozone  iozone-rfe  iozone-task  IpDut  IpDut-rfe  IpDut-task  iperf  iperf-rfe  iperf-task  IpEth  IpEth-rfe  IpEth-task  IpEthTest  IpEthTest-rfe  IpEthTest-task  IpMRouteSnmp  IpMRouteSnmp-rfe  IpMRouteSnmp-task  IpRib  IpRib-rfe  IpRib-task  IpRibDut  IpRibDut-rfe  IpRibDut-task  IpRibLib  IpRibLib-rfe  IpRibLib-task  IpRibMain  IpRibMain-rfe  IpRibMain-task  IpRibTest  IpRibTest-rfe  IpRibTest-task  iproute  iproute-rfe  iproute-task  Ipsec  ipsec_flow_parallelization  ipsec_flow_parallelization-rfe  ipsec_flow_parallelization-task  Ipsec-rfe  Ipsec-task  ipsecflow_parallelization  ipsecflow_parallelization-rfe  ipsecflow_parallelization-task  IpsecTest  IpsecTest-rfe  IpsecTest-task  iptables  iptables-rfe  iptables-task  Ipv6NeighborDiscovery  Ipv6NeighborDiscovery-rfe  Ipv6NeighborDiscovery-task  Ipv6RouterAdvt  Ipv6RouterAdvt-rfe  Ipv6RouterAdvt-task  Ira  Ira-rfe  Ira-task  IraAcl  IraAcl-rfe  IraAcl-task  IraSnmp  IraSnmp-rfe  IraSnmp-task  irqbalance  irqbalance-rfe  irqbalance-task  isatapd  isatapd-rfe  isatapd-task  Isis  Isis-rfe  Isis-task  IsisMultiProtocolTest  IsisMultiProtocolTest-rfe  IsisMultiProtocolTest-task  isl  isl-rfe  isl-task  Isl6812X  Isl6812X-rfe  Isl6812X-task  IT Support  IT Support-rfe  ixHltApi  ixHltApi-rfe  ixHltApi-task  Ixia  Ixia-rfe  Ixia-task  ixNetworkTcl  ixNetworkTcl-rfe  ixNetworkTcl-task  ixTclHal  ixTclHal-rfe  ixTclHal-task  jcc  jcc-rfe  jcc-task  JDSU  JDSU (CW)  JDSU-rfe  jemalloc  jemalloc-rfe  jemalloc-task  Jenner  Jenner-rfe  Jenner-task  Jericho2Fixed  Jericho2Fixed-rfe  Jericho2Fixed-task  JerichoFixed  JerichoFixed-rfe  JerichoFixed-task  JerichoPlusFixed  JerichoPlusFixed-rfe  JerichoPlusFixed-task  Jinja2  Jinja2-rfe  Jinja2-task  JPlusFixed  JPlusFixed-rfe  JPlusFixed-task  jshon  jshon-rfe  jshon-task  json-cfg  json-cfg-rfe  json-cfg-task  jsonrpclib  jsonrpclib-rfe  jsonrpclib-task  Jtag  Jtag-rfe  Jtag-task  Judy  Judy-rfe  Judy-task  jungledisk  jungledisk-rfe  jungledisk-task  Kabini  Kabini-rfe  Kabini-task  kafka  kafka-rfe  kafka-task  kafkacat  kafkacat-rfe  kafkacat-task  kbfd  kbfd-rfe  kbfd-task  Kbp  kbp-driver  kbp-driver-rfe  kbp-driver-task  Kbp-rfe  Kbp-task  KbpSdk  KbpSdk-rfe  KbpSdk-task  KernelDevTools  KernelDevTools-rfe  KernelDevTools-task  KernelFib  KernelFib-rfe  KernelFib-task  KernelFibTest  KernelFibTest-rfe  KernelFibTest-task  KernelMfib  KernelMfib-rfe  KernelMfib-task  KernelNetworkInfo  KernelNetworkInfo-rfe  KernelNetworkInfo-task  KernelVersion  KernelVersion-rfe  KernelVersion-task  kexec-tools  kexec-tools-rfe  kexec-tools-task  klish  klish-rfe  klish-task  kshim  kshim-rfe  kshim-task  kubectl  kubectl-rfe  kubectl-task  kwonly-args  kwonly-args-rfe  kwonly-args-task  L2Rib  L2Rib-rfe  L2Rib-task  L3BfdTest  L3BfdTest-rfe  L3BfdTest-task  L3ProtocolAgentModelCleanup  L3ProtocolAgentModelCleanup-rfe  L3ProtocolAgentModelCleanup-task  L3ProtocolCleanup  L3ProtocolCleanup-rfe  L3ProtocolCleanup-task  L3TestLib  L3TestLib-rfe  L3TestLib-task  L3Vpn  L3Vpn-rfe  L3Vpn-task  Labpatch  Labpatch-rfe  Labpatch-task  Lag  Lag-rfe  Lag-task  LagSnmp  LagSnmp-rfe  LagSnmp-task  LagTest  LagTest-rfe  LagTest-task  Lanz  Lanz-rfe  Lanz-task  lanzcoprocessor  lanzcoprocessor-rfe  lanzcoprocessor-task  LanzTest  LanzTest-rfe  LanzTest-task  Larkfield-diags  LassenPower  LassenPower-rfe  LassenPower-task  lasso  lasso-rfe  lasso-task  Lattice  Lattice-rfe  Lattice-task  Launcher  Launcher-rfe  Launcher-task  LauncherSnmp  LauncherSnmp-rfe  LauncherSnmp-task  Layer1Mgmt  Layer1Mgmt-rfe  Layer1Mgmt-task  Ldp  Ldp-rfe  Ldp-task  LdpSnmp  LdpSnmp-rfe  LdpSnmp-task  LdpTest  LdpTest-rfe  LdpTest-task  Leoni (HC)  lftp  lftp-rfe  lftp-task  libcrafter  libcrafter-rfe  libcrafter-task  libdrm  libdrm-rfe  libdrm-task  libedit  libedit-rfe  libedit-task  libestrar  libestrar-rfe  libestrar-task  libev  libev-rfe  libev-task  libevent  libevent-rfe  libevent-task  libfastjson  libfastjson-rfe  libfastjson-task  libipt  libipt-rfe  libipt-task  liblogging  liblogging-rfe  liblogging-task  liblognorm  liblognorm-rfe  liblognorm-task  libpcap  libpcap-rfe  libpcap-task  librdkafka  librdkafka-rfe  librdkafka-task  librelp  librelp-rfe  librelp-task  libtool  libtool-rfe  libtool-task  libuio  libuio-rfe  libuio-task  libunwind  libunwind-rfe  libunwind-task  libvirt  libvirt-rfe  libvirt-task  License  License-rfe  License-task  LicenseCommon  LicenseCommon-rfe  LicenseCommon-task  LicenseRequestWeb  LicenseRequestWeb-rfe  LicenseRequestWeb-task  LicenseServer  LicenseServer-rfe  LicenseServer-task  LicenseTest  LicenseTest-rfe  LicenseTest-task  lidar  lidar-rfe  lidar-task  LinuxBridge  LinuxBridge-rfe  LinuxBridge-task  lksim  lksim-rfe  lksim-task  Lldp  Lldp-rfe  Lldp-task  LldpTest  LldpTest-rfe  LldpTest-task  llvm  llvm-rfe  llvm-task  Lm73  Lm73-rfe  Lm73-task  Lm95234  Lm95234-rfe  Lm95234-task  LoadBalancer  LoadBalancer-rfe  LoadBalancer-task  LoggedIo  LoggedIo-rfe  LoggedIo-task  LogLake  LogMgr  LogMgr-rfe  LogMgr-task  Logscan-service  Logscan-service-rfe  Logscan-service-task  LoopProtect  LoopProtect-rfe  LoopProtect-task  LpmTrie  LpmTrie-rfe  LpmTrie-task  m2crypto  m2crypto-rfe  m2crypto-task  M8  M8-rfe  MacMon  MacMon-rfe  MacMon-task  MacPhyConc  MacPhyConc-rfe  MacPhyConc-task  Macsec  Macsec-rfe  Macsec-task  MacSecAle  MacSecAle-rfe  MacSecAle-task  MacsecProxy  MacsecProxy-rfe  MacsecProxy-task  MacsecWeb  MacsecWeb-rfe  MacsecWeb-task  MadApi  MadApi-rfe  MadApi-task  MaintenacenModeTest  MaintenacenModeTest-rfe  MaintenacenModeTest-task  Maintenance  Maintenance-rfe  Maintenance-task  MaintenanceMode  MaintenanceMode-rfe  MaintenanceMode-task  MaintenanceModeTest  MaintenanceModeTest-rfe  MaintenanceModeTest-task  make  make-rfe  make-task  makedumpfile  makedumpfile-rfe  makedumpfile-task  ManagementActive  ManagementActive-rfe  ManagementActive-task  Manufacturing  Manufacturing-rfe  Marco  Marco-rfe  Marco-task  MarcoTest  MarcoTest-rfe  MarcoTest-task  MatchList  MatchList-rfe  MatchList-task  Matt  Matt-rfe  Matt-task  Max24305  Max24305-rfe  Max24305-task  Max31790  Max31790-rfe  Max31790-task  Max5980  Max5980-rfe  Max5980-task  Max6658  Max6658-rfe  Max6658-task  Max6697  Max6697-rfe  Max6697-task  mb-tools  mb-tools-rfe  mb-tools-task  MbbPostcodef  MbbPostcodef-rfe  MbbPostcodef-task  McastAgentContainer  McastAgentContainer-rfe  McastAgentContainer-task  McastBoundary  McastBoundary-rfe  McastBoundary-task  McastBridging  McastBridging-rfe  McastBridging-task  McastCommon  McastCommon-rfe  McastCommon-task  McastCommonTest  McastCommonTest-rfe  McastCommonTest-task  McastTest  McastTest-rfe  McastTest-task  Mcp55  Mcp55-rfe  Mcp55-task  Meadowood  Meadowood-rfe  Mellanox  Mellanox-rfe  Memgraph  Memgraph-rfe  Memgraph-task  Memory-diags  Mendocino  Mendocino-diags  Mendocino-rfe  Mendocino-task  Mentor  Mentor-rfe  Merced  Merced-rfe  Merge  Merge (WX)  Merge-rfe  Metadb  Metadb-rfe  Metadb-task  MetadbTest  MetadbTest-rfe  MetadbTest-task  MfgInfra  MfgInfra-diags  MfgInfra-rfe  MfgInfra-task  MfgShared  MfgShared-rfe  MfgShared-task  MfgTest  MfgTest-rfe  MfgTest-task  MgmtSecurity  MgmtSecurity-rfe  MgmtSecurity-task  Microsemi  Microsemi-rfe  Microsemi-task  mingetty  mingetty-rfe  mingetty-task  mips-sde  mips-sde-rfe  mips-sde-task  Mirroring  Mirroring-rfe  Mirroring-task  MirroringTest  MirroringTest-rfe  MirroringTest-task  Misc  Misc-rfe  MiscSnmp  MiscSnmp-rfe  MiscSnmp-task  mjollnir  mjollnir-rfe  mjollnir-task  mkelfImage  mkelfImage-rfe  mkelfImage-task  Mlag  Mlag-rfe  Mlag-task  MlagDut  MlagDut-rfe  MlagDut-task  MlagSnmp  MlagSnmp-rfe  MlagSnmp-task  MlagVrrp  MlagVrrp-rfe  MlagVrrp-task  Mld  Mld-rfe  Mld-task  MldTest  MldTest-rfe  MldTest-task  Mmpa  Mmpa-rfe  Mmpa-task  mock-program  mock-program-rfe  mock-program-task  mock-service  mock-service-rfe  mock-service-task  mod_auth_mellon  mod_auth_mellon-rfe  mod_auth_mellon-task  mod_python  mod_python-rfe  mod_python-task  Modular  Modular-rfe  Modular-task  ModularPlatform  ModularPlatform-rfe  Molex  Molex (PV)  Molex-rfe  mosh  mosh-rfe  mosh-task  MoshCli  MoshCli-rfe  MoshCli-task  moss  moss-rfe  moss-task  MountAnalyzer  MountAnalyzer-rfe  MountAnalyzer-task  MoveDownstairs  MoveDownstairs-rfe  MpcFree  MpcFree-rfe  MpcFree-task  Mpls  Mpls-rfe  Mpls-task  MplsAgent  MplsAgent-rfe  MplsAgent-task  MplsData  MplsData-rfe  MplsData-task  MplsTest  MplsTest-rfe  MplsTest-task  MplsUtils  MplsUtils-rfe  MplsUtils-task  MplsVpn  MplsVpn-rfe  MplsVpn-task  mpt3sas  mpt3sas-rfe  mpt3sas-task  Mroute  Mroute-rfe  Mroute-task  MrouteTest  MrouteTest-rfe  MrouteTest-task  Mrp  Mrp-rfe  Mrp-task  mrt  mrt-rfe  mrt-task  mrtparse  mrtparse-rfe  mrtparse-task  MrtrDut  MrtrDut-rfe  MrtrDut-task  Msdp  Msdp-rfe  Msdp-task  MsdpSnmp  MsdpSnmp-rfe  MsdpSnmp-task  MsdpTest  MsdpTest-rfe  MsdpTest-task  Msrp  Msrp-rfe  Msrp-task  Mss  Mss-rfe  Mss-task  MssClient  MssClient-rfe  MssClient-task  MssPolicyMonitor  MssPolicyMonitor-rfe  MssPolicyMonitor-task  MssTest  MssTest-rfe  MssTest-task  Mt. Baker  Mt. Baker-rfe  MtDan-diags  MtDana-diags  MtdApi  MtdApi-rfe  MtdApi-task  mtrace  mtrace-rfe  mtrace-task  MultiProtocolRouting  MultiProtocolRouting-rfe  MultiProtocolRouting-task  MultiProtocolTools  MultiProtocolTools-rfe  MultiProtocolTools-task  MultiProtocolTunnelTest  MultiProtocolTunnelTest-rfe  MultiProtocolTunnelTest-task  Mvrp  Mvrp-rfe  Mvrp-task  MyDemo  MyDemo-rfe  MyDemo-task  mysqltestlib  mysqltestlib-rfe  mysqltestlib-task  NameNode  NameNode-rfe  NameNode-task  NameNodeTest  NameNodeTest-rfe  NameNodeTest-task  NamespaceCluster  NamespaceCluster-rfe  NamespaceCluster-task  NamespaceDut  NamespaceDut-rfe  NamespaceDut-task  nanomsg  nanomsg-rfe  nanomsg-task  nanowbem  nanowbem-rfe  nanowbem-task  Napa  Napa-hw  Napa-rfe  Napa-task  Nat  Nat-rfe  Nat-task  NatTest  NatTest-rfe  NatTest-task  ncclient  ncclient-rfe  ncclient-task  ncurses  ncurses-rfe  ncurses-task  ndisc6  ndisc6-rfe  ndisc6-task  net-snmp  net-snmp-rfe  net-snmp-task  Netconf  Netconf-rfe  Netconf-task  netns  netns-rfe  netns-task  NetworkTest  NetworkTest-rfe  NetworkTest-task  NetworkTools  NetworkTools-rfe  NetworkTools-task  NetworkView  NetworkView-rfe  NetworkView-task  Nevada  Nevada-rfe  NewBgp  NewBgp-rfe  NewBgp-task  nginx  nginx-rfe  nginx-task  nglogc  nglogc-rfe  nglogc-task  Nice  Nice Diags  nios2eds  nios2eds-rfe  nios2eds-task  nnpy  nnpy-rfe  nnpy-task  node  node-rfe  node-task  nodejs  nodejs-rfe  nodejs-task  Nooksack  Nooksack-rfe  NorCal  NorCal-rfe  NorCal-task  NorCalCard  NorCalCard-rfe  NorCalCard-task  NorCalMfg  NorCalMfg-rfe  NorCalMfg-task  NorCalSys  NorCalSys-rfe  NorCalSys-task  NorCalTest  NorCalTest-rfe  NorCalTest-task  nstools  nstools-rfe  nstools-task  nsutil  nsutil-rfe  nsutil-task  Ntp  Ntp-rfe  Ntp-task  ntp-udel  ntp-udel-rfe  ntp-udel-task  NuageVsp  Nvgre  Nvgre-rfe  Nvgre-task  Oak-diags  OAM-task  oauth2client  oauth2client-rfe  oauth2client-task  ObjectTracking  ObjectTracking-rfe  ObjectTracking-task  oepnssl  oepnssl-rfe  oepnssl-task  Olema-diags  omi  omi-rfe  omi-task  onie  onie-rfe  onie-task  OnsiteDetector  OnsiteDetector-rfe  OnsiteDetector-task  openbmp  openbmp-rfe  openbmp-task  OpenConfig  OpenConfig-rfe  OpenConfig-task  OpenConfigTest  OpenConfigTest-rfe  OpenConfigTest-task  OpenFlow  OpenFlow-rfe  OpenFlow-task  OpenFlowTest  OpenFlowTest-rfe  OpenFlowTest-task  OpenGrok  OpenGrok-rfe  OpenGrok-task  openssh  openssh-rfe  openssh-task  OpenSSHTest  OpenSSHTest-rfe  OpenSSHTest-task  openssl  openssl-rfe  openssl-task  OpenStack  OpenStack-rfe  openstack-swift  openstack-swift-rfe  openstack-swift-task  OpenStack-task  openstackpythonclients  openstackpythonclients-rfe  openstackpythonclients-task  openvswitch  openvswitch-rfe  openvswitch-task  Oplink (KE)  Opnext  Opnext (AP)  Opnext-rfe  Optics  Optics-rfe  OptumSoftAbuildFirst  OptumSoftAbuildFirst-rfe  OptumSoftAbuildFirst-task  OptumSoftExternal  OptumSoftExternal-rfe  OptumSoftExternal-task  OptumSoftInfrastructure-task  OptumSoftProductTest  OptumSoftProductTest-rfe  OptumSoftProductTest-task  OptumSoftSearch  OptumSoftSearch-rfe  OptumSoftSearch-task  OptumSoftTools  OptumSoftTools-rfe  OptumSoftTools-task  Orca  Orca-rfe  Orca-task  Oscillators  Ospf  Ospf-rfe  Ospf-task  Ospf3  Ospf3-rfe  Ospf3-task  Overcast  Overcast-rfe  Overcast-task  ovftool  ovftool-rfe  ovftool-task  Ovs  Ovs-rfe  Ovs-task  P2PSync  P2PSync-rfe  P2PSync-task  P4  p4-ar-switch  p4-ar-switch-rfe  p4-ar-switch-task  p4-behavioral-model  p4-behavioral-model-rfe  p4-behavioral-model-task  p4-bf-switch  p4-bf-switch-rfe  p4-bf-switch-task  p4-bm-switch  p4-bm-switch-rfe  p4-bm-switch-task  p4-compilers  p4-compilers-rfe  p4-compilers-task  p4-hlir  p4-hlir-rfe  p4-hlir-task  P4-rfe  P4-task  p4c-bm  p4c-bm-rfe  p4c-bm-task  P4NamespaceDut  P4NamespaceDut-rfe  P4NamespaceDut-task  P4SwitchTest  P4SwitchTest-rfe  P4SwitchTest-task  p4testswitch  p4testswitch-rfe  p4testswitch-task  P4Tickets  P4Tickets-rfe  P4Tickets-task  PacketCapture  PacketCapture-rfe  PacketCapture-task  Packetpflegen  paramiko  paramiko-rfe  paramiko-task  parted  parted-rfe  parted-task  PatchPanel  PatchPanel-rfe  PatchPanel-task  PatchPanelAgent  PatchPanelAgent-rfe  PatchPanelAgent-task  PATT  PattTest  PattTest-rfe  PattTest-task  Pbr  Pbr-rfe  Pbr-task  Pca9555  Pca9555-rfe  Pca9555-task  PciBus  PciBus-rfe  PciBus-task  Pcie-diags  PcieNt  PcieNt-rfe  PcieNt-task  pcre  pcre-rfe  pcre-task  PdpDmaLib  PdpDmaLib-rfe  PdpDmaLib-task  Perdb  Perdb-rfe  Perdb-task  PeReyes  PeReyes-rfe  PeReyes-task  perforce  perforce-rfe  perforce-task  perftools  perftools-rfe  perftools-task  perl5  perl5-rfe  perl5-task  PersistentStore  PersistentStore-rfe  PersistentStore-task  peterwu  peterwu-rfe  peterwu-task  Petra  Petra-rfe  Petra-task  pexpect  pexpect-rfe  pexpect-task  Phoenix  Phoenix-rfe  Phoenix-task  Phone System  Phone System-rfe  PhyAeluros  PhyAeluros-rfe  PhyAeluros-task  PhyAlaska  PhyAlaska-rfe  PhyAlaska-task  PhyAlaskaX  PhyAlaskaX-rfe  PhyAlaskaX-task  PhyApm  PhyApm-rfe  PhyApm-task  PhyAvago  PhyAvago-rfe  PhyAvago-task  PhyAvago8812  PhyAvago8812-rfe  PhyAvago8812-task  PhyAvagoCurrent  PhyAvagoCurrent-rfe  PhyAvagoCurrent-task  PhyBcm  PhyBcm-rfe  PhyBcm-task  PhyBcm54980  PhyBcm54980-rfe  PhyBcm54980-task  PhyBcmEpil  PhyBcmEpil-rfe  PhyBcmEpil-task  PhyClariphy  PhyClariphy-rfe  PhyClariphy-task  PhyEee  PhyEee-rfe  PhyEee-task  PhyEthtool  PhyEthtool-rfe  PhyEthtool-task  PhyMtd  PhyMtd-rfe  PhyMtd-task  PhyNlp1342  PhyTest  PhyTest-rfe  PhyTest-task  PhyTn  PhyTn-rfe  PhyTn-task  Picasso  Picasso-rfe  Picasso-task  Picnic  Picnic-rfe  Piedmont  pigz  pigz-rfe  pigz-task  pika  pika-rfe  pika-task  Pim  Pim-rfe  Pim-task  PimBidir  PimBidir-rfe  PimBidir-task  PimBidirDf  PimBidirDf-rfe  PimBidirDf-task  PimBidirTest  PimBidirTest-rfe  PimBidirTest-task  PimBsr  PimBsr-rfe  PimBsr-task  PimBsrTest  PimBsrTest-rfe  PimBsrTest-task  PimReg  PimReg-rfe  PimReg-task  PimRegTest  PimRegTest-rfe  PimRegTest-task  Pimsm  Pimsm-rfe  Pimsm-task  PimsmTest  PimsmTest-rfe  PimsmTest-task  PimSnmp  PimSnmp-rfe  PimSnmp-task  pktgen  pktgen-rfe  pktgen-task  PlatformAgent  PlatformAgent-rfe  PlatformAgent-task  PlatformL3Intf  PlatformL3Intf-rfe  PlatformL3Intf-task  PlatformLibrary  PlatformLibrary-rfe  PlatformLibrary-task  PlatformTest  PlatformTest-rfe  PlatformTest-task  PlePex8600  PlePex8600-rfe  PlePex8600-task  PlugIt  PlugIt-rfe  PlugIt-task  Pluto  Pluto-rfe  Pluto-task  PlutoLib  PlutoLib-rfe  PlutoLib-task  PlutoLibrary  PlutoLibrary-rfe  PlutoLibrary-task  PlutoUtil  PlutoUtil-rfe  PlutoUtil-task  plx-pcie-drivers  plx-pcie-drivers-rfe  plx-pcie-drivers-task  Plx9056Bridge  Plx9056Bridge-rfe  Plx9056Bridge-task  PlxPex8600  PlxPex8600-rfe  PlxPex8600-task  ply  ply-rfe  ply-task  pmat  pmat-rfe  pmat-task  Pmbus  Pmbus-rfe  Pmbus-task  poc-tasks  PolicyMap  PolicyMap-rfe  PolicyMap-task  PolicyService  PolicyService-rfe  PolicyService-task  Ponderosa-diags  PortMirroring  PortMirroring-rfe  Power  Power-rfe  Power-task  PowerDevice-diags  PowerFuse  PowerFuse-rfe  PowerFuse-task  PowerOne  PowerOne-rfe  PowerOne-task  PowerSupply-diags  Prebuilt  Prebuilt-rfe  Prebuilt-task  Prestera  Prestera-rfe  Prestera-task  ProcMgr  ProcMgr-rfe  ProcMgr-task  procps  procps-ng  procps-ng-rfe  procps-ng-task  procps-rfe  procps-task  ProductAttributes  ProductAttributes-rfe  ProductAttributes-task  Proglog  Proglog-rfe  Proglog-task  ProjectReport  ProjectReport-rfe  ProjectReport-task  Pronghorn-diags  proteus-dns  proteus-dns-rfe  proteus-dns-task  Proto  Proto-rfe  Proto-task  protobuf  protobuf-rfe  protobuf-task  Pseudowire  Pseudowire-rfe  Pseudowire-task  PseudowireAgent  PseudowireAgent-rfe  PseudowireAgent-task  PseudowireCli  PseudowireCli-rfe  PseudowireCli-task  PseudowireTest  PseudowireTest-rfe  PseudowireTest-task  Psmi  Psmi-rfe  Psmi-task  PsocFanController  PsocFanController-rfe  PsocFanController-task  Psp  Psp-rfe  Psp-task  pstack  pstack-rfe  pstack-task  Ptp  Ptp-rfe  Ptp-task  ptpd  ptpd-rfe  ptpd-task  ptpd-v2  ptpd-v2-rfe  ptpd-v2-task  PtpTest  PtpTest-rfe  PtpTest-task  PtpTimeSync  PtpTimeSync-rfe  PtpTimeSync-task  PtpTimeSyncTest  PtpTimeSyncTest-rfe  PtpTimeSyncTest-task  PtReyes  PtReyes-rfe  PtReyes-task  Pulse  Pulse-rfe  Pulse-task  PulseAgent  PulseAgent-rfe  PulseAgent-task  PulseWeb  PulseWeb-rfe  PulseWeb-task  pxe  pxe-kexec  pxe-kexec-rfe  pxe-kexec-task  pxe-rfe  pxe-swi  pxe-swi-rfe  pxe-swi-task  pxe-task  py-radix  py-radix-rfe  py-radix-task  PyArrow  PyArrow-rfe  PyArrow-task  pycodestyle  pycodestyle-rfe  pycodestyle-task  pylibpcap  pylibpcap-rfe  pylibpcap-task  pylint  pylint-rfe  pylint-task  pylucene  pylucene-rfe  pylucene-task  python  python-beautiful-soup  python-beautiful-soup-rfe  python-beautiful-soup-task  python-blockdiag  python-blockdiag-rfe  python-blockdiag-task  python-breathe  python-breathe-rfe  python-breathe-task  python-cjson  python-cjson-rfe  python-cjson-task  python-cogapp  python-cogapp-rfe  python-cogapp-task  python-decorator  python-decorator-rfe  python-decorator-task  python-django  python-django-picklefield  python-django-picklefield-rfe  python-django-picklefield-task  python-django-rfe  python-django-storage-swift  python-django-storage-swift-rfe  python-django-storage-swift-task  python-django-task  python-djblets  python-djblets-rfe  python-djblets-task  python-docker  python-docker-rfe  python-docker-task  python-dpkt  python-dpkt-rfe  python-dpkt-task  python-eunuchs  python-eunuchs-rfe  python-eunuchs-task  python-eventlet  python-eventlet-rfe  python-eventlet-task  python-funcparserlib  python-funcparserlib-rfe  python-funcparserlib-task  python-graph  python-graph-rfe  python-graph-task  python-httpbin  python-httpbin-rfe  python-httpbin-task  python-httplib2  python-httplib2-rfe  python-httplib2-task  python-iso8601  python-iso8601-rfe  python-iso8601-task  python-jcc  python-jcc-rfe  python-jcc-task  python-json-cfg  python-json-cfg-rfe  python-json-cfg-task  python-jsonrpclib  python-jsonrpclib-rfe  python-jsonrpclib-task  python-kwonly-args  python-kwonly-args-rfe  python-kwonly-args-task  python-logilab-astng  python-logilab-astng-rfe  python-logilab-astng-task  python-m2crypto  python-m2crypto-rfe  python-m2crypto-task  python-markdown2  python-markdown2-rfe  python-markdown2-task  python-mox  python-mox-rfe  python-mox-task  python-ncclient  python-ncclient-rfe  python-ncclient-task  python-oftest  python-oftest-rfe  python-oftest-task  python-openbmp-api  python-openbmp-api-rfe  python-openbmp-api-task  python-openstackclients  python-openstackclients-rfe  python-openstackclients-task  python-paramiko  python-paramiko-rfe  python-paramiko-task  python-pbr  python-pbr-rfe  python-pbr-task  python-pip  python-pip-rfe  python-pip-task  python-prettytable  python-prettytable-rfe  python-prettytable-task  python-ptf  python-ptf-rfe  python-ptf-task  python-pypiserver  python-pypiserver-rfe  python-pypiserver-task  python-pyvmomi  python-pyvmomi-rfe  python-pyvmomi-task  python-requests  python-requests-rfe  python-requests-task  python-requests2  python-requests2-rfe  python-requests2-task  python-rfe  python-seqdiag  python-seqdiag-rfe  python-seqdiag-task  python-setuptools  python-setuptools-rfe  python-setuptools-task  python-six  python-six-rfe  python-six-task  python-sleekxmpp  python-sleekxmpp-rfe  python-sleekxmpp-task  python-sphinx  python-sphinx-rfe  python-sphinx-task  python-sqlalchemy  python-sqlalchemy-rfe  python-sqlalchemy-task  python-swiftclient  python-swiftclient-rfe  python-swiftclient-task  python-task  python-webcolors  python-webcolors-rfe  python-webcolors-task  python-xlrd  python-xlrd-rfe  python-xlrd-task  python-xlwt  python-xlwt-rfe  python-xlwt-task  python-ZSI  python-ZSI-rfe  python-ZSI-task  python26  python26-rfe  python26-task  python3  python3-rfe  python3-task  PyWrappers  PyWrappers-rfe  PyWrappers-task  Qbuild  Qbuild-rfe  Qbuild-task  qemu  qemu-gns3  qemu-gns3-rfe  qemu-gns3-task  qemu-kvm  qemu-kvm-rfe  qemu-kvm-task  qemu-rfe  qemu-task  QemuVmAgent  QemuVmAgent-rfe  QemuVmAgent-task  Qos  Qos-rfe  Qos-task  QosSnmp  QosSnmp-rfe  QosSnmp-task  QosTest  QosTest-rfe  QosTest-task  QuaggaDut  QuaggaDut-rfe  QuaggaDut-task  quantumfs  quantumfs-rfe  quantumfs-task  Qube  Qube-rfe  Qube-task  QubeTest  QubeTest-rfe  QubeTest-task  qubit-tools  QuickTrace  QuickTrace-rfe  QuickTrace-task  QuickTraceTest  QuickTraceTest-rfe  QuickTraceTest-task  quota  quota-rfe  quota-task  RachiticTest  RachiticTest-rfe  RachiticTest-task  Radius  Radius-rfe  Radius-task  Raild  Raild-rfe  Raild-task  RAILproto  RAILproto-rfe  RAILproto-task  RAILtest  RAILtest-rfe  RAILtest-task  Rainbow-diags  Rama  Rama-rfe  Rama-task  Raven  Raven-rfe  rbfd  rbfd-rfe  rbfd-task  RdamDatabase  RdamDatabase-rfe  RdamDatabase-task  RdamDut  RdamDut-rfe  RdamDut-task  ReachabilityMonitor  ReachabilityMonitor-rfe  ReachabilityMonitor-task  ReachabilityMonitorTest  ReachabilityMonitorTest-rfe  ReachabilityMonitorTest-task  RedSea  RedSea-rfe  RedSea-task  RedSup  RedSup-rfe  RedSup-task  RedSupSnmp  RedSupSnmp-rfe  RedSupSnmp-task  Redundancy  Redundancy-rfe  Redundancy-task  ReleaseTools  ReleaseTools-rfe  ReleaseTools-task  ReleaseUmbrella  ReloadCause  ReloadCause-rfe  ReloadCause-task  ReloadCauseAgent  ReloadCauseAgent-rfe  ReloadCauseAgent-task  ReloadPolicy  ReloadPolicy-rfe  ReloadPolicy-task  RemoteAgentSync  RemoteAgentSync-rfe  RemoteAgentSync-task  Renesas  Renesas-rfe  requests  requests-rfe  requests-task  ResourceManager  ResourceManager-rfe  ResourceManager-task  ReviewBoard  ReviewBoard-rfe  ReviewBoard-task  ReviewBoardTest  ReviewBoardTest-rfe  ReviewBoardTest-task  Ribbon-diags  RibCapi  RibCapi-rfe  RibCapi-task  RibCapiTest  RibCapiTest-rfe  RibCapiTest-task  Rio  Rio-rfe  Rio-task  RioTest  RioTest-rfe  RioTest-task  Rip  Rip-rfe  Rip-task  ripgrep  ripgrep-rfe  ripgrep-task  RN  Robo-service  Robo-service-rfe  Robo-service-task  Robo1  Robo1-rfe  Robo1-task  Robo2  Robo2-rfe  Robo2-task  Robo3  Robo3-rfe  Robo3-task  RoboScripts  RoboScripts-rfe  RoboScripts-task  rootfs-service  rootfs-service-rfe  rootfs-service-task  Rosa-diags  Rosa/SantaRosa/Cotati  RouteInput  RouteInput-rfe  RouteInput-task  RouteMap  RouteMap-rfe  RouteMap-task  RouterGeneral  RouterGeneral-rfe  RouterGeneral-task  RouterGeneralCli  RouterGeneralCli-rfe  RouterGeneralCli-task  RoutingHelper  RoutingHelper-rfe  RoutingHelper-task  rpcapd  rpcapd-rfe  rpcapd-task  Rsvp  Rsvp-rfe  Rsvp-task  RsvpTest  RsvpTest-rfe  RsvpTest-task  rsyslog  rsyslog-rfe  rsyslog-task  rtest  rtest-rfe  rtest-task  Ruby  Ruby-rfe  Ruby-task  Rutherford  Rutherford-rfe  Saguaro  Saguaro-rfe  Saguaro-task  Sai  sai-net  sai-net-rfe  sai-net-task  Sai-rfe  Sai-task  SaltLakeFixed  SaltLakeFixed-rfe  SaltLakeFixed-task  SampleSoftware  Sand  Sand--diags  Sand-diags  sand-dma  sand-dma-rfe  sand-dma-task  Sand-rfe  Sand-task  SandAcl  SandAcl-rfe  SandAcl-task  SandAclTest  SandAclTest-rfe  SandAclTest-task  SandBcmSdkShim  SandBcmSdkShim-rfe  SandBcmSdkShim-task  SandBcmSdkV2  SandBcmSdkV2-rfe  SandBcmSdkV2-task  SandBroadcomSdk  SandBroadcomSdk-rfe  SandBroadcomSdk-task  SandCounters  SandCounters-rfe  SandCounters-task  SandDanz  SandDanz-rfe  SandDanz-task  SandFabric  SandFabric-rfe  SandFabric-task  SandFap  SandFap-rfe  SandFap-task  SandFapNi  SandFapNi-rfe  SandFapNi-task  SandFapNiState  SandFapNiState-rfe  SandFapNiState-task  SandFlow  SandFlow-rfe  SandFlow-task  SandHalo  SandHalo-rfe  SandHalo-task  SandHw  SandHw-rfe  SandHw-task  SandIpsec  SandIpsec-rfe  SandIpsec-task  SandL3Unicast  SandL3Unicast-rfe  SandL3Unicast-task  SandLag  SandLag-rfe  SandLag-task  SandLanz  SandLanz-rfe  SandLanz-task  SandLib  SandLib-rfe  SandLib-task  SandMact  SandMact-rfe  SandMact-task  SandMcast  SandMcast-rfe  SandMcast-task  SandMdb  SandMdb-rfe  SandMdb-task  SandMirroring  SandMirroring-rfe  SandMirroring-task  SandOam  SandOam-rfe  SandOam-task  SandPbr  SandPbr-rfe  SandPbr-task  SandPhy  SandPhy-rfe  SandPhy-task  SandPolicyLib  SandPolicyLib-rfe  SandPolicyLib-task  SandPP  SandPP-rfe  SandPP-task  SandPtp  SandPtp-rfe  SandPtp-task  SandQos  SandQos-rfe  SandQos-task  SandSal  SandSal-rfe  SandSal-task  SandSalCommon  SandSalCommon-rfe  SandSalCommon-task  SandSdk  SandSdk-rfe  SandSdk-task  SandSdkHelper  SandSdkHelper-rfe  SandSdkHelper-task  SandSdkShim  SandSdkShim-rfe  SandSdkShim-task  SandSdkV2Helper  SandSdkV2Helper-rfe  SandSdkV2Helper-task  SandSdkV3  SandSdkV3-rfe  SandSdkV3-task  SandSdkV3Helper  SandSdkV3Helper-rfe  SandSdkV3Helper-task  SandSdkV4  SandSdkV4-rfe  SandSdkV4-task  SandSdkV4Helper  SandSdkV4Helper-rfe  SandSdkV4Helper-task  SandTapAgg  SandTapAgg-rfe  SandTapAgg-task  SandTcam  SandTcam-rfe  SandTcam-task  SandTcamLib  SandTcamLib-rfe  SandTcamLib-task  SandTest  SandTest-rfe  SandTest-task  SandTm  SandTm-rfe  SandTm-task  SandToggles  SandToggles-rfe  SandToggles-task  SandTopo  SandTopo-rfe  SandTopo-task  SandTunnel  SandTunnel-rfe  SandTunnel-task  SantaRosa-diags  Santo  Santo-common  Santo-common-rfe  Santo-common-task  Santo-psp  Santo-psp-rfe  Santo-psp-task  Santo-rfe  Santo-task  Santo-v1  Santo-v1-rfe  Santo-v1-task  Sapling  Sapling-rfe  Sb820  Sb820-rfe  Sb820-task  Sc16is760  Sc16is760-rfe  Sc16is760-task  Scaleit  Scaleit-rfe  Scaleit-task  scc  Scd  scd-driver  scd-driver-rfe  scd-driver-task  scd-em  scd-em-rfe  scd-em-task  Scd-rfe  Scd-task  ScdEmUtils  ScdEmUtils-rfe  ScdEmUtils-task  SchanAccel  SchanAccel-rfe  SchanAccel-task  SchanCentral  SchanCentral-rfe  SchanCentral-task  Schooner-diags  screen  screen-rfe  screen-task  SeaRanch  SeaRanch-rfe  SecretCli  SecretCli-rfe  SecretCli-task  SecureNic  SecureNic-rfe  SecureNic-task  Security-diags  SecurityTest  SecurityTest-rfe  SecurityTest-task  Sequoia  Sequoia-diags  Sequoia-rfe  Sequoia-task  SequoiaModular  SessionTimeout  SessionTimeout-rfe  SessionTimeout-task  Sesto-diags  Sfa  Sfa-rfe  Sfa-task  Sfe  Sfe-rfe  Sfe-task  SfeModules  SfeModules-rfe  SfeModules-task  Sflow  Sflow-rfe  Sflow-task  SflowAccel  SflowAccel-rfe  SflowAccel-task  SflowAccelTest  SflowAccelTest-rfe  SflowAccelTest-task  SflowLib  SflowLib-rfe  SflowLib-task  SflowTest  SflowTest-rfe  SflowTest-task  shadow-utils  shadow-utils-rfe  shadow-utils-task  Shape  Shape-rfe  Shape-task  ShardedMap  ShardedMap-rfe  ShardedMap-task  ShardedMapCppApi  ShardedMapCppApi-rfe  ShardedMapCppApi-task  ShardedMapTest  ShardedMapTest-rfe  ShardedMapTest-task  SharedMem  SharedMem-rfe  SharedMem-task  Shasta  Shasta-rfe  Shmalloc  Shmalloc-rfe  Shmalloc-task  ShowCommandService  ShowCommandService-rfe  ShowCommandService-task  Si5327  Si5327-rfe  Si5327-task  Silverado  Silverado-rfe  simtop  simtop-rfe  simtop-task  Skegness  Skegness-rfe  Skegness-task  SkuTools  SkuTools-rfe  SkuTools-task  SmartOptics (FB)  smartsync  smartsync-rfe  smartsync-task  Smash  Smash-rfe  Smash-task  SmashCli  SmashCli-rfe  SmashCli-task  SmashTest  SmashTest-rfe  SmashTest-task  SmashTools  SmashTools-rfe  SmashTools-task  SmashViz  SmashViz-rfe  SmashViz-task  snakefood  snakefood-rfe  snakefood-task  Snmp  Snmp-rfe  Snmp-task  Snmp,net-snmp  Snmp,net-snmp-rfe  Snmp,net-snmp-task  SnmpTest  SnmpTest-rfe  SnmpTest-task  Sol  Sol-rfe  Sol-task  Sonic  Sonic-rfe  sonic-support  sonic-support-rfe  sonic-support-task  Sonic-task  Sonoma  Sonoma-rfe  Source Photonics (ET)  source-highlight  source-highlight-rfe  source-highlight-task  SourcePhotonics  SourcePhotonics-rfe  spark  spark-rfe  spark-task  Sparrow  Sparrow-rfe  Sparrow-task  spin  spin-rfe  spin-task  spl  spl-rfe  spl-task  SplunkForwarder  SplunkForwarder-rfe  SplunkForwarder-task  squashfs-tools  squashfs-tools-rfe  squashfs-tools-task  SrTePolicy  SrTePolicy-rfe  SrTePolicy-task  SrTePolicyTest  SrTePolicyTest-rfe  SrTePolicyTest-task  SshHostKeys  SshHostKeys-rfe  SshHostKeys-task  SsoTest  SsoTest-rfe  SsoTest-task  Sta-task  StageMgr  StageMgr-rfe  StageMgr-task  StageMgrAgent  StageMgrAgent-rfe  StageMgrAgent-task  StanbyCpld  StanbyCpld-rfe  StanbyCpld-task  Stand  Stand-rfe  Stand-task  StandbyCpld  StandbyCpld-rfe  StandbyCpld-task  Stash  Stash-rfe  Stash-task  StashTest  StashTest-rfe  StashTest-task  Stat  Stat-rfe  Stat-task  StaticRoute  StaticRoute-rfe  StaticRoute-task  stest-service  stest-service-rfe  stest-service-task  stestimgbuilder  stestimgbuilder-rfe  stestimgbuilder-task  stesting  stesting-rfe  stesting-task  StestWorkspace-service  StestWorkspace-service-rfe  StestWorkspace-service-task  StorageDevices  StorageDevices-rfe  StorageDevices-task  Storg  Storg-rfe  Storg-task  StormControl  StormControl-rfe  StormControl-task  Stp  Stp-rfe  Stp-task  StpSnmp  StpSnmp-rfe  StpSnmp-task  Strata  Strata--diags  Strata-diags  strata-dma  strata-dma-rfe  strata-dma-task  Strata-rfe  Strata-task  StrataAcl  StrataAcl-rfe  StrataAcl-task  StrataApi  StrataApi-rfe  StrataApi-task  StrataApi2  StrataApi2-rfe  StrataApi2-task  StrataApiTest  StrataApiTest-rfe  StrataApiTest-task  StrataApiV2  StrataApiV2-rfe  StrataApiV2-task  StrataApiV3  StrataApiV3-rfe  StrataApiV3-task  StrataApiV4  StrataApiV4-rfe  StrataApiV4-task  StrataCental  StrataCental-rfe  StrataCental-task  StrataCentral  StrataCentral-rfe  StrataCentral-task  StrataCommon  StrataCommon-rfe  StrataCommon-task  StrataCounters  StrataCounters-rfe  StrataCounters-task  StrataDiags  StrataDiags-rfe  StrataDiags-task  StrataDmaTest  StrataDmaTest-rfe  StrataDmaTest-task  StrataL2  StrataL2-rfe  StrataL2-task  StrataL2Multicast  StrataL2Multicast-rfe  StrataL2Multicast-task  StrataL3  StrataL3-rfe  StrataL3-task  StrataL3Test  StrataL3Test-rfe  StrataL3Test-task  StrataLag  StrataLag-rfe  StrataLag-task  StrataLanz  StrataLanz-rfe  StrataLanz-task  stratalanzcoprocessor  stratalanzcoprocessor-rfe  stratalanzcoprocessor-task  StrataLib  StrataLib-rfe  StrataLib-task  StrataLtApi  StrataLtApi-rfe  StrataLtApi-task  StrataMirror  StrataMirror-rfe  StrataMirror-task  StrataMpls  StrataMpls-rfe  StrataMpls-task  StrataMultiAgentTest  StrataMultiAgentTest-rfe  StrataMultiAgentTest-task  StrataParity  StrataParity-rfe  StrataParity-task  StrataPbr  StrataPbr-rfe  StrataPbr-task  StrataPhy  StrataPhy-rfe  StrataPhy-task  StrataQos  StrataQos-rfe  StrataQos-task  StrataSdkCommon  StrataSdkCommon-rfe  StrataSdkCommon-task  StrataSdkShim  StrataSdkShim-rfe  StrataSdkShim-task  StrataSso  StrataSso-rfe  StrataSso-task  StrataT2PlusTest  StrataT2PlusTest-rfe  StrataT2PlusTest-task  StrataT2Test  StrataT2Test-rfe  StrataT2Test-task  StrataTcam  StrataTcam-rfe  StrataTcam-task  StrataTest  StrataTest-rfe  StrataTest-task  StrataV2  StrataV2-rfe  StrataV2-task  StrataVlanTopo  StrataVlanTopo-rfe  StrataVlanTopo-task  StrataVxlan  StrataVxlan-rfe  StrataVxlan-task  StrataXgsApi  StrataXgsApi-rfe  StrataXgsApi-task  StrataXgsApiV2  StrataXgsApiV2-rfe  StrataXgsApiV2-task  Stratix  Stratix-rfe  Stratix-task  strongswan  strongswan-rfe  strongswan-task  stuttermeter  stuttermeter-rfe  stuttermeter-task  SubIntf  subintf-task  sudo  sudo-rfe  sudo-task  sudorca  sudorca-rfe  sudorca-service  sudorca-service-rfe  sudorca-service-task  sudorca-task  Sumitomo (FY)  SuperServer  SuperServer-rfe  SuperServer-task  SupportedHardware  SupportedHardware-rfe  SupportedHardware-task  sw-infra  SwiftLib  SwiftLib-rfe  SwiftLib-task  swig  swig-rfe  swig-task  Switchboard  Switchboard-rfe  Switchboard-task  SwitchTest  SwitchTest-rfe  SwitchTest-task  SwLab  SwLab-logre  SwLab-rfe  Sysdb  Sysdb-rfe  Sysdb-task  SysdbAgent  SysdbAgent-rfe  SysdbAgent-task  SysdbProfileCheck  SysdbProfileCheck-rfe  SysdbProfileCheck-task  SysdbTest  SysdbTest-rfe  SysdbTest-task  syslog-proxy  syslog-proxy-rfe  syslog-proxy-task  SysMgr  SysMgr-rfe  SysMgr-task  SysMgrSnmp  SysMgrSnmp-rfe  SysMgrSnmp-task  SysMgrTest  SysMgrTest-rfe  SysMgrTest-task  systemd  systemd-rfe  systemd-task  systest-poc lab  sysvinit  sysvinit-rfe  sysvinit-task  Tacacs  Tacacs-rfe  Tacacs-task  tacacs+  tacacs+-rfe  tacacs+-task  tacc  tacc-pygment  tacc-pygment-rfe  tacc-pygment-task  tacc-rfe  tacc-task  TaccAttic  TaccAttic-rfe  TaccAttic-task  TaccComputeMan  TaccComputeMan-rfe  TaccComputeMan-task  TaccComputeManImpl  TaccComputeManImpl-rfe  TaccComputeManImpl-task  TaccComputeManTest  TaccComputeManTest-rfe  TaccComputeManTest-task  TaccDistributedTest  TaccDistributedTest-rfe  TaccDistributedTest-task  TaccDocs  TaccDocs-rfe  TaccDocs-task  TaccExamples  TaccExamples-rfe  TaccExamples-task  TaccExperimental  TaccExperimental-rfe  TaccExperimental-task  TaccGraphTest  TaccInternalDocs  TaccInternalDocs-rfe  TaccInternalDocs-task  TaccInteropTest  TaccInteropTest-rfe  TaccInteropTest-task  TaccJni  TaccJni-rfe  TaccJni-task  TaccJniTest  TaccMap  TaccMap-rfe  TaccMap-task  TaccMapSrv  TaccMapSrv-rfe  TaccMapSrv-task  TaccMarketAnalyticsTest  TaccNetworkTest  TaccNetworkTest-rfe  TaccNetworkTest-task  TaccOde  TaccOde-rfe  TaccOde-task  TaccPerfFwk-task  TaccPerfTools  TaccPerfTools-rfe  TaccPerfTools-task  TaccPyUtils  TaccPyUtils-rfe  TaccPyUtils-task  TaccServiceMan  TaccServiceMan-rfe  TaccServiceMan-task  TaccServiceManTest  TaccServiceManTest-rfe  TaccServiceManTest-task  TacGo  TacGo-rfe  TacGo-task  TacGoTest  TacGoTest-rfe  TacGoTest-task  TacMarco  TacMarco-rfe  TacMarco-task  TacNav  TacNav-rfe  TacNav-task  taco  taco-rfe  taco-task  tacoTest  tacoTest-rfe  tacoTest-task  TacPulse  TacPulse-rfe  TacPulse-task  TacSmash  TacSmash-rfe  TacSmash-task  TacStash  TacStash-rfe  TacStash-task  tacXref  Tamarack  Tamarack-rfe  TapAggGui  TapAggGui-rfe  TapAggGui-task  TapAggTest  TapAggTest-rfe  TapAggTest-task  TargetExpr  TargetExpr-rfe  TargetExpr-task  TargetExpression  TargetExpression-rfe  TargetExpression-task  Taro  Taro-rfe  Taro-task  TaskScheduler  TaskScheduler-rfe  TaskScheduler-task  tcollector  tcollector-rfe  tcollector-task  tcollectorAgent  tcollectorAgent-rfe  tcollectorAgent-task  tcp_wrappers  tcp_wrappers-rfe  tcp_wrappers-task  tcpdump  tcpdump-rfe  tcpdump-task  tcptrace  tcptrace-rfe  tcptrace-task  Te  Te-rfe  te-task  TeCli  TeCli-rfe  TeCli-task  telnet  telnet-rfe  telnet-task  TemplatePkg  TemplatePkg-rfe  TemplatePkg-task  TempSensor-diags  Tenjin  Tenjin-rfe  Tenjin-task  Teranetics  Teranetics-rfe  TerminAttr  TerminAttr-rfe  TerminAttr-task  test  test-rfe  test-task  Test1234567  Test12345678  Test123456789  test56  TestCluster  TestCluster-rfe  TestCluster-task  TestDemo  TestDemo-rfe  TestDemo-task  Testpoint  Testpoint-rfe  Testpoint-task  TestProduct  TestResources  TestResources-rfe  TestResources-task  TestSuite  TestSuite-rfe  TestSuite-task  TestSuiteTest  TestSuiteTest-rfe  TestSuiteTest-task  ThermoMgr  ThermoMgr-rfe  ThermoMgr-task  Thermostat  Thermostat-rfe  Thermostat-task  ThreeBrothers-diags  thrift  thrift-rfe  thrift-task  Tiburon  Tiburon-rfe  TimberCove-diags  timeout  timeout-rfe  timeout-task  TimeSync  TimeSync-rfe  TimeSync-task  TiPhy-diags  tmux  tmux-rfe  tmux-task  tofino-model  tofino-model-rfe  tofino-model-task  tofinobm  tofinobm-rfe  tofinobm-task  Toggles  Toggles-rfe  Toggles-task  Tomahawk2Fixed  Tomahawk2Fixed-rfe  Tomahawk2Fixed-task  Tomahawk3Fixed  Tomahawk3Fixed-rfe  Tomahawk3Fixed-task  Tomales  Tomales-rfe  TommyDS  TommyDS-rfe  TommyDS-task  Tools  Topology  Topology-rfe  Topology-task  TopologyManager  TopologyManager-rfe  TopologyManager-task  TopologyTest  TopologyTest-rfe  TopologyTest-task  TPGen  TPGen-rfe  TPGen-task  Tpm  Tpm-rfe  Tpm-task  TPMFU  TPMFU-rfe  TPMFU-task  traceroute  traceroute-rfe  traceroute-task  Tunnel  Tunnel-rfe  Tunnel-task  TunnelIntf  TunnelIntf-rfe  TunnelIntf-task  TunnelIntfTest  TunnelIntfTest-rfe  TunnelIntfTest-task  TunnelSnmp  TunnelSnmp-rfe  TunnelSnmp-task  TunnelTest  TunnelTest-rfe  TunnelTest-task  Tyco (BQ)  uart-verilog  uart-verilog-rfe  uart-verilog-task  Ucd9012  Ucd9012-rfe  Ucd9012-task  ufl  ufl-rfe  ufl-task  Ugly  Ugly-rfe  Ugly-task  Umbrella  Umbrella-rfe  Umbrella-stest  Umbrella-stest-rfe  Umbrella-stest-task  Umbrella-task  urcu  urcu-rfe  urcu-task  uriparser  uriparser-rfe  uriparser-task  UserCgroup  UserCgroup-rfe  UserCgroup-task  UserDocs-rfe  userspace-rcu  userspace-rcu-rfe  userspace-rcu-task  uthash  uthash-rfe  uthash-task  util-linux  util-linux-rfe  util-linux-task  uwsgi  uwsgi-rfe  uwsgi-task  UwsgiApp  UwsgiApp-rfe  UwsgiApp-task  valgrind  valgrind-rfe  valgrind-task  vEOS  vEOS-rfe  VEos-task  VeosDut  VeosDut-rfe  VeosDut-task  VeosPerfTest  VeosPerfTest-rfe  VeosPerfTest-task  Vernal  Vernal-rfe  Virtual EOS (vEOS)  VirtualCable  VirtualCable-rfe  VirtualCable-task  Vm  Vm-rfe  Vm-task  VmDut  VmDut-rfe  VmDut-task  VmTracer  VmTracer-rfe  VmTracer-task  VmwareNvp  VmwareNvp-rfe  VmwareNvp-task  VmwareTest  VmwareTest-rfe  VmwareTest-task  VmwareVds  VmwareVds-rfe  VmwareVds-task  VmwareVI  VmwareVI-rfe  VmwareVI-task  Vrf  Vrf-rfe  vrf-scale  Vrf-task  VrfLeak  VrfLeak-rfe  VrfLeak-task  Vrm64  Vrm64-rfe  Vrm64-task  VrmIr  VrmIr-rfe  VrmIr-task  Vrrp  Vrrp-rfe  Vrrp-task  vulcan  Vxlan  Vxlan-rfe  Vxlan-task  VxlanAdvAgent  VxlanAdvAgent-rfe  VxlanAdvAgent-task  VxlanController  VxlanController-rfe  VxlanController-task  VxlanControllerTest  VxlanControllerTest-rfe  VxlanControllerTest-task  VxlanRouting-task  VxlanStatus  VxlanStatus-rfe  VxlanStatus-task  VxlanTest  VxlanTest-rfe  VxlanTest-task  waagent  waagent-rfe  waagent-task  Watchdog  Watchdog-rfe  Watchdog-task  WaveSplitter (SM)  Wbem  Wbem-rfe  Wbem-task  Web  Web-rfe  Web-task  wget  wget-rfe  wget-task  Windows  Windows-rfe  Windows-task  Winston  Winston-rfe  Winston-task  wireshark  wireshark-rfe  wireshark-task  Workspace-service  Workspace-service-rfe  Workspace-service-task  WorkspaceDut  WorkspaceDut-rfe  WorkspaceDut-task  workspacePrefetcher  workspacePrefetcher-rfe  workspacePrefetcher-task  World  World-rfe  World-task  wpa_supplicant  wpa_supplicant-rfe  wpa_supplicant-task  WsgiDut  WsgiDut-rfe  WsgiDut-task  Xcvr  Xcvr-diags  Xcvr-rfe  Xcvr-task  XcvrCfp2Dco  XcvrCfp2Dco-rfe  XcvrCfp2Dco-task  XcvrCtrl  XcvrCtrl-rfe  XcvrCtrl-task  XcvrSnmp  XcvrSnmp-rfe  XcvrSnmp-task  XFire  XFire-rfe  XFire-task  XFireTest  XFireTest-rfe  XFireTest-task  xfstests  xfstests-rfe  xfstests-task  Xilinx  Xilinx-rfe  Xilinx-task  xinetd  xinetd-rfe  xinetd-task  Xmpp  Xmpp-rfe  Xmpp-task  xorg-x11-drv-intel  xorg-x11-drv-intel-rfe  xorg-x11-drv-intel-task  xpaccel  xpaccel-rfe  xpaccel-task  XpAccess  XpAccess-rfe  XpAccess-task  XpAcl  XpAcl-rfe  XpAcl-task  XpApi  XpApi-rfe  XpApi-task  XpCentral  XpCentral-rfe  XpCentral-task  XpCounters  XpCounters-rfe  XpCounters-task  xpdma  xpdma-rfe  xpdma-task  XpFlow  XpFlow-rfe  XpFlow-task  XpL2  XpL2-rfe  XpL2-task  XpL3Unicast  XpL3Unicast-rfe  XpL3Unicast-task  XpLanz  XpLanz-rfe  XpLanz-task  XpLib  XpLib-rfe  XpLib-task  xplot  xplot-rfe  xplot-task  XpMact  XpMact-rfe  XpMact-task  XpMcast  XpMcast-rfe  XpMcast-task  XpPbr  XpPbr-task  XpProfile  XpProfile-rfe  XpProfile-task  XpQos  XpQos-rfe  XpQos-task  XpSdk  XpSdk-rfe  XpSdk-task  XpSim  XpSim-rfe  XpSim-task  XpSlice  XpSlice-rfe  XpSlice-task  XpTest  XpTest-rfe  XpTest-task  XpVxlan  XpVxlan-task  Xtacc  Xtacc-rfe  Xtacc-task  Xukg  Xukg-rfe  Xukg-task  XukWeb  XukWeb-rfe  XukWeb-task  xxHash  xxHash-rfe  xxHash-task  yaml-cpp  yaml-cpp-rfe  yaml-cpp-task  Yosemite  Yosemite-diags  Yosemite-rfe  Yosemite-task  Yreka-diags  Zbf  Zbf-rfe  Zbf-task  Zeppelin  Zeppelin-rfe  Zeppelin-task  ZeroTouch  ZeroTouch-rfe  ZeroTouch-task  zfs  zfs-rfe  zfs-task  zlog  zlog-rfe  zlog-task  ztpserver  ztpserver-rfe  ztpserver-task  Zuma  Zuma-hw  Zuma-rfe  Zuma-task0 / 200 Checked' or . = '  Check All   Uncheck All  @Dos  @Dos-rfe  @Dos-task  @DosLib  @DosLib-rfe  @DosLib-task  @Lakeport-diags  @LegacyPackage  ##General##  ##General##-rfe  ##General##-task  ##Internal##  ##Internal##-rfe  11111Test34  12222test  123456789Test  12345Test  1RUdiags  1RUdiags-rfe  1Test  3dm2  3dm2-rfe  3dm2-task  3M (EJ)  A144  a4b  a4b-rfe  a4b-task  a4c  a4c-qfs  a4c-qfs-rfe  a4c-qfs-service  a4c-qfs-service-rfe  a4c-qfs-service-task  a4c-qfs-task  a4c-qfs-test  a4c-qfs-test-rfe  a4c-qfs-test-task  a4c-rfe  a4c-service  a4c-service-rfe  a4c-service-task  a4c-task  A4Web  A4Web-rfe  A4Web-task  A55  Aaa  Aaa-rfe  Aaa-task  AaaTest  AaaTest-rfe  AaaTest-task  AaaTest1  Abalone  Aben  Aben-rfe  Aben-task  Aboard  Aboot  Aboot-rfe  Aboot-task  AbootFirmwareUtils  AbootFirmwareUtils-rfe  AbootFirmwareUtils-task  AbootTest  AbootTest-rfe  AbootTest-task  Abug  Abug-rfe  Abug-task  Abug-testing  AbugApi  AbugApi-rfe  AbugApi-task  Abuild  Abuild-rfe  Abuild-task  AbuildDb  AbuildDb-rfe  AbuildDb-task  AbuildWeb  AbuildWeb-rfe  AbuildWeb-task  abuildworkspace-service  abuildworkspace-service-rfe  abuildworkspace-service-task  Acacia-diags  Acarpool  Acarpool-rfe  Acarpool-task  Acl  Acl-rfe  Acl-task  AclAgent  AclAgent-rfe  AclAgent-task  AclSnmp  AclSnmp-rfe  AclSnmp-task  AclTest  AclTest-rfe  AclTest-task  AclTestLib  AclTestLib-rfe  AclTestLib-task  Across  Across-rfe  Across-task  ActivePerl  ActivePerl-rfe  ActivePerl-task  actor  actor-rfe  actor-task  addronly-nat  addronly-nat-rfe  addronly-nat-task  Adm1066  Adm1066-rfe  Adm1066-task  Adt7462  Adt7462-rfe  Adt7462-task  Adt7483  Adt7483-rfe  Adt7483-task  Aeluros  Aeluros-rfe  aer-uio  aer-uio-rfe  aer-uio-task  Aeris  Aeris-rfe  Aeris-task  AerisTest  AerisTest-rfe  AerisTest-task  Afetch  Afetch-rfe  Afetch-task  Afind  Afind-rfe  Afind-task  Agent  Agent-rfe  Agent-task  AgentLib  AgentLib-rfe  AgentLib-task  AgentLogging  AgentLogging-rfe  AgentLogging-task  AgentMonitor  AgentMonitor-rfe  AgentMonitor-task  AgentSyncResponder  AgentSyncResponder-rfe  AgentSyncResponder-task  AgentVis  AgentVis-rfe  AgentVis-task  Agile  Agile-rfe  AGitTools  AGitTools-rfe  AGitTools-task  Agraphviz  Agraphviz-rfe  Agraphviz-task  ahab  ahab-rfe  ahab-task  Ahire  Ahire-rfe  Ahire-task  Ahost  Ahost-rfe  Ahost-task  AhostImage  AhostImage-rfe  AhostImage-task  Ahwahnee  Ahwahnee-rfe  aid  aid-rfe  aid-task  Aie  Aie-rfe  Aie-task  Alameda  Alameda-rfe  Alameda-task  Ale  Ale-rfe  Ale-task  AleAsu  AleAsu-rfe  AleAsu-task  AleCapacity  AleCapacity-rfe  AleCapacity-task  AleCapacitySnmp  AleCapacitySnmp-rfe  AleCapacitySnmp-task  AleCentral  AleCentral-rfe  AleCentral-task  AleCfm  AleCfm-rfe  AleCfm-task  AleCounters  AleCounters-rfe  AleCounters-task  AleEvpn  AleEvpn-rfe  AleEvpn-task  AleFlow  AleFlow-rfe  AleFlow-task  AleHalo  AleHalo-rfe  AleHalo-task  AleIpsec  AleIpsec-rfe  AleIpsec-task  AleL3  AleL3-rfe  AleL3-task  AleL3Intf  AleL3Intf-rfe  AleL3Intf-task  AleL3Unicast  AleL3Unicast-rfe  AleL3Unicast-task  AleMacSec  AleMacSec-rfe  AleMacSec-task  AleMpls  AleMpls-rfe  AleMpls-task  AleMroute  AleMroute-rfe  AleMroute-task  AleNat  AleNat-rfe  AleNat-task  AlePbr  AlePbr-rfe  AlePbr-task  AlePhy  AlePhy-rfe  AlePhy-task  AleQos  AleQos-rfe  AleQos-task  AleTcam  AleTcam-rfe  AleTcam-task  AleTestLib  AleTestLib-rfe  AleTestLib-task  AleVrrp  AleVrrp-rfe  AleVrrp-task  AleVxlan  AleVxlan-rfe  AleVxlan-task  AlgoMatchUtil  AlgoMatchUtil-rfe  AlgoMatchUtil-task  Aloha  Aloha-rfe  Aloha-task  Alphanet  Alphanet-rfe  Alphanet-task  AltaLanz  AltaLanz-rfe  AltaLanz-task  Altera  Altera-rfe  Altera-task  Amphenol  Amphenol (DY)  Amphenol-rfe  antelope-drv  antelope-drv-rfe  antelope-drv-task  antlr3-5-2  antlr3-5-2-rfe  antlr3-5-2-task  antlr4  antlr4-rfe  antlr4-task  Anvl  Anvl-rfe  Anvl-task  Aom  Aom-diags  Aom-rfe  Aom-task  ApmPhy-diags  ApmX24  ApmX24-rfe  ApmX24-task  AppDmaLib  AppDmaLib-rfe  AppDmaLib-task  Aqemu  Aqemu-rfe  Aqemu-task  Arad  Arad-rfe  Arad-task  AradLanz  AradLanz-rfe  AradLanz-task  AradVxlan  AradVxlan-rfe  AradVxlan-task  Arbazel  Arbazel-rfe  Arbazel-task  ArBgp  ArBgp-rfe  ArBgp-task  ArBgpLu  ArBgpLu-rfe  ArBgpLu-task  ArBgpTest  ArBgpTest-rfe  ArBgpTest-task  ArBot  ArBot-rfe  ArBot-task  Arbugs  Arbugs-rfe  Arbugs-task  Arbus  Arbus-rfe  Arbus-task  ArbusAgent  ArbusAgent-rfe  ArbusAgent-task  Arby  Arby-rfe  Arby-task  Archer  Archer-rfe  Archer-task  ArcherTest  ArcherTest-rfe  ArcherTest-task  Arcov  Arcov-rfe  Arcov-task  ArDb  ArDb-rfe  ArDb-task  ardc  ardc-rfe  ardc-task  ArDcApps  ArDcApps-rfe  ArDcApps-task  ArDjango  ArDjango-rfe  ArDjango-task  Ardoc  Ardoc-rfe  Ardoc-task  Arecruit  Arecruit-rfe  Arecruit-task  Aresolve  Aresolve-rfe  Aresolve-task  Areview  Areview-rfe  Areview-task  ArGcov  ArGcov-rfe  ArGcov-task  ArGcovTest  ArGcovTest-rfe  ArGcovTest-task  ArGo  ArGo-rfe  ArGo-task  ArGoogleApps  ArGoogleApps-rfe  ArGoogleApps-task  Argotest  Argotest-rfe  Argotest-task  arista-bde  arista-bde-rfe  arista-bde-task  AristaAppForSplunk  AristaAppForSplunk-rfe  AristaAppForSplunk-task  AristaAppForSplunkNew  AristaAppForSplunkNew-rfe  AristaAppForSplunkNew-task  Arjob  Arjob-rfe  Arjob-task  ArjobDb  ArjobDb-rfe  ArjobDb-task  Ark  Ark-rfe  Ark-task  ArkCli  ArkCli-rfe  ArkCli-task  arm-tools  arm-tools-rfe  arm-tools-task  ArMake  ArMake-rfe  ArMake-task  ArMakeTest  ArMakeTest-rfe  ArMakeTest-task  ArMon  ArMon-rfe  ArMon-task  Arnet  Arnet-rfe  Arnet-task  ArNinja  ArNinja-rfe  ArNinja-task  Aroma  Aroma-rfe  Aroma-task  Arora  Arora-rfe  Arora-syslinux  Arora-syslinux-rfe  Arora-syslinux-task  Arora-task  AroraBugAlert  AroraBugAlert-rfe  AroraBugAlert-task  AroraConfig  AroraConfig-rfe  AroraConfig-task  AroraDevel  AroraDevel-rfe  AroraDevel-task  AroraExternal  AroraExternal-rfe  AroraExternal-task  AroraIcinga  AroraIcinga-rfe  AroraIcinga-task  AroraImage  AroraImage-rfe  AroraImage-task  AroraKernel  AroraKernel-rfe  AroraKernel-task  AroraUtils  AroraUtils-rfe  AroraUtils-task  AroraWeb  AroraWeb-rfe  AroraWeb-task  ArosBase  ArosBase-rfe  ArosBase-task  ArosTest  ArosTest-rfe  ArosTest-task  Arp  Arp-rfe  Arp-task  ArP4  ArP4-rfe  ArP4-task  ArpInspection  ArpInspection-rfe  ArPrep  ArPrep-rfe  ArPrep-task  ArpRoute  ArpRoute-rfe  ArpRoute-task  ArpSuppression  ArpSuppression-rfe  ArpSuppression-task  ArPygments  ArPygments-rfe  ArPygments-task  ArPyUtils  ArPyUtils-rfe  ArPyUtils-task  ArQa  ArQa-rfe  ArQa-task  Arrakis  Arrakis-rfe  ArRip  ArRip-rfe  ArRip-task  Arrow  Arrow-rfe  Arrow-task  ArrowAqlc  ArrowAqlc-rfe  ArrowAqlc-task  ArrowTacTest  ArrowTacTest-rfe  ArrowTacTest-task  ArrowTest  ArrowTest-rfe  ArrowTest-task  Arscale  Arscale-rfe  Arscale-task  Arsched  Arsched-rfe  Arsched-task  ArschedClient  ArschedClient-rfe  ArschedClient-task  Arsim  Arsim-rfe  Arsim-task  Arspark  Arspark-rfe  Arspark-task  Arsphinx  Arsphinx-rfe  Arsphinx-task  ArSwift  ArSwift-rfe  ArSwift-task  Arsys  Arsys-rfe  Arsys-task  ArsysTest  ArsysTest-rfe  ArsysTest-task  Artacc  Artacc-rfe  Artacc-task  Artest  Artest-rfe  Artest-task  ArtestTest  ArtestTest-rfe  ArtestTest-task  Artflow  Artflow-rfe  Artflow-task  Arthost  Arthost-rfe  Arthost-task  ArthostLib  ArthostLib-rfe  ArthostLib-task  Artist  Artist-rfe  Artist-task  ArToggles  ArToggles-rfe  ArToggles-task  ArTogglesCli  ArTogglesCli-rfe  ArTogglesCli-task  ArTogglesTest  ArTogglesTest-rfe  ArTogglesTest-task  Artools  Artools-rfe  Artools-task  ArtoolsDummy  ArtoolsSerialTest  ArtoolsSerialTest-rfe  ArtoolsSerialTest-task  Artournament  Artournament-rfe  Artournament-task  ArTrace  ArTrace-rfe  ArTrace-task  Arventory  Arventory-rfe  Arventory-task  AsicPktTestLib  AsicPktTestLib-rfe  AsicPktTestLib-task  AsicUtils  AsicUtils-rfe  AsicUtils-task  AsicUtils,Strata  AsicUtils,Strata-rfe  AsicUtils,Strata-task  Astec  Astec-rfe  Astec-task  ASU  Asu-rfe  Asu-task  AsuAgent  AsuAgent-rfe  AsuAgent-task  AsuCli  AsuCli-rfe  AsuCli-task  AsuFastPktRestore  AsuFastPktRestore-rfe  AsuFastPktRestore-task  AsuPatch  AsuPatch-rfe  AsuPatch-task  AsuTest  AsuTest-rfe  AsuTest-task  Atcollector  Atcollector-rfe  Atcollector-task  AtFork  AtFork-rfe  AtFork-task  Atime  Atime-rfe  Atime-task  aufs2-util  aufs2-util-rfe  aufs2-util-task  AutoAbug  automake  automake-rfe  automake-task  autopep8  autopep8-rfe  autopep8-task  AutoTest  AutoTest-rfe  AutoTest-service  AutoTest-service-rfe  AutoTest-service-task  AutoTest-task  AutoTestDb  AutoTestDb-rfe  AutoTestDb-task  AutoTriage  AutoTriage-rfe  AutoTriage-task  Avago  Avago (MD)  Avago-rfe  Avago-task  AvagoPhy-diags  Avb  Avb-rfe  Avb-task  AvbDut  AvbDut-rfe  AvbDut-task  AwebLib  AwebLib-rfe  AwebLib-task  awslogs  awslogs-rfe  awslogs-task  AwsVeosDutTest  AwsVeosDutTest-rfe  AwsVeosDutTest-task  Babbage  Babbage-rfe  Babbage-task  Backup  Backup-rfe  Backup-task  BaliFabric  BaliFabric-rfe  BaliFabric-task  Bannock  Bannock-rfe  Baremetal  Baremetal-rfe  Baremetal-task  Bartools  Bartools-rfe  Bartools-task  bash  bash-rfe  bash-task  bbcp  bbcp-rfe  bbcp-task  Bcm56300  Bcm56300-rfe  Bcm56300-task  bcmaccel  bcmaccel-rfe  bcmaccel-task  BcmApiTest  BcmApiTest-rfe  BcmApiTest-task  BcmDmaAbort  BcmDmaAbort-rfe  BcmDmaAbort-task  bcmlanz  bcmlanz-rfe  bcmlanz-task  BcmMdio  BcmMdio-rfe  BcmMdio-task  BcmPhy-diags  BcmSdkCommon  BcmSdkCommon-rfe  BcmSdkCommon-task  BcmSim  BcmSim-rfe  BcmSim-task  BeamTools  BeamTools-rfe  BeamTools-task  Bear  Bear-rfe  Beech-diags  Benchmark  Benchmark-rfe  Benchmark-task  BenchmarkDb  BenchmarkDb-rfe  BenchmarkDb-task  BenchmarkHw  BenchmarkHw-rfe  BenchmarkHw-task  Bess  Bess-rfe  Bess-task  bf-diags  bf-diags-rfe  bf-diags-task  bf-drivers  bf-drivers-rfe  bf-drivers-task  bf-syslibs  bf-syslibs-rfe  bf-syslibs-task  bf-utils  bf-utils-rfe  bf-utils-task  Bfd  Bfd-rfe  Bfd-task  bfdma  bfdma-rfe  bfdma-task  BfdTest  BfdTest-rfe  BfdTest-task  BfnAgentLib  BfnAgentLib-rfe  BfnAgentLib-task  BfnCentral  BfnCentral-rfe  BfnCentral-task  BfnCounters  BfnCounters-rfe  BfnCounters-task  BfnDiags  BfnDiags-rfe  BfnDiags-task  BfnFixed  BfnFixed-rfe  BfnFixed-task  BfnFlow  BfnFlow-rfe  BfnFlow-task  BfnHalo  BfnHalo-rfe  BfnHalo-task  BfnL2  BfnL2-rfe  BfnL2-task  BfnL3  BfnL3-rfe  BfnL3-task  BfnLag  BfnLag-rfe  BfnLag-task  BfnLib  BfnLib-rfe  BfnLib-task  BfnMbb  BfnMbb-rfe  BfnMbb-task  BfnMbbSlice  BfnMbbSlice-rfe  BfnMbbSlice-task  BfnMcast  BfnMcast-rfe  BfnMcast-task  BfnMirroring  BfnMirroring-rfe  BfnMirroring-task  BfnNat  BfnNat-rfe  BfnNat-task  BfnPhy  BfnPhy-rfe  BfnPhy-task  BfnQos  BfnQos-rfe  BfnQos-task  BfnSdk  BfnSdk-rfe  BfnSdk-task  BfnSharedState  BfnSharedState-rfe  BfnSharedState-task  BfnSliceAgent  BfnSliceAgent-rfe  BfnSliceAgent-task  BfnTunnel  BfnTunnel-rfe  BfnTunnel-task  BfnVlan  BfnVlan-rfe  BfnVlan-task  BfnXformMgr  BfnXformMgr-rfe  BfnXformMgr-task  Bgp  Bgp-rfe  Bgp-task  BgpCommon  BgpCommon-rfe  BgpCommon-task  BgpCore  BgpData  BgpData-rfe  BgpData-task  BgpFeatureTracker  BgpFeatureTracker-rfe  BgpFeatureTracker-task  BgpFlowspec  BgpFlowspec-rfe  BgpFlowspec-task  BgpSnmp  BgpSnmp-rfe  BgpSnmp-task  BgpSnmpTest  BgpSnmpTest-rfe  BgpSnmpTest-task  BgpVpnCommon  BgpVpnCommon-rfe  BgpVpnCommon-task  bigcode  bigcode-rfe  bigcode-task  Birch-diags  BlackBox  BlackBox-rfe  BlackBox-task  BlrInfra-task  Bmp  Bmp-rfe  Bmp-task  BmpDut  BmpDut-rfe  BmpDut-task  BmpTest  BmpTest-rfe  BmpTest-task  Bodega  Bodega-diags  Bodega-rfe  Bodega-task  BodegaChassis  BodegaChassis-rfe  boost  boost-rfe  boost-task  Brad  Brad-rfe  Brad-task  Breadman  Bridalveil  Bridalveil-rfe  BridgeBridge  BridgeBridge-rfe  BridgeBridge-task  BridgeTest  BridgeTest-rfe  BridgeTest-task  BroadcomSdk  BroadcomSdk-rfe  BroadcomSdk-task  BroadSync-diags  btrfs-progs  btrfs-progs-rfe  btrfs-progs-task  Buck  Buck-rfe  BugAlert  BugAlert-rfe  BugAlert-task  BugAlertTools  BugAlertTools-rfe  BugAlertTools-task  BugBoard  BugBoard-rfe  BugBoard-task  BugBot  BugBot-rfe  BugBot-task  BugsDatabase  BugsDatabase-rfe  BugsDatabase-task  BugsUI  BugsUITest  bugzilla  bugzilla-rfe  bugzilla-task  BugZTesting  Buildcache  Buildcache-rfe  Buildcache-task  Cables  Cables-rfe  Calistoga  Calistoga-rfe  Calpella  Canary  Canary-rfe  Canary-task  Capi  Capi-rfe  Capi-task  CapiTest  CapiTest-rfe  CapiTest-task  CaravanTelemetry  CaravanTelemetry-rfe  CaravanTelemetry-task  Caspar-diags  Cathedral  Cathedral-diags  Cathedral-rfe  Cazadero-diags  ccache  ccache-rfe  ccache-task  Cdp  Cdp-rfe  Cdp-task  CEos  CEos-rfe  CEos-task  CEosDut  CEosDut-rfe  CEosDut-task  CEosHelper  CEosHelper-rfe  CEosHelper-task  CEosImage  CEosImage-rfe  CEosImage-task  CEosInstaller  CEosInstaller-rfe  CEosInstaller-task  CEosNeo  CEosNeo-rfe  CEosNeo-task  CEosOnieInstaller  CEosOnieInstaller-rfe  CEosOnieInstaller-task  CEosOnieUtils  CEosOnieUtils-rfe  CEosOnieUtils-task  CEosTest  CEosTest-rfe  CEosTest-task  CEosUtils  CEosUtils-rfe  CEosUtils-task  ceph  ceph-rfe  ceph-task  CFM  CFM-rfe  Cfm-task  CfmAgent  CfmAgent-rfe  CfmAgent-task  CfmBase  CfmBase-rfe  CfmBase-task  CfmDut  CfmDut-rfe  CfmDut-task  CfmTest  CfmTest-rfe  CfmTest-task  cgroups  cgroups-rfe  cgroups-task  check  check-mibs  check-mibs-rfe  check-mibs-task  check-rfe  check-task  Chl822X  Chl822X-rfe  Chl822X-task  Cinch (LG)  cJSON  cJSON-rfe  cJSON-task  Clacton  Clacton-rfe  Clacton-task  ClariPhy  Clariphy-diags  ClariPhy-rfe  ClariPhy-task  ClassGraph  ClassGraph-rfe  ClassGraph-task  Clearlake-diags  Cli  Cli-rfe  Cli-task  Click  Click-rfe  Click-task  Climber  Climber-rfe  CliMode  CliMode-rfe  CliMode-task  CliParser  CliParser-rfe  CliParser-task  CliRelay  CliRelay-rfe  CliRelay-task  CliSchedulerMgr  CliSchedulerMgr-rfe  CliSchedulerMgr-task  CliSession  CliSession-rfe  CliSession-task  CliTest  CliTest-rfe  CliTest-task  CliTestClient  CliTestClient-rfe  CliTestClient-task  CliTracker  CliTracker-rfe  CliTracker-task  CliX  CliX-rfe  CliX-task  Clock-diags  CloudHa  CloudHa-rfe  CloudHa-task  CloudsRest-diags  CloudVirtualEnv  CloudVirtualEnv-rfe  CloudVirtualEnv-task  CloudVision-UserDoc  Cloverdale-diags  ClusterMgmt  ClusterMgmt-rfe  ClusterMgmt-task  ClusterMgmtTest  ClusterMgmtTest-rfe  ClusterMgmtTest-task  CMake  CMake-rfe  CMake-task  Codenomicon  Codenomicon-rfe  Codenomicon-task  CohabDut  CohabDut-rfe  CohabDut-task  ColdWatt  ColdWatt-rfe  ColdWatt-task  ColdWattHw  ColdWattHw-rfe  ColorChip (VL)  CommonCriteria  CommonCriteria-rfe  CommonCriteria-task  compat-antlr3  compat-antlr3-rfe  compat-antlr3-task  compat-gsoap  compat-gsoap-rfe  compat-gsoap-task  CompExplorer  CompExplorer-rfe  CompExplorer-task  ConditionalRoute  ConditionalRoute-rfe  ConditionalRoute-task  ConfigAgent  ConfigAgent-rfe  ConfigAgent-task  ConfigSession  ConfigSession-rfe  ConfigSession-task  ConnectedRoute  ConnectedRoute-rfe  ConnectedRoute-task  ConnectivityMonitor  ConnectivityMonitor-rfe  ConnectivityMonitor-task  ConnMgr  ConnMgr-rfe  ConnMgr-task  conserver  conserver-rfe  conserver-task  ContainerMgr  ContainerMgr-rfe  ContainerMgr-task  Controller  Controller-rfe  Controller-task  ControllerApp1  ControllerApp1-rfe  ControllerApp1-task  ControllerClient  ControllerClient-rfe  ControllerClient-task  ControllerCommon  ControllerCommon-rfe  ControllerCommon-task  Controllerdb  Controllerdb-rfe  Controllerdb-task  ControllerDebug  ControllerDebug-rfe  ControllerDebug-task  ControllerDut  ControllerDut-rfe  ControllerDut-task  ControllerProxyAgent  ControllerProxyAgent-rfe  ControllerProxyAgent-task  ControllerRegistration  ControllerRegistration-rfe  ControllerRegistration-task  ControllerTest  ControllerTest-rfe  ControllerTest-task  coreutils  coreutils-rfe  coreutils-task  Corrino  Corrino-rfe  Cotati-diags  cov-analysis  cov-analysis-rfe  cov-analysis-task  cov-platform  cov-platform-rfe  cov-platform-task  Coverage  Coverage-rfe  Coverage-task  CoverageGUI  CoverageGUI-rfe  CoverageGUI-task  Covsched  Covsched-rfe  Covsched-task  Coyote  Coyote-rfe  Cpld  Cpld-rfe  Cpld-task  CpssApi  CpssApi-rfe  CpssApi-task  CpuComplex  CpuComplex-rfe  CpuComplex-task  CpuFabric  CpuFabric-rfe  CpuFabric-task  CpuFabricCommon  CpuFabricCommon-rfe  CpuFabricCommon-task  CpuFabricTest  CpuFabricTest-rfe  CpuFabricTest-task  CpuLib-diags  cpuport  cpuport-rfe  cpuport-task  createrepo  createrepo-rfe  createrepo-task  CRM system  CRM system-rfe  crosstool-ng  crosstool-ng-rfe  crosstool-ng-task  Crt  Crt-rfe  Crt-task  cscope  cscope-rfe  cscope-task  Cspf  Cspf-rfe  Cspf-task  CStructGen  CStructGen-rfe  CStructGen-task  CtypeGen  CtypeGen-rfe  CtypeGen-task  curl  curl-rfe  curl-task  CVA  CVA-rfe  CVA-task  CvaDut  CvaDut-rfe  CvaDut-task  CvaTest  CvaTest-rfe  CvaTest-task  CVP  CVP-rfe  CVP-task  CvpDut  CvpDut-rfe  CvpDut-task  CVPI  CVPI-rfe  CVPI-task  CvpTest  CvpTest-rfe  CvpTest-task  CvxDemoServiceAgent  CvxDemoServiceAgent-rfe  CvxDemoServiceAgent-task  CvxDemoSwitchAgent  CvxDemoSwitchAgent-rfe  CvxDemoSwitchAgent-task  DaemonCli  DaemonCli-rfe  DaemonCli-task  DartGen  DartGen-rfe  DartGen-task  Dash  Dash-rfe  Dash-task  Dashboard-rfe  dbal  dbal-rfe  dbal-task  Dcb  Dcb-rfe  Dcb-task  Debug  Debug-rfe  Debug-task  Deckhand  Deckhand-rfe  Deckhand-task  Delta  Delta-rfe  Delta-task  DeltaHw  DeltaHw-rfe  DeltaPower  DeltaPower-rfe  DeltaPower-task  Demo  Demo_pkg  Demo_pkg-rfe  Demo_pkg-task  Demo_t  Demo_t-rfe  Demo_t-task  demo-orca-program  demo-orca-program-rfe  demo-orca-program-task  demo-orca-service  demo-orca-service-rfe  demo-orca-service-task  Demo-rfe  Demo-task  Demo1  Demo1-rfe  Demo1-task  DemoAgent  DemoAgent-rfe  DemoAgent-task  Denali  Denali-rfe  Denali-task  DenaliSnmp  DenaliSnmp-rfe  DenaliSnmp-task  Dfa  Dfa-rfe  Dfa-task  Dhclient  Dhclient-rfe  Dhclient-task  dhcp  dhcp-forwarder  dhcp-forwarder-rfe  dhcp-forwarder-task  dhcp-rfe  dhcp-task  DhcpClient  DhcpClient-rfe  DhcpClient-task  DhcpRelay  DhcpRelay-rfe  DhcpRelay-task  DhcpRelayTest  DhcpRelayTest-rfe  DhcpRelayTest-task  DhcpServer  DhcpServer-rfe  DhcpServer-task  DhcpSnooping  DiagEngine  DiagEngine-rfe  DiagEngine-task  Diags  Diags-rfe  Diags-task  DiagsImage  DiagsImage-rfe  DiagsImage-task  DiagsTools  DiagsTools-rfe  DiagsTools-task  DirectFlow  DirectFlow-rfe  DirectFlow-task  DirectFlowTest  DirectFlowTest-rfe  DirectFlowTest-task  DiskImager  DiskImager-rfe  DiskImager-task  disknanny  disknanny-rfe  disknanny-service  disknanny-service-rfe  disknanny-service-task  disknanny-task  Display  Display-rfe  Display-task  Dist  Dist-rfe  Dist-task  distcc  distcc-rfe  distcc-task  DITA Guidelines  django-hosts  django-hosts-rfe  django-hosts-task  djdump  djdump-rfe  djdump-task  dmamem  dmamem-rfe  dmamem-task  dnsmasq  dnsmasq-rfe  dnsmasq-task  docker  docker-rfe  docker-task  dockertest  dockertest-rfe  dockertest-task  Doran-diags  Dos  Dos-rfe  Dos-task  DosAlta  DosAlta-rfe  DosAlta-task  DosBarefoot  DosBarefoot-rfe  DosBarefoot-task  DosBroadcom  DosBroadcom-rfe  DosBroadcom-task  DosCtypes  DosCtypes-rfe  DosCtypes-task  DosDocumentation  DosDocumentation-rfe  DosDocumentation-task  DosFocalPoint  DosFocalPoint-rfe  DosFocalPoint-task  DosInfra  DosInfra-diags  DosInfra-rfe  DosInfra-task  DosSand  DosSand-rfe  DosSand-task  DosStrata  DosStrata-rfe  DosStrata-task  DosSystem  DosSystem-diags  DosSystem-rfe  DosSystem-task  DosSystemBase  DosSystemBase-rfe  DosSystemBase-task  DosUmbrella  DosUmbrella-rfe  DosUmbrella-task  DosXp  DosXp-rfe  DosXp-task  Dot1ag  Dot1ag-rfe  Dot1ag-task  Dot1x  Dot1x-rfe  Dot1x-task  Dpdk  Dpdk-rfe  Dpdk-task  Dpll  Dpll-rfe  Dpll-task  DropWatch  DropWatch-rfe  DropWatch-task  Ds125Br  Ds125Br-rfe  Ds125Br-task  Ds280  Ds280-rfe  Ds280-task  Dscp  Dscp-rfe  Dscp-task  DscpTest  DscpTest-rfe  DscpTest-task  DspUtils  DspUtils-rfe  DspUtils-task  dumb-init  dumb-init-rfe  dumb-init-task  DummyACL  DummyACL-rfe  DummyACL-task  dummyaclagent  dummyaclagent-rfe  dummyaclagent-task  Dune  Dune-rfe  dwz  dwz-rfe  dwz-task  DynamicRoutes  DynamicRoutes-rfe  DynamicRoutes-task  DynamicRouting  DynamicRouting-rfe  DynamicServiceInsertion  DynamicServiceInsertion-rfe  DynamicServiceInsertion-task  dynamips  dynamips-rfe  dynamips-task  EaglePeak-diags  Eapi  Eapi-rfe  Eapi-task  Ebra  Ebra-rfe  Ebra-task  EbraOCTests  EbraOCTests-rfe  EbraOCTests-task  EbraSnmp  EbraSnmp-rfe  EbraSnmp-task  EcbAgent  EcbAgent-rfe  EcbAgent-task  edtest  edtest-rfe  edtest-task  EDVT-Automation-Tools  Eeyore  Eeyore-rfe  Eeyore-task  eke  eke-rfe  eke-task  ElCapitan-diags  ElCorazon-diags  emacs  emacs-rfe  emacs-task  Emcore (JB)  EmersonHw  EmersonHw-rfe  EmersonPower  EmersonPower-rfe  EmersonPower-task  EngTeam  EngTeam-rfe  EngTeam-task  Enigma  Enigma-rfe  Enigma-task  EnigmaApi  EnigmaApi-rfe  EnigmaApi-task  EntityMib  EntityMib-rfe  EntityMib-task  Environment  Environment-rfe  Environment-task  EnvSnmp  EnvSnmp-rfe  EnvSnmp-task  Eoam  Eoam-rfe  Eoam-task  Eos  Eos-initscripts  Eos-initscripts-rfe  Eos-initscripts-task  Eos-logos  Eos-logos-rfe  Eos-logos-task  Eos-release  Eos-release-rfe  Eos-release-task  Eos-rfe  Eos-task  Eos-udev  Eos-udev-rfe  Eos-udev-task  EOS-UserDoc  EosAbootFirmwareUtils  EosAbootFirmwareUtils-rfe  EosAbootFirmwareUtils-task  EosDoc  EosDoc-rfe  EosDoc-task  EosExtras  EosExtras-rfe  EosExtras-task  EosImage  EosImage-rfe  EosImage-task  EosImage2GB  EosImage2GB-rfe  EosImage2GB-task  EosImageREV01HW  EosImageREV01HW-rfe  EosImageREV01HW-task  EosInit  EosInit-rfe  EosInit-task  EosKernel  EosKernel-rfe  EosKernel-task  EosKernelTest  EosKernelTest-rfe  EosKernelTest-task  EosLiteDut  EosLiteDut-rfe  EosLiteDut-task  EosSdk  EosSdk-rfe  EosSdk-task  EosSdkApps  EosSdkApps-rfe  EosSdkApps-task  EosTortureTest  EosTortureTest-rfe  EosTortureTest-task  EosUtils  EosUtils-rfe  EosUtils-task  EosVersion  EosVersion-rfe  EosVersion-task  Epil2Api  Epil2Api-rfe  Epil2Api-task  EpilApi  EpilApi-rfe  EpilApi-task  Epoch  Epoch-rfe  Epoch-task  EpqDmaLib  EpqDmaLib-rfe  EpqDmaLib-task  Eql  Eql-rfe  Eql-task  Espresso  Espresso-rfe  Espresso-task  EtbaDut  EtbaDut-rfe  EtbaDut-task  Ether  EthIntf  EthIntf-rfe  EthIntf-task  EthIntfSnmp  EthIntfSnmp-rfe  EthIntfSnmp-task  Eureka-diags  EventHistory  EventHistory-rfe  EventHistory-task  EventHistoryCli  EventHistoryCli-rfe  EventHistoryCli-task  EventMgr  EventMgr-rfe  EventMgr-task  EventMgrEnvironment  EventMgrEnvironment-rfe  EventMgrEnvironment-task  EventMgrSystem  EventMgrSystem-rfe  EventMgrSystem-task  EventMon  EventMon-rfe  EventMon-task  EventMonTest  EventMonTest-rfe  EventMonTest-task  Evora  Evora-rfe  Evora-task  EvoraApi  EvoraApi-rfe  EvoraApi-task  EvoRack  EvoRack-rfe  EvoRack-task  Evpn  Evpn-rfe  Evpn-task  EvpnLib  EvpnLib-rfe  EvpnLib-task  EvpnMplsTest  EvpnMplsTest-rfe  EvpnMplsTest-task  EvpnTest  EvpnTest-rfe  EvpnTest-task  EvpnVxlanTest  EvpnVxlanTest-rfe  EvpnVxlanTest-task  exabgp  exabgp-rfe  exabgp-task  Excelight  Excelight-rfe  exectest  exectest-rfe  exectest-task  Extension  Extension-rfe  Extension-task  ExtensionMgr  ExtensionMgr-rfe  ExtensionMgr-task  ExtEntity  ExtEntity-rfe  ExtEntity-task  External  External-rfe  External-task  ExternalAlarm  ExternalAlarm-rfe  ExternalAlarm-task  f1  f1-rfe  f1-task  fable  fable-rfe  fable-task  FabricIntf  FabricIntf-rfe  FabricIntf-task  Facilities  Facilities-rfe  fal  fal-rfe  fal-task  Fan-diags  Fan/Power  Fan/Power-rfe  FastServerFailover  FastServerFailover-rfe  FastServerFailover-task  FastServerFailoverTest  FastServerFailoverTest-rfe  FastServerFailoverTest-task  FaultInjection  FaultInjection-rfe  FaultInjection-task  FeatureQosMixedTests  FeatureQosMixedTests-rfe  FeatureQosMixedTests-task  FeatureRoutingMixedTests  FeatureRoutingMixedTests-rfe  FeatureRoutingMixedTests-task  Fhrp  Fhrp-rfe  Fhrp-task  FhrpSnmp  FhrpSnmp-rfe  FhrpSnmp-task  FhrpTest  FhrpTest-rfe  FhrpTest-task  FileCli  FileCli-rfe  FileCli-task  FileReplication  FileReplication-rfe  FileReplication-task  FileSystemMount  FileSystemMount-rfe  FileSystemMount-task  FileSystems  FileSystems-rfe  FileSystems-task  Finisar  Finisar (TH)  Finisar-rfe  fipscheck  fipscheck-rfe  fipscheck-task  Firewall  Firewall-rfe  Firewall-task  FirewallTest  FirewallTest-rfe  FirewallTest-task  firmware  firmware-rfe  firmware-task  FlameGraph  FlameGraph-rfe  FlameGraph-task  FlexCounters  FlexCounters-rfe  FlexCounters-task  FlexCountersTest  FlexCountersTest-rfe  FlexCountersTest-task  FmApi  FmApi-rfe  FmApi-task  Fne  Fne-rfe  Fne-task  FneTest  FneTest-rfe  FneTest-task  FocalPoint  focalpoint-plx  focalpoint-plx-rfe  focalpoint-plx-task  FocalPoint-rfe  FocalPoint-task  FocalPointV2  FocalPointV2-rfe  FocalPointV2-task  FocalPointV2Test  FocalPointV2Test-rfe  FocalPointV2Test-task  Forestville-diags  ForwardingAgentQosTestMixedTests  ForwardingAgentQosTestMixedTests-rfe  ForwardingAgentQosTestMixedTests-task  ForwardingAgentVxlanTestMixedTests  ForwardingAgentVxlanTestMixedTests-rfe  ForwardingAgentVxlanTestMixedTests-task  ForwardingMonitor  ForwardingMonitor-rfe  ForwardingMonitor-task  Fossil  Fossil-rfe  Fossil-task  fpdma  fpdma-rfe  fpdma-task  Fpga  Fpga-rfe  Fpga-task  FpgaHealthMonitor  FpgaHealthMonitor-rfe  FpgaHealthMonitor-task  FPLanz  FPLanz-rfe  FPLanz-task  freeradius-client  freeradius-client-rfe  freeradius-client-task  Fru  Fru-rfe  Fru-task  FruSnmp  FruSnmp-rfe  FruSnmp-task  Fulcrum  Fulcrum-rfe  FuriaApi  FuriaApi-rfe  FuriaApi-task  FuseAgent  FuseAgent-rfe  FuseAgent-task  Fvm  Fvm-rfe  Fvm-task  gated  gated-rfe  gated-task  GatedBgp  GatedBgp-rfe  GatedBgp-task  GatedRouteMap  GatedRouteMap-rfe  GatedRouteMap-task  GatedSnmp  GatedSnmp-rfe  GatedSnmp-task  GatedTe  GatedTe-rfe  GatedTe-task  GatedTest  GatedTest-rfe  GatedTest-task  gbenchmark  gbenchmark-rfe  gbenchmark-task  GbEPROM  GbEPROM-rfe  GbEPROM-task  gcc  gcc-rfe  gcc-task  gdb  gdb-rfe  gdb-task  geiger  geiger-rfe  geiger-task  General-diags  GenericSnmp  GenericSnmp-rfe  GenericSnmp-task  GenSuite  GenSuite-rfe  GenSuite-task  gflags  gflags-rfe  gflags-task  gitar  gitar-rfe  gitar-task  github  github-rfe  github-task  GitPatchMgmt  GitPatchMgmt-rfe  GitPatchMgmt-task  GitPatchReview  GitPatchReview-rfe  GitPatchReview-task  Glacier  Glacier-rfe  Glacier-task  GlenEllen  GlenEllen-rfe  Glenlyon  Glenlyon-rfe  Glenlyon-task  glibc  glibc-rfe  glibc-task  glog  glog-rfe  glog-task  Gmp  Gmp-rfe  Gmp-task  Gn2405  Gn2405-rfe  Gn2405-task  gnmi  gnmi-rfe  gnmi-task  gnoi  gnoi-rfe  gnoi-task  go-mangoes  go-mangoes-rfe  go-mangoes-task  go-mangos  go-mangos-rfe  go-mangos-task  go-nanomsg  go-nanomsg-rfe  go-nanomsg-task  goa4  goa4-rfe  goa4-task  goexternal  goexternal-rfe  goexternal-task  gograb  gograb-rfe  gograb-task  golang  golang-rfe  golang-task  GoldenGate  GoldenGate-rfe  Goodbye  Goodbye-rfe  Goodbye-task  google-api-python-client  google-api-python-client-rfe  google-api-python-client-task  google-perftools  google-perftools-rfe  google-perftools-task  gopacket  gopacket-rfe  gopacket-task  GOpenFlow  GOpenFlow-rfe  GOpenFlow-task  gotestlib  gotestlib-rfe  gotestlib-task  goworkspace  goworkspace-rfe  goworkspace-task  gperftools  gperftools-rfe  gperftools-task  GPIO-diags  Group  Group-rfe  Group-task  grpc  grpc-rfe  grpc-task  grpcio  grpcio-rfe  grpcio-task  gsoap  gsoap-rfe  gsoap-task  gtest  gtest-rfe  gtest-task  Guernville-diags  gut  gut-rfe  gut-task  hadoop-distributions  hadoop-distributions-rfe  hadoop-distributions-task  HadoopTracer  HadoopTracer-rfe  HadoopTracer-task  Halfdome  Halfdome-rfe  Halo  Halo-rfe  Halo-task  HaloFpga  HaloFpga-rfe  HaloFpga-task  HaloUtil  HaloUtil-rfe  HaloUtil-task  Hardware  Hardware-rfe  Hardware-task  HashUtils  HashUtils-rfe  HashUtils-task  Health  Health-rfe  Health-task  HealthMgr  HealthMgr-rfe  HealthMgr-task  Helena  Helena-rfe  Hello  Hello-rfe  Hello-task  HelloAgent  HelloAgent-rfe  HelloAgent-task  help2man  help2man-rfe  help2man-task  HitlessRestartTest  HitlessRestartTest-rfe  HitlessRestartTest-task  HMtestPackage  Hollywod-rfe  Hollywod-task  Hollywood  Hollywood-rfe  Hollywood-task  HostInject  HostInject-rfe  HostInject-task  HostInjectAgent  HostInjectAgent-rfe  HostInjectAgent-task  HostResourcesMib  HostResourcesMib-rfe  HostResourcesMib-task  HostSecurity  HostSecurity-rfe  HostSecurity-task  HostSecurityTest  HostSecurityTest-rfe  HostSecurityTest-task  hrdb  hrdb-rfe  hrdb-task  Hsc  Hsc-rfe  Hsc-task  HscRestApi  HscRestApi-rfe  HscRestApi-task  HttpbinDut  HttpbinDut-rfe  HttpbinDut-task  HttpService  HttpService-rfe  HttpService-task  Hut  Hut-rfe  Hut-task  HW-UserDoc  icinga  icinga-rfe  icinga-task  Idt82p33831  Idt82p33831-rfe  Idt82p33831-task  Idt82v3396  Idt82v3396-rfe  Idt82v3396-task  idutils  idutils-rfe  idutils-task  Igmp  Igmp-rfe  Igmp-task  IgmpHost  IgmpHost-rfe  IgmpHost-task  IgmpHostProxy  IgmpHostProxy-rfe  IgmpHostProxy-task  IgmpProxy  IgmpProxy-rfe  IgmpProxy-task  IgmpSnmp  IgmpSnmp-rfe  IgmpSnmp-task  IgmpSnooping  IgmpSnooping-rfe  IgmpSnooping-task  IgmpSnoopingFeature  IgmpSnoopingFeature-rfe  IgmpSnoopingTest  IgmpSnoopingTest-rfe  IgmpSnoopingTest-task  IgmpTest  IgmpTest-rfe  IgmpTest-task  ImageTest  ImageTest-rfe  ImageTest-task  Influx  Influx-rfe  Influx-task  influxlib  influxlib-rfe  influxlib-task  InnoLight (DP)  Inphi  Inphi-rfe  Inphi-task  InPhy-diags  Intel  Intel-rfe  InternalPortsSnmp  InternalPortsSnmp-rfe  InternalPortsSnmp-task  InteropL1  InteropL1Test  InteropL1Test-rfe  InteropL1Test-task  Intf  Intf-rfe  Intf-task  IntfAdapter  IntfAdapter-rfe  IntfAdapter-task  IntfSnmp  IntfSnmp-rfe  IntfSnmp-task  iomemory-vsl  iomemory-vsl-rfe  iomemory-vsl-task  iozone  iozone-rfe  iozone-task  IpDut  IpDut-rfe  IpDut-task  iperf  iperf-rfe  iperf-task  IpEth  IpEth-rfe  IpEth-task  IpEthTest  IpEthTest-rfe  IpEthTest-task  IpMRouteSnmp  IpMRouteSnmp-rfe  IpMRouteSnmp-task  IpRib  IpRib-rfe  IpRib-task  IpRibDut  IpRibDut-rfe  IpRibDut-task  IpRibLib  IpRibLib-rfe  IpRibLib-task  IpRibMain  IpRibMain-rfe  IpRibMain-task  IpRibTest  IpRibTest-rfe  IpRibTest-task  iproute  iproute-rfe  iproute-task  Ipsec  ipsec_flow_parallelization  ipsec_flow_parallelization-rfe  ipsec_flow_parallelization-task  Ipsec-rfe  Ipsec-task  ipsecflow_parallelization  ipsecflow_parallelization-rfe  ipsecflow_parallelization-task  IpsecTest  IpsecTest-rfe  IpsecTest-task  iptables  iptables-rfe  iptables-task  Ipv6NeighborDiscovery  Ipv6NeighborDiscovery-rfe  Ipv6NeighborDiscovery-task  Ipv6RouterAdvt  Ipv6RouterAdvt-rfe  Ipv6RouterAdvt-task  Ira  Ira-rfe  Ira-task  IraAcl  IraAcl-rfe  IraAcl-task  IraSnmp  IraSnmp-rfe  IraSnmp-task  irqbalance  irqbalance-rfe  irqbalance-task  isatapd  isatapd-rfe  isatapd-task  Isis  Isis-rfe  Isis-task  IsisMultiProtocolTest  IsisMultiProtocolTest-rfe  IsisMultiProtocolTest-task  isl  isl-rfe  isl-task  Isl6812X  Isl6812X-rfe  Isl6812X-task  IT Support  IT Support-rfe  ixHltApi  ixHltApi-rfe  ixHltApi-task  Ixia  Ixia-rfe  Ixia-task  ixNetworkTcl  ixNetworkTcl-rfe  ixNetworkTcl-task  ixTclHal  ixTclHal-rfe  ixTclHal-task  jcc  jcc-rfe  jcc-task  JDSU  JDSU (CW)  JDSU-rfe  jemalloc  jemalloc-rfe  jemalloc-task  Jenner  Jenner-rfe  Jenner-task  Jericho2Fixed  Jericho2Fixed-rfe  Jericho2Fixed-task  JerichoFixed  JerichoFixed-rfe  JerichoFixed-task  JerichoPlusFixed  JerichoPlusFixed-rfe  JerichoPlusFixed-task  Jinja2  Jinja2-rfe  Jinja2-task  JPlusFixed  JPlusFixed-rfe  JPlusFixed-task  jshon  jshon-rfe  jshon-task  json-cfg  json-cfg-rfe  json-cfg-task  jsonrpclib  jsonrpclib-rfe  jsonrpclib-task  Jtag  Jtag-rfe  Jtag-task  Judy  Judy-rfe  Judy-task  jungledisk  jungledisk-rfe  jungledisk-task  Kabini  Kabini-rfe  Kabini-task  kafka  kafka-rfe  kafka-task  kafkacat  kafkacat-rfe  kafkacat-task  kbfd  kbfd-rfe  kbfd-task  Kbp  kbp-driver  kbp-driver-rfe  kbp-driver-task  Kbp-rfe  Kbp-task  KbpSdk  KbpSdk-rfe  KbpSdk-task  KernelDevTools  KernelDevTools-rfe  KernelDevTools-task  KernelFib  KernelFib-rfe  KernelFib-task  KernelFibTest  KernelFibTest-rfe  KernelFibTest-task  KernelMfib  KernelMfib-rfe  KernelMfib-task  KernelNetworkInfo  KernelNetworkInfo-rfe  KernelNetworkInfo-task  KernelVersion  KernelVersion-rfe  KernelVersion-task  kexec-tools  kexec-tools-rfe  kexec-tools-task  klish  klish-rfe  klish-task  kshim  kshim-rfe  kshim-task  kubectl  kubectl-rfe  kubectl-task  kwonly-args  kwonly-args-rfe  kwonly-args-task  L2Rib  L2Rib-rfe  L2Rib-task  L3BfdTest  L3BfdTest-rfe  L3BfdTest-task  L3ProtocolAgentModelCleanup  L3ProtocolAgentModelCleanup-rfe  L3ProtocolAgentModelCleanup-task  L3ProtocolCleanup  L3ProtocolCleanup-rfe  L3ProtocolCleanup-task  L3TestLib  L3TestLib-rfe  L3TestLib-task  L3Vpn  L3Vpn-rfe  L3Vpn-task  Labpatch  Labpatch-rfe  Labpatch-task  Lag  Lag-rfe  Lag-task  LagSnmp  LagSnmp-rfe  LagSnmp-task  LagTest  LagTest-rfe  LagTest-task  Lanz  Lanz-rfe  Lanz-task  lanzcoprocessor  lanzcoprocessor-rfe  lanzcoprocessor-task  LanzTest  LanzTest-rfe  LanzTest-task  Larkfield-diags  LassenPower  LassenPower-rfe  LassenPower-task  lasso  lasso-rfe  lasso-task  Lattice  Lattice-rfe  Lattice-task  Launcher  Launcher-rfe  Launcher-task  LauncherSnmp  LauncherSnmp-rfe  LauncherSnmp-task  Layer1Mgmt  Layer1Mgmt-rfe  Layer1Mgmt-task  Ldp  Ldp-rfe  Ldp-task  LdpSnmp  LdpSnmp-rfe  LdpSnmp-task  LdpTest  LdpTest-rfe  LdpTest-task  Leoni (HC)  lftp  lftp-rfe  lftp-task  libcrafter  libcrafter-rfe  libcrafter-task  libdrm  libdrm-rfe  libdrm-task  libedit  libedit-rfe  libedit-task  libestrar  libestrar-rfe  libestrar-task  libev  libev-rfe  libev-task  libevent  libevent-rfe  libevent-task  libfastjson  libfastjson-rfe  libfastjson-task  libipt  libipt-rfe  libipt-task  liblogging  liblogging-rfe  liblogging-task  liblognorm  liblognorm-rfe  liblognorm-task  libpcap  libpcap-rfe  libpcap-task  librdkafka  librdkafka-rfe  librdkafka-task  librelp  librelp-rfe  librelp-task  libtool  libtool-rfe  libtool-task  libuio  libuio-rfe  libuio-task  libunwind  libunwind-rfe  libunwind-task  libvirt  libvirt-rfe  libvirt-task  License  License-rfe  License-task  LicenseCommon  LicenseCommon-rfe  LicenseCommon-task  LicenseRequestWeb  LicenseRequestWeb-rfe  LicenseRequestWeb-task  LicenseServer  LicenseServer-rfe  LicenseServer-task  LicenseTest  LicenseTest-rfe  LicenseTest-task  lidar  lidar-rfe  lidar-task  LinuxBridge  LinuxBridge-rfe  LinuxBridge-task  lksim  lksim-rfe  lksim-task  Lldp  Lldp-rfe  Lldp-task  LldpTest  LldpTest-rfe  LldpTest-task  llvm  llvm-rfe  llvm-task  Lm73  Lm73-rfe  Lm73-task  Lm95234  Lm95234-rfe  Lm95234-task  LoadBalancer  LoadBalancer-rfe  LoadBalancer-task  LoggedIo  LoggedIo-rfe  LoggedIo-task  LogLake  LogMgr  LogMgr-rfe  LogMgr-task  Logscan-service  Logscan-service-rfe  Logscan-service-task  LoopProtect  LoopProtect-rfe  LoopProtect-task  LpmTrie  LpmTrie-rfe  LpmTrie-task  m2crypto  m2crypto-rfe  m2crypto-task  M8  M8-rfe  MacMon  MacMon-rfe  MacMon-task  MacPhyConc  MacPhyConc-rfe  MacPhyConc-task  Macsec  Macsec-rfe  Macsec-task  MacSecAle  MacSecAle-rfe  MacSecAle-task  MacsecProxy  MacsecProxy-rfe  MacsecProxy-task  MacsecWeb  MacsecWeb-rfe  MacsecWeb-task  MadApi  MadApi-rfe  MadApi-task  MaintenacenModeTest  MaintenacenModeTest-rfe  MaintenacenModeTest-task  Maintenance  Maintenance-rfe  Maintenance-task  MaintenanceMode  MaintenanceMode-rfe  MaintenanceMode-task  MaintenanceModeTest  MaintenanceModeTest-rfe  MaintenanceModeTest-task  make  make-rfe  make-task  makedumpfile  makedumpfile-rfe  makedumpfile-task  ManagementActive  ManagementActive-rfe  ManagementActive-task  Manufacturing  Manufacturing-rfe  Marco  Marco-rfe  Marco-task  MarcoTest  MarcoTest-rfe  MarcoTest-task  MatchList  MatchList-rfe  MatchList-task  Matt  Matt-rfe  Matt-task  Max24305  Max24305-rfe  Max24305-task  Max31790  Max31790-rfe  Max31790-task  Max5980  Max5980-rfe  Max5980-task  Max6658  Max6658-rfe  Max6658-task  Max6697  Max6697-rfe  Max6697-task  mb-tools  mb-tools-rfe  mb-tools-task  MbbPostcodef  MbbPostcodef-rfe  MbbPostcodef-task  McastAgentContainer  McastAgentContainer-rfe  McastAgentContainer-task  McastBoundary  McastBoundary-rfe  McastBoundary-task  McastBridging  McastBridging-rfe  McastBridging-task  McastCommon  McastCommon-rfe  McastCommon-task  McastCommonTest  McastCommonTest-rfe  McastCommonTest-task  McastTest  McastTest-rfe  McastTest-task  Mcp55  Mcp55-rfe  Mcp55-task  Meadowood  Meadowood-rfe  Mellanox  Mellanox-rfe  Memgraph  Memgraph-rfe  Memgraph-task  Memory-diags  Mendocino  Mendocino-diags  Mendocino-rfe  Mendocino-task  Mentor  Mentor-rfe  Merced  Merced-rfe  Merge  Merge (WX)  Merge-rfe  Metadb  Metadb-rfe  Metadb-task  MetadbTest  MetadbTest-rfe  MetadbTest-task  MfgInfra  MfgInfra-diags  MfgInfra-rfe  MfgInfra-task  MfgShared  MfgShared-rfe  MfgShared-task  MfgTest  MfgTest-rfe  MfgTest-task  MgmtSecurity  MgmtSecurity-rfe  MgmtSecurity-task  Microsemi  Microsemi-rfe  Microsemi-task  mingetty  mingetty-rfe  mingetty-task  mips-sde  mips-sde-rfe  mips-sde-task  Mirroring  Mirroring-rfe  Mirroring-task  MirroringTest  MirroringTest-rfe  MirroringTest-task  Misc  Misc-rfe  MiscSnmp  MiscSnmp-rfe  MiscSnmp-task  mjollnir  mjollnir-rfe  mjollnir-task  mkelfImage  mkelfImage-rfe  mkelfImage-task  Mlag  Mlag-rfe  Mlag-task  MlagDut  MlagDut-rfe  MlagDut-task  MlagSnmp  MlagSnmp-rfe  MlagSnmp-task  MlagVrrp  MlagVrrp-rfe  MlagVrrp-task  Mld  Mld-rfe  Mld-task  MldTest  MldTest-rfe  MldTest-task  Mmpa  Mmpa-rfe  Mmpa-task  mock-program  mock-program-rfe  mock-program-task  mock-service  mock-service-rfe  mock-service-task  mod_auth_mellon  mod_auth_mellon-rfe  mod_auth_mellon-task  mod_python  mod_python-rfe  mod_python-task  Modular  Modular-rfe  Modular-task  ModularPlatform  ModularPlatform-rfe  Molex  Molex (PV)  Molex-rfe  mosh  mosh-rfe  mosh-task  MoshCli  MoshCli-rfe  MoshCli-task  moss  moss-rfe  moss-task  MountAnalyzer  MountAnalyzer-rfe  MountAnalyzer-task  MoveDownstairs  MoveDownstairs-rfe  MpcFree  MpcFree-rfe  MpcFree-task  Mpls  Mpls-rfe  Mpls-task  MplsAgent  MplsAgent-rfe  MplsAgent-task  MplsData  MplsData-rfe  MplsData-task  MplsTest  MplsTest-rfe  MplsTest-task  MplsUtils  MplsUtils-rfe  MplsUtils-task  MplsVpn  MplsVpn-rfe  MplsVpn-task  mpt3sas  mpt3sas-rfe  mpt3sas-task  Mroute  Mroute-rfe  Mroute-task  MrouteTest  MrouteTest-rfe  MrouteTest-task  Mrp  Mrp-rfe  Mrp-task  mrt  mrt-rfe  mrt-task  mrtparse  mrtparse-rfe  mrtparse-task  MrtrDut  MrtrDut-rfe  MrtrDut-task  Msdp  Msdp-rfe  Msdp-task  MsdpSnmp  MsdpSnmp-rfe  MsdpSnmp-task  MsdpTest  MsdpTest-rfe  MsdpTest-task  Msrp  Msrp-rfe  Msrp-task  Mss  Mss-rfe  Mss-task  MssClient  MssClient-rfe  MssClient-task  MssPolicyMonitor  MssPolicyMonitor-rfe  MssPolicyMonitor-task  MssTest  MssTest-rfe  MssTest-task  Mt. Baker  Mt. Baker-rfe  MtDan-diags  MtDana-diags  MtdApi  MtdApi-rfe  MtdApi-task  mtrace  mtrace-rfe  mtrace-task  MultiProtocolRouting  MultiProtocolRouting-rfe  MultiProtocolRouting-task  MultiProtocolTools  MultiProtocolTools-rfe  MultiProtocolTools-task  MultiProtocolTunnelTest  MultiProtocolTunnelTest-rfe  MultiProtocolTunnelTest-task  Mvrp  Mvrp-rfe  Mvrp-task  MyDemo  MyDemo-rfe  MyDemo-task  mysqltestlib  mysqltestlib-rfe  mysqltestlib-task  NameNode  NameNode-rfe  NameNode-task  NameNodeTest  NameNodeTest-rfe  NameNodeTest-task  NamespaceCluster  NamespaceCluster-rfe  NamespaceCluster-task  NamespaceDut  NamespaceDut-rfe  NamespaceDut-task  nanomsg  nanomsg-rfe  nanomsg-task  nanowbem  nanowbem-rfe  nanowbem-task  Napa  Napa-hw  Napa-rfe  Napa-task  Nat  Nat-rfe  Nat-task  NatTest  NatTest-rfe  NatTest-task  ncclient  ncclient-rfe  ncclient-task  ncurses  ncurses-rfe  ncurses-task  ndisc6  ndisc6-rfe  ndisc6-task  net-snmp  net-snmp-rfe  net-snmp-task  Netconf  Netconf-rfe  Netconf-task  netns  netns-rfe  netns-task  NetworkTest  NetworkTest-rfe  NetworkTest-task  NetworkTools  NetworkTools-rfe  NetworkTools-task  NetworkView  NetworkView-rfe  NetworkView-task  Nevada  Nevada-rfe  NewBgp  NewBgp-rfe  NewBgp-task  nginx  nginx-rfe  nginx-task  nglogc  nglogc-rfe  nglogc-task  Nice  Nice Diags  nios2eds  nios2eds-rfe  nios2eds-task  nnpy  nnpy-rfe  nnpy-task  node  node-rfe  node-task  nodejs  nodejs-rfe  nodejs-task  Nooksack  Nooksack-rfe  NorCal  NorCal-rfe  NorCal-task  NorCalCard  NorCalCard-rfe  NorCalCard-task  NorCalMfg  NorCalMfg-rfe  NorCalMfg-task  NorCalSys  NorCalSys-rfe  NorCalSys-task  NorCalTest  NorCalTest-rfe  NorCalTest-task  nstools  nstools-rfe  nstools-task  nsutil  nsutil-rfe  nsutil-task  Ntp  Ntp-rfe  Ntp-task  ntp-udel  ntp-udel-rfe  ntp-udel-task  NuageVsp  Nvgre  Nvgre-rfe  Nvgre-task  Oak-diags  OAM-task  oauth2client  oauth2client-rfe  oauth2client-task  ObjectTracking  ObjectTracking-rfe  ObjectTracking-task  oepnssl  oepnssl-rfe  oepnssl-task  Olema-diags  omi  omi-rfe  omi-task  onie  onie-rfe  onie-task  OnsiteDetector  OnsiteDetector-rfe  OnsiteDetector-task  openbmp  openbmp-rfe  openbmp-task  OpenConfig  OpenConfig-rfe  OpenConfig-task  OpenConfigTest  OpenConfigTest-rfe  OpenConfigTest-task  OpenFlow  OpenFlow-rfe  OpenFlow-task  OpenFlowTest  OpenFlowTest-rfe  OpenFlowTest-task  OpenGrok  OpenGrok-rfe  OpenGrok-task  openssh  openssh-rfe  openssh-task  OpenSSHTest  OpenSSHTest-rfe  OpenSSHTest-task  openssl  openssl-rfe  openssl-task  OpenStack  OpenStack-rfe  openstack-swift  openstack-swift-rfe  openstack-swift-task  OpenStack-task  openstackpythonclients  openstackpythonclients-rfe  openstackpythonclients-task  openvswitch  openvswitch-rfe  openvswitch-task  Oplink (KE)  Opnext  Opnext (AP)  Opnext-rfe  Optics  Optics-rfe  OptumSoftAbuildFirst  OptumSoftAbuildFirst-rfe  OptumSoftAbuildFirst-task  OptumSoftExternal  OptumSoftExternal-rfe  OptumSoftExternal-task  OptumSoftInfrastructure-task  OptumSoftProductTest  OptumSoftProductTest-rfe  OptumSoftProductTest-task  OptumSoftSearch  OptumSoftSearch-rfe  OptumSoftSearch-task  OptumSoftTools  OptumSoftTools-rfe  OptumSoftTools-task  Orca  Orca-rfe  Orca-task  Oscillators  Ospf  Ospf-rfe  Ospf-task  Ospf3  Ospf3-rfe  Ospf3-task  Overcast  Overcast-rfe  Overcast-task  ovftool  ovftool-rfe  ovftool-task  Ovs  Ovs-rfe  Ovs-task  P2PSync  P2PSync-rfe  P2PSync-task  P4  p4-ar-switch  p4-ar-switch-rfe  p4-ar-switch-task  p4-behavioral-model  p4-behavioral-model-rfe  p4-behavioral-model-task  p4-bf-switch  p4-bf-switch-rfe  p4-bf-switch-task  p4-bm-switch  p4-bm-switch-rfe  p4-bm-switch-task  p4-compilers  p4-compilers-rfe  p4-compilers-task  p4-hlir  p4-hlir-rfe  p4-hlir-task  P4-rfe  P4-task  p4c-bm  p4c-bm-rfe  p4c-bm-task  P4NamespaceDut  P4NamespaceDut-rfe  P4NamespaceDut-task  P4SwitchTest  P4SwitchTest-rfe  P4SwitchTest-task  p4testswitch  p4testswitch-rfe  p4testswitch-task  P4Tickets  P4Tickets-rfe  P4Tickets-task  PacketCapture  PacketCapture-rfe  PacketCapture-task  Packetpflegen  paramiko  paramiko-rfe  paramiko-task  parted  parted-rfe  parted-task  PatchPanel  PatchPanel-rfe  PatchPanel-task  PatchPanelAgent  PatchPanelAgent-rfe  PatchPanelAgent-task  PATT  PattTest  PattTest-rfe  PattTest-task  Pbr  Pbr-rfe  Pbr-task  Pca9555  Pca9555-rfe  Pca9555-task  PciBus  PciBus-rfe  PciBus-task  Pcie-diags  PcieNt  PcieNt-rfe  PcieNt-task  pcre  pcre-rfe  pcre-task  PdpDmaLib  PdpDmaLib-rfe  PdpDmaLib-task  Perdb  Perdb-rfe  Perdb-task  PeReyes  PeReyes-rfe  PeReyes-task  perforce  perforce-rfe  perforce-task  perftools  perftools-rfe  perftools-task  perl5  perl5-rfe  perl5-task  PersistentStore  PersistentStore-rfe  PersistentStore-task  peterwu  peterwu-rfe  peterwu-task  Petra  Petra-rfe  Petra-task  pexpect  pexpect-rfe  pexpect-task  Phoenix  Phoenix-rfe  Phoenix-task  Phone System  Phone System-rfe  PhyAeluros  PhyAeluros-rfe  PhyAeluros-task  PhyAlaska  PhyAlaska-rfe  PhyAlaska-task  PhyAlaskaX  PhyAlaskaX-rfe  PhyAlaskaX-task  PhyApm  PhyApm-rfe  PhyApm-task  PhyAvago  PhyAvago-rfe  PhyAvago-task  PhyAvago8812  PhyAvago8812-rfe  PhyAvago8812-task  PhyAvagoCurrent  PhyAvagoCurrent-rfe  PhyAvagoCurrent-task  PhyBcm  PhyBcm-rfe  PhyBcm-task  PhyBcm54980  PhyBcm54980-rfe  PhyBcm54980-task  PhyBcmEpil  PhyBcmEpil-rfe  PhyBcmEpil-task  PhyClariphy  PhyClariphy-rfe  PhyClariphy-task  PhyEee  PhyEee-rfe  PhyEee-task  PhyEthtool  PhyEthtool-rfe  PhyEthtool-task  PhyMtd  PhyMtd-rfe  PhyMtd-task  PhyNlp1342  PhyTest  PhyTest-rfe  PhyTest-task  PhyTn  PhyTn-rfe  PhyTn-task  Picasso  Picasso-rfe  Picasso-task  Picnic  Picnic-rfe  Piedmont  pigz  pigz-rfe  pigz-task  pika  pika-rfe  pika-task  Pim  Pim-rfe  Pim-task  PimBidir  PimBidir-rfe  PimBidir-task  PimBidirDf  PimBidirDf-rfe  PimBidirDf-task  PimBidirTest  PimBidirTest-rfe  PimBidirTest-task  PimBsr  PimBsr-rfe  PimBsr-task  PimBsrTest  PimBsrTest-rfe  PimBsrTest-task  PimReg  PimReg-rfe  PimReg-task  PimRegTest  PimRegTest-rfe  PimRegTest-task  Pimsm  Pimsm-rfe  Pimsm-task  PimsmTest  PimsmTest-rfe  PimsmTest-task  PimSnmp  PimSnmp-rfe  PimSnmp-task  pktgen  pktgen-rfe  pktgen-task  PlatformAgent  PlatformAgent-rfe  PlatformAgent-task  PlatformL3Intf  PlatformL3Intf-rfe  PlatformL3Intf-task  PlatformLibrary  PlatformLibrary-rfe  PlatformLibrary-task  PlatformTest  PlatformTest-rfe  PlatformTest-task  PlePex8600  PlePex8600-rfe  PlePex8600-task  PlugIt  PlugIt-rfe  PlugIt-task  Pluto  Pluto-rfe  Pluto-task  PlutoLib  PlutoLib-rfe  PlutoLib-task  PlutoLibrary  PlutoLibrary-rfe  PlutoLibrary-task  PlutoUtil  PlutoUtil-rfe  PlutoUtil-task  plx-pcie-drivers  plx-pcie-drivers-rfe  plx-pcie-drivers-task  Plx9056Bridge  Plx9056Bridge-rfe  Plx9056Bridge-task  PlxPex8600  PlxPex8600-rfe  PlxPex8600-task  ply  ply-rfe  ply-task  pmat  pmat-rfe  pmat-task  Pmbus  Pmbus-rfe  Pmbus-task  poc-tasks  PolicyMap  PolicyMap-rfe  PolicyMap-task  PolicyService  PolicyService-rfe  PolicyService-task  Ponderosa-diags  PortMirroring  PortMirroring-rfe  Power  Power-rfe  Power-task  PowerDevice-diags  PowerFuse  PowerFuse-rfe  PowerFuse-task  PowerOne  PowerOne-rfe  PowerOne-task  PowerSupply-diags  Prebuilt  Prebuilt-rfe  Prebuilt-task  Prestera  Prestera-rfe  Prestera-task  ProcMgr  ProcMgr-rfe  ProcMgr-task  procps  procps-ng  procps-ng-rfe  procps-ng-task  procps-rfe  procps-task  ProductAttributes  ProductAttributes-rfe  ProductAttributes-task  Proglog  Proglog-rfe  Proglog-task  ProjectReport  ProjectReport-rfe  ProjectReport-task  Pronghorn-diags  proteus-dns  proteus-dns-rfe  proteus-dns-task  Proto  Proto-rfe  Proto-task  protobuf  protobuf-rfe  protobuf-task  Pseudowire  Pseudowire-rfe  Pseudowire-task  PseudowireAgent  PseudowireAgent-rfe  PseudowireAgent-task  PseudowireCli  PseudowireCli-rfe  PseudowireCli-task  PseudowireTest  PseudowireTest-rfe  PseudowireTest-task  Psmi  Psmi-rfe  Psmi-task  PsocFanController  PsocFanController-rfe  PsocFanController-task  Psp  Psp-rfe  Psp-task  pstack  pstack-rfe  pstack-task  Ptp  Ptp-rfe  Ptp-task  ptpd  ptpd-rfe  ptpd-task  ptpd-v2  ptpd-v2-rfe  ptpd-v2-task  PtpTest  PtpTest-rfe  PtpTest-task  PtpTimeSync  PtpTimeSync-rfe  PtpTimeSync-task  PtpTimeSyncTest  PtpTimeSyncTest-rfe  PtpTimeSyncTest-task  PtReyes  PtReyes-rfe  PtReyes-task  Pulse  Pulse-rfe  Pulse-task  PulseAgent  PulseAgent-rfe  PulseAgent-task  PulseWeb  PulseWeb-rfe  PulseWeb-task  pxe  pxe-kexec  pxe-kexec-rfe  pxe-kexec-task  pxe-rfe  pxe-swi  pxe-swi-rfe  pxe-swi-task  pxe-task  py-radix  py-radix-rfe  py-radix-task  PyArrow  PyArrow-rfe  PyArrow-task  pycodestyle  pycodestyle-rfe  pycodestyle-task  pylibpcap  pylibpcap-rfe  pylibpcap-task  pylint  pylint-rfe  pylint-task  pylucene  pylucene-rfe  pylucene-task  python  python-beautiful-soup  python-beautiful-soup-rfe  python-beautiful-soup-task  python-blockdiag  python-blockdiag-rfe  python-blockdiag-task  python-breathe  python-breathe-rfe  python-breathe-task  python-cjson  python-cjson-rfe  python-cjson-task  python-cogapp  python-cogapp-rfe  python-cogapp-task  python-decorator  python-decorator-rfe  python-decorator-task  python-django  python-django-picklefield  python-django-picklefield-rfe  python-django-picklefield-task  python-django-rfe  python-django-storage-swift  python-django-storage-swift-rfe  python-django-storage-swift-task  python-django-task  python-djblets  python-djblets-rfe  python-djblets-task  python-docker  python-docker-rfe  python-docker-task  python-dpkt  python-dpkt-rfe  python-dpkt-task  python-eunuchs  python-eunuchs-rfe  python-eunuchs-task  python-eventlet  python-eventlet-rfe  python-eventlet-task  python-funcparserlib  python-funcparserlib-rfe  python-funcparserlib-task  python-graph  python-graph-rfe  python-graph-task  python-httpbin  python-httpbin-rfe  python-httpbin-task  python-httplib2  python-httplib2-rfe  python-httplib2-task  python-iso8601  python-iso8601-rfe  python-iso8601-task  python-jcc  python-jcc-rfe  python-jcc-task  python-json-cfg  python-json-cfg-rfe  python-json-cfg-task  python-jsonrpclib  python-jsonrpclib-rfe  python-jsonrpclib-task  python-kwonly-args  python-kwonly-args-rfe  python-kwonly-args-task  python-logilab-astng  python-logilab-astng-rfe  python-logilab-astng-task  python-m2crypto  python-m2crypto-rfe  python-m2crypto-task  python-markdown2  python-markdown2-rfe  python-markdown2-task  python-mox  python-mox-rfe  python-mox-task  python-ncclient  python-ncclient-rfe  python-ncclient-task  python-oftest  python-oftest-rfe  python-oftest-task  python-openbmp-api  python-openbmp-api-rfe  python-openbmp-api-task  python-openstackclients  python-openstackclients-rfe  python-openstackclients-task  python-paramiko  python-paramiko-rfe  python-paramiko-task  python-pbr  python-pbr-rfe  python-pbr-task  python-pip  python-pip-rfe  python-pip-task  python-prettytable  python-prettytable-rfe  python-prettytable-task  python-ptf  python-ptf-rfe  python-ptf-task  python-pypiserver  python-pypiserver-rfe  python-pypiserver-task  python-pyvmomi  python-pyvmomi-rfe  python-pyvmomi-task  python-requests  python-requests-rfe  python-requests-task  python-requests2  python-requests2-rfe  python-requests2-task  python-rfe  python-seqdiag  python-seqdiag-rfe  python-seqdiag-task  python-setuptools  python-setuptools-rfe  python-setuptools-task  python-six  python-six-rfe  python-six-task  python-sleekxmpp  python-sleekxmpp-rfe  python-sleekxmpp-task  python-sphinx  python-sphinx-rfe  python-sphinx-task  python-sqlalchemy  python-sqlalchemy-rfe  python-sqlalchemy-task  python-swiftclient  python-swiftclient-rfe  python-swiftclient-task  python-task  python-webcolors  python-webcolors-rfe  python-webcolors-task  python-xlrd  python-xlrd-rfe  python-xlrd-task  python-xlwt  python-xlwt-rfe  python-xlwt-task  python-ZSI  python-ZSI-rfe  python-ZSI-task  python26  python26-rfe  python26-task  python3  python3-rfe  python3-task  PyWrappers  PyWrappers-rfe  PyWrappers-task  Qbuild  Qbuild-rfe  Qbuild-task  qemu  qemu-gns3  qemu-gns3-rfe  qemu-gns3-task  qemu-kvm  qemu-kvm-rfe  qemu-kvm-task  qemu-rfe  qemu-task  QemuVmAgent  QemuVmAgent-rfe  QemuVmAgent-task  Qos  Qos-rfe  Qos-task  QosSnmp  QosSnmp-rfe  QosSnmp-task  QosTest  QosTest-rfe  QosTest-task  QuaggaDut  QuaggaDut-rfe  QuaggaDut-task  quantumfs  quantumfs-rfe  quantumfs-task  Qube  Qube-rfe  Qube-task  QubeTest  QubeTest-rfe  QubeTest-task  qubit-tools  QuickTrace  QuickTrace-rfe  QuickTrace-task  QuickTraceTest  QuickTraceTest-rfe  QuickTraceTest-task  quota  quota-rfe  quota-task  RachiticTest  RachiticTest-rfe  RachiticTest-task  Radius  Radius-rfe  Radius-task  Raild  Raild-rfe  Raild-task  RAILproto  RAILproto-rfe  RAILproto-task  RAILtest  RAILtest-rfe  RAILtest-task  Rainbow-diags  Rama  Rama-rfe  Rama-task  Raven  Raven-rfe  rbfd  rbfd-rfe  rbfd-task  RdamDatabase  RdamDatabase-rfe  RdamDatabase-task  RdamDut  RdamDut-rfe  RdamDut-task  ReachabilityMonitor  ReachabilityMonitor-rfe  ReachabilityMonitor-task  ReachabilityMonitorTest  ReachabilityMonitorTest-rfe  ReachabilityMonitorTest-task  RedSea  RedSea-rfe  RedSea-task  RedSup  RedSup-rfe  RedSup-task  RedSupSnmp  RedSupSnmp-rfe  RedSupSnmp-task  Redundancy  Redundancy-rfe  Redundancy-task  ReleaseTools  ReleaseTools-rfe  ReleaseTools-task  ReleaseUmbrella  ReloadCause  ReloadCause-rfe  ReloadCause-task  ReloadCauseAgent  ReloadCauseAgent-rfe  ReloadCauseAgent-task  ReloadPolicy  ReloadPolicy-rfe  ReloadPolicy-task  RemoteAgentSync  RemoteAgentSync-rfe  RemoteAgentSync-task  Renesas  Renesas-rfe  requests  requests-rfe  requests-task  ResourceManager  ResourceManager-rfe  ResourceManager-task  ReviewBoard  ReviewBoard-rfe  ReviewBoard-task  ReviewBoardTest  ReviewBoardTest-rfe  ReviewBoardTest-task  Ribbon-diags  RibCapi  RibCapi-rfe  RibCapi-task  RibCapiTest  RibCapiTest-rfe  RibCapiTest-task  Rio  Rio-rfe  Rio-task  RioTest  RioTest-rfe  RioTest-task  Rip  Rip-rfe  Rip-task  ripgrep  ripgrep-rfe  ripgrep-task  RN  Robo-service  Robo-service-rfe  Robo-service-task  Robo1  Robo1-rfe  Robo1-task  Robo2  Robo2-rfe  Robo2-task  Robo3  Robo3-rfe  Robo3-task  RoboScripts  RoboScripts-rfe  RoboScripts-task  rootfs-service  rootfs-service-rfe  rootfs-service-task  Rosa-diags  Rosa/SantaRosa/Cotati  RouteInput  RouteInput-rfe  RouteInput-task  RouteMap  RouteMap-rfe  RouteMap-task  RouterGeneral  RouterGeneral-rfe  RouterGeneral-task  RouterGeneralCli  RouterGeneralCli-rfe  RouterGeneralCli-task  RoutingHelper  RoutingHelper-rfe  RoutingHelper-task  rpcapd  rpcapd-rfe  rpcapd-task  Rsvp  Rsvp-rfe  Rsvp-task  RsvpTest  RsvpTest-rfe  RsvpTest-task  rsyslog  rsyslog-rfe  rsyslog-task  rtest  rtest-rfe  rtest-task  Ruby  Ruby-rfe  Ruby-task  Rutherford  Rutherford-rfe  Saguaro  Saguaro-rfe  Saguaro-task  Sai  sai-net  sai-net-rfe  sai-net-task  Sai-rfe  Sai-task  SaltLakeFixed  SaltLakeFixed-rfe  SaltLakeFixed-task  SampleSoftware  Sand  Sand--diags  Sand-diags  sand-dma  sand-dma-rfe  sand-dma-task  Sand-rfe  Sand-task  SandAcl  SandAcl-rfe  SandAcl-task  SandAclTest  SandAclTest-rfe  SandAclTest-task  SandBcmSdkShim  SandBcmSdkShim-rfe  SandBcmSdkShim-task  SandBcmSdkV2  SandBcmSdkV2-rfe  SandBcmSdkV2-task  SandBroadcomSdk  SandBroadcomSdk-rfe  SandBroadcomSdk-task  SandCounters  SandCounters-rfe  SandCounters-task  SandDanz  SandDanz-rfe  SandDanz-task  SandFabric  SandFabric-rfe  SandFabric-task  SandFap  SandFap-rfe  SandFap-task  SandFapNi  SandFapNi-rfe  SandFapNi-task  SandFapNiState  SandFapNiState-rfe  SandFapNiState-task  SandFlow  SandFlow-rfe  SandFlow-task  SandHalo  SandHalo-rfe  SandHalo-task  SandHw  SandHw-rfe  SandHw-task  SandIpsec  SandIpsec-rfe  SandIpsec-task  SandL3Unicast  SandL3Unicast-rfe  SandL3Unicast-task  SandLag  SandLag-rfe  SandLag-task  SandLanz  SandLanz-rfe  SandLanz-task  SandLib  SandLib-rfe  SandLib-task  SandMact  SandMact-rfe  SandMact-task  SandMcast  SandMcast-rfe  SandMcast-task  SandMdb  SandMdb-rfe  SandMdb-task  SandMirroring  SandMirroring-rfe  SandMirroring-task  SandOam  SandOam-rfe  SandOam-task  SandPbr  SandPbr-rfe  SandPbr-task  SandPhy  SandPhy-rfe  SandPhy-task  SandPolicyLib  SandPolicyLib-rfe  SandPolicyLib-task  SandPP  SandPP-rfe  SandPP-task  SandPtp  SandPtp-rfe  SandPtp-task  SandQos  SandQos-rfe  SandQos-task  SandSal  SandSal-rfe  SandSal-task  SandSalCommon  SandSalCommon-rfe  SandSalCommon-task  SandSdk  SandSdk-rfe  SandSdk-task  SandSdkHelper  SandSdkHelper-rfe  SandSdkHelper-task  SandSdkShim  SandSdkShim-rfe  SandSdkShim-task  SandSdkV2Helper  SandSdkV2Helper-rfe  SandSdkV2Helper-task  SandSdkV3  SandSdkV3-rfe  SandSdkV3-task  SandSdkV3Helper  SandSdkV3Helper-rfe  SandSdkV3Helper-task  SandSdkV4  SandSdkV4-rfe  SandSdkV4-task  SandSdkV4Helper  SandSdkV4Helper-rfe  SandSdkV4Helper-task  SandTapAgg  SandTapAgg-rfe  SandTapAgg-task  SandTcam  SandTcam-rfe  SandTcam-task  SandTcamLib  SandTcamLib-rfe  SandTcamLib-task  SandTest  SandTest-rfe  SandTest-task  SandTm  SandTm-rfe  SandTm-task  SandToggles  SandToggles-rfe  SandToggles-task  SandTopo  SandTopo-rfe  SandTopo-task  SandTunnel  SandTunnel-rfe  SandTunnel-task  SantaRosa-diags  Santo  Santo-common  Santo-common-rfe  Santo-common-task  Santo-psp  Santo-psp-rfe  Santo-psp-task  Santo-rfe  Santo-task  Santo-v1  Santo-v1-rfe  Santo-v1-task  Sapling  Sapling-rfe  Sb820  Sb820-rfe  Sb820-task  Sc16is760  Sc16is760-rfe  Sc16is760-task  Scaleit  Scaleit-rfe  Scaleit-task  scc  Scd  scd-driver  scd-driver-rfe  scd-driver-task  scd-em  scd-em-rfe  scd-em-task  Scd-rfe  Scd-task  ScdEmUtils  ScdEmUtils-rfe  ScdEmUtils-task  SchanAccel  SchanAccel-rfe  SchanAccel-task  SchanCentral  SchanCentral-rfe  SchanCentral-task  Schooner-diags  screen  screen-rfe  screen-task  SeaRanch  SeaRanch-rfe  SecretCli  SecretCli-rfe  SecretCli-task  SecureNic  SecureNic-rfe  SecureNic-task  Security-diags  SecurityTest  SecurityTest-rfe  SecurityTest-task  Sequoia  Sequoia-diags  Sequoia-rfe  Sequoia-task  SequoiaModular  SessionTimeout  SessionTimeout-rfe  SessionTimeout-task  Sesto-diags  Sfa  Sfa-rfe  Sfa-task  Sfe  Sfe-rfe  Sfe-task  SfeModules  SfeModules-rfe  SfeModules-task  Sflow  Sflow-rfe  Sflow-task  SflowAccel  SflowAccel-rfe  SflowAccel-task  SflowAccelTest  SflowAccelTest-rfe  SflowAccelTest-task  SflowLib  SflowLib-rfe  SflowLib-task  SflowTest  SflowTest-rfe  SflowTest-task  shadow-utils  shadow-utils-rfe  shadow-utils-task  Shape  Shape-rfe  Shape-task  ShardedMap  ShardedMap-rfe  ShardedMap-task  ShardedMapCppApi  ShardedMapCppApi-rfe  ShardedMapCppApi-task  ShardedMapTest  ShardedMapTest-rfe  ShardedMapTest-task  SharedMem  SharedMem-rfe  SharedMem-task  Shasta  Shasta-rfe  Shmalloc  Shmalloc-rfe  Shmalloc-task  ShowCommandService  ShowCommandService-rfe  ShowCommandService-task  Si5327  Si5327-rfe  Si5327-task  Silverado  Silverado-rfe  simtop  simtop-rfe  simtop-task  Skegness  Skegness-rfe  Skegness-task  SkuTools  SkuTools-rfe  SkuTools-task  SmartOptics (FB)  smartsync  smartsync-rfe  smartsync-task  Smash  Smash-rfe  Smash-task  SmashCli  SmashCli-rfe  SmashCli-task  SmashTest  SmashTest-rfe  SmashTest-task  SmashTools  SmashTools-rfe  SmashTools-task  SmashViz  SmashViz-rfe  SmashViz-task  snakefood  snakefood-rfe  snakefood-task  Snmp  Snmp-rfe  Snmp-task  Snmp,net-snmp  Snmp,net-snmp-rfe  Snmp,net-snmp-task  SnmpTest  SnmpTest-rfe  SnmpTest-task  Sol  Sol-rfe  Sol-task  Sonic  Sonic-rfe  sonic-support  sonic-support-rfe  sonic-support-task  Sonic-task  Sonoma  Sonoma-rfe  Source Photonics (ET)  source-highlight  source-highlight-rfe  source-highlight-task  SourcePhotonics  SourcePhotonics-rfe  spark  spark-rfe  spark-task  Sparrow  Sparrow-rfe  Sparrow-task  spin  spin-rfe  spin-task  spl  spl-rfe  spl-task  SplunkForwarder  SplunkForwarder-rfe  SplunkForwarder-task  squashfs-tools  squashfs-tools-rfe  squashfs-tools-task  SrTePolicy  SrTePolicy-rfe  SrTePolicy-task  SrTePolicyTest  SrTePolicyTest-rfe  SrTePolicyTest-task  SshHostKeys  SshHostKeys-rfe  SshHostKeys-task  SsoTest  SsoTest-rfe  SsoTest-task  Sta-task  StageMgr  StageMgr-rfe  StageMgr-task  StageMgrAgent  StageMgrAgent-rfe  StageMgrAgent-task  StanbyCpld  StanbyCpld-rfe  StanbyCpld-task  Stand  Stand-rfe  Stand-task  StandbyCpld  StandbyCpld-rfe  StandbyCpld-task  Stash  Stash-rfe  Stash-task  StashTest  StashTest-rfe  StashTest-task  Stat  Stat-rfe  Stat-task  StaticRoute  StaticRoute-rfe  StaticRoute-task  stest-service  stest-service-rfe  stest-service-task  stestimgbuilder  stestimgbuilder-rfe  stestimgbuilder-task  stesting  stesting-rfe  stesting-task  StestWorkspace-service  StestWorkspace-service-rfe  StestWorkspace-service-task  StorageDevices  StorageDevices-rfe  StorageDevices-task  Storg  Storg-rfe  Storg-task  StormControl  StormControl-rfe  StormControl-task  Stp  Stp-rfe  Stp-task  StpSnmp  StpSnmp-rfe  StpSnmp-task  Strata  Strata--diags  Strata-diags  strata-dma  strata-dma-rfe  strata-dma-task  Strata-rfe  Strata-task  StrataAcl  StrataAcl-rfe  StrataAcl-task  StrataApi  StrataApi-rfe  StrataApi-task  StrataApi2  StrataApi2-rfe  StrataApi2-task  StrataApiTest  StrataApiTest-rfe  StrataApiTest-task  StrataApiV2  StrataApiV2-rfe  StrataApiV2-task  StrataApiV3  StrataApiV3-rfe  StrataApiV3-task  StrataApiV4  StrataApiV4-rfe  StrataApiV4-task  StrataCental  StrataCental-rfe  StrataCental-task  StrataCentral  StrataCentral-rfe  StrataCentral-task  StrataCommon  StrataCommon-rfe  StrataCommon-task  StrataCounters  StrataCounters-rfe  StrataCounters-task  StrataDiags  StrataDiags-rfe  StrataDiags-task  StrataDmaTest  StrataDmaTest-rfe  StrataDmaTest-task  StrataL2  StrataL2-rfe  StrataL2-task  StrataL2Multicast  StrataL2Multicast-rfe  StrataL2Multicast-task  StrataL3  StrataL3-rfe  StrataL3-task  StrataL3Test  StrataL3Test-rfe  StrataL3Test-task  StrataLag  StrataLag-rfe  StrataLag-task  StrataLanz  StrataLanz-rfe  StrataLanz-task  stratalanzcoprocessor  stratalanzcoprocessor-rfe  stratalanzcoprocessor-task  StrataLib  StrataLib-rfe  StrataLib-task  StrataLtApi  StrataLtApi-rfe  StrataLtApi-task  StrataMirror  StrataMirror-rfe  StrataMirror-task  StrataMpls  StrataMpls-rfe  StrataMpls-task  StrataMultiAgentTest  StrataMultiAgentTest-rfe  StrataMultiAgentTest-task  StrataParity  StrataParity-rfe  StrataParity-task  StrataPbr  StrataPbr-rfe  StrataPbr-task  StrataPhy  StrataPhy-rfe  StrataPhy-task  StrataQos  StrataQos-rfe  StrataQos-task  StrataSdkCommon  StrataSdkCommon-rfe  StrataSdkCommon-task  StrataSdkShim  StrataSdkShim-rfe  StrataSdkShim-task  StrataSso  StrataSso-rfe  StrataSso-task  StrataT2PlusTest  StrataT2PlusTest-rfe  StrataT2PlusTest-task  StrataT2Test  StrataT2Test-rfe  StrataT2Test-task  StrataTcam  StrataTcam-rfe  StrataTcam-task  StrataTest  StrataTest-rfe  StrataTest-task  StrataV2  StrataV2-rfe  StrataV2-task  StrataVlanTopo  StrataVlanTopo-rfe  StrataVlanTopo-task  StrataVxlan  StrataVxlan-rfe  StrataVxlan-task  StrataXgsApi  StrataXgsApi-rfe  StrataXgsApi-task  StrataXgsApiV2  StrataXgsApiV2-rfe  StrataXgsApiV2-task  Stratix  Stratix-rfe  Stratix-task  strongswan  strongswan-rfe  strongswan-task  stuttermeter  stuttermeter-rfe  stuttermeter-task  SubIntf  subintf-task  sudo  sudo-rfe  sudo-task  sudorca  sudorca-rfe  sudorca-service  sudorca-service-rfe  sudorca-service-task  sudorca-task  Sumitomo (FY)  SuperServer  SuperServer-rfe  SuperServer-task  SupportedHardware  SupportedHardware-rfe  SupportedHardware-task  sw-infra  SwiftLib  SwiftLib-rfe  SwiftLib-task  swig  swig-rfe  swig-task  Switchboard  Switchboard-rfe  Switchboard-task  SwitchTest  SwitchTest-rfe  SwitchTest-task  SwLab  SwLab-logre  SwLab-rfe  Sysdb  Sysdb-rfe  Sysdb-task  SysdbAgent  SysdbAgent-rfe  SysdbAgent-task  SysdbProfileCheck  SysdbProfileCheck-rfe  SysdbProfileCheck-task  SysdbTest  SysdbTest-rfe  SysdbTest-task  syslog-proxy  syslog-proxy-rfe  syslog-proxy-task  SysMgr  SysMgr-rfe  SysMgr-task  SysMgrSnmp  SysMgrSnmp-rfe  SysMgrSnmp-task  SysMgrTest  SysMgrTest-rfe  SysMgrTest-task  systemd  systemd-rfe  systemd-task  systest-poc lab  sysvinit  sysvinit-rfe  sysvinit-task  Tacacs  Tacacs-rfe  Tacacs-task  tacacs+  tacacs+-rfe  tacacs+-task  tacc  tacc-pygment  tacc-pygment-rfe  tacc-pygment-task  tacc-rfe  tacc-task  TaccAttic  TaccAttic-rfe  TaccAttic-task  TaccComputeMan  TaccComputeMan-rfe  TaccComputeMan-task  TaccComputeManImpl  TaccComputeManImpl-rfe  TaccComputeManImpl-task  TaccComputeManTest  TaccComputeManTest-rfe  TaccComputeManTest-task  TaccDistributedTest  TaccDistributedTest-rfe  TaccDistributedTest-task  TaccDocs  TaccDocs-rfe  TaccDocs-task  TaccExamples  TaccExamples-rfe  TaccExamples-task  TaccExperimental  TaccExperimental-rfe  TaccExperimental-task  TaccGraphTest  TaccInternalDocs  TaccInternalDocs-rfe  TaccInternalDocs-task  TaccInteropTest  TaccInteropTest-rfe  TaccInteropTest-task  TaccJni  TaccJni-rfe  TaccJni-task  TaccJniTest  TaccMap  TaccMap-rfe  TaccMap-task  TaccMapSrv  TaccMapSrv-rfe  TaccMapSrv-task  TaccMarketAnalyticsTest  TaccNetworkTest  TaccNetworkTest-rfe  TaccNetworkTest-task  TaccOde  TaccOde-rfe  TaccOde-task  TaccPerfFwk-task  TaccPerfTools  TaccPerfTools-rfe  TaccPerfTools-task  TaccPyUtils  TaccPyUtils-rfe  TaccPyUtils-task  TaccServiceMan  TaccServiceMan-rfe  TaccServiceMan-task  TaccServiceManTest  TaccServiceManTest-rfe  TaccServiceManTest-task  TacGo  TacGo-rfe  TacGo-task  TacGoTest  TacGoTest-rfe  TacGoTest-task  TacMarco  TacMarco-rfe  TacMarco-task  TacNav  TacNav-rfe  TacNav-task  taco  taco-rfe  taco-task  tacoTest  tacoTest-rfe  tacoTest-task  TacPulse  TacPulse-rfe  TacPulse-task  TacSmash  TacSmash-rfe  TacSmash-task  TacStash  TacStash-rfe  TacStash-task  tacXref  Tamarack  Tamarack-rfe  TapAggGui  TapAggGui-rfe  TapAggGui-task  TapAggTest  TapAggTest-rfe  TapAggTest-task  TargetExpr  TargetExpr-rfe  TargetExpr-task  TargetExpression  TargetExpression-rfe  TargetExpression-task  Taro  Taro-rfe  Taro-task  TaskScheduler  TaskScheduler-rfe  TaskScheduler-task  tcollector  tcollector-rfe  tcollector-task  tcollectorAgent  tcollectorAgent-rfe  tcollectorAgent-task  tcp_wrappers  tcp_wrappers-rfe  tcp_wrappers-task  tcpdump  tcpdump-rfe  tcpdump-task  tcptrace  tcptrace-rfe  tcptrace-task  Te  Te-rfe  te-task  TeCli  TeCli-rfe  TeCli-task  telnet  telnet-rfe  telnet-task  TemplatePkg  TemplatePkg-rfe  TemplatePkg-task  TempSensor-diags  Tenjin  Tenjin-rfe  Tenjin-task  Teranetics  Teranetics-rfe  TerminAttr  TerminAttr-rfe  TerminAttr-task  test  test-rfe  test-task  Test1234567  Test12345678  Test123456789  test56  TestCluster  TestCluster-rfe  TestCluster-task  TestDemo  TestDemo-rfe  TestDemo-task  Testpoint  Testpoint-rfe  Testpoint-task  TestProduct  TestResources  TestResources-rfe  TestResources-task  TestSuite  TestSuite-rfe  TestSuite-task  TestSuiteTest  TestSuiteTest-rfe  TestSuiteTest-task  ThermoMgr  ThermoMgr-rfe  ThermoMgr-task  Thermostat  Thermostat-rfe  Thermostat-task  ThreeBrothers-diags  thrift  thrift-rfe  thrift-task  Tiburon  Tiburon-rfe  TimberCove-diags  timeout  timeout-rfe  timeout-task  TimeSync  TimeSync-rfe  TimeSync-task  TiPhy-diags  tmux  tmux-rfe  tmux-task  tofino-model  tofino-model-rfe  tofino-model-task  tofinobm  tofinobm-rfe  tofinobm-task  Toggles  Toggles-rfe  Toggles-task  Tomahawk2Fixed  Tomahawk2Fixed-rfe  Tomahawk2Fixed-task  Tomahawk3Fixed  Tomahawk3Fixed-rfe  Tomahawk3Fixed-task  Tomales  Tomales-rfe  TommyDS  TommyDS-rfe  TommyDS-task  Tools  Topology  Topology-rfe  Topology-task  TopologyManager  TopologyManager-rfe  TopologyManager-task  TopologyTest  TopologyTest-rfe  TopologyTest-task  TPGen  TPGen-rfe  TPGen-task  Tpm  Tpm-rfe  Tpm-task  TPMFU  TPMFU-rfe  TPMFU-task  traceroute  traceroute-rfe  traceroute-task  Tunnel  Tunnel-rfe  Tunnel-task  TunnelIntf  TunnelIntf-rfe  TunnelIntf-task  TunnelIntfTest  TunnelIntfTest-rfe  TunnelIntfTest-task  TunnelSnmp  TunnelSnmp-rfe  TunnelSnmp-task  TunnelTest  TunnelTest-rfe  TunnelTest-task  Tyco (BQ)  uart-verilog  uart-verilog-rfe  uart-verilog-task  Ucd9012  Ucd9012-rfe  Ucd9012-task  ufl  ufl-rfe  ufl-task  Ugly  Ugly-rfe  Ugly-task  Umbrella  Umbrella-rfe  Umbrella-stest  Umbrella-stest-rfe  Umbrella-stest-task  Umbrella-task  urcu  urcu-rfe  urcu-task  uriparser  uriparser-rfe  uriparser-task  UserCgroup  UserCgroup-rfe  UserCgroup-task  UserDocs-rfe  userspace-rcu  userspace-rcu-rfe  userspace-rcu-task  uthash  uthash-rfe  uthash-task  util-linux  util-linux-rfe  util-linux-task  uwsgi  uwsgi-rfe  uwsgi-task  UwsgiApp  UwsgiApp-rfe  UwsgiApp-task  valgrind  valgrind-rfe  valgrind-task  vEOS  vEOS-rfe  VEos-task  VeosDut  VeosDut-rfe  VeosDut-task  VeosPerfTest  VeosPerfTest-rfe  VeosPerfTest-task  Vernal  Vernal-rfe  Virtual EOS (vEOS)  VirtualCable  VirtualCable-rfe  VirtualCable-task  Vm  Vm-rfe  Vm-task  VmDut  VmDut-rfe  VmDut-task  VmTracer  VmTracer-rfe  VmTracer-task  VmwareNvp  VmwareNvp-rfe  VmwareNvp-task  VmwareTest  VmwareTest-rfe  VmwareTest-task  VmwareVds  VmwareVds-rfe  VmwareVds-task  VmwareVI  VmwareVI-rfe  VmwareVI-task  Vrf  Vrf-rfe  vrf-scale  Vrf-task  VrfLeak  VrfLeak-rfe  VrfLeak-task  Vrm64  Vrm64-rfe  Vrm64-task  VrmIr  VrmIr-rfe  VrmIr-task  Vrrp  Vrrp-rfe  Vrrp-task  vulcan  Vxlan  Vxlan-rfe  Vxlan-task  VxlanAdvAgent  VxlanAdvAgent-rfe  VxlanAdvAgent-task  VxlanController  VxlanController-rfe  VxlanController-task  VxlanControllerTest  VxlanControllerTest-rfe  VxlanControllerTest-task  VxlanRouting-task  VxlanStatus  VxlanStatus-rfe  VxlanStatus-task  VxlanTest  VxlanTest-rfe  VxlanTest-task  waagent  waagent-rfe  waagent-task  Watchdog  Watchdog-rfe  Watchdog-task  WaveSplitter (SM)  Wbem  Wbem-rfe  Wbem-task  Web  Web-rfe  Web-task  wget  wget-rfe  wget-task  Windows  Windows-rfe  Windows-task  Winston  Winston-rfe  Winston-task  wireshark  wireshark-rfe  wireshark-task  Workspace-service  Workspace-service-rfe  Workspace-service-task  WorkspaceDut  WorkspaceDut-rfe  WorkspaceDut-task  workspacePrefetcher  workspacePrefetcher-rfe  workspacePrefetcher-task  World  World-rfe  World-task  wpa_supplicant  wpa_supplicant-rfe  wpa_supplicant-task  WsgiDut  WsgiDut-rfe  WsgiDut-task  Xcvr  Xcvr-diags  Xcvr-rfe  Xcvr-task  XcvrCfp2Dco  XcvrCfp2Dco-rfe  XcvrCfp2Dco-task  XcvrCtrl  XcvrCtrl-rfe  XcvrCtrl-task  XcvrSnmp  XcvrSnmp-rfe  XcvrSnmp-task  XFire  XFire-rfe  XFire-task  XFireTest  XFireTest-rfe  XFireTest-task  xfstests  xfstests-rfe  xfstests-task  Xilinx  Xilinx-rfe  Xilinx-task  xinetd  xinetd-rfe  xinetd-task  Xmpp  Xmpp-rfe  Xmpp-task  xorg-x11-drv-intel  xorg-x11-drv-intel-rfe  xorg-x11-drv-intel-task  xpaccel  xpaccel-rfe  xpaccel-task  XpAccess  XpAccess-rfe  XpAccess-task  XpAcl  XpAcl-rfe  XpAcl-task  XpApi  XpApi-rfe  XpApi-task  XpCentral  XpCentral-rfe  XpCentral-task  XpCounters  XpCounters-rfe  XpCounters-task  xpdma  xpdma-rfe  xpdma-task  XpFlow  XpFlow-rfe  XpFlow-task  XpL2  XpL2-rfe  XpL2-task  XpL3Unicast  XpL3Unicast-rfe  XpL3Unicast-task  XpLanz  XpLanz-rfe  XpLanz-task  XpLib  XpLib-rfe  XpLib-task  xplot  xplot-rfe  xplot-task  XpMact  XpMact-rfe  XpMact-task  XpMcast  XpMcast-rfe  XpMcast-task  XpPbr  XpPbr-task  XpProfile  XpProfile-rfe  XpProfile-task  XpQos  XpQos-rfe  XpQos-task  XpSdk  XpSdk-rfe  XpSdk-task  XpSim  XpSim-rfe  XpSim-task  XpSlice  XpSlice-rfe  XpSlice-task  XpTest  XpTest-rfe  XpTest-task  XpVxlan  XpVxlan-task  Xtacc  Xtacc-rfe  Xtacc-task  Xukg  Xukg-rfe  Xukg-task  XukWeb  XukWeb-rfe  XukWeb-task  xxHash  xxHash-rfe  xxHash-task  yaml-cpp  yaml-cpp-rfe  yaml-cpp-task  Yosemite  Yosemite-diags  Yosemite-rfe  Yosemite-task  Yreka-diags  Zbf  Zbf-rfe  Zbf-task  Zeppelin  Zeppelin-rfe  Zeppelin-task  ZeroTouch  ZeroTouch-rfe  ZeroTouch-task  zfs  zfs-rfe  zfs-task  zlog  zlog-rfe  zlog-task  ztpserver  ztpserver-rfe  ztpserver-task  Zuma  Zuma-hw  Zuma-rfe  Zuma-task0 / 200 Checked')]' not found)

2018-03-29 17:27:59 - [TEST_STEP][PASSED] - Statement - If (com.kms.katalon.core.webui.keyword.WebUiBuiltInKeywords.verifyElementPresent(com.kms.katalon.core.testobject.ObjectRepository.findTestObject(Page_BugsUI Search/button_Package), 0)): Object: 'Object Repository/Page_BugsUI Search/button_Package' is clicked on

2018-03-29 17:28:02 - [MESSAGE][WARNING] - Timeout '0' is invalid. Using default page load timeout: '30'

2018-03-29 17:28:02 - [MESSAGE][PASSED] - Object 'Object Repository/Page_BugsUI Search/button_Package' is present

2018-03-29 17:28:02 - [TEST_STEP][PASSED] - click: Object: 'Object Repository/Page_BugsUI Search/button_Package' is clicked on

2018-03-29 17:28:07 - [MESSAGE][PASSED] - Object: 'Object Repository/Page_BugsUI Search/button_Package' is clicked on

2018-03-29 17:28:07 - [TEST_STEP][PASSED] - delay: Delayed 5 second(s)

2018-03-29 17:28:12 - [MESSAGE][PASSED] - Delayed 5 second(s)

2018-03-29 17:28:12 - [TEST_STEP][FAILED] - Statement - If (com.kms.katalon.core.webui.keyword.WebUiBuiltInKeywords.verifyElementPresent(com.kms.katalon.core.testobject.ObjectRepository.findTestObject(Page_BugsUI Search/ul_Check All   Uncheck All  Do), 0)): Unable to verify object 'Object Repository/Page_BugsUI Search/ul_Check All   Uncheck All  Do' is present (Root cause: com.kms.katalon.core.webui.exception.WebElementNotFoundException: Web element with id: 'Object Repository/Page_BugsUI Search/ul_Check All   Uncheck All  Do' located by 'By.xpath: //ul[(text() = '  Check All   Uncheck All  @Dos  @Dos-rfe  @Dos-task  @DosLib  @DosLib-rfe  @DosLib-task  @Lakeport-diags  @LegacyPackage  ##General##  ##General##-rfe  ##General##-task  ##Internal##  ##Internal##-rfe  11111Test34  12222test  123456789Test  12345Test  1RUdiags  1RUdiags-rfe  1Test  3dm2  3dm2-rfe  3dm2-task  3M (EJ)  A144  a4b  a4b-rfe  a4b-task  a4c  a4c-qfs  a4c-qfs-rfe  a4c-qfs-service  a4c-qfs-service-rfe  a4c-qfs-service-task  a4c-qfs-task  a4c-qfs-test  a4c-qfs-test-rfe  a4c-qfs-test-task  a4c-rfe  a4c-service  a4c-service-rfe  a4c-service-task  a4c-task  A4Web  A4Web-rfe  A4Web-task  A55  Aaa  Aaa-rfe  Aaa-task  AaaTest  AaaTest-rfe  AaaTest-task  AaaTest1  Abalone  Aben  Aben-rfe  Aben-task  Aboard  Aboot  Aboot-rfe  Aboot-task  AbootFirmwareUtils  AbootFirmwareUtils-rfe  AbootFirmwareUtils-task  AbootTest  AbootTest-rfe  AbootTest-task  Abug  Abug-rfe  Abug-task  Abug-testing  AbugApi  AbugApi-rfe  AbugApi-task  Abuild  Abuild-rfe  Abuild-task  AbuildDb  AbuildDb-rfe  AbuildDb-task  AbuildWeb  AbuildWeb-rfe  AbuildWeb-task  abuildworkspace-service  abuildworkspace-service-rfe  abuildworkspace-service-task  Acacia-diags  Acarpool  Acarpool-rfe  Acarpool-task  Acl  Acl-rfe  Acl-task  AclAgent  AclAgent-rfe  AclAgent-task  AclSnmp  AclSnmp-rfe  AclSnmp-task  AclTest  AclTest-rfe  AclTest-task  AclTestLib  AclTestLib-rfe  AclTestLib-task  Across  Across-rfe  Across-task  ActivePerl  ActivePerl-rfe  ActivePerl-task  actor  actor-rfe  actor-task  addronly-nat  addronly-nat-rfe  addronly-nat-task  Adm1066  Adm1066-rfe  Adm1066-task  Adt7462  Adt7462-rfe  Adt7462-task  Adt7483  Adt7483-rfe  Adt7483-task  Aeluros  Aeluros-rfe  aer-uio  aer-uio-rfe  aer-uio-task  Aeris  Aeris-rfe  Aeris-task  AerisTest  AerisTest-rfe  AerisTest-task  Afetch  Afetch-rfe  Afetch-task  Afind  Afind-rfe  Afind-task  Agent  Agent-rfe  Agent-task  AgentLib  AgentLib-rfe  AgentLib-task  AgentLogging  AgentLogging-rfe  AgentLogging-task  AgentMonitor  AgentMonitor-rfe  AgentMonitor-task  AgentSyncResponder  AgentSyncResponder-rfe  AgentSyncResponder-task  AgentVis  AgentVis-rfe  AgentVis-task  Agile  Agile-rfe  AGitTools  AGitTools-rfe  AGitTools-task  Agraphviz  Agraphviz-rfe  Agraphviz-task  ahab  ahab-rfe  ahab-task  Ahire  Ahire-rfe  Ahire-task  Ahost  Ahost-rfe  Ahost-task  AhostImage  AhostImage-rfe  AhostImage-task  Ahwahnee  Ahwahnee-rfe  aid  aid-rfe  aid-task  Aie  Aie-rfe  Aie-task  Alameda  Alameda-rfe  Alameda-task  Ale  Ale-rfe  Ale-task  AleAsu  AleAsu-rfe  AleAsu-task  AleCapacity  AleCapacity-rfe  AleCapacity-task  AleCapacitySnmp  AleCapacitySnmp-rfe  AleCapacitySnmp-task  AleCentral  AleCentral-rfe  AleCentral-task  AleCfm  AleCfm-rfe  AleCfm-task  AleCounters  AleCounters-rfe  AleCounters-task  AleEvpn  AleEvpn-rfe  AleEvpn-task  AleFlow  AleFlow-rfe  AleFlow-task  AleHalo  AleHalo-rfe  AleHalo-task  AleIpsec  AleIpsec-rfe  AleIpsec-task  AleL3  AleL3-rfe  AleL3-task  AleL3Intf  AleL3Intf-rfe  AleL3Intf-task  AleL3Unicast  AleL3Unicast-rfe  AleL3Unicast-task  AleMacSec  AleMacSec-rfe  AleMacSec-task  AleMpls  AleMpls-rfe  AleMpls-task  AleMroute  AleMroute-rfe  AleMroute-task  AleNat  AleNat-rfe  AleNat-task  AlePbr  AlePbr-rfe  AlePbr-task  AlePhy  AlePhy-rfe  AlePhy-task  AleQos  AleQos-rfe  AleQos-task  AleTcam  AleTcam-rfe  AleTcam-task  AleTestLib  AleTestLib-rfe  AleTestLib-task  AleVrrp  AleVrrp-rfe  AleVrrp-task  AleVxlan  AleVxlan-rfe  AleVxlan-task  AlgoMatchUtil  AlgoMatchUtil-rfe  AlgoMatchUtil-task  Aloha  Aloha-rfe  Aloha-task  Alphanet  Alphanet-rfe  Alphanet-task  AltaLanz  AltaLanz-rfe  AltaLanz-task  Altera  Altera-rfe  Altera-task  Amphenol  Amphenol (DY)  Amphenol-rfe  antelope-drv  antelope-drv-rfe  antelope-drv-task  antlr3-5-2  antlr3-5-2-rfe  antlr3-5-2-task  antlr4  antlr4-rfe  antlr4-task  Anvl  Anvl-rfe  Anvl-task  Aom  Aom-diags  Aom-rfe  Aom-task  ApmPhy-diags  ApmX24  ApmX24-rfe  ApmX24-task  AppDmaLib  AppDmaLib-rfe  AppDmaLib-task  Aqemu  Aqemu-rfe  Aqemu-task  Arad  Arad-rfe  Arad-task  AradLanz  AradLanz-rfe  AradLanz-task  AradVxlan  AradVxlan-rfe  AradVxlan-task  Arbazel  Arbazel-rfe  Arbazel-task  ArBgp  ArBgp-rfe  ArBgp-task  ArBgpLu  ArBgpLu-rfe  ArBgpLu-task  ArBgpTest  ArBgpTest-rfe  ArBgpTest-task  ArBot  ArBot-rfe  ArBot-task  Arbugs  Arbugs-rfe  Arbugs-task  Arbus  Arbus-rfe  Arbus-task  ArbusAgent  ArbusAgent-rfe  ArbusAgent-task  Arby  Arby-rfe  Arby-task  Archer  Archer-rfe  Archer-task  ArcherTest  ArcherTest-rfe  ArcherTest-task  Arcov  Arcov-rfe  Arcov-task  ArDb  ArDb-rfe  ArDb-task  ardc  ardc-rfe  ardc-task  ArDcApps  ArDcApps-rfe  ArDcApps-task  ArDjango  ArDjango-rfe  ArDjango-task  Ardoc  Ardoc-rfe  Ardoc-task  Arecruit  Arecruit-rfe  Arecruit-task  Aresolve  Aresolve-rfe  Aresolve-task  Areview  Areview-rfe  Areview-task  ArGcov  ArGcov-rfe  ArGcov-task  ArGcovTest  ArGcovTest-rfe  ArGcovTest-task  ArGo  ArGo-rfe  ArGo-task  ArGoogleApps  ArGoogleApps-rfe  ArGoogleApps-task  Argotest  Argotest-rfe  Argotest-task  arista-bde  arista-bde-rfe  arista-bde-task  AristaAppForSplunk  AristaAppForSplunk-rfe  AristaAppForSplunk-task  AristaAppForSplunkNew  AristaAppForSplunkNew-rfe  AristaAppForSplunkNew-task  Arjob  Arjob-rfe  Arjob-task  ArjobDb  ArjobDb-rfe  ArjobDb-task  Ark  Ark-rfe  Ark-task  ArkCli  ArkCli-rfe  ArkCli-task  arm-tools  arm-tools-rfe  arm-tools-task  ArMake  ArMake-rfe  ArMake-task  ArMakeTest  ArMakeTest-rfe  ArMakeTest-task  ArMon  ArMon-rfe  ArMon-task  Arnet  Arnet-rfe  Arnet-task  ArNinja  ArNinja-rfe  ArNinja-task  Aroma  Aroma-rfe  Aroma-task  Arora  Arora-rfe  Arora-syslinux  Arora-syslinux-rfe  Arora-syslinux-task  Arora-task  AroraBugAlert  AroraBugAlert-rfe  AroraBugAlert-task  AroraConfig  AroraConfig-rfe  AroraConfig-task  AroraDevel  AroraDevel-rfe  AroraDevel-task  AroraExternal  AroraExternal-rfe  AroraExternal-task  AroraIcinga  AroraIcinga-rfe  AroraIcinga-task  AroraImage  AroraImage-rfe  AroraImage-task  AroraKernel  AroraKernel-rfe  AroraKernel-task  AroraUtils  AroraUtils-rfe  AroraUtils-task  AroraWeb  AroraWeb-rfe  AroraWeb-task  ArosBase  ArosBase-rfe  ArosBase-task  ArosTest  ArosTest-rfe  ArosTest-task  Arp  Arp-rfe  Arp-task  ArP4  ArP4-rfe  ArP4-task  ArpInspection  ArpInspection-rfe  ArPrep  ArPrep-rfe  ArPrep-task  ArpRoute  ArpRoute-rfe  ArpRoute-task  ArpSuppression  ArpSuppression-rfe  ArpSuppression-task  ArPygments  ArPygments-rfe  ArPygments-task  ArPyUtils  ArPyUtils-rfe  ArPyUtils-task  ArQa  ArQa-rfe  ArQa-task  Arrakis  Arrakis-rfe  ArRip  ArRip-rfe  ArRip-task  Arrow  Arrow-rfe  Arrow-task  ArrowAqlc  ArrowAqlc-rfe  ArrowAqlc-task  ArrowTacTest  ArrowTacTest-rfe  ArrowTacTest-task  ArrowTest  ArrowTest-rfe  ArrowTest-task  Arscale  Arscale-rfe  Arscale-task  Arsched  Arsched-rfe  Arsched-task  ArschedClient  ArschedClient-rfe  ArschedClient-task  Arsim  Arsim-rfe  Arsim-task  Arspark  Arspark-rfe  Arspark-task  Arsphinx  Arsphinx-rfe  Arsphinx-task  ArSwift  ArSwift-rfe  ArSwift-task  Arsys  Arsys-rfe  Arsys-task  ArsysTest  ArsysTest-rfe  ArsysTest-task  Artacc  Artacc-rfe  Artacc-task  Artest  Artest-rfe  Artest-task  ArtestTest  ArtestTest-rfe  ArtestTest-task  Artflow  Artflow-rfe  Artflow-task  Arthost  Arthost-rfe  Arthost-task  ArthostLib  ArthostLib-rfe  ArthostLib-task  Artist  Artist-rfe  Artist-task  ArToggles  ArToggles-rfe  ArToggles-task  ArTogglesCli  ArTogglesCli-rfe  ArTogglesCli-task  ArTogglesTest  ArTogglesTest-rfe  ArTogglesTest-task  Artools  Artools-rfe  Artools-task  ArtoolsDummy  ArtoolsSerialTest  ArtoolsSerialTest-rfe  ArtoolsSerialTest-task  Artournament  Artournament-rfe  Artournament-task  ArTrace  ArTrace-rfe  ArTrace-task  Arventory  Arventory-rfe  Arventory-task  AsicPktTestLib  AsicPktTestLib-rfe  AsicPktTestLib-task  AsicUtils  AsicUtils-rfe  AsicUtils-task  AsicUtils,Strata  AsicUtils,Strata-rfe  AsicUtils,Strata-task  Astec  Astec-rfe  Astec-task  ASU  Asu-rfe  Asu-task  AsuAgent  AsuAgent-rfe  AsuAgent-task  AsuCli  AsuCli-rfe  AsuCli-task  AsuFastPktRestore  AsuFastPktRestore-rfe  AsuFastPktRestore-task  AsuPatch  AsuPatch-rfe  AsuPatch-task  AsuTest  AsuTest-rfe  AsuTest-task  Atcollector  Atcollector-rfe  Atcollector-task  AtFork  AtFork-rfe  AtFork-task  Atime  Atime-rfe  Atime-task  aufs2-util  aufs2-util-rfe  aufs2-util-task  AutoAbug  automake  automake-rfe  automake-task  autopep8  autopep8-rfe  autopep8-task  AutoTest  AutoTest-rfe  AutoTest-service  AutoTest-service-rfe  AutoTest-service-task  AutoTest-task  AutoTestDb  AutoTestDb-rfe  AutoTestDb-task  AutoTriage  AutoTriage-rfe  AutoTriage-task  Avago  Avago (MD)  Avago-rfe  Avago-task  AvagoPhy-diags  Avb  Avb-rfe  Avb-task  AvbDut  AvbDut-rfe  AvbDut-task  AwebLib  AwebLib-rfe  AwebLib-task  awslogs  awslogs-rfe  awslogs-task  AwsVeosDutTest  AwsVeosDutTest-rfe  AwsVeosDutTest-task  Babbage  Babbage-rfe  Babbage-task  Backup  Backup-rfe  Backup-task  BaliFabric  BaliFabric-rfe  BaliFabric-task  Bannock  Bannock-rfe  Baremetal  Baremetal-rfe  Baremetal-task  Bartools  Bartools-rfe  Bartools-task  bash  bash-rfe  bash-task  bbcp  bbcp-rfe  bbcp-task  Bcm56300  Bcm56300-rfe  Bcm56300-task  bcmaccel  bcmaccel-rfe  bcmaccel-task  BcmApiTest  BcmApiTest-rfe  BcmApiTest-task  BcmDmaAbort  BcmDmaAbort-rfe  BcmDmaAbort-task  bcmlanz  bcmlanz-rfe  bcmlanz-task  BcmMdio  BcmMdio-rfe  BcmMdio-task  BcmPhy-diags  BcmSdkCommon  BcmSdkCommon-rfe  BcmSdkCommon-task  BcmSim  BcmSim-rfe  BcmSim-task  BeamTools  BeamTools-rfe  BeamTools-task  Bear  Bear-rfe  Beech-diags  Benchmark  Benchmark-rfe  Benchmark-task  BenchmarkDb  BenchmarkDb-rfe  BenchmarkDb-task  BenchmarkHw  BenchmarkHw-rfe  BenchmarkHw-task  Bess  Bess-rfe  Bess-task  bf-diags  bf-diags-rfe  bf-diags-task  bf-drivers  bf-drivers-rfe  bf-drivers-task  bf-syslibs  bf-syslibs-rfe  bf-syslibs-task  bf-utils  bf-utils-rfe  bf-utils-task  Bfd  Bfd-rfe  Bfd-task  bfdma  bfdma-rfe  bfdma-task  BfdTest  BfdTest-rfe  BfdTest-task  BfnAgentLib  BfnAgentLib-rfe  BfnAgentLib-task  BfnCentral  BfnCentral-rfe  BfnCentral-task  BfnCounters  BfnCounters-rfe  BfnCounters-task  BfnDiags  BfnDiags-rfe  BfnDiags-task  BfnFixed  BfnFixed-rfe  BfnFixed-task  BfnFlow  BfnFlow-rfe  BfnFlow-task  BfnHalo  BfnHalo-rfe  BfnHalo-task  BfnL2  BfnL2-rfe  BfnL2-task  BfnL3  BfnL3-rfe  BfnL3-task  BfnLag  BfnLag-rfe  BfnLag-task  BfnLib  BfnLib-rfe  BfnLib-task  BfnMbb  BfnMbb-rfe  BfnMbb-task  BfnMbbSlice  BfnMbbSlice-rfe  BfnMbbSlice-task  BfnMcast  BfnMcast-rfe  BfnMcast-task  BfnMirroring  BfnMirroring-rfe  BfnMirroring-task  BfnNat  BfnNat-rfe  BfnNat-task  BfnPhy  BfnPhy-rfe  BfnPhy-task  BfnQos  BfnQos-rfe  BfnQos-task  BfnSdk  BfnSdk-rfe  BfnSdk-task  BfnSharedState  BfnSharedState-rfe  BfnSharedState-task  BfnSliceAgent  BfnSliceAgent-rfe  BfnSliceAgent-task  BfnTunnel  BfnTunnel-rfe  BfnTunnel-task  BfnVlan  BfnVlan-rfe  BfnVlan-task  BfnXformMgr  BfnXformMgr-rfe  BfnXformMgr-task  Bgp  Bgp-rfe  Bgp-task  BgpCommon  BgpCommon-rfe  BgpCommon-task  BgpCore  BgpData  BgpData-rfe  BgpData-task  BgpFeatureTracker  BgpFeatureTracker-rfe  BgpFeatureTracker-task  BgpFlowspec  BgpFlowspec-rfe  BgpFlowspec-task  BgpSnmp  BgpSnmp-rfe  BgpSnmp-task  BgpSnmpTest  BgpSnmpTest-rfe  BgpSnmpTest-task  BgpVpnCommon  BgpVpnCommon-rfe  BgpVpnCommon-task  bigcode  bigcode-rfe  bigcode-task  Birch-diags  BlackBox  BlackBox-rfe  BlackBox-task  BlrInfra-task  Bmp  Bmp-rfe  Bmp-task  BmpDut  BmpDut-rfe  BmpDut-task  BmpTest  BmpTest-rfe  BmpTest-task  Bodega  Bodega-diags  Bodega-rfe  Bodega-task  BodegaChassis  BodegaChassis-rfe  boost  boost-rfe  boost-task  Brad  Brad-rfe  Brad-task  Breadman  Bridalveil  Bridalveil-rfe  BridgeBridge  BridgeBridge-rfe  BridgeBridge-task  BridgeTest  BridgeTest-rfe  BridgeTest-task  BroadcomSdk  BroadcomSdk-rfe  BroadcomSdk-task  BroadSync-diags  btrfs-progs  btrfs-progs-rfe  btrfs-progs-task  Buck  Buck-rfe  BugAlert  BugAlert-rfe  BugAlert-task  BugAlertTools  BugAlertTools-rfe  BugAlertTools-task  BugBoard  BugBoard-rfe  BugBoard-task  BugBot  BugBot-rfe  BugBot-task  BugsDatabase  BugsDatabase-rfe  BugsDatabase-task  BugsUI  BugsUITest  bugzilla  bugzilla-rfe  bugzilla-task  BugZTesting  Buildcache  Buildcache-rfe  Buildcache-task  Cables  Cables-rfe  Calistoga  Calistoga-rfe  Calpella  Canary  Canary-rfe  Canary-task  Capi  Capi-rfe  Capi-task  CapiTest  CapiTest-rfe  CapiTest-task  CaravanTelemetry  CaravanTelemetry-rfe  CaravanTelemetry-task  Caspar-diags  Cathedral  Cathedral-diags  Cathedral-rfe  Cazadero-diags  ccache  ccache-rfe  ccache-task  Cdp  Cdp-rfe  Cdp-task  CEos  CEos-rfe  CEos-task  CEosDut  CEosDut-rfe  CEosDut-task  CEosHelper  CEosHelper-rfe  CEosHelper-task  CEosImage  CEosImage-rfe  CEosImage-task  CEosInstaller  CEosInstaller-rfe  CEosInstaller-task  CEosNeo  CEosNeo-rfe  CEosNeo-task  CEosOnieInstaller  CEosOnieInstaller-rfe  CEosOnieInstaller-task  CEosOnieUtils  CEosOnieUtils-rfe  CEosOnieUtils-task  CEosTest  CEosTest-rfe  CEosTest-task  CEosUtils  CEosUtils-rfe  CEosUtils-task  ceph  ceph-rfe  ceph-task  CFM  CFM-rfe  Cfm-task  CfmAgent  CfmAgent-rfe  CfmAgent-task  CfmBase  CfmBase-rfe  CfmBase-task  CfmDut  CfmDut-rfe  CfmDut-task  CfmTest  CfmTest-rfe  CfmTest-task  cgroups  cgroups-rfe  cgroups-task  check  check-mibs  check-mibs-rfe  check-mibs-task  check-rfe  check-task  Chl822X  Chl822X-rfe  Chl822X-task  Cinch (LG)  cJSON  cJSON-rfe  cJSON-task  Clacton  Clacton-rfe  Clacton-task  ClariPhy  Clariphy-diags  ClariPhy-rfe  ClariPhy-task  ClassGraph  ClassGraph-rfe  ClassGraph-task  Clearlake-diags  Cli  Cli-rfe  Cli-task  Click  Click-rfe  Click-task  Climber  Climber-rfe  CliMode  CliMode-rfe  CliMode-task  CliParser  CliParser-rfe  CliParser-task  CliRelay  CliRelay-rfe  CliRelay-task  CliSchedulerMgr  CliSchedulerMgr-rfe  CliSchedulerMgr-task  CliSession  CliSession-rfe  CliSession-task  CliTest  CliTest-rfe  CliTest-task  CliTestClient  CliTestClient-rfe  CliTestClient-task  CliTracker  CliTracker-rfe  CliTracker-task  CliX  CliX-rfe  CliX-task  Clock-diags  CloudHa  CloudHa-rfe  CloudHa-task  CloudsRest-diags  CloudVirtualEnv  CloudVirtualEnv-rfe  CloudVirtualEnv-task  CloudVision-UserDoc  Cloverdale-diags  ClusterMgmt  ClusterMgmt-rfe  ClusterMgmt-task  ClusterMgmtTest  ClusterMgmtTest-rfe  ClusterMgmtTest-task  CMake  CMake-rfe  CMake-task  Codenomicon  Codenomicon-rfe  Codenomicon-task  CohabDut  CohabDut-rfe  CohabDut-task  ColdWatt  ColdWatt-rfe  ColdWatt-task  ColdWattHw  ColdWattHw-rfe  ColorChip (VL)  CommonCriteria  CommonCriteria-rfe  CommonCriteria-task  compat-antlr3  compat-antlr3-rfe  compat-antlr3-task  compat-gsoap  compat-gsoap-rfe  compat-gsoap-task  CompExplorer  CompExplorer-rfe  CompExplorer-task  ConditionalRoute  ConditionalRoute-rfe  ConditionalRoute-task  ConfigAgent  ConfigAgent-rfe  ConfigAgent-task  ConfigSession  ConfigSession-rfe  ConfigSession-task  ConnectedRoute  ConnectedRoute-rfe  ConnectedRoute-task  ConnectivityMonitor  ConnectivityMonitor-rfe  ConnectivityMonitor-task  ConnMgr  ConnMgr-rfe  ConnMgr-task  conserver  conserver-rfe  conserver-task  ContainerMgr  ContainerMgr-rfe  ContainerMgr-task  Controller  Controller-rfe  Controller-task  ControllerApp1  ControllerApp1-rfe  ControllerApp1-task  ControllerClient  ControllerClient-rfe  ControllerClient-task  ControllerCommon  ControllerCommon-rfe  ControllerCommon-task  Controllerdb  Controllerdb-rfe  Controllerdb-task  ControllerDebug  ControllerDebug-rfe  ControllerDebug-task  ControllerDut  ControllerDut-rfe  ControllerDut-task  ControllerProxyAgent  ControllerProxyAgent-rfe  ControllerProxyAgent-task  ControllerRegistration  ControllerRegistration-rfe  ControllerRegistration-task  ControllerTest  ControllerTest-rfe  ControllerTest-task  coreutils  coreutils-rfe  coreutils-task  Corrino  Corrino-rfe  Cotati-diags  cov-analysis  cov-analysis-rfe  cov-analysis-task  cov-platform  cov-platform-rfe  cov-platform-task  Coverage  Coverage-rfe  Coverage-task  CoverageGUI  CoverageGUI-rfe  CoverageGUI-task  Covsched  Covsched-rfe  Covsched-task  Coyote  Coyote-rfe  Cpld  Cpld-rfe  Cpld-task  CpssApi  CpssApi-rfe  CpssApi-task  CpuComplex  CpuComplex-rfe  CpuComplex-task  CpuFabric  CpuFabric-rfe  CpuFabric-task  CpuFabricCommon  CpuFabricCommon-rfe  CpuFabricCommon-task  CpuFabricTest  CpuFabricTest-rfe  CpuFabricTest-task  CpuLib-diags  cpuport  cpuport-rfe  cpuport-task  createrepo  createrepo-rfe  createrepo-task  CRM system  CRM system-rfe  crosstool-ng  crosstool-ng-rfe  crosstool-ng-task  Crt  Crt-rfe  Crt-task  cscope  cscope-rfe  cscope-task  Cspf  Cspf-rfe  Cspf-task  CStructGen  CStructGen-rfe  CStructGen-task  CtypeGen  CtypeGen-rfe  CtypeGen-task  curl  curl-rfe  curl-task  CVA  CVA-rfe  CVA-task  CvaDut  CvaDut-rfe  CvaDut-task  CvaTest  CvaTest-rfe  CvaTest-task  CVP  CVP-rfe  CVP-task  CvpDut  CvpDut-rfe  CvpDut-task  CVPI  CVPI-rfe  CVPI-task  CvpTest  CvpTest-rfe  CvpTest-task  CvxDemoServiceAgent  CvxDemoServiceAgent-rfe  CvxDemoServiceAgent-task  CvxDemoSwitchAgent  CvxDemoSwitchAgent-rfe  CvxDemoSwitchAgent-task  DaemonCli  DaemonCli-rfe  DaemonCli-task  DartGen  DartGen-rfe  DartGen-task  Dash  Dash-rfe  Dash-task  Dashboard-rfe  dbal  dbal-rfe  dbal-task  Dcb  Dcb-rfe  Dcb-task  Debug  Debug-rfe  Debug-task  Deckhand  Deckhand-rfe  Deckhand-task  Delta  Delta-rfe  Delta-task  DeltaHw  DeltaHw-rfe  DeltaPower  DeltaPower-rfe  DeltaPower-task  Demo  Demo_pkg  Demo_pkg-rfe  Demo_pkg-task  Demo_t  Demo_t-rfe  Demo_t-task  demo-orca-program  demo-orca-program-rfe  demo-orca-program-task  demo-orca-service  demo-orca-service-rfe  demo-orca-service-task  Demo-rfe  Demo-task  Demo1  Demo1-rfe  Demo1-task  DemoAgent  DemoAgent-rfe  DemoAgent-task  Denali  Denali-rfe  Denali-task  DenaliSnmp  DenaliSnmp-rfe  DenaliSnmp-task  Dfa  Dfa-rfe  Dfa-task  Dhclient  Dhclient-rfe  Dhclient-task  dhcp  dhcp-forwarder  dhcp-forwarder-rfe  dhcp-forwarder-task  dhcp-rfe  dhcp-task  DhcpClient  DhcpClient-rfe  DhcpClient-task  DhcpRelay  DhcpRelay-rfe  DhcpRelay-task  DhcpRelayTest  DhcpRelayTest-rfe  DhcpRelayTest-task  DhcpServer  DhcpServer-rfe  DhcpServer-task  DhcpSnooping  DiagEngine  DiagEngine-rfe  DiagEngine-task  Diags  Diags-rfe  Diags-task  DiagsImage  DiagsImage-rfe  DiagsImage-task  DiagsTools  DiagsTools-rfe  DiagsTools-task  DirectFlow  DirectFlow-rfe  DirectFlow-task  DirectFlowTest  DirectFlowTest-rfe  DirectFlowTest-task  DiskImager  DiskImager-rfe  DiskImager-task  disknanny  disknanny-rfe  disknanny-service  disknanny-service-rfe  disknanny-service-task  disknanny-task  Display  Display-rfe  Display-task  Dist  Dist-rfe  Dist-task  distcc  distcc-rfe  distcc-task  DITA Guidelines  django-hosts  django-hosts-rfe  django-hosts-task  djdump  djdump-rfe  djdump-task  dmamem  dmamem-rfe  dmamem-task  dnsmasq  dnsmasq-rfe  dnsmasq-task  docker  docker-rfe  docker-task  dockertest  dockertest-rfe  dockertest-task  Doran-diags  Dos  Dos-rfe  Dos-task  DosAlta  DosAlta-rfe  DosAlta-task  DosBarefoot  DosBarefoot-rfe  DosBarefoot-task  DosBroadcom  DosBroadcom-rfe  DosBroadcom-task  DosCtypes  DosCtypes-rfe  DosCtypes-task  DosDocumentation  DosDocumentation-rfe  DosDocumentation-task  DosFocalPoint  DosFocalPoint-rfe  DosFocalPoint-task  DosInfra  DosInfra-diags  DosInfra-rfe  DosInfra-task  DosSand  DosSand-rfe  DosSand-task  DosStrata  DosStrata-rfe  DosStrata-task  DosSystem  DosSystem-diags  DosSystem-rfe  DosSystem-task  DosSystemBase  DosSystemBase-rfe  DosSystemBase-task  DosUmbrella  DosUmbrella-rfe  DosUmbrella-task  DosXp  DosXp-rfe  DosXp-task  Dot1ag  Dot1ag-rfe  Dot1ag-task  Dot1x  Dot1x-rfe  Dot1x-task  Dpdk  Dpdk-rfe  Dpdk-task  Dpll  Dpll-rfe  Dpll-task  DropWatch  DropWatch-rfe  DropWatch-task  Ds125Br  Ds125Br-rfe  Ds125Br-task  Ds280  Ds280-rfe  Ds280-task  Dscp  Dscp-rfe  Dscp-task  DscpTest  DscpTest-rfe  DscpTest-task  DspUtils  DspUtils-rfe  DspUtils-task  dumb-init  dumb-init-rfe  dumb-init-task  DummyACL  DummyACL-rfe  DummyACL-task  dummyaclagent  dummyaclagent-rfe  dummyaclagent-task  Dune  Dune-rfe  dwz  dwz-rfe  dwz-task  DynamicRoutes  DynamicRoutes-rfe  DynamicRoutes-task  DynamicRouting  DynamicRouting-rfe  DynamicServiceInsertion  DynamicServiceInsertion-rfe  DynamicServiceInsertion-task  dynamips  dynamips-rfe  dynamips-task  EaglePeak-diags  Eapi  Eapi-rfe  Eapi-task  Ebra  Ebra-rfe  Ebra-task  EbraOCTests  EbraOCTests-rfe  EbraOCTests-task  EbraSnmp  EbraSnmp-rfe  EbraSnmp-task  EcbAgent  EcbAgent-rfe  EcbAgent-task  edtest  edtest-rfe  edtest-task  EDVT-Automation-Tools  Eeyore  Eeyore-rfe  Eeyore-task  eke  eke-rfe  eke-task  ElCapitan-diags  ElCorazon-diags  emacs  emacs-rfe  emacs-task  Emcore (JB)  EmersonHw  EmersonHw-rfe  EmersonPower  EmersonPower-rfe  EmersonPower-task  EngTeam  EngTeam-rfe  EngTeam-task  Enigma  Enigma-rfe  Enigma-task  EnigmaApi  EnigmaApi-rfe  EnigmaApi-task  EntityMib  EntityMib-rfe  EntityMib-task  Environment  Environment-rfe  Environment-task  EnvSnmp  EnvSnmp-rfe  EnvSnmp-task  Eoam  Eoam-rfe  Eoam-task  Eos  Eos-initscripts  Eos-initscripts-rfe  Eos-initscripts-task  Eos-logos  Eos-logos-rfe  Eos-logos-task  Eos-release  Eos-release-rfe  Eos-release-task  Eos-rfe  Eos-task  Eos-udev  Eos-udev-rfe  Eos-udev-task  EOS-UserDoc  EosAbootFirmwareUtils  EosAbootFirmwareUtils-rfe  EosAbootFirmwareUtils-task  EosDoc  EosDoc-rfe  EosDoc-task  EosExtras  EosExtras-rfe  EosExtras-task  EosImage  EosImage-rfe  EosImage-task  EosImage2GB  EosImage2GB-rfe  EosImage2GB-task  EosImageREV01HW  EosImageREV01HW-rfe  EosImageREV01HW-task  EosInit  EosInit-rfe  EosInit-task  EosKernel  EosKernel-rfe  EosKernel-task  EosKernelTest  EosKernelTest-rfe  EosKernelTest-task  EosLiteDut  EosLiteDut-rfe  EosLiteDut-task  EosSdk  EosSdk-rfe  EosSdk-task  EosSdkApps  EosSdkApps-rfe  EosSdkApps-task  EosTortureTest  EosTortureTest-rfe  EosTortureTest-task  EosUtils  EosUtils-rfe  EosUtils-task  EosVersion  EosVersion-rfe  EosVersion-task  Epil2Api  Epil2Api-rfe  Epil2Api-task  EpilApi  EpilApi-rfe  EpilApi-task  Epoch  Epoch-rfe  Epoch-task  EpqDmaLib  EpqDmaLib-rfe  EpqDmaLib-task  Eql  Eql-rfe  Eql-task  Espresso  Espresso-rfe  Espresso-task  EtbaDut  EtbaDut-rfe  EtbaDut-task  Ether  EthIntf  EthIntf-rfe  EthIntf-task  EthIntfSnmp  EthIntfSnmp-rfe  EthIntfSnmp-task  Eureka-diags  EventHistory  EventHistory-rfe  EventHistory-task  EventHistoryCli  EventHistoryCli-rfe  EventHistoryCli-task  EventMgr  EventMgr-rfe  EventMgr-task  EventMgrEnvironment  EventMgrEnvironment-rfe  EventMgrEnvironment-task  EventMgrSystem  EventMgrSystem-rfe  EventMgrSystem-task  EventMon  EventMon-rfe  EventMon-task  EventMonTest  EventMonTest-rfe  EventMonTest-task  Evora  Evora-rfe  Evora-task  EvoraApi  EvoraApi-rfe  EvoraApi-task  EvoRack  EvoRack-rfe  EvoRack-task  Evpn  Evpn-rfe  Evpn-task  EvpnLib  EvpnLib-rfe  EvpnLib-task  EvpnMplsTest  EvpnMplsTest-rfe  EvpnMplsTest-task  EvpnTest  EvpnTest-rfe  EvpnTest-task  EvpnVxlanTest  EvpnVxlanTest-rfe  EvpnVxlanTest-task  exabgp  exabgp-rfe  exabgp-task  Excelight  Excelight-rfe  exectest  exectest-rfe  exectest-task  Extension  Extension-rfe  Extension-task  ExtensionMgr  ExtensionMgr-rfe  ExtensionMgr-task  ExtEntity  ExtEntity-rfe  ExtEntity-task  External  External-rfe  External-task  ExternalAlarm  ExternalAlarm-rfe  ExternalAlarm-task  f1  f1-rfe  f1-task  fable  fable-rfe  fable-task  FabricIntf  FabricIntf-rfe  FabricIntf-task  Facilities  Facilities-rfe  fal  fal-rfe  fal-task  Fan-diags  Fan/Power  Fan/Power-rfe  FastServerFailover  FastServerFailover-rfe  FastServerFailover-task  FastServerFailoverTest  FastServerFailoverTest-rfe  FastServerFailoverTest-task  FaultInjection  FaultInjection-rfe  FaultInjection-task  FeatureQosMixedTests  FeatureQosMixedTests-rfe  FeatureQosMixedTests-task  FeatureRoutingMixedTests  FeatureRoutingMixedTests-rfe  FeatureRoutingMixedTests-task  Fhrp  Fhrp-rfe  Fhrp-task  FhrpSnmp  FhrpSnmp-rfe  FhrpSnmp-task  FhrpTest  FhrpTest-rfe  FhrpTest-task  FileCli  FileCli-rfe  FileCli-task  FileReplication  FileReplication-rfe  FileReplication-task  FileSystemMount  FileSystemMount-rfe  FileSystemMount-task  FileSystems  FileSystems-rfe  FileSystems-task  Finisar  Finisar (TH)  Finisar-rfe  fipscheck  fipscheck-rfe  fipscheck-task  Firewall  Firewall-rfe  Firewall-task  FirewallTest  FirewallTest-rfe  FirewallTest-task  firmware  firmware-rfe  firmware-task  FlameGraph  FlameGraph-rfe  FlameGraph-task  FlexCounters  FlexCounters-rfe  FlexCounters-task  FlexCountersTest  FlexCountersTest-rfe  FlexCountersTest-task  FmApi  FmApi-rfe  FmApi-task  Fne  Fne-rfe  Fne-task  FneTest  FneTest-rfe  FneTest-task  FocalPoint  focalpoint-plx  focalpoint-plx-rfe  focalpoint-plx-task  FocalPoint-rfe  FocalPoint-task  FocalPointV2  FocalPointV2-rfe  FocalPointV2-task  FocalPointV2Test  FocalPointV2Test-rfe  FocalPointV2Test-task  Forestville-diags  ForwardingAgentQosTestMixedTests  ForwardingAgentQosTestMixedTests-rfe  ForwardingAgentQosTestMixedTests-task  ForwardingAgentVxlanTestMixedTests  ForwardingAgentVxlanTestMixedTests-rfe  ForwardingAgentVxlanTestMixedTests-task  ForwardingMonitor  ForwardingMonitor-rfe  ForwardingMonitor-task  Fossil  Fossil-rfe  Fossil-task  fpdma  fpdma-rfe  fpdma-task  Fpga  Fpga-rfe  Fpga-task  FpgaHealthMonitor  FpgaHealthMonitor-rfe  FpgaHealthMonitor-task  FPLanz  FPLanz-rfe  FPLanz-task  freeradius-client  freeradius-client-rfe  freeradius-client-task  Fru  Fru-rfe  Fru-task  FruSnmp  FruSnmp-rfe  FruSnmp-task  Fulcrum  Fulcrum-rfe  FuriaApi  FuriaApi-rfe  FuriaApi-task  FuseAgent  FuseAgent-rfe  FuseAgent-task  Fvm  Fvm-rfe  Fvm-task  gated  gated-rfe  gated-task  GatedBgp  GatedBgp-rfe  GatedBgp-task  GatedRouteMap  GatedRouteMap-rfe  GatedRouteMap-task  GatedSnmp  GatedSnmp-rfe  GatedSnmp-task  GatedTe  GatedTe-rfe  GatedTe-task  GatedTest  GatedTest-rfe  GatedTest-task  gbenchmark  gbenchmark-rfe  gbenchmark-task  GbEPROM  GbEPROM-rfe  GbEPROM-task  gcc  gcc-rfe  gcc-task  gdb  gdb-rfe  gdb-task  geiger  geiger-rfe  geiger-task  General-diags  GenericSnmp  GenericSnmp-rfe  GenericSnmp-task  GenSuite  GenSuite-rfe  GenSuite-task  gflags  gflags-rfe  gflags-task  gitar  gitar-rfe  gitar-task  github  github-rfe  github-task  GitPatchMgmt  GitPatchMgmt-rfe  GitPatchMgmt-task  GitPatchReview  GitPatchReview-rfe  GitPatchReview-task  Glacier  Glacier-rfe  Glacier-task  GlenEllen  GlenEllen-rfe  Glenlyon  Glenlyon-rfe  Glenlyon-task  glibc  glibc-rfe  glibc-task  glog  glog-rfe  glog-task  Gmp  Gmp-rfe  Gmp-task  Gn2405  Gn2405-rfe  Gn2405-task  gnmi  gnmi-rfe  gnmi-task  gnoi  gnoi-rfe  gnoi-task  go-mangoes  go-mangoes-rfe  go-mangoes-task  go-mangos  go-mangos-rfe  go-mangos-task  go-nanomsg  go-nanomsg-rfe  go-nanomsg-task  goa4  goa4-rfe  goa4-task  goexternal  goexternal-rfe  goexternal-task  gograb  gograb-rfe  gograb-task  golang  golang-rfe  golang-task  GoldenGate  GoldenGate-rfe  Goodbye  Goodbye-rfe  Goodbye-task  google-api-python-client  google-api-python-client-rfe  google-api-python-client-task  google-perftools  google-perftools-rfe  google-perftools-task  gopacket  gopacket-rfe  gopacket-task  GOpenFlow  GOpenFlow-rfe  GOpenFlow-task  gotestlib  gotestlib-rfe  gotestlib-task  goworkspace  goworkspace-rfe  goworkspace-task  gperftools  gperftools-rfe  gperftools-task  GPIO-diags  Group  Group-rfe  Group-task  grpc  grpc-rfe  grpc-task  grpcio  grpcio-rfe  grpcio-task  gsoap  gsoap-rfe  gsoap-task  gtest  gtest-rfe  gtest-task  Guernville-diags  gut  gut-rfe  gut-task  hadoop-distributions  hadoop-distributions-rfe  hadoop-distributions-task  HadoopTracer  HadoopTracer-rfe  HadoopTracer-task  Halfdome  Halfdome-rfe  Halo  Halo-rfe  Halo-task  HaloFpga  HaloFpga-rfe  HaloFpga-task  HaloUtil  HaloUtil-rfe  HaloUtil-task  Hardware  Hardware-rfe  Hardware-task  HashUtils  HashUtils-rfe  HashUtils-task  Health  Health-rfe  Health-task  HealthMgr  HealthMgr-rfe  HealthMgr-task  Helena  Helena-rfe  Hello  Hello-rfe  Hello-task  HelloAgent  HelloAgent-rfe  HelloAgent-task  help2man  help2man-rfe  help2man-task  HitlessRestartTest  HitlessRestartTest-rfe  HitlessRestartTest-task  HMtestPackage  Hollywod-rfe  Hollywod-task  Hollywood  Hollywood-rfe  Hollywood-task  HostInject  HostInject-rfe  HostInject-task  HostInjectAgent  HostInjectAgent-rfe  HostInjectAgent-task  HostResourcesMib  HostResourcesMib-rfe  HostResourcesMib-task  HostSecurity  HostSecurity-rfe  HostSecurity-task  HostSecurityTest  HostSecurityTest-rfe  HostSecurityTest-task  hrdb  hrdb-rfe  hrdb-task  Hsc  Hsc-rfe  Hsc-task  HscRestApi  HscRestApi-rfe  HscRestApi-task  HttpbinDut  HttpbinDut-rfe  HttpbinDut-task  HttpService  HttpService-rfe  HttpService-task  Hut  Hut-rfe  Hut-task  HW-UserDoc  icinga  icinga-rfe  icinga-task  Idt82p33831  Idt82p33831-rfe  Idt82p33831-task  Idt82v3396  Idt82v3396-rfe  Idt82v3396-task  idutils  idutils-rfe  idutils-task  Igmp  Igmp-rfe  Igmp-task  IgmpHost  IgmpHost-rfe  IgmpHost-task  IgmpHostProxy  IgmpHostProxy-rfe  IgmpHostProxy-task  IgmpProxy  IgmpProxy-rfe  IgmpProxy-task  IgmpSnmp  IgmpSnmp-rfe  IgmpSnmp-task  IgmpSnooping  IgmpSnooping-rfe  IgmpSnooping-task  IgmpSnoopingFeature  IgmpSnoopingFeature-rfe  IgmpSnoopingTest  IgmpSnoopingTest-rfe  IgmpSnoopingTest-task  IgmpTest  IgmpTest-rfe  IgmpTest-task  ImageTest  ImageTest-rfe  ImageTest-task  Influx  Influx-rfe  Influx-task  influxlib  influxlib-rfe  influxlib-task  InnoLight (DP)  Inphi  Inphi-rfe  Inphi-task  InPhy-diags  Intel  Intel-rfe  InternalPortsSnmp  InternalPortsSnmp-rfe  InternalPortsSnmp-task  InteropL1  InteropL1Test  InteropL1Test-rfe  InteropL1Test-task  Intf  Intf-rfe  Intf-task  IntfAdapter  IntfAdapter-rfe  IntfAdapter-task  IntfSnmp  IntfSnmp-rfe  IntfSnmp-task  iomemory-vsl  iomemory-vsl-rfe  iomemory-vsl-task  iozone  iozone-rfe  iozone-task  IpDut  IpDut-rfe  IpDut-task  iperf  iperf-rfe  iperf-task  IpEth  IpEth-rfe  IpEth-task  IpEthTest  IpEthTest-rfe  IpEthTest-task  IpMRouteSnmp  IpMRouteSnmp-rfe  IpMRouteSnmp-task  IpRib  IpRib-rfe  IpRib-task  IpRibDut  IpRibDut-rfe  IpRibDut-task  IpRibLib  IpRibLib-rfe  IpRibLib-task  IpRibMain  IpRibMain-rfe  IpRibMain-task  IpRibTest  IpRibTest-rfe  IpRibTest-task  iproute  iproute-rfe  iproute-task  Ipsec  ipsec_flow_parallelization  ipsec_flow_parallelization-rfe  ipsec_flow_parallelization-task  Ipsec-rfe  Ipsec-task  ipsecflow_parallelization  ipsecflow_parallelization-rfe  ipsecflow_parallelization-task  IpsecTest  IpsecTest-rfe  IpsecTest-task  iptables  iptables-rfe  iptables-task  Ipv6NeighborDiscovery  Ipv6NeighborDiscovery-rfe  Ipv6NeighborDiscovery-task  Ipv6RouterAdvt  Ipv6RouterAdvt-rfe  Ipv6RouterAdvt-task  Ira  Ira-rfe  Ira-task  IraAcl  IraAcl-rfe  IraAcl-task  IraSnmp  IraSnmp-rfe  IraSnmp-task  irqbalance  irqbalance-rfe  irqbalance-task  isatapd  isatapd-rfe  isatapd-task  Isis  Isis-rfe  Isis-task  IsisMultiProtocolTest  IsisMultiProtocolTest-rfe  IsisMultiProtocolTest-task  isl  isl-rfe  isl-task  Isl6812X  Isl6812X-rfe  Isl6812X-task  IT Support  IT Support-rfe  ixHltApi  ixHltApi-rfe  ixHltApi-task  Ixia  Ixia-rfe  Ixia-task  ixNetworkTcl  ixNetworkTcl-rfe  ixNetworkTcl-task  ixTclHal  ixTclHal-rfe  ixTclHal-task  jcc  jcc-rfe  jcc-task  JDSU  JDSU (CW)  JDSU-rfe  jemalloc  jemalloc-rfe  jemalloc-task  Jenner  Jenner-rfe  Jenner-task  Jericho2Fixed  Jericho2Fixed-rfe  Jericho2Fixed-task  JerichoFixed  JerichoFixed-rfe  JerichoFixed-task  JerichoPlusFixed  JerichoPlusFixed-rfe  JerichoPlusFixed-task  Jinja2  Jinja2-rfe  Jinja2-task  JPlusFixed  JPlusFixed-rfe  JPlusFixed-task  jshon  jshon-rfe  jshon-task  json-cfg  json-cfg-rfe  json-cfg-task  jsonrpclib  jsonrpclib-rfe  jsonrpclib-task  Jtag  Jtag-rfe  Jtag-task  Judy  Judy-rfe  Judy-task  jungledisk  jungledisk-rfe  jungledisk-task  Kabini  Kabini-rfe  Kabini-task  kafka  kafka-rfe  kafka-task  kafkacat  kafkacat-rfe  kafkacat-task  kbfd  kbfd-rfe  kbfd-task  Kbp  kbp-driver  kbp-driver-rfe  kbp-driver-task  Kbp-rfe  Kbp-task  KbpSdk  KbpSdk-rfe  KbpSdk-task  KernelDevTools  KernelDevTools-rfe  KernelDevTools-task  KernelFib  KernelFib-rfe  KernelFib-task  KernelFibTest  KernelFibTest-rfe  KernelFibTest-task  KernelMfib  KernelMfib-rfe  KernelMfib-task  KernelNetworkInfo  KernelNetworkInfo-rfe  KernelNetworkInfo-task  KernelVersion  KernelVersion-rfe  KernelVersion-task  kexec-tools  kexec-tools-rfe  kexec-tools-task  klish  klish-rfe  klish-task  kshim  kshim-rfe  kshim-task  kubectl  kubectl-rfe  kubectl-task  kwonly-args  kwonly-args-rfe  kwonly-args-task  L2Rib  L2Rib-rfe  L2Rib-task  L3BfdTest  L3BfdTest-rfe  L3BfdTest-task  L3ProtocolAgentModelCleanup  L3ProtocolAgentModelCleanup-rfe  L3ProtocolAgentModelCleanup-task  L3ProtocolCleanup  L3ProtocolCleanup-rfe  L3ProtocolCleanup-task  L3TestLib  L3TestLib-rfe  L3TestLib-task  L3Vpn  L3Vpn-rfe  L3Vpn-task  Labpatch  Labpatch-rfe  Labpatch-task  Lag  Lag-rfe  Lag-task  LagSnmp  LagSnmp-rfe  LagSnmp-task  LagTest  LagTest-rfe  LagTest-task  Lanz  Lanz-rfe  Lanz-task  lanzcoprocessor  lanzcoprocessor-rfe  lanzcoprocessor-task  LanzTest  LanzTest-rfe  LanzTest-task  Larkfield-diags  LassenPower  LassenPower-rfe  LassenPower-task  lasso  lasso-rfe  lasso-task  Lattice  Lattice-rfe  Lattice-task  Launcher  Launcher-rfe  Launcher-task  LauncherSnmp  LauncherSnmp-rfe  LauncherSnmp-task  Layer1Mgmt  Layer1Mgmt-rfe  Layer1Mgmt-task  Ldp  Ldp-rfe  Ldp-task  LdpSnmp  LdpSnmp-rfe  LdpSnmp-task  LdpTest  LdpTest-rfe  LdpTest-task  Leoni (HC)  lftp  lftp-rfe  lftp-task  libcrafter  libcrafter-rfe  libcrafter-task  libdrm  libdrm-rfe  libdrm-task  libedit  libedit-rfe  libedit-task  libestrar  libestrar-rfe  libestrar-task  libev  libev-rfe  libev-task  libevent  libevent-rfe  libevent-task  libfastjson  libfastjson-rfe  libfastjson-task  libipt  libipt-rfe  libipt-task  liblogging  liblogging-rfe  liblogging-task  liblognorm  liblognorm-rfe  liblognorm-task  libpcap  libpcap-rfe  libpcap-task  librdkafka  librdkafka-rfe  librdkafka-task  librelp  librelp-rfe  librelp-task  libtool  libtool-rfe  libtool-task  libuio  libuio-rfe  libuio-task  libunwind  libunwind-rfe  libunwind-task  libvirt  libvirt-rfe  libvirt-task  License  License-rfe  License-task  LicenseCommon  LicenseCommon-rfe  LicenseCommon-task  LicenseRequestWeb  LicenseRequestWeb-rfe  LicenseRequestWeb-task  LicenseServer  LicenseServer-rfe  LicenseServer-task  LicenseTest  LicenseTest-rfe  LicenseTest-task  lidar  lidar-rfe  lidar-task  LinuxBridge  LinuxBridge-rfe  LinuxBridge-task  lksim  lksim-rfe  lksim-task  Lldp  Lldp-rfe  Lldp-task  LldpTest  LldpTest-rfe  LldpTest-task  llvm  llvm-rfe  llvm-task  Lm73  Lm73-rfe  Lm73-task  Lm95234  Lm95234-rfe  Lm95234-task  LoadBalancer  LoadBalancer-rfe  LoadBalancer-task  LoggedIo  LoggedIo-rfe  LoggedIo-task  LogLake  LogMgr  LogMgr-rfe  LogMgr-task  Logscan-service  Logscan-service-rfe  Logscan-service-task  LoopProtect  LoopProtect-rfe  LoopProtect-task  LpmTrie  LpmTrie-rfe  LpmTrie-task  m2crypto  m2crypto-rfe  m2crypto-task  M8  M8-rfe  MacMon  MacMon-rfe  MacMon-task  MacPhyConc  MacPhyConc-rfe  MacPhyConc-task  Macsec  Macsec-rfe  Macsec-task  MacSecAle  MacSecAle-rfe  MacSecAle-task  MacsecProxy  MacsecProxy-rfe  MacsecProxy-task  MacsecWeb  MacsecWeb-rfe  MacsecWeb-task  MadApi  MadApi-rfe  MadApi-task  MaintenacenModeTest  MaintenacenModeTest-rfe  MaintenacenModeTest-task  Maintenance  Maintenance-rfe  Maintenance-task  MaintenanceMode  MaintenanceMode-rfe  MaintenanceMode-task  MaintenanceModeTest  MaintenanceModeTest-rfe  MaintenanceModeTest-task  make  make-rfe  make-task  makedumpfile  makedumpfile-rfe  makedumpfile-task  ManagementActive  ManagementActive-rfe  ManagementActive-task  Manufacturing  Manufacturing-rfe  Marco  Marco-rfe  Marco-task  MarcoTest  MarcoTest-rfe  MarcoTest-task  MatchList  MatchList-rfe  MatchList-task  Matt  Matt-rfe  Matt-task  Max24305  Max24305-rfe  Max24305-task  Max31790  Max31790-rfe  Max31790-task  Max5980  Max5980-rfe  Max5980-task  Max6658  Max6658-rfe  Max6658-task  Max6697  Max6697-rfe  Max6697-task  mb-tools  mb-tools-rfe  mb-tools-task  MbbPostcodef  MbbPostcodef-rfe  MbbPostcodef-task  McastAgentContainer  McastAgentContainer-rfe  McastAgentContainer-task  McastBoundary  McastBoundary-rfe  McastBoundary-task  McastBridging  McastBridging-rfe  McastBridging-task  McastCommon  McastCommon-rfe  McastCommon-task  McastCommonTest  McastCommonTest-rfe  McastCommonTest-task  McastTest  McastTest-rfe  McastTest-task  Mcp55  Mcp55-rfe  Mcp55-task  Meadowood  Meadowood-rfe  Mellanox  Mellanox-rfe  Memgraph  Memgraph-rfe  Memgraph-task  Memory-diags  Mendocino  Mendocino-diags  Mendocino-rfe  Mendocino-task  Mentor  Mentor-rfe  Merced  Merced-rfe  Merge  Merge (WX)  Merge-rfe  Metadb  Metadb-rfe  Metadb-task  MetadbTest  MetadbTest-rfe  MetadbTest-task  MfgInfra  MfgInfra-diags  MfgInfra-rfe  MfgInfra-task  MfgShared  MfgShared-rfe  MfgShared-task  MfgTest  MfgTest-rfe  MfgTest-task  MgmtSecurity  MgmtSecurity-rfe  MgmtSecurity-task  Microsemi  Microsemi-rfe  Microsemi-task  mingetty  mingetty-rfe  mingetty-task  mips-sde  mips-sde-rfe  mips-sde-task  Mirroring  Mirroring-rfe  Mirroring-task  MirroringTest  MirroringTest-rfe  MirroringTest-task  Misc  Misc-rfe  MiscSnmp  MiscSnmp-rfe  MiscSnmp-task  mjollnir  mjollnir-rfe  mjollnir-task  mkelfImage  mkelfImage-rfe  mkelfImage-task  Mlag  Mlag-rfe  Mlag-task  MlagDut  MlagDut-rfe  MlagDut-task  MlagSnmp  MlagSnmp-rfe  MlagSnmp-task  MlagVrrp  MlagVrrp-rfe  MlagVrrp-task  Mld  Mld-rfe  Mld-task  MldTest  MldTest-rfe  MldTest-task  Mmpa  Mmpa-rfe  Mmpa-task  mock-program  mock-program-rfe  mock-program-task  mock-service  mock-service-rfe  mock-service-task  mod_auth_mellon  mod_auth_mellon-rfe  mod_auth_mellon-task  mod_python  mod_python-rfe  mod_python-task  Modular  Modular-rfe  Modular-task  ModularPlatform  ModularPlatform-rfe  Molex  Molex (PV)  Molex-rfe  mosh  mosh-rfe  mosh-task  MoshCli  MoshCli-rfe  MoshCli-task  moss  moss-rfe  moss-task  MountAnalyzer  MountAnalyzer-rfe  MountAnalyzer-task  MoveDownstairs  MoveDownstairs-rfe  MpcFree  MpcFree-rfe  MpcFree-task  Mpls  Mpls-rfe  Mpls-task  MplsAgent  MplsAgent-rfe  MplsAgent-task  MplsData  MplsData-rfe  MplsData-task  MplsTest  MplsTest-rfe  MplsTest-task  MplsUtils  MplsUtils-rfe  MplsUtils-task  MplsVpn  MplsVpn-rfe  MplsVpn-task  mpt3sas  mpt3sas-rfe  mpt3sas-task  Mroute  Mroute-rfe  Mroute-task  MrouteTest  MrouteTest-rfe  MrouteTest-task  Mrp  Mrp-rfe  Mrp-task  mrt  mrt-rfe  mrt-task  mrtparse  mrtparse-rfe  mrtparse-task  MrtrDut  MrtrDut-rfe  MrtrDut-task  Msdp  Msdp-rfe  Msdp-task  MsdpSnmp  MsdpSnmp-rfe  MsdpSnmp-task  MsdpTest  MsdpTest-rfe  MsdpTest-task  Msrp  Msrp-rfe  Msrp-task  Mss  Mss-rfe  Mss-task  MssClient  MssClient-rfe  MssClient-task  MssPolicyMonitor  MssPolicyMonitor-rfe  MssPolicyMonitor-task  MssTest  MssTest-rfe  MssTest-task  Mt. Baker  Mt. Baker-rfe  MtDan-diags  MtDana-diags  MtdApi  MtdApi-rfe  MtdApi-task  mtrace  mtrace-rfe  mtrace-task  MultiProtocolRouting  MultiProtocolRouting-rfe  MultiProtocolRouting-task  MultiProtocolTools  MultiProtocolTools-rfe  MultiProtocolTools-task  MultiProtocolTunnelTest  MultiProtocolTunnelTest-rfe  MultiProtocolTunnelTest-task  Mvrp  Mvrp-rfe  Mvrp-task  MyDemo  MyDemo-rfe  MyDemo-task  mysqltestlib  mysqltestlib-rfe  mysqltestlib-task  NameNode  NameNode-rfe  NameNode-task  NameNodeTest  NameNodeTest-rfe  NameNodeTest-task  NamespaceCluster  NamespaceCluster-rfe  NamespaceCluster-task  NamespaceDut  NamespaceDut-rfe  NamespaceDut-task  nanomsg  nanomsg-rfe  nanomsg-task  nanowbem  nanowbem-rfe  nanowbem-task  Napa  Napa-hw  Napa-rfe  Napa-task  Nat  Nat-rfe  Nat-task  NatTest  NatTest-rfe  NatTest-task  ncclient  ncclient-rfe  ncclient-task  ncurses  ncurses-rfe  ncurses-task  ndisc6  ndisc6-rfe  ndisc6-task  net-snmp  net-snmp-rfe  net-snmp-task  Netconf  Netconf-rfe  Netconf-task  netns  netns-rfe  netns-task  NetworkTest  NetworkTest-rfe  NetworkTest-task  NetworkTools  NetworkTools-rfe  NetworkTools-task  NetworkView  NetworkView-rfe  NetworkView-task  Nevada  Nevada-rfe  NewBgp  NewBgp-rfe  NewBgp-task  nginx  nginx-rfe  nginx-task  nglogc  nglogc-rfe  nglogc-task  Nice  Nice Diags  nios2eds  nios2eds-rfe  nios2eds-task  nnpy  nnpy-rfe  nnpy-task  node  node-rfe  node-task  nodejs  nodejs-rfe  nodejs-task  Nooksack  Nooksack-rfe  NorCal  NorCal-rfe  NorCal-task  NorCalCard  NorCalCard-rfe  NorCalCard-task  NorCalMfg  NorCalMfg-rfe  NorCalMfg-task  NorCalSys  NorCalSys-rfe  NorCalSys-task  NorCalTest  NorCalTest-rfe  NorCalTest-task  nstools  nstools-rfe  nstools-task  nsutil  nsutil-rfe  nsutil-task  Ntp  Ntp-rfe  Ntp-task  ntp-udel  ntp-udel-rfe  ntp-udel-task  NuageVsp  Nvgre  Nvgre-rfe  Nvgre-task  Oak-diags  OAM-task  oauth2client  oauth2client-rfe  oauth2client-task  ObjectTracking  ObjectTracking-rfe  ObjectTracking-task  oepnssl  oepnssl-rfe  oepnssl-task  Olema-diags  omi  omi-rfe  omi-task  onie  onie-rfe  onie-task  OnsiteDetector  OnsiteDetector-rfe  OnsiteDetector-task  openbmp  openbmp-rfe  openbmp-task  OpenConfig  OpenConfig-rfe  OpenConfig-task  OpenConfigTest  OpenConfigTest-rfe  OpenConfigTest-task  OpenFlow  OpenFlow-rfe  OpenFlow-task  OpenFlowTest  OpenFlowTest-rfe  OpenFlowTest-task  OpenGrok  OpenGrok-rfe  OpenGrok-task  openssh  openssh-rfe  openssh-task  OpenSSHTest  OpenSSHTest-rfe  OpenSSHTest-task  openssl  openssl-rfe  openssl-task  OpenStack  OpenStack-rfe  openstack-swift  openstack-swift-rfe  openstack-swift-task  OpenStack-task  openstackpythonclients  openstackpythonclients-rfe  openstackpythonclients-task  openvswitch  openvswitch-rfe  openvswitch-task  Oplink (KE)  Opnext  Opnext (AP)  Opnext-rfe  Optics  Optics-rfe  OptumSoftAbuildFirst  OptumSoftAbuildFirst-rfe  OptumSoftAbuildFirst-task  OptumSoftExternal  OptumSoftExternal-rfe  OptumSoftExternal-task  OptumSoftInfrastructure-task  OptumSoftProductTest  OptumSoftProductTest-rfe  OptumSoftProductTest-task  OptumSoftSearch  OptumSoftSearch-rfe  OptumSoftSearch-task  OptumSoftTools  OptumSoftTools-rfe  OptumSoftTools-task  Orca  Orca-rfe  Orca-task  Oscillators  Ospf  Ospf-rfe  Ospf-task  Ospf3  Ospf3-rfe  Ospf3-task  Overcast  Overcast-rfe  Overcast-task  ovftool  ovftool-rfe  ovftool-task  Ovs  Ovs-rfe  Ovs-task  P2PSync  P2PSync-rfe  P2PSync-task  P4  p4-ar-switch  p4-ar-switch-rfe  p4-ar-switch-task  p4-behavioral-model  p4-behavioral-model-rfe  p4-behavioral-model-task  p4-bf-switch  p4-bf-switch-rfe  p4-bf-switch-task  p4-bm-switch  p4-bm-switch-rfe  p4-bm-switch-task  p4-compilers  p4-compilers-rfe  p4-compilers-task  p4-hlir  p4-hlir-rfe  p4-hlir-task  P4-rfe  P4-task  p4c-bm  p4c-bm-rfe  p4c-bm-task  P4NamespaceDut  P4NamespaceDut-rfe  P4NamespaceDut-task  P4SwitchTest  P4SwitchTest-rfe  P4SwitchTest-task  p4testswitch  p4testswitch-rfe  p4testswitch-task  P4Tickets  P4Tickets-rfe  P4Tickets-task  PacketCapture  PacketCapture-rfe  PacketCapture-task  Packetpflegen  paramiko  paramiko-rfe  paramiko-task  parted  parted-rfe  parted-task  PatchPanel  PatchPanel-rfe  PatchPanel-task  PatchPanelAgent  PatchPanelAgent-rfe  PatchPanelAgent-task  PATT  PattTest  PattTest-rfe  PattTest-task  Pbr  Pbr-rfe  Pbr-task  Pca9555  Pca9555-rfe  Pca9555-task  PciBus  PciBus-rfe  PciBus-task  Pcie-diags  PcieNt  PcieNt-rfe  PcieNt-task  pcre  pcre-rfe  pcre-task  PdpDmaLib  PdpDmaLib-rfe  PdpDmaLib-task  Perdb  Perdb-rfe  Perdb-task  PeReyes  PeReyes-rfe  PeReyes-task  perforce  perforce-rfe  perforce-task  perftools  perftools-rfe  perftools-task  perl5  perl5-rfe  perl5-task  PersistentStore  PersistentStore-rfe  PersistentStore-task  peterwu  peterwu-rfe  peterwu-task  Petra  Petra-rfe  Petra-task  pexpect  pexpect-rfe  pexpect-task  Phoenix  Phoenix-rfe  Phoenix-task  Phone System  Phone System-rfe  PhyAeluros  PhyAeluros-rfe  PhyAeluros-task  PhyAlaska  PhyAlaska-rfe  PhyAlaska-task  PhyAlaskaX  PhyAlaskaX-rfe  PhyAlaskaX-task  PhyApm  PhyApm-rfe  PhyApm-task  PhyAvago  PhyAvago-rfe  PhyAvago-task  PhyAvago8812  PhyAvago8812-rfe  PhyAvago8812-task  PhyAvagoCurrent  PhyAvagoCurrent-rfe  PhyAvagoCurrent-task  PhyBcm  PhyBcm-rfe  PhyBcm-task  PhyBcm54980  PhyBcm54980-rfe  PhyBcm54980-task  PhyBcmEpil  PhyBcmEpil-rfe  PhyBcmEpil-task  PhyClariphy  PhyClariphy-rfe  PhyClariphy-task  PhyEee  PhyEee-rfe  PhyEee-task  PhyEthtool  PhyEthtool-rfe  PhyEthtool-task  PhyMtd  PhyMtd-rfe  PhyMtd-task  PhyNlp1342  PhyTest  PhyTest-rfe  PhyTest-task  PhyTn  PhyTn-rfe  PhyTn-task  Picasso  Picasso-rfe  Picasso-task  Picnic  Picnic-rfe  Piedmont  pigz  pigz-rfe  pigz-task  pika  pika-rfe  pika-task  Pim  Pim-rfe  Pim-task  PimBidir  PimBidir-rfe  PimBidir-task  PimBidirDf  PimBidirDf-rfe  PimBidirDf-task  PimBidirTest  PimBidirTest-rfe  PimBidirTest-task  PimBsr  PimBsr-rfe  PimBsr-task  PimBsrTest  PimBsrTest-rfe  PimBsrTest-task  PimReg  PimReg-rfe  PimReg-task  PimRegTest  PimRegTest-rfe  PimRegTest-task  Pimsm  Pimsm-rfe  Pimsm-task  PimsmTest  PimsmTest-rfe  PimsmTest-task  PimSnmp  PimSnmp-rfe  PimSnmp-task  pktgen  pktgen-rfe  pktgen-task  PlatformAgent  PlatformAgent-rfe  PlatformAgent-task  PlatformL3Intf  PlatformL3Intf-rfe  PlatformL3Intf-task  PlatformLibrary  PlatformLibrary-rfe  PlatformLibrary-task  PlatformTest  PlatformTest-rfe  PlatformTest-task  PlePex8600  PlePex8600-rfe  PlePex8600-task  PlugIt  PlugIt-rfe  PlugIt-task  Pluto  Pluto-rfe  Pluto-task  PlutoLib  PlutoLib-rfe  PlutoLib-task  PlutoLibrary  PlutoLibrary-rfe  PlutoLibrary-task  PlutoUtil  PlutoUtil-rfe  PlutoUtil-task  plx-pcie-drivers  plx-pcie-drivers-rfe  plx-pcie-drivers-task  Plx9056Bridge  Plx9056Bridge-rfe  Plx9056Bridge-task  PlxPex8600  PlxPex8600-rfe  PlxPex8600-task  ply  ply-rfe  ply-task  pmat  pmat-rfe  pmat-task  Pmbus  Pmbus-rfe  Pmbus-task  poc-tasks  PolicyMap  PolicyMap-rfe  PolicyMap-task  PolicyService  PolicyService-rfe  PolicyService-task  Ponderosa-diags  PortMirroring  PortMirroring-rfe  Power  Power-rfe  Power-task  PowerDevice-diags  PowerFuse  PowerFuse-rfe  PowerFuse-task  PowerOne  PowerOne-rfe  PowerOne-task  PowerSupply-diags  Prebuilt  Prebuilt-rfe  Prebuilt-task  Prestera  Prestera-rfe  Prestera-task  ProcMgr  ProcMgr-rfe  ProcMgr-task  procps  procps-ng  procps-ng-rfe  procps-ng-task  procps-rfe  procps-task  ProductAttributes  ProductAttributes-rfe  ProductAttributes-task  Proglog  Proglog-rfe  Proglog-task  ProjectReport  ProjectReport-rfe  ProjectReport-task  Pronghorn-diags  proteus-dns  proteus-dns-rfe  proteus-dns-task  Proto  Proto-rfe  Proto-task  protobuf  protobuf-rfe  protobuf-task  Pseudowire  Pseudowire-rfe  Pseudowire-task  PseudowireAgent  PseudowireAgent-rfe  PseudowireAgent-task  PseudowireCli  PseudowireCli-rfe  PseudowireCli-task  PseudowireTest  PseudowireTest-rfe  PseudowireTest-task  Psmi  Psmi-rfe  Psmi-task  PsocFanController  PsocFanController-rfe  PsocFanController-task  Psp  Psp-rfe  Psp-task  pstack  pstack-rfe  pstack-task  Ptp  Ptp-rfe  Ptp-task  ptpd  ptpd-rfe  ptpd-task  ptpd-v2  ptpd-v2-rfe  ptpd-v2-task  PtpTest  PtpTest-rfe  PtpTest-task  PtpTimeSync  PtpTimeSync-rfe  PtpTimeSync-task  PtpTimeSyncTest  PtpTimeSyncTest-rfe  PtpTimeSyncTest-task  PtReyes  PtReyes-rfe  PtReyes-task  Pulse  Pulse-rfe  Pulse-task  PulseAgent  PulseAgent-rfe  PulseAgent-task  PulseWeb  PulseWeb-rfe  PulseWeb-task  pxe  pxe-kexec  pxe-kexec-rfe  pxe-kexec-task  pxe-rfe  pxe-swi  pxe-swi-rfe  pxe-swi-task  pxe-task  py-radix  py-radix-rfe  py-radix-task  PyArrow  PyArrow-rfe  PyArrow-task  pycodestyle  pycodestyle-rfe  pycodestyle-task  pylibpcap  pylibpcap-rfe  pylibpcap-task  pylint  pylint-rfe  pylint-task  pylucene  pylucene-rfe  pylucene-task  python  python-beautiful-soup  python-beautiful-soup-rfe  python-beautiful-soup-task  python-blockdiag  python-blockdiag-rfe  python-blockdiag-task  python-breathe  python-breathe-rfe  python-breathe-task  python-cjson  python-cjson-rfe  python-cjson-task  python-cogapp  python-cogapp-rfe  python-cogapp-task  python-decorator  python-decorator-rfe  python-decorator-task  python-django  python-django-picklefield  python-django-picklefield-rfe  python-django-picklefield-task  python-django-rfe  python-django-storage-swift  python-django-storage-swift-rfe  python-django-storage-swift-task  python-django-task  python-djblets  python-djblets-rfe  python-djblets-task  python-docker  python-docker-rfe  python-docker-task  python-dpkt  python-dpkt-rfe  python-dpkt-task  python-eunuchs  python-eunuchs-rfe  python-eunuchs-task  python-eventlet  python-eventlet-rfe  python-eventlet-task  python-funcparserlib  python-funcparserlib-rfe  python-funcparserlib-task  python-graph  python-graph-rfe  python-graph-task  python-httpbin  python-httpbin-rfe  python-httpbin-task  python-httplib2  python-httplib2-rfe  python-httplib2-task  python-iso8601  python-iso8601-rfe  python-iso8601-task  python-jcc  python-jcc-rfe  python-jcc-task  python-json-cfg  python-json-cfg-rfe  python-json-cfg-task  python-jsonrpclib  python-jsonrpclib-rfe  python-jsonrpclib-task  python-kwonly-args  python-kwonly-args-rfe  python-kwonly-args-task  python-logilab-astng  python-logilab-astng-rfe  python-logilab-astng-task  python-m2crypto  python-m2crypto-rfe  python-m2crypto-task  python-markdown2  python-markdown2-rfe  python-markdown2-task  python-mox  python-mox-rfe  python-mox-task  python-ncclient  python-ncclient-rfe  python-ncclient-task  python-oftest  python-oftest-rfe  python-oftest-task  python-openbmp-api  python-openbmp-api-rfe  python-openbmp-api-task  python-openstackclients  python-openstackclients-rfe  python-openstackclients-task  python-paramiko  python-paramiko-rfe  python-paramiko-task  python-pbr  python-pbr-rfe  python-pbr-task  python-pip  python-pip-rfe  python-pip-task  python-prettytable  python-prettytable-rfe  python-prettytable-task  python-ptf  python-ptf-rfe  python-ptf-task  python-pypiserver  python-pypiserver-rfe  python-pypiserver-task  python-pyvmomi  python-pyvmomi-rfe  python-pyvmomi-task  python-requests  python-requests-rfe  python-requests-task  python-requests2  python-requests2-rfe  python-requests2-task  python-rfe  python-seqdiag  python-seqdiag-rfe  python-seqdiag-task  python-setuptools  python-setuptools-rfe  python-setuptools-task  python-six  python-six-rfe  python-six-task  python-sleekxmpp  python-sleekxmpp-rfe  python-sleekxmpp-task  python-sphinx  python-sphinx-rfe  python-sphinx-task  python-sqlalchemy  python-sqlalchemy-rfe  python-sqlalchemy-task  python-swiftclient  python-swiftclient-rfe  python-swiftclient-task  python-task  python-webcolors  python-webcolors-rfe  python-webcolors-task  python-xlrd  python-xlrd-rfe  python-xlrd-task  python-xlwt  python-xlwt-rfe  python-xlwt-task  python-ZSI  python-ZSI-rfe  python-ZSI-task  python26  python26-rfe  python26-task  python3  python3-rfe  python3-task  PyWrappers  PyWrappers-rfe  PyWrappers-task  Qbuild  Qbuild-rfe  Qbuild-task  qemu  qemu-gns3  qemu-gns3-rfe  qemu-gns3-task  qemu-kvm  qemu-kvm-rfe  qemu-kvm-task  qemu-rfe  qemu-task  QemuVmAgent  QemuVmAgent-rfe  QemuVmAgent-task  Qos  Qos-rfe  Qos-task  QosSnmp  QosSnmp-rfe  QosSnmp-task  QosTest  QosTest-rfe  QosTest-task  QuaggaDut  QuaggaDut-rfe  QuaggaDut-task  quantumfs  quantumfs-rfe  quantumfs-task  Qube  Qube-rfe  Qube-task  QubeTest  QubeTest-rfe  QubeTest-task  qubit-tools  QuickTrace  QuickTrace-rfe  QuickTrace-task  QuickTraceTest  QuickTraceTest-rfe  QuickTraceTest-task  quota  quota-rfe  quota-task  RachiticTest  RachiticTest-rfe  RachiticTest-task  Radius  Radius-rfe  Radius-task  Raild  Raild-rfe  Raild-task  RAILproto  RAILproto-rfe  RAILproto-task  RAILtest  RAILtest-rfe  RAILtest-task  Rainbow-diags  Rama  Rama-rfe  Rama-task  Raven  Raven-rfe  rbfd  rbfd-rfe  rbfd-task  RdamDatabase  RdamDatabase-rfe  RdamDatabase-task  RdamDut  RdamDut-rfe  RdamDut-task  ReachabilityMonitor  ReachabilityMonitor-rfe  ReachabilityMonitor-task  ReachabilityMonitorTest  ReachabilityMonitorTest-rfe  ReachabilityMonitorTest-task  RedSea  RedSea-rfe  RedSea-task  RedSup  RedSup-rfe  RedSup-task  RedSupSnmp  RedSupSnmp-rfe  RedSupSnmp-task  Redundancy  Redundancy-rfe  Redundancy-task  ReleaseTools  ReleaseTools-rfe  ReleaseTools-task  ReleaseUmbrella  ReloadCause  ReloadCause-rfe  ReloadCause-task  ReloadCauseAgent  ReloadCauseAgent-rfe  ReloadCauseAgent-task  ReloadPolicy  ReloadPolicy-rfe  ReloadPolicy-task  RemoteAgentSync  RemoteAgentSync-rfe  RemoteAgentSync-task  Renesas  Renesas-rfe  requests  requests-rfe  requests-task  ResourceManager  ResourceManager-rfe  ResourceManager-task  ReviewBoard  ReviewBoard-rfe  ReviewBoard-task  ReviewBoardTest  ReviewBoardTest-rfe  ReviewBoardTest-task  Ribbon-diags  RibCapi  RibCapi-rfe  RibCapi-task  RibCapiTest  RibCapiTest-rfe  RibCapiTest-task  Rio  Rio-rfe  Rio-task  RioTest  RioTest-rfe  RioTest-task  Rip  Rip-rfe  Rip-task  ripgrep  ripgrep-rfe  ripgrep-task  RN  Robo-service  Robo-service-rfe  Robo-service-task  Robo1  Robo1-rfe  Robo1-task  Robo2  Robo2-rfe  Robo2-task  Robo3  Robo3-rfe  Robo3-task  RoboScripts  RoboScripts-rfe  RoboScripts-task  rootfs-service  rootfs-service-rfe  rootfs-service-task  Rosa-diags  Rosa/SantaRosa/Cotati  RouteInput  RouteInput-rfe  RouteInput-task  RouteMap  RouteMap-rfe  RouteMap-task  RouterGeneral  RouterGeneral-rfe  RouterGeneral-task  RouterGeneralCli  RouterGeneralCli-rfe  RouterGeneralCli-task  RoutingHelper  RoutingHelper-rfe  RoutingHelper-task  rpcapd  rpcapd-rfe  rpcapd-task  Rsvp  Rsvp-rfe  Rsvp-task  RsvpTest  RsvpTest-rfe  RsvpTest-task  rsyslog  rsyslog-rfe  rsyslog-task  rtest  rtest-rfe  rtest-task  Ruby  Ruby-rfe  Ruby-task  Rutherford  Rutherford-rfe  Saguaro  Saguaro-rfe  Saguaro-task  Sai  sai-net  sai-net-rfe  sai-net-task  Sai-rfe  Sai-task  SaltLakeFixed  SaltLakeFixed-rfe  SaltLakeFixed-task  SampleSoftware  Sand  Sand--diags  Sand-diags  sand-dma  sand-dma-rfe  sand-dma-task  Sand-rfe  Sand-task  SandAcl  SandAcl-rfe  SandAcl-task  SandAclTest  SandAclTest-rfe  SandAclTest-task  SandBcmSdkShim  SandBcmSdkShim-rfe  SandBcmSdkShim-task  SandBcmSdkV2  SandBcmSdkV2-rfe  SandBcmSdkV2-task  SandBroadcomSdk  SandBroadcomSdk-rfe  SandBroadcomSdk-task  SandCounters  SandCounters-rfe  SandCounters-task  SandDanz  SandDanz-rfe  SandDanz-task  SandFabric  SandFabric-rfe  SandFabric-task  SandFap  SandFap-rfe  SandFap-task  SandFapNi  SandFapNi-rfe  SandFapNi-task  SandFapNiState  SandFapNiState-rfe  SandFapNiState-task  SandFlow  SandFlow-rfe  SandFlow-task  SandHalo  SandHalo-rfe  SandHalo-task  SandHw  SandHw-rfe  SandHw-task  SandIpsec  SandIpsec-rfe  SandIpsec-task  SandL3Unicast  SandL3Unicast-rfe  SandL3Unicast-task  SandLag  SandLag-rfe  SandLag-task  SandLanz  SandLanz-rfe  SandLanz-task  SandLib  SandLib-rfe  SandLib-task  SandMact  SandMact-rfe  SandMact-task  SandMcast  SandMcast-rfe  SandMcast-task  SandMdb  SandMdb-rfe  SandMdb-task  SandMirroring  SandMirroring-rfe  SandMirroring-task  SandOam  SandOam-rfe  SandOam-task  SandPbr  SandPbr-rfe  SandPbr-task  SandPhy  SandPhy-rfe  SandPhy-task  SandPolicyLib  SandPolicyLib-rfe  SandPolicyLib-task  SandPP  SandPP-rfe  SandPP-task  SandPtp  SandPtp-rfe  SandPtp-task  SandQos  SandQos-rfe  SandQos-task  SandSal  SandSal-rfe  SandSal-task  SandSalCommon  SandSalCommon-rfe  SandSalCommon-task  SandSdk  SandSdk-rfe  SandSdk-task  SandSdkHelper  SandSdkHelper-rfe  SandSdkHelper-task  SandSdkShim  SandSdkShim-rfe  SandSdkShim-task  SandSdkV2Helper  SandSdkV2Helper-rfe  SandSdkV2Helper-task  SandSdkV3  SandSdkV3-rfe  SandSdkV3-task  SandSdkV3Helper  SandSdkV3Helper-rfe  SandSdkV3Helper-task  SandSdkV4  SandSdkV4-rfe  SandSdkV4-task  SandSdkV4Helper  SandSdkV4Helper-rfe  SandSdkV4Helper-task  SandTapAgg  SandTapAgg-rfe  SandTapAgg-task  SandTcam  SandTcam-rfe  SandTcam-task  SandTcamLib  SandTcamLib-rfe  SandTcamLib-task  SandTest  SandTest-rfe  SandTest-task  SandTm  SandTm-rfe  SandTm-task  SandToggles  SandToggles-rfe  SandToggles-task  SandTopo  SandTopo-rfe  SandTopo-task  SandTunnel  SandTunnel-rfe  SandTunnel-task  SantaRosa-diags  Santo  Santo-common  Santo-common-rfe  Santo-common-task  Santo-psp  Santo-psp-rfe  Santo-psp-task  Santo-rfe  Santo-task  Santo-v1  Santo-v1-rfe  Santo-v1-task  Sapling  Sapling-rfe  Sb820  Sb820-rfe  Sb820-task  Sc16is760  Sc16is760-rfe  Sc16is760-task  Scaleit  Scaleit-rfe  Scaleit-task  scc  Scd  scd-driver  scd-driver-rfe  scd-driver-task  scd-em  scd-em-rfe  scd-em-task  Scd-rfe  Scd-task  ScdEmUtils  ScdEmUtils-rfe  ScdEmUtils-task  SchanAccel  SchanAccel-rfe  SchanAccel-task  SchanCentral  SchanCentral-rfe  SchanCentral-task  Schooner-diags  screen  screen-rfe  screen-task  SeaRanch  SeaRanch-rfe  SecretCli  SecretCli-rfe  SecretCli-task  SecureNic  SecureNic-rfe  SecureNic-task  Security-diags  SecurityTest  SecurityTest-rfe  SecurityTest-task  Sequoia  Sequoia-diags  Sequoia-rfe  Sequoia-task  SequoiaModular  SessionTimeout  SessionTimeout-rfe  SessionTimeout-task  Sesto-diags  Sfa  Sfa-rfe  Sfa-task  Sfe  Sfe-rfe  Sfe-task  SfeModules  SfeModules-rfe  SfeModules-task  Sflow  Sflow-rfe  Sflow-task  SflowAccel  SflowAccel-rfe  SflowAccel-task  SflowAccelTest  SflowAccelTest-rfe  SflowAccelTest-task  SflowLib  SflowLib-rfe  SflowLib-task  SflowTest  SflowTest-rfe  SflowTest-task  shadow-utils  shadow-utils-rfe  shadow-utils-task  Shape  Shape-rfe  Shape-task  ShardedMap  ShardedMap-rfe  ShardedMap-task  ShardedMapCppApi  ShardedMapCppApi-rfe  ShardedMapCppApi-task  ShardedMapTest  ShardedMapTest-rfe  ShardedMapTest-task  SharedMem  SharedMem-rfe  SharedMem-task  Shasta  Shasta-rfe  Shmalloc  Shmalloc-rfe  Shmalloc-task  ShowCommandService  ShowCommandService-rfe  ShowCommandService-task  Si5327  Si5327-rfe  Si5327-task  Silverado  Silverado-rfe  simtop  simtop-rfe  simtop-task  Skegness  Skegness-rfe  Skegness-task  SkuTools  SkuTools-rfe  SkuTools-task  SmartOptics (FB)  smartsync  smartsync-rfe  smartsync-task  Smash  Smash-rfe  Smash-task  SmashCli  SmashCli-rfe  SmashCli-task  SmashTest  SmashTest-rfe  SmashTest-task  SmashTools  SmashTools-rfe  SmashTools-task  SmashViz  SmashViz-rfe  SmashViz-task  snakefood  snakefood-rfe  snakefood-task  Snmp  Snmp-rfe  Snmp-task  Snmp,net-snmp  Snmp,net-snmp-rfe  Snmp,net-snmp-task  SnmpTest  SnmpTest-rfe  SnmpTest-task  Sol  Sol-rfe  Sol-task  Sonic  Sonic-rfe  sonic-support  sonic-support-rfe  sonic-support-task  Sonic-task  Sonoma  Sonoma-rfe  Source Photonics (ET)  source-highlight  source-highlight-rfe  source-highlight-task  SourcePhotonics  SourcePhotonics-rfe  spark  spark-rfe  spark-task  Sparrow  Sparrow-rfe  Sparrow-task  spin  spin-rfe  spin-task  spl  spl-rfe  spl-task  SplunkForwarder  SplunkForwarder-rfe  SplunkForwarder-task  squashfs-tools  squashfs-tools-rfe  squashfs-tools-task  SrTePolicy  SrTePolicy-rfe  SrTePolicy-task  SrTePolicyTest  SrTePolicyTest-rfe  SrTePolicyTest-task  SshHostKeys  SshHostKeys-rfe  SshHostKeys-task  SsoTest  SsoTest-rfe  SsoTest-task  Sta-task  StageMgr  StageMgr-rfe  StageMgr-task  StageMgrAgent  StageMgrAgent-rfe  StageMgrAgent-task  StanbyCpld  StanbyCpld-rfe  StanbyCpld-task  Stand  Stand-rfe  Stand-task  StandbyCpld  StandbyCpld-rfe  StandbyCpld-task  Stash  Stash-rfe  Stash-task  StashTest  StashTest-rfe  StashTest-task  Stat  Stat-rfe  Stat-task  StaticRoute  StaticRoute-rfe  StaticRoute-task  stest-service  stest-service-rfe  stest-service-task  stestimgbuilder  stestimgbuilder-rfe  stestimgbuilder-task  stesting  stesting-rfe  stesting-task  StestWorkspace-service  StestWorkspace-service-rfe  StestWorkspace-service-task  StorageDevices  StorageDevices-rfe  StorageDevices-task  Storg  Storg-rfe  Storg-task  StormControl  StormControl-rfe  StormControl-task  Stp  Stp-rfe  Stp-task  StpSnmp  StpSnmp-rfe  StpSnmp-task  Strata  Strata--diags  Strata-diags  strata-dma  strata-dma-rfe  strata-dma-task  Strata-rfe  Strata-task  StrataAcl  StrataAcl-rfe  StrataAcl-task  StrataApi  StrataApi-rfe  StrataApi-task  StrataApi2  StrataApi2-rfe  StrataApi2-task  StrataApiTest  StrataApiTest-rfe  StrataApiTest-task  StrataApiV2  StrataApiV2-rfe  StrataApiV2-task  StrataApiV3  StrataApiV3-rfe  StrataApiV3-task  StrataApiV4  StrataApiV4-rfe  StrataApiV4-task  StrataCental  StrataCental-rfe  StrataCental-task  StrataCentral  StrataCentral-rfe  StrataCentral-task  StrataCommon  StrataCommon-rfe  StrataCommon-task  StrataCounters  StrataCounters-rfe  StrataCounters-task  StrataDiags  StrataDiags-rfe  StrataDiags-task  StrataDmaTest  StrataDmaTest-rfe  StrataDmaTest-task  StrataL2  StrataL2-rfe  StrataL2-task  StrataL2Multicast  StrataL2Multicast-rfe  StrataL2Multicast-task  StrataL3  StrataL3-rfe  StrataL3-task  StrataL3Test  StrataL3Test-rfe  StrataL3Test-task  StrataLag  StrataLag-rfe  StrataLag-task  StrataLanz  StrataLanz-rfe  StrataLanz-task  stratalanzcoprocessor  stratalanzcoprocessor-rfe  stratalanzcoprocessor-task  StrataLib  StrataLib-rfe  StrataLib-task  StrataLtApi  StrataLtApi-rfe  StrataLtApi-task  StrataMirror  StrataMirror-rfe  StrataMirror-task  StrataMpls  StrataMpls-rfe  StrataMpls-task  StrataMultiAgentTest  StrataMultiAgentTest-rfe  StrataMultiAgentTest-task  StrataParity  StrataParity-rfe  StrataParity-task  StrataPbr  StrataPbr-rfe  StrataPbr-task  StrataPhy  StrataPhy-rfe  StrataPhy-task  StrataQos  StrataQos-rfe  StrataQos-task  StrataSdkCommon  StrataSdkCommon-rfe  StrataSdkCommon-task  StrataSdkShim  StrataSdkShim-rfe  StrataSdkShim-task  StrataSso  StrataSso-rfe  StrataSso-task  StrataT2PlusTest  StrataT2PlusTest-rfe  StrataT2PlusTest-task  StrataT2Test  StrataT2Test-rfe  StrataT2Test-task  StrataTcam  StrataTcam-rfe  StrataTcam-task  StrataTest  StrataTest-rfe  StrataTest-task  StrataV2  StrataV2-rfe  StrataV2-task  StrataVlanTopo  StrataVlanTopo-rfe  StrataVlanTopo-task  StrataVxlan  StrataVxlan-rfe  StrataVxlan-task  StrataXgsApi  StrataXgsApi-rfe  StrataXgsApi-task  StrataXgsApiV2  StrataXgsApiV2-rfe  StrataXgsApiV2-task  Stratix  Stratix-rfe  Stratix-task  strongswan  strongswan-rfe  strongswan-task  stuttermeter  stuttermeter-rfe  stuttermeter-task  SubIntf  subintf-task  sudo  sudo-rfe  sudo-task  sudorca  sudorca-rfe  sudorca-service  sudorca-service-rfe  sudorca-service-task  sudorca-task  Sumitomo (FY)  SuperServer  SuperServer-rfe  SuperServer-task  SupportedHardware  SupportedHardware-rfe  SupportedHardware-task  sw-infra  SwiftLib  SwiftLib-rfe  SwiftLib-task  swig  swig-rfe  swig-task  Switchboard  Switchboard-rfe  Switchboard-task  SwitchTest  SwitchTest-rfe  SwitchTest-task  SwLab  SwLab-logre  SwLab-rfe  Sysdb  Sysdb-rfe  Sysdb-task  SysdbAgent  SysdbAgent-rfe  SysdbAgent-task  SysdbProfileCheck  SysdbProfileCheck-rfe  SysdbProfileCheck-task  SysdbTest  SysdbTest-rfe  SysdbTest-task  syslog-proxy  syslog-proxy-rfe  syslog-proxy-task  SysMgr  SysMgr-rfe  SysMgr-task  SysMgrSnmp  SysMgrSnmp-rfe  SysMgrSnmp-task  SysMgrTest  SysMgrTest-rfe  SysMgrTest-task  systemd  systemd-rfe  systemd-task  systest-poc lab  sysvinit  sysvinit-rfe  sysvinit-task  Tacacs  Tacacs-rfe  Tacacs-task  tacacs+  tacacs+-rfe  tacacs+-task  tacc  tacc-pygment  tacc-pygment-rfe  tacc-pygment-task  tacc-rfe  tacc-task  TaccAttic  TaccAttic-rfe  TaccAttic-task  TaccComputeMan  TaccComputeMan-rfe  TaccComputeMan-task  TaccComputeManImpl  TaccComputeManImpl-rfe  TaccComputeManImpl-task  TaccComputeManTest  TaccComputeManTest-rfe  TaccComputeManTest-task  TaccDistributedTest  TaccDistributedTest-rfe  TaccDistributedTest-task  TaccDocs  TaccDocs-rfe  TaccDocs-task  TaccExamples  TaccExamples-rfe  TaccExamples-task  TaccExperimental  TaccExperimental-rfe  TaccExperimental-task  TaccGraphTest  TaccInternalDocs  TaccInternalDocs-rfe  TaccInternalDocs-task  TaccInteropTest  TaccInteropTest-rfe  TaccInteropTest-task  TaccJni  TaccJni-rfe  TaccJni-task  TaccJniTest  TaccMap  TaccMap-rfe  TaccMap-task  TaccMapSrv  TaccMapSrv-rfe  TaccMapSrv-task  TaccMarketAnalyticsTest  TaccNetworkTest  TaccNetworkTest-rfe  TaccNetworkTest-task  TaccOde  TaccOde-rfe  TaccOde-task  TaccPerfFwk-task  TaccPerfTools  TaccPerfTools-rfe  TaccPerfTools-task  TaccPyUtils  TaccPyUtils-rfe  TaccPyUtils-task  TaccServiceMan  TaccServiceMan-rfe  TaccServiceMan-task  TaccServiceManTest  TaccServiceManTest-rfe  TaccServiceManTest-task  TacGo  TacGo-rfe  TacGo-task  TacGoTest  TacGoTest-rfe  TacGoTest-task  TacMarco  TacMarco-rfe  TacMarco-task  TacNav  TacNav-rfe  TacNav-task  taco  taco-rfe  taco-task  tacoTest  tacoTest-rfe  tacoTest-task  TacPulse  TacPulse-rfe  TacPulse-task  TacSmash  TacSmash-rfe  TacSmash-task  TacStash  TacStash-rfe  TacStash-task  tacXref  Tamarack  Tamarack-rfe  TapAggGui  TapAggGui-rfe  TapAggGui-task  TapAggTest  TapAggTest-rfe  TapAggTest-task  TargetExpr  TargetExpr-rfe  TargetExpr-task  TargetExpression  TargetExpression-rfe  TargetExpression-task  Taro  Taro-rfe  Taro-task  TaskScheduler  TaskScheduler-rfe  TaskScheduler-task  tcollector  tcollector-rfe  tcollector-task  tcollectorAgent  tcollectorAgent-rfe  tcollectorAgent-task  tcp_wrappers  tcp_wrappers-rfe  tcp_wrappers-task  tcpdump  tcpdump-rfe  tcpdump-task  tcptrace  tcptrace-rfe  tcptrace-task  Te  Te-rfe  te-task  TeCli  TeCli-rfe  TeCli-task  telnet  telnet-rfe  telnet-task  TemplatePkg  TemplatePkg-rfe  TemplatePkg-task  TempSensor-diags  Tenjin  Tenjin-rfe  Tenjin-task  Teranetics  Teranetics-rfe  TerminAttr  TerminAttr-rfe  TerminAttr-task  test  test-rfe  test-task  Test1234567  Test12345678  Test123456789  test56  TestCluster  TestCluster-rfe  TestCluster-task  TestDemo  TestDemo-rfe  TestDemo-task  Testpoint  Testpoint-rfe  Testpoint-task  TestProduct  TestResources  TestResources-rfe  TestResources-task  TestSuite  TestSuite-rfe  TestSuite-task  TestSuiteTest  TestSuiteTest-rfe  TestSuiteTest-task  ThermoMgr  ThermoMgr-rfe  ThermoMgr-task  Thermostat  Thermostat-rfe  Thermostat-task  ThreeBrothers-diags  thrift  thrift-rfe  thrift-task  Tiburon  Tiburon-rfe  TimberCove-diags  timeout  timeout-rfe  timeout-task  TimeSync  TimeSync-rfe  TimeSync-task  TiPhy-diags  tmux  tmux-rfe  tmux-task  tofino-model  tofino-model-rfe  tofino-model-task  tofinobm  tofinobm-rfe  tofinobm-task  Toggles  Toggles-rfe  Toggles-task  Tomahawk2Fixed  Tomahawk2Fixed-rfe  Tomahawk2Fixed-task  Tomahawk3Fixed  Tomahawk3Fixed-rfe  Tomahawk3Fixed-task  Tomales  Tomales-rfe  TommyDS  TommyDS-rfe  TommyDS-task  Tools  Topology  Topology-rfe  Topology-task  TopologyManager  TopologyManager-rfe  TopologyManager-task  TopologyTest  TopologyTest-rfe  TopologyTest-task  TPGen  TPGen-rfe  TPGen-task  Tpm  Tpm-rfe  Tpm-task  TPMFU  TPMFU-rfe  TPMFU-task  traceroute  traceroute-rfe  traceroute-task  Tunnel  Tunnel-rfe  Tunnel-task  TunnelIntf  TunnelIntf-rfe  TunnelIntf-task  TunnelIntfTest  TunnelIntfTest-rfe  TunnelIntfTest-task  TunnelSnmp  TunnelSnmp-rfe  TunnelSnmp-task  TunnelTest  TunnelTest-rfe  TunnelTest-task  Tyco (BQ)  uart-verilog  uart-verilog-rfe  uart-verilog-task  Ucd9012  Ucd9012-rfe  Ucd9012-task  ufl  ufl-rfe  ufl-task  Ugly  Ugly-rfe  Ugly-task  Umbrella  Umbrella-rfe  Umbrella-stest  Umbrella-stest-rfe  Umbrella-stest-task  Umbrella-task  urcu  urcu-rfe  urcu-task  uriparser  uriparser-rfe  uriparser-task  UserCgroup  UserCgroup-rfe  UserCgroup-task  UserDocs-rfe  userspace-rcu  userspace-rcu-rfe  userspace-rcu-task  uthash  uthash-rfe  uthash-task  util-linux  util-linux-rfe  util-linux-task  uwsgi  uwsgi-rfe  uwsgi-task  UwsgiApp  UwsgiApp-rfe  UwsgiApp-task  valgrind  valgrind-rfe  valgrind-task  vEOS  vEOS-rfe  VEos-task  VeosDut  VeosDut-rfe  VeosDut-task  VeosPerfTest  VeosPerfTest-rfe  VeosPerfTest-task  Vernal  Vernal-rfe  Virtual EOS (vEOS)  VirtualCable  VirtualCable-rfe  VirtualCable-task  Vm  Vm-rfe  Vm-task  VmDut  VmDut-rfe  VmDut-task  VmTracer  VmTracer-rfe  VmTracer-task  VmwareNvp  VmwareNvp-rfe  VmwareNvp-task  VmwareTest  VmwareTest-rfe  VmwareTest-task  VmwareVds  VmwareVds-rfe  VmwareVds-task  VmwareVI  VmwareVI-rfe  VmwareVI-task  Vrf  Vrf-rfe  vrf-scale  Vrf-task  VrfLeak  VrfLeak-rfe  VrfLeak-task  Vrm64  Vrm64-rfe  Vrm64-task  VrmIr  VrmIr-rfe  VrmIr-task  Vrrp  Vrrp-rfe  Vrrp-task  vulcan  Vxlan  Vxlan-rfe  Vxlan-task  VxlanAdvAgent  VxlanAdvAgent-rfe  VxlanAdvAgent-task  VxlanController  VxlanController-rfe  VxlanController-task  VxlanControllerTest  VxlanControllerTest-rfe  VxlanControllerTest-task  VxlanRouting-task  VxlanStatus  VxlanStatus-rfe  VxlanStatus-task  VxlanTest  VxlanTest-rfe  VxlanTest-task  waagent  waagent-rfe  waagent-task  Watchdog  Watchdog-rfe  Watchdog-task  WaveSplitter (SM)  Wbem  Wbem-rfe  Wbem-task  Web  Web-rfe  Web-task  wget  wget-rfe  wget-task  Windows  Windows-rfe  Windows-task  Winston  Winston-rfe  Winston-task  wireshark  wireshark-rfe  wireshark-task  Workspace-service  Workspace-service-rfe  Workspace-service-task  WorkspaceDut  WorkspaceDut-rfe  WorkspaceDut-task  workspacePrefetcher  workspacePrefetcher-rfe  workspacePrefetcher-task  World  World-rfe  World-task  wpa_supplicant  wpa_supplicant-rfe  wpa_supplicant-task  WsgiDut  WsgiDut-rfe  WsgiDut-task  Xcvr  Xcvr-diags  Xcvr-rfe  Xcvr-task  XcvrCfp2Dco  XcvrCfp2Dco-rfe  XcvrCfp2Dco-task  XcvrCtrl  XcvrCtrl-rfe  XcvrCtrl-task  XcvrSnmp  XcvrSnmp-rfe  XcvrSnmp-task  XFire  XFire-rfe  XFire-task  XFireTest  XFireTest-rfe  XFireTest-task  xfstests  xfstests-rfe  xfstests-task  Xilinx  Xilinx-rfe  Xilinx-task  xinetd  xinetd-rfe  xinetd-task  Xmpp  Xmpp-rfe  Xmpp-task  xorg-x11-drv-intel  xorg-x11-drv-intel-rfe  xorg-x11-drv-intel-task  xpaccel  xpaccel-rfe  xpaccel-task  XpAccess  XpAccess-rfe  XpAccess-task  XpAcl  XpAcl-rfe  XpAcl-task  XpApi  XpApi-rfe  XpApi-task  XpCentral  XpCentral-rfe  XpCentral-task  XpCounters  XpCounters-rfe  XpCounters-task  xpdma  xpdma-rfe  xpdma-task  XpFlow  XpFlow-rfe  XpFlow-task  XpL2  XpL2-rfe  XpL2-task  XpL3Unicast  XpL3Unicast-rfe  XpL3Unicast-task  XpLanz  XpLanz-rfe  XpLanz-task  XpLib  XpLib-rfe  XpLib-task  xplot  xplot-rfe  xplot-task  XpMact  XpMact-rfe  XpMact-task  XpMcast  XpMcast-rfe  XpMcast-task  XpPbr  XpPbr-task  XpProfile  XpProfile-rfe  XpProfile-task  XpQos  XpQos-rfe  XpQos-task  XpSdk  XpSdk-rfe  XpSdk-task  XpSim  XpSim-rfe  XpSim-task  XpSlice  XpSlice-rfe  XpSlice-task  XpTest  XpTest-rfe  XpTest-task  XpVxlan  XpVxlan-task  Xtacc  Xtacc-rfe  Xtacc-task  Xukg  Xukg-rfe  Xukg-task  XukWeb  XukWeb-rfe  XukWeb-task  xxHash  xxHash-rfe  xxHash-task  yaml-cpp  yaml-cpp-rfe  yaml-cpp-task  Yosemite  Yosemite-diags  Yosemite-rfe  Yosemite-task  Yreka-diags  Zbf  Zbf-rfe  Zbf-task  Zeppelin  Zeppelin-rfe  Zeppelin-task  ZeroTouch  ZeroTouch-rfe  ZeroTouch-task  zfs  zfs-rfe  zfs-task  zlog  zlog-rfe  zlog-task  ztpserver  ztpserver-rfe  ztpserver-task  Zuma  Zuma-hw  Zuma-rfe  Zuma-task0 / 200 Checked' or . = '  Check All   Uncheck All  @Dos  @Dos-rfe  @Dos-task  @DosLib  @DosLib-rfe  @DosLib-task  @Lakeport-diags  @LegacyPackage  ##General##  ##General##-rfe  ##General##-task  ##Internal##  ##Internal##-rfe  11111Test34  12222test  123456789Test  12345Test  1RUdiags  1RUdiags-rfe  1Test  3dm2  3dm2-rfe  3dm2-task  3M (EJ)  A144  a4b  a4b-rfe  a4b-task  a4c  a4c-qfs  a4c-qfs-rfe  a4c-qfs-service  a4c-qfs-service-rfe  a4c-qfs-service-task  a4c-qfs-task  a4c-qfs-test  a4c-qfs-test-rfe  a4c-qfs-test-task  a4c-rfe  a4c-service  a4c-service-rfe  a4c-service-task  a4c-task  A4Web  A4Web-rfe  A4Web-task  A55  Aaa  Aaa-rfe  Aaa-task  AaaTest  AaaTest-rfe  AaaTest-task  AaaTest1  Abalone  Aben  Aben-rfe  Aben-task  Aboard  Aboot  Aboot-rfe  Aboot-task  AbootFirmwareUtils  AbootFirmwareUtils-rfe  AbootFirmwareUtils-task  AbootTest  AbootTest-rfe  AbootTest-task  Abug  Abug-rfe  Abug-task  Abug-testing  AbugApi  AbugApi-rfe  AbugApi-task  Abuild  Abuild-rfe  Abuild-task  AbuildDb  AbuildDb-rfe  AbuildDb-task  AbuildWeb  AbuildWeb-rfe  AbuildWeb-task  abuildworkspace-service  abuildworkspace-service-rfe  abuildworkspace-service-task  Acacia-diags  Acarpool  Acarpool-rfe  Acarpool-task  Acl  Acl-rfe  Acl-task  AclAgent  AclAgent-rfe  AclAgent-task  AclSnmp  AclSnmp-rfe  AclSnmp-task  AclTest  AclTest-rfe  AclTest-task  AclTestLib  AclTestLib-rfe  AclTestLib-task  Across  Across-rfe  Across-task  ActivePerl  ActivePerl-rfe  ActivePerl-task  actor  actor-rfe  actor-task  addronly-nat  addronly-nat-rfe  addronly-nat-task  Adm1066  Adm1066-rfe  Adm1066-task  Adt7462  Adt7462-rfe  Adt7462-task  Adt7483  Adt7483-rfe  Adt7483-task  Aeluros  Aeluros-rfe  aer-uio  aer-uio-rfe  aer-uio-task  Aeris  Aeris-rfe  Aeris-task  AerisTest  AerisTest-rfe  AerisTest-task  Afetch  Afetch-rfe  Afetch-task  Afind  Afind-rfe  Afind-task  Agent  Agent-rfe  Agent-task  AgentLib  AgentLib-rfe  AgentLib-task  AgentLogging  AgentLogging-rfe  AgentLogging-task  AgentMonitor  AgentMonitor-rfe  AgentMonitor-task  AgentSyncResponder  AgentSyncResponder-rfe  AgentSyncResponder-task  AgentVis  AgentVis-rfe  AgentVis-task  Agile  Agile-rfe  AGitTools  AGitTools-rfe  AGitTools-task  Agraphviz  Agraphviz-rfe  Agraphviz-task  ahab  ahab-rfe  ahab-task  Ahire  Ahire-rfe  Ahire-task  Ahost  Ahost-rfe  Ahost-task  AhostImage  AhostImage-rfe  AhostImage-task  Ahwahnee  Ahwahnee-rfe  aid  aid-rfe  aid-task  Aie  Aie-rfe  Aie-task  Alameda  Alameda-rfe  Alameda-task  Ale  Ale-rfe  Ale-task  AleAsu  AleAsu-rfe  AleAsu-task  AleCapacity  AleCapacity-rfe  AleCapacity-task  AleCapacitySnmp  AleCapacitySnmp-rfe  AleCapacitySnmp-task  AleCentral  AleCentral-rfe  AleCentral-task  AleCfm  AleCfm-rfe  AleCfm-task  AleCounters  AleCounters-rfe  AleCounters-task  AleEvpn  AleEvpn-rfe  AleEvpn-task  AleFlow  AleFlow-rfe  AleFlow-task  AleHalo  AleHalo-rfe  AleHalo-task  AleIpsec  AleIpsec-rfe  AleIpsec-task  AleL3  AleL3-rfe  AleL3-task  AleL3Intf  AleL3Intf-rfe  AleL3Intf-task  AleL3Unicast  AleL3Unicast-rfe  AleL3Unicast-task  AleMacSec  AleMacSec-rfe  AleMacSec-task  AleMpls  AleMpls-rfe  AleMpls-task  AleMroute  AleMroute-rfe  AleMroute-task  AleNat  AleNat-rfe  AleNat-task  AlePbr  AlePbr-rfe  AlePbr-task  AlePhy  AlePhy-rfe  AlePhy-task  AleQos  AleQos-rfe  AleQos-task  AleTcam  AleTcam-rfe  AleTcam-task  AleTestLib  AleTestLib-rfe  AleTestLib-task  AleVrrp  AleVrrp-rfe  AleVrrp-task  AleVxlan  AleVxlan-rfe  AleVxlan-task  AlgoMatchUtil  AlgoMatchUtil-rfe  AlgoMatchUtil-task  Aloha  Aloha-rfe  Aloha-task  Alphanet  Alphanet-rfe  Alphanet-task  AltaLanz  AltaLanz-rfe  AltaLanz-task  Altera  Altera-rfe  Altera-task  Amphenol  Amphenol (DY)  Amphenol-rfe  antelope-drv  antelope-drv-rfe  antelope-drv-task  antlr3-5-2  antlr3-5-2-rfe  antlr3-5-2-task  antlr4  antlr4-rfe  antlr4-task  Anvl  Anvl-rfe  Anvl-task  Aom  Aom-diags  Aom-rfe  Aom-task  ApmPhy-diags  ApmX24  ApmX24-rfe  ApmX24-task  AppDmaLib  AppDmaLib-rfe  AppDmaLib-task  Aqemu  Aqemu-rfe  Aqemu-task  Arad  Arad-rfe  Arad-task  AradLanz  AradLanz-rfe  AradLanz-task  AradVxlan  AradVxlan-rfe  AradVxlan-task  Arbazel  Arbazel-rfe  Arbazel-task  ArBgp  ArBgp-rfe  ArBgp-task  ArBgpLu  ArBgpLu-rfe  ArBgpLu-task  ArBgpTest  ArBgpTest-rfe  ArBgpTest-task  ArBot  ArBot-rfe  ArBot-task  Arbugs  Arbugs-rfe  Arbugs-task  Arbus  Arbus-rfe  Arbus-task  ArbusAgent  ArbusAgent-rfe  ArbusAgent-task  Arby  Arby-rfe  Arby-task  Archer  Archer-rfe  Archer-task  ArcherTest  ArcherTest-rfe  ArcherTest-task  Arcov  Arcov-rfe  Arcov-task  ArDb  ArDb-rfe  ArDb-task  ardc  ardc-rfe  ardc-task  ArDcApps  ArDcApps-rfe  ArDcApps-task  ArDjango  ArDjango-rfe  ArDjango-task  Ardoc  Ardoc-rfe  Ardoc-task  Arecruit  Arecruit-rfe  Arecruit-task  Aresolve  Aresolve-rfe  Aresolve-task  Areview  Areview-rfe  Areview-task  ArGcov  ArGcov-rfe  ArGcov-task  ArGcovTest  ArGcovTest-rfe  ArGcovTest-task  ArGo  ArGo-rfe  ArGo-task  ArGoogleApps  ArGoogleApps-rfe  ArGoogleApps-task  Argotest  Argotest-rfe  Argotest-task  arista-bde  arista-bde-rfe  arista-bde-task  AristaAppForSplunk  AristaAppForSplunk-rfe  AristaAppForSplunk-task  AristaAppForSplunkNew  AristaAppForSplunkNew-rfe  AristaAppForSplunkNew-task  Arjob  Arjob-rfe  Arjob-task  ArjobDb  ArjobDb-rfe  ArjobDb-task  Ark  Ark-rfe  Ark-task  ArkCli  ArkCli-rfe  ArkCli-task  arm-tools  arm-tools-rfe  arm-tools-task  ArMake  ArMake-rfe  ArMake-task  ArMakeTest  ArMakeTest-rfe  ArMakeTest-task  ArMon  ArMon-rfe  ArMon-task  Arnet  Arnet-rfe  Arnet-task  ArNinja  ArNinja-rfe  ArNinja-task  Aroma  Aroma-rfe  Aroma-task  Arora  Arora-rfe  Arora-syslinux  Arora-syslinux-rfe  Arora-syslinux-task  Arora-task  AroraBugAlert  AroraBugAlert-rfe  AroraBugAlert-task  AroraConfig  AroraConfig-rfe  AroraConfig-task  AroraDevel  AroraDevel-rfe  AroraDevel-task  AroraExternal  AroraExternal-rfe  AroraExternal-task  AroraIcinga  AroraIcinga-rfe  AroraIcinga-task  AroraImage  AroraImage-rfe  AroraImage-task  AroraKernel  AroraKernel-rfe  AroraKernel-task  AroraUtils  AroraUtils-rfe  AroraUtils-task  AroraWeb  AroraWeb-rfe  AroraWeb-task  ArosBase  ArosBase-rfe  ArosBase-task  ArosTest  ArosTest-rfe  ArosTest-task  Arp  Arp-rfe  Arp-task  ArP4  ArP4-rfe  ArP4-task  ArpInspection  ArpInspection-rfe  ArPrep  ArPrep-rfe  ArPrep-task  ArpRoute  ArpRoute-rfe  ArpRoute-task  ArpSuppression  ArpSuppression-rfe  ArpSuppression-task  ArPygments  ArPygments-rfe  ArPygments-task  ArPyUtils  ArPyUtils-rfe  ArPyUtils-task  ArQa  ArQa-rfe  ArQa-task  Arrakis  Arrakis-rfe  ArRip  ArRip-rfe  ArRip-task  Arrow  Arrow-rfe  Arrow-task  ArrowAqlc  ArrowAqlc-rfe  ArrowAqlc-task  ArrowTacTest  ArrowTacTest-rfe  ArrowTacTest-task  ArrowTest  ArrowTest-rfe  ArrowTest-task  Arscale  Arscale-rfe  Arscale-task  Arsched  Arsched-rfe  Arsched-task  ArschedClient  ArschedClient-rfe  ArschedClient-task  Arsim  Arsim-rfe  Arsim-task  Arspark  Arspark-rfe  Arspark-task  Arsphinx  Arsphinx-rfe  Arsphinx-task  ArSwift  ArSwift-rfe  ArSwift-task  Arsys  Arsys-rfe  Arsys-task  ArsysTest  ArsysTest-rfe  ArsysTest-task  Artacc  Artacc-rfe  Artacc-task  Artest  Artest-rfe  Artest-task  ArtestTest  ArtestTest-rfe  ArtestTest-task  Artflow  Artflow-rfe  Artflow-task  Arthost  Arthost-rfe  Arthost-task  ArthostLib  ArthostLib-rfe  ArthostLib-task  Artist  Artist-rfe  Artist-task  ArToggles  ArToggles-rfe  ArToggles-task  ArTogglesCli  ArTogglesCli-rfe  ArTogglesCli-task  ArTogglesTest  ArTogglesTest-rfe  ArTogglesTest-task  Artools  Artools-rfe  Artools-task  ArtoolsDummy  ArtoolsSerialTest  ArtoolsSerialTest-rfe  ArtoolsSerialTest-task  Artournament  Artournament-rfe  Artournament-task  ArTrace  ArTrace-rfe  ArTrace-task  Arventory  Arventory-rfe  Arventory-task  AsicPktTestLib  AsicPktTestLib-rfe  AsicPktTestLib-task  AsicUtils  AsicUtils-rfe  AsicUtils-task  AsicUtils,Strata  AsicUtils,Strata-rfe  AsicUtils,Strata-task  Astec  Astec-rfe  Astec-task  ASU  Asu-rfe  Asu-task  AsuAgent  AsuAgent-rfe  AsuAgent-task  AsuCli  AsuCli-rfe  AsuCli-task  AsuFastPktRestore  AsuFastPktRestore-rfe  AsuFastPktRestore-task  AsuPatch  AsuPatch-rfe  AsuPatch-task  AsuTest  AsuTest-rfe  AsuTest-task  Atcollector  Atcollector-rfe  Atcollector-task  AtFork  AtFork-rfe  AtFork-task  Atime  Atime-rfe  Atime-task  aufs2-util  aufs2-util-rfe  aufs2-util-task  AutoAbug  automake  automake-rfe  automake-task  autopep8  autopep8-rfe  autopep8-task  AutoTest  AutoTest-rfe  AutoTest-service  AutoTest-service-rfe  AutoTest-service-task  AutoTest-task  AutoTestDb  AutoTestDb-rfe  AutoTestDb-task  AutoTriage  AutoTriage-rfe  AutoTriage-task  Avago  Avago (MD)  Avago-rfe  Avago-task  AvagoPhy-diags  Avb  Avb-rfe  Avb-task  AvbDut  AvbDut-rfe  AvbDut-task  AwebLib  AwebLib-rfe  AwebLib-task  awslogs  awslogs-rfe  awslogs-task  AwsVeosDutTest  AwsVeosDutTest-rfe  AwsVeosDutTest-task  Babbage  Babbage-rfe  Babbage-task  Backup  Backup-rfe  Backup-task  BaliFabric  BaliFabric-rfe  BaliFabric-task  Bannock  Bannock-rfe  Baremetal  Baremetal-rfe  Baremetal-task  Bartools  Bartools-rfe  Bartools-task  bash  bash-rfe  bash-task  bbcp  bbcp-rfe  bbcp-task  Bcm56300  Bcm56300-rfe  Bcm56300-task  bcmaccel  bcmaccel-rfe  bcmaccel-task  BcmApiTest  BcmApiTest-rfe  BcmApiTest-task  BcmDmaAbort  BcmDmaAbort-rfe  BcmDmaAbort-task  bcmlanz  bcmlanz-rfe  bcmlanz-task  BcmMdio  BcmMdio-rfe  BcmMdio-task  BcmPhy-diags  BcmSdkCommon  BcmSdkCommon-rfe  BcmSdkCommon-task  BcmSim  BcmSim-rfe  BcmSim-task  BeamTools  BeamTools-rfe  BeamTools-task  Bear  Bear-rfe  Beech-diags  Benchmark  Benchmark-rfe  Benchmark-task  BenchmarkDb  BenchmarkDb-rfe  BenchmarkDb-task  BenchmarkHw  BenchmarkHw-rfe  BenchmarkHw-task  Bess  Bess-rfe  Bess-task  bf-diags  bf-diags-rfe  bf-diags-task  bf-drivers  bf-drivers-rfe  bf-drivers-task  bf-syslibs  bf-syslibs-rfe  bf-syslibs-task  bf-utils  bf-utils-rfe  bf-utils-task  Bfd  Bfd-rfe  Bfd-task  bfdma  bfdma-rfe  bfdma-task  BfdTest  BfdTest-rfe  BfdTest-task  BfnAgentLib  BfnAgentLib-rfe  BfnAgentLib-task  BfnCentral  BfnCentral-rfe  BfnCentral-task  BfnCounters  BfnCounters-rfe  BfnCounters-task  BfnDiags  BfnDiags-rfe  BfnDiags-task  BfnFixed  BfnFixed-rfe  BfnFixed-task  BfnFlow  BfnFlow-rfe  BfnFlow-task  BfnHalo  BfnHalo-rfe  BfnHalo-task  BfnL2  BfnL2-rfe  BfnL2-task  BfnL3  BfnL3-rfe  BfnL3-task  BfnLag  BfnLag-rfe  BfnLag-task  BfnLib  BfnLib-rfe  BfnLib-task  BfnMbb  BfnMbb-rfe  BfnMbb-task  BfnMbbSlice  BfnMbbSlice-rfe  BfnMbbSlice-task  BfnMcast  BfnMcast-rfe  BfnMcast-task  BfnMirroring  BfnMirroring-rfe  BfnMirroring-task  BfnNat  BfnNat-rfe  BfnNat-task  BfnPhy  BfnPhy-rfe  BfnPhy-task  BfnQos  BfnQos-rfe  BfnQos-task  BfnSdk  BfnSdk-rfe  BfnSdk-task  BfnSharedState  BfnSharedState-rfe  BfnSharedState-task  BfnSliceAgent  BfnSliceAgent-rfe  BfnSliceAgent-task  BfnTunnel  BfnTunnel-rfe  BfnTunnel-task  BfnVlan  BfnVlan-rfe  BfnVlan-task  BfnXformMgr  BfnXformMgr-rfe  BfnXformMgr-task  Bgp  Bgp-rfe  Bgp-task  BgpCommon  BgpCommon-rfe  BgpCommon-task  BgpCore  BgpData  BgpData-rfe  BgpData-task  BgpFeatureTracker  BgpFeatureTracker-rfe  BgpFeatureTracker-task  BgpFlowspec  BgpFlowspec-rfe  BgpFlowspec-task  BgpSnmp  BgpSnmp-rfe  BgpSnmp-task  BgpSnmpTest  BgpSnmpTest-rfe  BgpSnmpTest-task  BgpVpnCommon  BgpVpnCommon-rfe  BgpVpnCommon-task  bigcode  bigcode-rfe  bigcode-task  Birch-diags  BlackBox  BlackBox-rfe  BlackBox-task  BlrInfra-task  Bmp  Bmp-rfe  Bmp-task  BmpDut  BmpDut-rfe  BmpDut-task  BmpTest  BmpTest-rfe  BmpTest-task  Bodega  Bodega-diags  Bodega-rfe  Bodega-task  BodegaChassis  BodegaChassis-rfe  boost  boost-rfe  boost-task  Brad  Brad-rfe  Brad-task  Breadman  Bridalveil  Bridalveil-rfe  BridgeBridge  BridgeBridge-rfe  BridgeBridge-task  BridgeTest  BridgeTest-rfe  BridgeTest-task  BroadcomSdk  BroadcomSdk-rfe  BroadcomSdk-task  BroadSync-diags  btrfs-progs  btrfs-progs-rfe  btrfs-progs-task  Buck  Buck-rfe  BugAlert  BugAlert-rfe  BugAlert-task  BugAlertTools  BugAlertTools-rfe  BugAlertTools-task  BugBoard  BugBoard-rfe  BugBoard-task  BugBot  BugBot-rfe  BugBot-task  BugsDatabase  BugsDatabase-rfe  BugsDatabase-task  BugsUI  BugsUITest  bugzilla  bugzilla-rfe  bugzilla-task  BugZTesting  Buildcache  Buildcache-rfe  Buildcache-task  Cables  Cables-rfe  Calistoga  Calistoga-rfe  Calpella  Canary  Canary-rfe  Canary-task  Capi  Capi-rfe  Capi-task  CapiTest  CapiTest-rfe  CapiTest-task  CaravanTelemetry  CaravanTelemetry-rfe  CaravanTelemetry-task  Caspar-diags  Cathedral  Cathedral-diags  Cathedral-rfe  Cazadero-diags  ccache  ccache-rfe  ccache-task  Cdp  Cdp-rfe  Cdp-task  CEos  CEos-rfe  CEos-task  CEosDut  CEosDut-rfe  CEosDut-task  CEosHelper  CEosHelper-rfe  CEosHelper-task  CEosImage  CEosImage-rfe  CEosImage-task  CEosInstaller  CEosInstaller-rfe  CEosInstaller-task  CEosNeo  CEosNeo-rfe  CEosNeo-task  CEosOnieInstaller  CEosOnieInstaller-rfe  CEosOnieInstaller-task  CEosOnieUtils  CEosOnieUtils-rfe  CEosOnieUtils-task  CEosTest  CEosTest-rfe  CEosTest-task  CEosUtils  CEosUtils-rfe  CEosUtils-task  ceph  ceph-rfe  ceph-task  CFM  CFM-rfe  Cfm-task  CfmAgent  CfmAgent-rfe  CfmAgent-task  CfmBase  CfmBase-rfe  CfmBase-task  CfmDut  CfmDut-rfe  CfmDut-task  CfmTest  CfmTest-rfe  CfmTest-task  cgroups  cgroups-rfe  cgroups-task  check  check-mibs  check-mibs-rfe  check-mibs-task  check-rfe  check-task  Chl822X  Chl822X-rfe  Chl822X-task  Cinch (LG)  cJSON  cJSON-rfe  cJSON-task  Clacton  Clacton-rfe  Clacton-task  ClariPhy  Clariphy-diags  ClariPhy-rfe  ClariPhy-task  ClassGraph  ClassGraph-rfe  ClassGraph-task  Clearlake-diags  Cli  Cli-rfe  Cli-task  Click  Click-rfe  Click-task  Climber  Climber-rfe  CliMode  CliMode-rfe  CliMode-task  CliParser  CliParser-rfe  CliParser-task  CliRelay  CliRelay-rfe  CliRelay-task  CliSchedulerMgr  CliSchedulerMgr-rfe  CliSchedulerMgr-task  CliSession  CliSession-rfe  CliSession-task  CliTest  CliTest-rfe  CliTest-task  CliTestClient  CliTestClient-rfe  CliTestClient-task  CliTracker  CliTracker-rfe  CliTracker-task  CliX  CliX-rfe  CliX-task  Clock-diags  CloudHa  CloudHa-rfe  CloudHa-task  CloudsRest-diags  CloudVirtualEnv  CloudVirtualEnv-rfe  CloudVirtualEnv-task  CloudVision-UserDoc  Cloverdale-diags  ClusterMgmt  ClusterMgmt-rfe  ClusterMgmt-task  ClusterMgmtTest  ClusterMgmtTest-rfe  ClusterMgmtTest-task  CMake  CMake-rfe  CMake-task  Codenomicon  Codenomicon-rfe  Codenomicon-task  CohabDut  CohabDut-rfe  CohabDut-task  ColdWatt  ColdWatt-rfe  ColdWatt-task  ColdWattHw  ColdWattHw-rfe  ColorChip (VL)  CommonCriteria  CommonCriteria-rfe  CommonCriteria-task  compat-antlr3  compat-antlr3-rfe  compat-antlr3-task  compat-gsoap  compat-gsoap-rfe  compat-gsoap-task  CompExplorer  CompExplorer-rfe  CompExplorer-task  ConditionalRoute  ConditionalRoute-rfe  ConditionalRoute-task  ConfigAgent  ConfigAgent-rfe  ConfigAgent-task  ConfigSession  ConfigSession-rfe  ConfigSession-task  ConnectedRoute  ConnectedRoute-rfe  ConnectedRoute-task  ConnectivityMonitor  ConnectivityMonitor-rfe  ConnectivityMonitor-task  ConnMgr  ConnMgr-rfe  ConnMgr-task  conserver  conserver-rfe  conserver-task  ContainerMgr  ContainerMgr-rfe  ContainerMgr-task  Controller  Controller-rfe  Controller-task  ControllerApp1  ControllerApp1-rfe  ControllerApp1-task  ControllerClient  ControllerClient-rfe  ControllerClient-task  ControllerCommon  ControllerCommon-rfe  ControllerCommon-task  Controllerdb  Controllerdb-rfe  Controllerdb-task  ControllerDebug  ControllerDebug-rfe  ControllerDebug-task  ControllerDut  ControllerDut-rfe  ControllerDut-task  ControllerProxyAgent  ControllerProxyAgent-rfe  ControllerProxyAgent-task  ControllerRegistration  ControllerRegistration-rfe  ControllerRegistration-task  ControllerTest  ControllerTest-rfe  ControllerTest-task  coreutils  coreutils-rfe  coreutils-task  Corrino  Corrino-rfe  Cotati-diags  cov-analysis  cov-analysis-rfe  cov-analysis-task  cov-platform  cov-platform-rfe  cov-platform-task  Coverage  Coverage-rfe  Coverage-task  CoverageGUI  CoverageGUI-rfe  CoverageGUI-task  Covsched  Covsched-rfe  Covsched-task  Coyote  Coyote-rfe  Cpld  Cpld-rfe  Cpld-task  CpssApi  CpssApi-rfe  CpssApi-task  CpuComplex  CpuComplex-rfe  CpuComplex-task  CpuFabric  CpuFabric-rfe  CpuFabric-task  CpuFabricCommon  CpuFabricCommon-rfe  CpuFabricCommon-task  CpuFabricTest  CpuFabricTest-rfe  CpuFabricTest-task  CpuLib-diags  cpuport  cpuport-rfe  cpuport-task  createrepo  createrepo-rfe  createrepo-task  CRM system  CRM system-rfe  crosstool-ng  crosstool-ng-rfe  crosstool-ng-task  Crt  Crt-rfe  Crt-task  cscope  cscope-rfe  cscope-task  Cspf  Cspf-rfe  Cspf-task  CStructGen  CStructGen-rfe  CStructGen-task  CtypeGen  CtypeGen-rfe  CtypeGen-task  curl  curl-rfe  curl-task  CVA  CVA-rfe  CVA-task  CvaDut  CvaDut-rfe  CvaDut-task  CvaTest  CvaTest-rfe  CvaTest-task  CVP  CVP-rfe  CVP-task  CvpDut  CvpDut-rfe  CvpDut-task  CVPI  CVPI-rfe  CVPI-task  CvpTest  CvpTest-rfe  CvpTest-task  CvxDemoServiceAgent  CvxDemoServiceAgent-rfe  CvxDemoServiceAgent-task  CvxDemoSwitchAgent  CvxDemoSwitchAgent-rfe  CvxDemoSwitchAgent-task  DaemonCli  DaemonCli-rfe  DaemonCli-task  DartGen  DartGen-rfe  DartGen-task  Dash  Dash-rfe  Dash-task  Dashboard-rfe  dbal  dbal-rfe  dbal-task  Dcb  Dcb-rfe  Dcb-task  Debug  Debug-rfe  Debug-task  Deckhand  Deckhand-rfe  Deckhand-task  Delta  Delta-rfe  Delta-task  DeltaHw  DeltaHw-rfe  DeltaPower  DeltaPower-rfe  DeltaPower-task  Demo  Demo_pkg  Demo_pkg-rfe  Demo_pkg-task  Demo_t  Demo_t-rfe  Demo_t-task  demo-orca-program  demo-orca-program-rfe  demo-orca-program-task  demo-orca-service  demo-orca-service-rfe  demo-orca-service-task  Demo-rfe  Demo-task  Demo1  Demo1-rfe  Demo1-task  DemoAgent  DemoAgent-rfe  DemoAgent-task  Denali  Denali-rfe  Denali-task  DenaliSnmp  DenaliSnmp-rfe  DenaliSnmp-task  Dfa  Dfa-rfe  Dfa-task  Dhclient  Dhclient-rfe  Dhclient-task  dhcp  dhcp-forwarder  dhcp-forwarder-rfe  dhcp-forwarder-task  dhcp-rfe  dhcp-task  DhcpClient  DhcpClient-rfe  DhcpClient-task  DhcpRelay  DhcpRelay-rfe  DhcpRelay-task  DhcpRelayTest  DhcpRelayTest-rfe  DhcpRelayTest-task  DhcpServer  DhcpServer-rfe  DhcpServer-task  DhcpSnooping  DiagEngine  DiagEngine-rfe  DiagEngine-task  Diags  Diags-rfe  Diags-task  DiagsImage  DiagsImage-rfe  DiagsImage-task  DiagsTools  DiagsTools-rfe  DiagsTools-task  DirectFlow  DirectFlow-rfe  DirectFlow-task  DirectFlowTest  DirectFlowTest-rfe  DirectFlowTest-task  DiskImager  DiskImager-rfe  DiskImager-task  disknanny  disknanny-rfe  disknanny-service  disknanny-service-rfe  disknanny-service-task  disknanny-task  Display  Display-rfe  Display-task  Dist  Dist-rfe  Dist-task  distcc  distcc-rfe  distcc-task  DITA Guidelines  django-hosts  django-hosts-rfe  django-hosts-task  djdump  djdump-rfe  djdump-task  dmamem  dmamem-rfe  dmamem-task  dnsmasq  dnsmasq-rfe  dnsmasq-task  docker  docker-rfe  docker-task  dockertest  dockertest-rfe  dockertest-task  Doran-diags  Dos  Dos-rfe  Dos-task  DosAlta  DosAlta-rfe  DosAlta-task  DosBarefoot  DosBarefoot-rfe  DosBarefoot-task  DosBroadcom  DosBroadcom-rfe  DosBroadcom-task  DosCtypes  DosCtypes-rfe  DosCtypes-task  DosDocumentation  DosDocumentation-rfe  DosDocumentation-task  DosFocalPoint  DosFocalPoint-rfe  DosFocalPoint-task  DosInfra  DosInfra-diags  DosInfra-rfe  DosInfra-task  DosSand  DosSand-rfe  DosSand-task  DosStrata  DosStrata-rfe  DosStrata-task  DosSystem  DosSystem-diags  DosSystem-rfe  DosSystem-task  DosSystemBase  DosSystemBase-rfe  DosSystemBase-task  DosUmbrella  DosUmbrella-rfe  DosUmbrella-task  DosXp  DosXp-rfe  DosXp-task  Dot1ag  Dot1ag-rfe  Dot1ag-task  Dot1x  Dot1x-rfe  Dot1x-task  Dpdk  Dpdk-rfe  Dpdk-task  Dpll  Dpll-rfe  Dpll-task  DropWatch  DropWatch-rfe  DropWatch-task  Ds125Br  Ds125Br-rfe  Ds125Br-task  Ds280  Ds280-rfe  Ds280-task  Dscp  Dscp-rfe  Dscp-task  DscpTest  DscpTest-rfe  DscpTest-task  DspUtils  DspUtils-rfe  DspUtils-task  dumb-init  dumb-init-rfe  dumb-init-task  DummyACL  DummyACL-rfe  DummyACL-task  dummyaclagent  dummyaclagent-rfe  dummyaclagent-task  Dune  Dune-rfe  dwz  dwz-rfe  dwz-task  DynamicRoutes  DynamicRoutes-rfe  DynamicRoutes-task  DynamicRouting  DynamicRouting-rfe  DynamicServiceInsertion  DynamicServiceInsertion-rfe  DynamicServiceInsertion-task  dynamips  dynamips-rfe  dynamips-task  EaglePeak-diags  Eapi  Eapi-rfe  Eapi-task  Ebra  Ebra-rfe  Ebra-task  EbraOCTests  EbraOCTests-rfe  EbraOCTests-task  EbraSnmp  EbraSnmp-rfe  EbraSnmp-task  EcbAgent  EcbAgent-rfe  EcbAgent-task  edtest  edtest-rfe  edtest-task  EDVT-Automation-Tools  Eeyore  Eeyore-rfe  Eeyore-task  eke  eke-rfe  eke-task  ElCapitan-diags  ElCorazon-diags  emacs  emacs-rfe  emacs-task  Emcore (JB)  EmersonHw  EmersonHw-rfe  EmersonPower  EmersonPower-rfe  EmersonPower-task  EngTeam  EngTeam-rfe  EngTeam-task  Enigma  Enigma-rfe  Enigma-task  EnigmaApi  EnigmaApi-rfe  EnigmaApi-task  EntityMib  EntityMib-rfe  EntityMib-task  Environment  Environment-rfe  Environment-task  EnvSnmp  EnvSnmp-rfe  EnvSnmp-task  Eoam  Eoam-rfe  Eoam-task  Eos  Eos-initscripts  Eos-initscripts-rfe  Eos-initscripts-task  Eos-logos  Eos-logos-rfe  Eos-logos-task  Eos-release  Eos-release-rfe  Eos-release-task  Eos-rfe  Eos-task  Eos-udev  Eos-udev-rfe  Eos-udev-task  EOS-UserDoc  EosAbootFirmwareUtils  EosAbootFirmwareUtils-rfe  EosAbootFirmwareUtils-task  EosDoc  EosDoc-rfe  EosDoc-task  EosExtras  EosExtras-rfe  EosExtras-task  EosImage  EosImage-rfe  EosImage-task  EosImage2GB  EosImage2GB-rfe  EosImage2GB-task  EosImageREV01HW  EosImageREV01HW-rfe  EosImageREV01HW-task  EosInit  EosInit-rfe  EosInit-task  EosKernel  EosKernel-rfe  EosKernel-task  EosKernelTest  EosKernelTest-rfe  EosKernelTest-task  EosLiteDut  EosLiteDut-rfe  EosLiteDut-task  EosSdk  EosSdk-rfe  EosSdk-task  EosSdkApps  EosSdkApps-rfe  EosSdkApps-task  EosTortureTest  EosTortureTest-rfe  EosTortureTest-task  EosUtils  EosUtils-rfe  EosUtils-task  EosVersion  EosVersion-rfe  EosVersion-task  Epil2Api  Epil2Api-rfe  Epil2Api-task  EpilApi  EpilApi-rfe  EpilApi-task  Epoch  Epoch-rfe  Epoch-task  EpqDmaLib  EpqDmaLib-rfe  EpqDmaLib-task  Eql  Eql-rfe  Eql-task  Espresso  Espresso-rfe  Espresso-task  EtbaDut  EtbaDut-rfe  EtbaDut-task  Ether  EthIntf  EthIntf-rfe  EthIntf-task  EthIntfSnmp  EthIntfSnmp-rfe  EthIntfSnmp-task  Eureka-diags  EventHistory  EventHistory-rfe  EventHistory-task  EventHistoryCli  EventHistoryCli-rfe  EventHistoryCli-task  EventMgr  EventMgr-rfe  EventMgr-task  EventMgrEnvironment  EventMgrEnvironment-rfe  EventMgrEnvironment-task  EventMgrSystem  EventMgrSystem-rfe  EventMgrSystem-task  EventMon  EventMon-rfe  EventMon-task  EventMonTest  EventMonTest-rfe  EventMonTest-task  Evora  Evora-rfe  Evora-task  EvoraApi  EvoraApi-rfe  EvoraApi-task  EvoRack  EvoRack-rfe  EvoRack-task  Evpn  Evpn-rfe  Evpn-task  EvpnLib  EvpnLib-rfe  EvpnLib-task  EvpnMplsTest  EvpnMplsTest-rfe  EvpnMplsTest-task  EvpnTest  EvpnTest-rfe  EvpnTest-task  EvpnVxlanTest  EvpnVxlanTest-rfe  EvpnVxlanTest-task  exabgp  exabgp-rfe  exabgp-task  Excelight  Excelight-rfe  exectest  exectest-rfe  exectest-task  Extension  Extension-rfe  Extension-task  ExtensionMgr  ExtensionMgr-rfe  ExtensionMgr-task  ExtEntity  ExtEntity-rfe  ExtEntity-task  External  External-rfe  External-task  ExternalAlarm  ExternalAlarm-rfe  ExternalAlarm-task  f1  f1-rfe  f1-task  fable  fable-rfe  fable-task  FabricIntf  FabricIntf-rfe  FabricIntf-task  Facilities  Facilities-rfe  fal  fal-rfe  fal-task  Fan-diags  Fan/Power  Fan/Power-rfe  FastServerFailover  FastServerFailover-rfe  FastServerFailover-task  FastServerFailoverTest  FastServerFailoverTest-rfe  FastServerFailoverTest-task  FaultInjection  FaultInjection-rfe  FaultInjection-task  FeatureQosMixedTests  FeatureQosMixedTests-rfe  FeatureQosMixedTests-task  FeatureRoutingMixedTests  FeatureRoutingMixedTests-rfe  FeatureRoutingMixedTests-task  Fhrp  Fhrp-rfe  Fhrp-task  FhrpSnmp  FhrpSnmp-rfe  FhrpSnmp-task  FhrpTest  FhrpTest-rfe  FhrpTest-task  FileCli  FileCli-rfe  FileCli-task  FileReplication  FileReplication-rfe  FileReplication-task  FileSystemMount  FileSystemMount-rfe  FileSystemMount-task  FileSystems  FileSystems-rfe  FileSystems-task  Finisar  Finisar (TH)  Finisar-rfe  fipscheck  fipscheck-rfe  fipscheck-task  Firewall  Firewall-rfe  Firewall-task  FirewallTest  FirewallTest-rfe  FirewallTest-task  firmware  firmware-rfe  firmware-task  FlameGraph  FlameGraph-rfe  FlameGraph-task  FlexCounters  FlexCounters-rfe  FlexCounters-task  FlexCountersTest  FlexCountersTest-rfe  FlexCountersTest-task  FmApi  FmApi-rfe  FmApi-task  Fne  Fne-rfe  Fne-task  FneTest  FneTest-rfe  FneTest-task  FocalPoint  focalpoint-plx  focalpoint-plx-rfe  focalpoint-plx-task  FocalPoint-rfe  FocalPoint-task  FocalPointV2  FocalPointV2-rfe  FocalPointV2-task  FocalPointV2Test  FocalPointV2Test-rfe  FocalPointV2Test-task  Forestville-diags  ForwardingAgentQosTestMixedTests  ForwardingAgentQosTestMixedTests-rfe  ForwardingAgentQosTestMixedTests-task  ForwardingAgentVxlanTestMixedTests  ForwardingAgentVxlanTestMixedTests-rfe  ForwardingAgentVxlanTestMixedTests-task  ForwardingMonitor  ForwardingMonitor-rfe  ForwardingMonitor-task  Fossil  Fossil-rfe  Fossil-task  fpdma  fpdma-rfe  fpdma-task  Fpga  Fpga-rfe  Fpga-task  FpgaHealthMonitor  FpgaHealthMonitor-rfe  FpgaHealthMonitor-task  FPLanz  FPLanz-rfe  FPLanz-task  freeradius-client  freeradius-client-rfe  freeradius-client-task  Fru  Fru-rfe  Fru-task  FruSnmp  FruSnmp-rfe  FruSnmp-task  Fulcrum  Fulcrum-rfe  FuriaApi  FuriaApi-rfe  FuriaApi-task  FuseAgent  FuseAgent-rfe  FuseAgent-task  Fvm  Fvm-rfe  Fvm-task  gated  gated-rfe  gated-task  GatedBgp  GatedBgp-rfe  GatedBgp-task  GatedRouteMap  GatedRouteMap-rfe  GatedRouteMap-task  GatedSnmp  GatedSnmp-rfe  GatedSnmp-task  GatedTe  GatedTe-rfe  GatedTe-task  GatedTest  GatedTest-rfe  GatedTest-task  gbenchmark  gbenchmark-rfe  gbenchmark-task  GbEPROM  GbEPROM-rfe  GbEPROM-task  gcc  gcc-rfe  gcc-task  gdb  gdb-rfe  gdb-task  geiger  geiger-rfe  geiger-task  General-diags  GenericSnmp  GenericSnmp-rfe  GenericSnmp-task  GenSuite  GenSuite-rfe  GenSuite-task  gflags  gflags-rfe  gflags-task  gitar  gitar-rfe  gitar-task  github  github-rfe  github-task  GitPatchMgmt  GitPatchMgmt-rfe  GitPatchMgmt-task  GitPatchReview  GitPatchReview-rfe  GitPatchReview-task  Glacier  Glacier-rfe  Glacier-task  GlenEllen  GlenEllen-rfe  Glenlyon  Glenlyon-rfe  Glenlyon-task  glibc  glibc-rfe  glibc-task  glog  glog-rfe  glog-task  Gmp  Gmp-rfe  Gmp-task  Gn2405  Gn2405-rfe  Gn2405-task  gnmi  gnmi-rfe  gnmi-task  gnoi  gnoi-rfe  gnoi-task  go-mangoes  go-mangoes-rfe  go-mangoes-task  go-mangos  go-mangos-rfe  go-mangos-task  go-nanomsg  go-nanomsg-rfe  go-nanomsg-task  goa4  goa4-rfe  goa4-task  goexternal  goexternal-rfe  goexternal-task  gograb  gograb-rfe  gograb-task  golang  golang-rfe  golang-task  GoldenGate  GoldenGate-rfe  Goodbye  Goodbye-rfe  Goodbye-task  google-api-python-client  google-api-python-client-rfe  google-api-python-client-task  google-perftools  google-perftools-rfe  google-perftools-task  gopacket  gopacket-rfe  gopacket-task  GOpenFlow  GOpenFlow-rfe  GOpenFlow-task  gotestlib  gotestlib-rfe  gotestlib-task  goworkspace  goworkspace-rfe  goworkspace-task  gperftools  gperftools-rfe  gperftools-task  GPIO-diags  Group  Group-rfe  Group-task  grpc  grpc-rfe  grpc-task  grpcio  grpcio-rfe  grpcio-task  gsoap  gsoap-rfe  gsoap-task  gtest  gtest-rfe  gtest-task  Guernville-diags  gut  gut-rfe  gut-task  hadoop-distributions  hadoop-distributions-rfe  hadoop-distributions-task  HadoopTracer  HadoopTracer-rfe  HadoopTracer-task  Halfdome  Halfdome-rfe  Halo  Halo-rfe  Halo-task  HaloFpga  HaloFpga-rfe  HaloFpga-task  HaloUtil  HaloUtil-rfe  HaloUtil-task  Hardware  Hardware-rfe  Hardware-task  HashUtils  HashUtils-rfe  HashUtils-task  Health  Health-rfe  Health-task  HealthMgr  HealthMgr-rfe  HealthMgr-task  Helena  Helena-rfe  Hello  Hello-rfe  Hello-task  HelloAgent  HelloAgent-rfe  HelloAgent-task  help2man  help2man-rfe  help2man-task  HitlessRestartTest  HitlessRestartTest-rfe  HitlessRestartTest-task  HMtestPackage  Hollywod-rfe  Hollywod-task  Hollywood  Hollywood-rfe  Hollywood-task  HostInject  HostInject-rfe  HostInject-task  HostInjectAgent  HostInjectAgent-rfe  HostInjectAgent-task  HostResourcesMib  HostResourcesMib-rfe  HostResourcesMib-task  HostSecurity  HostSecurity-rfe  HostSecurity-task  HostSecurityTest  HostSecurityTest-rfe  HostSecurityTest-task  hrdb  hrdb-rfe  hrdb-task  Hsc  Hsc-rfe  Hsc-task  HscRestApi  HscRestApi-rfe  HscRestApi-task  HttpbinDut  HttpbinDut-rfe  HttpbinDut-task  HttpService  HttpService-rfe  HttpService-task  Hut  Hut-rfe  Hut-task  HW-UserDoc  icinga  icinga-rfe  icinga-task  Idt82p33831  Idt82p33831-rfe  Idt82p33831-task  Idt82v3396  Idt82v3396-rfe  Idt82v3396-task  idutils  idutils-rfe  idutils-task  Igmp  Igmp-rfe  Igmp-task  IgmpHost  IgmpHost-rfe  IgmpHost-task  IgmpHostProxy  IgmpHostProxy-rfe  IgmpHostProxy-task  IgmpProxy  IgmpProxy-rfe  IgmpProxy-task  IgmpSnmp  IgmpSnmp-rfe  IgmpSnmp-task  IgmpSnooping  IgmpSnooping-rfe  IgmpSnooping-task  IgmpSnoopingFeature  IgmpSnoopingFeature-rfe  IgmpSnoopingTest  IgmpSnoopingTest-rfe  IgmpSnoopingTest-task  IgmpTest  IgmpTest-rfe  IgmpTest-task  ImageTest  ImageTest-rfe  ImageTest-task  Influx  Influx-rfe  Influx-task  influxlib  influxlib-rfe  influxlib-task  InnoLight (DP)  Inphi  Inphi-rfe  Inphi-task  InPhy-diags  Intel  Intel-rfe  InternalPortsSnmp  InternalPortsSnmp-rfe  InternalPortsSnmp-task  InteropL1  InteropL1Test  InteropL1Test-rfe  InteropL1Test-task  Intf  Intf-rfe  Intf-task  IntfAdapter  IntfAdapter-rfe  IntfAdapter-task  IntfSnmp  IntfSnmp-rfe  IntfSnmp-task  iomemory-vsl  iomemory-vsl-rfe  iomemory-vsl-task  iozone  iozone-rfe  iozone-task  IpDut  IpDut-rfe  IpDut-task  iperf  iperf-rfe  iperf-task  IpEth  IpEth-rfe  IpEth-task  IpEthTest  IpEthTest-rfe  IpEthTest-task  IpMRouteSnmp  IpMRouteSnmp-rfe  IpMRouteSnmp-task  IpRib  IpRib-rfe  IpRib-task  IpRibDut  IpRibDut-rfe  IpRibDut-task  IpRibLib  IpRibLib-rfe  IpRibLib-task  IpRibMain  IpRibMain-rfe  IpRibMain-task  IpRibTest  IpRibTest-rfe  IpRibTest-task  iproute  iproute-rfe  iproute-task  Ipsec  ipsec_flow_parallelization  ipsec_flow_parallelization-rfe  ipsec_flow_parallelization-task  Ipsec-rfe  Ipsec-task  ipsecflow_parallelization  ipsecflow_parallelization-rfe  ipsecflow_parallelization-task  IpsecTest  IpsecTest-rfe  IpsecTest-task  iptables  iptables-rfe  iptables-task  Ipv6NeighborDiscovery  Ipv6NeighborDiscovery-rfe  Ipv6NeighborDiscovery-task  Ipv6RouterAdvt  Ipv6RouterAdvt-rfe  Ipv6RouterAdvt-task  Ira  Ira-rfe  Ira-task  IraAcl  IraAcl-rfe  IraAcl-task  IraSnmp  IraSnmp-rfe  IraSnmp-task  irqbalance  irqbalance-rfe  irqbalance-task  isatapd  isatapd-rfe  isatapd-task  Isis  Isis-rfe  Isis-task  IsisMultiProtocolTest  IsisMultiProtocolTest-rfe  IsisMultiProtocolTest-task  isl  isl-rfe  isl-task  Isl6812X  Isl6812X-rfe  Isl6812X-task  IT Support  IT Support-rfe  ixHltApi  ixHltApi-rfe  ixHltApi-task  Ixia  Ixia-rfe  Ixia-task  ixNetworkTcl  ixNetworkTcl-rfe  ixNetworkTcl-task  ixTclHal  ixTclHal-rfe  ixTclHal-task  jcc  jcc-rfe  jcc-task  JDSU  JDSU (CW)  JDSU-rfe  jemalloc  jemalloc-rfe  jemalloc-task  Jenner  Jenner-rfe  Jenner-task  Jericho2Fixed  Jericho2Fixed-rfe  Jericho2Fixed-task  JerichoFixed  JerichoFixed-rfe  JerichoFixed-task  JerichoPlusFixed  JerichoPlusFixed-rfe  JerichoPlusFixed-task  Jinja2  Jinja2-rfe  Jinja2-task  JPlusFixed  JPlusFixed-rfe  JPlusFixed-task  jshon  jshon-rfe  jshon-task  json-cfg  json-cfg-rfe  json-cfg-task  jsonrpclib  jsonrpclib-rfe  jsonrpclib-task  Jtag  Jtag-rfe  Jtag-task  Judy  Judy-rfe  Judy-task  jungledisk  jungledisk-rfe  jungledisk-task  Kabini  Kabini-rfe  Kabini-task  kafka  kafka-rfe  kafka-task  kafkacat  kafkacat-rfe  kafkacat-task  kbfd  kbfd-rfe  kbfd-task  Kbp  kbp-driver  kbp-driver-rfe  kbp-driver-task  Kbp-rfe  Kbp-task  KbpSdk  KbpSdk-rfe  KbpSdk-task  KernelDevTools  KernelDevTools-rfe  KernelDevTools-task  KernelFib  KernelFib-rfe  KernelFib-task  KernelFibTest  KernelFibTest-rfe  KernelFibTest-task  KernelMfib  KernelMfib-rfe  KernelMfib-task  KernelNetworkInfo  KernelNetworkInfo-rfe  KernelNetworkInfo-task  KernelVersion  KernelVersion-rfe  KernelVersion-task  kexec-tools  kexec-tools-rfe  kexec-tools-task  klish  klish-rfe  klish-task  kshim  kshim-rfe  kshim-task  kubectl  kubectl-rfe  kubectl-task  kwonly-args  kwonly-args-rfe  kwonly-args-task  L2Rib  L2Rib-rfe  L2Rib-task  L3BfdTest  L3BfdTest-rfe  L3BfdTest-task  L3ProtocolAgentModelCleanup  L3ProtocolAgentModelCleanup-rfe  L3ProtocolAgentModelCleanup-task  L3ProtocolCleanup  L3ProtocolCleanup-rfe  L3ProtocolCleanup-task  L3TestLib  L3TestLib-rfe  L3TestLib-task  L3Vpn  L3Vpn-rfe  L3Vpn-task  Labpatch  Labpatch-rfe  Labpatch-task  Lag  Lag-rfe  Lag-task  LagSnmp  LagSnmp-rfe  LagSnmp-task  LagTest  LagTest-rfe  LagTest-task  Lanz  Lanz-rfe  Lanz-task  lanzcoprocessor  lanzcoprocessor-rfe  lanzcoprocessor-task  LanzTest  LanzTest-rfe  LanzTest-task  Larkfield-diags  LassenPower  LassenPower-rfe  LassenPower-task  lasso  lasso-rfe  lasso-task  Lattice  Lattice-rfe  Lattice-task  Launcher  Launcher-rfe  Launcher-task  LauncherSnmp  LauncherSnmp-rfe  LauncherSnmp-task  Layer1Mgmt  Layer1Mgmt-rfe  Layer1Mgmt-task  Ldp  Ldp-rfe  Ldp-task  LdpSnmp  LdpSnmp-rfe  LdpSnmp-task  LdpTest  LdpTest-rfe  LdpTest-task  Leoni (HC)  lftp  lftp-rfe  lftp-task  libcrafter  libcrafter-rfe  libcrafter-task  libdrm  libdrm-rfe  libdrm-task  libedit  libedit-rfe  libedit-task  libestrar  libestrar-rfe  libestrar-task  libev  libev-rfe  libev-task  libevent  libevent-rfe  libevent-task  libfastjson  libfastjson-rfe  libfastjson-task  libipt  libipt-rfe  libipt-task  liblogging  liblogging-rfe  liblogging-task  liblognorm  liblognorm-rfe  liblognorm-task  libpcap  libpcap-rfe  libpcap-task  librdkafka  librdkafka-rfe  librdkafka-task  librelp  librelp-rfe  librelp-task  libtool  libtool-rfe  libtool-task  libuio  libuio-rfe  libuio-task  libunwind  libunwind-rfe  libunwind-task  libvirt  libvirt-rfe  libvirt-task  License  License-rfe  License-task  LicenseCommon  LicenseCommon-rfe  LicenseCommon-task  LicenseRequestWeb  LicenseRequestWeb-rfe  LicenseRequestWeb-task  LicenseServer  LicenseServer-rfe  LicenseServer-task  LicenseTest  LicenseTest-rfe  LicenseTest-task  lidar  lidar-rfe  lidar-task  LinuxBridge  LinuxBridge-rfe  LinuxBridge-task  lksim  lksim-rfe  lksim-task  Lldp  Lldp-rfe  Lldp-task  LldpTest  LldpTest-rfe  LldpTest-task  llvm  llvm-rfe  llvm-task  Lm73  Lm73-rfe  Lm73-task  Lm95234  Lm95234-rfe  Lm95234-task  LoadBalancer  LoadBalancer-rfe  LoadBalancer-task  LoggedIo  LoggedIo-rfe  LoggedIo-task  LogLake  LogMgr  LogMgr-rfe  LogMgr-task  Logscan-service  Logscan-service-rfe  Logscan-service-task  LoopProtect  LoopProtect-rfe  LoopProtect-task  LpmTrie  LpmTrie-rfe  LpmTrie-task  m2crypto  m2crypto-rfe  m2crypto-task  M8  M8-rfe  MacMon  MacMon-rfe  MacMon-task  MacPhyConc  MacPhyConc-rfe  MacPhyConc-task  Macsec  Macsec-rfe  Macsec-task  MacSecAle  MacSecAle-rfe  MacSecAle-task  MacsecProxy  MacsecProxy-rfe  MacsecProxy-task  MacsecWeb  MacsecWeb-rfe  MacsecWeb-task  MadApi  MadApi-rfe  MadApi-task  MaintenacenModeTest  MaintenacenModeTest-rfe  MaintenacenModeTest-task  Maintenance  Maintenance-rfe  Maintenance-task  MaintenanceMode  MaintenanceMode-rfe  MaintenanceMode-task  MaintenanceModeTest  MaintenanceModeTest-rfe  MaintenanceModeTest-task  make  make-rfe  make-task  makedumpfile  makedumpfile-rfe  makedumpfile-task  ManagementActive  ManagementActive-rfe  ManagementActive-task  Manufacturing  Manufacturing-rfe  Marco  Marco-rfe  Marco-task  MarcoTest  MarcoTest-rfe  MarcoTest-task  MatchList  MatchList-rfe  MatchList-task  Matt  Matt-rfe  Matt-task  Max24305  Max24305-rfe  Max24305-task  Max31790  Max31790-rfe  Max31790-task  Max5980  Max5980-rfe  Max5980-task  Max6658  Max6658-rfe  Max6658-task  Max6697  Max6697-rfe  Max6697-task  mb-tools  mb-tools-rfe  mb-tools-task  MbbPostcodef  MbbPostcodef-rfe  MbbPostcodef-task  McastAgentContainer  McastAgentContainer-rfe  McastAgentContainer-task  McastBoundary  McastBoundary-rfe  McastBoundary-task  McastBridging  McastBridging-rfe  McastBridging-task  McastCommon  McastCommon-rfe  McastCommon-task  McastCommonTest  McastCommonTest-rfe  McastCommonTest-task  McastTest  McastTest-rfe  McastTest-task  Mcp55  Mcp55-rfe  Mcp55-task  Meadowood  Meadowood-rfe  Mellanox  Mellanox-rfe  Memgraph  Memgraph-rfe  Memgraph-task  Memory-diags  Mendocino  Mendocino-diags  Mendocino-rfe  Mendocino-task  Mentor  Mentor-rfe  Merced  Merced-rfe  Merge  Merge (WX)  Merge-rfe  Metadb  Metadb-rfe  Metadb-task  MetadbTest  MetadbTest-rfe  MetadbTest-task  MfgInfra  MfgInfra-diags  MfgInfra-rfe  MfgInfra-task  MfgShared  MfgShared-rfe  MfgShared-task  MfgTest  MfgTest-rfe  MfgTest-task  MgmtSecurity  MgmtSecurity-rfe  MgmtSecurity-task  Microsemi  Microsemi-rfe  Microsemi-task  mingetty  mingetty-rfe  mingetty-task  mips-sde  mips-sde-rfe  mips-sde-task  Mirroring  Mirroring-rfe  Mirroring-task  MirroringTest  MirroringTest-rfe  MirroringTest-task  Misc  Misc-rfe  MiscSnmp  MiscSnmp-rfe  MiscSnmp-task  mjollnir  mjollnir-rfe  mjollnir-task  mkelfImage  mkelfImage-rfe  mkelfImage-task  Mlag  Mlag-rfe  Mlag-task  MlagDut  MlagDut-rfe  MlagDut-task  MlagSnmp  MlagSnmp-rfe  MlagSnmp-task  MlagVrrp  MlagVrrp-rfe  MlagVrrp-task  Mld  Mld-rfe  Mld-task  MldTest  MldTest-rfe  MldTest-task  Mmpa  Mmpa-rfe  Mmpa-task  mock-program  mock-program-rfe  mock-program-task  mock-service  mock-service-rfe  mock-service-task  mod_auth_mellon  mod_auth_mellon-rfe  mod_auth_mellon-task  mod_python  mod_python-rfe  mod_python-task  Modular  Modular-rfe  Modular-task  ModularPlatform  ModularPlatform-rfe  Molex  Molex (PV)  Molex-rfe  mosh  mosh-rfe  mosh-task  MoshCli  MoshCli-rfe  MoshCli-task  moss  moss-rfe  moss-task  MountAnalyzer  MountAnalyzer-rfe  MountAnalyzer-task  MoveDownstairs  MoveDownstairs-rfe  MpcFree  MpcFree-rfe  MpcFree-task  Mpls  Mpls-rfe  Mpls-task  MplsAgent  MplsAgent-rfe  MplsAgent-task  MplsData  MplsData-rfe  MplsData-task  MplsTest  MplsTest-rfe  MplsTest-task  MplsUtils  MplsUtils-rfe  MplsUtils-task  MplsVpn  MplsVpn-rfe  MplsVpn-task  mpt3sas  mpt3sas-rfe  mpt3sas-task  Mroute  Mroute-rfe  Mroute-task  MrouteTest  MrouteTest-rfe  MrouteTest-task  Mrp  Mrp-rfe  Mrp-task  mrt  mrt-rfe  mrt-task  mrtparse  mrtparse-rfe  mrtparse-task  MrtrDut  MrtrDut-rfe  MrtrDut-task  Msdp  Msdp-rfe  Msdp-task  MsdpSnmp  MsdpSnmp-rfe  MsdpSnmp-task  MsdpTest  MsdpTest-rfe  MsdpTest-task  Msrp  Msrp-rfe  Msrp-task  Mss  Mss-rfe  Mss-task  MssClient  MssClient-rfe  MssClient-task  MssPolicyMonitor  MssPolicyMonitor-rfe  MssPolicyMonitor-task  MssTest  MssTest-rfe  MssTest-task  Mt. Baker  Mt. Baker-rfe  MtDan-diags  MtDana-diags  MtdApi  MtdApi-rfe  MtdApi-task  mtrace  mtrace-rfe  mtrace-task  MultiProtocolRouting  MultiProtocolRouting-rfe  MultiProtocolRouting-task  MultiProtocolTools  MultiProtocolTools-rfe  MultiProtocolTools-task  MultiProtocolTunnelTest  MultiProtocolTunnelTest-rfe  MultiProtocolTunnelTest-task  Mvrp  Mvrp-rfe  Mvrp-task  MyDemo  MyDemo-rfe  MyDemo-task  mysqltestlib  mysqltestlib-rfe  mysqltestlib-task  NameNode  NameNode-rfe  NameNode-task  NameNodeTest  NameNodeTest-rfe  NameNodeTest-task  NamespaceCluster  NamespaceCluster-rfe  NamespaceCluster-task  NamespaceDut  NamespaceDut-rfe  NamespaceDut-task  nanomsg  nanomsg-rfe  nanomsg-task  nanowbem  nanowbem-rfe  nanowbem-task  Napa  Napa-hw  Napa-rfe  Napa-task  Nat  Nat-rfe  Nat-task  NatTest  NatTest-rfe  NatTest-task  ncclient  ncclient-rfe  ncclient-task  ncurses  ncurses-rfe  ncurses-task  ndisc6  ndisc6-rfe  ndisc6-task  net-snmp  net-snmp-rfe  net-snmp-task  Netconf  Netconf-rfe  Netconf-task  netns  netns-rfe  netns-task  NetworkTest  NetworkTest-rfe  NetworkTest-task  NetworkTools  NetworkTools-rfe  NetworkTools-task  NetworkView  NetworkView-rfe  NetworkView-task  Nevada  Nevada-rfe  NewBgp  NewBgp-rfe  NewBgp-task  nginx  nginx-rfe  nginx-task  nglogc  nglogc-rfe  nglogc-task  Nice  Nice Diags  nios2eds  nios2eds-rfe  nios2eds-task  nnpy  nnpy-rfe  nnpy-task  node  node-rfe  node-task  nodejs  nodejs-rfe  nodejs-task  Nooksack  Nooksack-rfe  NorCal  NorCal-rfe  NorCal-task  NorCalCard  NorCalCard-rfe  NorCalCard-task  NorCalMfg  NorCalMfg-rfe  NorCalMfg-task  NorCalSys  NorCalSys-rfe  NorCalSys-task  NorCalTest  NorCalTest-rfe  NorCalTest-task  nstools  nstools-rfe  nstools-task  nsutil  nsutil-rfe  nsutil-task  Ntp  Ntp-rfe  Ntp-task  ntp-udel  ntp-udel-rfe  ntp-udel-task  NuageVsp  Nvgre  Nvgre-rfe  Nvgre-task  Oak-diags  OAM-task  oauth2client  oauth2client-rfe  oauth2client-task  ObjectTracking  ObjectTracking-rfe  ObjectTracking-task  oepnssl  oepnssl-rfe  oepnssl-task  Olema-diags  omi  omi-rfe  omi-task  onie  onie-rfe  onie-task  OnsiteDetector  OnsiteDetector-rfe  OnsiteDetector-task  openbmp  openbmp-rfe  openbmp-task  OpenConfig  OpenConfig-rfe  OpenConfig-task  OpenConfigTest  OpenConfigTest-rfe  OpenConfigTest-task  OpenFlow  OpenFlow-rfe  OpenFlow-task  OpenFlowTest  OpenFlowTest-rfe  OpenFlowTest-task  OpenGrok  OpenGrok-rfe  OpenGrok-task  openssh  openssh-rfe  openssh-task  OpenSSHTest  OpenSSHTest-rfe  OpenSSHTest-task  openssl  openssl-rfe  openssl-task  OpenStack  OpenStack-rfe  openstack-swift  openstack-swift-rfe  openstack-swift-task  OpenStack-task  openstackpythonclients  openstackpythonclients-rfe  openstackpythonclients-task  openvswitch  openvswitch-rfe  openvswitch-task  Oplink (KE)  Opnext  Opnext (AP)  Opnext-rfe  Optics  Optics-rfe  OptumSoftAbuildFirst  OptumSoftAbuildFirst-rfe  OptumSoftAbuildFirst-task  OptumSoftExternal  OptumSoftExternal-rfe  OptumSoftExternal-task  OptumSoftInfrastructure-task  OptumSoftProductTest  OptumSoftProductTest-rfe  OptumSoftProductTest-task  OptumSoftSearch  OptumSoftSearch-rfe  OptumSoftSearch-task  OptumSoftTools  OptumSoftTools-rfe  OptumSoftTools-task  Orca  Orca-rfe  Orca-task  Oscillators  Ospf  Ospf-rfe  Ospf-task  Ospf3  Ospf3-rfe  Ospf3-task  Overcast  Overcast-rfe  Overcast-task  ovftool  ovftool-rfe  ovftool-task  Ovs  Ovs-rfe  Ovs-task  P2PSync  P2PSync-rfe  P2PSync-task  P4  p4-ar-switch  p4-ar-switch-rfe  p4-ar-switch-task  p4-behavioral-model  p4-behavioral-model-rfe  p4-behavioral-model-task  p4-bf-switch  p4-bf-switch-rfe  p4-bf-switch-task  p4-bm-switch  p4-bm-switch-rfe  p4-bm-switch-task  p4-compilers  p4-compilers-rfe  p4-compilers-task  p4-hlir  p4-hlir-rfe  p4-hlir-task  P4-rfe  P4-task  p4c-bm  p4c-bm-rfe  p4c-bm-task  P4NamespaceDut  P4NamespaceDut-rfe  P4NamespaceDut-task  P4SwitchTest  P4SwitchTest-rfe  P4SwitchTest-task  p4testswitch  p4testswitch-rfe  p4testswitch-task  P4Tickets  P4Tickets-rfe  P4Tickets-task  PacketCapture  PacketCapture-rfe  PacketCapture-task  Packetpflegen  paramiko  paramiko-rfe  paramiko-task  parted  parted-rfe  parted-task  PatchPanel  PatchPanel-rfe  PatchPanel-task  PatchPanelAgent  PatchPanelAgent-rfe  PatchPanelAgent-task  PATT  PattTest  PattTest-rfe  PattTest-task  Pbr  Pbr-rfe  Pbr-task  Pca9555  Pca9555-rfe  Pca9555-task  PciBus  PciBus-rfe  PciBus-task  Pcie-diags  PcieNt  PcieNt-rfe  PcieNt-task  pcre  pcre-rfe  pcre-task  PdpDmaLib  PdpDmaLib-rfe  PdpDmaLib-task  Perdb  Perdb-rfe  Perdb-task  PeReyes  PeReyes-rfe  PeReyes-task  perforce  perforce-rfe  perforce-task  perftools  perftools-rfe  perftools-task  perl5  perl5-rfe  perl5-task  PersistentStore  PersistentStore-rfe  PersistentStore-task  peterwu  peterwu-rfe  peterwu-task  Petra  Petra-rfe  Petra-task  pexpect  pexpect-rfe  pexpect-task  Phoenix  Phoenix-rfe  Phoenix-task  Phone System  Phone System-rfe  PhyAeluros  PhyAeluros-rfe  PhyAeluros-task  PhyAlaska  PhyAlaska-rfe  PhyAlaska-task  PhyAlaskaX  PhyAlaskaX-rfe  PhyAlaskaX-task  PhyApm  PhyApm-rfe  PhyApm-task  PhyAvago  PhyAvago-rfe  PhyAvago-task  PhyAvago8812  PhyAvago8812-rfe  PhyAvago8812-task  PhyAvagoCurrent  PhyAvagoCurrent-rfe  PhyAvagoCurrent-task  PhyBcm  PhyBcm-rfe  PhyBcm-task  PhyBcm54980  PhyBcm54980-rfe  PhyBcm54980-task  PhyBcmEpil  PhyBcmEpil-rfe  PhyBcmEpil-task  PhyClariphy  PhyClariphy-rfe  PhyClariphy-task  PhyEee  PhyEee-rfe  PhyEee-task  PhyEthtool  PhyEthtool-rfe  PhyEthtool-task  PhyMtd  PhyMtd-rfe  PhyMtd-task  PhyNlp1342  PhyTest  PhyTest-rfe  PhyTest-task  PhyTn  PhyTn-rfe  PhyTn-task  Picasso  Picasso-rfe  Picasso-task  Picnic  Picnic-rfe  Piedmont  pigz  pigz-rfe  pigz-task  pika  pika-rfe  pika-task  Pim  Pim-rfe  Pim-task  PimBidir  PimBidir-rfe  PimBidir-task  PimBidirDf  PimBidirDf-rfe  PimBidirDf-task  PimBidirTest  PimBidirTest-rfe  PimBidirTest-task  PimBsr  PimBsr-rfe  PimBsr-task  PimBsrTest  PimBsrTest-rfe  PimBsrTest-task  PimReg  PimReg-rfe  PimReg-task  PimRegTest  PimRegTest-rfe  PimRegTest-task  Pimsm  Pimsm-rfe  Pimsm-task  PimsmTest  PimsmTest-rfe  PimsmTest-task  PimSnmp  PimSnmp-rfe  PimSnmp-task  pktgen  pktgen-rfe  pktgen-task  PlatformAgent  PlatformAgent-rfe  PlatformAgent-task  PlatformL3Intf  PlatformL3Intf-rfe  PlatformL3Intf-task  PlatformLibrary  PlatformLibrary-rfe  PlatformLibrary-task  PlatformTest  PlatformTest-rfe  PlatformTest-task  PlePex8600  PlePex8600-rfe  PlePex8600-task  PlugIt  PlugIt-rfe  PlugIt-task  Pluto  Pluto-rfe  Pluto-task  PlutoLib  PlutoLib-rfe  PlutoLib-task  PlutoLibrary  PlutoLibrary-rfe  PlutoLibrary-task  PlutoUtil  PlutoUtil-rfe  PlutoUtil-task  plx-pcie-drivers  plx-pcie-drivers-rfe  plx-pcie-drivers-task  Plx9056Bridge  Plx9056Bridge-rfe  Plx9056Bridge-task  PlxPex8600  PlxPex8600-rfe  PlxPex8600-task  ply  ply-rfe  ply-task  pmat  pmat-rfe  pmat-task  Pmbus  Pmbus-rfe  Pmbus-task  poc-tasks  PolicyMap  PolicyMap-rfe  PolicyMap-task  PolicyService  PolicyService-rfe  PolicyService-task  Ponderosa-diags  PortMirroring  PortMirroring-rfe  Power  Power-rfe  Power-task  PowerDevice-diags  PowerFuse  PowerFuse-rfe  PowerFuse-task  PowerOne  PowerOne-rfe  PowerOne-task  PowerSupply-diags  Prebuilt  Prebuilt-rfe  Prebuilt-task  Prestera  Prestera-rfe  Prestera-task  ProcMgr  ProcMgr-rfe  ProcMgr-task  procps  procps-ng  procps-ng-rfe  procps-ng-task  procps-rfe  procps-task  ProductAttributes  ProductAttributes-rfe  ProductAttributes-task  Proglog  Proglog-rfe  Proglog-task  ProjectReport  ProjectReport-rfe  ProjectReport-task  Pronghorn-diags  proteus-dns  proteus-dns-rfe  proteus-dns-task  Proto  Proto-rfe  Proto-task  protobuf  protobuf-rfe  protobuf-task  Pseudowire  Pseudowire-rfe  Pseudowire-task  PseudowireAgent  PseudowireAgent-rfe  PseudowireAgent-task  PseudowireCli  PseudowireCli-rfe  PseudowireCli-task  PseudowireTest  PseudowireTest-rfe  PseudowireTest-task  Psmi  Psmi-rfe  Psmi-task  PsocFanController  PsocFanController-rfe  PsocFanController-task  Psp  Psp-rfe  Psp-task  pstack  pstack-rfe  pstack-task  Ptp  Ptp-rfe  Ptp-task  ptpd  ptpd-rfe  ptpd-task  ptpd-v2  ptpd-v2-rfe  ptpd-v2-task  PtpTest  PtpTest-rfe  PtpTest-task  PtpTimeSync  PtpTimeSync-rfe  PtpTimeSync-task  PtpTimeSyncTest  PtpTimeSyncTest-rfe  PtpTimeSyncTest-task  PtReyes  PtReyes-rfe  PtReyes-task  Pulse  Pulse-rfe  Pulse-task  PulseAgent  PulseAgent-rfe  PulseAgent-task  PulseWeb  PulseWeb-rfe  PulseWeb-task  pxe  pxe-kexec  pxe-kexec-rfe  pxe-kexec-task  pxe-rfe  pxe-swi  pxe-swi-rfe  pxe-swi-task  pxe-task  py-radix  py-radix-rfe  py-radix-task  PyArrow  PyArrow-rfe  PyArrow-task  pycodestyle  pycodestyle-rfe  pycodestyle-task  pylibpcap  pylibpcap-rfe  pylibpcap-task  pylint  pylint-rfe  pylint-task  pylucene  pylucene-rfe  pylucene-task  python  python-beautiful-soup  python-beautiful-soup-rfe  python-beautiful-soup-task  python-blockdiag  python-blockdiag-rfe  python-blockdiag-task  python-breathe  python-breathe-rfe  python-breathe-task  python-cjson  python-cjson-rfe  python-cjson-task  python-cogapp  python-cogapp-rfe  python-cogapp-task  python-decorator  python-decorator-rfe  python-decorator-task  python-django  python-django-picklefield  python-django-picklefield-rfe  python-django-picklefield-task  python-django-rfe  python-django-storage-swift  python-django-storage-swift-rfe  python-django-storage-swift-task  python-django-task  python-djblets  python-djblets-rfe  python-djblets-task  python-docker  python-docker-rfe  python-docker-task  python-dpkt  python-dpkt-rfe  python-dpkt-task  python-eunuchs  python-eunuchs-rfe  python-eunuchs-task  python-eventlet  python-eventlet-rfe  python-eventlet-task  python-funcparserlib  python-funcparserlib-rfe  python-funcparserlib-task  python-graph  python-graph-rfe  python-graph-task  python-httpbin  python-httpbin-rfe  python-httpbin-task  python-httplib2  python-httplib2-rfe  python-httplib2-task  python-iso8601  python-iso8601-rfe  python-iso8601-task  python-jcc  python-jcc-rfe  python-jcc-task  python-json-cfg  python-json-cfg-rfe  python-json-cfg-task  python-jsonrpclib  python-jsonrpclib-rfe  python-jsonrpclib-task  python-kwonly-args  python-kwonly-args-rfe  python-kwonly-args-task  python-logilab-astng  python-logilab-astng-rfe  python-logilab-astng-task  python-m2crypto  python-m2crypto-rfe  python-m2crypto-task  python-markdown2  python-markdown2-rfe  python-markdown2-task  python-mox  python-mox-rfe  python-mox-task  python-ncclient  python-ncclient-rfe  python-ncclient-task  python-oftest  python-oftest-rfe  python-oftest-task  python-openbmp-api  python-openbmp-api-rfe  python-openbmp-api-task  python-openstackclients  python-openstackclients-rfe  python-openstackclients-task  python-paramiko  python-paramiko-rfe  python-paramiko-task  python-pbr  python-pbr-rfe  python-pbr-task  python-pip  python-pip-rfe  python-pip-task  python-prettytable  python-prettytable-rfe  python-prettytable-task  python-ptf  python-ptf-rfe  python-ptf-task  python-pypiserver  python-pypiserver-rfe  python-pypiserver-task  python-pyvmomi  python-pyvmomi-rfe  python-pyvmomi-task  python-requests  python-requests-rfe  python-requests-task  python-requests2  python-requests2-rfe  python-requests2-task  python-rfe  python-seqdiag  python-seqdiag-rfe  python-seqdiag-task  python-setuptools  python-setuptools-rfe  python-setuptools-task  python-six  python-six-rfe  python-six-task  python-sleekxmpp  python-sleekxmpp-rfe  python-sleekxmpp-task  python-sphinx  python-sphinx-rfe  python-sphinx-task  python-sqlalchemy  python-sqlalchemy-rfe  python-sqlalchemy-task  python-swiftclient  python-swiftclient-rfe  python-swiftclient-task  python-task  python-webcolors  python-webcolors-rfe  python-webcolors-task  python-xlrd  python-xlrd-rfe  python-xlrd-task  python-xlwt  python-xlwt-rfe  python-xlwt-task  python-ZSI  python-ZSI-rfe  python-ZSI-task  python26  python26-rfe  python26-task  python3  python3-rfe  python3-task  PyWrappers  PyWrappers-rfe  PyWrappers-task  Qbuild  Qbuild-rfe  Qbuild-task  qemu  qemu-gns3  qemu-gns3-rfe  qemu-gns3-task  qemu-kvm  qemu-kvm-rfe  qemu-kvm-task  qemu-rfe  qemu-task  QemuVmAgent  QemuVmAgent-rfe  QemuVmAgent-task  Qos  Qos-rfe  Qos-task  QosSnmp  QosSnmp-rfe  QosSnmp-task  QosTest  QosTest-rfe  QosTest-task  QuaggaDut  QuaggaDut-rfe  QuaggaDut-task  quantumfs  quantumfs-rfe  quantumfs-task  Qube  Qube-rfe  Qube-task  QubeTest  QubeTest-rfe  QubeTest-task  qubit-tools  QuickTrace  QuickTrace-rfe  QuickTrace-task  QuickTraceTest  QuickTraceTest-rfe  QuickTraceTest-task  quota  quota-rfe  quota-task  RachiticTest  RachiticTest-rfe  RachiticTest-task  Radius  Radius-rfe  Radius-task  Raild  Raild-rfe  Raild-task  RAILproto  RAILproto-rfe  RAILproto-task  RAILtest  RAILtest-rfe  RAILtest-task  Rainbow-diags  Rama  Rama-rfe  Rama-task  Raven  Raven-rfe  rbfd  rbfd-rfe  rbfd-task  RdamDatabase  RdamDatabase-rfe  RdamDatabase-task  RdamDut  RdamDut-rfe  RdamDut-task  ReachabilityMonitor  ReachabilityMonitor-rfe  ReachabilityMonitor-task  ReachabilityMonitorTest  ReachabilityMonitorTest-rfe  ReachabilityMonitorTest-task  RedSea  RedSea-rfe  RedSea-task  RedSup  RedSup-rfe  RedSup-task  RedSupSnmp  RedSupSnmp-rfe  RedSupSnmp-task  Redundancy  Redundancy-rfe  Redundancy-task  ReleaseTools  ReleaseTools-rfe  ReleaseTools-task  ReleaseUmbrella  ReloadCause  ReloadCause-rfe  ReloadCause-task  ReloadCauseAgent  ReloadCauseAgent-rfe  ReloadCauseAgent-task  ReloadPolicy  ReloadPolicy-rfe  ReloadPolicy-task  RemoteAgentSync  RemoteAgentSync-rfe  RemoteAgentSync-task  Renesas  Renesas-rfe  requests  requests-rfe  requests-task  ResourceManager  ResourceManager-rfe  ResourceManager-task  ReviewBoard  ReviewBoard-rfe  ReviewBoard-task  ReviewBoardTest  ReviewBoardTest-rfe  ReviewBoardTest-task  Ribbon-diags  RibCapi  RibCapi-rfe  RibCapi-task  RibCapiTest  RibCapiTest-rfe  RibCapiTest-task  Rio  Rio-rfe  Rio-task  RioTest  RioTest-rfe  RioTest-task  Rip  Rip-rfe  Rip-task  ripgrep  ripgrep-rfe  ripgrep-task  RN  Robo-service  Robo-service-rfe  Robo-service-task  Robo1  Robo1-rfe  Robo1-task  Robo2  Robo2-rfe  Robo2-task  Robo3  Robo3-rfe  Robo3-task  RoboScripts  RoboScripts-rfe  RoboScripts-task  rootfs-service  rootfs-service-rfe  rootfs-service-task  Rosa-diags  Rosa/SantaRosa/Cotati  RouteInput  RouteInput-rfe  RouteInput-task  RouteMap  RouteMap-rfe  RouteMap-task  RouterGeneral  RouterGeneral-rfe  RouterGeneral-task  RouterGeneralCli  RouterGeneralCli-rfe  RouterGeneralCli-task  RoutingHelper  RoutingHelper-rfe  RoutingHelper-task  rpcapd  rpcapd-rfe  rpcapd-task  Rsvp  Rsvp-rfe  Rsvp-task  RsvpTest  RsvpTest-rfe  RsvpTest-task  rsyslog  rsyslog-rfe  rsyslog-task  rtest  rtest-rfe  rtest-task  Ruby  Ruby-rfe  Ruby-task  Rutherford  Rutherford-rfe  Saguaro  Saguaro-rfe  Saguaro-task  Sai  sai-net  sai-net-rfe  sai-net-task  Sai-rfe  Sai-task  SaltLakeFixed  SaltLakeFixed-rfe  SaltLakeFixed-task  SampleSoftware  Sand  Sand--diags  Sand-diags  sand-dma  sand-dma-rfe  sand-dma-task  Sand-rfe  Sand-task  SandAcl  SandAcl-rfe  SandAcl-task  SandAclTest  SandAclTest-rfe  SandAclTest-task  SandBcmSdkShim  SandBcmSdkShim-rfe  SandBcmSdkShim-task  SandBcmSdkV2  SandBcmSdkV2-rfe  SandBcmSdkV2-task  SandBroadcomSdk  SandBroadcomSdk-rfe  SandBroadcomSdk-task  SandCounters  SandCounters-rfe  SandCounters-task  SandDanz  SandDanz-rfe  SandDanz-task  SandFabric  SandFabric-rfe  SandFabric-task  SandFap  SandFap-rfe  SandFap-task  SandFapNi  SandFapNi-rfe  SandFapNi-task  SandFapNiState  SandFapNiState-rfe  SandFapNiState-task  SandFlow  SandFlow-rfe  SandFlow-task  SandHalo  SandHalo-rfe  SandHalo-task  SandHw  SandHw-rfe  SandHw-task  SandIpsec  SandIpsec-rfe  SandIpsec-task  SandL3Unicast  SandL3Unicast-rfe  SandL3Unicast-task  SandLag  SandLag-rfe  SandLag-task  SandLanz  SandLanz-rfe  SandLanz-task  SandLib  SandLib-rfe  SandLib-task  SandMact  SandMact-rfe  SandMact-task  SandMcast  SandMcast-rfe  SandMcast-task  SandMdb  SandMdb-rfe  SandMdb-task  SandMirroring  SandMirroring-rfe  SandMirroring-task  SandOam  SandOam-rfe  SandOam-task  SandPbr  SandPbr-rfe  SandPbr-task  SandPhy  SandPhy-rfe  SandPhy-task  SandPolicyLib  SandPolicyLib-rfe  SandPolicyLib-task  SandPP  SandPP-rfe  SandPP-task  SandPtp  SandPtp-rfe  SandPtp-task  SandQos  SandQos-rfe  SandQos-task  SandSal  SandSal-rfe  SandSal-task  SandSalCommon  SandSalCommon-rfe  SandSalCommon-task  SandSdk  SandSdk-rfe  SandSdk-task  SandSdkHelper  SandSdkHelper-rfe  SandSdkHelper-task  SandSdkShim  SandSdkShim-rfe  SandSdkShim-task  SandSdkV2Helper  SandSdkV2Helper-rfe  SandSdkV2Helper-task  SandSdkV3  SandSdkV3-rfe  SandSdkV3-task  SandSdkV3Helper  SandSdkV3Helper-rfe  SandSdkV3Helper-task  SandSdkV4  SandSdkV4-rfe  SandSdkV4-task  SandSdkV4Helper  SandSdkV4Helper-rfe  SandSdkV4Helper-task  SandTapAgg  SandTapAgg-rfe  SandTapAgg-task  SandTcam  SandTcam-rfe  SandTcam-task  SandTcamLib  SandTcamLib-rfe  SandTcamLib-task  SandTest  SandTest-rfe  SandTest-task  SandTm  SandTm-rfe  SandTm-task  SandToggles  SandToggles-rfe  SandToggles-task  SandTopo  SandTopo-rfe  SandTopo-task  SandTunnel  SandTunnel-rfe  SandTunnel-task  SantaRosa-diags  Santo  Santo-common  Santo-common-rfe  Santo-common-task  Santo-psp  Santo-psp-rfe  Santo-psp-task  Santo-rfe  Santo-task  Santo-v1  Santo-v1-rfe  Santo-v1-task  Sapling  Sapling-rfe  Sb820  Sb820-rfe  Sb820-task  Sc16is760  Sc16is760-rfe  Sc16is760-task  Scaleit  Scaleit-rfe  Scaleit-task  scc  Scd  scd-driver  scd-driver-rfe  scd-driver-task  scd-em  scd-em-rfe  scd-em-task  Scd-rfe  Scd-task  ScdEmUtils  ScdEmUtils-rfe  ScdEmUtils-task  SchanAccel  SchanAccel-rfe  SchanAccel-task  SchanCentral  SchanCentral-rfe  SchanCentral-task  Schooner-diags  screen  screen-rfe  screen-task  SeaRanch  SeaRanch-rfe  SecretCli  SecretCli-rfe  SecretCli-task  SecureNic  SecureNic-rfe  SecureNic-task  Security-diags  SecurityTest  SecurityTest-rfe  SecurityTest-task  Sequoia  Sequoia-diags  Sequoia-rfe  Sequoia-task  SequoiaModular  SessionTimeout  SessionTimeout-rfe  SessionTimeout-task  Sesto-diags  Sfa  Sfa-rfe  Sfa-task  Sfe  Sfe-rfe  Sfe-task  SfeModules  SfeModules-rfe  SfeModules-task  Sflow  Sflow-rfe  Sflow-task  SflowAccel  SflowAccel-rfe  SflowAccel-task  SflowAccelTest  SflowAccelTest-rfe  SflowAccelTest-task  SflowLib  SflowLib-rfe  SflowLib-task  SflowTest  SflowTest-rfe  SflowTest-task  shadow-utils  shadow-utils-rfe  shadow-utils-task  Shape  Shape-rfe  Shape-task  ShardedMap  ShardedMap-rfe  ShardedMap-task  ShardedMapCppApi  ShardedMapCppApi-rfe  ShardedMapCppApi-task  ShardedMapTest  ShardedMapTest-rfe  ShardedMapTest-task  SharedMem  SharedMem-rfe  SharedMem-task  Shasta  Shasta-rfe  Shmalloc  Shmalloc-rfe  Shmalloc-task  ShowCommandService  ShowCommandService-rfe  ShowCommandService-task  Si5327  Si5327-rfe  Si5327-task  Silverado  Silverado-rfe  simtop  simtop-rfe  simtop-task  Skegness  Skegness-rfe  Skegness-task  SkuTools  SkuTools-rfe  SkuTools-task  SmartOptics (FB)  smartsync  smartsync-rfe  smartsync-task  Smash  Smash-rfe  Smash-task  SmashCli  SmashCli-rfe  SmashCli-task  SmashTest  SmashTest-rfe  SmashTest-task  SmashTools  SmashTools-rfe  SmashTools-task  SmashViz  SmashViz-rfe  SmashViz-task  snakefood  snakefood-rfe  snakefood-task  Snmp  Snmp-rfe  Snmp-task  Snmp,net-snmp  Snmp,net-snmp-rfe  Snmp,net-snmp-task  SnmpTest  SnmpTest-rfe  SnmpTest-task  Sol  Sol-rfe  Sol-task  Sonic  Sonic-rfe  sonic-support  sonic-support-rfe  sonic-support-task  Sonic-task  Sonoma  Sonoma-rfe  Source Photonics (ET)  source-highlight  source-highlight-rfe  source-highlight-task  SourcePhotonics  SourcePhotonics-rfe  spark  spark-rfe  spark-task  Sparrow  Sparrow-rfe  Sparrow-task  spin  spin-rfe  spin-task  spl  spl-rfe  spl-task  SplunkForwarder  SplunkForwarder-rfe  SplunkForwarder-task  squashfs-tools  squashfs-tools-rfe  squashfs-tools-task  SrTePolicy  SrTePolicy-rfe  SrTePolicy-task  SrTePolicyTest  SrTePolicyTest-rfe  SrTePolicyTest-task  SshHostKeys  SshHostKeys-rfe  SshHostKeys-task  SsoTest  SsoTest-rfe  SsoTest-task  Sta-task  StageMgr  StageMgr-rfe  StageMgr-task  StageMgrAgent  StageMgrAgent-rfe  StageMgrAgent-task  StanbyCpld  StanbyCpld-rfe  StanbyCpld-task  Stand  Stand-rfe  Stand-task  StandbyCpld  StandbyCpld-rfe  StandbyCpld-task  Stash  Stash-rfe  Stash-task  StashTest  StashTest-rfe  StashTest-task  Stat  Stat-rfe  Stat-task  StaticRoute  StaticRoute-rfe  StaticRoute-task  stest-service  stest-service-rfe  stest-service-task  stestimgbuilder  stestimgbuilder-rfe  stestimgbuilder-task  stesting  stesting-rfe  stesting-task  StestWorkspace-service  StestWorkspace-service-rfe  StestWorkspace-service-task  StorageDevices  StorageDevices-rfe  StorageDevices-task  Storg  Storg-rfe  Storg-task  StormControl  StormControl-rfe  StormControl-task  Stp  Stp-rfe  Stp-task  StpSnmp  StpSnmp-rfe  StpSnmp-task  Strata  Strata--diags  Strata-diags  strata-dma  strata-dma-rfe  strata-dma-task  Strata-rfe  Strata-task  StrataAcl  StrataAcl-rfe  StrataAcl-task  StrataApi  StrataApi-rfe  StrataApi-task  StrataApi2  StrataApi2-rfe  StrataApi2-task  StrataApiTest  StrataApiTest-rfe  StrataApiTest-task  StrataApiV2  StrataApiV2-rfe  StrataApiV2-task  StrataApiV3  StrataApiV3-rfe  StrataApiV3-task  StrataApiV4  StrataApiV4-rfe  StrataApiV4-task  StrataCental  StrataCental-rfe  StrataCental-task  StrataCentral  StrataCentral-rfe  StrataCentral-task  StrataCommon  StrataCommon-rfe  StrataCommon-task  StrataCounters  StrataCounters-rfe  StrataCounters-task  StrataDiags  StrataDiags-rfe  StrataDiags-task  StrataDmaTest  StrataDmaTest-rfe  StrataDmaTest-task  StrataL2  StrataL2-rfe  StrataL2-task  StrataL2Multicast  StrataL2Multicast-rfe  StrataL2Multicast-task  StrataL3  StrataL3-rfe  StrataL3-task  StrataL3Test  StrataL3Test-rfe  StrataL3Test-task  StrataLag  StrataLag-rfe  StrataLag-task  StrataLanz  StrataLanz-rfe  StrataLanz-task  stratalanzcoprocessor  stratalanzcoprocessor-rfe  stratalanzcoprocessor-task  StrataLib  StrataLib-rfe  StrataLib-task  StrataLtApi  StrataLtApi-rfe  StrataLtApi-task  StrataMirror  StrataMirror-rfe  StrataMirror-task  StrataMpls  StrataMpls-rfe  StrataMpls-task  StrataMultiAgentTest  StrataMultiAgentTest-rfe  StrataMultiAgentTest-task  StrataParity  StrataParity-rfe  StrataParity-task  StrataPbr  StrataPbr-rfe  StrataPbr-task  StrataPhy  StrataPhy-rfe  StrataPhy-task  StrataQos  StrataQos-rfe  StrataQos-task  StrataSdkCommon  StrataSdkCommon-rfe  StrataSdkCommon-task  StrataSdkShim  StrataSdkShim-rfe  StrataSdkShim-task  StrataSso  StrataSso-rfe  StrataSso-task  StrataT2PlusTest  StrataT2PlusTest-rfe  StrataT2PlusTest-task  StrataT2Test  StrataT2Test-rfe  StrataT2Test-task  StrataTcam  StrataTcam-rfe  StrataTcam-task  StrataTest  StrataTest-rfe  StrataTest-task  StrataV2  StrataV2-rfe  StrataV2-task  StrataVlanTopo  StrataVlanTopo-rfe  StrataVlanTopo-task  StrataVxlan  StrataVxlan-rfe  StrataVxlan-task  StrataXgsApi  StrataXgsApi-rfe  StrataXgsApi-task  StrataXgsApiV2  StrataXgsApiV2-rfe  StrataXgsApiV2-task  Stratix  Stratix-rfe  Stratix-task  strongswan  strongswan-rfe  strongswan-task  stuttermeter  stuttermeter-rfe  stuttermeter-task  SubIntf  subintf-task  sudo  sudo-rfe  sudo-task  sudorca  sudorca-rfe  sudorca-service  sudorca-service-rfe  sudorca-service-task  sudorca-task  Sumitomo (FY)  SuperServer  SuperServer-rfe  SuperServer-task  SupportedHardware  SupportedHardware-rfe  SupportedHardware-task  sw-infra  SwiftLib  SwiftLib-rfe  SwiftLib-task  swig  swig-rfe  swig-task  Switchboard  Switchboard-rfe  Switchboard-task  SwitchTest  SwitchTest-rfe  SwitchTest-task  SwLab  SwLab-logre  SwLab-rfe  Sysdb  Sysdb-rfe  Sysdb-task  SysdbAgent  SysdbAgent-rfe  SysdbAgent-task  SysdbProfileCheck  SysdbProfileCheck-rfe  SysdbProfileCheck-task  SysdbTest  SysdbTest-rfe  SysdbTest-task  syslog-proxy  syslog-proxy-rfe  syslog-proxy-task  SysMgr  SysMgr-rfe  SysMgr-task  SysMgrSnmp  SysMgrSnmp-rfe  SysMgrSnmp-task  SysMgrTest  SysMgrTest-rfe  SysMgrTest-task  systemd  systemd-rfe  systemd-task  systest-poc lab  sysvinit  sysvinit-rfe  sysvinit-task  Tacacs  Tacacs-rfe  Tacacs-task  tacacs+  tacacs+-rfe  tacacs+-task  tacc  tacc-pygment  tacc-pygment-rfe  tacc-pygment-task  tacc-rfe  tacc-task  TaccAttic  TaccAttic-rfe  TaccAttic-task  TaccComputeMan  TaccComputeMan-rfe  TaccComputeMan-task  TaccComputeManImpl  TaccComputeManImpl-rfe  TaccComputeManImpl-task  TaccComputeManTest  TaccComputeManTest-rfe  TaccComputeManTest-task  TaccDistributedTest  TaccDistributedTest-rfe  TaccDistributedTest-task  TaccDocs  TaccDocs-rfe  TaccDocs-task  TaccExamples  TaccExamples-rfe  TaccExamples-task  TaccExperimental  TaccExperimental-rfe  TaccExperimental-task  TaccGraphTest  TaccInternalDocs  TaccInternalDocs-rfe  TaccInternalDocs-task  TaccInteropTest  TaccInteropTest-rfe  TaccInteropTest-task  TaccJni  TaccJni-rfe  TaccJni-task  TaccJniTest  TaccMap  TaccMap-rfe  TaccMap-task  TaccMapSrv  TaccMapSrv-rfe  TaccMapSrv-task  TaccMarketAnalyticsTest  TaccNetworkTest  TaccNetworkTest-rfe  TaccNetworkTest-task  TaccOde  TaccOde-rfe  TaccOde-task  TaccPerfFwk-task  TaccPerfTools  TaccPerfTools-rfe  TaccPerfTools-task  TaccPyUtils  TaccPyUtils-rfe  TaccPyUtils-task  TaccServiceMan  TaccServiceMan-rfe  TaccServiceMan-task  TaccServiceManTest  TaccServiceManTest-rfe  TaccServiceManTest-task  TacGo  TacGo-rfe  TacGo-task  TacGoTest  TacGoTest-rfe  TacGoTest-task  TacMarco  TacMarco-rfe  TacMarco-task  TacNav  TacNav-rfe  TacNav-task  taco  taco-rfe  taco-task  tacoTest  tacoTest-rfe  tacoTest-task  TacPulse  TacPulse-rfe  TacPulse-task  TacSmash  TacSmash-rfe  TacSmash-task  TacStash  TacStash-rfe  TacStash-task  tacXref  Tamarack  Tamarack-rfe  TapAggGui  TapAggGui-rfe  TapAggGui-task  TapAggTest  TapAggTest-rfe  TapAggTest-task  TargetExpr  TargetExpr-rfe  TargetExpr-task  TargetExpression  TargetExpression-rfe  TargetExpression-task  Taro  Taro-rfe  Taro-task  TaskScheduler  TaskScheduler-rfe  TaskScheduler-task  tcollector  tcollector-rfe  tcollector-task  tcollectorAgent  tcollectorAgent-rfe  tcollectorAgent-task  tcp_wrappers  tcp_wrappers-rfe  tcp_wrappers-task  tcpdump  tcpdump-rfe  tcpdump-task  tcptrace  tcptrace-rfe  tcptrace-task  Te  Te-rfe  te-task  TeCli  TeCli-rfe  TeCli-task  telnet  telnet-rfe  telnet-task  TemplatePkg  TemplatePkg-rfe  TemplatePkg-task  TempSensor-diags  Tenjin  Tenjin-rfe  Tenjin-task  Teranetics  Teranetics-rfe  TerminAttr  TerminAttr-rfe  TerminAttr-task  test  test-rfe  test-task  Test1234567  Test12345678  Test123456789  test56  TestCluster  TestCluster-rfe  TestCluster-task  TestDemo  TestDemo-rfe  TestDemo-task  Testpoint  Testpoint-rfe  Testpoint-task  TestProduct  TestResources  TestResources-rfe  TestResources-task  TestSuite  TestSuite-rfe  TestSuite-task  TestSuiteTest  TestSuiteTest-rfe  TestSuiteTest-task  ThermoMgr  ThermoMgr-rfe  ThermoMgr-task  Thermostat  Thermostat-rfe  Thermostat-task  ThreeBrothers-diags  thrift  thrift-rfe  thrift-task  Tiburon  Tiburon-rfe  TimberCove-diags  timeout  timeout-rfe  timeout-task  TimeSync  TimeSync-rfe  TimeSync-task  TiPhy-diags  tmux  tmux-rfe  tmux-task  tofino-model  tofino-model-rfe  tofino-model-task  tofinobm  tofinobm-rfe  tofinobm-task  Toggles  Toggles-rfe  Toggles-task  Tomahawk2Fixed  Tomahawk2Fixed-rfe  Tomahawk2Fixed-task  Tomahawk3Fixed  Tomahawk3Fixed-rfe  Tomahawk3Fixed-task  Tomales  Tomales-rfe  TommyDS  TommyDS-rfe  TommyDS-task  Tools  Topology  Topology-rfe  Topology-task  TopologyManager  TopologyManager-rfe  TopologyManager-task  TopologyTest  TopologyTest-rfe  TopologyTest-task  TPGen  TPGen-rfe  TPGen-task  Tpm  Tpm-rfe  Tpm-task  TPMFU  TPMFU-rfe  TPMFU-task  traceroute  traceroute-rfe  traceroute-task  Tunnel  Tunnel-rfe  Tunnel-task  TunnelIntf  TunnelIntf-rfe  TunnelIntf-task  TunnelIntfTest  TunnelIntfTest-rfe  TunnelIntfTest-task  TunnelSnmp  TunnelSnmp-rfe  TunnelSnmp-task  TunnelTest  TunnelTest-rfe  TunnelTest-task  Tyco (BQ)  uart-verilog  uart-verilog-rfe  uart-verilog-task  Ucd9012  Ucd9012-rfe  Ucd9012-task  ufl  ufl-rfe  ufl-task  Ugly  Ugly-rfe  Ugly-task  Umbrella  Umbrella-rfe  Umbrella-stest  Umbrella-stest-rfe  Umbrella-stest-task  Umbrella-task  urcu  urcu-rfe  urcu-task  uriparser  uriparser-rfe  uriparser-task  UserCgroup  UserCgroup-rfe  UserCgroup-task  UserDocs-rfe  userspace-rcu  userspace-rcu-rfe  userspace-rcu-task  uthash  uthash-rfe  uthash-task  util-linux  util-linux-rfe  util-linux-task  uwsgi  uwsgi-rfe  uwsgi-task  UwsgiApp  UwsgiApp-rfe  UwsgiApp-task  valgrind  valgrind-rfe  valgrind-task  vEOS  vEOS-rfe  VEos-task  VeosDut  VeosDut-rfe  VeosDut-task  VeosPerfTest  VeosPerfTest-rfe  VeosPerfTest-task  Vernal  Vernal-rfe  Virtual EOS (vEOS)  VirtualCable  VirtualCable-rfe  VirtualCable-task  Vm  Vm-rfe  Vm-task  VmDut  VmDut-rfe  VmDut-task  VmTracer  VmTracer-rfe  VmTracer-task  VmwareNvp  VmwareNvp-rfe  VmwareNvp-task  VmwareTest  VmwareTest-rfe  VmwareTest-task  VmwareVds  VmwareVds-rfe  VmwareVds-task  VmwareVI  VmwareVI-rfe  VmwareVI-task  Vrf  Vrf-rfe  vrf-scale  Vrf-task  VrfLeak  VrfLeak-rfe  VrfLeak-task  Vrm64  Vrm64-rfe  Vrm64-task  VrmIr  VrmIr-rfe  VrmIr-task  Vrrp  Vrrp-rfe  Vrrp-task  vulcan  Vxlan  Vxlan-rfe  Vxlan-task  VxlanAdvAgent  VxlanAdvAgent-rfe  VxlanAdvAgent-task  VxlanController  VxlanController-rfe  VxlanController-task  VxlanControllerTest  VxlanControllerTest-rfe  VxlanControllerTest-task  VxlanRouting-task  VxlanStatus  VxlanStatus-rfe  VxlanStatus-task  VxlanTest  VxlanTest-rfe  VxlanTest-task  waagent  waagent-rfe  waagent-task  Watchdog  Watchdog-rfe  Watchdog-task  WaveSplitter (SM)  Wbem  Wbem-rfe  Wbem-task  Web  Web-rfe  Web-task  wget  wget-rfe  wget-task  Windows  Windows-rfe  Windows-task  Winston  Winston-rfe  Winston-task  wireshark  wireshark-rfe  wireshark-task  Workspace-service  Workspace-service-rfe  Workspace-service-task  WorkspaceDut  WorkspaceDut-rfe  WorkspaceDut-task  workspacePrefetcher  workspacePrefetcher-rfe  workspacePrefetcher-task  World  World-rfe  World-task  wpa_supplicant  wpa_supplicant-rfe  wpa_supplicant-task  WsgiDut  WsgiDut-rfe  WsgiDut-task  Xcvr  Xcvr-diags  Xcvr-rfe  Xcvr-task  XcvrCfp2Dco  XcvrCfp2Dco-rfe  XcvrCfp2Dco-task  XcvrCtrl  XcvrCtrl-rfe  XcvrCtrl-task  XcvrSnmp  XcvrSnmp-rfe  XcvrSnmp-task  XFire  XFire-rfe  XFire-task  XFireTest  XFireTest-rfe  XFireTest-task  xfstests  xfstests-rfe  xfstests-task  Xilinx  Xilinx-rfe  Xilinx-task  xinetd  xinetd-rfe  xinetd-task  Xmpp  Xmpp-rfe  Xmpp-task  xorg-x11-drv-intel  xorg-x11-drv-intel-rfe  xorg-x11-drv-intel-task  xpaccel  xpaccel-rfe  xpaccel-task  XpAccess  XpAccess-rfe  XpAccess-task  XpAcl  XpAcl-rfe  XpAcl-task  XpApi  XpApi-rfe  XpApi-task  XpCentral  XpCentral-rfe  XpCentral-task  XpCounters  XpCounters-rfe  XpCounters-task  xpdma  xpdma-rfe  xpdma-task  XpFlow  XpFlow-rfe  XpFlow-task  XpL2  XpL2-rfe  XpL2-task  XpL3Unicast  XpL3Unicast-rfe  XpL3Unicast-task  XpLanz  XpLanz-rfe  XpLanz-task  XpLib  XpLib-rfe  XpLib-task  xplot  xplot-rfe  xplot-task  XpMact  XpMact-rfe  XpMact-task  XpMcast  XpMcast-rfe  XpMcast-task  XpPbr  XpPbr-task  XpProfile  XpProfile-rfe  XpProfile-task  XpQos  XpQos-rfe  XpQos-task  XpSdk  XpSdk-rfe  XpSdk-task  XpSim  XpSim-rfe  XpSim-task  XpSlice  XpSlice-rfe  XpSlice-task  XpTest  XpTest-rfe  XpTest-task  XpVxlan  XpVxlan-task  Xtacc  Xtacc-rfe  Xtacc-task  Xukg  Xukg-rfe  Xukg-task  XukWeb  XukWeb-rfe  XukWeb-task  xxHash  xxHash-rfe  xxHash-task  yaml-cpp  yaml-cpp-rfe  yaml-cpp-task  Yosemite  Yosemite-diags  Yosemite-rfe  Yosemite-task  Yreka-diags  Zbf  Zbf-rfe  Zbf-task  Zeppelin  Zeppelin-rfe  Zeppelin-task  ZeroTouch  ZeroTouch-rfe  ZeroTouch-task  zfs  zfs-rfe  zfs-task  zlog  zlog-rfe  zlog-task  ztpserver  ztpserver-rfe  ztpserver-task  Zuma  Zuma-hw  Zuma-rfe  Zuma-task0 / 200 Checked')]' not found)

2018-03-29 17:28:12 - [MESSAGE][WARNING] - Timeout '0' is invalid. Using default page load timeout: '30'

2018-03-29 17:28:50 - [MESSAGE][FAILED] - com.kms.katalon.core.webui.exception.WebElementNotFoundException: Web element with id: 'Object Repository/Page_BugsUI Search/ul_Check All   Uncheck All  Do' located by 'By.xpath: //ul[(text() = '  Check All   Uncheck All  @Dos  @Dos-rfe  @Dos-task  @DosLib  @DosLib-rfe  @DosLib-task  @Lakeport-diags  @LegacyPackage  ##General##  ##General##-rfe  ##General##-task  ##Internal##  ##Internal##-rfe  11111Test34  12222test  123456789Test  12345Test  1RUdiags  1RUdiags-rfe  1Test  3dm2  3dm2-rfe  3dm2-task  3M (EJ)  A144  a4b  a4b-rfe  a4b-task  a4c  a4c-qfs  a4c-qfs-rfe  a4c-qfs-service  a4c-qfs-service-rfe  a4c-qfs-service-task  a4c-qfs-task  a4c-qfs-test  a4c-qfs-test-rfe  a4c-qfs-test-task  a4c-rfe  a4c-service  a4c-service-rfe  a4c-service-task  a4c-task  A4Web  A4Web-rfe  A4Web-task  A55  Aaa  Aaa-rfe  Aaa-task  AaaTest  AaaTest-rfe  AaaTest-task  AaaTest1  Abalone  Aben  Aben-rfe  Aben-task  Aboard  Aboot  Aboot-rfe  Aboot-task  AbootFirmwareUtils  AbootFirmwareUtils-rfe  AbootFirmwareUtils-task  AbootTest  AbootTest-rfe  AbootTest-task  Abug  Abug-rfe  Abug-task  Abug-testing  AbugApi  AbugApi-rfe  AbugApi-task  Abuild  Abuild-rfe  Abuild-task  AbuildDb  AbuildDb-rfe  AbuildDb-task  AbuildWeb  AbuildWeb-rfe  AbuildWeb-task  abuildworkspace-service  abuildworkspace-service-rfe  abuildworkspace-service-task  Acacia-diags  Acarpool  Acarpool-rfe  Acarpool-task  Acl  Acl-rfe  Acl-task  AclAgent  AclAgent-rfe  AclAgent-task  AclSnmp  AclSnmp-rfe  AclSnmp-task  AclTest  AclTest-rfe  AclTest-task  AclTestLib  AclTestLib-rfe  AclTestLib-task  Across  Across-rfe  Across-task  ActivePerl  ActivePerl-rfe  ActivePerl-task  actor  actor-rfe  actor-task  addronly-nat  addronly-nat-rfe  addronly-nat-task  Adm1066  Adm1066-rfe  Adm1066-task  Adt7462  Adt7462-rfe  Adt7462-task  Adt7483  Adt7483-rfe  Adt7483-task  Aeluros  Aeluros-rfe  aer-uio  aer-uio-rfe  aer-uio-task  Aeris  Aeris-rfe  Aeris-task  AerisTest  AerisTest-rfe  AerisTest-task  Afetch  Afetch-rfe  Afetch-task  Afind  Afind-rfe  Afind-task  Agent  Agent-rfe  Agent-task  AgentLib  AgentLib-rfe  AgentLib-task  AgentLogging  AgentLogging-rfe  AgentLogging-task  AgentMonitor  AgentMonitor-rfe  AgentMonitor-task  AgentSyncResponder  AgentSyncResponder-rfe  AgentSyncResponder-task  AgentVis  AgentVis-rfe  AgentVis-task  Agile  Agile-rfe  AGitTools  AGitTools-rfe  AGitTools-task  Agraphviz  Agraphviz-rfe  Agraphviz-task  ahab  ahab-rfe  ahab-task  Ahire  Ahire-rfe  Ahire-task  Ahost  Ahost-rfe  Ahost-task  AhostImage  AhostImage-rfe  AhostImage-task  Ahwahnee  Ahwahnee-rfe  aid  aid-rfe  aid-task  Aie  Aie-rfe  Aie-task  Alameda  Alameda-rfe  Alameda-task  Ale  Ale-rfe  Ale-task  AleAsu  AleAsu-rfe  AleAsu-task  AleCapacity  AleCapacity-rfe  AleCapacity-task  AleCapacitySnmp  AleCapacitySnmp-rfe  AleCapacitySnmp-task  AleCentral  AleCentral-rfe  AleCentral-task  AleCfm  AleCfm-rfe  AleCfm-task  AleCounters  AleCounters-rfe  AleCounters-task  AleEvpn  AleEvpn-rfe  AleEvpn-task  AleFlow  AleFlow-rfe  AleFlow-task  AleHalo  AleHalo-rfe  AleHalo-task  AleIpsec  AleIpsec-rfe  AleIpsec-task  AleL3  AleL3-rfe  AleL3-task  AleL3Intf  AleL3Intf-rfe  AleL3Intf-task  AleL3Unicast  AleL3Unicast-rfe  AleL3Unicast-task  AleMacSec  AleMacSec-rfe  AleMacSec-task  AleMpls  AleMpls-rfe  AleMpls-task  AleMroute  AleMroute-rfe  AleMroute-task  AleNat  AleNat-rfe  AleNat-task  AlePbr  AlePbr-rfe  AlePbr-task  AlePhy  AlePhy-rfe  AlePhy-task  AleQos  AleQos-rfe  AleQos-task  AleTcam  AleTcam-rfe  AleTcam-task  AleTestLib  AleTestLib-rfe  AleTestLib-task  AleVrrp  AleVrrp-rfe  AleVrrp-task  AleVxlan  AleVxlan-rfe  AleVxlan-task  AlgoMatchUtil  AlgoMatchUtil-rfe  AlgoMatchUtil-task  Aloha  Aloha-rfe  Aloha-task  Alphanet  Alphanet-rfe  Alphanet-task  AltaLanz  AltaLanz-rfe  AltaLanz-task  Altera  Altera-rfe  Altera-task  Amphenol  Amphenol (DY)  Amphenol-rfe  antelope-drv  antelope-drv-rfe  antelope-drv-task  antlr3-5-2  antlr3-5-2-rfe  antlr3-5-2-task  antlr4  antlr4-rfe  antlr4-task  Anvl  Anvl-rfe  Anvl-task  Aom  Aom-diags  Aom-rfe  Aom-task  ApmPhy-diags  ApmX24  ApmX24-rfe  ApmX24-task  AppDmaLib  AppDmaLib-rfe  AppDmaLib-task  Aqemu  Aqemu-rfe  Aqemu-task  Arad  Arad-rfe  Arad-task  AradLanz  AradLanz-rfe  AradLanz-task  AradVxlan  AradVxlan-rfe  AradVxlan-task  Arbazel  Arbazel-rfe  Arbazel-task  ArBgp  ArBgp-rfe  ArBgp-task  ArBgpLu  ArBgpLu-rfe  ArBgpLu-task  ArBgpTest  ArBgpTest-rfe  ArBgpTest-task  ArBot  ArBot-rfe  ArBot-task  Arbugs  Arbugs-rfe  Arbugs-task  Arbus  Arbus-rfe  Arbus-task  ArbusAgent  ArbusAgent-rfe  ArbusAgent-task  Arby  Arby-rfe  Arby-task  Archer  Archer-rfe  Archer-task  ArcherTest  ArcherTest-rfe  ArcherTest-task  Arcov  Arcov-rfe  Arcov-task  ArDb  ArDb-rfe  ArDb-task  ardc  ardc-rfe  ardc-task  ArDcApps  ArDcApps-rfe  ArDcApps-task  ArDjango  ArDjango-rfe  ArDjango-task  Ardoc  Ardoc-rfe  Ardoc-task  Arecruit  Arecruit-rfe  Arecruit-task  Aresolve  Aresolve-rfe  Aresolve-task  Areview  Areview-rfe  Areview-task  ArGcov  ArGcov-rfe  ArGcov-task  ArGcovTest  ArGcovTest-rfe  ArGcovTest-task  ArGo  ArGo-rfe  ArGo-task  ArGoogleApps  ArGoogleApps-rfe  ArGoogleApps-task  Argotest  Argotest-rfe  Argotest-task  arista-bde  arista-bde-rfe  arista-bde-task  AristaAppForSplunk  AristaAppForSplunk-rfe  AristaAppForSplunk-task  AristaAppForSplunkNew  AristaAppForSplunkNew-rfe  AristaAppForSplunkNew-task  Arjob  Arjob-rfe  Arjob-task  ArjobDb  ArjobDb-rfe  ArjobDb-task  Ark  Ark-rfe  Ark-task  ArkCli  ArkCli-rfe  ArkCli-task  arm-tools  arm-tools-rfe  arm-tools-task  ArMake  ArMake-rfe  ArMake-task  ArMakeTest  ArMakeTest-rfe  ArMakeTest-task  ArMon  ArMon-rfe  ArMon-task  Arnet  Arnet-rfe  Arnet-task  ArNinja  ArNinja-rfe  ArNinja-task  Aroma  Aroma-rfe  Aroma-task  Arora  Arora-rfe  Arora-syslinux  Arora-syslinux-rfe  Arora-syslinux-task  Arora-task  AroraBugAlert  AroraBugAlert-rfe  AroraBugAlert-task  AroraConfig  AroraConfig-rfe  AroraConfig-task  AroraDevel  AroraDevel-rfe  AroraDevel-task  AroraExternal  AroraExternal-rfe  AroraExternal-task  AroraIcinga  AroraIcinga-rfe  AroraIcinga-task  AroraImage  AroraImage-rfe  AroraImage-task  AroraKernel  AroraKernel-rfe  AroraKernel-task  AroraUtils  AroraUtils-rfe  AroraUtils-task  AroraWeb  AroraWeb-rfe  AroraWeb-task  ArosBase  ArosBase-rfe  ArosBase-task  ArosTest  ArosTest-rfe  ArosTest-task  Arp  Arp-rfe  Arp-task  ArP4  ArP4-rfe  ArP4-task  ArpInspection  ArpInspection-rfe  ArPrep  ArPrep-rfe  ArPrep-task  ArpRoute  ArpRoute-rfe  ArpRoute-task  ArpSuppression  ArpSuppression-rfe  ArpSuppression-task  ArPygments  ArPygments-rfe  ArPygments-task  ArPyUtils  ArPyUtils-rfe  ArPyUtils-task  ArQa  ArQa-rfe  ArQa-task  Arrakis  Arrakis-rfe  ArRip  ArRip-rfe  ArRip-task  Arrow  Arrow-rfe  Arrow-task  ArrowAqlc  ArrowAqlc-rfe  ArrowAqlc-task  ArrowTacTest  ArrowTacTest-rfe  ArrowTacTest-task  ArrowTest  ArrowTest-rfe  ArrowTest-task  Arscale  Arscale-rfe  Arscale-task  Arsched  Arsched-rfe  Arsched-task  ArschedClient  ArschedClient-rfe  ArschedClient-task  Arsim  Arsim-rfe  Arsim-task  Arspark  Arspark-rfe  Arspark-task  Arsphinx  Arsphinx-rfe  Arsphinx-task  ArSwift  ArSwift-rfe  ArSwift-task  Arsys  Arsys-rfe  Arsys-task  ArsysTest  ArsysTest-rfe  ArsysTest-task  Artacc  Artacc-rfe  Artacc-task  Artest  Artest-rfe  Artest-task  ArtestTest  ArtestTest-rfe  ArtestTest-task  Artflow  Artflow-rfe  Artflow-task  Arthost  Arthost-rfe  Arthost-task  ArthostLib  ArthostLib-rfe  ArthostLib-task  Artist  Artist-rfe  Artist-task  ArToggles  ArToggles-rfe  ArToggles-task  ArTogglesCli  ArTogglesCli-rfe  ArTogglesCli-task  ArTogglesTest  ArTogglesTest-rfe  ArTogglesTest-task  Artools  Artools-rfe  Artools-task  ArtoolsDummy  ArtoolsSerialTest  ArtoolsSerialTest-rfe  ArtoolsSerialTest-task  Artournament  Artournament-rfe  Artournament-task  ArTrace  ArTrace-rfe  ArTrace-task  Arventory  Arventory-rfe  Arventory-task  AsicPktTestLib  AsicPktTestLib-rfe  AsicPktTestLib-task  AsicUtils  AsicUtils-rfe  AsicUtils-task  AsicUtils,Strata  AsicUtils,Strata-rfe  AsicUtils,Strata-task  Astec  Astec-rfe  Astec-task  ASU  Asu-rfe  Asu-task  AsuAgent  AsuAgent-rfe  AsuAgent-task  AsuCli  AsuCli-rfe  AsuCli-task  AsuFastPktRestore  AsuFastPktRestore-rfe  AsuFastPktRestore-task  AsuPatch  AsuPatch-rfe  AsuPatch-task  AsuTest  AsuTest-rfe  AsuTest-task  Atcollector  Atcollector-rfe  Atcollector-task  AtFork  AtFork-rfe  AtFork-task  Atime  Atime-rfe  Atime-task  aufs2-util  aufs2-util-rfe  aufs2-util-task  AutoAbug  automake  automake-rfe  automake-task  autopep8  autopep8-rfe  autopep8-task  AutoTest  AutoTest-rfe  AutoTest-service  AutoTest-service-rfe  AutoTest-service-task  AutoTest-task  AutoTestDb  AutoTestDb-rfe  AutoTestDb-task  AutoTriage  AutoTriage-rfe  AutoTriage-task  Avago  Avago (MD)  Avago-rfe  Avago-task  AvagoPhy-diags  Avb  Avb-rfe  Avb-task  AvbDut  AvbDut-rfe  AvbDut-task  AwebLib  AwebLib-rfe  AwebLib-task  awslogs  awslogs-rfe  awslogs-task  AwsVeosDutTest  AwsVeosDutTest-rfe  AwsVeosDutTest-task  Babbage  Babbage-rfe  Babbage-task  Backup  Backup-rfe  Backup-task  BaliFabric  BaliFabric-rfe  BaliFabric-task  Bannock  Bannock-rfe  Baremetal  Baremetal-rfe  Baremetal-task  Bartools  Bartools-rfe  Bartools-task  bash  bash-rfe  bash-task  bbcp  bbcp-rfe  bbcp-task  Bcm56300  Bcm56300-rfe  Bcm56300-task  bcmaccel  bcmaccel-rfe  bcmaccel-task  BcmApiTest  BcmApiTest-rfe  BcmApiTest-task  BcmDmaAbort  BcmDmaAbort-rfe  BcmDmaAbort-task  bcmlanz  bcmlanz-rfe  bcmlanz-task  BcmMdio  BcmMdio-rfe  BcmMdio-task  BcmPhy-diags  BcmSdkCommon  BcmSdkCommon-rfe  BcmSdkCommon-task  BcmSim  BcmSim-rfe  BcmSim-task  BeamTools  BeamTools-rfe  BeamTools-task  Bear  Bear-rfe  Beech-diags  Benchmark  Benchmark-rfe  Benchmark-task  BenchmarkDb  BenchmarkDb-rfe  BenchmarkDb-task  BenchmarkHw  BenchmarkHw-rfe  BenchmarkHw-task  Bess  Bess-rfe  Bess-task  bf-diags  bf-diags-rfe  bf-diags-task  bf-drivers  bf-drivers-rfe  bf-drivers-task  bf-syslibs  bf-syslibs-rfe  bf-syslibs-task  bf-utils  bf-utils-rfe  bf-utils-task  Bfd  Bfd-rfe  Bfd-task  bfdma  bfdma-rfe  bfdma-task  BfdTest  BfdTest-rfe  BfdTest-task  BfnAgentLib  BfnAgentLib-rfe  BfnAgentLib-task  BfnCentral  BfnCentral-rfe  BfnCentral-task  BfnCounters  BfnCounters-rfe  BfnCounters-task  BfnDiags  BfnDiags-rfe  BfnDiags-task  BfnFixed  BfnFixed-rfe  BfnFixed-task  BfnFlow  BfnFlow-rfe  BfnFlow-task  BfnHalo  BfnHalo-rfe  BfnHalo-task  BfnL2  BfnL2-rfe  BfnL2-task  BfnL3  BfnL3-rfe  BfnL3-task  BfnLag  BfnLag-rfe  BfnLag-task  BfnLib  BfnLib-rfe  BfnLib-task  BfnMbb  BfnMbb-rfe  BfnMbb-task  BfnMbbSlice  BfnMbbSlice-rfe  BfnMbbSlice-task  BfnMcast  BfnMcast-rfe  BfnMcast-task  BfnMirroring  BfnMirroring-rfe  BfnMirroring-task  BfnNat  BfnNat-rfe  BfnNat-task  BfnPhy  BfnPhy-rfe  BfnPhy-task  BfnQos  BfnQos-rfe  BfnQos-task  BfnSdk  BfnSdk-rfe  BfnSdk-task  BfnSharedState  BfnSharedState-rfe  BfnSharedState-task  BfnSliceAgent  BfnSliceAgent-rfe  BfnSliceAgent-task  BfnTunnel  BfnTunnel-rfe  BfnTunnel-task  BfnVlan  BfnVlan-rfe  BfnVlan-task  BfnXformMgr  BfnXformMgr-rfe  BfnXformMgr-task  Bgp  Bgp-rfe  Bgp-task  BgpCommon  BgpCommon-rfe  BgpCommon-task  BgpCore  BgpData  BgpData-rfe  BgpData-task  BgpFeatureTracker  BgpFeatureTracker-rfe  BgpFeatureTracker-task  BgpFlowspec  BgpFlowspec-rfe  BgpFlowspec-task  BgpSnmp  BgpSnmp-rfe  BgpSnmp-task  BgpSnmpTest  BgpSnmpTest-rfe  BgpSnmpTest-task  BgpVpnCommon  BgpVpnCommon-rfe  BgpVpnCommon-task  bigcode  bigcode-rfe  bigcode-task  Birch-diags  BlackBox  BlackBox-rfe  BlackBox-task  BlrInfra-task  Bmp  Bmp-rfe  Bmp-task  BmpDut  BmpDut-rfe  BmpDut-task  BmpTest  BmpTest-rfe  BmpTest-task  Bodega  Bodega-diags  Bodega-rfe  Bodega-task  BodegaChassis  BodegaChassis-rfe  boost  boost-rfe  boost-task  Brad  Brad-rfe  Brad-task  Breadman  Bridalveil  Bridalveil-rfe  BridgeBridge  BridgeBridge-rfe  BridgeBridge-task  BridgeTest  BridgeTest-rfe  BridgeTest-task  BroadcomSdk  BroadcomSdk-rfe  BroadcomSdk-task  BroadSync-diags  btrfs-progs  btrfs-progs-rfe  btrfs-progs-task  Buck  Buck-rfe  BugAlert  BugAlert-rfe  BugAlert-task  BugAlertTools  BugAlertTools-rfe  BugAlertTools-task  BugBoard  BugBoard-rfe  BugBoard-task  BugBot  BugBot-rfe  BugBot-task  BugsDatabase  BugsDatabase-rfe  BugsDatabase-task  BugsUI  BugsUITest  bugzilla  bugzilla-rfe  bugzilla-task  BugZTesting  Buildcache  Buildcache-rfe  Buildcache-task  Cables  Cables-rfe  Calistoga  Calistoga-rfe  Calpella  Canary  Canary-rfe  Canary-task  Capi  Capi-rfe  Capi-task  CapiTest  CapiTest-rfe  CapiTest-task  CaravanTelemetry  CaravanTelemetry-rfe  CaravanTelemetry-task  Caspar-diags  Cathedral  Cathedral-diags  Cathedral-rfe  Cazadero-diags  ccache  ccache-rfe  ccache-task  Cdp  Cdp-rfe  Cdp-task  CEos  CEos-rfe  CEos-task  CEosDut  CEosDut-rfe  CEosDut-task  CEosHelper  CEosHelper-rfe  CEosHelper-task  CEosImage  CEosImage-rfe  CEosImage-task  CEosInstaller  CEosInstaller-rfe  CEosInstaller-task  CEosNeo  CEosNeo-rfe  CEosNeo-task  CEosOnieInstaller  CEosOnieInstaller-rfe  CEosOnieInstaller-task  CEosOnieUtils  CEosOnieUtils-rfe  CEosOnieUtils-task  CEosTest  CEosTest-rfe  CEosTest-task  CEosUtils  CEosUtils-rfe  CEosUtils-task  ceph  ceph-rfe  ceph-task  CFM  CFM-rfe  Cfm-task  CfmAgent  CfmAgent-rfe  CfmAgent-task  CfmBase  CfmBase-rfe  CfmBase-task  CfmDut  CfmDut-rfe  CfmDut-task  CfmTest  CfmTest-rfe  CfmTest-task  cgroups  cgroups-rfe  cgroups-task  check  check-mibs  check-mibs-rfe  check-mibs-task  check-rfe  check-task  Chl822X  Chl822X-rfe  Chl822X-task  Cinch (LG)  cJSON  cJSON-rfe  cJSON-task  Clacton  Clacton-rfe  Clacton-task  ClariPhy  Clariphy-diags  ClariPhy-rfe  ClariPhy-task  ClassGraph  ClassGraph-rfe  ClassGraph-task  Clearlake-diags  Cli  Cli-rfe  Cli-task  Click  Click-rfe  Click-task  Climber  Climber-rfe  CliMode  CliMode-rfe  CliMode-task  CliParser  CliParser-rfe  CliParser-task  CliRelay  CliRelay-rfe  CliRelay-task  CliSchedulerMgr  CliSchedulerMgr-rfe  CliSchedulerMgr-task  CliSession  CliSession-rfe  CliSession-task  CliTest  CliTest-rfe  CliTest-task  CliTestClient  CliTestClient-rfe  CliTestClient-task  CliTracker  CliTracker-rfe  CliTracker-task  CliX  CliX-rfe  CliX-task  Clock-diags  CloudHa  CloudHa-rfe  CloudHa-task  CloudsRest-diags  CloudVirtualEnv  CloudVirtualEnv-rfe  CloudVirtualEnv-task  CloudVision-UserDoc  Cloverdale-diags  ClusterMgmt  ClusterMgmt-rfe  ClusterMgmt-task  ClusterMgmtTest  ClusterMgmtTest-rfe  ClusterMgmtTest-task  CMake  CMake-rfe  CMake-task  Codenomicon  Codenomicon-rfe  Codenomicon-task  CohabDut  CohabDut-rfe  CohabDut-task  ColdWatt  ColdWatt-rfe  ColdWatt-task  ColdWattHw  ColdWattHw-rfe  ColorChip (VL)  CommonCriteria  CommonCriteria-rfe  CommonCriteria-task  compat-antlr3  compat-antlr3-rfe  compat-antlr3-task  compat-gsoap  compat-gsoap-rfe  compat-gsoap-task  CompExplorer  CompExplorer-rfe  CompExplorer-task  ConditionalRoute  ConditionalRoute-rfe  ConditionalRoute-task  ConfigAgent  ConfigAgent-rfe  ConfigAgent-task  ConfigSession  ConfigSession-rfe  ConfigSession-task  ConnectedRoute  ConnectedRoute-rfe  ConnectedRoute-task  ConnectivityMonitor  ConnectivityMonitor-rfe  ConnectivityMonitor-task  ConnMgr  ConnMgr-rfe  ConnMgr-task  conserver  conserver-rfe  conserver-task  ContainerMgr  ContainerMgr-rfe  ContainerMgr-task  Controller  Controller-rfe  Controller-task  ControllerApp1  ControllerApp1-rfe  ControllerApp1-task  ControllerClient  ControllerClient-rfe  ControllerClient-task  ControllerCommon  ControllerCommon-rfe  ControllerCommon-task  Controllerdb  Controllerdb-rfe  Controllerdb-task  ControllerDebug  ControllerDebug-rfe  ControllerDebug-task  ControllerDut  ControllerDut-rfe  ControllerDut-task  ControllerProxyAgent  ControllerProxyAgent-rfe  ControllerProxyAgent-task  ControllerRegistration  ControllerRegistration-rfe  ControllerRegistration-task  ControllerTest  ControllerTest-rfe  ControllerTest-task  coreutils  coreutils-rfe  coreutils-task  Corrino  Corrino-rfe  Cotati-diags  cov-analysis  cov-analysis-rfe  cov-analysis-task  cov-platform  cov-platform-rfe  cov-platform-task  Coverage  Coverage-rfe  Coverage-task  CoverageGUI  CoverageGUI-rfe  CoverageGUI-task  Covsched  Covsched-rfe  Covsched-task  Coyote  Coyote-rfe  Cpld  Cpld-rfe  Cpld-task  CpssApi  CpssApi-rfe  CpssApi-task  CpuComplex  CpuComplex-rfe  CpuComplex-task  CpuFabric  CpuFabric-rfe  CpuFabric-task  CpuFabricCommon  CpuFabricCommon-rfe  CpuFabricCommon-task  CpuFabricTest  CpuFabricTest-rfe  CpuFabricTest-task  CpuLib-diags  cpuport  cpuport-rfe  cpuport-task  createrepo  createrepo-rfe  createrepo-task  CRM system  CRM system-rfe  crosstool-ng  crosstool-ng-rfe  crosstool-ng-task  Crt  Crt-rfe  Crt-task  cscope  cscope-rfe  cscope-task  Cspf  Cspf-rfe  Cspf-task  CStructGen  CStructGen-rfe  CStructGen-task  CtypeGen  CtypeGen-rfe  CtypeGen-task  curl  curl-rfe  curl-task  CVA  CVA-rfe  CVA-task  CvaDut  CvaDut-rfe  CvaDut-task  CvaTest  CvaTest-rfe  CvaTest-task  CVP  CVP-rfe  CVP-task  CvpDut  CvpDut-rfe  CvpDut-task  CVPI  CVPI-rfe  CVPI-task  CvpTest  CvpTest-rfe  CvpTest-task  CvxDemoServiceAgent  CvxDemoServiceAgent-rfe  CvxDemoServiceAgent-task  CvxDemoSwitchAgent  CvxDemoSwitchAgent-rfe  CvxDemoSwitchAgent-task  DaemonCli  DaemonCli-rfe  DaemonCli-task  DartGen  DartGen-rfe  DartGen-task  Dash  Dash-rfe  Dash-task  Dashboard-rfe  dbal  dbal-rfe  dbal-task  Dcb  Dcb-rfe  Dcb-task  Debug  Debug-rfe  Debug-task  Deckhand  Deckhand-rfe  Deckhand-task  Delta  Delta-rfe  Delta-task  DeltaHw  DeltaHw-rfe  DeltaPower  DeltaPower-rfe  DeltaPower-task  Demo  Demo_pkg  Demo_pkg-rfe  Demo_pkg-task  Demo_t  Demo_t-rfe  Demo_t-task  demo-orca-program  demo-orca-program-rfe  demo-orca-program-task  demo-orca-service  demo-orca-service-rfe  demo-orca-service-task  Demo-rfe  Demo-task  Demo1  Demo1-rfe  Demo1-task  DemoAgent  DemoAgent-rfe  DemoAgent-task  Denali  Denali-rfe  Denali-task  DenaliSnmp  DenaliSnmp-rfe  DenaliSnmp-task  Dfa  Dfa-rfe  Dfa-task  Dhclient  Dhclient-rfe  Dhclient-task  dhcp  dhcp-forwarder  dhcp-forwarder-rfe  dhcp-forwarder-task  dhcp-rfe  dhcp-task  DhcpClient  DhcpClient-rfe  DhcpClient-task  DhcpRelay  DhcpRelay-rfe  DhcpRelay-task  DhcpRelayTest  DhcpRelayTest-rfe  DhcpRelayTest-task  DhcpServer  DhcpServer-rfe  DhcpServer-task  DhcpSnooping  DiagEngine  DiagEngine-rfe  DiagEngine-task  Diags  Diags-rfe  Diags-task  DiagsImage  DiagsImage-rfe  DiagsImage-task  DiagsTools  DiagsTools-rfe  DiagsTools-task  DirectFlow  DirectFlow-rfe  DirectFlow-task  DirectFlowTest  DirectFlowTest-rfe  DirectFlowTest-task  DiskImager  DiskImager-rfe  DiskImager-task  disknanny  disknanny-rfe  disknanny-service  disknanny-service-rfe  disknanny-service-task  disknanny-task  Display  Display-rfe  Display-task  Dist  Dist-rfe  Dist-task  distcc  distcc-rfe  distcc-task  DITA Guidelines  django-hosts  django-hosts-rfe  django-hosts-task  djdump  djdump-rfe  djdump-task  dmamem  dmamem-rfe  dmamem-task  dnsmasq  dnsmasq-rfe  dnsmasq-task  docker  docker-rfe  docker-task  dockertest  dockertest-rfe  dockertest-task  Doran-diags  Dos  Dos-rfe  Dos-task  DosAlta  DosAlta-rfe  DosAlta-task  DosBarefoot  DosBarefoot-rfe  DosBarefoot-task  DosBroadcom  DosBroadcom-rfe  DosBroadcom-task  DosCtypes  DosCtypes-rfe  DosCtypes-task  DosDocumentation  DosDocumentation-rfe  DosDocumentation-task  DosFocalPoint  DosFocalPoint-rfe  DosFocalPoint-task  DosInfra  DosInfra-diags  DosInfra-rfe  DosInfra-task  DosSand  DosSand-rfe  DosSand-task  DosStrata  DosStrata-rfe  DosStrata-task  DosSystem  DosSystem-diags  DosSystem-rfe  DosSystem-task  DosSystemBase  DosSystemBase-rfe  DosSystemBase-task  DosUmbrella  DosUmbrella-rfe  DosUmbrella-task  DosXp  DosXp-rfe  DosXp-task  Dot1ag  Dot1ag-rfe  Dot1ag-task  Dot1x  Dot1x-rfe  Dot1x-task  Dpdk  Dpdk-rfe  Dpdk-task  Dpll  Dpll-rfe  Dpll-task  DropWatch  DropWatch-rfe  DropWatch-task  Ds125Br  Ds125Br-rfe  Ds125Br-task  Ds280  Ds280-rfe  Ds280-task  Dscp  Dscp-rfe  Dscp-task  DscpTest  DscpTest-rfe  DscpTest-task  DspUtils  DspUtils-rfe  DspUtils-task  dumb-init  dumb-init-rfe  dumb-init-task  DummyACL  DummyACL-rfe  DummyACL-task  dummyaclagent  dummyaclagent-rfe  dummyaclagent-task  Dune  Dune-rfe  dwz  dwz-rfe  dwz-task  DynamicRoutes  DynamicRoutes-rfe  DynamicRoutes-task  DynamicRouting  DynamicRouting-rfe  DynamicServiceInsertion  DynamicServiceInsertion-rfe  DynamicServiceInsertion-task  dynamips  dynamips-rfe  dynamips-task  EaglePeak-diags  Eapi  Eapi-rfe  Eapi-task  Ebra  Ebra-rfe  Ebra-task  EbraOCTests  EbraOCTests-rfe  EbraOCTests-task  EbraSnmp  EbraSnmp-rfe  EbraSnmp-task  EcbAgent  EcbAgent-rfe  EcbAgent-task  edtest  edtest-rfe  edtest-task  EDVT-Automation-Tools  Eeyore  Eeyore-rfe  Eeyore-task  eke  eke-rfe  eke-task  ElCapitan-diags  ElCorazon-diags  emacs  emacs-rfe  emacs-task  Emcore (JB)  EmersonHw  EmersonHw-rfe  EmersonPower  EmersonPower-rfe  EmersonPower-task  EngTeam  EngTeam-rfe  EngTeam-task  Enigma  Enigma-rfe  Enigma-task  EnigmaApi  EnigmaApi-rfe  EnigmaApi-task  EntityMib  EntityMib-rfe  EntityMib-task  Environment  Environment-rfe  Environment-task  EnvSnmp  EnvSnmp-rfe  EnvSnmp-task  Eoam  Eoam-rfe  Eoam-task  Eos  Eos-initscripts  Eos-initscripts-rfe  Eos-initscripts-task  Eos-logos  Eos-logos-rfe  Eos-logos-task  Eos-release  Eos-release-rfe  Eos-release-task  Eos-rfe  Eos-task  Eos-udev  Eos-udev-rfe  Eos-udev-task  EOS-UserDoc  EosAbootFirmwareUtils  EosAbootFirmwareUtils-rfe  EosAbootFirmwareUtils-task  EosDoc  EosDoc-rfe  EosDoc-task  EosExtras  EosExtras-rfe  EosExtras-task  EosImage  EosImage-rfe  EosImage-task  EosImage2GB  EosImage2GB-rfe  EosImage2GB-task  EosImageREV01HW  EosImageREV01HW-rfe  EosImageREV01HW-task  EosInit  EosInit-rfe  EosInit-task  EosKernel  EosKernel-rfe  EosKernel-task  EosKernelTest  EosKernelTest-rfe  EosKernelTest-task  EosLiteDut  EosLiteDut-rfe  EosLiteDut-task  EosSdk  EosSdk-rfe  EosSdk-task  EosSdkApps  EosSdkApps-rfe  EosSdkApps-task  EosTortureTest  EosTortureTest-rfe  EosTortureTest-task  EosUtils  EosUtils-rfe  EosUtils-task  EosVersion  EosVersion-rfe  EosVersion-task  Epil2Api  Epil2Api-rfe  Epil2Api-task  EpilApi  EpilApi-rfe  EpilApi-task  Epoch  Epoch-rfe  Epoch-task  EpqDmaLib  EpqDmaLib-rfe  EpqDmaLib-task  Eql  Eql-rfe  Eql-task  Espresso  Espresso-rfe  Espresso-task  EtbaDut  EtbaDut-rfe  EtbaDut-task  Ether  EthIntf  EthIntf-rfe  EthIntf-task  EthIntfSnmp  EthIntfSnmp-rfe  EthIntfSnmp-task  Eureka-diags  EventHistory  EventHistory-rfe  EventHistory-task  EventHistoryCli  EventHistoryCli-rfe  EventHistoryCli-task  EventMgr  EventMgr-rfe  EventMgr-task  EventMgrEnvironment  EventMgrEnvironment-rfe  EventMgrEnvironment-task  EventMgrSystem  EventMgrSystem-rfe  EventMgrSystem-task  EventMon  EventMon-rfe  EventMon-task  EventMonTest  EventMonTest-rfe  EventMonTest-task  Evora  Evora-rfe  Evora-task  EvoraApi  EvoraApi-rfe  EvoraApi-task  EvoRack  EvoRack-rfe  EvoRack-task  Evpn  Evpn-rfe  Evpn-task  EvpnLib  EvpnLib-rfe  EvpnLib-task  EvpnMplsTest  EvpnMplsTest-rfe  EvpnMplsTest-task  EvpnTest  EvpnTest-rfe  EvpnTest-task  EvpnVxlanTest  EvpnVxlanTest-rfe  EvpnVxlanTest-task  exabgp  exabgp-rfe  exabgp-task  Excelight  Excelight-rfe  exectest  exectest-rfe  exectest-task  Extension  Extension-rfe  Extension-task  ExtensionMgr  ExtensionMgr-rfe  ExtensionMgr-task  ExtEntity  ExtEntity-rfe  ExtEntity-task  External  External-rfe  External-task  ExternalAlarm  ExternalAlarm-rfe  ExternalAlarm-task  f1  f1-rfe  f1-task  fable  fable-rfe  fable-task  FabricIntf  FabricIntf-rfe  FabricIntf-task  Facilities  Facilities-rfe  fal  fal-rfe  fal-task  Fan-diags  Fan/Power  Fan/Power-rfe  FastServerFailover  FastServerFailover-rfe  FastServerFailover-task  FastServerFailoverTest  FastServerFailoverTest-rfe  FastServerFailoverTest-task  FaultInjection  FaultInjection-rfe  FaultInjection-task  FeatureQosMixedTests  FeatureQosMixedTests-rfe  FeatureQosMixedTests-task  FeatureRoutingMixedTests  FeatureRoutingMixedTests-rfe  FeatureRoutingMixedTests-task  Fhrp  Fhrp-rfe  Fhrp-task  FhrpSnmp  FhrpSnmp-rfe  FhrpSnmp-task  FhrpTest  FhrpTest-rfe  FhrpTest-task  FileCli  FileCli-rfe  FileCli-task  FileReplication  FileReplication-rfe  FileReplication-task  FileSystemMount  FileSystemMount-rfe  FileSystemMount-task  FileSystems  FileSystems-rfe  FileSystems-task  Finisar  Finisar (TH)  Finisar-rfe  fipscheck  fipscheck-rfe  fipscheck-task  Firewall  Firewall-rfe  Firewall-task  FirewallTest  FirewallTest-rfe  FirewallTest-task  firmware  firmware-rfe  firmware-task  FlameGraph  FlameGraph-rfe  FlameGraph-task  FlexCounters  FlexCounters-rfe  FlexCounters-task  FlexCountersTest  FlexCountersTest-rfe  FlexCountersTest-task  FmApi  FmApi-rfe  FmApi-task  Fne  Fne-rfe  Fne-task  FneTest  FneTest-rfe  FneTest-task  FocalPoint  focalpoint-plx  focalpoint-plx-rfe  focalpoint-plx-task  FocalPoint-rfe  FocalPoint-task  FocalPointV2  FocalPointV2-rfe  FocalPointV2-task  FocalPointV2Test  FocalPointV2Test-rfe  FocalPointV2Test-task  Forestville-diags  ForwardingAgentQosTestMixedTests  ForwardingAgentQosTestMixedTests-rfe  ForwardingAgentQosTestMixedTests-task  ForwardingAgentVxlanTestMixedTests  ForwardingAgentVxlanTestMixedTests-rfe  ForwardingAgentVxlanTestMixedTests-task  ForwardingMonitor  ForwardingMonitor-rfe  ForwardingMonitor-task  Fossil  Fossil-rfe  Fossil-task  fpdma  fpdma-rfe  fpdma-task  Fpga  Fpga-rfe  Fpga-task  FpgaHealthMonitor  FpgaHealthMonitor-rfe  FpgaHealthMonitor-task  FPLanz  FPLanz-rfe  FPLanz-task  freeradius-client  freeradius-client-rfe  freeradius-client-task  Fru  Fru-rfe  Fru-task  FruSnmp  FruSnmp-rfe  FruSnmp-task  Fulcrum  Fulcrum-rfe  FuriaApi  FuriaApi-rfe  FuriaApi-task  FuseAgent  FuseAgent-rfe  FuseAgent-task  Fvm  Fvm-rfe  Fvm-task  gated  gated-rfe  gated-task  GatedBgp  GatedBgp-rfe  GatedBgp-task  GatedRouteMap  GatedRouteMap-rfe  GatedRouteMap-task  GatedSnmp  GatedSnmp-rfe  GatedSnmp-task  GatedTe  GatedTe-rfe  GatedTe-task  GatedTest  GatedTest-rfe  GatedTest-task  gbenchmark  gbenchmark-rfe  gbenchmark-task  GbEPROM  GbEPROM-rfe  GbEPROM-task  gcc  gcc-rfe  gcc-task  gdb  gdb-rfe  gdb-task  geiger  geiger-rfe  geiger-task  General-diags  GenericSnmp  GenericSnmp-rfe  GenericSnmp-task  GenSuite  GenSuite-rfe  GenSuite-task  gflags  gflags-rfe  gflags-task  gitar  gitar-rfe  gitar-task  github  github-rfe  github-task  GitPatchMgmt  GitPatchMgmt-rfe  GitPatchMgmt-task  GitPatchReview  GitPatchReview-rfe  GitPatchReview-task  Glacier  Glacier-rfe  Glacier-task  GlenEllen  GlenEllen-rfe  Glenlyon  Glenlyon-rfe  Glenlyon-task  glibc  glibc-rfe  glibc-task  glog  glog-rfe  glog-task  Gmp  Gmp-rfe  Gmp-task  Gn2405  Gn2405-rfe  Gn2405-task  gnmi  gnmi-rfe  gnmi-task  gnoi  gnoi-rfe  gnoi-task  go-mangoes  go-mangoes-rfe  go-mangoes-task  go-mangos  go-mangos-rfe  go-mangos-task  go-nanomsg  go-nanomsg-rfe  go-nanomsg-task  goa4  goa4-rfe  goa4-task  goexternal  goexternal-rfe  goexternal-task  gograb  gograb-rfe  gograb-task  golang  golang-rfe  golang-task  GoldenGate  GoldenGate-rfe  Goodbye  Goodbye-rfe  Goodbye-task  google-api-python-client  google-api-python-client-rfe  google-api-python-client-task  google-perftools  google-perftools-rfe  google-perftools-task  gopacket  gopacket-rfe  gopacket-task  GOpenFlow  GOpenFlow-rfe  GOpenFlow-task  gotestlib  gotestlib-rfe  gotestlib-task  goworkspace  goworkspace-rfe  goworkspace-task  gperftools  gperftools-rfe  gperftools-task  GPIO-diags  Group  Group-rfe  Group-task  grpc  grpc-rfe  grpc-task  grpcio  grpcio-rfe  grpcio-task  gsoap  gsoap-rfe  gsoap-task  gtest  gtest-rfe  gtest-task  Guernville-diags  gut  gut-rfe  gut-task  hadoop-distributions  hadoop-distributions-rfe  hadoop-distributions-task  HadoopTracer  HadoopTracer-rfe  HadoopTracer-task  Halfdome  Halfdome-rfe  Halo  Halo-rfe  Halo-task  HaloFpga  HaloFpga-rfe  HaloFpga-task  HaloUtil  HaloUtil-rfe  HaloUtil-task  Hardware  Hardware-rfe  Hardware-task  HashUtils  HashUtils-rfe  HashUtils-task  Health  Health-rfe  Health-task  HealthMgr  HealthMgr-rfe  HealthMgr-task  Helena  Helena-rfe  Hello  Hello-rfe  Hello-task  HelloAgent  HelloAgent-rfe  HelloAgent-task  help2man  help2man-rfe  help2man-task  HitlessRestartTest  HitlessRestartTest-rfe  HitlessRestartTest-task  HMtestPackage  Hollywod-rfe  Hollywod-task  Hollywood  Hollywood-rfe  Hollywood-task  HostInject  HostInject-rfe  HostInject-task  HostInjectAgent  HostInjectAgent-rfe  HostInjectAgent-task  HostResourcesMib  HostResourcesMib-rfe  HostResourcesMib-task  HostSecurity  HostSecurity-rfe  HostSecurity-task  HostSecurityTest  HostSecurityTest-rfe  HostSecurityTest-task  hrdb  hrdb-rfe  hrdb-task  Hsc  Hsc-rfe  Hsc-task  HscRestApi  HscRestApi-rfe  HscRestApi-task  HttpbinDut  HttpbinDut-rfe  HttpbinDut-task  HttpService  HttpService-rfe  HttpService-task  Hut  Hut-rfe  Hut-task  HW-UserDoc  icinga  icinga-rfe  icinga-task  Idt82p33831  Idt82p33831-rfe  Idt82p33831-task  Idt82v3396  Idt82v3396-rfe  Idt82v3396-task  idutils  idutils-rfe  idutils-task  Igmp  Igmp-rfe  Igmp-task  IgmpHost  IgmpHost-rfe  IgmpHost-task  IgmpHostProxy  IgmpHostProxy-rfe  IgmpHostProxy-task  IgmpProxy  IgmpProxy-rfe  IgmpProxy-task  IgmpSnmp  IgmpSnmp-rfe  IgmpSnmp-task  IgmpSnooping  IgmpSnooping-rfe  IgmpSnooping-task  IgmpSnoopingFeature  IgmpSnoopingFeature-rfe  IgmpSnoopingTest  IgmpSnoopingTest-rfe  IgmpSnoopingTest-task  IgmpTest  IgmpTest-rfe  IgmpTest-task  ImageTest  ImageTest-rfe  ImageTest-task  Influx  Influx-rfe  Influx-task  influxlib  influxlib-rfe  influxlib-task  InnoLight (DP)  Inphi  Inphi-rfe  Inphi-task  InPhy-diags  Intel  Intel-rfe  InternalPortsSnmp  InternalPortsSnmp-rfe  InternalPortsSnmp-task  InteropL1  InteropL1Test  InteropL1Test-rfe  InteropL1Test-task  Intf  Intf-rfe  Intf-task  IntfAdapter  IntfAdapter-rfe  IntfAdapter-task  IntfSnmp  IntfSnmp-rfe  IntfSnmp-task  iomemory-vsl  iomemory-vsl-rfe  iomemory-vsl-task  iozone  iozone-rfe  iozone-task  IpDut  IpDut-rfe  IpDut-task  iperf  iperf-rfe  iperf-task  IpEth  IpEth-rfe  IpEth-task  IpEthTest  IpEthTest-rfe  IpEthTest-task  IpMRouteSnmp  IpMRouteSnmp-rfe  IpMRouteSnmp-task  IpRib  IpRib-rfe  IpRib-task  IpRibDut  IpRibDut-rfe  IpRibDut-task  IpRibLib  IpRibLib-rfe  IpRibLib-task  IpRibMain  IpRibMain-rfe  IpRibMain-task  IpRibTest  IpRibTest-rfe  IpRibTest-task  iproute  iproute-rfe  iproute-task  Ipsec  ipsec_flow_parallelization  ipsec_flow_parallelization-rfe  ipsec_flow_parallelization-task  Ipsec-rfe  Ipsec-task  ipsecflow_parallelization  ipsecflow_parallelization-rfe  ipsecflow_parallelization-task  IpsecTest  IpsecTest-rfe  IpsecTest-task  iptables  iptables-rfe  iptables-task  Ipv6NeighborDiscovery  Ipv6NeighborDiscovery-rfe  Ipv6NeighborDiscovery-task  Ipv6RouterAdvt  Ipv6RouterAdvt-rfe  Ipv6RouterAdvt-task  Ira  Ira-rfe  Ira-task  IraAcl  IraAcl-rfe  IraAcl-task  IraSnmp  IraSnmp-rfe  IraSnmp-task  irqbalance  irqbalance-rfe  irqbalance-task  isatapd  isatapd-rfe  isatapd-task  Isis  Isis-rfe  Isis-task  IsisMultiProtocolTest  IsisMultiProtocolTest-rfe  IsisMultiProtocolTest-task  isl  isl-rfe  isl-task  Isl6812X  Isl6812X-rfe  Isl6812X-task  IT Support  IT Support-rfe  ixHltApi  ixHltApi-rfe  ixHltApi-task  Ixia  Ixia-rfe  Ixia-task  ixNetworkTcl  ixNetworkTcl-rfe  ixNetworkTcl-task  ixTclHal  ixTclHal-rfe  ixTclHal-task  jcc  jcc-rfe  jcc-task  JDSU  JDSU (CW)  JDSU-rfe  jemalloc  jemalloc-rfe  jemalloc-task  Jenner  Jenner-rfe  Jenner-task  Jericho2Fixed  Jericho2Fixed-rfe  Jericho2Fixed-task  JerichoFixed  JerichoFixed-rfe  JerichoFixed-task  JerichoPlusFixed  JerichoPlusFixed-rfe  JerichoPlusFixed-task  Jinja2  Jinja2-rfe  Jinja2-task  JPlusFixed  JPlusFixed-rfe  JPlusFixed-task  jshon  jshon-rfe  jshon-task  json-cfg  json-cfg-rfe  json-cfg-task  jsonrpclib  jsonrpclib-rfe  jsonrpclib-task  Jtag  Jtag-rfe  Jtag-task  Judy  Judy-rfe  Judy-task  jungledisk  jungledisk-rfe  jungledisk-task  Kabini  Kabini-rfe  Kabini-task  kafka  kafka-rfe  kafka-task  kafkacat  kafkacat-rfe  kafkacat-task  kbfd  kbfd-rfe  kbfd-task  Kbp  kbp-driver  kbp-driver-rfe  kbp-driver-task  Kbp-rfe  Kbp-task  KbpSdk  KbpSdk-rfe  KbpSdk-task  KernelDevTools  KernelDevTools-rfe  KernelDevTools-task  KernelFib  KernelFib-rfe  KernelFib-task  KernelFibTest  KernelFibTest-rfe  KernelFibTest-task  KernelMfib  KernelMfib-rfe  KernelMfib-task  KernelNetworkInfo  KernelNetworkInfo-rfe  KernelNetworkInfo-task  KernelVersion  KernelVersion-rfe  KernelVersion-task  kexec-tools  kexec-tools-rfe  kexec-tools-task  klish  klish-rfe  klish-task  kshim  kshim-rfe  kshim-task  kubectl  kubectl-rfe  kubectl-task  kwonly-args  kwonly-args-rfe  kwonly-args-task  L2Rib  L2Rib-rfe  L2Rib-task  L3BfdTest  L3BfdTest-rfe  L3BfdTest-task  L3ProtocolAgentModelCleanup  L3ProtocolAgentModelCleanup-rfe  L3ProtocolAgentModelCleanup-task  L3ProtocolCleanup  L3ProtocolCleanup-rfe  L3ProtocolCleanup-task  L3TestLib  L3TestLib-rfe  L3TestLib-task  L3Vpn  L3Vpn-rfe  L3Vpn-task  Labpatch  Labpatch-rfe  Labpatch-task  Lag  Lag-rfe  Lag-task  LagSnmp  LagSnmp-rfe  LagSnmp-task  LagTest  LagTest-rfe  LagTest-task  Lanz  Lanz-rfe  Lanz-task  lanzcoprocessor  lanzcoprocessor-rfe  lanzcoprocessor-task  LanzTest  LanzTest-rfe  LanzTest-task  Larkfield-diags  LassenPower  LassenPower-rfe  LassenPower-task  lasso  lasso-rfe  lasso-task  Lattice  Lattice-rfe  Lattice-task  Launcher  Launcher-rfe  Launcher-task  LauncherSnmp  LauncherSnmp-rfe  LauncherSnmp-task  Layer1Mgmt  Layer1Mgmt-rfe  Layer1Mgmt-task  Ldp  Ldp-rfe  Ldp-task  LdpSnmp  LdpSnmp-rfe  LdpSnmp-task  LdpTest  LdpTest-rfe  LdpTest-task  Leoni (HC)  lftp  lftp-rfe  lftp-task  libcrafter  libcrafter-rfe  libcrafter-task  libdrm  libdrm-rfe  libdrm-task  libedit  libedit-rfe  libedit-task  libestrar  libestrar-rfe  libestrar-task  libev  libev-rfe  libev-task  libevent  libevent-rfe  libevent-task  libfastjson  libfastjson-rfe  libfastjson-task  libipt  libipt-rfe  libipt-task  liblogging  liblogging-rfe  liblogging-task  liblognorm  liblognorm-rfe  liblognorm-task  libpcap  libpcap-rfe  libpcap-task  librdkafka  librdkafka-rfe  librdkafka-task  librelp  librelp-rfe  librelp-task  libtool  libtool-rfe  libtool-task  libuio  libuio-rfe  libuio-task  libunwind  libunwind-rfe  libunwind-task  libvirt  libvirt-rfe  libvirt-task  License  License-rfe  License-task  LicenseCommon  LicenseCommon-rfe  LicenseCommon-task  LicenseRequestWeb  LicenseRequestWeb-rfe  LicenseRequestWeb-task  LicenseServer  LicenseServer-rfe  LicenseServer-task  LicenseTest  LicenseTest-rfe  LicenseTest-task  lidar  lidar-rfe  lidar-task  LinuxBridge  LinuxBridge-rfe  LinuxBridge-task  lksim  lksim-rfe  lksim-task  Lldp  Lldp-rfe  Lldp-task  LldpTest  LldpTest-rfe  LldpTest-task  llvm  llvm-rfe  llvm-task  Lm73  Lm73-rfe  Lm73-task  Lm95234  Lm95234-rfe  Lm95234-task  LoadBalancer  LoadBalancer-rfe  LoadBalancer-task  LoggedIo  LoggedIo-rfe  LoggedIo-task  LogLake  LogMgr  LogMgr-rfe  LogMgr-task  Logscan-service  Logscan-service-rfe  Logscan-service-task  LoopProtect  LoopProtect-rfe  LoopProtect-task  LpmTrie  LpmTrie-rfe  LpmTrie-task  m2crypto  m2crypto-rfe  m2crypto-task  M8  M8-rfe  MacMon  MacMon-rfe  MacMon-task  MacPhyConc  MacPhyConc-rfe  MacPhyConc-task  Macsec  Macsec-rfe  Macsec-task  MacSecAle  MacSecAle-rfe  MacSecAle-task  MacsecProxy  MacsecProxy-rfe  MacsecProxy-task  MacsecWeb  MacsecWeb-rfe  MacsecWeb-task  MadApi  MadApi-rfe  MadApi-task  MaintenacenModeTest  MaintenacenModeTest-rfe  MaintenacenModeTest-task  Maintenance  Maintenance-rfe  Maintenance-task  MaintenanceMode  MaintenanceMode-rfe  MaintenanceMode-task  MaintenanceModeTest  MaintenanceModeTest-rfe  MaintenanceModeTest-task  make  make-rfe  make-task  makedumpfile  makedumpfile-rfe  makedumpfile-task  ManagementActive  ManagementActive-rfe  ManagementActive-task  Manufacturing  Manufacturing-rfe  Marco  Marco-rfe  Marco-task  MarcoTest  MarcoTest-rfe  MarcoTest-task  MatchList  MatchList-rfe  MatchList-task  Matt  Matt-rfe  Matt-task  Max24305  Max24305-rfe  Max24305-task  Max31790  Max31790-rfe  Max31790-task  Max5980  Max5980-rfe  Max5980-task  Max6658  Max6658-rfe  Max6658-task  Max6697  Max6697-rfe  Max6697-task  mb-tools  mb-tools-rfe  mb-tools-task  MbbPostcodef  MbbPostcodef-rfe  MbbPostcodef-task  McastAgentContainer  McastAgentContainer-rfe  McastAgentContainer-task  McastBoundary  McastBoundary-rfe  McastBoundary-task  McastBridging  McastBridging-rfe  McastBridging-task  McastCommon  McastCommon-rfe  McastCommon-task  McastCommonTest  McastCommonTest-rfe  McastCommonTest-task  McastTest  McastTest-rfe  McastTest-task  Mcp55  Mcp55-rfe  Mcp55-task  Meadowood  Meadowood-rfe  Mellanox  Mellanox-rfe  Memgraph  Memgraph-rfe  Memgraph-task  Memory-diags  Mendocino  Mendocino-diags  Mendocino-rfe  Mendocino-task  Mentor  Mentor-rfe  Merced  Merced-rfe  Merge  Merge (WX)  Merge-rfe  Metadb  Metadb-rfe  Metadb-task  MetadbTest  MetadbTest-rfe  MetadbTest-task  MfgInfra  MfgInfra-diags  MfgInfra-rfe  MfgInfra-task  MfgShared  MfgShared-rfe  MfgShared-task  MfgTest  MfgTest-rfe  MfgTest-task  MgmtSecurity  MgmtSecurity-rfe  MgmtSecurity-task  Microsemi  Microsemi-rfe  Microsemi-task  mingetty  mingetty-rfe  mingetty-task  mips-sde  mips-sde-rfe  mips-sde-task  Mirroring  Mirroring-rfe  Mirroring-task  MirroringTest  MirroringTest-rfe  MirroringTest-task  Misc  Misc-rfe  MiscSnmp  MiscSnmp-rfe  MiscSnmp-task  mjollnir  mjollnir-rfe  mjollnir-task  mkelfImage  mkelfImage-rfe  mkelfImage-task  Mlag  Mlag-rfe  Mlag-task  MlagDut  MlagDut-rfe  MlagDut-task  MlagSnmp  MlagSnmp-rfe  MlagSnmp-task  MlagVrrp  MlagVrrp-rfe  MlagVrrp-task  Mld  Mld-rfe  Mld-task  MldTest  MldTest-rfe  MldTest-task  Mmpa  Mmpa-rfe  Mmpa-task  mock-program  mock-program-rfe  mock-program-task  mock-service  mock-service-rfe  mock-service-task  mod_auth_mellon  mod_auth_mellon-rfe  mod_auth_mellon-task  mod_python  mod_python-rfe  mod_python-task  Modular  Modular-rfe  Modular-task  ModularPlatform  ModularPlatform-rfe  Molex  Molex (PV)  Molex-rfe  mosh  mosh-rfe  mosh-task  MoshCli  MoshCli-rfe  MoshCli-task  moss  moss-rfe  moss-task  MountAnalyzer  MountAnalyzer-rfe  MountAnalyzer-task  MoveDownstairs  MoveDownstairs-rfe  MpcFree  MpcFree-rfe  MpcFree-task  Mpls  Mpls-rfe  Mpls-task  MplsAgent  MplsAgent-rfe  MplsAgent-task  MplsData  MplsData-rfe  MplsData-task  MplsTest  MplsTest-rfe  MplsTest-task  MplsUtils  MplsUtils-rfe  MplsUtils-task  MplsVpn  MplsVpn-rfe  MplsVpn-task  mpt3sas  mpt3sas-rfe  mpt3sas-task  Mroute  Mroute-rfe  Mroute-task  MrouteTest  MrouteTest-rfe  MrouteTest-task  Mrp  Mrp-rfe  Mrp-task  mrt  mrt-rfe  mrt-task  mrtparse  mrtparse-rfe  mrtparse-task  MrtrDut  MrtrDut-rfe  MrtrDut-task  Msdp  Msdp-rfe  Msdp-task  MsdpSnmp  MsdpSnmp-rfe  MsdpSnmp-task  MsdpTest  MsdpTest-rfe  MsdpTest-task  Msrp  Msrp-rfe  Msrp-task  Mss  Mss-rfe  Mss-task  MssClient  MssClient-rfe  MssClient-task  MssPolicyMonitor  MssPolicyMonitor-rfe  MssPolicyMonitor-task  MssTest  MssTest-rfe  MssTest-task  Mt. Baker  Mt. Baker-rfe  MtDan-diags  MtDana-diags  MtdApi  MtdApi-rfe  MtdApi-task  mtrace  mtrace-rfe  mtrace-task  MultiProtocolRouting  MultiProtocolRouting-rfe  MultiProtocolRouting-task  MultiProtocolTools  MultiProtocolTools-rfe  MultiProtocolTools-task  MultiProtocolTunnelTest  MultiProtocolTunnelTest-rfe  MultiProtocolTunnelTest-task  Mvrp  Mvrp-rfe  Mvrp-task  MyDemo  MyDemo-rfe  MyDemo-task  mysqltestlib  mysqltestlib-rfe  mysqltestlib-task  NameNode  NameNode-rfe  NameNode-task  NameNodeTest  NameNodeTest-rfe  NameNodeTest-task  NamespaceCluster  NamespaceCluster-rfe  NamespaceCluster-task  NamespaceDut  NamespaceDut-rfe  NamespaceDut-task  nanomsg  nanomsg-rfe  nanomsg-task  nanowbem  nanowbem-rfe  nanowbem-task  Napa  Napa-hw  Napa-rfe  Napa-task  Nat  Nat-rfe  Nat-task  NatTest  NatTest-rfe  NatTest-task  ncclient  ncclient-rfe  ncclient-task  ncurses  ncurses-rfe  ncurses-task  ndisc6  ndisc6-rfe  ndisc6-task  net-snmp  net-snmp-rfe  net-snmp-task  Netconf  Netconf-rfe  Netconf-task  netns  netns-rfe  netns-task  NetworkTest  NetworkTest-rfe  NetworkTest-task  NetworkTools  NetworkTools-rfe  NetworkTools-task  NetworkView  NetworkView-rfe  NetworkView-task  Nevada  Nevada-rfe  NewBgp  NewBgp-rfe  NewBgp-task  nginx  nginx-rfe  nginx-task  nglogc  nglogc-rfe  nglogc-task  Nice  Nice Diags  nios2eds  nios2eds-rfe  nios2eds-task  nnpy  nnpy-rfe  nnpy-task  node  node-rfe  node-task  nodejs  nodejs-rfe  nodejs-task  Nooksack  Nooksack-rfe  NorCal  NorCal-rfe  NorCal-task  NorCalCard  NorCalCard-rfe  NorCalCard-task  NorCalMfg  NorCalMfg-rfe  NorCalMfg-task  NorCalSys  NorCalSys-rfe  NorCalSys-task  NorCalTest  NorCalTest-rfe  NorCalTest-task  nstools  nstools-rfe  nstools-task  nsutil  nsutil-rfe  nsutil-task  Ntp  Ntp-rfe  Ntp-task  ntp-udel  ntp-udel-rfe  ntp-udel-task  NuageVsp  Nvgre  Nvgre-rfe  Nvgre-task  Oak-diags  OAM-task  oauth2client  oauth2client-rfe  oauth2client-task  ObjectTracking  ObjectTracking-rfe  ObjectTracking-task  oepnssl  oepnssl-rfe  oepnssl-task  Olema-diags  omi  omi-rfe  omi-task  onie  onie-rfe  onie-task  OnsiteDetector  OnsiteDetector-rfe  OnsiteDetector-task  openbmp  openbmp-rfe  openbmp-task  OpenConfig  OpenConfig-rfe  OpenConfig-task  OpenConfigTest  OpenConfigTest-rfe  OpenConfigTest-task  OpenFlow  OpenFlow-rfe  OpenFlow-task  OpenFlowTest  OpenFlowTest-rfe  OpenFlowTest-task  OpenGrok  OpenGrok-rfe  OpenGrok-task  openssh  openssh-rfe  openssh-task  OpenSSHTest  OpenSSHTest-rfe  OpenSSHTest-task  openssl  openssl-rfe  openssl-task  OpenStack  OpenStack-rfe  openstack-swift  openstack-swift-rfe  openstack-swift-task  OpenStack-task  openstackpythonclients  openstackpythonclients-rfe  openstackpythonclients-task  openvswitch  openvswitch-rfe  openvswitch-task  Oplink (KE)  Opnext  Opnext (AP)  Opnext-rfe  Optics  Optics-rfe  OptumSoftAbuildFirst  OptumSoftAbuildFirst-rfe  OptumSoftAbuildFirst-task  OptumSoftExternal  OptumSoftExternal-rfe  OptumSoftExternal-task  OptumSoftInfrastructure-task  OptumSoftProductTest  OptumSoftProductTest-rfe  OptumSoftProductTest-task  OptumSoftSearch  OptumSoftSearch-rfe  OptumSoftSearch-task  OptumSoftTools  OptumSoftTools-rfe  OptumSoftTools-task  Orca  Orca-rfe  Orca-task  Oscillators  Ospf  Ospf-rfe  Ospf-task  Ospf3  Ospf3-rfe  Ospf3-task  Overcast  Overcast-rfe  Overcast-task  ovftool  ovftool-rfe  ovftool-task  Ovs  Ovs-rfe  Ovs-task  P2PSync  P2PSync-rfe  P2PSync-task  P4  p4-ar-switch  p4-ar-switch-rfe  p4-ar-switch-task  p4-behavioral-model  p4-behavioral-model-rfe  p4-behavioral-model-task  p4-bf-switch  p4-bf-switch-rfe  p4-bf-switch-task  p4-bm-switch  p4-bm-switch-rfe  p4-bm-switch-task  p4-compilers  p4-compilers-rfe  p4-compilers-task  p4-hlir  p4-hlir-rfe  p4-hlir-task  P4-rfe  P4-task  p4c-bm  p4c-bm-rfe  p4c-bm-task  P4NamespaceDut  P4NamespaceDut-rfe  P4NamespaceDut-task  P4SwitchTest  P4SwitchTest-rfe  P4SwitchTest-task  p4testswitch  p4testswitch-rfe  p4testswitch-task  P4Tickets  P4Tickets-rfe  P4Tickets-task  PacketCapture  PacketCapture-rfe  PacketCapture-task  Packetpflegen  paramiko  paramiko-rfe  paramiko-task  parted  parted-rfe  parted-task  PatchPanel  PatchPanel-rfe  PatchPanel-task  PatchPanelAgent  PatchPanelAgent-rfe  PatchPanelAgent-task  PATT  PattTest  PattTest-rfe  PattTest-task  Pbr  Pbr-rfe  Pbr-task  Pca9555  Pca9555-rfe  Pca9555-task  PciBus  PciBus-rfe  PciBus-task  Pcie-diags  PcieNt  PcieNt-rfe  PcieNt-task  pcre  pcre-rfe  pcre-task  PdpDmaLib  PdpDmaLib-rfe  PdpDmaLib-task  Perdb  Perdb-rfe  Perdb-task  PeReyes  PeReyes-rfe  PeReyes-task  perforce  perforce-rfe  perforce-task  perftools  perftools-rfe  perftools-task  perl5  perl5-rfe  perl5-task  PersistentStore  PersistentStore-rfe  PersistentStore-task  peterwu  peterwu-rfe  peterwu-task  Petra  Petra-rfe  Petra-task  pexpect  pexpect-rfe  pexpect-task  Phoenix  Phoenix-rfe  Phoenix-task  Phone System  Phone System-rfe  PhyAeluros  PhyAeluros-rfe  PhyAeluros-task  PhyAlaska  PhyAlaska-rfe  PhyAlaska-task  PhyAlaskaX  PhyAlaskaX-rfe  PhyAlaskaX-task  PhyApm  PhyApm-rfe  PhyApm-task  PhyAvago  PhyAvago-rfe  PhyAvago-task  PhyAvago8812  PhyAvago8812-rfe  PhyAvago8812-task  PhyAvagoCurrent  PhyAvagoCurrent-rfe  PhyAvagoCurrent-task  PhyBcm  PhyBcm-rfe  PhyBcm-task  PhyBcm54980  PhyBcm54980-rfe  PhyBcm54980-task  PhyBcmEpil  PhyBcmEpil-rfe  PhyBcmEpil-task  PhyClariphy  PhyClariphy-rfe  PhyClariphy-task  PhyEee  PhyEee-rfe  PhyEee-task  PhyEthtool  PhyEthtool-rfe  PhyEthtool-task  PhyMtd  PhyMtd-rfe  PhyMtd-task  PhyNlp1342  PhyTest  PhyTest-rfe  PhyTest-task  PhyTn  PhyTn-rfe  PhyTn-task  Picasso  Picasso-rfe  Picasso-task  Picnic  Picnic-rfe  Piedmont  pigz  pigz-rfe  pigz-task  pika  pika-rfe  pika-task  Pim  Pim-rfe  Pim-task  PimBidir  PimBidir-rfe  PimBidir-task  PimBidirDf  PimBidirDf-rfe  PimBidirDf-task  PimBidirTest  PimBidirTest-rfe  PimBidirTest-task  PimBsr  PimBsr-rfe  PimBsr-task  PimBsrTest  PimBsrTest-rfe  PimBsrTest-task  PimReg  PimReg-rfe  PimReg-task  PimRegTest  PimRegTest-rfe  PimRegTest-task  Pimsm  Pimsm-rfe  Pimsm-task  PimsmTest  PimsmTest-rfe  PimsmTest-task  PimSnmp  PimSnmp-rfe  PimSnmp-task  pktgen  pktgen-rfe  pktgen-task  PlatformAgent  PlatformAgent-rfe  PlatformAgent-task  PlatformL3Intf  PlatformL3Intf-rfe  PlatformL3Intf-task  PlatformLibrary  PlatformLibrary-rfe  PlatformLibrary-task  PlatformTest  PlatformTest-rfe  PlatformTest-task  PlePex8600  PlePex8600-rfe  PlePex8600-task  PlugIt  PlugIt-rfe  PlugIt-task  Pluto  Pluto-rfe  Pluto-task  PlutoLib  PlutoLib-rfe  PlutoLib-task  PlutoLibrary  PlutoLibrary-rfe  PlutoLibrary-task  PlutoUtil  PlutoUtil-rfe  PlutoUtil-task  plx-pcie-drivers  plx-pcie-drivers-rfe  plx-pcie-drivers-task  Plx9056Bridge  Plx9056Bridge-rfe  Plx9056Bridge-task  PlxPex8600  PlxPex8600-rfe  PlxPex8600-task  ply  ply-rfe  ply-task  pmat  pmat-rfe  pmat-task  Pmbus  Pmbus-rfe  Pmbus-task  poc-tasks  PolicyMap  PolicyMap-rfe  PolicyMap-task  PolicyService  PolicyService-rfe  PolicyService-task  Ponderosa-diags  PortMirroring  PortMirroring-rfe  Power  Power-rfe  Power-task  PowerDevice-diags  PowerFuse  PowerFuse-rfe  PowerFuse-task  PowerOne  PowerOne-rfe  PowerOne-task  PowerSupply-diags  Prebuilt  Prebuilt-rfe  Prebuilt-task  Prestera  Prestera-rfe  Prestera-task  ProcMgr  ProcMgr-rfe  ProcMgr-task  procps  procps-ng  procps-ng-rfe  procps-ng-task  procps-rfe  procps-task  ProductAttributes  ProductAttributes-rfe  ProductAttributes-task  Proglog  Proglog-rfe  Proglog-task  ProjectReport  ProjectReport-rfe  ProjectReport-task  Pronghorn-diags  proteus-dns  proteus-dns-rfe  proteus-dns-task  Proto  Proto-rfe  Proto-task  protobuf  protobuf-rfe  protobuf-task  Pseudowire  Pseudowire-rfe  Pseudowire-task  PseudowireAgent  PseudowireAgent-rfe  PseudowireAgent-task  PseudowireCli  PseudowireCli-rfe  PseudowireCli-task  PseudowireTest  PseudowireTest-rfe  PseudowireTest-task  Psmi  Psmi-rfe  Psmi-task  PsocFanController  PsocFanController-rfe  PsocFanController-task  Psp  Psp-rfe  Psp-task  pstack  pstack-rfe  pstack-task  Ptp  Ptp-rfe  Ptp-task  ptpd  ptpd-rfe  ptpd-task  ptpd-v2  ptpd-v2-rfe  ptpd-v2-task  PtpTest  PtpTest-rfe  PtpTest-task  PtpTimeSync  PtpTimeSync-rfe  PtpTimeSync-task  PtpTimeSyncTest  PtpTimeSyncTest-rfe  PtpTimeSyncTest-task  PtReyes  PtReyes-rfe  PtReyes-task  Pulse  Pulse-rfe  Pulse-task  PulseAgent  PulseAgent-rfe  PulseAgent-task  PulseWeb  PulseWeb-rfe  PulseWeb-task  pxe  pxe-kexec  pxe-kexec-rfe  pxe-kexec-task  pxe-rfe  pxe-swi  pxe-swi-rfe  pxe-swi-task  pxe-task  py-radix  py-radix-rfe  py-radix-task  PyArrow  PyArrow-rfe  PyArrow-task  pycodestyle  pycodestyle-rfe  pycodestyle-task  pylibpcap  pylibpcap-rfe  pylibpcap-task  pylint  pylint-rfe  pylint-task  pylucene  pylucene-rfe  pylucene-task  python  python-beautiful-soup  python-beautiful-soup-rfe  python-beautiful-soup-task  python-blockdiag  python-blockdiag-rfe  python-blockdiag-task  python-breathe  python-breathe-rfe  python-breathe-task  python-cjson  python-cjson-rfe  python-cjson-task  python-cogapp  python-cogapp-rfe  python-cogapp-task  python-decorator  python-decorator-rfe  python-decorator-task  python-django  python-django-picklefield  python-django-picklefield-rfe  python-django-picklefield-task  python-django-rfe  python-django-storage-swift  python-django-storage-swift-rfe  python-django-storage-swift-task  python-django-task  python-djblets  python-djblets-rfe  python-djblets-task  python-docker  python-docker-rfe  python-docker-task  python-dpkt  python-dpkt-rfe  python-dpkt-task  python-eunuchs  python-eunuchs-rfe  python-eunuchs-task  python-eventlet  python-eventlet-rfe  python-eventlet-task  python-funcparserlib  python-funcparserlib-rfe  python-funcparserlib-task  python-graph  python-graph-rfe  python-graph-task  python-httpbin  python-httpbin-rfe  python-httpbin-task  python-httplib2  python-httplib2-rfe  python-httplib2-task  python-iso8601  python-iso8601-rfe  python-iso8601-task  python-jcc  python-jcc-rfe  python-jcc-task  python-json-cfg  python-json-cfg-rfe  python-json-cfg-task  python-jsonrpclib  python-jsonrpclib-rfe  python-jsonrpclib-task  python-kwonly-args  python-kwonly-args-rfe  python-kwonly-args-task  python-logilab-astng  python-logilab-astng-rfe  python-logilab-astng-task  python-m2crypto  python-m2crypto-rfe  python-m2crypto-task  python-markdown2  python-markdown2-rfe  python-markdown2-task  python-mox  python-mox-rfe  python-mox-task  python-ncclient  python-ncclient-rfe  python-ncclient-task  python-oftest  python-oftest-rfe  python-oftest-task  python-openbmp-api  python-openbmp-api-rfe  python-openbmp-api-task  python-openstackclients  python-openstackclients-rfe  python-openstackclients-task  python-paramiko  python-paramiko-rfe  python-paramiko-task  python-pbr  python-pbr-rfe  python-pbr-task  python-pip  python-pip-rfe  python-pip-task  python-prettytable  python-prettytable-rfe  python-prettytable-task  python-ptf  python-ptf-rfe  python-ptf-task  python-pypiserver  python-pypiserver-rfe  python-pypiserver-task  python-pyvmomi  python-pyvmomi-rfe  python-pyvmomi-task  python-requests  python-requests-rfe  python-requests-task  python-requests2  python-requests2-rfe  python-requests2-task  python-rfe  python-seqdiag  python-seqdiag-rfe  python-seqdiag-task  python-setuptools  python-setuptools-rfe  python-setuptools-task  python-six  python-six-rfe  python-six-task  python-sleekxmpp  python-sleekxmpp-rfe  python-sleekxmpp-task  python-sphinx  python-sphinx-rfe  python-sphinx-task  python-sqlalchemy  python-sqlalchemy-rfe  python-sqlalchemy-task  python-swiftclient  python-swiftclient-rfe  python-swiftclient-task  python-task  python-webcolors  python-webcolors-rfe  python-webcolors-task  python-xlrd  python-xlrd-rfe  python-xlrd-task  python-xlwt  python-xlwt-rfe  python-xlwt-task  python-ZSI  python-ZSI-rfe  python-ZSI-task  python26  python26-rfe  python26-task  python3  python3-rfe  python3-task  PyWrappers  PyWrappers-rfe  PyWrappers-task  Qbuild  Qbuild-rfe  Qbuild-task  qemu  qemu-gns3  qemu-gns3-rfe  qemu-gns3-task  qemu-kvm  qemu-kvm-rfe  qemu-kvm-task  qemu-rfe  qemu-task  QemuVmAgent  QemuVmAgent-rfe  QemuVmAgent-task  Qos  Qos-rfe  Qos-task  QosSnmp  QosSnmp-rfe  QosSnmp-task  QosTest  QosTest-rfe  QosTest-task  QuaggaDut  QuaggaDut-rfe  QuaggaDut-task  quantumfs  quantumfs-rfe  quantumfs-task  Qube  Qube-rfe  Qube-task  QubeTest  QubeTest-rfe  QubeTest-task  qubit-tools  QuickTrace  QuickTrace-rfe  QuickTrace-task  QuickTraceTest  QuickTraceTest-rfe  QuickTraceTest-task  quota  quota-rfe  quota-task  RachiticTest  RachiticTest-rfe  RachiticTest-task  Radius  Radius-rfe  Radius-task  Raild  Raild-rfe  Raild-task  RAILproto  RAILproto-rfe  RAILproto-task  RAILtest  RAILtest-rfe  RAILtest-task  Rainbow-diags  Rama  Rama-rfe  Rama-task  Raven  Raven-rfe  rbfd  rbfd-rfe  rbfd-task  RdamDatabase  RdamDatabase-rfe  RdamDatabase-task  RdamDut  RdamDut-rfe  RdamDut-task  ReachabilityMonitor  ReachabilityMonitor-rfe  ReachabilityMonitor-task  ReachabilityMonitorTest  ReachabilityMonitorTest-rfe  ReachabilityMonitorTest-task  RedSea  RedSea-rfe  RedSea-task  RedSup  RedSup-rfe  RedSup-task  RedSupSnmp  RedSupSnmp-rfe  RedSupSnmp-task  Redundancy  Redundancy-rfe  Redundancy-task  ReleaseTools  ReleaseTools-rfe  ReleaseTools-task  ReleaseUmbrella  ReloadCause  ReloadCause-rfe  ReloadCause-task  ReloadCauseAgent  ReloadCauseAgent-rfe  ReloadCauseAgent-task  ReloadPolicy  ReloadPolicy-rfe  ReloadPolicy-task  RemoteAgentSync  RemoteAgentSync-rfe  RemoteAgentSync-task  Renesas  Renesas-rfe  requests  requests-rfe  requests-task  ResourceManager  ResourceManager-rfe  ResourceManager-task  ReviewBoard  ReviewBoard-rfe  ReviewBoard-task  ReviewBoardTest  ReviewBoardTest-rfe  ReviewBoardTest-task  Ribbon-diags  RibCapi  RibCapi-rfe  RibCapi-task  RibCapiTest  RibCapiTest-rfe  RibCapiTest-task  Rio  Rio-rfe  Rio-task  RioTest  RioTest-rfe  RioTest-task  Rip  Rip-rfe  Rip-task  ripgrep  ripgrep-rfe  ripgrep-task  RN  Robo-service  Robo-service-rfe  Robo-service-task  Robo1  Robo1-rfe  Robo1-task  Robo2  Robo2-rfe  Robo2-task  Robo3  Robo3-rfe  Robo3-task  RoboScripts  RoboScripts-rfe  RoboScripts-task  rootfs-service  rootfs-service-rfe  rootfs-service-task  Rosa-diags  Rosa/SantaRosa/Cotati  RouteInput  RouteInput-rfe  RouteInput-task  RouteMap  RouteMap-rfe  RouteMap-task  RouterGeneral  RouterGeneral-rfe  RouterGeneral-task  RouterGeneralCli  RouterGeneralCli-rfe  RouterGeneralCli-task  RoutingHelper  RoutingHelper-rfe  RoutingHelper-task  rpcapd  rpcapd-rfe  rpcapd-task  Rsvp  Rsvp-rfe  Rsvp-task  RsvpTest  RsvpTest-rfe  RsvpTest-task  rsyslog  rsyslog-rfe  rsyslog-task  rtest  rtest-rfe  rtest-task  Ruby  Ruby-rfe  Ruby-task  Rutherford  Rutherford-rfe  Saguaro  Saguaro-rfe  Saguaro-task  Sai  sai-net  sai-net-rfe  sai-net-task  Sai-rfe  Sai-task  SaltLakeFixed  SaltLakeFixed-rfe  SaltLakeFixed-task  SampleSoftware  Sand  Sand--diags  Sand-diags  sand-dma  sand-dma-rfe  sand-dma-task  Sand-rfe  Sand-task  SandAcl  SandAcl-rfe  SandAcl-task  SandAclTest  SandAclTest-rfe  SandAclTest-task  SandBcmSdkShim  SandBcmSdkShim-rfe  SandBcmSdkShim-task  SandBcmSdkV2  SandBcmSdkV2-rfe  SandBcmSdkV2-task  SandBroadcomSdk  SandBroadcomSdk-rfe  SandBroadcomSdk-task  SandCounters  SandCounters-rfe  SandCounters-task  SandDanz  SandDanz-rfe  SandDanz-task  SandFabric  SandFabric-rfe  SandFabric-task  SandFap  SandFap-rfe  SandFap-task  SandFapNi  SandFapNi-rfe  SandFapNi-task  SandFapNiState  SandFapNiState-rfe  SandFapNiState-task  SandFlow  SandFlow-rfe  SandFlow-task  SandHalo  SandHalo-rfe  SandHalo-task  SandHw  SandHw-rfe  SandHw-task  SandIpsec  SandIpsec-rfe  SandIpsec-task  SandL3Unicast  SandL3Unicast-rfe  SandL3Unicast-task  SandLag  SandLag-rfe  SandLag-task  SandLanz  SandLanz-rfe  SandLanz-task  SandLib  SandLib-rfe  SandLib-task  SandMact  SandMact-rfe  SandMact-task  SandMcast  SandMcast-rfe  SandMcast-task  SandMdb  SandMdb-rfe  SandMdb-task  SandMirroring  SandMirroring-rfe  SandMirroring-task  SandOam  SandOam-rfe  SandOam-task  SandPbr  SandPbr-rfe  SandPbr-task  SandPhy  SandPhy-rfe  SandPhy-task  SandPolicyLib  SandPolicyLib-rfe  SandPolicyLib-task  SandPP  SandPP-rfe  SandPP-task  SandPtp  SandPtp-rfe  SandPtp-task  SandQos  SandQos-rfe  SandQos-task  SandSal  SandSal-rfe  SandSal-task  SandSalCommon  SandSalCommon-rfe  SandSalCommon-task  SandSdk  SandSdk-rfe  SandSdk-task  SandSdkHelper  SandSdkHelper-rfe  SandSdkHelper-task  SandSdkShim  SandSdkShim-rfe  SandSdkShim-task  SandSdkV2Helper  SandSdkV2Helper-rfe  SandSdkV2Helper-task  SandSdkV3  SandSdkV3-rfe  SandSdkV3-task  SandSdkV3Helper  SandSdkV3Helper-rfe  SandSdkV3Helper-task  SandSdkV4  SandSdkV4-rfe  SandSdkV4-task  SandSdkV4Helper  SandSdkV4Helper-rfe  SandSdkV4Helper-task  SandTapAgg  SandTapAgg-rfe  SandTapAgg-task  SandTcam  SandTcam-rfe  SandTcam-task  SandTcamLib  SandTcamLib-rfe  SandTcamLib-task  SandTest  SandTest-rfe  SandTest-task  SandTm  SandTm-rfe  SandTm-task  SandToggles  SandToggles-rfe  SandToggles-task  SandTopo  SandTopo-rfe  SandTopo-task  SandTunnel  SandTunnel-rfe  SandTunnel-task  SantaRosa-diags  Santo  Santo-common  Santo-common-rfe  Santo-common-task  Santo-psp  Santo-psp-rfe  Santo-psp-task  Santo-rfe  Santo-task  Santo-v1  Santo-v1-rfe  Santo-v1-task  Sapling  Sapling-rfe  Sb820  Sb820-rfe  Sb820-task  Sc16is760  Sc16is760-rfe  Sc16is760-task  Scaleit  Scaleit-rfe  Scaleit-task  scc  Scd  scd-driver  scd-driver-rfe  scd-driver-task  scd-em  scd-em-rfe  scd-em-task  Scd-rfe  Scd-task  ScdEmUtils  ScdEmUtils-rfe  ScdEmUtils-task  SchanAccel  SchanAccel-rfe  SchanAccel-task  SchanCentral  SchanCentral-rfe  SchanCentral-task  Schooner-diags  screen  screen-rfe  screen-task  SeaRanch  SeaRanch-rfe  SecretCli  SecretCli-rfe  SecretCli-task  SecureNic  SecureNic-rfe  SecureNic-task  Security-diags  SecurityTest  SecurityTest-rfe  SecurityTest-task  Sequoia  Sequoia-diags  Sequoia-rfe  Sequoia-task  SequoiaModular  SessionTimeout  SessionTimeout-rfe  SessionTimeout-task  Sesto-diags  Sfa  Sfa-rfe  Sfa-task  Sfe  Sfe-rfe  Sfe-task  SfeModules  SfeModules-rfe  SfeModules-task  Sflow  Sflow-rfe  Sflow-task  SflowAccel  SflowAccel-rfe  SflowAccel-task  SflowAccelTest  SflowAccelTest-rfe  SflowAccelTest-task  SflowLib  SflowLib-rfe  SflowLib-task  SflowTest  SflowTest-rfe  SflowTest-task  shadow-utils  shadow-utils-rfe  shadow-utils-task  Shape  Shape-rfe  Shape-task  ShardedMap  ShardedMap-rfe  ShardedMap-task  ShardedMapCppApi  ShardedMapCppApi-rfe  ShardedMapCppApi-task  ShardedMapTest  ShardedMapTest-rfe  ShardedMapTest-task  SharedMem  SharedMem-rfe  SharedMem-task  Shasta  Shasta-rfe  Shmalloc  Shmalloc-rfe  Shmalloc-task  ShowCommandService  ShowCommandService-rfe  ShowCommandService-task  Si5327  Si5327-rfe  Si5327-task  Silverado  Silverado-rfe  simtop  simtop-rfe  simtop-task  Skegness  Skegness-rfe  Skegness-task  SkuTools  SkuTools-rfe  SkuTools-task  SmartOptics (FB)  smartsync  smartsync-rfe  smartsync-task  Smash  Smash-rfe  Smash-task  SmashCli  SmashCli-rfe  SmashCli-task  SmashTest  SmashTest-rfe  SmashTest-task  SmashTools  SmashTools-rfe  SmashTools-task  SmashViz  SmashViz-rfe  SmashViz-task  snakefood  snakefood-rfe  snakefood-task  Snmp  Snmp-rfe  Snmp-task  Snmp,net-snmp  Snmp,net-snmp-rfe  Snmp,net-snmp-task  SnmpTest  SnmpTest-rfe  SnmpTest-task  Sol  Sol-rfe  Sol-task  Sonic  Sonic-rfe  sonic-support  sonic-support-rfe  sonic-support-task  Sonic-task  Sonoma  Sonoma-rfe  Source Photonics (ET)  source-highlight  source-highlight-rfe  source-highlight-task  SourcePhotonics  SourcePhotonics-rfe  spark  spark-rfe  spark-task  Sparrow  Sparrow-rfe  Sparrow-task  spin  spin-rfe  spin-task  spl  spl-rfe  spl-task  SplunkForwarder  SplunkForwarder-rfe  SplunkForwarder-task  squashfs-tools  squashfs-tools-rfe  squashfs-tools-task  SrTePolicy  SrTePolicy-rfe  SrTePolicy-task  SrTePolicyTest  SrTePolicyTest-rfe  SrTePolicyTest-task  SshHostKeys  SshHostKeys-rfe  SshHostKeys-task  SsoTest  SsoTest-rfe  SsoTest-task  Sta-task  StageMgr  StageMgr-rfe  StageMgr-task  StageMgrAgent  StageMgrAgent-rfe  StageMgrAgent-task  StanbyCpld  StanbyCpld-rfe  StanbyCpld-task  Stand  Stand-rfe  Stand-task  StandbyCpld  StandbyCpld-rfe  StandbyCpld-task  Stash  Stash-rfe  Stash-task  StashTest  StashTest-rfe  StashTest-task  Stat  Stat-rfe  Stat-task  StaticRoute  StaticRoute-rfe  StaticRoute-task  stest-service  stest-service-rfe  stest-service-task  stestimgbuilder  stestimgbuilder-rfe  stestimgbuilder-task  stesting  stesting-rfe  stesting-task  StestWorkspace-service  StestWorkspace-service-rfe  StestWorkspace-service-task  StorageDevices  StorageDevices-rfe  StorageDevices-task  Storg  Storg-rfe  Storg-task  StormControl  StormControl-rfe  StormControl-task  Stp  Stp-rfe  Stp-task  StpSnmp  StpSnmp-rfe  StpSnmp-task  Strata  Strata--diags  Strata-diags  strata-dma  strata-dma-rfe  strata-dma-task  Strata-rfe  Strata-task  StrataAcl  StrataAcl-rfe  StrataAcl-task  StrataApi  StrataApi-rfe  StrataApi-task  StrataApi2  StrataApi2-rfe  StrataApi2-task  StrataApiTest  StrataApiTest-rfe  StrataApiTest-task  StrataApiV2  StrataApiV2-rfe  StrataApiV2-task  StrataApiV3  StrataApiV3-rfe  StrataApiV3-task  StrataApiV4  StrataApiV4-rfe  StrataApiV4-task  StrataCental  StrataCental-rfe  StrataCental-task  StrataCentral  StrataCentral-rfe  StrataCentral-task  StrataCommon  StrataCommon-rfe  StrataCommon-task  StrataCounters  StrataCounters-rfe  StrataCounters-task  StrataDiags  StrataDiags-rfe  StrataDiags-task  StrataDmaTest  StrataDmaTest-rfe  StrataDmaTest-task  StrataL2  StrataL2-rfe  StrataL2-task  StrataL2Multicast  StrataL2Multicast-rfe  StrataL2Multicast-task  StrataL3  StrataL3-rfe  StrataL3-task  StrataL3Test  StrataL3Test-rfe  StrataL3Test-task  StrataLag  StrataLag-rfe  StrataLag-task  StrataLanz  StrataLanz-rfe  StrataLanz-task  stratalanzcoprocessor  stratalanzcoprocessor-rfe  stratalanzcoprocessor-task  StrataLib  StrataLib-rfe  StrataLib-task  StrataLtApi  StrataLtApi-rfe  StrataLtApi-task  StrataMirror  StrataMirror-rfe  StrataMirror-task  StrataMpls  StrataMpls-rfe  StrataMpls-task  StrataMultiAgentTest  StrataMultiAgentTest-rfe  StrataMultiAgentTest-task  StrataParity  StrataParity-rfe  StrataParity-task  StrataPbr  StrataPbr-rfe  StrataPbr-task  StrataPhy  StrataPhy-rfe  StrataPhy-task  StrataQos  StrataQos-rfe  StrataQos-task  StrataSdkCommon  StrataSdkCommon-rfe  StrataSdkCommon-task  StrataSdkShim  StrataSdkShim-rfe  StrataSdkShim-task  StrataSso  StrataSso-rfe  StrataSso-task  StrataT2PlusTest  StrataT2PlusTest-rfe  StrataT2PlusTest-task  StrataT2Test  StrataT2Test-rfe  StrataT2Test-task  StrataTcam  StrataTcam-rfe  StrataTcam-task  StrataTest  StrataTest-rfe  StrataTest-task  StrataV2  StrataV2-rfe  StrataV2-task  StrataVlanTopo  StrataVlanTopo-rfe  StrataVlanTopo-task  StrataVxlan  StrataVxlan-rfe  StrataVxlan-task  StrataXgsApi  StrataXgsApi-rfe  StrataXgsApi-task  StrataXgsApiV2  StrataXgsApiV2-rfe  StrataXgsApiV2-task  Stratix  Stratix-rfe  Stratix-task  strongswan  strongswan-rfe  strongswan-task  stuttermeter  stuttermeter-rfe  stuttermeter-task  SubIntf  subintf-task  sudo  sudo-rfe  sudo-task  sudorca  sudorca-rfe  sudorca-service  sudorca-service-rfe  sudorca-service-task  sudorca-task  Sumitomo (FY)  SuperServer  SuperServer-rfe  SuperServer-task  SupportedHardware  SupportedHardware-rfe  SupportedHardware-task  sw-infra  SwiftLib  SwiftLib-rfe  SwiftLib-task  swig  swig-rfe  swig-task  Switchboard  Switchboard-rfe  Switchboard-task  SwitchTest  SwitchTest-rfe  SwitchTest-task  SwLab  SwLab-logre  SwLab-rfe  Sysdb  Sysdb-rfe  Sysdb-task  SysdbAgent  SysdbAgent-rfe  SysdbAgent-task  SysdbProfileCheck  SysdbProfileCheck-rfe  SysdbProfileCheck-task  SysdbTest  SysdbTest-rfe  SysdbTest-task  syslog-proxy  syslog-proxy-rfe  syslog-proxy-task  SysMgr  SysMgr-rfe  SysMgr-task  SysMgrSnmp  SysMgrSnmp-rfe  SysMgrSnmp-task  SysMgrTest  SysMgrTest-rfe  SysMgrTest-task  systemd  systemd-rfe  systemd-task  systest-poc lab  sysvinit  sysvinit-rfe  sysvinit-task  Tacacs  Tacacs-rfe  Tacacs-task  tacacs+  tacacs+-rfe  tacacs+-task  tacc  tacc-pygment  tacc-pygment-rfe  tacc-pygment-task  tacc-rfe  tacc-task  TaccAttic  TaccAttic-rfe  TaccAttic-task  TaccComputeMan  TaccComputeMan-rfe  TaccComputeMan-task  TaccComputeManImpl  TaccComputeManImpl-rfe  TaccComputeManImpl-task  TaccComputeManTest  TaccComputeManTest-rfe  TaccComputeManTest-task  TaccDistributedTest  TaccDistributedTest-rfe  TaccDistributedTest-task  TaccDocs  TaccDocs-rfe  TaccDocs-task  TaccExamples  TaccExamples-rfe  TaccExamples-task  TaccExperimental  TaccExperimental-rfe  TaccExperimental-task  TaccGraphTest  TaccInternalDocs  TaccInternalDocs-rfe  TaccInternalDocs-task  TaccInteropTest  TaccInteropTest-rfe  TaccInteropTest-task  TaccJni  TaccJni-rfe  TaccJni-task  TaccJniTest  TaccMap  TaccMap-rfe  TaccMap-task  TaccMapSrv  TaccMapSrv-rfe  TaccMapSrv-task  TaccMarketAnalyticsTest  TaccNetworkTest  TaccNetworkTest-rfe  TaccNetworkTest-task  TaccOde  TaccOde-rfe  TaccOde-task  TaccPerfFwk-task  TaccPerfTools  TaccPerfTools-rfe  TaccPerfTools-task  TaccPyUtils  TaccPyUtils-rfe  TaccPyUtils-task  TaccServiceMan  TaccServiceMan-rfe  TaccServiceMan-task  TaccServiceManTest  TaccServiceManTest-rfe  TaccServiceManTest-task  TacGo  TacGo-rfe  TacGo-task  TacGoTest  TacGoTest-rfe  TacGoTest-task  TacMarco  TacMarco-rfe  TacMarco-task  TacNav  TacNav-rfe  TacNav-task  taco  taco-rfe  taco-task  tacoTest  tacoTest-rfe  tacoTest-task  TacPulse  TacPulse-rfe  TacPulse-task  TacSmash  TacSmash-rfe  TacSmash-task  TacStash  TacStash-rfe  TacStash-task  tacXref  Tamarack  Tamarack-rfe  TapAggGui  TapAggGui-rfe  TapAggGui-task  TapAggTest  TapAggTest-rfe  TapAggTest-task  TargetExpr  TargetExpr-rfe  TargetExpr-task  TargetExpression  TargetExpression-rfe  TargetExpression-task  Taro  Taro-rfe  Taro-task  TaskScheduler  TaskScheduler-rfe  TaskScheduler-task  tcollector  tcollector-rfe  tcollector-task  tcollectorAgent  tcollectorAgent-rfe  tcollectorAgent-task  tcp_wrappers  tcp_wrappers-rfe  tcp_wrappers-task  tcpdump  tcpdump-rfe  tcpdump-task  tcptrace  tcptrace-rfe  tcptrace-task  Te  Te-rfe  te-task  TeCli  TeCli-rfe  TeCli-task  telnet  telnet-rfe  telnet-task  TemplatePkg  TemplatePkg-rfe  TemplatePkg-task  TempSensor-diags  Tenjin  Tenjin-rfe  Tenjin-task  Teranetics  Teranetics-rfe  TerminAttr  TerminAttr-rfe  TerminAttr-task  test  test-rfe  test-task  Test1234567  Test12345678  Test123456789  test56  TestCluster  TestCluster-rfe  TestCluster-task  TestDemo  TestDemo-rfe  TestDemo-task  Testpoint  Testpoint-rfe  Testpoint-task  TestProduct  TestResources  TestResources-rfe  TestResources-task  TestSuite  TestSuite-rfe  TestSuite-task  TestSuiteTest  TestSuiteTest-rfe  TestSuiteTest-task  ThermoMgr  ThermoMgr-rfe  ThermoMgr-task  Thermostat  Thermostat-rfe  Thermostat-task  ThreeBrothers-diags  thrift  thrift-rfe  thrift-task  Tiburon  Tiburon-rfe  TimberCove-diags  timeout  timeout-rfe  timeout-task  TimeSync  TimeSync-rfe  TimeSync-task  TiPhy-diags  tmux  tmux-rfe  tmux-task  tofino-model  tofino-model-rfe  tofino-model-task  tofinobm  tofinobm-rfe  tofinobm-task  Toggles  Toggles-rfe  Toggles-task  Tomahawk2Fixed  Tomahawk2Fixed-rfe  Tomahawk2Fixed-task  Tomahawk3Fixed  Tomahawk3Fixed-rfe  Tomahawk3Fixed-task  Tomales  Tomales-rfe  TommyDS  TommyDS-rfe  TommyDS-task  Tools  Topology  Topology-rfe  Topology-task  TopologyManager  TopologyManager-rfe  TopologyManager-task  TopologyTest  TopologyTest-rfe  TopologyTest-task  TPGen  TPGen-rfe  TPGen-task  Tpm  Tpm-rfe  Tpm-task  TPMFU  TPMFU-rfe  TPMFU-task  traceroute  traceroute-rfe  traceroute-task  Tunnel  Tunnel-rfe  Tunnel-task  TunnelIntf  TunnelIntf-rfe  TunnelIntf-task  TunnelIntfTest  TunnelIntfTest-rfe  TunnelIntfTest-task  TunnelSnmp  TunnelSnmp-rfe  TunnelSnmp-task  TunnelTest  TunnelTest-rfe  TunnelTest-task  Tyco (BQ)  uart-verilog  uart-verilog-rfe  uart-verilog-task  Ucd9012  Ucd9012-rfe  Ucd9012-task  ufl  ufl-rfe  ufl-task  Ugly  Ugly-rfe  Ugly-task  Umbrella  Umbrella-rfe  Umbrella-stest  Umbrella-stest-rfe  Umbrella-stest-task  Umbrella-task  urcu  urcu-rfe  urcu-task  uriparser  uriparser-rfe  uriparser-task  UserCgroup  UserCgroup-rfe  UserCgroup-task  UserDocs-rfe  userspace-rcu  userspace-rcu-rfe  userspace-rcu-task  uthash  uthash-rfe  uthash-task  util-linux  util-linux-rfe  util-linux-task  uwsgi  uwsgi-rfe  uwsgi-task  UwsgiApp  UwsgiApp-rfe  UwsgiApp-task  valgrind  valgrind-rfe  valgrind-task  vEOS  vEOS-rfe  VEos-task  VeosDut  VeosDut-rfe  VeosDut-task  VeosPerfTest  VeosPerfTest-rfe  VeosPerfTest-task  Vernal  Vernal-rfe  Virtual EOS (vEOS)  VirtualCable  VirtualCable-rfe  VirtualCable-task  Vm  Vm-rfe  Vm-task  VmDut  VmDut-rfe  VmDut-task  VmTracer  VmTracer-rfe  VmTracer-task  VmwareNvp  VmwareNvp-rfe  VmwareNvp-task  VmwareTest  VmwareTest-rfe  VmwareTest-task  VmwareVds  VmwareVds-rfe  VmwareVds-task  VmwareVI  VmwareVI-rfe  VmwareVI-task  Vrf  Vrf-rfe  vrf-scale  Vrf-task  VrfLeak  VrfLeak-rfe  VrfLeak-task  Vrm64  Vrm64-rfe  Vrm64-task  VrmIr  VrmIr-rfe  VrmIr-task  Vrrp  Vrrp-rfe  Vrrp-task  vulcan  Vxlan  Vxlan-rfe  Vxlan-task  VxlanAdvAgent  VxlanAdvAgent-rfe  VxlanAdvAgent-task  VxlanController  VxlanController-rfe  VxlanController-task  VxlanControllerTest  VxlanControllerTest-rfe  VxlanControllerTest-task  VxlanRouting-task  VxlanStatus  VxlanStatus-rfe  VxlanStatus-task  VxlanTest  VxlanTest-rfe  VxlanTest-task  waagent  waagent-rfe  waagent-task  Watchdog  Watchdog-rfe  Watchdog-task  WaveSplitter (SM)  Wbem  Wbem-rfe  Wbem-task  Web  Web-rfe  Web-task  wget  wget-rfe  wget-task  Windows  Windows-rfe  Windows-task  Winston  Winston-rfe  Winston-task  wireshark  wireshark-rfe  wireshark-task  Workspace-service  Workspace-service-rfe  Workspace-service-task  WorkspaceDut  WorkspaceDut-rfe  WorkspaceDut-task  workspacePrefetcher  workspacePrefetcher-rfe  workspacePrefetcher-task  World  World-rfe  World-task  wpa_supplicant  wpa_supplicant-rfe  wpa_supplicant-task  WsgiDut  WsgiDut-rfe  WsgiDut-task  Xcvr  Xcvr-diags  Xcvr-rfe  Xcvr-task  XcvrCfp2Dco  XcvrCfp2Dco-rfe  XcvrCfp2Dco-task  XcvrCtrl  XcvrCtrl-rfe  XcvrCtrl-task  XcvrSnmp  XcvrSnmp-rfe  XcvrSnmp-task  XFire  XFire-rfe  XFire-task  XFireTest  XFireTest-rfe  XFireTest-task  xfstests  xfstests-rfe  xfstests-task  Xilinx  Xilinx-rfe  Xilinx-task  xinetd  xinetd-rfe  xinetd-task  Xmpp  Xmpp-rfe  Xmpp-task  xorg-x11-drv-intel  xorg-x11-drv-intel-rfe  xorg-x11-drv-intel-task  xpaccel  xpaccel-rfe  xpaccel-task  XpAccess  XpAccess-rfe  XpAccess-task  XpAcl  XpAcl-rfe  XpAcl-task  XpApi  XpApi-rfe  XpApi-task  XpCentral  XpCentral-rfe  XpCentral-task  XpCounters  XpCounters-rfe  XpCounters-task  xpdma  xpdma-rfe  xpdma-task  XpFlow  XpFlow-rfe  XpFlow-task  XpL2  XpL2-rfe  XpL2-task  XpL3Unicast  XpL3Unicast-rfe  XpL3Unicast-task  XpLanz  XpLanz-rfe  XpLanz-task  XpLib  XpLib-rfe  XpLib-task  xplot  xplot-rfe  xplot-task  XpMact  XpMact-rfe  XpMact-task  XpMcast  XpMcast-rfe  XpMcast-task  XpPbr  XpPbr-task  XpProfile  XpProfile-rfe  XpProfile-task  XpQos  XpQos-rfe  XpQos-task  XpSdk  XpSdk-rfe  XpSdk-task  XpSim  XpSim-rfe  XpSim-task  XpSlice  XpSlice-rfe  XpSlice-task  XpTest  XpTest-rfe  XpTest-task  XpVxlan  XpVxlan-task  Xtacc  Xtacc-rfe  Xtacc-task  Xukg  Xukg-rfe  Xukg-task  XukWeb  XukWeb-rfe  XukWeb-task  xxHash  xxHash-rfe  xxHash-task  yaml-cpp  yaml-cpp-rfe  yaml-cpp-task  Yosemite  Yosemite-diags  Yosemite-rfe  Yosemite-task  Yreka-diags  Zbf  Zbf-rfe  Zbf-task  Zeppelin  Zeppelin-rfe  Zeppelin-task  ZeroTouch  ZeroTouch-rfe  ZeroTouch-task  zfs  zfs-rfe  zfs-task  zlog  zlog-rfe  zlog-task  ztpserver  ztpserver-rfe  ztpserver-task  Zuma  Zuma-hw  Zuma-rfe  Zuma-task0 / 200 Checked' or . = '  Check All   Uncheck All  @Dos  @Dos-rfe  @Dos-task  @DosLib  @DosLib-rfe  @DosLib-task  @Lakeport-diags  @LegacyPackage  ##General##  ##General##-rfe  ##General##-task  ##Internal##  ##Internal##-rfe  11111Test34  12222test  123456789Test  12345Test  1RUdiags  1RUdiags-rfe  1Test  3dm2  3dm2-rfe  3dm2-task  3M (EJ)  A144  a4b  a4b-rfe  a4b-task  a4c  a4c-qfs  a4c-qfs-rfe  a4c-qfs-service  a4c-qfs-service-rfe  a4c-qfs-service-task  a4c-qfs-task  a4c-qfs-test  a4c-qfs-test-rfe  a4c-qfs-test-task  a4c-rfe  a4c-service  a4c-service-rfe  a4c-service-task  a4c-task  A4Web  A4Web-rfe  A4Web-task  A55  Aaa  Aaa-rfe  Aaa-task  AaaTest  AaaTest-rfe  AaaTest-task  AaaTest1  Abalone  Aben  Aben-rfe  Aben-task  Aboard  Aboot  Aboot-rfe  Aboot-task  AbootFirmwareUtils  AbootFirmwareUtils-rfe  AbootFirmwareUtils-task  AbootTest  AbootTest-rfe  AbootTest-task  Abug  Abug-rfe  Abug-task  Abug-testing  AbugApi  AbugApi-rfe  AbugApi-task  Abuild  Abuild-rfe  Abuild-task  AbuildDb  AbuildDb-rfe  AbuildDb-task  AbuildWeb  AbuildWeb-rfe  AbuildWeb-task  abuildworkspace-service  abuildworkspace-service-rfe  abuildworkspace-service-task  Acacia-diags  Acarpool  Acarpool-rfe  Acarpool-task  Acl  Acl-rfe  Acl-task  AclAgent  AclAgent-rfe  AclAgent-task  AclSnmp  AclSnmp-rfe  AclSnmp-task  AclTest  AclTest-rfe  AclTest-task  AclTestLib  AclTestLib-rfe  AclTestLib-task  Across  Across-rfe  Across-task  ActivePerl  ActivePerl-rfe  ActivePerl-task  actor  actor-rfe  actor-task  addronly-nat  addronly-nat-rfe  addronly-nat-task  Adm1066  Adm1066-rfe  Adm1066-task  Adt7462  Adt7462-rfe  Adt7462-task  Adt7483  Adt7483-rfe  Adt7483-task  Aeluros  Aeluros-rfe  aer-uio  aer-uio-rfe  aer-uio-task  Aeris  Aeris-rfe  Aeris-task  AerisTest  AerisTest-rfe  AerisTest-task  Afetch  Afetch-rfe  Afetch-task  Afind  Afind-rfe  Afind-task  Agent  Agent-rfe  Agent-task  AgentLib  AgentLib-rfe  AgentLib-task  AgentLogging  AgentLogging-rfe  AgentLogging-task  AgentMonitor  AgentMonitor-rfe  AgentMonitor-task  AgentSyncResponder  AgentSyncResponder-rfe  AgentSyncResponder-task  AgentVis  AgentVis-rfe  AgentVis-task  Agile  Agile-rfe  AGitTools  AGitTools-rfe  AGitTools-task  Agraphviz  Agraphviz-rfe  Agraphviz-task  ahab  ahab-rfe  ahab-task  Ahire  Ahire-rfe  Ahire-task  Ahost  Ahost-rfe  Ahost-task  AhostImage  AhostImage-rfe  AhostImage-task  Ahwahnee  Ahwahnee-rfe  aid  aid-rfe  aid-task  Aie  Aie-rfe  Aie-task  Alameda  Alameda-rfe  Alameda-task  Ale  Ale-rfe  Ale-task  AleAsu  AleAsu-rfe  AleAsu-task  AleCapacity  AleCapacity-rfe  AleCapacity-task  AleCapacitySnmp  AleCapacitySnmp-rfe  AleCapacitySnmp-task  AleCentral  AleCentral-rfe  AleCentral-task  AleCfm  AleCfm-rfe  AleCfm-task  AleCounters  AleCounters-rfe  AleCounters-task  AleEvpn  AleEvpn-rfe  AleEvpn-task  AleFlow  AleFlow-rfe  AleFlow-task  AleHalo  AleHalo-rfe  AleHalo-task  AleIpsec  AleIpsec-rfe  AleIpsec-task  AleL3  AleL3-rfe  AleL3-task  AleL3Intf  AleL3Intf-rfe  AleL3Intf-task  AleL3Unicast  AleL3Unicast-rfe  AleL3Unicast-task  AleMacSec  AleMacSec-rfe  AleMacSec-task  AleMpls  AleMpls-rfe  AleMpls-task  AleMroute  AleMroute-rfe  AleMroute-task  AleNat  AleNat-rfe  AleNat-task  AlePbr  AlePbr-rfe  AlePbr-task  AlePhy  AlePhy-rfe  AlePhy-task  AleQos  AleQos-rfe  AleQos-task  AleTcam  AleTcam-rfe  AleTcam-task  AleTestLib  AleTestLib-rfe  AleTestLib-task  AleVrrp  AleVrrp-rfe  AleVrrp-task  AleVxlan  AleVxlan-rfe  AleVxlan-task  AlgoMatchUtil  AlgoMatchUtil-rfe  AlgoMatchUtil-task  Aloha  Aloha-rfe  Aloha-task  Alphanet  Alphanet-rfe  Alphanet-task  AltaLanz  AltaLanz-rfe  AltaLanz-task  Altera  Altera-rfe  Altera-task  Amphenol  Amphenol (DY)  Amphenol-rfe  antelope-drv  antelope-drv-rfe  antelope-drv-task  antlr3-5-2  antlr3-5-2-rfe  antlr3-5-2-task  antlr4  antlr4-rfe  antlr4-task  Anvl  Anvl-rfe  Anvl-task  Aom  Aom-diags  Aom-rfe  Aom-task  ApmPhy-diags  ApmX24  ApmX24-rfe  ApmX24-task  AppDmaLib  AppDmaLib-rfe  AppDmaLib-task  Aqemu  Aqemu-rfe  Aqemu-task  Arad  Arad-rfe  Arad-task  AradLanz  AradLanz-rfe  AradLanz-task  AradVxlan  AradVxlan-rfe  AradVxlan-task  Arbazel  Arbazel-rfe  Arbazel-task  ArBgp  ArBgp-rfe  ArBgp-task  ArBgpLu  ArBgpLu-rfe  ArBgpLu-task  ArBgpTest  ArBgpTest-rfe  ArBgpTest-task  ArBot  ArBot-rfe  ArBot-task  Arbugs  Arbugs-rfe  Arbugs-task  Arbus  Arbus-rfe  Arbus-task  ArbusAgent  ArbusAgent-rfe  ArbusAgent-task  Arby  Arby-rfe  Arby-task  Archer  Archer-rfe  Archer-task  ArcherTest  ArcherTest-rfe  ArcherTest-task  Arcov  Arcov-rfe  Arcov-task  ArDb  ArDb-rfe  ArDb-task  ardc  ardc-rfe  ardc-task  ArDcApps  ArDcApps-rfe  ArDcApps-task  ArDjango  ArDjango-rfe  ArDjango-task  Ardoc  Ardoc-rfe  Ardoc-task  Arecruit  Arecruit-rfe  Arecruit-task  Aresolve  Aresolve-rfe  Aresolve-task  Areview  Areview-rfe  Areview-task  ArGcov  ArGcov-rfe  ArGcov-task  ArGcovTest  ArGcovTest-rfe  ArGcovTest-task  ArGo  ArGo-rfe  ArGo-task  ArGoogleApps  ArGoogleApps-rfe  ArGoogleApps-task  Argotest  Argotest-rfe  Argotest-task  arista-bde  arista-bde-rfe  arista-bde-task  AristaAppForSplunk  AristaAppForSplunk-rfe  AristaAppForSplunk-task  AristaAppForSplunkNew  AristaAppForSplunkNew-rfe  AristaAppForSplunkNew-task  Arjob  Arjob-rfe  Arjob-task  ArjobDb  ArjobDb-rfe  ArjobDb-task  Ark  Ark-rfe  Ark-task  ArkCli  ArkCli-rfe  ArkCli-task  arm-tools  arm-tools-rfe  arm-tools-task  ArMake  ArMake-rfe  ArMake-task  ArMakeTest  ArMakeTest-rfe  ArMakeTest-task  ArMon  ArMon-rfe  ArMon-task  Arnet  Arnet-rfe  Arnet-task  ArNinja  ArNinja-rfe  ArNinja-task  Aroma  Aroma-rfe  Aroma-task  Arora  Arora-rfe  Arora-syslinux  Arora-syslinux-rfe  Arora-syslinux-task  Arora-task  AroraBugAlert  AroraBugAlert-rfe  AroraBugAlert-task  AroraConfig  AroraConfig-rfe  AroraConfig-task  AroraDevel  AroraDevel-rfe  AroraDevel-task  AroraExternal  AroraExternal-rfe  AroraExternal-task  AroraIcinga  AroraIcinga-rfe  AroraIcinga-task  AroraImage  AroraImage-rfe  AroraImage-task  AroraKernel  AroraKernel-rfe  AroraKernel-task  AroraUtils  AroraUtils-rfe  AroraUtils-task  AroraWeb  AroraWeb-rfe  AroraWeb-task  ArosBase  ArosBase-rfe  ArosBase-task  ArosTest  ArosTest-rfe  ArosTest-task  Arp  Arp-rfe  Arp-task  ArP4  ArP4-rfe  ArP4-task  ArpInspection  ArpInspection-rfe  ArPrep  ArPrep-rfe  ArPrep-task  ArpRoute  ArpRoute-rfe  ArpRoute-task  ArpSuppression  ArpSuppression-rfe  ArpSuppression-task  ArPygments  ArPygments-rfe  ArPygments-task  ArPyUtils  ArPyUtils-rfe  ArPyUtils-task  ArQa  ArQa-rfe  ArQa-task  Arrakis  Arrakis-rfe  ArRip  ArRip-rfe  ArRip-task  Arrow  Arrow-rfe  Arrow-task  ArrowAqlc  ArrowAqlc-rfe  ArrowAqlc-task  ArrowTacTest  ArrowTacTest-rfe  ArrowTacTest-task  ArrowTest  ArrowTest-rfe  ArrowTest-task  Arscale  Arscale-rfe  Arscale-task  Arsched  Arsched-rfe  Arsched-task  ArschedClient  ArschedClient-rfe  ArschedClient-task  Arsim  Arsim-rfe  Arsim-task  Arspark  Arspark-rfe  Arspark-task  Arsphinx  Arsphinx-rfe  Arsphinx-task  ArSwift  ArSwift-rfe  ArSwift-task  Arsys  Arsys-rfe  Arsys-task  ArsysTest  ArsysTest-rfe  ArsysTest-task  Artacc  Artacc-rfe  Artacc-task  Artest  Artest-rfe  Artest-task  ArtestTest  ArtestTest-rfe  ArtestTest-task  Artflow  Artflow-rfe  Artflow-task  Arthost  Arthost-rfe  Arthost-task  ArthostLib  ArthostLib-rfe  ArthostLib-task  Artist  Artist-rfe  Artist-task  ArToggles  ArToggles-rfe  ArToggles-task  ArTogglesCli  ArTogglesCli-rfe  ArTogglesCli-task  ArTogglesTest  ArTogglesTest-rfe  ArTogglesTest-task  Artools  Artools-rfe  Artools-task  ArtoolsDummy  ArtoolsSerialTest  ArtoolsSerialTest-rfe  ArtoolsSerialTest-task  Artournament  Artournament-rfe  Artournament-task  ArTrace  ArTrace-rfe  ArTrace-task  Arventory  Arventory-rfe  Arventory-task  AsicPktTestLib  AsicPktTestLib-rfe  AsicPktTestLib-task  AsicUtils  AsicUtils-rfe  AsicUtils-task  AsicUtils,Strata  AsicUtils,Strata-rfe  AsicUtils,Strata-task  Astec  Astec-rfe  Astec-task  ASU  Asu-rfe  Asu-task  AsuAgent  AsuAgent-rfe  AsuAgent-task  AsuCli  AsuCli-rfe  AsuCli-task  AsuFastPktRestore  AsuFastPktRestore-rfe  AsuFastPktRestore-task  AsuPatch  AsuPatch-rfe  AsuPatch-task  AsuTest  AsuTest-rfe  AsuTest-task  Atcollector  Atcollector-rfe  Atcollector-task  AtFork  AtFork-rfe  AtFork-task  Atime  Atime-rfe  Atime-task  aufs2-util  aufs2-util-rfe  aufs2-util-task  AutoAbug  automake  automake-rfe  automake-task  autopep8  autopep8-rfe  autopep8-task  AutoTest  AutoTest-rfe  AutoTest-service  AutoTest-service-rfe  AutoTest-service-task  AutoTest-task  AutoTestDb  AutoTestDb-rfe  AutoTestDb-task  AutoTriage  AutoTriage-rfe  AutoTriage-task  Avago  Avago (MD)  Avago-rfe  Avago-task  AvagoPhy-diags  Avb  Avb-rfe  Avb-task  AvbDut  AvbDut-rfe  AvbDut-task  AwebLib  AwebLib-rfe  AwebLib-task  awslogs  awslogs-rfe  awslogs-task  AwsVeosDutTest  AwsVeosDutTest-rfe  AwsVeosDutTest-task  Babbage  Babbage-rfe  Babbage-task  Backup  Backup-rfe  Backup-task  BaliFabric  BaliFabric-rfe  BaliFabric-task  Bannock  Bannock-rfe  Baremetal  Baremetal-rfe  Baremetal-task  Bartools  Bartools-rfe  Bartools-task  bash  bash-rfe  bash-task  bbcp  bbcp-rfe  bbcp-task  Bcm56300  Bcm56300-rfe  Bcm56300-task  bcmaccel  bcmaccel-rfe  bcmaccel-task  BcmApiTest  BcmApiTest-rfe  BcmApiTest-task  BcmDmaAbort  BcmDmaAbort-rfe  BcmDmaAbort-task  bcmlanz  bcmlanz-rfe  bcmlanz-task  BcmMdio  BcmMdio-rfe  BcmMdio-task  BcmPhy-diags  BcmSdkCommon  BcmSdkCommon-rfe  BcmSdkCommon-task  BcmSim  BcmSim-rfe  BcmSim-task  BeamTools  BeamTools-rfe  BeamTools-task  Bear  Bear-rfe  Beech-diags  Benchmark  Benchmark-rfe  Benchmark-task  BenchmarkDb  BenchmarkDb-rfe  BenchmarkDb-task  BenchmarkHw  BenchmarkHw-rfe  BenchmarkHw-task  Bess  Bess-rfe  Bess-task  bf-diags  bf-diags-rfe  bf-diags-task  bf-drivers  bf-drivers-rfe  bf-drivers-task  bf-syslibs  bf-syslibs-rfe  bf-syslibs-task  bf-utils  bf-utils-rfe  bf-utils-task  Bfd  Bfd-rfe  Bfd-task  bfdma  bfdma-rfe  bfdma-task  BfdTest  BfdTest-rfe  BfdTest-task  BfnAgentLib  BfnAgentLib-rfe  BfnAgentLib-task  BfnCentral  BfnCentral-rfe  BfnCentral-task  BfnCounters  BfnCounters-rfe  BfnCounters-task  BfnDiags  BfnDiags-rfe  BfnDiags-task  BfnFixed  BfnFixed-rfe  BfnFixed-task  BfnFlow  BfnFlow-rfe  BfnFlow-task  BfnHalo  BfnHalo-rfe  BfnHalo-task  BfnL2  BfnL2-rfe  BfnL2-task  BfnL3  BfnL3-rfe  BfnL3-task  BfnLag  BfnLag-rfe  BfnLag-task  BfnLib  BfnLib-rfe  BfnLib-task  BfnMbb  BfnMbb-rfe  BfnMbb-task  BfnMbbSlice  BfnMbbSlice-rfe  BfnMbbSlice-task  BfnMcast  BfnMcast-rfe  BfnMcast-task  BfnMirroring  BfnMirroring-rfe  BfnMirroring-task  BfnNat  BfnNat-rfe  BfnNat-task  BfnPhy  BfnPhy-rfe  BfnPhy-task  BfnQos  BfnQos-rfe  BfnQos-task  BfnSdk  BfnSdk-rfe  BfnSdk-task  BfnSharedState  BfnSharedState-rfe  BfnSharedState-task  BfnSliceAgent  BfnSliceAgent-rfe  BfnSliceAgent-task  BfnTunnel  BfnTunnel-rfe  BfnTunnel-task  BfnVlan  BfnVlan-rfe  BfnVlan-task  BfnXformMgr  BfnXformMgr-rfe  BfnXformMgr-task  Bgp  Bgp-rfe  Bgp-task  BgpCommon  BgpCommon-rfe  BgpCommon-task  BgpCore  BgpData  BgpData-rfe  BgpData-task  BgpFeatureTracker  BgpFeatureTracker-rfe  BgpFeatureTracker-task  BgpFlowspec  BgpFlowspec-rfe  BgpFlowspec-task  BgpSnmp  BgpSnmp-rfe  BgpSnmp-task  BgpSnmpTest  BgpSnmpTest-rfe  BgpSnmpTest-task  BgpVpnCommon  BgpVpnCommon-rfe  BgpVpnCommon-task  bigcode  bigcode-rfe  bigcode-task  Birch-diags  BlackBox  BlackBox-rfe  BlackBox-task  BlrInfra-task  Bmp  Bmp-rfe  Bmp-task  BmpDut  BmpDut-rfe  BmpDut-task  BmpTest  BmpTest-rfe  BmpTest-task  Bodega  Bodega-diags  Bodega-rfe  Bodega-task  BodegaChassis  BodegaChassis-rfe  boost  boost-rfe  boost-task  Brad  Brad-rfe  Brad-task  Breadman  Bridalveil  Bridalveil-rfe  BridgeBridge  BridgeBridge-rfe  BridgeBridge-task  BridgeTest  BridgeTest-rfe  BridgeTest-task  BroadcomSdk  BroadcomSdk-rfe  BroadcomSdk-task  BroadSync-diags  btrfs-progs  btrfs-progs-rfe  btrfs-progs-task  Buck  Buck-rfe  BugAlert  BugAlert-rfe  BugAlert-task  BugAlertTools  BugAlertTools-rfe  BugAlertTools-task  BugBoard  BugBoard-rfe  BugBoard-task  BugBot  BugBot-rfe  BugBot-task  BugsDatabase  BugsDatabase-rfe  BugsDatabase-task  BugsUI  BugsUITest  bugzilla  bugzilla-rfe  bugzilla-task  BugZTesting  Buildcache  Buildcache-rfe  Buildcache-task  Cables  Cables-rfe  Calistoga  Calistoga-rfe  Calpella  Canary  Canary-rfe  Canary-task  Capi  Capi-rfe  Capi-task  CapiTest  CapiTest-rfe  CapiTest-task  CaravanTelemetry  CaravanTelemetry-rfe  CaravanTelemetry-task  Caspar-diags  Cathedral  Cathedral-diags  Cathedral-rfe  Cazadero-diags  ccache  ccache-rfe  ccache-task  Cdp  Cdp-rfe  Cdp-task  CEos  CEos-rfe  CEos-task  CEosDut  CEosDut-rfe  CEosDut-task  CEosHelper  CEosHelper-rfe  CEosHelper-task  CEosImage  CEosImage-rfe  CEosImage-task  CEosInstaller  CEosInstaller-rfe  CEosInstaller-task  CEosNeo  CEosNeo-rfe  CEosNeo-task  CEosOnieInstaller  CEosOnieInstaller-rfe  CEosOnieInstaller-task  CEosOnieUtils  CEosOnieUtils-rfe  CEosOnieUtils-task  CEosTest  CEosTest-rfe  CEosTest-task  CEosUtils  CEosUtils-rfe  CEosUtils-task  ceph  ceph-rfe  ceph-task  CFM  CFM-rfe  Cfm-task  CfmAgent  CfmAgent-rfe  CfmAgent-task  CfmBase  CfmBase-rfe  CfmBase-task  CfmDut  CfmDut-rfe  CfmDut-task  CfmTest  CfmTest-rfe  CfmTest-task  cgroups  cgroups-rfe  cgroups-task  check  check-mibs  check-mibs-rfe  check-mibs-task  check-rfe  check-task  Chl822X  Chl822X-rfe  Chl822X-task  Cinch (LG)  cJSON  cJSON-rfe  cJSON-task  Clacton  Clacton-rfe  Clacton-task  ClariPhy  Clariphy-diags  ClariPhy-rfe  ClariPhy-task  ClassGraph  ClassGraph-rfe  ClassGraph-task  Clearlake-diags  Cli  Cli-rfe  Cli-task  Click  Click-rfe  Click-task  Climber  Climber-rfe  CliMode  CliMode-rfe  CliMode-task  CliParser  CliParser-rfe  CliParser-task  CliRelay  CliRelay-rfe  CliRelay-task  CliSchedulerMgr  CliSchedulerMgr-rfe  CliSchedulerMgr-task  CliSession  CliSession-rfe  CliSession-task  CliTest  CliTest-rfe  CliTest-task  CliTestClient  CliTestClient-rfe  CliTestClient-task  CliTracker  CliTracker-rfe  CliTracker-task  CliX  CliX-rfe  CliX-task  Clock-diags  CloudHa  CloudHa-rfe  CloudHa-task  CloudsRest-diags  CloudVirtualEnv  CloudVirtualEnv-rfe  CloudVirtualEnv-task  CloudVision-UserDoc  Cloverdale-diags  ClusterMgmt  ClusterMgmt-rfe  ClusterMgmt-task  ClusterMgmtTest  ClusterMgmtTest-rfe  ClusterMgmtTest-task  CMake  CMake-rfe  CMake-task  Codenomicon  Codenomicon-rfe  Codenomicon-task  CohabDut  CohabDut-rfe  CohabDut-task  ColdWatt  ColdWatt-rfe  ColdWatt-task  ColdWattHw  ColdWattHw-rfe  ColorChip (VL)  CommonCriteria  CommonCriteria-rfe  CommonCriteria-task  compat-antlr3  compat-antlr3-rfe  compat-antlr3-task  compat-gsoap  compat-gsoap-rfe  compat-gsoap-task  CompExplorer  CompExplorer-rfe  CompExplorer-task  ConditionalRoute  ConditionalRoute-rfe  ConditionalRoute-task  ConfigAgent  ConfigAgent-rfe  ConfigAgent-task  ConfigSession  ConfigSession-rfe  ConfigSession-task  ConnectedRoute  ConnectedRoute-rfe  ConnectedRoute-task  ConnectivityMonitor  ConnectivityMonitor-rfe  ConnectivityMonitor-task  ConnMgr  ConnMgr-rfe  ConnMgr-task  conserver  conserver-rfe  conserver-task  ContainerMgr  ContainerMgr-rfe  ContainerMgr-task  Controller  Controller-rfe  Controller-task  ControllerApp1  ControllerApp1-rfe  ControllerApp1-task  ControllerClient  ControllerClient-rfe  ControllerClient-task  ControllerCommon  ControllerCommon-rfe  ControllerCommon-task  Controllerdb  Controllerdb-rfe  Controllerdb-task  ControllerDebug  ControllerDebug-rfe  ControllerDebug-task  ControllerDut  ControllerDut-rfe  ControllerDut-task  ControllerProxyAgent  ControllerProxyAgent-rfe  ControllerProxyAgent-task  ControllerRegistration  ControllerRegistration-rfe  ControllerRegistration-task  ControllerTest  ControllerTest-rfe  ControllerTest-task  coreutils  coreutils-rfe  coreutils-task  Corrino  Corrino-rfe  Cotati-diags  cov-analysis  cov-analysis-rfe  cov-analysis-task  cov-platform  cov-platform-rfe  cov-platform-task  Coverage  Coverage-rfe  Coverage-task  CoverageGUI  CoverageGUI-rfe  CoverageGUI-task  Covsched  Covsched-rfe  Covsched-task  Coyote  Coyote-rfe  Cpld  Cpld-rfe  Cpld-task  CpssApi  CpssApi-rfe  CpssApi-task  CpuComplex  CpuComplex-rfe  CpuComplex-task  CpuFabric  CpuFabric-rfe  CpuFabric-task  CpuFabricCommon  CpuFabricCommon-rfe  CpuFabricCommon-task  CpuFabricTest  CpuFabricTest-rfe  CpuFabricTest-task  CpuLib-diags  cpuport  cpuport-rfe  cpuport-task  createrepo  createrepo-rfe  createrepo-task  CRM system  CRM system-rfe  crosstool-ng  crosstool-ng-rfe  crosstool-ng-task  Crt  Crt-rfe  Crt-task  cscope  cscope-rfe  cscope-task  Cspf  Cspf-rfe  Cspf-task  CStructGen  CStructGen-rfe  CStructGen-task  CtypeGen  CtypeGen-rfe  CtypeGen-task  curl  curl-rfe  curl-task  CVA  CVA-rfe  CVA-task  CvaDut  CvaDut-rfe  CvaDut-task  CvaTest  CvaTest-rfe  CvaTest-task  CVP  CVP-rfe  CVP-task  CvpDut  CvpDut-rfe  CvpDut-task  CVPI  CVPI-rfe  CVPI-task  CvpTest  CvpTest-rfe  CvpTest-task  CvxDemoServiceAgent  CvxDemoServiceAgent-rfe  CvxDemoServiceAgent-task  CvxDemoSwitchAgent  CvxDemoSwitchAgent-rfe  CvxDemoSwitchAgent-task  DaemonCli  DaemonCli-rfe  DaemonCli-task  DartGen  DartGen-rfe  DartGen-task  Dash  Dash-rfe  Dash-task  Dashboard-rfe  dbal  dbal-rfe  dbal-task  Dcb  Dcb-rfe  Dcb-task  Debug  Debug-rfe  Debug-task  Deckhand  Deckhand-rfe  Deckhand-task  Delta  Delta-rfe  Delta-task  DeltaHw  DeltaHw-rfe  DeltaPower  DeltaPower-rfe  DeltaPower-task  Demo  Demo_pkg  Demo_pkg-rfe  Demo_pkg-task  Demo_t  Demo_t-rfe  Demo_t-task  demo-orca-program  demo-orca-program-rfe  demo-orca-program-task  demo-orca-service  demo-orca-service-rfe  demo-orca-service-task  Demo-rfe  Demo-task  Demo1  Demo1-rfe  Demo1-task  DemoAgent  DemoAgent-rfe  DemoAgent-task  Denali  Denali-rfe  Denali-task  DenaliSnmp  DenaliSnmp-rfe  DenaliSnmp-task  Dfa  Dfa-rfe  Dfa-task  Dhclient  Dhclient-rfe  Dhclient-task  dhcp  dhcp-forwarder  dhcp-forwarder-rfe  dhcp-forwarder-task  dhcp-rfe  dhcp-task  DhcpClient  DhcpClient-rfe  DhcpClient-task  DhcpRelay  DhcpRelay-rfe  DhcpRelay-task  DhcpRelayTest  DhcpRelayTest-rfe  DhcpRelayTest-task  DhcpServer  DhcpServer-rfe  DhcpServer-task  DhcpSnooping  DiagEngine  DiagEngine-rfe  DiagEngine-task  Diags  Diags-rfe  Diags-task  DiagsImage  DiagsImage-rfe  DiagsImage-task  DiagsTools  DiagsTools-rfe  DiagsTools-task  DirectFlow  DirectFlow-rfe  DirectFlow-task  DirectFlowTest  DirectFlowTest-rfe  DirectFlowTest-task  DiskImager  DiskImager-rfe  DiskImager-task  disknanny  disknanny-rfe  disknanny-service  disknanny-service-rfe  disknanny-service-task  disknanny-task  Display  Display-rfe  Display-task  Dist  Dist-rfe  Dist-task  distcc  distcc-rfe  distcc-task  DITA Guidelines  django-hosts  django-hosts-rfe  django-hosts-task  djdump  djdump-rfe  djdump-task  dmamem  dmamem-rfe  dmamem-task  dnsmasq  dnsmasq-rfe  dnsmasq-task  docker  docker-rfe  docker-task  dockertest  dockertest-rfe  dockertest-task  Doran-diags  Dos  Dos-rfe  Dos-task  DosAlta  DosAlta-rfe  DosAlta-task  DosBarefoot  DosBarefoot-rfe  DosBarefoot-task  DosBroadcom  DosBroadcom-rfe  DosBroadcom-task  DosCtypes  DosCtypes-rfe  DosCtypes-task  DosDocumentation  DosDocumentation-rfe  DosDocumentation-task  DosFocalPoint  DosFocalPoint-rfe  DosFocalPoint-task  DosInfra  DosInfra-diags  DosInfra-rfe  DosInfra-task  DosSand  DosSand-rfe  DosSand-task  DosStrata  DosStrata-rfe  DosStrata-task  DosSystem  DosSystem-diags  DosSystem-rfe  DosSystem-task  DosSystemBase  DosSystemBase-rfe  DosSystemBase-task  DosUmbrella  DosUmbrella-rfe  DosUmbrella-task  DosXp  DosXp-rfe  DosXp-task  Dot1ag  Dot1ag-rfe  Dot1ag-task  Dot1x  Dot1x-rfe  Dot1x-task  Dpdk  Dpdk-rfe  Dpdk-task  Dpll  Dpll-rfe  Dpll-task  DropWatch  DropWatch-rfe  DropWatch-task  Ds125Br  Ds125Br-rfe  Ds125Br-task  Ds280  Ds280-rfe  Ds280-task  Dscp  Dscp-rfe  Dscp-task  DscpTest  DscpTest-rfe  DscpTest-task  DspUtils  DspUtils-rfe  DspUtils-task  dumb-init  dumb-init-rfe  dumb-init-task  DummyACL  DummyACL-rfe  DummyACL-task  dummyaclagent  dummyaclagent-rfe  dummyaclagent-task  Dune  Dune-rfe  dwz  dwz-rfe  dwz-task  DynamicRoutes  DynamicRoutes-rfe  DynamicRoutes-task  DynamicRouting  DynamicRouting-rfe  DynamicServiceInsertion  DynamicServiceInsertion-rfe  DynamicServiceInsertion-task  dynamips  dynamips-rfe  dynamips-task  EaglePeak-diags  Eapi  Eapi-rfe  Eapi-task  Ebra  Ebra-rfe  Ebra-task  EbraOCTests  EbraOCTests-rfe  EbraOCTests-task  EbraSnmp  EbraSnmp-rfe  EbraSnmp-task  EcbAgent  EcbAgent-rfe  EcbAgent-task  edtest  edtest-rfe  edtest-task  EDVT-Automation-Tools  Eeyore  Eeyore-rfe  Eeyore-task  eke  eke-rfe  eke-task  ElCapitan-diags  ElCorazon-diags  emacs  emacs-rfe  emacs-task  Emcore (JB)  EmersonHw  EmersonHw-rfe  EmersonPower  EmersonPower-rfe  EmersonPower-task  EngTeam  EngTeam-rfe  EngTeam-task  Enigma  Enigma-rfe  Enigma-task  EnigmaApi  EnigmaApi-rfe  EnigmaApi-task  EntityMib  EntityMib-rfe  EntityMib-task  Environment  Environment-rfe  Environment-task  EnvSnmp  EnvSnmp-rfe  EnvSnmp-task  Eoam  Eoam-rfe  Eoam-task  Eos  Eos-initscripts  Eos-initscripts-rfe  Eos-initscripts-task  Eos-logos  Eos-logos-rfe  Eos-logos-task  Eos-release  Eos-release-rfe  Eos-release-task  Eos-rfe  Eos-task  Eos-udev  Eos-udev-rfe  Eos-udev-task  EOS-UserDoc  EosAbootFirmwareUtils  EosAbootFirmwareUtils-rfe  EosAbootFirmwareUtils-task  EosDoc  EosDoc-rfe  EosDoc-task  EosExtras  EosExtras-rfe  EosExtras-task  EosImage  EosImage-rfe  EosImage-task  EosImage2GB  EosImage2GB-rfe  EosImage2GB-task  EosImageREV01HW  EosImageREV01HW-rfe  EosImageREV01HW-task  EosInit  EosInit-rfe  EosInit-task  EosKernel  EosKernel-rfe  EosKernel-task  EosKernelTest  EosKernelTest-rfe  EosKernelTest-task  EosLiteDut  EosLiteDut-rfe  EosLiteDut-task  EosSdk  EosSdk-rfe  EosSdk-task  EosSdkApps  EosSdkApps-rfe  EosSdkApps-task  EosTortureTest  EosTortureTest-rfe  EosTortureTest-task  EosUtils  EosUtils-rfe  EosUtils-task  EosVersion  EosVersion-rfe  EosVersion-task  Epil2Api  Epil2Api-rfe  Epil2Api-task  EpilApi  EpilApi-rfe  EpilApi-task  Epoch  Epoch-rfe  Epoch-task  EpqDmaLib  EpqDmaLib-rfe  EpqDmaLib-task  Eql  Eql-rfe  Eql-task  Espresso  Espresso-rfe  Espresso-task  EtbaDut  EtbaDut-rfe  EtbaDut-task  Ether  EthIntf  EthIntf-rfe  EthIntf-task  EthIntfSnmp  EthIntfSnmp-rfe  EthIntfSnmp-task  Eureka-diags  EventHistory  EventHistory-rfe  EventHistory-task  EventHistoryCli  EventHistoryCli-rfe  EventHistoryCli-task  EventMgr  EventMgr-rfe  EventMgr-task  EventMgrEnvironment  EventMgrEnvironment-rfe  EventMgrEnvironment-task  EventMgrSystem  EventMgrSystem-rfe  EventMgrSystem-task  EventMon  EventMon-rfe  EventMon-task  EventMonTest  EventMonTest-rfe  EventMonTest-task  Evora  Evora-rfe  Evora-task  EvoraApi  EvoraApi-rfe  EvoraApi-task  EvoRack  EvoRack-rfe  EvoRack-task  Evpn  Evpn-rfe  Evpn-task  EvpnLib  EvpnLib-rfe  EvpnLib-task  EvpnMplsTest  EvpnMplsTest-rfe  EvpnMplsTest-task  EvpnTest  EvpnTest-rfe  EvpnTest-task  EvpnVxlanTest  EvpnVxlanTest-rfe  EvpnVxlanTest-task  exabgp  exabgp-rfe  exabgp-task  Excelight  Excelight-rfe  exectest  exectest-rfe  exectest-task  Extension  Extension-rfe  Extension-task  ExtensionMgr  ExtensionMgr-rfe  ExtensionMgr-task  ExtEntity  ExtEntity-rfe  ExtEntity-task  External  External-rfe  External-task  ExternalAlarm  ExternalAlarm-rfe  ExternalAlarm-task  f1  f1-rfe  f1-task  fable  fable-rfe  fable-task  FabricIntf  FabricIntf-rfe  FabricIntf-task  Facilities  Facilities-rfe  fal  fal-rfe  fal-task  Fan-diags  Fan/Power  Fan/Power-rfe  FastServerFailover  FastServerFailover-rfe  FastServerFailover-task  FastServerFailoverTest  FastServerFailoverTest-rfe  FastServerFailoverTest-task  FaultInjection  FaultInjection-rfe  FaultInjection-task  FeatureQosMixedTests  FeatureQosMixedTests-rfe  FeatureQosMixedTests-task  FeatureRoutingMixedTests  FeatureRoutingMixedTests-rfe  FeatureRoutingMixedTests-task  Fhrp  Fhrp-rfe  Fhrp-task  FhrpSnmp  FhrpSnmp-rfe  FhrpSnmp-task  FhrpTest  FhrpTest-rfe  FhrpTest-task  FileCli  FileCli-rfe  FileCli-task  FileReplication  FileReplication-rfe  FileReplication-task  FileSystemMount  FileSystemMount-rfe  FileSystemMount-task  FileSystems  FileSystems-rfe  FileSystems-task  Finisar  Finisar (TH)  Finisar-rfe  fipscheck  fipscheck-rfe  fipscheck-task  Firewall  Firewall-rfe  Firewall-task  FirewallTest  FirewallTest-rfe  FirewallTest-task  firmware  firmware-rfe  firmware-task  FlameGraph  FlameGraph-rfe  FlameGraph-task  FlexCounters  FlexCounters-rfe  FlexCounters-task  FlexCountersTest  FlexCountersTest-rfe  FlexCountersTest-task  FmApi  FmApi-rfe  FmApi-task  Fne  Fne-rfe  Fne-task  FneTest  FneTest-rfe  FneTest-task  FocalPoint  focalpoint-plx  focalpoint-plx-rfe  focalpoint-plx-task  FocalPoint-rfe  FocalPoint-task  FocalPointV2  FocalPointV2-rfe  FocalPointV2-task  FocalPointV2Test  FocalPointV2Test-rfe  FocalPointV2Test-task  Forestville-diags  ForwardingAgentQosTestMixedTests  ForwardingAgentQosTestMixedTests-rfe  ForwardingAgentQosTestMixedTests-task  ForwardingAgentVxlanTestMixedTests  ForwardingAgentVxlanTestMixedTests-rfe  ForwardingAgentVxlanTestMixedTests-task  ForwardingMonitor  ForwardingMonitor-rfe  ForwardingMonitor-task  Fossil  Fossil-rfe  Fossil-task  fpdma  fpdma-rfe  fpdma-task  Fpga  Fpga-rfe  Fpga-task  FpgaHealthMonitor  FpgaHealthMonitor-rfe  FpgaHealthMonitor-task  FPLanz  FPLanz-rfe  FPLanz-task  freeradius-client  freeradius-client-rfe  freeradius-client-task  Fru  Fru-rfe  Fru-task  FruSnmp  FruSnmp-rfe  FruSnmp-task  Fulcrum  Fulcrum-rfe  FuriaApi  FuriaApi-rfe  FuriaApi-task  FuseAgent  FuseAgent-rfe  FuseAgent-task  Fvm  Fvm-rfe  Fvm-task  gated  gated-rfe  gated-task  GatedBgp  GatedBgp-rfe  GatedBgp-task  GatedRouteMap  GatedRouteMap-rfe  GatedRouteMap-task  GatedSnmp  GatedSnmp-rfe  GatedSnmp-task  GatedTe  GatedTe-rfe  GatedTe-task  GatedTest  GatedTest-rfe  GatedTest-task  gbenchmark  gbenchmark-rfe  gbenchmark-task  GbEPROM  GbEPROM-rfe  GbEPROM-task  gcc  gcc-rfe  gcc-task  gdb  gdb-rfe  gdb-task  geiger  geiger-rfe  geiger-task  General-diags  GenericSnmp  GenericSnmp-rfe  GenericSnmp-task  GenSuite  GenSuite-rfe  GenSuite-task  gflags  gflags-rfe  gflags-task  gitar  gitar-rfe  gitar-task  github  github-rfe  github-task  GitPatchMgmt  GitPatchMgmt-rfe  GitPatchMgmt-task  GitPatchReview  GitPatchReview-rfe  GitPatchReview-task  Glacier  Glacier-rfe  Glacier-task  GlenEllen  GlenEllen-rfe  Glenlyon  Glenlyon-rfe  Glenlyon-task  glibc  glibc-rfe  glibc-task  glog  glog-rfe  glog-task  Gmp  Gmp-rfe  Gmp-task  Gn2405  Gn2405-rfe  Gn2405-task  gnmi  gnmi-rfe  gnmi-task  gnoi  gnoi-rfe  gnoi-task  go-mangoes  go-mangoes-rfe  go-mangoes-task  go-mangos  go-mangos-rfe  go-mangos-task  go-nanomsg  go-nanomsg-rfe  go-nanomsg-task  goa4  goa4-rfe  goa4-task  goexternal  goexternal-rfe  goexternal-task  gograb  gograb-rfe  gograb-task  golang  golang-rfe  golang-task  GoldenGate  GoldenGate-rfe  Goodbye  Goodbye-rfe  Goodbye-task  google-api-python-client  google-api-python-client-rfe  google-api-python-client-task  google-perftools  google-perftools-rfe  google-perftools-task  gopacket  gopacket-rfe  gopacket-task  GOpenFlow  GOpenFlow-rfe  GOpenFlow-task  gotestlib  gotestlib-rfe  gotestlib-task  goworkspace  goworkspace-rfe  goworkspace-task  gperftools  gperftools-rfe  gperftools-task  GPIO-diags  Group  Group-rfe  Group-task  grpc  grpc-rfe  grpc-task  grpcio  grpcio-rfe  grpcio-task  gsoap  gsoap-rfe  gsoap-task  gtest  gtest-rfe  gtest-task  Guernville-diags  gut  gut-rfe  gut-task  hadoop-distributions  hadoop-distributions-rfe  hadoop-distributions-task  HadoopTracer  HadoopTracer-rfe  HadoopTracer-task  Halfdome  Halfdome-rfe  Halo  Halo-rfe  Halo-task  HaloFpga  HaloFpga-rfe  HaloFpga-task  HaloUtil  HaloUtil-rfe  HaloUtil-task  Hardware  Hardware-rfe  Hardware-task  HashUtils  HashUtils-rfe  HashUtils-task  Health  Health-rfe  Health-task  HealthMgr  HealthMgr-rfe  HealthMgr-task  Helena  Helena-rfe  Hello  Hello-rfe  Hello-task  HelloAgent  HelloAgent-rfe  HelloAgent-task  help2man  help2man-rfe  help2man-task  HitlessRestartTest  HitlessRestartTest-rfe  HitlessRestartTest-task  HMtestPackage  Hollywod-rfe  Hollywod-task  Hollywood  Hollywood-rfe  Hollywood-task  HostInject  HostInject-rfe  HostInject-task  HostInjectAgent  HostInjectAgent-rfe  HostInjectAgent-task  HostResourcesMib  HostResourcesMib-rfe  HostResourcesMib-task  HostSecurity  HostSecurity-rfe  HostSecurity-task  HostSecurityTest  HostSecurityTest-rfe  HostSecurityTest-task  hrdb  hrdb-rfe  hrdb-task  Hsc  Hsc-rfe  Hsc-task  HscRestApi  HscRestApi-rfe  HscRestApi-task  HttpbinDut  HttpbinDut-rfe  HttpbinDut-task  HttpService  HttpService-rfe  HttpService-task  Hut  Hut-rfe  Hut-task  HW-UserDoc  icinga  icinga-rfe  icinga-task  Idt82p33831  Idt82p33831-rfe  Idt82p33831-task  Idt82v3396  Idt82v3396-rfe  Idt82v3396-task  idutils  idutils-rfe  idutils-task  Igmp  Igmp-rfe  Igmp-task  IgmpHost  IgmpHost-rfe  IgmpHost-task  IgmpHostProxy  IgmpHostProxy-rfe  IgmpHostProxy-task  IgmpProxy  IgmpProxy-rfe  IgmpProxy-task  IgmpSnmp  IgmpSnmp-rfe  IgmpSnmp-task  IgmpSnooping  IgmpSnooping-rfe  IgmpSnooping-task  IgmpSnoopingFeature  IgmpSnoopingFeature-rfe  IgmpSnoopingTest  IgmpSnoopingTest-rfe  IgmpSnoopingTest-task  IgmpTest  IgmpTest-rfe  IgmpTest-task  ImageTest  ImageTest-rfe  ImageTest-task  Influx  Influx-rfe  Influx-task  influxlib  influxlib-rfe  influxlib-task  InnoLight (DP)  Inphi  Inphi-rfe  Inphi-task  InPhy-diags  Intel  Intel-rfe  InternalPortsSnmp  InternalPortsSnmp-rfe  InternalPortsSnmp-task  InteropL1  InteropL1Test  InteropL1Test-rfe  InteropL1Test-task  Intf  Intf-rfe  Intf-task  IntfAdapter  IntfAdapter-rfe  IntfAdapter-task  IntfSnmp  IntfSnmp-rfe  IntfSnmp-task  iomemory-vsl  iomemory-vsl-rfe  iomemory-vsl-task  iozone  iozone-rfe  iozone-task  IpDut  IpDut-rfe  IpDut-task  iperf  iperf-rfe  iperf-task  IpEth  IpEth-rfe  IpEth-task  IpEthTest  IpEthTest-rfe  IpEthTest-task  IpMRouteSnmp  IpMRouteSnmp-rfe  IpMRouteSnmp-task  IpRib  IpRib-rfe  IpRib-task  IpRibDut  IpRibDut-rfe  IpRibDut-task  IpRibLib  IpRibLib-rfe  IpRibLib-task  IpRibMain  IpRibMain-rfe  IpRibMain-task  IpRibTest  IpRibTest-rfe  IpRibTest-task  iproute  iproute-rfe  iproute-task  Ipsec  ipsec_flow_parallelization  ipsec_flow_parallelization-rfe  ipsec_flow_parallelization-task  Ipsec-rfe  Ipsec-task  ipsecflow_parallelization  ipsecflow_parallelization-rfe  ipsecflow_parallelization-task  IpsecTest  IpsecTest-rfe  IpsecTest-task  iptables  iptables-rfe  iptables-task  Ipv6NeighborDiscovery  Ipv6NeighborDiscovery-rfe  Ipv6NeighborDiscovery-task  Ipv6RouterAdvt  Ipv6RouterAdvt-rfe  Ipv6RouterAdvt-task  Ira  Ira-rfe  Ira-task  IraAcl  IraAcl-rfe  IraAcl-task  IraSnmp  IraSnmp-rfe  IraSnmp-task  irqbalance  irqbalance-rfe  irqbalance-task  isatapd  isatapd-rfe  isatapd-task  Isis  Isis-rfe  Isis-task  IsisMultiProtocolTest  IsisMultiProtocolTest-rfe  IsisMultiProtocolTest-task  isl  isl-rfe  isl-task  Isl6812X  Isl6812X-rfe  Isl6812X-task  IT Support  IT Support-rfe  ixHltApi  ixHltApi-rfe  ixHltApi-task  Ixia  Ixia-rfe  Ixia-task  ixNetworkTcl  ixNetworkTcl-rfe  ixNetworkTcl-task  ixTclHal  ixTclHal-rfe  ixTclHal-task  jcc  jcc-rfe  jcc-task  JDSU  JDSU (CW)  JDSU-rfe  jemalloc  jemalloc-rfe  jemalloc-task  Jenner  Jenner-rfe  Jenner-task  Jericho2Fixed  Jericho2Fixed-rfe  Jericho2Fixed-task  JerichoFixed  JerichoFixed-rfe  JerichoFixed-task  JerichoPlusFixed  JerichoPlusFixed-rfe  JerichoPlusFixed-task  Jinja2  Jinja2-rfe  Jinja2-task  JPlusFixed  JPlusFixed-rfe  JPlusFixed-task  jshon  jshon-rfe  jshon-task  json-cfg  json-cfg-rfe  json-cfg-task  jsonrpclib  jsonrpclib-rfe  jsonrpclib-task  Jtag  Jtag-rfe  Jtag-task  Judy  Judy-rfe  Judy-task  jungledisk  jungledisk-rfe  jungledisk-task  Kabini  Kabini-rfe  Kabini-task  kafka  kafka-rfe  kafka-task  kafkacat  kafkacat-rfe  kafkacat-task  kbfd  kbfd-rfe  kbfd-task  Kbp  kbp-driver  kbp-driver-rfe  kbp-driver-task  Kbp-rfe  Kbp-task  KbpSdk  KbpSdk-rfe  KbpSdk-task  KernelDevTools  KernelDevTools-rfe  KernelDevTools-task  KernelFib  KernelFib-rfe  KernelFib-task  KernelFibTest  KernelFibTest-rfe  KernelFibTest-task  KernelMfib  KernelMfib-rfe  KernelMfib-task  KernelNetworkInfo  KernelNetworkInfo-rfe  KernelNetworkInfo-task  KernelVersion  KernelVersion-rfe  KernelVersion-task  kexec-tools  kexec-tools-rfe  kexec-tools-task  klish  klish-rfe  klish-task  kshim  kshim-rfe  kshim-task  kubectl  kubectl-rfe  kubectl-task  kwonly-args  kwonly-args-rfe  kwonly-args-task  L2Rib  L2Rib-rfe  L2Rib-task  L3BfdTest  L3BfdTest-rfe  L3BfdTest-task  L3ProtocolAgentModelCleanup  L3ProtocolAgentModelCleanup-rfe  L3ProtocolAgentModelCleanup-task  L3ProtocolCleanup  L3ProtocolCleanup-rfe  L3ProtocolCleanup-task  L3TestLib  L3TestLib-rfe  L3TestLib-task  L3Vpn  L3Vpn-rfe  L3Vpn-task  Labpatch  Labpatch-rfe  Labpatch-task  Lag  Lag-rfe  Lag-task  LagSnmp  LagSnmp-rfe  LagSnmp-task  LagTest  LagTest-rfe  LagTest-task  Lanz  Lanz-rfe  Lanz-task  lanzcoprocessor  lanzcoprocessor-rfe  lanzcoprocessor-task  LanzTest  LanzTest-rfe  LanzTest-task  Larkfield-diags  LassenPower  LassenPower-rfe  LassenPower-task  lasso  lasso-rfe  lasso-task  Lattice  Lattice-rfe  Lattice-task  Launcher  Launcher-rfe  Launcher-task  LauncherSnmp  LauncherSnmp-rfe  LauncherSnmp-task  Layer1Mgmt  Layer1Mgmt-rfe  Layer1Mgmt-task  Ldp  Ldp-rfe  Ldp-task  LdpSnmp  LdpSnmp-rfe  LdpSnmp-task  LdpTest  LdpTest-rfe  LdpTest-task  Leoni (HC)  lftp  lftp-rfe  lftp-task  libcrafter  libcrafter-rfe  libcrafter-task  libdrm  libdrm-rfe  libdrm-task  libedit  libedit-rfe  libedit-task  libestrar  libestrar-rfe  libestrar-task  libev  libev-rfe  libev-task  libevent  libevent-rfe  libevent-task  libfastjson  libfastjson-rfe  libfastjson-task  libipt  libipt-rfe  libipt-task  liblogging  liblogging-rfe  liblogging-task  liblognorm  liblognorm-rfe  liblognorm-task  libpcap  libpcap-rfe  libpcap-task  librdkafka  librdkafka-rfe  librdkafka-task  librelp  librelp-rfe  librelp-task  libtool  libtool-rfe  libtool-task  libuio  libuio-rfe  libuio-task  libunwind  libunwind-rfe  libunwind-task  libvirt  libvirt-rfe  libvirt-task  License  License-rfe  License-task  LicenseCommon  LicenseCommon-rfe  LicenseCommon-task  LicenseRequestWeb  LicenseRequestWeb-rfe  LicenseRequestWeb-task  LicenseServer  LicenseServer-rfe  LicenseServer-task  LicenseTest  LicenseTest-rfe  LicenseTest-task  lidar  lidar-rfe  lidar-task  LinuxBridge  LinuxBridge-rfe  LinuxBridge-task  lksim  lksim-rfe  lksim-task  Lldp  Lldp-rfe  Lldp-task  LldpTest  LldpTest-rfe  LldpTest-task  llvm  llvm-rfe  llvm-task  Lm73  Lm73-rfe  Lm73-task  Lm95234  Lm95234-rfe  Lm95234-task  LoadBalancer  LoadBalancer-rfe  LoadBalancer-task  LoggedIo  LoggedIo-rfe  LoggedIo-task  LogLake  LogMgr  LogMgr-rfe  LogMgr-task  Logscan-service  Logscan-service-rfe  Logscan-service-task  LoopProtect  LoopProtect-rfe  LoopProtect-task  LpmTrie  LpmTrie-rfe  LpmTrie-task  m2crypto  m2crypto-rfe  m2crypto-task  M8  M8-rfe  MacMon  MacMon-rfe  MacMon-task  MacPhyConc  MacPhyConc-rfe  MacPhyConc-task  Macsec  Macsec-rfe  Macsec-task  MacSecAle  MacSecAle-rfe  MacSecAle-task  MacsecProxy  MacsecProxy-rfe  MacsecProxy-task  MacsecWeb  MacsecWeb-rfe  MacsecWeb-task  MadApi  MadApi-rfe  MadApi-task  MaintenacenModeTest  MaintenacenModeTest-rfe  MaintenacenModeTest-task  Maintenance  Maintenance-rfe  Maintenance-task  MaintenanceMode  MaintenanceMode-rfe  MaintenanceMode-task  MaintenanceModeTest  MaintenanceModeTest-rfe  MaintenanceModeTest-task  make  make-rfe  make-task  makedumpfile  makedumpfile-rfe  makedumpfile-task  ManagementActive  ManagementActive-rfe  ManagementActive-task  Manufacturing  Manufacturing-rfe  Marco  Marco-rfe  Marco-task  MarcoTest  MarcoTest-rfe  MarcoTest-task  MatchList  MatchList-rfe  MatchList-task  Matt  Matt-rfe  Matt-task  Max24305  Max24305-rfe  Max24305-task  Max31790  Max31790-rfe  Max31790-task  Max5980  Max5980-rfe  Max5980-task  Max6658  Max6658-rfe  Max6658-task  Max6697  Max6697-rfe  Max6697-task  mb-tools  mb-tools-rfe  mb-tools-task  MbbPostcodef  MbbPostcodef-rfe  MbbPostcodef-task  McastAgentContainer  McastAgentContainer-rfe  McastAgentContainer-task  McastBoundary  McastBoundary-rfe  McastBoundary-task  McastBridging  McastBridging-rfe  McastBridging-task  McastCommon  McastCommon-rfe  McastCommon-task  McastCommonTest  McastCommonTest-rfe  McastCommonTest-task  McastTest  McastTest-rfe  McastTest-task  Mcp55  Mcp55-rfe  Mcp55-task  Meadowood  Meadowood-rfe  Mellanox  Mellanox-rfe  Memgraph  Memgraph-rfe  Memgraph-task  Memory-diags  Mendocino  Mendocino-diags  Mendocino-rfe  Mendocino-task  Mentor  Mentor-rfe  Merced  Merced-rfe  Merge  Merge (WX)  Merge-rfe  Metadb  Metadb-rfe  Metadb-task  MetadbTest  MetadbTest-rfe  MetadbTest-task  MfgInfra  MfgInfra-diags  MfgInfra-rfe  MfgInfra-task  MfgShared  MfgShared-rfe  MfgShared-task  MfgTest  MfgTest-rfe  MfgTest-task  MgmtSecurity  MgmtSecurity-rfe  MgmtSecurity-task  Microsemi  Microsemi-rfe  Microsemi-task  mingetty  mingetty-rfe  mingetty-task  mips-sde  mips-sde-rfe  mips-sde-task  Mirroring  Mirroring-rfe  Mirroring-task  MirroringTest  MirroringTest-rfe  MirroringTest-task  Misc  Misc-rfe  MiscSnmp  MiscSnmp-rfe  MiscSnmp-task  mjollnir  mjollnir-rfe  mjollnir-task  mkelfImage  mkelfImage-rfe  mkelfImage-task  Mlag  Mlag-rfe  Mlag-task  MlagDut  MlagDut-rfe  MlagDut-task  MlagSnmp  MlagSnmp-rfe  MlagSnmp-task  MlagVrrp  MlagVrrp-rfe  MlagVrrp-task  Mld  Mld-rfe  Mld-task  MldTest  MldTest-rfe  MldTest-task  Mmpa  Mmpa-rfe  Mmpa-task  mock-program  mock-program-rfe  mock-program-task  mock-service  mock-service-rfe  mock-service-task  mod_auth_mellon  mod_auth_mellon-rfe  mod_auth_mellon-task  mod_python  mod_python-rfe  mod_python-task  Modular  Modular-rfe  Modular-task  ModularPlatform  ModularPlatform-rfe  Molex  Molex (PV)  Molex-rfe  mosh  mosh-rfe  mosh-task  MoshCli  MoshCli-rfe  MoshCli-task  moss  moss-rfe  moss-task  MountAnalyzer  MountAnalyzer-rfe  MountAnalyzer-task  MoveDownstairs  MoveDownstairs-rfe  MpcFree  MpcFree-rfe  MpcFree-task  Mpls  Mpls-rfe  Mpls-task  MplsAgent  MplsAgent-rfe  MplsAgent-task  MplsData  MplsData-rfe  MplsData-task  MplsTest  MplsTest-rfe  MplsTest-task  MplsUtils  MplsUtils-rfe  MplsUtils-task  MplsVpn  MplsVpn-rfe  MplsVpn-task  mpt3sas  mpt3sas-rfe  mpt3sas-task  Mroute  Mroute-rfe  Mroute-task  MrouteTest  MrouteTest-rfe  MrouteTest-task  Mrp  Mrp-rfe  Mrp-task  mrt  mrt-rfe  mrt-task  mrtparse  mrtparse-rfe  mrtparse-task  MrtrDut  MrtrDut-rfe  MrtrDut-task  Msdp  Msdp-rfe  Msdp-task  MsdpSnmp  MsdpSnmp-rfe  MsdpSnmp-task  MsdpTest  MsdpTest-rfe  MsdpTest-task  Msrp  Msrp-rfe  Msrp-task  Mss  Mss-rfe  Mss-task  MssClient  MssClient-rfe  MssClient-task  MssPolicyMonitor  MssPolicyMonitor-rfe  MssPolicyMonitor-task  MssTest  MssTest-rfe  MssTest-task  Mt. Baker  Mt. Baker-rfe  MtDan-diags  MtDana-diags  MtdApi  MtdApi-rfe  MtdApi-task  mtrace  mtrace-rfe  mtrace-task  MultiProtocolRouting  MultiProtocolRouting-rfe  MultiProtocolRouting-task  MultiProtocolTools  MultiProtocolTools-rfe  MultiProtocolTools-task  MultiProtocolTunnelTest  MultiProtocolTunnelTest-rfe  MultiProtocolTunnelTest-task  Mvrp  Mvrp-rfe  Mvrp-task  MyDemo  MyDemo-rfe  MyDemo-task  mysqltestlib  mysqltestlib-rfe  mysqltestlib-task  NameNode  NameNode-rfe  NameNode-task  NameNodeTest  NameNodeTest-rfe  NameNodeTest-task  NamespaceCluster  NamespaceCluster-rfe  NamespaceCluster-task  NamespaceDut  NamespaceDut-rfe  NamespaceDut-task  nanomsg  nanomsg-rfe  nanomsg-task  nanowbem  nanowbem-rfe  nanowbem-task  Napa  Napa-hw  Napa-rfe  Napa-task  Nat  Nat-rfe  Nat-task  NatTest  NatTest-rfe  NatTest-task  ncclient  ncclient-rfe  ncclient-task  ncurses  ncurses-rfe  ncurses-task  ndisc6  ndisc6-rfe  ndisc6-task  net-snmp  net-snmp-rfe  net-snmp-task  Netconf  Netconf-rfe  Netconf-task  netns  netns-rfe  netns-task  NetworkTest  NetworkTest-rfe  NetworkTest-task  NetworkTools  NetworkTools-rfe  NetworkTools-task  NetworkView  NetworkView-rfe  NetworkView-task  Nevada  Nevada-rfe  NewBgp  NewBgp-rfe  NewBgp-task  nginx  nginx-rfe  nginx-task  nglogc  nglogc-rfe  nglogc-task  Nice  Nice Diags  nios2eds  nios2eds-rfe  nios2eds-task  nnpy  nnpy-rfe  nnpy-task  node  node-rfe  node-task  nodejs  nodejs-rfe  nodejs-task  Nooksack  Nooksack-rfe  NorCal  NorCal-rfe  NorCal-task  NorCalCard  NorCalCard-rfe  NorCalCard-task  NorCalMfg  NorCalMfg-rfe  NorCalMfg-task  NorCalSys  NorCalSys-rfe  NorCalSys-task  NorCalTest  NorCalTest-rfe  NorCalTest-task  nstools  nstools-rfe  nstools-task  nsutil  nsutil-rfe  nsutil-task  Ntp  Ntp-rfe  Ntp-task  ntp-udel  ntp-udel-rfe  ntp-udel-task  NuageVsp  Nvgre  Nvgre-rfe  Nvgre-task  Oak-diags  OAM-task  oauth2client  oauth2client-rfe  oauth2client-task  ObjectTracking  ObjectTracking-rfe  ObjectTracking-task  oepnssl  oepnssl-rfe  oepnssl-task  Olema-diags  omi  omi-rfe  omi-task  onie  onie-rfe  onie-task  OnsiteDetector  OnsiteDetector-rfe  OnsiteDetector-task  openbmp  openbmp-rfe  openbmp-task  OpenConfig  OpenConfig-rfe  OpenConfig-task  OpenConfigTest  OpenConfigTest-rfe  OpenConfigTest-task  OpenFlow  OpenFlow-rfe  OpenFlow-task  OpenFlowTest  OpenFlowTest-rfe  OpenFlowTest-task  OpenGrok  OpenGrok-rfe  OpenGrok-task  openssh  openssh-rfe  openssh-task  OpenSSHTest  OpenSSHTest-rfe  OpenSSHTest-task  openssl  openssl-rfe  openssl-task  OpenStack  OpenStack-rfe  openstack-swift  openstack-swift-rfe  openstack-swift-task  OpenStack-task  openstackpythonclients  openstackpythonclients-rfe  openstackpythonclients-task  openvswitch  openvswitch-rfe  openvswitch-task  Oplink (KE)  Opnext  Opnext (AP)  Opnext-rfe  Optics  Optics-rfe  OptumSoftAbuildFirst  OptumSoftAbuildFirst-rfe  OptumSoftAbuildFirst-task  OptumSoftExternal  OptumSoftExternal-rfe  OptumSoftExternal-task  OptumSoftInfrastructure-task  OptumSoftProductTest  OptumSoftProductTest-rfe  OptumSoftProductTest-task  OptumSoftSearch  OptumSoftSearch-rfe  OptumSoftSearch-task  OptumSoftTools  OptumSoftTools-rfe  OptumSoftTools-task  Orca  Orca-rfe  Orca-task  Oscillators  Ospf  Ospf-rfe  Ospf-task  Ospf3  Ospf3-rfe  Ospf3-task  Overcast  Overcast-rfe  Overcast-task  ovftool  ovftool-rfe  ovftool-task  Ovs  Ovs-rfe  Ovs-task  P2PSync  P2PSync-rfe  P2PSync-task  P4  p4-ar-switch  p4-ar-switch-rfe  p4-ar-switch-task  p4-behavioral-model  p4-behavioral-model-rfe  p4-behavioral-model-task  p4-bf-switch  p4-bf-switch-rfe  p4-bf-switch-task  p4-bm-switch  p4-bm-switch-rfe  p4-bm-switch-task  p4-compilers  p4-compilers-rfe  p4-compilers-task  p4-hlir  p4-hlir-rfe  p4-hlir-task  P4-rfe  P4-task  p4c-bm  p4c-bm-rfe  p4c-bm-task  P4NamespaceDut  P4NamespaceDut-rfe  P4NamespaceDut-task  P4SwitchTest  P4SwitchTest-rfe  P4SwitchTest-task  p4testswitch  p4testswitch-rfe  p4testswitch-task  P4Tickets  P4Tickets-rfe  P4Tickets-task  PacketCapture  PacketCapture-rfe  PacketCapture-task  Packetpflegen  paramiko  paramiko-rfe  paramiko-task  parted  parted-rfe  parted-task  PatchPanel  PatchPanel-rfe  PatchPanel-task  PatchPanelAgent  PatchPanelAgent-rfe  PatchPanelAgent-task  PATT  PattTest  PattTest-rfe  PattTest-task  Pbr  Pbr-rfe  Pbr-task  Pca9555  Pca9555-rfe  Pca9555-task  PciBus  PciBus-rfe  PciBus-task  Pcie-diags  PcieNt  PcieNt-rfe  PcieNt-task  pcre  pcre-rfe  pcre-task  PdpDmaLib  PdpDmaLib-rfe  PdpDmaLib-task  Perdb  Perdb-rfe  Perdb-task  PeReyes  PeReyes-rfe  PeReyes-task  perforce  perforce-rfe  perforce-task  perftools  perftools-rfe  perftools-task  perl5  perl5-rfe  perl5-task  PersistentStore  PersistentStore-rfe  PersistentStore-task  peterwu  peterwu-rfe  peterwu-task  Petra  Petra-rfe  Petra-task  pexpect  pexpect-rfe  pexpect-task  Phoenix  Phoenix-rfe  Phoenix-task  Phone System  Phone System-rfe  PhyAeluros  PhyAeluros-rfe  PhyAeluros-task  PhyAlaska  PhyAlaska-rfe  PhyAlaska-task  PhyAlaskaX  PhyAlaskaX-rfe  PhyAlaskaX-task  PhyApm  PhyApm-rfe  PhyApm-task  PhyAvago  PhyAvago-rfe  PhyAvago-task  PhyAvago8812  PhyAvago8812-rfe  PhyAvago8812-task  PhyAvagoCurrent  PhyAvagoCurrent-rfe  PhyAvagoCurrent-task  PhyBcm  PhyBcm-rfe  PhyBcm-task  PhyBcm54980  PhyBcm54980-rfe  PhyBcm54980-task  PhyBcmEpil  PhyBcmEpil-rfe  PhyBcmEpil-task  PhyClariphy  PhyClariphy-rfe  PhyClariphy-task  PhyEee  PhyEee-rfe  PhyEee-task  PhyEthtool  PhyEthtool-rfe  PhyEthtool-task  PhyMtd  PhyMtd-rfe  PhyMtd-task  PhyNlp1342  PhyTest  PhyTest-rfe  PhyTest-task  PhyTn  PhyTn-rfe  PhyTn-task  Picasso  Picasso-rfe  Picasso-task  Picnic  Picnic-rfe  Piedmont  pigz  pigz-rfe  pigz-task  pika  pika-rfe  pika-task  Pim  Pim-rfe  Pim-task  PimBidir  PimBidir-rfe  PimBidir-task  PimBidirDf  PimBidirDf-rfe  PimBidirDf-task  PimBidirTest  PimBidirTest-rfe  PimBidirTest-task  PimBsr  PimBsr-rfe  PimBsr-task  PimBsrTest  PimBsrTest-rfe  PimBsrTest-task  PimReg  PimReg-rfe  PimReg-task  PimRegTest  PimRegTest-rfe  PimRegTest-task  Pimsm  Pimsm-rfe  Pimsm-task  PimsmTest  PimsmTest-rfe  PimsmTest-task  PimSnmp  PimSnmp-rfe  PimSnmp-task  pktgen  pktgen-rfe  pktgen-task  PlatformAgent  PlatformAgent-rfe  PlatformAgent-task  PlatformL3Intf  PlatformL3Intf-rfe  PlatformL3Intf-task  PlatformLibrary  PlatformLibrary-rfe  PlatformLibrary-task  PlatformTest  PlatformTest-rfe  PlatformTest-task  PlePex8600  PlePex8600-rfe  PlePex8600-task  PlugIt  PlugIt-rfe  PlugIt-task  Pluto  Pluto-rfe  Pluto-task  PlutoLib  PlutoLib-rfe  PlutoLib-task  PlutoLibrary  PlutoLibrary-rfe  PlutoLibrary-task  PlutoUtil  PlutoUtil-rfe  PlutoUtil-task  plx-pcie-drivers  plx-pcie-drivers-rfe  plx-pcie-drivers-task  Plx9056Bridge  Plx9056Bridge-rfe  Plx9056Bridge-task  PlxPex8600  PlxPex8600-rfe  PlxPex8600-task  ply  ply-rfe  ply-task  pmat  pmat-rfe  pmat-task  Pmbus  Pmbus-rfe  Pmbus-task  poc-tasks  PolicyMap  PolicyMap-rfe  PolicyMap-task  PolicyService  PolicyService-rfe  PolicyService-task  Ponderosa-diags  PortMirroring  PortMirroring-rfe  Power  Power-rfe  Power-task  PowerDevice-diags  PowerFuse  PowerFuse-rfe  PowerFuse-task  PowerOne  PowerOne-rfe  PowerOne-task  PowerSupply-diags  Prebuilt  Prebuilt-rfe  Prebuilt-task  Prestera  Prestera-rfe  Prestera-task  ProcMgr  ProcMgr-rfe  ProcMgr-task  procps  procps-ng  procps-ng-rfe  procps-ng-task  procps-rfe  procps-task  ProductAttributes  ProductAttributes-rfe  ProductAttributes-task  Proglog  Proglog-rfe  Proglog-task  ProjectReport  ProjectReport-rfe  ProjectReport-task  Pronghorn-diags  proteus-dns  proteus-dns-rfe  proteus-dns-task  Proto  Proto-rfe  Proto-task  protobuf  protobuf-rfe  protobuf-task  Pseudowire  Pseudowire-rfe  Pseudowire-task  PseudowireAgent  PseudowireAgent-rfe  PseudowireAgent-task  PseudowireCli  PseudowireCli-rfe  PseudowireCli-task  PseudowireTest  PseudowireTest-rfe  PseudowireTest-task  Psmi  Psmi-rfe  Psmi-task  PsocFanController  PsocFanController-rfe  PsocFanController-task  Psp  Psp-rfe  Psp-task  pstack  pstack-rfe  pstack-task  Ptp  Ptp-rfe  Ptp-task  ptpd  ptpd-rfe  ptpd-task  ptpd-v2  ptpd-v2-rfe  ptpd-v2-task  PtpTest  PtpTest-rfe  PtpTest-task  PtpTimeSync  PtpTimeSync-rfe  PtpTimeSync-task  PtpTimeSyncTest  PtpTimeSyncTest-rfe  PtpTimeSyncTest-task  PtReyes  PtReyes-rfe  PtReyes-task  Pulse  Pulse-rfe  Pulse-task  PulseAgent  PulseAgent-rfe  PulseAgent-task  PulseWeb  PulseWeb-rfe  PulseWeb-task  pxe  pxe-kexec  pxe-kexec-rfe  pxe-kexec-task  pxe-rfe  pxe-swi  pxe-swi-rfe  pxe-swi-task  pxe-task  py-radix  py-radix-rfe  py-radix-task  PyArrow  PyArrow-rfe  PyArrow-task  pycodestyle  pycodestyle-rfe  pycodestyle-task  pylibpcap  pylibpcap-rfe  pylibpcap-task  pylint  pylint-rfe  pylint-task  pylucene  pylucene-rfe  pylucene-task  python  python-beautiful-soup  python-beautiful-soup-rfe  python-beautiful-soup-task  python-blockdiag  python-blockdiag-rfe  python-blockdiag-task  python-breathe  python-breathe-rfe  python-breathe-task  python-cjson  python-cjson-rfe  python-cjson-task  python-cogapp  python-cogapp-rfe  python-cogapp-task  python-decorator  python-decorator-rfe  python-decorator-task  python-django  python-django-picklefield  python-django-picklefield-rfe  python-django-picklefield-task  python-django-rfe  python-django-storage-swift  python-django-storage-swift-rfe  python-django-storage-swift-task  python-django-task  python-djblets  python-djblets-rfe  python-djblets-task  python-docker  python-docker-rfe  python-docker-task  python-dpkt  python-dpkt-rfe  python-dpkt-task  python-eunuchs  python-eunuchs-rfe  python-eunuchs-task  python-eventlet  python-eventlet-rfe  python-eventlet-task  python-funcparserlib  python-funcparserlib-rfe  python-funcparserlib-task  python-graph  python-graph-rfe  python-graph-task  python-httpbin  python-httpbin-rfe  python-httpbin-task  python-httplib2  python-httplib2-rfe  python-httplib2-task  python-iso8601  python-iso8601-rfe  python-iso8601-task  python-jcc  python-jcc-rfe  python-jcc-task  python-json-cfg  python-json-cfg-rfe  python-json-cfg-task  python-jsonrpclib  python-jsonrpclib-rfe  python-jsonrpclib-task  python-kwonly-args  python-kwonly-args-rfe  python-kwonly-args-task  python-logilab-astng  python-logilab-astng-rfe  python-logilab-astng-task  python-m2crypto  python-m2crypto-rfe  python-m2crypto-task  python-markdown2  python-markdown2-rfe  python-markdown2-task  python-mox  python-mox-rfe  python-mox-task  python-ncclient  python-ncclient-rfe  python-ncclient-task  python-oftest  python-oftest-rfe  python-oftest-task  python-openbmp-api  python-openbmp-api-rfe  python-openbmp-api-task  python-openstackclients  python-openstackclients-rfe  python-openstackclients-task  python-paramiko  python-paramiko-rfe  python-paramiko-task  python-pbr  python-pbr-rfe  python-pbr-task  python-pip  python-pip-rfe  python-pip-task  python-prettytable  python-prettytable-rfe  python-prettytable-task  python-ptf  python-ptf-rfe  python-ptf-task  python-pypiserver  python-pypiserver-rfe  python-pypiserver-task  python-pyvmomi  python-pyvmomi-rfe  python-pyvmomi-task  python-requests  python-requests-rfe  python-requests-task  python-requests2  python-requests2-rfe  python-requests2-task  python-rfe  python-seqdiag  python-seqdiag-rfe  python-seqdiag-task  python-setuptools  python-setuptools-rfe  python-setuptools-task  python-six  python-six-rfe  python-six-task  python-sleekxmpp  python-sleekxmpp-rfe  python-sleekxmpp-task  python-sphinx  python-sphinx-rfe  python-sphinx-task  python-sqlalchemy  python-sqlalchemy-rfe  python-sqlalchemy-task  python-swiftclient  python-swiftclient-rfe  python-swiftclient-task  python-task  python-webcolors  python-webcolors-rfe  python-webcolors-task  python-xlrd  python-xlrd-rfe  python-xlrd-task  python-xlwt  python-xlwt-rfe  python-xlwt-task  python-ZSI  python-ZSI-rfe  python-ZSI-task  python26  python26-rfe  python26-task  python3  python3-rfe  python3-task  PyWrappers  PyWrappers-rfe  PyWrappers-task  Qbuild  Qbuild-rfe  Qbuild-task  qemu  qemu-gns3  qemu-gns3-rfe  qemu-gns3-task  qemu-kvm  qemu-kvm-rfe  qemu-kvm-task  qemu-rfe  qemu-task  QemuVmAgent  QemuVmAgent-rfe  QemuVmAgent-task  Qos  Qos-rfe  Qos-task  QosSnmp  QosSnmp-rfe  QosSnmp-task  QosTest  QosTest-rfe  QosTest-task  QuaggaDut  QuaggaDut-rfe  QuaggaDut-task  quantumfs  quantumfs-rfe  quantumfs-task  Qube  Qube-rfe  Qube-task  QubeTest  QubeTest-rfe  QubeTest-task  qubit-tools  QuickTrace  QuickTrace-rfe  QuickTrace-task  QuickTraceTest  QuickTraceTest-rfe  QuickTraceTest-task  quota  quota-rfe  quota-task  RachiticTest  RachiticTest-rfe  RachiticTest-task  Radius  Radius-rfe  Radius-task  Raild  Raild-rfe  Raild-task  RAILproto  RAILproto-rfe  RAILproto-task  RAILtest  RAILtest-rfe  RAILtest-task  Rainbow-diags  Rama  Rama-rfe  Rama-task  Raven  Raven-rfe  rbfd  rbfd-rfe  rbfd-task  RdamDatabase  RdamDatabase-rfe  RdamDatabase-task  RdamDut  RdamDut-rfe  RdamDut-task  ReachabilityMonitor  ReachabilityMonitor-rfe  ReachabilityMonitor-task  ReachabilityMonitorTest  ReachabilityMonitorTest-rfe  ReachabilityMonitorTest-task  RedSea  RedSea-rfe  RedSea-task  RedSup  RedSup-rfe  RedSup-task  RedSupSnmp  RedSupSnmp-rfe  RedSupSnmp-task  Redundancy  Redundancy-rfe  Redundancy-task  ReleaseTools  ReleaseTools-rfe  ReleaseTools-task  ReleaseUmbrella  ReloadCause  ReloadCause-rfe  ReloadCause-task  ReloadCauseAgent  ReloadCauseAgent-rfe  ReloadCauseAgent-task  ReloadPolicy  ReloadPolicy-rfe  ReloadPolicy-task  RemoteAgentSync  RemoteAgentSync-rfe  RemoteAgentSync-task  Renesas  Renesas-rfe  requests  requests-rfe  requests-task  ResourceManager  ResourceManager-rfe  ResourceManager-task  ReviewBoard  ReviewBoard-rfe  ReviewBoard-task  ReviewBoardTest  ReviewBoardTest-rfe  ReviewBoardTest-task  Ribbon-diags  RibCapi  RibCapi-rfe  RibCapi-task  RibCapiTest  RibCapiTest-rfe  RibCapiTest-task  Rio  Rio-rfe  Rio-task  RioTest  RioTest-rfe  RioTest-task  Rip  Rip-rfe  Rip-task  ripgrep  ripgrep-rfe  ripgrep-task  RN  Robo-service  Robo-service-rfe  Robo-service-task  Robo1  Robo1-rfe  Robo1-task  Robo2  Robo2-rfe  Robo2-task  Robo3  Robo3-rfe  Robo3-task  RoboScripts  RoboScripts-rfe  RoboScripts-task  rootfs-service  rootfs-service-rfe  rootfs-service-task  Rosa-diags  Rosa/SantaRosa/Cotati  RouteInput  RouteInput-rfe  RouteInput-task  RouteMap  RouteMap-rfe  RouteMap-task  RouterGeneral  RouterGeneral-rfe  RouterGeneral-task  RouterGeneralCli  RouterGeneralCli-rfe  RouterGeneralCli-task  RoutingHelper  RoutingHelper-rfe  RoutingHelper-task  rpcapd  rpcapd-rfe  rpcapd-task  Rsvp  Rsvp-rfe  Rsvp-task  RsvpTest  RsvpTest-rfe  RsvpTest-task  rsyslog  rsyslog-rfe  rsyslog-task  rtest  rtest-rfe  rtest-task  Ruby  Ruby-rfe  Ruby-task  Rutherford  Rutherford-rfe  Saguaro  Saguaro-rfe  Saguaro-task  Sai  sai-net  sai-net-rfe  sai-net-task  Sai-rfe  Sai-task  SaltLakeFixed  SaltLakeFixed-rfe  SaltLakeFixed-task  SampleSoftware  Sand  Sand--diags  Sand-diags  sand-dma  sand-dma-rfe  sand-dma-task  Sand-rfe  Sand-task  SandAcl  SandAcl-rfe  SandAcl-task  SandAclTest  SandAclTest-rfe  SandAclTest-task  SandBcmSdkShim  SandBcmSdkShim-rfe  SandBcmSdkShim-task  SandBcmSdkV2  SandBcmSdkV2-rfe  SandBcmSdkV2-task  SandBroadcomSdk  SandBroadcomSdk-rfe  SandBroadcomSdk-task  SandCounters  SandCounters-rfe  SandCounters-task  SandDanz  SandDanz-rfe  SandDanz-task  SandFabric  SandFabric-rfe  SandFabric-task  SandFap  SandFap-rfe  SandFap-task  SandFapNi  SandFapNi-rfe  SandFapNi-task  SandFapNiState  SandFapNiState-rfe  SandFapNiState-task  SandFlow  SandFlow-rfe  SandFlow-task  SandHalo  SandHalo-rfe  SandHalo-task  SandHw  SandHw-rfe  SandHw-task  SandIpsec  SandIpsec-rfe  SandIpsec-task  SandL3Unicast  SandL3Unicast-rfe  SandL3Unicast-task  SandLag  SandLag-rfe  SandLag-task  SandLanz  SandLanz-rfe  SandLanz-task  SandLib  SandLib-rfe  SandLib-task  SandMact  SandMact-rfe  SandMact-task  SandMcast  SandMcast-rfe  SandMcast-task  SandMdb  SandMdb-rfe  SandMdb-task  SandMirroring  SandMirroring-rfe  SandMirroring-task  SandOam  SandOam-rfe  SandOam-task  SandPbr  SandPbr-rfe  SandPbr-task  SandPhy  SandPhy-rfe  SandPhy-task  SandPolicyLib  SandPolicyLib-rfe  SandPolicyLib-task  SandPP  SandPP-rfe  SandPP-task  SandPtp  SandPtp-rfe  SandPtp-task  SandQos  SandQos-rfe  SandQos-task  SandSal  SandSal-rfe  SandSal-task  SandSalCommon  SandSalCommon-rfe  SandSalCommon-task  SandSdk  SandSdk-rfe  SandSdk-task  SandSdkHelper  SandSdkHelper-rfe  SandSdkHelper-task  SandSdkShim  SandSdkShim-rfe  SandSdkShim-task  SandSdkV2Helper  SandSdkV2Helper-rfe  SandSdkV2Helper-task  SandSdkV3  SandSdkV3-rfe  SandSdkV3-task  SandSdkV3Helper  SandSdkV3Helper-rfe  SandSdkV3Helper-task  SandSdkV4  SandSdkV4-rfe  SandSdkV4-task  SandSdkV4Helper  SandSdkV4Helper-rfe  SandSdkV4Helper-task  SandTapAgg  SandTapAgg-rfe  SandTapAgg-task  SandTcam  SandTcam-rfe  SandTcam-task  SandTcamLib  SandTcamLib-rfe  SandTcamLib-task  SandTest  SandTest-rfe  SandTest-task  SandTm  SandTm-rfe  SandTm-task  SandToggles  SandToggles-rfe  SandToggles-task  SandTopo  SandTopo-rfe  SandTopo-task  SandTunnel  SandTunnel-rfe  SandTunnel-task  SantaRosa-diags  Santo  Santo-common  Santo-common-rfe  Santo-common-task  Santo-psp  Santo-psp-rfe  Santo-psp-task  Santo-rfe  Santo-task  Santo-v1  Santo-v1-rfe  Santo-v1-task  Sapling  Sapling-rfe  Sb820  Sb820-rfe  Sb820-task  Sc16is760  Sc16is760-rfe  Sc16is760-task  Scaleit  Scaleit-rfe  Scaleit-task  scc  Scd  scd-driver  scd-driver-rfe  scd-driver-task  scd-em  scd-em-rfe  scd-em-task  Scd-rfe  Scd-task  ScdEmUtils  ScdEmUtils-rfe  ScdEmUtils-task  SchanAccel  SchanAccel-rfe  SchanAccel-task  SchanCentral  SchanCentral-rfe  SchanCentral-task  Schooner-diags  screen  screen-rfe  screen-task  SeaRanch  SeaRanch-rfe  SecretCli  SecretCli-rfe  SecretCli-task  SecureNic  SecureNic-rfe  SecureNic-task  Security-diags  SecurityTest  SecurityTest-rfe  SecurityTest-task  Sequoia  Sequoia-diags  Sequoia-rfe  Sequoia-task  SequoiaModular  SessionTimeout  SessionTimeout-rfe  SessionTimeout-task  Sesto-diags  Sfa  Sfa-rfe  Sfa-task  Sfe  Sfe-rfe  Sfe-task  SfeModules  SfeModules-rfe  SfeModules-task  Sflow  Sflow-rfe  Sflow-task  SflowAccel  SflowAccel-rfe  SflowAccel-task  SflowAccelTest  SflowAccelTest-rfe  SflowAccelTest-task  SflowLib  SflowLib-rfe  SflowLib-task  SflowTest  SflowTest-rfe  SflowTest-task  shadow-utils  shadow-utils-rfe  shadow-utils-task  Shape  Shape-rfe  Shape-task  ShardedMap  ShardedMap-rfe  ShardedMap-task  ShardedMapCppApi  ShardedMapCppApi-rfe  ShardedMapCppApi-task  ShardedMapTest  ShardedMapTest-rfe  ShardedMapTest-task  SharedMem  SharedMem-rfe  SharedMem-task  Shasta  Shasta-rfe  Shmalloc  Shmalloc-rfe  Shmalloc-task  ShowCommandService  ShowCommandService-rfe  ShowCommandService-task  Si5327  Si5327-rfe  Si5327-task  Silverado  Silverado-rfe  simtop  simtop-rfe  simtop-task  Skegness  Skegness-rfe  Skegness-task  SkuTools  SkuTools-rfe  SkuTools-task  SmartOptics (FB)  smartsync  smartsync-rfe  smartsync-task  Smash  Smash-rfe  Smash-task  SmashCli  SmashCli-rfe  SmashCli-task  SmashTest  SmashTest-rfe  SmashTest-task  SmashTools  SmashTools-rfe  SmashTools-task  SmashViz  SmashViz-rfe  SmashViz-task  snakefood  snakefood-rfe  snakefood-task  Snmp  Snmp-rfe  Snmp-task  Snmp,net-snmp  Snmp,net-snmp-rfe  Snmp,net-snmp-task  SnmpTest  SnmpTest-rfe  SnmpTest-task  Sol  Sol-rfe  Sol-task  Sonic  Sonic-rfe  sonic-support  sonic-support-rfe  sonic-support-task  Sonic-task  Sonoma  Sonoma-rfe  Source Photonics (ET)  source-highlight  source-highlight-rfe  source-highlight-task  SourcePhotonics  SourcePhotonics-rfe  spark  spark-rfe  spark-task  Sparrow  Sparrow-rfe  Sparrow-task  spin  spin-rfe  spin-task  spl  spl-rfe  spl-task  SplunkForwarder  SplunkForwarder-rfe  SplunkForwarder-task  squashfs-tools  squashfs-tools-rfe  squashfs-tools-task  SrTePolicy  SrTePolicy-rfe  SrTePolicy-task  SrTePolicyTest  SrTePolicyTest-rfe  SrTePolicyTest-task  SshHostKeys  SshHostKeys-rfe  SshHostKeys-task  SsoTest  SsoTest-rfe  SsoTest-task  Sta-task  StageMgr  StageMgr-rfe  StageMgr-task  StageMgrAgent  StageMgrAgent-rfe  StageMgrAgent-task  StanbyCpld  StanbyCpld-rfe  StanbyCpld-task  Stand  Stand-rfe  Stand-task  StandbyCpld  StandbyCpld-rfe  StandbyCpld-task  Stash  Stash-rfe  Stash-task  StashTest  StashTest-rfe  StashTest-task  Stat  Stat-rfe  Stat-task  StaticRoute  StaticRoute-rfe  StaticRoute-task  stest-service  stest-service-rfe  stest-service-task  stestimgbuilder  stestimgbuilder-rfe  stestimgbuilder-task  stesting  stesting-rfe  stesting-task  StestWorkspace-service  StestWorkspace-service-rfe  StestWorkspace-service-task  StorageDevices  StorageDevices-rfe  StorageDevices-task  Storg  Storg-rfe  Storg-task  StormControl  StormControl-rfe  StormControl-task  Stp  Stp-rfe  Stp-task  StpSnmp  StpSnmp-rfe  StpSnmp-task  Strata  Strata--diags  Strata-diags  strata-dma  strata-dma-rfe  strata-dma-task  Strata-rfe  Strata-task  StrataAcl  StrataAcl-rfe  StrataAcl-task  StrataApi  StrataApi-rfe  StrataApi-task  StrataApi2  StrataApi2-rfe  StrataApi2-task  StrataApiTest  StrataApiTest-rfe  StrataApiTest-task  StrataApiV2  StrataApiV2-rfe  StrataApiV2-task  StrataApiV3  StrataApiV3-rfe  StrataApiV3-task  StrataApiV4  StrataApiV4-rfe  StrataApiV4-task  StrataCental  StrataCental-rfe  StrataCental-task  StrataCentral  StrataCentral-rfe  StrataCentral-task  StrataCommon  StrataCommon-rfe  StrataCommon-task  StrataCounters  StrataCounters-rfe  StrataCounters-task  StrataDiags  StrataDiags-rfe  StrataDiags-task  StrataDmaTest  StrataDmaTest-rfe  StrataDmaTest-task  StrataL2  StrataL2-rfe  StrataL2-task  StrataL2Multicast  StrataL2Multicast-rfe  StrataL2Multicast-task  StrataL3  StrataL3-rfe  StrataL3-task  StrataL3Test  StrataL3Test-rfe  StrataL3Test-task  StrataLag  StrataLag-rfe  StrataLag-task  StrataLanz  StrataLanz-rfe  StrataLanz-task  stratalanzcoprocessor  stratalanzcoprocessor-rfe  stratalanzcoprocessor-task  StrataLib  StrataLib-rfe  StrataLib-task  StrataLtApi  StrataLtApi-rfe  StrataLtApi-task  StrataMirror  StrataMirror-rfe  StrataMirror-task  StrataMpls  StrataMpls-rfe  StrataMpls-task  StrataMultiAgentTest  StrataMultiAgentTest-rfe  StrataMultiAgentTest-task  StrataParity  StrataParity-rfe  StrataParity-task  StrataPbr  StrataPbr-rfe  StrataPbr-task  StrataPhy  StrataPhy-rfe  StrataPhy-task  StrataQos  StrataQos-rfe  StrataQos-task  StrataSdkCommon  StrataSdkCommon-rfe  StrataSdkCommon-task  StrataSdkShim  StrataSdkShim-rfe  StrataSdkShim-task  StrataSso  StrataSso-rfe  StrataSso-task  StrataT2PlusTest  StrataT2PlusTest-rfe  StrataT2PlusTest-task  StrataT2Test  StrataT2Test-rfe  StrataT2Test-task  StrataTcam  StrataTcam-rfe  StrataTcam-task  StrataTest  StrataTest-rfe  StrataTest-task  StrataV2  StrataV2-rfe  StrataV2-task  StrataVlanTopo  StrataVlanTopo-rfe  StrataVlanTopo-task  StrataVxlan  StrataVxlan-rfe  StrataVxlan-task  StrataXgsApi  StrataXgsApi-rfe  StrataXgsApi-task  StrataXgsApiV2  StrataXgsApiV2-rfe  StrataXgsApiV2-task  Stratix  Stratix-rfe  Stratix-task  strongswan  strongswan-rfe  strongswan-task  stuttermeter  stuttermeter-rfe  stuttermeter-task  SubIntf  subintf-task  sudo  sudo-rfe  sudo-task  sudorca  sudorca-rfe  sudorca-service  sudorca-service-rfe  sudorca-service-task  sudorca-task  Sumitomo (FY)  SuperServer  SuperServer-rfe  SuperServer-task  SupportedHardware  SupportedHardware-rfe  SupportedHardware-task  sw-infra  SwiftLib  SwiftLib-rfe  SwiftLib-task  swig  swig-rfe  swig-task  Switchboard  Switchboard-rfe  Switchboard-task  SwitchTest  SwitchTest-rfe  SwitchTest-task  SwLab  SwLab-logre  SwLab-rfe  Sysdb  Sysdb-rfe  Sysdb-task  SysdbAgent  SysdbAgent-rfe  SysdbAgent-task  SysdbProfileCheck  SysdbProfileCheck-rfe  SysdbProfileCheck-task  SysdbTest  SysdbTest-rfe  SysdbTest-task  syslog-proxy  syslog-proxy-rfe  syslog-proxy-task  SysMgr  SysMgr-rfe  SysMgr-task  SysMgrSnmp  SysMgrSnmp-rfe  SysMgrSnmp-task  SysMgrTest  SysMgrTest-rfe  SysMgrTest-task  systemd  systemd-rfe  systemd-task  systest-poc lab  sysvinit  sysvinit-rfe  sysvinit-task  Tacacs  Tacacs-rfe  Tacacs-task  tacacs+  tacacs+-rfe  tacacs+-task  tacc  tacc-pygment  tacc-pygment-rfe  tacc-pygment-task  tacc-rfe  tacc-task  TaccAttic  TaccAttic-rfe  TaccAttic-task  TaccComputeMan  TaccComputeMan-rfe  TaccComputeMan-task  TaccComputeManImpl  TaccComputeManImpl-rfe  TaccComputeManImpl-task  TaccComputeManTest  TaccComputeManTest-rfe  TaccComputeManTest-task  TaccDistributedTest  TaccDistributedTest-rfe  TaccDistributedTest-task  TaccDocs  TaccDocs-rfe  TaccDocs-task  TaccExamples  TaccExamples-rfe  TaccExamples-task  TaccExperimental  TaccExperimental-rfe  TaccExperimental-task  TaccGraphTest  TaccInternalDocs  TaccInternalDocs-rfe  TaccInternalDocs-task  TaccInteropTest  TaccInteropTest-rfe  TaccInteropTest-task  TaccJni  TaccJni-rfe  TaccJni-task  TaccJniTest  TaccMap  TaccMap-rfe  TaccMap-task  TaccMapSrv  TaccMapSrv-rfe  TaccMapSrv-task  TaccMarketAnalyticsTest  TaccNetworkTest  TaccNetworkTest-rfe  TaccNetworkTest-task  TaccOde  TaccOde-rfe  TaccOde-task  TaccPerfFwk-task  TaccPerfTools  TaccPerfTools-rfe  TaccPerfTools-task  TaccPyUtils  TaccPyUtils-rfe  TaccPyUtils-task  TaccServiceMan  TaccServiceMan-rfe  TaccServiceMan-task  TaccServiceManTest  TaccServiceManTest-rfe  TaccServiceManTest-task  TacGo  TacGo-rfe  TacGo-task  TacGoTest  TacGoTest-rfe  TacGoTest-task  TacMarco  TacMarco-rfe  TacMarco-task  TacNav  TacNav-rfe  TacNav-task  taco  taco-rfe  taco-task  tacoTest  tacoTest-rfe  tacoTest-task  TacPulse  TacPulse-rfe  TacPulse-task  TacSmash  TacSmash-rfe  TacSmash-task  TacStash  TacStash-rfe  TacStash-task  tacXref  Tamarack  Tamarack-rfe  TapAggGui  TapAggGui-rfe  TapAggGui-task  TapAggTest  TapAggTest-rfe  TapAggTest-task  TargetExpr  TargetExpr-rfe  TargetExpr-task  TargetExpression  TargetExpression-rfe  TargetExpression-task  Taro  Taro-rfe  Taro-task  TaskScheduler  TaskScheduler-rfe  TaskScheduler-task  tcollector  tcollector-rfe  tcollector-task  tcollectorAgent  tcollectorAgent-rfe  tcollectorAgent-task  tcp_wrappers  tcp_wrappers-rfe  tcp_wrappers-task  tcpdump  tcpdump-rfe  tcpdump-task  tcptrace  tcptrace-rfe  tcptrace-task  Te  Te-rfe  te-task  TeCli  TeCli-rfe  TeCli-task  telnet  telnet-rfe  telnet-task  TemplatePkg  TemplatePkg-rfe  TemplatePkg-task  TempSensor-diags  Tenjin  Tenjin-rfe  Tenjin-task  Teranetics  Teranetics-rfe  TerminAttr  TerminAttr-rfe  TerminAttr-task  test  test-rfe  test-task  Test1234567  Test12345678  Test123456789  test56  TestCluster  TestCluster-rfe  TestCluster-task  TestDemo  TestDemo-rfe  TestDemo-task  Testpoint  Testpoint-rfe  Testpoint-task  TestProduct  TestResources  TestResources-rfe  TestResources-task  TestSuite  TestSuite-rfe  TestSuite-task  TestSuiteTest  TestSuiteTest-rfe  TestSuiteTest-task  ThermoMgr  ThermoMgr-rfe  ThermoMgr-task  Thermostat  Thermostat-rfe  Thermostat-task  ThreeBrothers-diags  thrift  thrift-rfe  thrift-task  Tiburon  Tiburon-rfe  TimberCove-diags  timeout  timeout-rfe  timeout-task  TimeSync  TimeSync-rfe  TimeSync-task  TiPhy-diags  tmux  tmux-rfe  tmux-task  tofino-model  tofino-model-rfe  tofino-model-task  tofinobm  tofinobm-rfe  tofinobm-task  Toggles  Toggles-rfe  Toggles-task  Tomahawk2Fixed  Tomahawk2Fixed-rfe  Tomahawk2Fixed-task  Tomahawk3Fixed  Tomahawk3Fixed-rfe  Tomahawk3Fixed-task  Tomales  Tomales-rfe  TommyDS  TommyDS-rfe  TommyDS-task  Tools  Topology  Topology-rfe  Topology-task  TopologyManager  TopologyManager-rfe  TopologyManager-task  TopologyTest  TopologyTest-rfe  TopologyTest-task  TPGen  TPGen-rfe  TPGen-task  Tpm  Tpm-rfe  Tpm-task  TPMFU  TPMFU-rfe  TPMFU-task  traceroute  traceroute-rfe  traceroute-task  Tunnel  Tunnel-rfe  Tunnel-task  TunnelIntf  TunnelIntf-rfe  TunnelIntf-task  TunnelIntfTest  TunnelIntfTest-rfe  TunnelIntfTest-task  TunnelSnmp  TunnelSnmp-rfe  TunnelSnmp-task  TunnelTest  TunnelTest-rfe  TunnelTest-task  Tyco (BQ)  uart-verilog  uart-verilog-rfe  uart-verilog-task  Ucd9012  Ucd9012-rfe  Ucd9012-task  ufl  ufl-rfe  ufl-task  Ugly  Ugly-rfe  Ugly-task  Umbrella  Umbrella-rfe  Umbrella-stest  Umbrella-stest-rfe  Umbrella-stest-task  Umbrella-task  urcu  urcu-rfe  urcu-task  uriparser  uriparser-rfe  uriparser-task  UserCgroup  UserCgroup-rfe  UserCgroup-task  UserDocs-rfe  userspace-rcu  userspace-rcu-rfe  userspace-rcu-task  uthash  uthash-rfe  uthash-task  util-linux  util-linux-rfe  util-linux-task  uwsgi  uwsgi-rfe  uwsgi-task  UwsgiApp  UwsgiApp-rfe  UwsgiApp-task  valgrind  valgrind-rfe  valgrind-task  vEOS  vEOS-rfe  VEos-task  VeosDut  VeosDut-rfe  VeosDut-task  VeosPerfTest  VeosPerfTest-rfe  VeosPerfTest-task  Vernal  Vernal-rfe  Virtual EOS (vEOS)  VirtualCable  VirtualCable-rfe  VirtualCable-task  Vm  Vm-rfe  Vm-task  VmDut  VmDut-rfe  VmDut-task  VmTracer  VmTracer-rfe  VmTracer-task  VmwareNvp  VmwareNvp-rfe  VmwareNvp-task  VmwareTest  VmwareTest-rfe  VmwareTest-task  VmwareVds  VmwareVds-rfe  VmwareVds-task  VmwareVI  VmwareVI-rfe  VmwareVI-task  Vrf  Vrf-rfe  vrf-scale  Vrf-task  VrfLeak  VrfLeak-rfe  VrfLeak-task  Vrm64  Vrm64-rfe  Vrm64-task  VrmIr  VrmIr-rfe  VrmIr-task  Vrrp  Vrrp-rfe  Vrrp-task  vulcan  Vxlan  Vxlan-rfe  Vxlan-task  VxlanAdvAgent  VxlanAdvAgent-rfe  VxlanAdvAgent-task  VxlanController  VxlanController-rfe  VxlanController-task  VxlanControllerTest  VxlanControllerTest-rfe  VxlanControllerTest-task  VxlanRouting-task  VxlanStatus  VxlanStatus-rfe  VxlanStatus-task  VxlanTest  VxlanTest-rfe  VxlanTest-task  waagent  waagent-rfe  waagent-task  Watchdog  Watchdog-rfe  Watchdog-task  WaveSplitter (SM)  Wbem  Wbem-rfe  Wbem-task  Web  Web-rfe  Web-task  wget  wget-rfe  wget-task  Windows  Windows-rfe  Windows-task  Winston  Winston-rfe  Winston-task  wireshark  wireshark-rfe  wireshark-task  Workspace-service  Workspace-service-rfe  Workspace-service-task  WorkspaceDut  WorkspaceDut-rfe  WorkspaceDut-task  workspacePrefetcher  workspacePrefetcher-rfe  workspacePrefetcher-task  World  World-rfe  World-task  wpa_supplicant  wpa_supplicant-rfe  wpa_supplicant-task  WsgiDut  WsgiDut-rfe  WsgiDut-task  Xcvr  Xcvr-diags  Xcvr-rfe  Xcvr-task  XcvrCfp2Dco  XcvrCfp2Dco-rfe  XcvrCfp2Dco-task  XcvrCtrl  XcvrCtrl-rfe  XcvrCtrl-task  XcvrSnmp  XcvrSnmp-rfe  XcvrSnmp-task  XFire  XFire-rfe  XFire-task  XFireTest  XFireTest-rfe  XFireTest-task  xfstests  xfstests-rfe  xfstests-task  Xilinx  Xilinx-rfe  Xilinx-task  xinetd  xinetd-rfe  xinetd-task  Xmpp  Xmpp-rfe  Xmpp-task  xorg-x11-drv-intel  xorg-x11-drv-intel-rfe  xorg-x11-drv-intel-task  xpaccel  xpaccel-rfe  xpaccel-task  XpAccess  XpAccess-rfe  XpAccess-task  XpAcl  XpAcl-rfe  XpAcl-task  XpApi  XpApi-rfe  XpApi-task  XpCentral  XpCentral-rfe  XpCentral-task  XpCounters  XpCounters-rfe  XpCounters-task  xpdma  xpdma-rfe  xpdma-task  XpFlow  XpFlow-rfe  XpFlow-task  XpL2  XpL2-rfe  XpL2-task  XpL3Unicast  XpL3Unicast-rfe  XpL3Unicast-task  XpLanz  XpLanz-rfe  XpLanz-task  XpLib  XpLib-rfe  XpLib-task  xplot  xplot-rfe  xplot-task  XpMact  XpMact-rfe  XpMact-task  XpMcast  XpMcast-rfe  XpMcast-task  XpPbr  XpPbr-task  XpProfile  XpProfile-rfe  XpProfile-task  XpQos  XpQos-rfe  XpQos-task  XpSdk  XpSdk-rfe  XpSdk-task  XpSim  XpSim-rfe  XpSim-task  XpSlice  XpSlice-rfe  XpSlice-task  XpTest  XpTest-rfe  XpTest-task  XpVxlan  XpVxlan-task  Xtacc  Xtacc-rfe  Xtacc-task  Xukg  Xukg-rfe  Xukg-task  XukWeb  XukWeb-rfe  XukWeb-task  xxHash  xxHash-rfe  xxHash-task  yaml-cpp  yaml-cpp-rfe  yaml-cpp-task  Yosemite  Yosemite-diags  Yosemite-rfe  Yosemite-task  Yreka-diags  Zbf  Zbf-rfe  Zbf-task  Zeppelin  Zeppelin-rfe  Zeppelin-task  ZeroTouch  ZeroTouch-rfe  ZeroTouch-task  zfs  zfs-rfe  zfs-task  zlog  zlog-rfe  zlog-task  ztpserver  ztpserver-rfe  ztpserver-task  Zuma  Zuma-hw  Zuma-rfe  Zuma-task0 / 200 Checked')]' not found
[[ATTACHMENT|D:\\Arista-Bugzila Project\\BugzillaUI-Automation\\Reports\\SmokeTestSuite\\20180329_172121\\1522324726512.png]]

2018-03-29 17:28:50 - [MESSAGE][FAILED] - Unable to verify object 'Object Repository/Page_BugsUI Search/ul_Check All   Uncheck All  Do' is present (Root cause: com.kms.katalon.core.webui.exception.WebElementNotFoundException: Web element with id: 'Object Repository/Page_BugsUI Search/ul_Check All   Uncheck All  Do' located by 'By.xpath: //ul[(text() = '  Check All   Uncheck All  @Dos  @Dos-rfe  @Dos-task  @DosLib  @DosLib-rfe  @DosLib-task  @Lakeport-diags  @LegacyPackage  ##General##  ##General##-rfe  ##General##-task  ##Internal##  ##Internal##-rfe  11111Test34  12222test  123456789Test  12345Test  1RUdiags  1RUdiags-rfe  1Test  3dm2  3dm2-rfe  3dm2-task  3M (EJ)  A144  a4b  a4b-rfe  a4b-task  a4c  a4c-qfs  a4c-qfs-rfe  a4c-qfs-service  a4c-qfs-service-rfe  a4c-qfs-service-task  a4c-qfs-task  a4c-qfs-test  a4c-qfs-test-rfe  a4c-qfs-test-task  a4c-rfe  a4c-service  a4c-service-rfe  a4c-service-task  a4c-task  A4Web  A4Web-rfe  A4Web-task  A55  Aaa  Aaa-rfe  Aaa-task  AaaTest  AaaTest-rfe  AaaTest-task  AaaTest1  Abalone  Aben  Aben-rfe  Aben-task  Aboard  Aboot  Aboot-rfe  Aboot-task  AbootFirmwareUtils  AbootFirmwareUtils-rfe  AbootFirmwareUtils-task  AbootTest  AbootTest-rfe  AbootTest-task  Abug  Abug-rfe  Abug-task  Abug-testing  AbugApi  AbugApi-rfe  AbugApi-task  Abuild  Abuild-rfe  Abuild-task  AbuildDb  AbuildDb-rfe  AbuildDb-task  AbuildWeb  AbuildWeb-rfe  AbuildWeb-task  abuildworkspace-service  abuildworkspace-service-rfe  abuildworkspace-service-task  Acacia-diags  Acarpool  Acarpool-rfe  Acarpool-task  Acl  Acl-rfe  Acl-task  AclAgent  AclAgent-rfe  AclAgent-task  AclSnmp  AclSnmp-rfe  AclSnmp-task  AclTest  AclTest-rfe  AclTest-task  AclTestLib  AclTestLib-rfe  AclTestLib-task  Across  Across-rfe  Across-task  ActivePerl  ActivePerl-rfe  ActivePerl-task  actor  actor-rfe  actor-task  addronly-nat  addronly-nat-rfe  addronly-nat-task  Adm1066  Adm1066-rfe  Adm1066-task  Adt7462  Adt7462-rfe  Adt7462-task  Adt7483  Adt7483-rfe  Adt7483-task  Aeluros  Aeluros-rfe  aer-uio  aer-uio-rfe  aer-uio-task  Aeris  Aeris-rfe  Aeris-task  AerisTest  AerisTest-rfe  AerisTest-task  Afetch  Afetch-rfe  Afetch-task  Afind  Afind-rfe  Afind-task  Agent  Agent-rfe  Agent-task  AgentLib  AgentLib-rfe  AgentLib-task  AgentLogging  AgentLogging-rfe  AgentLogging-task  AgentMonitor  AgentMonitor-rfe  AgentMonitor-task  AgentSyncResponder  AgentSyncResponder-rfe  AgentSyncResponder-task  AgentVis  AgentVis-rfe  AgentVis-task  Agile  Agile-rfe  AGitTools  AGitTools-rfe  AGitTools-task  Agraphviz  Agraphviz-rfe  Agraphviz-task  ahab  ahab-rfe  ahab-task  Ahire  Ahire-rfe  Ahire-task  Ahost  Ahost-rfe  Ahost-task  AhostImage  AhostImage-rfe  AhostImage-task  Ahwahnee  Ahwahnee-rfe  aid  aid-rfe  aid-task  Aie  Aie-rfe  Aie-task  Alameda  Alameda-rfe  Alameda-task  Ale  Ale-rfe  Ale-task  AleAsu  AleAsu-rfe  AleAsu-task  AleCapacity  AleCapacity-rfe  AleCapacity-task  AleCapacitySnmp  AleCapacitySnmp-rfe  AleCapacitySnmp-task  AleCentral  AleCentral-rfe  AleCentral-task  AleCfm  AleCfm-rfe  AleCfm-task  AleCounters  AleCounters-rfe  AleCounters-task  AleEvpn  AleEvpn-rfe  AleEvpn-task  AleFlow  AleFlow-rfe  AleFlow-task  AleHalo  AleHalo-rfe  AleHalo-task  AleIpsec  AleIpsec-rfe  AleIpsec-task  AleL3  AleL3-rfe  AleL3-task  AleL3Intf  AleL3Intf-rfe  AleL3Intf-task  AleL3Unicast  AleL3Unicast-rfe  AleL3Unicast-task  AleMacSec  AleMacSec-rfe  AleMacSec-task  AleMpls  AleMpls-rfe  AleMpls-task  AleMroute  AleMroute-rfe  AleMroute-task  AleNat  AleNat-rfe  AleNat-task  AlePbr  AlePbr-rfe  AlePbr-task  AlePhy  AlePhy-rfe  AlePhy-task  AleQos  AleQos-rfe  AleQos-task  AleTcam  AleTcam-rfe  AleTcam-task  AleTestLib  AleTestLib-rfe  AleTestLib-task  AleVrrp  AleVrrp-rfe  AleVrrp-task  AleVxlan  AleVxlan-rfe  AleVxlan-task  AlgoMatchUtil  AlgoMatchUtil-rfe  AlgoMatchUtil-task  Aloha  Aloha-rfe  Aloha-task  Alphanet  Alphanet-rfe  Alphanet-task  AltaLanz  AltaLanz-rfe  AltaLanz-task  Altera  Altera-rfe  Altera-task  Amphenol  Amphenol (DY)  Amphenol-rfe  antelope-drv  antelope-drv-rfe  antelope-drv-task  antlr3-5-2  antlr3-5-2-rfe  antlr3-5-2-task  antlr4  antlr4-rfe  antlr4-task  Anvl  Anvl-rfe  Anvl-task  Aom  Aom-diags  Aom-rfe  Aom-task  ApmPhy-diags  ApmX24  ApmX24-rfe  ApmX24-task  AppDmaLib  AppDmaLib-rfe  AppDmaLib-task  Aqemu  Aqemu-rfe  Aqemu-task  Arad  Arad-rfe  Arad-task  AradLanz  AradLanz-rfe  AradLanz-task  AradVxlan  AradVxlan-rfe  AradVxlan-task  Arbazel  Arbazel-rfe  Arbazel-task  ArBgp  ArBgp-rfe  ArBgp-task  ArBgpLu  ArBgpLu-rfe  ArBgpLu-task  ArBgpTest  ArBgpTest-rfe  ArBgpTest-task  ArBot  ArBot-rfe  ArBot-task  Arbugs  Arbugs-rfe  Arbugs-task  Arbus  Arbus-rfe  Arbus-task  ArbusAgent  ArbusAgent-rfe  ArbusAgent-task  Arby  Arby-rfe  Arby-task  Archer  Archer-rfe  Archer-task  ArcherTest  ArcherTest-rfe  ArcherTest-task  Arcov  Arcov-rfe  Arcov-task  ArDb  ArDb-rfe  ArDb-task  ardc  ardc-rfe  ardc-task  ArDcApps  ArDcApps-rfe  ArDcApps-task  ArDjango  ArDjango-rfe  ArDjango-task  Ardoc  Ardoc-rfe  Ardoc-task  Arecruit  Arecruit-rfe  Arecruit-task  Aresolve  Aresolve-rfe  Aresolve-task  Areview  Areview-rfe  Areview-task  ArGcov  ArGcov-rfe  ArGcov-task  ArGcovTest  ArGcovTest-rfe  ArGcovTest-task  ArGo  ArGo-rfe  ArGo-task  ArGoogleApps  ArGoogleApps-rfe  ArGoogleApps-task  Argotest  Argotest-rfe  Argotest-task  arista-bde  arista-bde-rfe  arista-bde-task  AristaAppForSplunk  AristaAppForSplunk-rfe  AristaAppForSplunk-task  AristaAppForSplunkNew  AristaAppForSplunkNew-rfe  AristaAppForSplunkNew-task  Arjob  Arjob-rfe  Arjob-task  ArjobDb  ArjobDb-rfe  ArjobDb-task  Ark  Ark-rfe  Ark-task  ArkCli  ArkCli-rfe  ArkCli-task  arm-tools  arm-tools-rfe  arm-tools-task  ArMake  ArMake-rfe  ArMake-task  ArMakeTest  ArMakeTest-rfe  ArMakeTest-task  ArMon  ArMon-rfe  ArMon-task  Arnet  Arnet-rfe  Arnet-task  ArNinja  ArNinja-rfe  ArNinja-task  Aroma  Aroma-rfe  Aroma-task  Arora  Arora-rfe  Arora-syslinux  Arora-syslinux-rfe  Arora-syslinux-task  Arora-task  AroraBugAlert  AroraBugAlert-rfe  AroraBugAlert-task  AroraConfig  AroraConfig-rfe  AroraConfig-task  AroraDevel  AroraDevel-rfe  AroraDevel-task  AroraExternal  AroraExternal-rfe  AroraExternal-task  AroraIcinga  AroraIcinga-rfe  AroraIcinga-task  AroraImage  AroraImage-rfe  AroraImage-task  AroraKernel  AroraKernel-rfe  AroraKernel-task  AroraUtils  AroraUtils-rfe  AroraUtils-task  AroraWeb  AroraWeb-rfe  AroraWeb-task  ArosBase  ArosBase-rfe  ArosBase-task  ArosTest  ArosTest-rfe  ArosTest-task  Arp  Arp-rfe  Arp-task  ArP4  ArP4-rfe  ArP4-task  ArpInspection  ArpInspection-rfe  ArPrep  ArPrep-rfe  ArPrep-task  ArpRoute  ArpRoute-rfe  ArpRoute-task  ArpSuppression  ArpSuppression-rfe  ArpSuppression-task  ArPygments  ArPygments-rfe  ArPygments-task  ArPyUtils  ArPyUtils-rfe  ArPyUtils-task  ArQa  ArQa-rfe  ArQa-task  Arrakis  Arrakis-rfe  ArRip  ArRip-rfe  ArRip-task  Arrow  Arrow-rfe  Arrow-task  ArrowAqlc  ArrowAqlc-rfe  ArrowAqlc-task  ArrowTacTest  ArrowTacTest-rfe  ArrowTacTest-task  ArrowTest  ArrowTest-rfe  ArrowTest-task  Arscale  Arscale-rfe  Arscale-task  Arsched  Arsched-rfe  Arsched-task  ArschedClient  ArschedClient-rfe  ArschedClient-task  Arsim  Arsim-rfe  Arsim-task  Arspark  Arspark-rfe  Arspark-task  Arsphinx  Arsphinx-rfe  Arsphinx-task  ArSwift  ArSwift-rfe  ArSwift-task  Arsys  Arsys-rfe  Arsys-task  ArsysTest  ArsysTest-rfe  ArsysTest-task  Artacc  Artacc-rfe  Artacc-task  Artest  Artest-rfe  Artest-task  ArtestTest  ArtestTest-rfe  ArtestTest-task  Artflow  Artflow-rfe  Artflow-task  Arthost  Arthost-rfe  Arthost-task  ArthostLib  ArthostLib-rfe  ArthostLib-task  Artist  Artist-rfe  Artist-task  ArToggles  ArToggles-rfe  ArToggles-task  ArTogglesCli  ArTogglesCli-rfe  ArTogglesCli-task  ArTogglesTest  ArTogglesTest-rfe  ArTogglesTest-task  Artools  Artools-rfe  Artools-task  ArtoolsDummy  ArtoolsSerialTest  ArtoolsSerialTest-rfe  ArtoolsSerialTest-task  Artournament  Artournament-rfe  Artournament-task  ArTrace  ArTrace-rfe  ArTrace-task  Arventory  Arventory-rfe  Arventory-task  AsicPktTestLib  AsicPktTestLib-rfe  AsicPktTestLib-task  AsicUtils  AsicUtils-rfe  AsicUtils-task  AsicUtils,Strata  AsicUtils,Strata-rfe  AsicUtils,Strata-task  Astec  Astec-rfe  Astec-task  ASU  Asu-rfe  Asu-task  AsuAgent  AsuAgent-rfe  AsuAgent-task  AsuCli  AsuCli-rfe  AsuCli-task  AsuFastPktRestore  AsuFastPktRestore-rfe  AsuFastPktRestore-task  AsuPatch  AsuPatch-rfe  AsuPatch-task  AsuTest  AsuTest-rfe  AsuTest-task  Atcollector  Atcollector-rfe  Atcollector-task  AtFork  AtFork-rfe  AtFork-task  Atime  Atime-rfe  Atime-task  aufs2-util  aufs2-util-rfe  aufs2-util-task  AutoAbug  automake  automake-rfe  automake-task  autopep8  autopep8-rfe  autopep8-task  AutoTest  AutoTest-rfe  AutoTest-service  AutoTest-service-rfe  AutoTest-service-task  AutoTest-task  AutoTestDb  AutoTestDb-rfe  AutoTestDb-task  AutoTriage  AutoTriage-rfe  AutoTriage-task  Avago  Avago (MD)  Avago-rfe  Avago-task  AvagoPhy-diags  Avb  Avb-rfe  Avb-task  AvbDut  AvbDut-rfe  AvbDut-task  AwebLib  AwebLib-rfe  AwebLib-task  awslogs  awslogs-rfe  awslogs-task  AwsVeosDutTest  AwsVeosDutTest-rfe  AwsVeosDutTest-task  Babbage  Babbage-rfe  Babbage-task  Backup  Backup-rfe  Backup-task  BaliFabric  BaliFabric-rfe  BaliFabric-task  Bannock  Bannock-rfe  Baremetal  Baremetal-rfe  Baremetal-task  Bartools  Bartools-rfe  Bartools-task  bash  bash-rfe  bash-task  bbcp  bbcp-rfe  bbcp-task  Bcm56300  Bcm56300-rfe  Bcm56300-task  bcmaccel  bcmaccel-rfe  bcmaccel-task  BcmApiTest  BcmApiTest-rfe  BcmApiTest-task  BcmDmaAbort  BcmDmaAbort-rfe  BcmDmaAbort-task  bcmlanz  bcmlanz-rfe  bcmlanz-task  BcmMdio  BcmMdio-rfe  BcmMdio-task  BcmPhy-diags  BcmSdkCommon  BcmSdkCommon-rfe  BcmSdkCommon-task  BcmSim  BcmSim-rfe  BcmSim-task  BeamTools  BeamTools-rfe  BeamTools-task  Bear  Bear-rfe  Beech-diags  Benchmark  Benchmark-rfe  Benchmark-task  BenchmarkDb  BenchmarkDb-rfe  BenchmarkDb-task  BenchmarkHw  BenchmarkHw-rfe  BenchmarkHw-task  Bess  Bess-rfe  Bess-task  bf-diags  bf-diags-rfe  bf-diags-task  bf-drivers  bf-drivers-rfe  bf-drivers-task  bf-syslibs  bf-syslibs-rfe  bf-syslibs-task  bf-utils  bf-utils-rfe  bf-utils-task  Bfd  Bfd-rfe  Bfd-task  bfdma  bfdma-rfe  bfdma-task  BfdTest  BfdTest-rfe  BfdTest-task  BfnAgentLib  BfnAgentLib-rfe  BfnAgentLib-task  BfnCentral  BfnCentral-rfe  BfnCentral-task  BfnCounters  BfnCounters-rfe  BfnCounters-task  BfnDiags  BfnDiags-rfe  BfnDiags-task  BfnFixed  BfnFixed-rfe  BfnFixed-task  BfnFlow  BfnFlow-rfe  BfnFlow-task  BfnHalo  BfnHalo-rfe  BfnHalo-task  BfnL2  BfnL2-rfe  BfnL2-task  BfnL3  BfnL3-rfe  BfnL3-task  BfnLag  BfnLag-rfe  BfnLag-task  BfnLib  BfnLib-rfe  BfnLib-task  BfnMbb  BfnMbb-rfe  BfnMbb-task  BfnMbbSlice  BfnMbbSlice-rfe  BfnMbbSlice-task  BfnMcast  BfnMcast-rfe  BfnMcast-task  BfnMirroring  BfnMirroring-rfe  BfnMirroring-task  BfnNat  BfnNat-rfe  BfnNat-task  BfnPhy  BfnPhy-rfe  BfnPhy-task  BfnQos  BfnQos-rfe  BfnQos-task  BfnSdk  BfnSdk-rfe  BfnSdk-task  BfnSharedState  BfnSharedState-rfe  BfnSharedState-task  BfnSliceAgent  BfnSliceAgent-rfe  BfnSliceAgent-task  BfnTunnel  BfnTunnel-rfe  BfnTunnel-task  BfnVlan  BfnVlan-rfe  BfnVlan-task  BfnXformMgr  BfnXformMgr-rfe  BfnXformMgr-task  Bgp  Bgp-rfe  Bgp-task  BgpCommon  BgpCommon-rfe  BgpCommon-task  BgpCore  BgpData  BgpData-rfe  BgpData-task  BgpFeatureTracker  BgpFeatureTracker-rfe  BgpFeatureTracker-task  BgpFlowspec  BgpFlowspec-rfe  BgpFlowspec-task  BgpSnmp  BgpSnmp-rfe  BgpSnmp-task  BgpSnmpTest  BgpSnmpTest-rfe  BgpSnmpTest-task  BgpVpnCommon  BgpVpnCommon-rfe  BgpVpnCommon-task  bigcode  bigcode-rfe  bigcode-task  Birch-diags  BlackBox  BlackBox-rfe  BlackBox-task  BlrInfra-task  Bmp  Bmp-rfe  Bmp-task  BmpDut  BmpDut-rfe  BmpDut-task  BmpTest  BmpTest-rfe  BmpTest-task  Bodega  Bodega-diags  Bodega-rfe  Bodega-task  BodegaChassis  BodegaChassis-rfe  boost  boost-rfe  boost-task  Brad  Brad-rfe  Brad-task  Breadman  Bridalveil  Bridalveil-rfe  BridgeBridge  BridgeBridge-rfe  BridgeBridge-task  BridgeTest  BridgeTest-rfe  BridgeTest-task  BroadcomSdk  BroadcomSdk-rfe  BroadcomSdk-task  BroadSync-diags  btrfs-progs  btrfs-progs-rfe  btrfs-progs-task  Buck  Buck-rfe  BugAlert  BugAlert-rfe  BugAlert-task  BugAlertTools  BugAlertTools-rfe  BugAlertTools-task  BugBoard  BugBoard-rfe  BugBoard-task  BugBot  BugBot-rfe  BugBot-task  BugsDatabase  BugsDatabase-rfe  BugsDatabase-task  BugsUI  BugsUITest  bugzilla  bugzilla-rfe  bugzilla-task  BugZTesting  Buildcache  Buildcache-rfe  Buildcache-task  Cables  Cables-rfe  Calistoga  Calistoga-rfe  Calpella  Canary  Canary-rfe  Canary-task  Capi  Capi-rfe  Capi-task  CapiTest  CapiTest-rfe  CapiTest-task  CaravanTelemetry  CaravanTelemetry-rfe  CaravanTelemetry-task  Caspar-diags  Cathedral  Cathedral-diags  Cathedral-rfe  Cazadero-diags  ccache  ccache-rfe  ccache-task  Cdp  Cdp-rfe  Cdp-task  CEos  CEos-rfe  CEos-task  CEosDut  CEosDut-rfe  CEosDut-task  CEosHelper  CEosHelper-rfe  CEosHelper-task  CEosImage  CEosImage-rfe  CEosImage-task  CEosInstaller  CEosInstaller-rfe  CEosInstaller-task  CEosNeo  CEosNeo-rfe  CEosNeo-task  CEosOnieInstaller  CEosOnieInstaller-rfe  CEosOnieInstaller-task  CEosOnieUtils  CEosOnieUtils-rfe  CEosOnieUtils-task  CEosTest  CEosTest-rfe  CEosTest-task  CEosUtils  CEosUtils-rfe  CEosUtils-task  ceph  ceph-rfe  ceph-task  CFM  CFM-rfe  Cfm-task  CfmAgent  CfmAgent-rfe  CfmAgent-task  CfmBase  CfmBase-rfe  CfmBase-task  CfmDut  CfmDut-rfe  CfmDut-task  CfmTest  CfmTest-rfe  CfmTest-task  cgroups  cgroups-rfe  cgroups-task  check  check-mibs  check-mibs-rfe  check-mibs-task  check-rfe  check-task  Chl822X  Chl822X-rfe  Chl822X-task  Cinch (LG)  cJSON  cJSON-rfe  cJSON-task  Clacton  Clacton-rfe  Clacton-task  ClariPhy  Clariphy-diags  ClariPhy-rfe  ClariPhy-task  ClassGraph  ClassGraph-rfe  ClassGraph-task  Clearlake-diags  Cli  Cli-rfe  Cli-task  Click  Click-rfe  Click-task  Climber  Climber-rfe  CliMode  CliMode-rfe  CliMode-task  CliParser  CliParser-rfe  CliParser-task  CliRelay  CliRelay-rfe  CliRelay-task  CliSchedulerMgr  CliSchedulerMgr-rfe  CliSchedulerMgr-task  CliSession  CliSession-rfe  CliSession-task  CliTest  CliTest-rfe  CliTest-task  CliTestClient  CliTestClient-rfe  CliTestClient-task  CliTracker  CliTracker-rfe  CliTracker-task  CliX  CliX-rfe  CliX-task  Clock-diags  CloudHa  CloudHa-rfe  CloudHa-task  CloudsRest-diags  CloudVirtualEnv  CloudVirtualEnv-rfe  CloudVirtualEnv-task  CloudVision-UserDoc  Cloverdale-diags  ClusterMgmt  ClusterMgmt-rfe  ClusterMgmt-task  ClusterMgmtTest  ClusterMgmtTest-rfe  ClusterMgmtTest-task  CMake  CMake-rfe  CMake-task  Codenomicon  Codenomicon-rfe  Codenomicon-task  CohabDut  CohabDut-rfe  CohabDut-task  ColdWatt  ColdWatt-rfe  ColdWatt-task  ColdWattHw  ColdWattHw-rfe  ColorChip (VL)  CommonCriteria  CommonCriteria-rfe  CommonCriteria-task  compat-antlr3  compat-antlr3-rfe  compat-antlr3-task  compat-gsoap  compat-gsoap-rfe  compat-gsoap-task  CompExplorer  CompExplorer-rfe  CompExplorer-task  ConditionalRoute  ConditionalRoute-rfe  ConditionalRoute-task  ConfigAgent  ConfigAgent-rfe  ConfigAgent-task  ConfigSession  ConfigSession-rfe  ConfigSession-task  ConnectedRoute  ConnectedRoute-rfe  ConnectedRoute-task  ConnectivityMonitor  ConnectivityMonitor-rfe  ConnectivityMonitor-task  ConnMgr  ConnMgr-rfe  ConnMgr-task  conserver  conserver-rfe  conserver-task  ContainerMgr  ContainerMgr-rfe  ContainerMgr-task  Controller  Controller-rfe  Controller-task  ControllerApp1  ControllerApp1-rfe  ControllerApp1-task  ControllerClient  ControllerClient-rfe  ControllerClient-task  ControllerCommon  ControllerCommon-rfe  ControllerCommon-task  Controllerdb  Controllerdb-rfe  Controllerdb-task  ControllerDebug  ControllerDebug-rfe  ControllerDebug-task  ControllerDut  ControllerDut-rfe  ControllerDut-task  ControllerProxyAgent  ControllerProxyAgent-rfe  ControllerProxyAgent-task  ControllerRegistration  ControllerRegistration-rfe  ControllerRegistration-task  ControllerTest  ControllerTest-rfe  ControllerTest-task  coreutils  coreutils-rfe  coreutils-task  Corrino  Corrino-rfe  Cotati-diags  cov-analysis  cov-analysis-rfe  cov-analysis-task  cov-platform  cov-platform-rfe  cov-platform-task  Coverage  Coverage-rfe  Coverage-task  CoverageGUI  CoverageGUI-rfe  CoverageGUI-task  Covsched  Covsched-rfe  Covsched-task  Coyote  Coyote-rfe  Cpld  Cpld-rfe  Cpld-task  CpssApi  CpssApi-rfe  CpssApi-task  CpuComplex  CpuComplex-rfe  CpuComplex-task  CpuFabric  CpuFabric-rfe  CpuFabric-task  CpuFabricCommon  CpuFabricCommon-rfe  CpuFabricCommon-task  CpuFabricTest  CpuFabricTest-rfe  CpuFabricTest-task  CpuLib-diags  cpuport  cpuport-rfe  cpuport-task  createrepo  createrepo-rfe  createrepo-task  CRM system  CRM system-rfe  crosstool-ng  crosstool-ng-rfe  crosstool-ng-task  Crt  Crt-rfe  Crt-task  cscope  cscope-rfe  cscope-task  Cspf  Cspf-rfe  Cspf-task  CStructGen  CStructGen-rfe  CStructGen-task  CtypeGen  CtypeGen-rfe  CtypeGen-task  curl  curl-rfe  curl-task  CVA  CVA-rfe  CVA-task  CvaDut  CvaDut-rfe  CvaDut-task  CvaTest  CvaTest-rfe  CvaTest-task  CVP  CVP-rfe  CVP-task  CvpDut  CvpDut-rfe  CvpDut-task  CVPI  CVPI-rfe  CVPI-task  CvpTest  CvpTest-rfe  CvpTest-task  CvxDemoServiceAgent  CvxDemoServiceAgent-rfe  CvxDemoServiceAgent-task  CvxDemoSwitchAgent  CvxDemoSwitchAgent-rfe  CvxDemoSwitchAgent-task  DaemonCli  DaemonCli-rfe  DaemonCli-task  DartGen  DartGen-rfe  DartGen-task  Dash  Dash-rfe  Dash-task  Dashboard-rfe  dbal  dbal-rfe  dbal-task  Dcb  Dcb-rfe  Dcb-task  Debug  Debug-rfe  Debug-task  Deckhand  Deckhand-rfe  Deckhand-task  Delta  Delta-rfe  Delta-task  DeltaHw  DeltaHw-rfe  DeltaPower  DeltaPower-rfe  DeltaPower-task  Demo  Demo_pkg  Demo_pkg-rfe  Demo_pkg-task  Demo_t  Demo_t-rfe  Demo_t-task  demo-orca-program  demo-orca-program-rfe  demo-orca-program-task  demo-orca-service  demo-orca-service-rfe  demo-orca-service-task  Demo-rfe  Demo-task  Demo1  Demo1-rfe  Demo1-task  DemoAgent  DemoAgent-rfe  DemoAgent-task  Denali  Denali-rfe  Denali-task  DenaliSnmp  DenaliSnmp-rfe  DenaliSnmp-task  Dfa  Dfa-rfe  Dfa-task  Dhclient  Dhclient-rfe  Dhclient-task  dhcp  dhcp-forwarder  dhcp-forwarder-rfe  dhcp-forwarder-task  dhcp-rfe  dhcp-task  DhcpClient  DhcpClient-rfe  DhcpClient-task  DhcpRelay  DhcpRelay-rfe  DhcpRelay-task  DhcpRelayTest  DhcpRelayTest-rfe  DhcpRelayTest-task  DhcpServer  DhcpServer-rfe  DhcpServer-task  DhcpSnooping  DiagEngine  DiagEngine-rfe  DiagEngine-task  Diags  Diags-rfe  Diags-task  DiagsImage  DiagsImage-rfe  DiagsImage-task  DiagsTools  DiagsTools-rfe  DiagsTools-task  DirectFlow  DirectFlow-rfe  DirectFlow-task  DirectFlowTest  DirectFlowTest-rfe  DirectFlowTest-task  DiskImager  DiskImager-rfe  DiskImager-task  disknanny  disknanny-rfe  disknanny-service  disknanny-service-rfe  disknanny-service-task  disknanny-task  Display  Display-rfe  Display-task  Dist  Dist-rfe  Dist-task  distcc  distcc-rfe  distcc-task  DITA Guidelines  django-hosts  django-hosts-rfe  django-hosts-task  djdump  djdump-rfe  djdump-task  dmamem  dmamem-rfe  dmamem-task  dnsmasq  dnsmasq-rfe  dnsmasq-task  docker  docker-rfe  docker-task  dockertest  dockertest-rfe  dockertest-task  Doran-diags  Dos  Dos-rfe  Dos-task  DosAlta  DosAlta-rfe  DosAlta-task  DosBarefoot  DosBarefoot-rfe  DosBarefoot-task  DosBroadcom  DosBroadcom-rfe  DosBroadcom-task  DosCtypes  DosCtypes-rfe  DosCtypes-task  DosDocumentation  DosDocumentation-rfe  DosDocumentation-task  DosFocalPoint  DosFocalPoint-rfe  DosFocalPoint-task  DosInfra  DosInfra-diags  DosInfra-rfe  DosInfra-task  DosSand  DosSand-rfe  DosSand-task  DosStrata  DosStrata-rfe  DosStrata-task  DosSystem  DosSystem-diags  DosSystem-rfe  DosSystem-task  DosSystemBase  DosSystemBase-rfe  DosSystemBase-task  DosUmbrella  DosUmbrella-rfe  DosUmbrella-task  DosXp  DosXp-rfe  DosXp-task  Dot1ag  Dot1ag-rfe  Dot1ag-task  Dot1x  Dot1x-rfe  Dot1x-task  Dpdk  Dpdk-rfe  Dpdk-task  Dpll  Dpll-rfe  Dpll-task  DropWatch  DropWatch-rfe  DropWatch-task  Ds125Br  Ds125Br-rfe  Ds125Br-task  Ds280  Ds280-rfe  Ds280-task  Dscp  Dscp-rfe  Dscp-task  DscpTest  DscpTest-rfe  DscpTest-task  DspUtils  DspUtils-rfe  DspUtils-task  dumb-init  dumb-init-rfe  dumb-init-task  DummyACL  DummyACL-rfe  DummyACL-task  dummyaclagent  dummyaclagent-rfe  dummyaclagent-task  Dune  Dune-rfe  dwz  dwz-rfe  dwz-task  DynamicRoutes  DynamicRoutes-rfe  DynamicRoutes-task  DynamicRouting  DynamicRouting-rfe  DynamicServiceInsertion  DynamicServiceInsertion-rfe  DynamicServiceInsertion-task  dynamips  dynamips-rfe  dynamips-task  EaglePeak-diags  Eapi  Eapi-rfe  Eapi-task  Ebra  Ebra-rfe  Ebra-task  EbraOCTests  EbraOCTests-rfe  EbraOCTests-task  EbraSnmp  EbraSnmp-rfe  EbraSnmp-task  EcbAgent  EcbAgent-rfe  EcbAgent-task  edtest  edtest-rfe  edtest-task  EDVT-Automation-Tools  Eeyore  Eeyore-rfe  Eeyore-task  eke  eke-rfe  eke-task  ElCapitan-diags  ElCorazon-diags  emacs  emacs-rfe  emacs-task  Emcore (JB)  EmersonHw  EmersonHw-rfe  EmersonPower  EmersonPower-rfe  EmersonPower-task  EngTeam  EngTeam-rfe  EngTeam-task  Enigma  Enigma-rfe  Enigma-task  EnigmaApi  EnigmaApi-rfe  EnigmaApi-task  EntityMib  EntityMib-rfe  EntityMib-task  Environment  Environment-rfe  Environment-task  EnvSnmp  EnvSnmp-rfe  EnvSnmp-task  Eoam  Eoam-rfe  Eoam-task  Eos  Eos-initscripts  Eos-initscripts-rfe  Eos-initscripts-task  Eos-logos  Eos-logos-rfe  Eos-logos-task  Eos-release  Eos-release-rfe  Eos-release-task  Eos-rfe  Eos-task  Eos-udev  Eos-udev-rfe  Eos-udev-task  EOS-UserDoc  EosAbootFirmwareUtils  EosAbootFirmwareUtils-rfe  EosAbootFirmwareUtils-task  EosDoc  EosDoc-rfe  EosDoc-task  EosExtras  EosExtras-rfe  EosExtras-task  EosImage  EosImage-rfe  EosImage-task  EosImage2GB  EosImage2GB-rfe  EosImage2GB-task  EosImageREV01HW  EosImageREV01HW-rfe  EosImageREV01HW-task  EosInit  EosInit-rfe  EosInit-task  EosKernel  EosKernel-rfe  EosKernel-task  EosKernelTest  EosKernelTest-rfe  EosKernelTest-task  EosLiteDut  EosLiteDut-rfe  EosLiteDut-task  EosSdk  EosSdk-rfe  EosSdk-task  EosSdkApps  EosSdkApps-rfe  EosSdkApps-task  EosTortureTest  EosTortureTest-rfe  EosTortureTest-task  EosUtils  EosUtils-rfe  EosUtils-task  EosVersion  EosVersion-rfe  EosVersion-task  Epil2Api  Epil2Api-rfe  Epil2Api-task  EpilApi  EpilApi-rfe  EpilApi-task  Epoch  Epoch-rfe  Epoch-task  EpqDmaLib  EpqDmaLib-rfe  EpqDmaLib-task  Eql  Eql-rfe  Eql-task  Espresso  Espresso-rfe  Espresso-task  EtbaDut  EtbaDut-rfe  EtbaDut-task  Ether  EthIntf  EthIntf-rfe  EthIntf-task  EthIntfSnmp  EthIntfSnmp-rfe  EthIntfSnmp-task  Eureka-diags  EventHistory  EventHistory-rfe  EventHistory-task  EventHistoryCli  EventHistoryCli-rfe  EventHistoryCli-task  EventMgr  EventMgr-rfe  EventMgr-task  EventMgrEnvironment  EventMgrEnvironment-rfe  EventMgrEnvironment-task  EventMgrSystem  EventMgrSystem-rfe  EventMgrSystem-task  EventMon  EventMon-rfe  EventMon-task  EventMonTest  EventMonTest-rfe  EventMonTest-task  Evora  Evora-rfe  Evora-task  EvoraApi  EvoraApi-rfe  EvoraApi-task  EvoRack  EvoRack-rfe  EvoRack-task  Evpn  Evpn-rfe  Evpn-task  EvpnLib  EvpnLib-rfe  EvpnLib-task  EvpnMplsTest  EvpnMplsTest-rfe  EvpnMplsTest-task  EvpnTest  EvpnTest-rfe  EvpnTest-task  EvpnVxlanTest  EvpnVxlanTest-rfe  EvpnVxlanTest-task  exabgp  exabgp-rfe  exabgp-task  Excelight  Excelight-rfe  exectest  exectest-rfe  exectest-task  Extension  Extension-rfe  Extension-task  ExtensionMgr  ExtensionMgr-rfe  ExtensionMgr-task  ExtEntity  ExtEntity-rfe  ExtEntity-task  External  External-rfe  External-task  ExternalAlarm  ExternalAlarm-rfe  ExternalAlarm-task  f1  f1-rfe  f1-task  fable  fable-rfe  fable-task  FabricIntf  FabricIntf-rfe  FabricIntf-task  Facilities  Facilities-rfe  fal  fal-rfe  fal-task  Fan-diags  Fan/Power  Fan/Power-rfe  FastServerFailover  FastServerFailover-rfe  FastServerFailover-task  FastServerFailoverTest  FastServerFailoverTest-rfe  FastServerFailoverTest-task  FaultInjection  FaultInjection-rfe  FaultInjection-task  FeatureQosMixedTests  FeatureQosMixedTests-rfe  FeatureQosMixedTests-task  FeatureRoutingMixedTests  FeatureRoutingMixedTests-rfe  FeatureRoutingMixedTests-task  Fhrp  Fhrp-rfe  Fhrp-task  FhrpSnmp  FhrpSnmp-rfe  FhrpSnmp-task  FhrpTest  FhrpTest-rfe  FhrpTest-task  FileCli  FileCli-rfe  FileCli-task  FileReplication  FileReplication-rfe  FileReplication-task  FileSystemMount  FileSystemMount-rfe  FileSystemMount-task  FileSystems  FileSystems-rfe  FileSystems-task  Finisar  Finisar (TH)  Finisar-rfe  fipscheck  fipscheck-rfe  fipscheck-task  Firewall  Firewall-rfe  Firewall-task  FirewallTest  FirewallTest-rfe  FirewallTest-task  firmware  firmware-rfe  firmware-task  FlameGraph  FlameGraph-rfe  FlameGraph-task  FlexCounters  FlexCounters-rfe  FlexCounters-task  FlexCountersTest  FlexCountersTest-rfe  FlexCountersTest-task  FmApi  FmApi-rfe  FmApi-task  Fne  Fne-rfe  Fne-task  FneTest  FneTest-rfe  FneTest-task  FocalPoint  focalpoint-plx  focalpoint-plx-rfe  focalpoint-plx-task  FocalPoint-rfe  FocalPoint-task  FocalPointV2  FocalPointV2-rfe  FocalPointV2-task  FocalPointV2Test  FocalPointV2Test-rfe  FocalPointV2Test-task  Forestville-diags  ForwardingAgentQosTestMixedTests  ForwardingAgentQosTestMixedTests-rfe  ForwardingAgentQosTestMixedTests-task  ForwardingAgentVxlanTestMixedTests  ForwardingAgentVxlanTestMixedTests-rfe  ForwardingAgentVxlanTestMixedTests-task  ForwardingMonitor  ForwardingMonitor-rfe  ForwardingMonitor-task  Fossil  Fossil-rfe  Fossil-task  fpdma  fpdma-rfe  fpdma-task  Fpga  Fpga-rfe  Fpga-task  FpgaHealthMonitor  FpgaHealthMonitor-rfe  FpgaHealthMonitor-task  FPLanz  FPLanz-rfe  FPLanz-task  freeradius-client  freeradius-client-rfe  freeradius-client-task  Fru  Fru-rfe  Fru-task  FruSnmp  FruSnmp-rfe  FruSnmp-task  Fulcrum  Fulcrum-rfe  FuriaApi  FuriaApi-rfe  FuriaApi-task  FuseAgent  FuseAgent-rfe  FuseAgent-task  Fvm  Fvm-rfe  Fvm-task  gated  gated-rfe  gated-task  GatedBgp  GatedBgp-rfe  GatedBgp-task  GatedRouteMap  GatedRouteMap-rfe  GatedRouteMap-task  GatedSnmp  GatedSnmp-rfe  GatedSnmp-task  GatedTe  GatedTe-rfe  GatedTe-task  GatedTest  GatedTest-rfe  GatedTest-task  gbenchmark  gbenchmark-rfe  gbenchmark-task  GbEPROM  GbEPROM-rfe  GbEPROM-task  gcc  gcc-rfe  gcc-task  gdb  gdb-rfe  gdb-task  geiger  geiger-rfe  geiger-task  General-diags  GenericSnmp  GenericSnmp-rfe  GenericSnmp-task  GenSuite  GenSuite-rfe  GenSuite-task  gflags  gflags-rfe  gflags-task  gitar  gitar-rfe  gitar-task  github  github-rfe  github-task  GitPatchMgmt  GitPatchMgmt-rfe  GitPatchMgmt-task  GitPatchReview  GitPatchReview-rfe  GitPatchReview-task  Glacier  Glacier-rfe  Glacier-task  GlenEllen  GlenEllen-rfe  Glenlyon  Glenlyon-rfe  Glenlyon-task  glibc  glibc-rfe  glibc-task  glog  glog-rfe  glog-task  Gmp  Gmp-rfe  Gmp-task  Gn2405  Gn2405-rfe  Gn2405-task  gnmi  gnmi-rfe  gnmi-task  gnoi  gnoi-rfe  gnoi-task  go-mangoes  go-mangoes-rfe  go-mangoes-task  go-mangos  go-mangos-rfe  go-mangos-task  go-nanomsg  go-nanomsg-rfe  go-nanomsg-task  goa4  goa4-rfe  goa4-task  goexternal  goexternal-rfe  goexternal-task  gograb  gograb-rfe  gograb-task  golang  golang-rfe  golang-task  GoldenGate  GoldenGate-rfe  Goodbye  Goodbye-rfe  Goodbye-task  google-api-python-client  google-api-python-client-rfe  google-api-python-client-task  google-perftools  google-perftools-rfe  google-perftools-task  gopacket  gopacket-rfe  gopacket-task  GOpenFlow  GOpenFlow-rfe  GOpenFlow-task  gotestlib  gotestlib-rfe  gotestlib-task  goworkspace  goworkspace-rfe  goworkspace-task  gperftools  gperftools-rfe  gperftools-task  GPIO-diags  Group  Group-rfe  Group-task  grpc  grpc-rfe  grpc-task  grpcio  grpcio-rfe  grpcio-task  gsoap  gsoap-rfe  gsoap-task  gtest  gtest-rfe  gtest-task  Guernville-diags  gut  gut-rfe  gut-task  hadoop-distributions  hadoop-distributions-rfe  hadoop-distributions-task  HadoopTracer  HadoopTracer-rfe  HadoopTracer-task  Halfdome  Halfdome-rfe  Halo  Halo-rfe  Halo-task  HaloFpga  HaloFpga-rfe  HaloFpga-task  HaloUtil  HaloUtil-rfe  HaloUtil-task  Hardware  Hardware-rfe  Hardware-task  HashUtils  HashUtils-rfe  HashUtils-task  Health  Health-rfe  Health-task  HealthMgr  HealthMgr-rfe  HealthMgr-task  Helena  Helena-rfe  Hello  Hello-rfe  Hello-task  HelloAgent  HelloAgent-rfe  HelloAgent-task  help2man  help2man-rfe  help2man-task  HitlessRestartTest  HitlessRestartTest-rfe  HitlessRestartTest-task  HMtestPackage  Hollywod-rfe  Hollywod-task  Hollywood  Hollywood-rfe  Hollywood-task  HostInject  HostInject-rfe  HostInject-task  HostInjectAgent  HostInjectAgent-rfe  HostInjectAgent-task  HostResourcesMib  HostResourcesMib-rfe  HostResourcesMib-task  HostSecurity  HostSecurity-rfe  HostSecurity-task  HostSecurityTest  HostSecurityTest-rfe  HostSecurityTest-task  hrdb  hrdb-rfe  hrdb-task  Hsc  Hsc-rfe  Hsc-task  HscRestApi  HscRestApi-rfe  HscRestApi-task  HttpbinDut  HttpbinDut-rfe  HttpbinDut-task  HttpService  HttpService-rfe  HttpService-task  Hut  Hut-rfe  Hut-task  HW-UserDoc  icinga  icinga-rfe  icinga-task  Idt82p33831  Idt82p33831-rfe  Idt82p33831-task  Idt82v3396  Idt82v3396-rfe  Idt82v3396-task  idutils  idutils-rfe  idutils-task  Igmp  Igmp-rfe  Igmp-task  IgmpHost  IgmpHost-rfe  IgmpHost-task  IgmpHostProxy  IgmpHostProxy-rfe  IgmpHostProxy-task  IgmpProxy  IgmpProxy-rfe  IgmpProxy-task  IgmpSnmp  IgmpSnmp-rfe  IgmpSnmp-task  IgmpSnooping  IgmpSnooping-rfe  IgmpSnooping-task  IgmpSnoopingFeature  IgmpSnoopingFeature-rfe  IgmpSnoopingTest  IgmpSnoopingTest-rfe  IgmpSnoopingTest-task  IgmpTest  IgmpTest-rfe  IgmpTest-task  ImageTest  ImageTest-rfe  ImageTest-task  Influx  Influx-rfe  Influx-task  influxlib  influxlib-rfe  influxlib-task  InnoLight (DP)  Inphi  Inphi-rfe  Inphi-task  InPhy-diags  Intel  Intel-rfe  InternalPortsSnmp  InternalPortsSnmp-rfe  InternalPortsSnmp-task  InteropL1  InteropL1Test  InteropL1Test-rfe  InteropL1Test-task  Intf  Intf-rfe  Intf-task  IntfAdapter  IntfAdapter-rfe  IntfAdapter-task  IntfSnmp  IntfSnmp-rfe  IntfSnmp-task  iomemory-vsl  iomemory-vsl-rfe  iomemory-vsl-task  iozone  iozone-rfe  iozone-task  IpDut  IpDut-rfe  IpDut-task  iperf  iperf-rfe  iperf-task  IpEth  IpEth-rfe  IpEth-task  IpEthTest  IpEthTest-rfe  IpEthTest-task  IpMRouteSnmp  IpMRouteSnmp-rfe  IpMRouteSnmp-task  IpRib  IpRib-rfe  IpRib-task  IpRibDut  IpRibDut-rfe  IpRibDut-task  IpRibLib  IpRibLib-rfe  IpRibLib-task  IpRibMain  IpRibMain-rfe  IpRibMain-task  IpRibTest  IpRibTest-rfe  IpRibTest-task  iproute  iproute-rfe  iproute-task  Ipsec  ipsec_flow_parallelization  ipsec_flow_parallelization-rfe  ipsec_flow_parallelization-task  Ipsec-rfe  Ipsec-task  ipsecflow_parallelization  ipsecflow_parallelization-rfe  ipsecflow_parallelization-task  IpsecTest  IpsecTest-rfe  IpsecTest-task  iptables  iptables-rfe  iptables-task  Ipv6NeighborDiscovery  Ipv6NeighborDiscovery-rfe  Ipv6NeighborDiscovery-task  Ipv6RouterAdvt  Ipv6RouterAdvt-rfe  Ipv6RouterAdvt-task  Ira  Ira-rfe  Ira-task  IraAcl  IraAcl-rfe  IraAcl-task  IraSnmp  IraSnmp-rfe  IraSnmp-task  irqbalance  irqbalance-rfe  irqbalance-task  isatapd  isatapd-rfe  isatapd-task  Isis  Isis-rfe  Isis-task  IsisMultiProtocolTest  IsisMultiProtocolTest-rfe  IsisMultiProtocolTest-task  isl  isl-rfe  isl-task  Isl6812X  Isl6812X-rfe  Isl6812X-task  IT Support  IT Support-rfe  ixHltApi  ixHltApi-rfe  ixHltApi-task  Ixia  Ixia-rfe  Ixia-task  ixNetworkTcl  ixNetworkTcl-rfe  ixNetworkTcl-task  ixTclHal  ixTclHal-rfe  ixTclHal-task  jcc  jcc-rfe  jcc-task  JDSU  JDSU (CW)  JDSU-rfe  jemalloc  jemalloc-rfe  jemalloc-task  Jenner  Jenner-rfe  Jenner-task  Jericho2Fixed  Jericho2Fixed-rfe  Jericho2Fixed-task  JerichoFixed  JerichoFixed-rfe  JerichoFixed-task  JerichoPlusFixed  JerichoPlusFixed-rfe  JerichoPlusFixed-task  Jinja2  Jinja2-rfe  Jinja2-task  JPlusFixed  JPlusFixed-rfe  JPlusFixed-task  jshon  jshon-rfe  jshon-task  json-cfg  json-cfg-rfe  json-cfg-task  jsonrpclib  jsonrpclib-rfe  jsonrpclib-task  Jtag  Jtag-rfe  Jtag-task  Judy  Judy-rfe  Judy-task  jungledisk  jungledisk-rfe  jungledisk-task  Kabini  Kabini-rfe  Kabini-task  kafka  kafka-rfe  kafka-task  kafkacat  kafkacat-rfe  kafkacat-task  kbfd  kbfd-rfe  kbfd-task  Kbp  kbp-driver  kbp-driver-rfe  kbp-driver-task  Kbp-rfe  Kbp-task  KbpSdk  KbpSdk-rfe  KbpSdk-task  KernelDevTools  KernelDevTools-rfe  KernelDevTools-task  KernelFib  KernelFib-rfe  KernelFib-task  KernelFibTest  KernelFibTest-rfe  KernelFibTest-task  KernelMfib  KernelMfib-rfe  KernelMfib-task  KernelNetworkInfo  KernelNetworkInfo-rfe  KernelNetworkInfo-task  KernelVersion  KernelVersion-rfe  KernelVersion-task  kexec-tools  kexec-tools-rfe  kexec-tools-task  klish  klish-rfe  klish-task  kshim  kshim-rfe  kshim-task  kubectl  kubectl-rfe  kubectl-task  kwonly-args  kwonly-args-rfe  kwonly-args-task  L2Rib  L2Rib-rfe  L2Rib-task  L3BfdTest  L3BfdTest-rfe  L3BfdTest-task  L3ProtocolAgentModelCleanup  L3ProtocolAgentModelCleanup-rfe  L3ProtocolAgentModelCleanup-task  L3ProtocolCleanup  L3ProtocolCleanup-rfe  L3ProtocolCleanup-task  L3TestLib  L3TestLib-rfe  L3TestLib-task  L3Vpn  L3Vpn-rfe  L3Vpn-task  Labpatch  Labpatch-rfe  Labpatch-task  Lag  Lag-rfe  Lag-task  LagSnmp  LagSnmp-rfe  LagSnmp-task  LagTest  LagTest-rfe  LagTest-task  Lanz  Lanz-rfe  Lanz-task  lanzcoprocessor  lanzcoprocessor-rfe  lanzcoprocessor-task  LanzTest  LanzTest-rfe  LanzTest-task  Larkfield-diags  LassenPower  LassenPower-rfe  LassenPower-task  lasso  lasso-rfe  lasso-task  Lattice  Lattice-rfe  Lattice-task  Launcher  Launcher-rfe  Launcher-task  LauncherSnmp  LauncherSnmp-rfe  LauncherSnmp-task  Layer1Mgmt  Layer1Mgmt-rfe  Layer1Mgmt-task  Ldp  Ldp-rfe  Ldp-task  LdpSnmp  LdpSnmp-rfe  LdpSnmp-task  LdpTest  LdpTest-rfe  LdpTest-task  Leoni (HC)  lftp  lftp-rfe  lftp-task  libcrafter  libcrafter-rfe  libcrafter-task  libdrm  libdrm-rfe  libdrm-task  libedit  libedit-rfe  libedit-task  libestrar  libestrar-rfe  libestrar-task  libev  libev-rfe  libev-task  libevent  libevent-rfe  libevent-task  libfastjson  libfastjson-rfe  libfastjson-task  libipt  libipt-rfe  libipt-task  liblogging  liblogging-rfe  liblogging-task  liblognorm  liblognorm-rfe  liblognorm-task  libpcap  libpcap-rfe  libpcap-task  librdkafka  librdkafka-rfe  librdkafka-task  librelp  librelp-rfe  librelp-task  libtool  libtool-rfe  libtool-task  libuio  libuio-rfe  libuio-task  libunwind  libunwind-rfe  libunwind-task  libvirt  libvirt-rfe  libvirt-task  License  License-rfe  License-task  LicenseCommon  LicenseCommon-rfe  LicenseCommon-task  LicenseRequestWeb  LicenseRequestWeb-rfe  LicenseRequestWeb-task  LicenseServer  LicenseServer-rfe  LicenseServer-task  LicenseTest  LicenseTest-rfe  LicenseTest-task  lidar  lidar-rfe  lidar-task  LinuxBridge  LinuxBridge-rfe  LinuxBridge-task  lksim  lksim-rfe  lksim-task  Lldp  Lldp-rfe  Lldp-task  LldpTest  LldpTest-rfe  LldpTest-task  llvm  llvm-rfe  llvm-task  Lm73  Lm73-rfe  Lm73-task  Lm95234  Lm95234-rfe  Lm95234-task  LoadBalancer  LoadBalancer-rfe  LoadBalancer-task  LoggedIo  LoggedIo-rfe  LoggedIo-task  LogLake  LogMgr  LogMgr-rfe  LogMgr-task  Logscan-service  Logscan-service-rfe  Logscan-service-task  LoopProtect  LoopProtect-rfe  LoopProtect-task  LpmTrie  LpmTrie-rfe  LpmTrie-task  m2crypto  m2crypto-rfe  m2crypto-task  M8  M8-rfe  MacMon  MacMon-rfe  MacMon-task  MacPhyConc  MacPhyConc-rfe  MacPhyConc-task  Macsec  Macsec-rfe  Macsec-task  MacSecAle  MacSecAle-rfe  MacSecAle-task  MacsecProxy  MacsecProxy-rfe  MacsecProxy-task  MacsecWeb  MacsecWeb-rfe  MacsecWeb-task  MadApi  MadApi-rfe  MadApi-task  MaintenacenModeTest  MaintenacenModeTest-rfe  MaintenacenModeTest-task  Maintenance  Maintenance-rfe  Maintenance-task  MaintenanceMode  MaintenanceMode-rfe  MaintenanceMode-task  MaintenanceModeTest  MaintenanceModeTest-rfe  MaintenanceModeTest-task  make  make-rfe  make-task  makedumpfile  makedumpfile-rfe  makedumpfile-task  ManagementActive  ManagementActive-rfe  ManagementActive-task  Manufacturing  Manufacturing-rfe  Marco  Marco-rfe  Marco-task  MarcoTest  MarcoTest-rfe  MarcoTest-task  MatchList  MatchList-rfe  MatchList-task  Matt  Matt-rfe  Matt-task  Max24305  Max24305-rfe  Max24305-task  Max31790  Max31790-rfe  Max31790-task  Max5980  Max5980-rfe  Max5980-task  Max6658  Max6658-rfe  Max6658-task  Max6697  Max6697-rfe  Max6697-task  mb-tools  mb-tools-rfe  mb-tools-task  MbbPostcodef  MbbPostcodef-rfe  MbbPostcodef-task  McastAgentContainer  McastAgentContainer-rfe  McastAgentContainer-task  McastBoundary  McastBoundary-rfe  McastBoundary-task  McastBridging  McastBridging-rfe  McastBridging-task  McastCommon  McastCommon-rfe  McastCommon-task  McastCommonTest  McastCommonTest-rfe  McastCommonTest-task  McastTest  McastTest-rfe  McastTest-task  Mcp55  Mcp55-rfe  Mcp55-task  Meadowood  Meadowood-rfe  Mellanox  Mellanox-rfe  Memgraph  Memgraph-rfe  Memgraph-task  Memory-diags  Mendocino  Mendocino-diags  Mendocino-rfe  Mendocino-task  Mentor  Mentor-rfe  Merced  Merced-rfe  Merge  Merge (WX)  Merge-rfe  Metadb  Metadb-rfe  Metadb-task  MetadbTest  MetadbTest-rfe  MetadbTest-task  MfgInfra  MfgInfra-diags  MfgInfra-rfe  MfgInfra-task  MfgShared  MfgShared-rfe  MfgShared-task  MfgTest  MfgTest-rfe  MfgTest-task  MgmtSecurity  MgmtSecurity-rfe  MgmtSecurity-task  Microsemi  Microsemi-rfe  Microsemi-task  mingetty  mingetty-rfe  mingetty-task  mips-sde  mips-sde-rfe  mips-sde-task  Mirroring  Mirroring-rfe  Mirroring-task  MirroringTest  MirroringTest-rfe  MirroringTest-task  Misc  Misc-rfe  MiscSnmp  MiscSnmp-rfe  MiscSnmp-task  mjollnir  mjollnir-rfe  mjollnir-task  mkelfImage  mkelfImage-rfe  mkelfImage-task  Mlag  Mlag-rfe  Mlag-task  MlagDut  MlagDut-rfe  MlagDut-task  MlagSnmp  MlagSnmp-rfe  MlagSnmp-task  MlagVrrp  MlagVrrp-rfe  MlagVrrp-task  Mld  Mld-rfe  Mld-task  MldTest  MldTest-rfe  MldTest-task  Mmpa  Mmpa-rfe  Mmpa-task  mock-program  mock-program-rfe  mock-program-task  mock-service  mock-service-rfe  mock-service-task  mod_auth_mellon  mod_auth_mellon-rfe  mod_auth_mellon-task  mod_python  mod_python-rfe  mod_python-task  Modular  Modular-rfe  Modular-task  ModularPlatform  ModularPlatform-rfe  Molex  Molex (PV)  Molex-rfe  mosh  mosh-rfe  mosh-task  MoshCli  MoshCli-rfe  MoshCli-task  moss  moss-rfe  moss-task  MountAnalyzer  MountAnalyzer-rfe  MountAnalyzer-task  MoveDownstairs  MoveDownstairs-rfe  MpcFree  MpcFree-rfe  MpcFree-task  Mpls  Mpls-rfe  Mpls-task  MplsAgent  MplsAgent-rfe  MplsAgent-task  MplsData  MplsData-rfe  MplsData-task  MplsTest  MplsTest-rfe  MplsTest-task  MplsUtils  MplsUtils-rfe  MplsUtils-task  MplsVpn  MplsVpn-rfe  MplsVpn-task  mpt3sas  mpt3sas-rfe  mpt3sas-task  Mroute  Mroute-rfe  Mroute-task  MrouteTest  MrouteTest-rfe  MrouteTest-task  Mrp  Mrp-rfe  Mrp-task  mrt  mrt-rfe  mrt-task  mrtparse  mrtparse-rfe  mrtparse-task  MrtrDut  MrtrDut-rfe  MrtrDut-task  Msdp  Msdp-rfe  Msdp-task  MsdpSnmp  MsdpSnmp-rfe  MsdpSnmp-task  MsdpTest  MsdpTest-rfe  MsdpTest-task  Msrp  Msrp-rfe  Msrp-task  Mss  Mss-rfe  Mss-task  MssClient  MssClient-rfe  MssClient-task  MssPolicyMonitor  MssPolicyMonitor-rfe  MssPolicyMonitor-task  MssTest  MssTest-rfe  MssTest-task  Mt. Baker  Mt. Baker-rfe  MtDan-diags  MtDana-diags  MtdApi  MtdApi-rfe  MtdApi-task  mtrace  mtrace-rfe  mtrace-task  MultiProtocolRouting  MultiProtocolRouting-rfe  MultiProtocolRouting-task  MultiProtocolTools  MultiProtocolTools-rfe  MultiProtocolTools-task  MultiProtocolTunnelTest  MultiProtocolTunnelTest-rfe  MultiProtocolTunnelTest-task  Mvrp  Mvrp-rfe  Mvrp-task  MyDemo  MyDemo-rfe  MyDemo-task  mysqltestlib  mysqltestlib-rfe  mysqltestlib-task  NameNode  NameNode-rfe  NameNode-task  NameNodeTest  NameNodeTest-rfe  NameNodeTest-task  NamespaceCluster  NamespaceCluster-rfe  NamespaceCluster-task  NamespaceDut  NamespaceDut-rfe  NamespaceDut-task  nanomsg  nanomsg-rfe  nanomsg-task  nanowbem  nanowbem-rfe  nanowbem-task  Napa  Napa-hw  Napa-rfe  Napa-task  Nat  Nat-rfe  Nat-task  NatTest  NatTest-rfe  NatTest-task  ncclient  ncclient-rfe  ncclient-task  ncurses  ncurses-rfe  ncurses-task  ndisc6  ndisc6-rfe  ndisc6-task  net-snmp  net-snmp-rfe  net-snmp-task  Netconf  Netconf-rfe  Netconf-task  netns  netns-rfe  netns-task  NetworkTest  NetworkTest-rfe  NetworkTest-task  NetworkTools  NetworkTools-rfe  NetworkTools-task  NetworkView  NetworkView-rfe  NetworkView-task  Nevada  Nevada-rfe  NewBgp  NewBgp-rfe  NewBgp-task  nginx  nginx-rfe  nginx-task  nglogc  nglogc-rfe  nglogc-task  Nice  Nice Diags  nios2eds  nios2eds-rfe  nios2eds-task  nnpy  nnpy-rfe  nnpy-task  node  node-rfe  node-task  nodejs  nodejs-rfe  nodejs-task  Nooksack  Nooksack-rfe  NorCal  NorCal-rfe  NorCal-task  NorCalCard  NorCalCard-rfe  NorCalCard-task  NorCalMfg  NorCalMfg-rfe  NorCalMfg-task  NorCalSys  NorCalSys-rfe  NorCalSys-task  NorCalTest  NorCalTest-rfe  NorCalTest-task  nstools  nstools-rfe  nstools-task  nsutil  nsutil-rfe  nsutil-task  Ntp  Ntp-rfe  Ntp-task  ntp-udel  ntp-udel-rfe  ntp-udel-task  NuageVsp  Nvgre  Nvgre-rfe  Nvgre-task  Oak-diags  OAM-task  oauth2client  oauth2client-rfe  oauth2client-task  ObjectTracking  ObjectTracking-rfe  ObjectTracking-task  oepnssl  oepnssl-rfe  oepnssl-task  Olema-diags  omi  omi-rfe  omi-task  onie  onie-rfe  onie-task  OnsiteDetector  OnsiteDetector-rfe  OnsiteDetector-task  openbmp  openbmp-rfe  openbmp-task  OpenConfig  OpenConfig-rfe  OpenConfig-task  OpenConfigTest  OpenConfigTest-rfe  OpenConfigTest-task  OpenFlow  OpenFlow-rfe  OpenFlow-task  OpenFlowTest  OpenFlowTest-rfe  OpenFlowTest-task  OpenGrok  OpenGrok-rfe  OpenGrok-task  openssh  openssh-rfe  openssh-task  OpenSSHTest  OpenSSHTest-rfe  OpenSSHTest-task  openssl  openssl-rfe  openssl-task  OpenStack  OpenStack-rfe  openstack-swift  openstack-swift-rfe  openstack-swift-task  OpenStack-task  openstackpythonclients  openstackpythonclients-rfe  openstackpythonclients-task  openvswitch  openvswitch-rfe  openvswitch-task  Oplink (KE)  Opnext  Opnext (AP)  Opnext-rfe  Optics  Optics-rfe  OptumSoftAbuildFirst  OptumSoftAbuildFirst-rfe  OptumSoftAbuildFirst-task  OptumSoftExternal  OptumSoftExternal-rfe  OptumSoftExternal-task  OptumSoftInfrastructure-task  OptumSoftProductTest  OptumSoftProductTest-rfe  OptumSoftProductTest-task  OptumSoftSearch  OptumSoftSearch-rfe  OptumSoftSearch-task  OptumSoftTools  OptumSoftTools-rfe  OptumSoftTools-task  Orca  Orca-rfe  Orca-task  Oscillators  Ospf  Ospf-rfe  Ospf-task  Ospf3  Ospf3-rfe  Ospf3-task  Overcast  Overcast-rfe  Overcast-task  ovftool  ovftool-rfe  ovftool-task  Ovs  Ovs-rfe  Ovs-task  P2PSync  P2PSync-rfe  P2PSync-task  P4  p4-ar-switch  p4-ar-switch-rfe  p4-ar-switch-task  p4-behavioral-model  p4-behavioral-model-rfe  p4-behavioral-model-task  p4-bf-switch  p4-bf-switch-rfe  p4-bf-switch-task  p4-bm-switch  p4-bm-switch-rfe  p4-bm-switch-task  p4-compilers  p4-compilers-rfe  p4-compilers-task  p4-hlir  p4-hlir-rfe  p4-hlir-task  P4-rfe  P4-task  p4c-bm  p4c-bm-rfe  p4c-bm-task  P4NamespaceDut  P4NamespaceDut-rfe  P4NamespaceDut-task  P4SwitchTest  P4SwitchTest-rfe  P4SwitchTest-task  p4testswitch  p4testswitch-rfe  p4testswitch-task  P4Tickets  P4Tickets-rfe  P4Tickets-task  PacketCapture  PacketCapture-rfe  PacketCapture-task  Packetpflegen  paramiko  paramiko-rfe  paramiko-task  parted  parted-rfe  parted-task  PatchPanel  PatchPanel-rfe  PatchPanel-task  PatchPanelAgent  PatchPanelAgent-rfe  PatchPanelAgent-task  PATT  PattTest  PattTest-rfe  PattTest-task  Pbr  Pbr-rfe  Pbr-task  Pca9555  Pca9555-rfe  Pca9555-task  PciBus  PciBus-rfe  PciBus-task  Pcie-diags  PcieNt  PcieNt-rfe  PcieNt-task  pcre  pcre-rfe  pcre-task  PdpDmaLib  PdpDmaLib-rfe  PdpDmaLib-task  Perdb  Perdb-rfe  Perdb-task  PeReyes  PeReyes-rfe  PeReyes-task  perforce  perforce-rfe  perforce-task  perftools  perftools-rfe  perftools-task  perl5  perl5-rfe  perl5-task  PersistentStore  PersistentStore-rfe  PersistentStore-task  peterwu  peterwu-rfe  peterwu-task  Petra  Petra-rfe  Petra-task  pexpect  pexpect-rfe  pexpect-task  Phoenix  Phoenix-rfe  Phoenix-task  Phone System  Phone System-rfe  PhyAeluros  PhyAeluros-rfe  PhyAeluros-task  PhyAlaska  PhyAlaska-rfe  PhyAlaska-task  PhyAlaskaX  PhyAlaskaX-rfe  PhyAlaskaX-task  PhyApm  PhyApm-rfe  PhyApm-task  PhyAvago  PhyAvago-rfe  PhyAvago-task  PhyAvago8812  PhyAvago8812-rfe  PhyAvago8812-task  PhyAvagoCurrent  PhyAvagoCurrent-rfe  PhyAvagoCurrent-task  PhyBcm  PhyBcm-rfe  PhyBcm-task  PhyBcm54980  PhyBcm54980-rfe  PhyBcm54980-task  PhyBcmEpil  PhyBcmEpil-rfe  PhyBcmEpil-task  PhyClariphy  PhyClariphy-rfe  PhyClariphy-task  PhyEee  PhyEee-rfe  PhyEee-task  PhyEthtool  PhyEthtool-rfe  PhyEthtool-task  PhyMtd  PhyMtd-rfe  PhyMtd-task  PhyNlp1342  PhyTest  PhyTest-rfe  PhyTest-task  PhyTn  PhyTn-rfe  PhyTn-task  Picasso  Picasso-rfe  Picasso-task  Picnic  Picnic-rfe  Piedmont  pigz  pigz-rfe  pigz-task  pika  pika-rfe  pika-task  Pim  Pim-rfe  Pim-task  PimBidir  PimBidir-rfe  PimBidir-task  PimBidirDf  PimBidirDf-rfe  PimBidirDf-task  PimBidirTest  PimBidirTest-rfe  PimBidirTest-task  PimBsr  PimBsr-rfe  PimBsr-task  PimBsrTest  PimBsrTest-rfe  PimBsrTest-task  PimReg  PimReg-rfe  PimReg-task  PimRegTest  PimRegTest-rfe  PimRegTest-task  Pimsm  Pimsm-rfe  Pimsm-task  PimsmTest  PimsmTest-rfe  PimsmTest-task  PimSnmp  PimSnmp-rfe  PimSnmp-task  pktgen  pktgen-rfe  pktgen-task  PlatformAgent  PlatformAgent-rfe  PlatformAgent-task  PlatformL3Intf  PlatformL3Intf-rfe  PlatformL3Intf-task  PlatformLibrary  PlatformLibrary-rfe  PlatformLibrary-task  PlatformTest  PlatformTest-rfe  PlatformTest-task  PlePex8600  PlePex8600-rfe  PlePex8600-task  PlugIt  PlugIt-rfe  PlugIt-task  Pluto  Pluto-rfe  Pluto-task  PlutoLib  PlutoLib-rfe  PlutoLib-task  PlutoLibrary  PlutoLibrary-rfe  PlutoLibrary-task  PlutoUtil  PlutoUtil-rfe  PlutoUtil-task  plx-pcie-drivers  plx-pcie-drivers-rfe  plx-pcie-drivers-task  Plx9056Bridge  Plx9056Bridge-rfe  Plx9056Bridge-task  PlxPex8600  PlxPex8600-rfe  PlxPex8600-task  ply  ply-rfe  ply-task  pmat  pmat-rfe  pmat-task  Pmbus  Pmbus-rfe  Pmbus-task  poc-tasks  PolicyMap  PolicyMap-rfe  PolicyMap-task  PolicyService  PolicyService-rfe  PolicyService-task  Ponderosa-diags  PortMirroring  PortMirroring-rfe  Power  Power-rfe  Power-task  PowerDevice-diags  PowerFuse  PowerFuse-rfe  PowerFuse-task  PowerOne  PowerOne-rfe  PowerOne-task  PowerSupply-diags  Prebuilt  Prebuilt-rfe  Prebuilt-task  Prestera  Prestera-rfe  Prestera-task  ProcMgr  ProcMgr-rfe  ProcMgr-task  procps  procps-ng  procps-ng-rfe  procps-ng-task  procps-rfe  procps-task  ProductAttributes  ProductAttributes-rfe  ProductAttributes-task  Proglog  Proglog-rfe  Proglog-task  ProjectReport  ProjectReport-rfe  ProjectReport-task  Pronghorn-diags  proteus-dns  proteus-dns-rfe  proteus-dns-task  Proto  Proto-rfe  Proto-task  protobuf  protobuf-rfe  protobuf-task  Pseudowire  Pseudowire-rfe  Pseudowire-task  PseudowireAgent  PseudowireAgent-rfe  PseudowireAgent-task  PseudowireCli  PseudowireCli-rfe  PseudowireCli-task  PseudowireTest  PseudowireTest-rfe  PseudowireTest-task  Psmi  Psmi-rfe  Psmi-task  PsocFanController  PsocFanController-rfe  PsocFanController-task  Psp  Psp-rfe  Psp-task  pstack  pstack-rfe  pstack-task  Ptp  Ptp-rfe  Ptp-task  ptpd  ptpd-rfe  ptpd-task  ptpd-v2  ptpd-v2-rfe  ptpd-v2-task  PtpTest  PtpTest-rfe  PtpTest-task  PtpTimeSync  PtpTimeSync-rfe  PtpTimeSync-task  PtpTimeSyncTest  PtpTimeSyncTest-rfe  PtpTimeSyncTest-task  PtReyes  PtReyes-rfe  PtReyes-task  Pulse  Pulse-rfe  Pulse-task  PulseAgent  PulseAgent-rfe  PulseAgent-task  PulseWeb  PulseWeb-rfe  PulseWeb-task  pxe  pxe-kexec  pxe-kexec-rfe  pxe-kexec-task  pxe-rfe  pxe-swi  pxe-swi-rfe  pxe-swi-task  pxe-task  py-radix  py-radix-rfe  py-radix-task  PyArrow  PyArrow-rfe  PyArrow-task  pycodestyle  pycodestyle-rfe  pycodestyle-task  pylibpcap  pylibpcap-rfe  pylibpcap-task  pylint  pylint-rfe  pylint-task  pylucene  pylucene-rfe  pylucene-task  python  python-beautiful-soup  python-beautiful-soup-rfe  python-beautiful-soup-task  python-blockdiag  python-blockdiag-rfe  python-blockdiag-task  python-breathe  python-breathe-rfe  python-breathe-task  python-cjson  python-cjson-rfe  python-cjson-task  python-cogapp  python-cogapp-rfe  python-cogapp-task  python-decorator  python-decorator-rfe  python-decorator-task  python-django  python-django-picklefield  python-django-picklefield-rfe  python-django-picklefield-task  python-django-rfe  python-django-storage-swift  python-django-storage-swift-rfe  python-django-storage-swift-task  python-django-task  python-djblets  python-djblets-rfe  python-djblets-task  python-docker  python-docker-rfe  python-docker-task  python-dpkt  python-dpkt-rfe  python-dpkt-task  python-eunuchs  python-eunuchs-rfe  python-eunuchs-task  python-eventlet  python-eventlet-rfe  python-eventlet-task  python-funcparserlib  python-funcparserlib-rfe  python-funcparserlib-task  python-graph  python-graph-rfe  python-graph-task  python-httpbin  python-httpbin-rfe  python-httpbin-task  python-httplib2  python-httplib2-rfe  python-httplib2-task  python-iso8601  python-iso8601-rfe  python-iso8601-task  python-jcc  python-jcc-rfe  python-jcc-task  python-json-cfg  python-json-cfg-rfe  python-json-cfg-task  python-jsonrpclib  python-jsonrpclib-rfe  python-jsonrpclib-task  python-kwonly-args  python-kwonly-args-rfe  python-kwonly-args-task  python-logilab-astng  python-logilab-astng-rfe  python-logilab-astng-task  python-m2crypto  python-m2crypto-rfe  python-m2crypto-task  python-markdown2  python-markdown2-rfe  python-markdown2-task  python-mox  python-mox-rfe  python-mox-task  python-ncclient  python-ncclient-rfe  python-ncclient-task  python-oftest  python-oftest-rfe  python-oftest-task  python-openbmp-api  python-openbmp-api-rfe  python-openbmp-api-task  python-openstackclients  python-openstackclients-rfe  python-openstackclients-task  python-paramiko  python-paramiko-rfe  python-paramiko-task  python-pbr  python-pbr-rfe  python-pbr-task  python-pip  python-pip-rfe  python-pip-task  python-prettytable  python-prettytable-rfe  python-prettytable-task  python-ptf  python-ptf-rfe  python-ptf-task  python-pypiserver  python-pypiserver-rfe  python-pypiserver-task  python-pyvmomi  python-pyvmomi-rfe  python-pyvmomi-task  python-requests  python-requests-rfe  python-requests-task  python-requests2  python-requests2-rfe  python-requests2-task  python-rfe  python-seqdiag  python-seqdiag-rfe  python-seqdiag-task  python-setuptools  python-setuptools-rfe  python-setuptools-task  python-six  python-six-rfe  python-six-task  python-sleekxmpp  python-sleekxmpp-rfe  python-sleekxmpp-task  python-sphinx  python-sphinx-rfe  python-sphinx-task  python-sqlalchemy  python-sqlalchemy-rfe  python-sqlalchemy-task  python-swiftclient  python-swiftclient-rfe  python-swiftclient-task  python-task  python-webcolors  python-webcolors-rfe  python-webcolors-task  python-xlrd  python-xlrd-rfe  python-xlrd-task  python-xlwt  python-xlwt-rfe  python-xlwt-task  python-ZSI  python-ZSI-rfe  python-ZSI-task  python26  python26-rfe  python26-task  python3  python3-rfe  python3-task  PyWrappers  PyWrappers-rfe  PyWrappers-task  Qbuild  Qbuild-rfe  Qbuild-task  qemu  qemu-gns3  qemu-gns3-rfe  qemu-gns3-task  qemu-kvm  qemu-kvm-rfe  qemu-kvm-task  qemu-rfe  qemu-task  QemuVmAgent  QemuVmAgent-rfe  QemuVmAgent-task  Qos  Qos-rfe  Qos-task  QosSnmp  QosSnmp-rfe  QosSnmp-task  QosTest  QosTest-rfe  QosTest-task  QuaggaDut  QuaggaDut-rfe  QuaggaDut-task  quantumfs  quantumfs-rfe  quantumfs-task  Qube  Qube-rfe  Qube-task  QubeTest  QubeTest-rfe  QubeTest-task  qubit-tools  QuickTrace  QuickTrace-rfe  QuickTrace-task  QuickTraceTest  QuickTraceTest-rfe  QuickTraceTest-task  quota  quota-rfe  quota-task  RachiticTest  RachiticTest-rfe  RachiticTest-task  Radius  Radius-rfe  Radius-task  Raild  Raild-rfe  Raild-task  RAILproto  RAILproto-rfe  RAILproto-task  RAILtest  RAILtest-rfe  RAILtest-task  Rainbow-diags  Rama  Rama-rfe  Rama-task  Raven  Raven-rfe  rbfd  rbfd-rfe  rbfd-task  RdamDatabase  RdamDatabase-rfe  RdamDatabase-task  RdamDut  RdamDut-rfe  RdamDut-task  ReachabilityMonitor  ReachabilityMonitor-rfe  ReachabilityMonitor-task  ReachabilityMonitorTest  ReachabilityMonitorTest-rfe  ReachabilityMonitorTest-task  RedSea  RedSea-rfe  RedSea-task  RedSup  RedSup-rfe  RedSup-task  RedSupSnmp  RedSupSnmp-rfe  RedSupSnmp-task  Redundancy  Redundancy-rfe  Redundancy-task  ReleaseTools  ReleaseTools-rfe  ReleaseTools-task  ReleaseUmbrella  ReloadCause  ReloadCause-rfe  ReloadCause-task  ReloadCauseAgent  ReloadCauseAgent-rfe  ReloadCauseAgent-task  ReloadPolicy  ReloadPolicy-rfe  ReloadPolicy-task  RemoteAgentSync  RemoteAgentSync-rfe  RemoteAgentSync-task  Renesas  Renesas-rfe  requests  requests-rfe  requests-task  ResourceManager  ResourceManager-rfe  ResourceManager-task  ReviewBoard  ReviewBoard-rfe  ReviewBoard-task  ReviewBoardTest  ReviewBoardTest-rfe  ReviewBoardTest-task  Ribbon-diags  RibCapi  RibCapi-rfe  RibCapi-task  RibCapiTest  RibCapiTest-rfe  RibCapiTest-task  Rio  Rio-rfe  Rio-task  RioTest  RioTest-rfe  RioTest-task  Rip  Rip-rfe  Rip-task  ripgrep  ripgrep-rfe  ripgrep-task  RN  Robo-service  Robo-service-rfe  Robo-service-task  Robo1  Robo1-rfe  Robo1-task  Robo2  Robo2-rfe  Robo2-task  Robo3  Robo3-rfe  Robo3-task  RoboScripts  RoboScripts-rfe  RoboScripts-task  rootfs-service  rootfs-service-rfe  rootfs-service-task  Rosa-diags  Rosa/SantaRosa/Cotati  RouteInput  RouteInput-rfe  RouteInput-task  RouteMap  RouteMap-rfe  RouteMap-task  RouterGeneral  RouterGeneral-rfe  RouterGeneral-task  RouterGeneralCli  RouterGeneralCli-rfe  RouterGeneralCli-task  RoutingHelper  RoutingHelper-rfe  RoutingHelper-task  rpcapd  rpcapd-rfe  rpcapd-task  Rsvp  Rsvp-rfe  Rsvp-task  RsvpTest  RsvpTest-rfe  RsvpTest-task  rsyslog  rsyslog-rfe  rsyslog-task  rtest  rtest-rfe  rtest-task  Ruby  Ruby-rfe  Ruby-task  Rutherford  Rutherford-rfe  Saguaro  Saguaro-rfe  Saguaro-task  Sai  sai-net  sai-net-rfe  sai-net-task  Sai-rfe  Sai-task  SaltLakeFixed  SaltLakeFixed-rfe  SaltLakeFixed-task  SampleSoftware  Sand  Sand--diags  Sand-diags  sand-dma  sand-dma-rfe  sand-dma-task  Sand-rfe  Sand-task  SandAcl  SandAcl-rfe  SandAcl-task  SandAclTest  SandAclTest-rfe  SandAclTest-task  SandBcmSdkShim  SandBcmSdkShim-rfe  SandBcmSdkShim-task  SandBcmSdkV2  SandBcmSdkV2-rfe  SandBcmSdkV2-task  SandBroadcomSdk  SandBroadcomSdk-rfe  SandBroadcomSdk-task  SandCounters  SandCounters-rfe  SandCounters-task  SandDanz  SandDanz-rfe  SandDanz-task  SandFabric  SandFabric-rfe  SandFabric-task  SandFap  SandFap-rfe  SandFap-task  SandFapNi  SandFapNi-rfe  SandFapNi-task  SandFapNiState  SandFapNiState-rfe  SandFapNiState-task  SandFlow  SandFlow-rfe  SandFlow-task  SandHalo  SandHalo-rfe  SandHalo-task  SandHw  SandHw-rfe  SandHw-task  SandIpsec  SandIpsec-rfe  SandIpsec-task  SandL3Unicast  SandL3Unicast-rfe  SandL3Unicast-task  SandLag  SandLag-rfe  SandLag-task  SandLanz  SandLanz-rfe  SandLanz-task  SandLib  SandLib-rfe  SandLib-task  SandMact  SandMact-rfe  SandMact-task  SandMcast  SandMcast-rfe  SandMcast-task  SandMdb  SandMdb-rfe  SandMdb-task  SandMirroring  SandMirroring-rfe  SandMirroring-task  SandOam  SandOam-rfe  SandOam-task  SandPbr  SandPbr-rfe  SandPbr-task  SandPhy  SandPhy-rfe  SandPhy-task  SandPolicyLib  SandPolicyLib-rfe  SandPolicyLib-task  SandPP  SandPP-rfe  SandPP-task  SandPtp  SandPtp-rfe  SandPtp-task  SandQos  SandQos-rfe  SandQos-task  SandSal  SandSal-rfe  SandSal-task  SandSalCommon  SandSalCommon-rfe  SandSalCommon-task  SandSdk  SandSdk-rfe  SandSdk-task  SandSdkHelper  SandSdkHelper-rfe  SandSdkHelper-task  SandSdkShim  SandSdkShim-rfe  SandSdkShim-task  SandSdkV2Helper  SandSdkV2Helper-rfe  SandSdkV2Helper-task  SandSdkV3  SandSdkV3-rfe  SandSdkV3-task  SandSdkV3Helper  SandSdkV3Helper-rfe  SandSdkV3Helper-task  SandSdkV4  SandSdkV4-rfe  SandSdkV4-task  SandSdkV4Helper  SandSdkV4Helper-rfe  SandSdkV4Helper-task  SandTapAgg  SandTapAgg-rfe  SandTapAgg-task  SandTcam  SandTcam-rfe  SandTcam-task  SandTcamLib  SandTcamLib-rfe  SandTcamLib-task  SandTest  SandTest-rfe  SandTest-task  SandTm  SandTm-rfe  SandTm-task  SandToggles  SandToggles-rfe  SandToggles-task  SandTopo  SandTopo-rfe  SandTopo-task  SandTunnel  SandTunnel-rfe  SandTunnel-task  SantaRosa-diags  Santo  Santo-common  Santo-common-rfe  Santo-common-task  Santo-psp  Santo-psp-rfe  Santo-psp-task  Santo-rfe  Santo-task  Santo-v1  Santo-v1-rfe  Santo-v1-task  Sapling  Sapling-rfe  Sb820  Sb820-rfe  Sb820-task  Sc16is760  Sc16is760-rfe  Sc16is760-task  Scaleit  Scaleit-rfe  Scaleit-task  scc  Scd  scd-driver  scd-driver-rfe  scd-driver-task  scd-em  scd-em-rfe  scd-em-task  Scd-rfe  Scd-task  ScdEmUtils  ScdEmUtils-rfe  ScdEmUtils-task  SchanAccel  SchanAccel-rfe  SchanAccel-task  SchanCentral  SchanCentral-rfe  SchanCentral-task  Schooner-diags  screen  screen-rfe  screen-task  SeaRanch  SeaRanch-rfe  SecretCli  SecretCli-rfe  SecretCli-task  SecureNic  SecureNic-rfe  SecureNic-task  Security-diags  SecurityTest  SecurityTest-rfe  SecurityTest-task  Sequoia  Sequoia-diags  Sequoia-rfe  Sequoia-task  SequoiaModular  SessionTimeout  SessionTimeout-rfe  SessionTimeout-task  Sesto-diags  Sfa  Sfa-rfe  Sfa-task  Sfe  Sfe-rfe  Sfe-task  SfeModules  SfeModules-rfe  SfeModules-task  Sflow  Sflow-rfe  Sflow-task  SflowAccel  SflowAccel-rfe  SflowAccel-task  SflowAccelTest  SflowAccelTest-rfe  SflowAccelTest-task  SflowLib  SflowLib-rfe  SflowLib-task  SflowTest  SflowTest-rfe  SflowTest-task  shadow-utils  shadow-utils-rfe  shadow-utils-task  Shape  Shape-rfe  Shape-task  ShardedMap  ShardedMap-rfe  ShardedMap-task  ShardedMapCppApi  ShardedMapCppApi-rfe  ShardedMapCppApi-task  ShardedMapTest  ShardedMapTest-rfe  ShardedMapTest-task  SharedMem  SharedMem-rfe  SharedMem-task  Shasta  Shasta-rfe  Shmalloc  Shmalloc-rfe  Shmalloc-task  ShowCommandService  ShowCommandService-rfe  ShowCommandService-task  Si5327  Si5327-rfe  Si5327-task  Silverado  Silverado-rfe  simtop  simtop-rfe  simtop-task  Skegness  Skegness-rfe  Skegness-task  SkuTools  SkuTools-rfe  SkuTools-task  SmartOptics (FB)  smartsync  smartsync-rfe  smartsync-task  Smash  Smash-rfe  Smash-task  SmashCli  SmashCli-rfe  SmashCli-task  SmashTest  SmashTest-rfe  SmashTest-task  SmashTools  SmashTools-rfe  SmashTools-task  SmashViz  SmashViz-rfe  SmashViz-task  snakefood  snakefood-rfe  snakefood-task  Snmp  Snmp-rfe  Snmp-task  Snmp,net-snmp  Snmp,net-snmp-rfe  Snmp,net-snmp-task  SnmpTest  SnmpTest-rfe  SnmpTest-task  Sol  Sol-rfe  Sol-task  Sonic  Sonic-rfe  sonic-support  sonic-support-rfe  sonic-support-task  Sonic-task  Sonoma  Sonoma-rfe  Source Photonics (ET)  source-highlight  source-highlight-rfe  source-highlight-task  SourcePhotonics  SourcePhotonics-rfe  spark  spark-rfe  spark-task  Sparrow  Sparrow-rfe  Sparrow-task  spin  spin-rfe  spin-task  spl  spl-rfe  spl-task  SplunkForwarder  SplunkForwarder-rfe  SplunkForwarder-task  squashfs-tools  squashfs-tools-rfe  squashfs-tools-task  SrTePolicy  SrTePolicy-rfe  SrTePolicy-task  SrTePolicyTest  SrTePolicyTest-rfe  SrTePolicyTest-task  SshHostKeys  SshHostKeys-rfe  SshHostKeys-task  SsoTest  SsoTest-rfe  SsoTest-task  Sta-task  StageMgr  StageMgr-rfe  StageMgr-task  StageMgrAgent  StageMgrAgent-rfe  StageMgrAgent-task  StanbyCpld  StanbyCpld-rfe  StanbyCpld-task  Stand  Stand-rfe  Stand-task  StandbyCpld  StandbyCpld-rfe  StandbyCpld-task  Stash  Stash-rfe  Stash-task  StashTest  StashTest-rfe  StashTest-task  Stat  Stat-rfe  Stat-task  StaticRoute  StaticRoute-rfe  StaticRoute-task  stest-service  stest-service-rfe  stest-service-task  stestimgbuilder  stestimgbuilder-rfe  stestimgbuilder-task  stesting  stesting-rfe  stesting-task  StestWorkspace-service  StestWorkspace-service-rfe  StestWorkspace-service-task  StorageDevices  StorageDevices-rfe  StorageDevices-task  Storg  Storg-rfe  Storg-task  StormControl  StormControl-rfe  StormControl-task  Stp  Stp-rfe  Stp-task  StpSnmp  StpSnmp-rfe  StpSnmp-task  Strata  Strata--diags  Strata-diags  strata-dma  strata-dma-rfe  strata-dma-task  Strata-rfe  Strata-task  StrataAcl  StrataAcl-rfe  StrataAcl-task  StrataApi  StrataApi-rfe  StrataApi-task  StrataApi2  StrataApi2-rfe  StrataApi2-task  StrataApiTest  StrataApiTest-rfe  StrataApiTest-task  StrataApiV2  StrataApiV2-rfe  StrataApiV2-task  StrataApiV3  StrataApiV3-rfe  StrataApiV3-task  StrataApiV4  StrataApiV4-rfe  StrataApiV4-task  StrataCental  StrataCental-rfe  StrataCental-task  StrataCentral  StrataCentral-rfe  StrataCentral-task  StrataCommon  StrataCommon-rfe  StrataCommon-task  StrataCounters  StrataCounters-rfe  StrataCounters-task  StrataDiags  StrataDiags-rfe  StrataDiags-task  StrataDmaTest  StrataDmaTest-rfe  StrataDmaTest-task  StrataL2  StrataL2-rfe  StrataL2-task  StrataL2Multicast  StrataL2Multicast-rfe  StrataL2Multicast-task  StrataL3  StrataL3-rfe  StrataL3-task  StrataL3Test  StrataL3Test-rfe  StrataL3Test-task  StrataLag  StrataLag-rfe  StrataLag-task  StrataLanz  StrataLanz-rfe  StrataLanz-task  stratalanzcoprocessor  stratalanzcoprocessor-rfe  stratalanzcoprocessor-task  StrataLib  StrataLib-rfe  StrataLib-task  StrataLtApi  StrataLtApi-rfe  StrataLtApi-task  StrataMirror  StrataMirror-rfe  StrataMirror-task  StrataMpls  StrataMpls-rfe  StrataMpls-task  StrataMultiAgentTest  StrataMultiAgentTest-rfe  StrataMultiAgentTest-task  StrataParity  StrataParity-rfe  StrataParity-task  StrataPbr  StrataPbr-rfe  StrataPbr-task  StrataPhy  StrataPhy-rfe  StrataPhy-task  StrataQos  StrataQos-rfe  StrataQos-task  StrataSdkCommon  StrataSdkCommon-rfe  StrataSdkCommon-task  StrataSdkShim  StrataSdkShim-rfe  StrataSdkShim-task  StrataSso  StrataSso-rfe  StrataSso-task  StrataT2PlusTest  StrataT2PlusTest-rfe  StrataT2PlusTest-task  StrataT2Test  StrataT2Test-rfe  StrataT2Test-task  StrataTcam  StrataTcam-rfe  StrataTcam-task  StrataTest  StrataTest-rfe  StrataTest-task  StrataV2  StrataV2-rfe  StrataV2-task  StrataVlanTopo  StrataVlanTopo-rfe  StrataVlanTopo-task  StrataVxlan  StrataVxlan-rfe  StrataVxlan-task  StrataXgsApi  StrataXgsApi-rfe  StrataXgsApi-task  StrataXgsApiV2  StrataXgsApiV2-rfe  StrataXgsApiV2-task  Stratix  Stratix-rfe  Stratix-task  strongswan  strongswan-rfe  strongswan-task  stuttermeter  stuttermeter-rfe  stuttermeter-task  SubIntf  subintf-task  sudo  sudo-rfe  sudo-task  sudorca  sudorca-rfe  sudorca-service  sudorca-service-rfe  sudorca-service-task  sudorca-task  Sumitomo (FY)  SuperServer  SuperServer-rfe  SuperServer-task  SupportedHardware  SupportedHardware-rfe  SupportedHardware-task  sw-infra  SwiftLib  SwiftLib-rfe  SwiftLib-task  swig  swig-rfe  swig-task  Switchboard  Switchboard-rfe  Switchboard-task  SwitchTest  SwitchTest-rfe  SwitchTest-task  SwLab  SwLab-logre  SwLab-rfe  Sysdb  Sysdb-rfe  Sysdb-task  SysdbAgent  SysdbAgent-rfe  SysdbAgent-task  SysdbProfileCheck  SysdbProfileCheck-rfe  SysdbProfileCheck-task  SysdbTest  SysdbTest-rfe  SysdbTest-task  syslog-proxy  syslog-proxy-rfe  syslog-proxy-task  SysMgr  SysMgr-rfe  SysMgr-task  SysMgrSnmp  SysMgrSnmp-rfe  SysMgrSnmp-task  SysMgrTest  SysMgrTest-rfe  SysMgrTest-task  systemd  systemd-rfe  systemd-task  systest-poc lab  sysvinit  sysvinit-rfe  sysvinit-task  Tacacs  Tacacs-rfe  Tacacs-task  tacacs+  tacacs+-rfe  tacacs+-task  tacc  tacc-pygment  tacc-pygment-rfe  tacc-pygment-task  tacc-rfe  tacc-task  TaccAttic  TaccAttic-rfe  TaccAttic-task  TaccComputeMan  TaccComputeMan-rfe  TaccComputeMan-task  TaccComputeManImpl  TaccComputeManImpl-rfe  TaccComputeManImpl-task  TaccComputeManTest  TaccComputeManTest-rfe  TaccComputeManTest-task  TaccDistributedTest  TaccDistributedTest-rfe  TaccDistributedTest-task  TaccDocs  TaccDocs-rfe  TaccDocs-task  TaccExamples  TaccExamples-rfe  TaccExamples-task  TaccExperimental  TaccExperimental-rfe  TaccExperimental-task  TaccGraphTest  TaccInternalDocs  TaccInternalDocs-rfe  TaccInternalDocs-task  TaccInteropTest  TaccInteropTest-rfe  TaccInteropTest-task  TaccJni  TaccJni-rfe  TaccJni-task  TaccJniTest  TaccMap  TaccMap-rfe  TaccMap-task  TaccMapSrv  TaccMapSrv-rfe  TaccMapSrv-task  TaccMarketAnalyticsTest  TaccNetworkTest  TaccNetworkTest-rfe  TaccNetworkTest-task  TaccOde  TaccOde-rfe  TaccOde-task  TaccPerfFwk-task  TaccPerfTools  TaccPerfTools-rfe  TaccPerfTools-task  TaccPyUtils  TaccPyUtils-rfe  TaccPyUtils-task  TaccServiceMan  TaccServiceMan-rfe  TaccServiceMan-task  TaccServiceManTest  TaccServiceManTest-rfe  TaccServiceManTest-task  TacGo  TacGo-rfe  TacGo-task  TacGoTest  TacGoTest-rfe  TacGoTest-task  TacMarco  TacMarco-rfe  TacMarco-task  TacNav  TacNav-rfe  TacNav-task  taco  taco-rfe  taco-task  tacoTest  tacoTest-rfe  tacoTest-task  TacPulse  TacPulse-rfe  TacPulse-task  TacSmash  TacSmash-rfe  TacSmash-task  TacStash  TacStash-rfe  TacStash-task  tacXref  Tamarack  Tamarack-rfe  TapAggGui  TapAggGui-rfe  TapAggGui-task  TapAggTest  TapAggTest-rfe  TapAggTest-task  TargetExpr  TargetExpr-rfe  TargetExpr-task  TargetExpression  TargetExpression-rfe  TargetExpression-task  Taro  Taro-rfe  Taro-task  TaskScheduler  TaskScheduler-rfe  TaskScheduler-task  tcollector  tcollector-rfe  tcollector-task  tcollectorAgent  tcollectorAgent-rfe  tcollectorAgent-task  tcp_wrappers  tcp_wrappers-rfe  tcp_wrappers-task  tcpdump  tcpdump-rfe  tcpdump-task  tcptrace  tcptrace-rfe  tcptrace-task  Te  Te-rfe  te-task  TeCli  TeCli-rfe  TeCli-task  telnet  telnet-rfe  telnet-task  TemplatePkg  TemplatePkg-rfe  TemplatePkg-task  TempSensor-diags  Tenjin  Tenjin-rfe  Tenjin-task  Teranetics  Teranetics-rfe  TerminAttr  TerminAttr-rfe  TerminAttr-task  test  test-rfe  test-task  Test1234567  Test12345678  Test123456789  test56  TestCluster  TestCluster-rfe  TestCluster-task  TestDemo  TestDemo-rfe  TestDemo-task  Testpoint  Testpoint-rfe  Testpoint-task  TestProduct  TestResources  TestResources-rfe  TestResources-task  TestSuite  TestSuite-rfe  TestSuite-task  TestSuiteTest  TestSuiteTest-rfe  TestSuiteTest-task  ThermoMgr  ThermoMgr-rfe  ThermoMgr-task  Thermostat  Thermostat-rfe  Thermostat-task  ThreeBrothers-diags  thrift  thrift-rfe  thrift-task  Tiburon  Tiburon-rfe  TimberCove-diags  timeout  timeout-rfe  timeout-task  TimeSync  TimeSync-rfe  TimeSync-task  TiPhy-diags  tmux  tmux-rfe  tmux-task  tofino-model  tofino-model-rfe  tofino-model-task  tofinobm  tofinobm-rfe  tofinobm-task  Toggles  Toggles-rfe  Toggles-task  Tomahawk2Fixed  Tomahawk2Fixed-rfe  Tomahawk2Fixed-task  Tomahawk3Fixed  Tomahawk3Fixed-rfe  Tomahawk3Fixed-task  Tomales  Tomales-rfe  TommyDS  TommyDS-rfe  TommyDS-task  Tools  Topology  Topology-rfe  Topology-task  TopologyManager  TopologyManager-rfe  TopologyManager-task  TopologyTest  TopologyTest-rfe  TopologyTest-task  TPGen  TPGen-rfe  TPGen-task  Tpm  Tpm-rfe  Tpm-task  TPMFU  TPMFU-rfe  TPMFU-task  traceroute  traceroute-rfe  traceroute-task  Tunnel  Tunnel-rfe  Tunnel-task  TunnelIntf  TunnelIntf-rfe  TunnelIntf-task  TunnelIntfTest  TunnelIntfTest-rfe  TunnelIntfTest-task  TunnelSnmp  TunnelSnmp-rfe  TunnelSnmp-task  TunnelTest  TunnelTest-rfe  TunnelTest-task  Tyco (BQ)  uart-verilog  uart-verilog-rfe  uart-verilog-task  Ucd9012  Ucd9012-rfe  Ucd9012-task  ufl  ufl-rfe  ufl-task  Ugly  Ugly-rfe  Ugly-task  Umbrella  Umbrella-rfe  Umbrella-stest  Umbrella-stest-rfe  Umbrella-stest-task  Umbrella-task  urcu  urcu-rfe  urcu-task  uriparser  uriparser-rfe  uriparser-task  UserCgroup  UserCgroup-rfe  UserCgroup-task  UserDocs-rfe  userspace-rcu  userspace-rcu-rfe  userspace-rcu-task  uthash  uthash-rfe  uthash-task  util-linux  util-linux-rfe  util-linux-task  uwsgi  uwsgi-rfe  uwsgi-task  UwsgiApp  UwsgiApp-rfe  UwsgiApp-task  valgrind  valgrind-rfe  valgrind-task  vEOS  vEOS-rfe  VEos-task  VeosDut  VeosDut-rfe  VeosDut-task  VeosPerfTest  VeosPerfTest-rfe  VeosPerfTest-task  Vernal  Vernal-rfe  Virtual EOS (vEOS)  VirtualCable  VirtualCable-rfe  VirtualCable-task  Vm  Vm-rfe  Vm-task  VmDut  VmDut-rfe  VmDut-task  VmTracer  VmTracer-rfe  VmTracer-task  VmwareNvp  VmwareNvp-rfe  VmwareNvp-task  VmwareTest  VmwareTest-rfe  VmwareTest-task  VmwareVds  VmwareVds-rfe  VmwareVds-task  VmwareVI  VmwareVI-rfe  VmwareVI-task  Vrf  Vrf-rfe  vrf-scale  Vrf-task  VrfLeak  VrfLeak-rfe  VrfLeak-task  Vrm64  Vrm64-rfe  Vrm64-task  VrmIr  VrmIr-rfe  VrmIr-task  Vrrp  Vrrp-rfe  Vrrp-task  vulcan  Vxlan  Vxlan-rfe  Vxlan-task  VxlanAdvAgent  VxlanAdvAgent-rfe  VxlanAdvAgent-task  VxlanController  VxlanController-rfe  VxlanController-task  VxlanControllerTest  VxlanControllerTest-rfe  VxlanControllerTest-task  VxlanRouting-task  VxlanStatus  VxlanStatus-rfe  VxlanStatus-task  VxlanTest  VxlanTest-rfe  VxlanTest-task  waagent  waagent-rfe  waagent-task  Watchdog  Watchdog-rfe  Watchdog-task  WaveSplitter (SM)  Wbem  Wbem-rfe  Wbem-task  Web  Web-rfe  Web-task  wget  wget-rfe  wget-task  Windows  Windows-rfe  Windows-task  Winston  Winston-rfe  Winston-task  wireshark  wireshark-rfe  wireshark-task  Workspace-service  Workspace-service-rfe  Workspace-service-task  WorkspaceDut  WorkspaceDut-rfe  WorkspaceDut-task  workspacePrefetcher  workspacePrefetcher-rfe  workspacePrefetcher-task  World  World-rfe  World-task  wpa_supplicant  wpa_supplicant-rfe  wpa_supplicant-task  WsgiDut  WsgiDut-rfe  WsgiDut-task  Xcvr  Xcvr-diags  Xcvr-rfe  Xcvr-task  XcvrCfp2Dco  XcvrCfp2Dco-rfe  XcvrCfp2Dco-task  XcvrCtrl  XcvrCtrl-rfe  XcvrCtrl-task  XcvrSnmp  XcvrSnmp-rfe  XcvrSnmp-task  XFire  XFire-rfe  XFire-task  XFireTest  XFireTest-rfe  XFireTest-task  xfstests  xfstests-rfe  xfstests-task  Xilinx  Xilinx-rfe  Xilinx-task  xinetd  xinetd-rfe  xinetd-task  Xmpp  Xmpp-rfe  Xmpp-task  xorg-x11-drv-intel  xorg-x11-drv-intel-rfe  xorg-x11-drv-intel-task  xpaccel  xpaccel-rfe  xpaccel-task  XpAccess  XpAccess-rfe  XpAccess-task  XpAcl  XpAcl-rfe  XpAcl-task  XpApi  XpApi-rfe  XpApi-task  XpCentral  XpCentral-rfe  XpCentral-task  XpCounters  XpCounters-rfe  XpCounters-task  xpdma  xpdma-rfe  xpdma-task  XpFlow  XpFlow-rfe  XpFlow-task  XpL2  XpL2-rfe  XpL2-task  XpL3Unicast  XpL3Unicast-rfe  XpL3Unicast-task  XpLanz  XpLanz-rfe  XpLanz-task  XpLib  XpLib-rfe  XpLib-task  xplot  xplot-rfe  xplot-task  XpMact  XpMact-rfe  XpMact-task  XpMcast  XpMcast-rfe  XpMcast-task  XpPbr  XpPbr-task  XpProfile  XpProfile-rfe  XpProfile-task  XpQos  XpQos-rfe  XpQos-task  XpSdk  XpSdk-rfe  XpSdk-task  XpSim  XpSim-rfe  XpSim-task  XpSlice  XpSlice-rfe  XpSlice-task  XpTest  XpTest-rfe  XpTest-task  XpVxlan  XpVxlan-task  Xtacc  Xtacc-rfe  Xtacc-task  Xukg  Xukg-rfe  Xukg-task  XukWeb  XukWeb-rfe  XukWeb-task  xxHash  xxHash-rfe  xxHash-task  yaml-cpp  yaml-cpp-rfe  yaml-cpp-task  Yosemite  Yosemite-diags  Yosemite-rfe  Yosemite-task  Yreka-diags  Zbf  Zbf-rfe  Zbf-task  Zeppelin  Zeppelin-rfe  Zeppelin-task  ZeroTouch  ZeroTouch-rfe  ZeroTouch-task  zfs  zfs-rfe  zfs-task  zlog  zlog-rfe  zlog-task  ztpserver  ztpserver-rfe  ztpserver-task  Zuma  Zuma-hw  Zuma-rfe  Zuma-task0 / 200 Checked' or . = '  Check All   Uncheck All  @Dos  @Dos-rfe  @Dos-task  @DosLib  @DosLib-rfe  @DosLib-task  @Lakeport-diags  @LegacyPackage  ##General##  ##General##-rfe  ##General##-task  ##Internal##  ##Internal##-rfe  11111Test34  12222test  123456789Test  12345Test  1RUdiags  1RUdiags-rfe  1Test  3dm2  3dm2-rfe  3dm2-task  3M (EJ)  A144  a4b  a4b-rfe  a4b-task  a4c  a4c-qfs  a4c-qfs-rfe  a4c-qfs-service  a4c-qfs-service-rfe  a4c-qfs-service-task  a4c-qfs-task  a4c-qfs-test  a4c-qfs-test-rfe  a4c-qfs-test-task  a4c-rfe  a4c-service  a4c-service-rfe  a4c-service-task  a4c-task  A4Web  A4Web-rfe  A4Web-task  A55  Aaa  Aaa-rfe  Aaa-task  AaaTest  AaaTest-rfe  AaaTest-task  AaaTest1  Abalone  Aben  Aben-rfe  Aben-task  Aboard  Aboot  Aboot-rfe  Aboot-task  AbootFirmwareUtils  AbootFirmwareUtils-rfe  AbootFirmwareUtils-task  AbootTest  AbootTest-rfe  AbootTest-task  Abug  Abug-rfe  Abug-task  Abug-testing  AbugApi  AbugApi-rfe  AbugApi-task  Abuild  Abuild-rfe  Abuild-task  AbuildDb  AbuildDb-rfe  AbuildDb-task  AbuildWeb  AbuildWeb-rfe  AbuildWeb-task  abuildworkspace-service  abuildworkspace-service-rfe  abuildworkspace-service-task  Acacia-diags  Acarpool  Acarpool-rfe  Acarpool-task  Acl  Acl-rfe  Acl-task  AclAgent  AclAgent-rfe  AclAgent-task  AclSnmp  AclSnmp-rfe  AclSnmp-task  AclTest  AclTest-rfe  AclTest-task  AclTestLib  AclTestLib-rfe  AclTestLib-task  Across  Across-rfe  Across-task  ActivePerl  ActivePerl-rfe  ActivePerl-task  actor  actor-rfe  actor-task  addronly-nat  addronly-nat-rfe  addronly-nat-task  Adm1066  Adm1066-rfe  Adm1066-task  Adt7462  Adt7462-rfe  Adt7462-task  Adt7483  Adt7483-rfe  Adt7483-task  Aeluros  Aeluros-rfe  aer-uio  aer-uio-rfe  aer-uio-task  Aeris  Aeris-rfe  Aeris-task  AerisTest  AerisTest-rfe  AerisTest-task  Afetch  Afetch-rfe  Afetch-task  Afind  Afind-rfe  Afind-task  Agent  Agent-rfe  Agent-task  AgentLib  AgentLib-rfe  AgentLib-task  AgentLogging  AgentLogging-rfe  AgentLogging-task  AgentMonitor  AgentMonitor-rfe  AgentMonitor-task  AgentSyncResponder  AgentSyncResponder-rfe  AgentSyncResponder-task  AgentVis  AgentVis-rfe  AgentVis-task  Agile  Agile-rfe  AGitTools  AGitTools-rfe  AGitTools-task  Agraphviz  Agraphviz-rfe  Agraphviz-task  ahab  ahab-rfe  ahab-task  Ahire  Ahire-rfe  Ahire-task  Ahost  Ahost-rfe  Ahost-task  AhostImage  AhostImage-rfe  AhostImage-task  Ahwahnee  Ahwahnee-rfe  aid  aid-rfe  aid-task  Aie  Aie-rfe  Aie-task  Alameda  Alameda-rfe  Alameda-task  Ale  Ale-rfe  Ale-task  AleAsu  AleAsu-rfe  AleAsu-task  AleCapacity  AleCapacity-rfe  AleCapacity-task  AleCapacitySnmp  AleCapacitySnmp-rfe  AleCapacitySnmp-task  AleCentral  AleCentral-rfe  AleCentral-task  AleCfm  AleCfm-rfe  AleCfm-task  AleCounters  AleCounters-rfe  AleCounters-task  AleEvpn  AleEvpn-rfe  AleEvpn-task  AleFlow  AleFlow-rfe  AleFlow-task  AleHalo  AleHalo-rfe  AleHalo-task  AleIpsec  AleIpsec-rfe  AleIpsec-task  AleL3  AleL3-rfe  AleL3-task  AleL3Intf  AleL3Intf-rfe  AleL3Intf-task  AleL3Unicast  AleL3Unicast-rfe  AleL3Unicast-task  AleMacSec  AleMacSec-rfe  AleMacSec-task  AleMpls  AleMpls-rfe  AleMpls-task  AleMroute  AleMroute-rfe  AleMroute-task  AleNat  AleNat-rfe  AleNat-task  AlePbr  AlePbr-rfe  AlePbr-task  AlePhy  AlePhy-rfe  AlePhy-task  AleQos  AleQos-rfe  AleQos-task  AleTcam  AleTcam-rfe  AleTcam-task  AleTestLib  AleTestLib-rfe  AleTestLib-task  AleVrrp  AleVrrp-rfe  AleVrrp-task  AleVxlan  AleVxlan-rfe  AleVxlan-task  AlgoMatchUtil  AlgoMatchUtil-rfe  AlgoMatchUtil-task  Aloha  Aloha-rfe  Aloha-task  Alphanet  Alphanet-rfe  Alphanet-task  AltaLanz  AltaLanz-rfe  AltaLanz-task  Altera  Altera-rfe  Altera-task  Amphenol  Amphenol (DY)  Amphenol-rfe  antelope-drv  antelope-drv-rfe  antelope-drv-task  antlr3-5-2  antlr3-5-2-rfe  antlr3-5-2-task  antlr4  antlr4-rfe  antlr4-task  Anvl  Anvl-rfe  Anvl-task  Aom  Aom-diags  Aom-rfe  Aom-task  ApmPhy-diags  ApmX24  ApmX24-rfe  ApmX24-task  AppDmaLib  AppDmaLib-rfe  AppDmaLib-task  Aqemu  Aqemu-rfe  Aqemu-task  Arad  Arad-rfe  Arad-task  AradLanz  AradLanz-rfe  AradLanz-task  AradVxlan  AradVxlan-rfe  AradVxlan-task  Arbazel  Arbazel-rfe  Arbazel-task  ArBgp  ArBgp-rfe  ArBgp-task  ArBgpLu  ArBgpLu-rfe  ArBgpLu-task  ArBgpTest  ArBgpTest-rfe  ArBgpTest-task  ArBot  ArBot-rfe  ArBot-task  Arbugs  Arbugs-rfe  Arbugs-task  Arbus  Arbus-rfe  Arbus-task  ArbusAgent  ArbusAgent-rfe  ArbusAgent-task  Arby  Arby-rfe  Arby-task  Archer  Archer-rfe  Archer-task  ArcherTest  ArcherTest-rfe  ArcherTest-task  Arcov  Arcov-rfe  Arcov-task  ArDb  ArDb-rfe  ArDb-task  ardc  ardc-rfe  ardc-task  ArDcApps  ArDcApps-rfe  ArDcApps-task  ArDjango  ArDjango-rfe  ArDjango-task  Ardoc  Ardoc-rfe  Ardoc-task  Arecruit  Arecruit-rfe  Arecruit-task  Aresolve  Aresolve-rfe  Aresolve-task  Areview  Areview-rfe  Areview-task  ArGcov  ArGcov-rfe  ArGcov-task  ArGcovTest  ArGcovTest-rfe  ArGcovTest-task  ArGo  ArGo-rfe  ArGo-task  ArGoogleApps  ArGoogleApps-rfe  ArGoogleApps-task  Argotest  Argotest-rfe  Argotest-task  arista-bde  arista-bde-rfe  arista-bde-task  AristaAppForSplunk  AristaAppForSplunk-rfe  AristaAppForSplunk-task  AristaAppForSplunkNew  AristaAppForSplunkNew-rfe  AristaAppForSplunkNew-task  Arjob  Arjob-rfe  Arjob-task  ArjobDb  ArjobDb-rfe  ArjobDb-task  Ark  Ark-rfe  Ark-task  ArkCli  ArkCli-rfe  ArkCli-task  arm-tools  arm-tools-rfe  arm-tools-task  ArMake  ArMake-rfe  ArMake-task  ArMakeTest  ArMakeTest-rfe  ArMakeTest-task  ArMon  ArMon-rfe  ArMon-task  Arnet  Arnet-rfe  Arnet-task  ArNinja  ArNinja-rfe  ArNinja-task  Aroma  Aroma-rfe  Aroma-task  Arora  Arora-rfe  Arora-syslinux  Arora-syslinux-rfe  Arora-syslinux-task  Arora-task  AroraBugAlert  AroraBugAlert-rfe  AroraBugAlert-task  AroraConfig  AroraConfig-rfe  AroraConfig-task  AroraDevel  AroraDevel-rfe  AroraDevel-task  AroraExternal  AroraExternal-rfe  AroraExternal-task  AroraIcinga  AroraIcinga-rfe  AroraIcinga-task  AroraImage  AroraImage-rfe  AroraImage-task  AroraKernel  AroraKernel-rfe  AroraKernel-task  AroraUtils  AroraUtils-rfe  AroraUtils-task  AroraWeb  AroraWeb-rfe  AroraWeb-task  ArosBase  ArosBase-rfe  ArosBase-task  ArosTest  ArosTest-rfe  ArosTest-task  Arp  Arp-rfe  Arp-task  ArP4  ArP4-rfe  ArP4-task  ArpInspection  ArpInspection-rfe  ArPrep  ArPrep-rfe  ArPrep-task  ArpRoute  ArpRoute-rfe  ArpRoute-task  ArpSuppression  ArpSuppression-rfe  ArpSuppression-task  ArPygments  ArPygments-rfe  ArPygments-task  ArPyUtils  ArPyUtils-rfe  ArPyUtils-task  ArQa  ArQa-rfe  ArQa-task  Arrakis  Arrakis-rfe  ArRip  ArRip-rfe  ArRip-task  Arrow  Arrow-rfe  Arrow-task  ArrowAqlc  ArrowAqlc-rfe  ArrowAqlc-task  ArrowTacTest  ArrowTacTest-rfe  ArrowTacTest-task  ArrowTest  ArrowTest-rfe  ArrowTest-task  Arscale  Arscale-rfe  Arscale-task  Arsched  Arsched-rfe  Arsched-task  ArschedClient  ArschedClient-rfe  ArschedClient-task  Arsim  Arsim-rfe  Arsim-task  Arspark  Arspark-rfe  Arspark-task  Arsphinx  Arsphinx-rfe  Arsphinx-task  ArSwift  ArSwift-rfe  ArSwift-task  Arsys  Arsys-rfe  Arsys-task  ArsysTest  ArsysTest-rfe  ArsysTest-task  Artacc  Artacc-rfe  Artacc-task  Artest  Artest-rfe  Artest-task  ArtestTest  ArtestTest-rfe  ArtestTest-task  Artflow  Artflow-rfe  Artflow-task  Arthost  Arthost-rfe  Arthost-task  ArthostLib  ArthostLib-rfe  ArthostLib-task  Artist  Artist-rfe  Artist-task  ArToggles  ArToggles-rfe  ArToggles-task  ArTogglesCli  ArTogglesCli-rfe  ArTogglesCli-task  ArTogglesTest  ArTogglesTest-rfe  ArTogglesTest-task  Artools  Artools-rfe  Artools-task  ArtoolsDummy  ArtoolsSerialTest  ArtoolsSerialTest-rfe  ArtoolsSerialTest-task  Artournament  Artournament-rfe  Artournament-task  ArTrace  ArTrace-rfe  ArTrace-task  Arventory  Arventory-rfe  Arventory-task  AsicPktTestLib  AsicPktTestLib-rfe  AsicPktTestLib-task  AsicUtils  AsicUtils-rfe  AsicUtils-task  AsicUtils,Strata  AsicUtils,Strata-rfe  AsicUtils,Strata-task  Astec  Astec-rfe  Astec-task  ASU  Asu-rfe  Asu-task  AsuAgent  AsuAgent-rfe  AsuAgent-task  AsuCli  AsuCli-rfe  AsuCli-task  AsuFastPktRestore  AsuFastPktRestore-rfe  AsuFastPktRestore-task  AsuPatch  AsuPatch-rfe  AsuPatch-task  AsuTest  AsuTest-rfe  AsuTest-task  Atcollector  Atcollector-rfe  Atcollector-task  AtFork  AtFork-rfe  AtFork-task  Atime  Atime-rfe  Atime-task  aufs2-util  aufs2-util-rfe  aufs2-util-task  AutoAbug  automake  automake-rfe  automake-task  autopep8  autopep8-rfe  autopep8-task  AutoTest  AutoTest-rfe  AutoTest-service  AutoTest-service-rfe  AutoTest-service-task  AutoTest-task  AutoTestDb  AutoTestDb-rfe  AutoTestDb-task  AutoTriage  AutoTriage-rfe  AutoTriage-task  Avago  Avago (MD)  Avago-rfe  Avago-task  AvagoPhy-diags  Avb  Avb-rfe  Avb-task  AvbDut  AvbDut-rfe  AvbDut-task  AwebLib  AwebLib-rfe  AwebLib-task  awslogs  awslogs-rfe  awslogs-task  AwsVeosDutTest  AwsVeosDutTest-rfe  AwsVeosDutTest-task  Babbage  Babbage-rfe  Babbage-task  Backup  Backup-rfe  Backup-task  BaliFabric  BaliFabric-rfe  BaliFabric-task  Bannock  Bannock-rfe  Baremetal  Baremetal-rfe  Baremetal-task  Bartools  Bartools-rfe  Bartools-task  bash  bash-rfe  bash-task  bbcp  bbcp-rfe  bbcp-task  Bcm56300  Bcm56300-rfe  Bcm56300-task  bcmaccel  bcmaccel-rfe  bcmaccel-task  BcmApiTest  BcmApiTest-rfe  BcmApiTest-task  BcmDmaAbort  BcmDmaAbort-rfe  BcmDmaAbort-task  bcmlanz  bcmlanz-rfe  bcmlanz-task  BcmMdio  BcmMdio-rfe  BcmMdio-task  BcmPhy-diags  BcmSdkCommon  BcmSdkCommon-rfe  BcmSdkCommon-task  BcmSim  BcmSim-rfe  BcmSim-task  BeamTools  BeamTools-rfe  BeamTools-task  Bear  Bear-rfe  Beech-diags  Benchmark  Benchmark-rfe  Benchmark-task  BenchmarkDb  BenchmarkDb-rfe  BenchmarkDb-task  BenchmarkHw  BenchmarkHw-rfe  BenchmarkHw-task  Bess  Bess-rfe  Bess-task  bf-diags  bf-diags-rfe  bf-diags-task  bf-drivers  bf-drivers-rfe  bf-drivers-task  bf-syslibs  bf-syslibs-rfe  bf-syslibs-task  bf-utils  bf-utils-rfe  bf-utils-task  Bfd  Bfd-rfe  Bfd-task  bfdma  bfdma-rfe  bfdma-task  BfdTest  BfdTest-rfe  BfdTest-task  BfnAgentLib  BfnAgentLib-rfe  BfnAgentLib-task  BfnCentral  BfnCentral-rfe  BfnCentral-task  BfnCounters  BfnCounters-rfe  BfnCounters-task  BfnDiags  BfnDiags-rfe  BfnDiags-task  BfnFixed  BfnFixed-rfe  BfnFixed-task  BfnFlow  BfnFlow-rfe  BfnFlow-task  BfnHalo  BfnHalo-rfe  BfnHalo-task  BfnL2  BfnL2-rfe  BfnL2-task  BfnL3  BfnL3-rfe  BfnL3-task  BfnLag  BfnLag-rfe  BfnLag-task  BfnLib  BfnLib-rfe  BfnLib-task  BfnMbb  BfnMbb-rfe  BfnMbb-task  BfnMbbSlice  BfnMbbSlice-rfe  BfnMbbSlice-task  BfnMcast  BfnMcast-rfe  BfnMcast-task  BfnMirroring  BfnMirroring-rfe  BfnMirroring-task  BfnNat  BfnNat-rfe  BfnNat-task  BfnPhy  BfnPhy-rfe  BfnPhy-task  BfnQos  BfnQos-rfe  BfnQos-task  BfnSdk  BfnSdk-rfe  BfnSdk-task  BfnSharedState  BfnSharedState-rfe  BfnSharedState-task  BfnSliceAgent  BfnSliceAgent-rfe  BfnSliceAgent-task  BfnTunnel  BfnTunnel-rfe  BfnTunnel-task  BfnVlan  BfnVlan-rfe  BfnVlan-task  BfnXformMgr  BfnXformMgr-rfe  BfnXformMgr-task  Bgp  Bgp-rfe  Bgp-task  BgpCommon  BgpCommon-rfe  BgpCommon-task  BgpCore  BgpData  BgpData-rfe  BgpData-task  BgpFeatureTracker  BgpFeatureTracker-rfe  BgpFeatureTracker-task  BgpFlowspec  BgpFlowspec-rfe  BgpFlowspec-task  BgpSnmp  BgpSnmp-rfe  BgpSnmp-task  BgpSnmpTest  BgpSnmpTest-rfe  BgpSnmpTest-task  BgpVpnCommon  BgpVpnCommon-rfe  BgpVpnCommon-task  bigcode  bigcode-rfe  bigcode-task  Birch-diags  BlackBox  BlackBox-rfe  BlackBox-task  BlrInfra-task  Bmp  Bmp-rfe  Bmp-task  BmpDut  BmpDut-rfe  BmpDut-task  BmpTest  BmpTest-rfe  BmpTest-task  Bodega  Bodega-diags  Bodega-rfe  Bodega-task  BodegaChassis  BodegaChassis-rfe  boost  boost-rfe  boost-task  Brad  Brad-rfe  Brad-task  Breadman  Bridalveil  Bridalveil-rfe  BridgeBridge  BridgeBridge-rfe  BridgeBridge-task  BridgeTest  BridgeTest-rfe  BridgeTest-task  BroadcomSdk  BroadcomSdk-rfe  BroadcomSdk-task  BroadSync-diags  btrfs-progs  btrfs-progs-rfe  btrfs-progs-task  Buck  Buck-rfe  BugAlert  BugAlert-rfe  BugAlert-task  BugAlertTools  BugAlertTools-rfe  BugAlertTools-task  BugBoard  BugBoard-rfe  BugBoard-task  BugBot  BugBot-rfe  BugBot-task  BugsDatabase  BugsDatabase-rfe  BugsDatabase-task  BugsUI  BugsUITest  bugzilla  bugzilla-rfe  bugzilla-task  BugZTesting  Buildcache  Buildcache-rfe  Buildcache-task  Cables  Cables-rfe  Calistoga  Calistoga-rfe  Calpella  Canary  Canary-rfe  Canary-task  Capi  Capi-rfe  Capi-task  CapiTest  CapiTest-rfe  CapiTest-task  CaravanTelemetry  CaravanTelemetry-rfe  CaravanTelemetry-task  Caspar-diags  Cathedral  Cathedral-diags  Cathedral-rfe  Cazadero-diags  ccache  ccache-rfe  ccache-task  Cdp  Cdp-rfe  Cdp-task  CEos  CEos-rfe  CEos-task  CEosDut  CEosDut-rfe  CEosDut-task  CEosHelper  CEosHelper-rfe  CEosHelper-task  CEosImage  CEosImage-rfe  CEosImage-task  CEosInstaller  CEosInstaller-rfe  CEosInstaller-task  CEosNeo  CEosNeo-rfe  CEosNeo-task  CEosOnieInstaller  CEosOnieInstaller-rfe  CEosOnieInstaller-task  CEosOnieUtils  CEosOnieUtils-rfe  CEosOnieUtils-task  CEosTest  CEosTest-rfe  CEosTest-task  CEosUtils  CEosUtils-rfe  CEosUtils-task  ceph  ceph-rfe  ceph-task  CFM  CFM-rfe  Cfm-task  CfmAgent  CfmAgent-rfe  CfmAgent-task  CfmBase  CfmBase-rfe  CfmBase-task  CfmDut  CfmDut-rfe  CfmDut-task  CfmTest  CfmTest-rfe  CfmTest-task  cgroups  cgroups-rfe  cgroups-task  check  check-mibs  check-mibs-rfe  check-mibs-task  check-rfe  check-task  Chl822X  Chl822X-rfe  Chl822X-task  Cinch (LG)  cJSON  cJSON-rfe  cJSON-task  Clacton  Clacton-rfe  Clacton-task  ClariPhy  Clariphy-diags  ClariPhy-rfe  ClariPhy-task  ClassGraph  ClassGraph-rfe  ClassGraph-task  Clearlake-diags  Cli  Cli-rfe  Cli-task  Click  Click-rfe  Click-task  Climber  Climber-rfe  CliMode  CliMode-rfe  CliMode-task  CliParser  CliParser-rfe  CliParser-task  CliRelay  CliRelay-rfe  CliRelay-task  CliSchedulerMgr  CliSchedulerMgr-rfe  CliSchedulerMgr-task  CliSession  CliSession-rfe  CliSession-task  CliTest  CliTest-rfe  CliTest-task  CliTestClient  CliTestClient-rfe  CliTestClient-task  CliTracker  CliTracker-rfe  CliTracker-task  CliX  CliX-rfe  CliX-task  Clock-diags  CloudHa  CloudHa-rfe  CloudHa-task  CloudsRest-diags  CloudVirtualEnv  CloudVirtualEnv-rfe  CloudVirtualEnv-task  CloudVision-UserDoc  Cloverdale-diags  ClusterMgmt  ClusterMgmt-rfe  ClusterMgmt-task  ClusterMgmtTest  ClusterMgmtTest-rfe  ClusterMgmtTest-task  CMake  CMake-rfe  CMake-task  Codenomicon  Codenomicon-rfe  Codenomicon-task  CohabDut  CohabDut-rfe  CohabDut-task  ColdWatt  ColdWatt-rfe  ColdWatt-task  ColdWattHw  ColdWattHw-rfe  ColorChip (VL)  CommonCriteria  CommonCriteria-rfe  CommonCriteria-task  compat-antlr3  compat-antlr3-rfe  compat-antlr3-task  compat-gsoap  compat-gsoap-rfe  compat-gsoap-task  CompExplorer  CompExplorer-rfe  CompExplorer-task  ConditionalRoute  ConditionalRoute-rfe  ConditionalRoute-task  ConfigAgent  ConfigAgent-rfe  ConfigAgent-task  ConfigSession  ConfigSession-rfe  ConfigSession-task  ConnectedRoute  ConnectedRoute-rfe  ConnectedRoute-task  ConnectivityMonitor  ConnectivityMonitor-rfe  ConnectivityMonitor-task  ConnMgr  ConnMgr-rfe  ConnMgr-task  conserver  conserver-rfe  conserver-task  ContainerMgr  ContainerMgr-rfe  ContainerMgr-task  Controller  Controller-rfe  Controller-task  ControllerApp1  ControllerApp1-rfe  ControllerApp1-task  ControllerClient  ControllerClient-rfe  ControllerClient-task  ControllerCommon  ControllerCommon-rfe  ControllerCommon-task  Controllerdb  Controllerdb-rfe  Controllerdb-task  ControllerDebug  ControllerDebug-rfe  ControllerDebug-task  ControllerDut  ControllerDut-rfe  ControllerDut-task  ControllerProxyAgent  ControllerProxyAgent-rfe  ControllerProxyAgent-task  ControllerRegistration  ControllerRegistration-rfe  ControllerRegistration-task  ControllerTest  ControllerTest-rfe  ControllerTest-task  coreutils  coreutils-rfe  coreutils-task  Corrino  Corrino-rfe  Cotati-diags  cov-analysis  cov-analysis-rfe  cov-analysis-task  cov-platform  cov-platform-rfe  cov-platform-task  Coverage  Coverage-rfe  Coverage-task  CoverageGUI  CoverageGUI-rfe  CoverageGUI-task  Covsched  Covsched-rfe  Covsched-task  Coyote  Coyote-rfe  Cpld  Cpld-rfe  Cpld-task  CpssApi  CpssApi-rfe  CpssApi-task  CpuComplex  CpuComplex-rfe  CpuComplex-task  CpuFabric  CpuFabric-rfe  CpuFabric-task  CpuFabricCommon  CpuFabricCommon-rfe  CpuFabricCommon-task  CpuFabricTest  CpuFabricTest-rfe  CpuFabricTest-task  CpuLib-diags  cpuport  cpuport-rfe  cpuport-task  createrepo  createrepo-rfe  createrepo-task  CRM system  CRM system-rfe  crosstool-ng  crosstool-ng-rfe  crosstool-ng-task  Crt  Crt-rfe  Crt-task  cscope  cscope-rfe  cscope-task  Cspf  Cspf-rfe  Cspf-task  CStructGen  CStructGen-rfe  CStructGen-task  CtypeGen  CtypeGen-rfe  CtypeGen-task  curl  curl-rfe  curl-task  CVA  CVA-rfe  CVA-task  CvaDut  CvaDut-rfe  CvaDut-task  CvaTest  CvaTest-rfe  CvaTest-task  CVP  CVP-rfe  CVP-task  CvpDut  CvpDut-rfe  CvpDut-task  CVPI  CVPI-rfe  CVPI-task  CvpTest  CvpTest-rfe  CvpTest-task  CvxDemoServiceAgent  CvxDemoServiceAgent-rfe  CvxDemoServiceAgent-task  CvxDemoSwitchAgent  CvxDemoSwitchAgent-rfe  CvxDemoSwitchAgent-task  DaemonCli  DaemonCli-rfe  DaemonCli-task  DartGen  DartGen-rfe  DartGen-task  Dash  Dash-rfe  Dash-task  Dashboard-rfe  dbal  dbal-rfe  dbal-task  Dcb  Dcb-rfe  Dcb-task  Debug  Debug-rfe  Debug-task  Deckhand  Deckhand-rfe  Deckhand-task  Delta  Delta-rfe  Delta-task  DeltaHw  DeltaHw-rfe  DeltaPower  DeltaPower-rfe  DeltaPower-task  Demo  Demo_pkg  Demo_pkg-rfe  Demo_pkg-task  Demo_t  Demo_t-rfe  Demo_t-task  demo-orca-program  demo-orca-program-rfe  demo-orca-program-task  demo-orca-service  demo-orca-service-rfe  demo-orca-service-task  Demo-rfe  Demo-task  Demo1  Demo1-rfe  Demo1-task  DemoAgent  DemoAgent-rfe  DemoAgent-task  Denali  Denali-rfe  Denali-task  DenaliSnmp  DenaliSnmp-rfe  DenaliSnmp-task  Dfa  Dfa-rfe  Dfa-task  Dhclient  Dhclient-rfe  Dhclient-task  dhcp  dhcp-forwarder  dhcp-forwarder-rfe  dhcp-forwarder-task  dhcp-rfe  dhcp-task  DhcpClient  DhcpClient-rfe  DhcpClient-task  DhcpRelay  DhcpRelay-rfe  DhcpRelay-task  DhcpRelayTest  DhcpRelayTest-rfe  DhcpRelayTest-task  DhcpServer  DhcpServer-rfe  DhcpServer-task  DhcpSnooping  DiagEngine  DiagEngine-rfe  DiagEngine-task  Diags  Diags-rfe  Diags-task  DiagsImage  DiagsImage-rfe  DiagsImage-task  DiagsTools  DiagsTools-rfe  DiagsTools-task  DirectFlow  DirectFlow-rfe  DirectFlow-task  DirectFlowTest  DirectFlowTest-rfe  DirectFlowTest-task  DiskImager  DiskImager-rfe  DiskImager-task  disknanny  disknanny-rfe  disknanny-service  disknanny-service-rfe  disknanny-service-task  disknanny-task  Display  Display-rfe  Display-task  Dist  Dist-rfe  Dist-task  distcc  distcc-rfe  distcc-task  DITA Guidelines  django-hosts  django-hosts-rfe  django-hosts-task  djdump  djdump-rfe  djdump-task  dmamem  dmamem-rfe  dmamem-task  dnsmasq  dnsmasq-rfe  dnsmasq-task  docker  docker-rfe  docker-task  dockertest  dockertest-rfe  dockertest-task  Doran-diags  Dos  Dos-rfe  Dos-task  DosAlta  DosAlta-rfe  DosAlta-task  DosBarefoot  DosBarefoot-rfe  DosBarefoot-task  DosBroadcom  DosBroadcom-rfe  DosBroadcom-task  DosCtypes  DosCtypes-rfe  DosCtypes-task  DosDocumentation  DosDocumentation-rfe  DosDocumentation-task  DosFocalPoint  DosFocalPoint-rfe  DosFocalPoint-task  DosInfra  DosInfra-diags  DosInfra-rfe  DosInfra-task  DosSand  DosSand-rfe  DosSand-task  DosStrata  DosStrata-rfe  DosStrata-task  DosSystem  DosSystem-diags  DosSystem-rfe  DosSystem-task  DosSystemBase  DosSystemBase-rfe  DosSystemBase-task  DosUmbrella  DosUmbrella-rfe  DosUmbrella-task  DosXp  DosXp-rfe  DosXp-task  Dot1ag  Dot1ag-rfe  Dot1ag-task  Dot1x  Dot1x-rfe  Dot1x-task  Dpdk  Dpdk-rfe  Dpdk-task  Dpll  Dpll-rfe  Dpll-task  DropWatch  DropWatch-rfe  DropWatch-task  Ds125Br  Ds125Br-rfe  Ds125Br-task  Ds280  Ds280-rfe  Ds280-task  Dscp  Dscp-rfe  Dscp-task  DscpTest  DscpTest-rfe  DscpTest-task  DspUtils  DspUtils-rfe  DspUtils-task  dumb-init  dumb-init-rfe  dumb-init-task  DummyACL  DummyACL-rfe  DummyACL-task  dummyaclagent  dummyaclagent-rfe  dummyaclagent-task  Dune  Dune-rfe  dwz  dwz-rfe  dwz-task  DynamicRoutes  DynamicRoutes-rfe  DynamicRoutes-task  DynamicRouting  DynamicRouting-rfe  DynamicServiceInsertion  DynamicServiceInsertion-rfe  DynamicServiceInsertion-task  dynamips  dynamips-rfe  dynamips-task  EaglePeak-diags  Eapi  Eapi-rfe  Eapi-task  Ebra  Ebra-rfe  Ebra-task  EbraOCTests  EbraOCTests-rfe  EbraOCTests-task  EbraSnmp  EbraSnmp-rfe  EbraSnmp-task  EcbAgent  EcbAgent-rfe  EcbAgent-task  edtest  edtest-rfe  edtest-task  EDVT-Automation-Tools  Eeyore  Eeyore-rfe  Eeyore-task  eke  eke-rfe  eke-task  ElCapitan-diags  ElCorazon-diags  emacs  emacs-rfe  emacs-task  Emcore (JB)  EmersonHw  EmersonHw-rfe  EmersonPower  EmersonPower-rfe  EmersonPower-task  EngTeam  EngTeam-rfe  EngTeam-task  Enigma  Enigma-rfe  Enigma-task  EnigmaApi  EnigmaApi-rfe  EnigmaApi-task  EntityMib  EntityMib-rfe  EntityMib-task  Environment  Environment-rfe  Environment-task  EnvSnmp  EnvSnmp-rfe  EnvSnmp-task  Eoam  Eoam-rfe  Eoam-task  Eos  Eos-initscripts  Eos-initscripts-rfe  Eos-initscripts-task  Eos-logos  Eos-logos-rfe  Eos-logos-task  Eos-release  Eos-release-rfe  Eos-release-task  Eos-rfe  Eos-task  Eos-udev  Eos-udev-rfe  Eos-udev-task  EOS-UserDoc  EosAbootFirmwareUtils  EosAbootFirmwareUtils-rfe  EosAbootFirmwareUtils-task  EosDoc  EosDoc-rfe  EosDoc-task  EosExtras  EosExtras-rfe  EosExtras-task  EosImage  EosImage-rfe  EosImage-task  EosImage2GB  EosImage2GB-rfe  EosImage2GB-task  EosImageREV01HW  EosImageREV01HW-rfe  EosImageREV01HW-task  EosInit  EosInit-rfe  EosInit-task  EosKernel  EosKernel-rfe  EosKernel-task  EosKernelTest  EosKernelTest-rfe  EosKernelTest-task  EosLiteDut  EosLiteDut-rfe  EosLiteDut-task  EosSdk  EosSdk-rfe  EosSdk-task  EosSdkApps  EosSdkApps-rfe  EosSdkApps-task  EosTortureTest  EosTortureTest-rfe  EosTortureTest-task  EosUtils  EosUtils-rfe  EosUtils-task  EosVersion  EosVersion-rfe  EosVersion-task  Epil2Api  Epil2Api-rfe  Epil2Api-task  EpilApi  EpilApi-rfe  EpilApi-task  Epoch  Epoch-rfe  Epoch-task  EpqDmaLib  EpqDmaLib-rfe  EpqDmaLib-task  Eql  Eql-rfe  Eql-task  Espresso  Espresso-rfe  Espresso-task  EtbaDut  EtbaDut-rfe  EtbaDut-task  Ether  EthIntf  EthIntf-rfe  EthIntf-task  EthIntfSnmp  EthIntfSnmp-rfe  EthIntfSnmp-task  Eureka-diags  EventHistory  EventHistory-rfe  EventHistory-task  EventHistoryCli  EventHistoryCli-rfe  EventHistoryCli-task  EventMgr  EventMgr-rfe  EventMgr-task  EventMgrEnvironment  EventMgrEnvironment-rfe  EventMgrEnvironment-task  EventMgrSystem  EventMgrSystem-rfe  EventMgrSystem-task  EventMon  EventMon-rfe  EventMon-task  EventMonTest  EventMonTest-rfe  EventMonTest-task  Evora  Evora-rfe  Evora-task  EvoraApi  EvoraApi-rfe  EvoraApi-task  EvoRack  EvoRack-rfe  EvoRack-task  Evpn  Evpn-rfe  Evpn-task  EvpnLib  EvpnLib-rfe  EvpnLib-task  EvpnMplsTest  EvpnMplsTest-rfe  EvpnMplsTest-task  EvpnTest  EvpnTest-rfe  EvpnTest-task  EvpnVxlanTest  EvpnVxlanTest-rfe  EvpnVxlanTest-task  exabgp  exabgp-rfe  exabgp-task  Excelight  Excelight-rfe  exectest  exectest-rfe  exectest-task  Extension  Extension-rfe  Extension-task  ExtensionMgr  ExtensionMgr-rfe  ExtensionMgr-task  ExtEntity  ExtEntity-rfe  ExtEntity-task  External  External-rfe  External-task  ExternalAlarm  ExternalAlarm-rfe  ExternalAlarm-task  f1  f1-rfe  f1-task  fable  fable-rfe  fable-task  FabricIntf  FabricIntf-rfe  FabricIntf-task  Facilities  Facilities-rfe  fal  fal-rfe  fal-task  Fan-diags  Fan/Power  Fan/Power-rfe  FastServerFailover  FastServerFailover-rfe  FastServerFailover-task  FastServerFailoverTest  FastServerFailoverTest-rfe  FastServerFailoverTest-task  FaultInjection  FaultInjection-rfe  FaultInjection-task  FeatureQosMixedTests  FeatureQosMixedTests-rfe  FeatureQosMixedTests-task  FeatureRoutingMixedTests  FeatureRoutingMixedTests-rfe  FeatureRoutingMixedTests-task  Fhrp  Fhrp-rfe  Fhrp-task  FhrpSnmp  FhrpSnmp-rfe  FhrpSnmp-task  FhrpTest  FhrpTest-rfe  FhrpTest-task  FileCli  FileCli-rfe  FileCli-task  FileReplication  FileReplication-rfe  FileReplication-task  FileSystemMount  FileSystemMount-rfe  FileSystemMount-task  FileSystems  FileSystems-rfe  FileSystems-task  Finisar  Finisar (TH)  Finisar-rfe  fipscheck  fipscheck-rfe  fipscheck-task  Firewall  Firewall-rfe  Firewall-task  FirewallTest  FirewallTest-rfe  FirewallTest-task  firmware  firmware-rfe  firmware-task  FlameGraph  FlameGraph-rfe  FlameGraph-task  FlexCounters  FlexCounters-rfe  FlexCounters-task  FlexCountersTest  FlexCountersTest-rfe  FlexCountersTest-task  FmApi  FmApi-rfe  FmApi-task  Fne  Fne-rfe  Fne-task  FneTest  FneTest-rfe  FneTest-task  FocalPoint  focalpoint-plx  focalpoint-plx-rfe  focalpoint-plx-task  FocalPoint-rfe  FocalPoint-task  FocalPointV2  FocalPointV2-rfe  FocalPointV2-task  FocalPointV2Test  FocalPointV2Test-rfe  FocalPointV2Test-task  Forestville-diags  ForwardingAgentQosTestMixedTests  ForwardingAgentQosTestMixedTests-rfe  ForwardingAgentQosTestMixedTests-task  ForwardingAgentVxlanTestMixedTests  ForwardingAgentVxlanTestMixedTests-rfe  ForwardingAgentVxlanTestMixedTests-task  ForwardingMonitor  ForwardingMonitor-rfe  ForwardingMonitor-task  Fossil  Fossil-rfe  Fossil-task  fpdma  fpdma-rfe  fpdma-task  Fpga  Fpga-rfe  Fpga-task  FpgaHealthMonitor  FpgaHealthMonitor-rfe  FpgaHealthMonitor-task  FPLanz  FPLanz-rfe  FPLanz-task  freeradius-client  freeradius-client-rfe  freeradius-client-task  Fru  Fru-rfe  Fru-task  FruSnmp  FruSnmp-rfe  FruSnmp-task  Fulcrum  Fulcrum-rfe  FuriaApi  FuriaApi-rfe  FuriaApi-task  FuseAgent  FuseAgent-rfe  FuseAgent-task  Fvm  Fvm-rfe  Fvm-task  gated  gated-rfe  gated-task  GatedBgp  GatedBgp-rfe  GatedBgp-task  GatedRouteMap  GatedRouteMap-rfe  GatedRouteMap-task  GatedSnmp  GatedSnmp-rfe  GatedSnmp-task  GatedTe  GatedTe-rfe  GatedTe-task  GatedTest  GatedTest-rfe  GatedTest-task  gbenchmark  gbenchmark-rfe  gbenchmark-task  GbEPROM  GbEPROM-rfe  GbEPROM-task  gcc  gcc-rfe  gcc-task  gdb  gdb-rfe  gdb-task  geiger  geiger-rfe  geiger-task  General-diags  GenericSnmp  GenericSnmp-rfe  GenericSnmp-task  GenSuite  GenSuite-rfe  GenSuite-task  gflags  gflags-rfe  gflags-task  gitar  gitar-rfe  gitar-task  github  github-rfe  github-task  GitPatchMgmt  GitPatchMgmt-rfe  GitPatchMgmt-task  GitPatchReview  GitPatchReview-rfe  GitPatchReview-task  Glacier  Glacier-rfe  Glacier-task  GlenEllen  GlenEllen-rfe  Glenlyon  Glenlyon-rfe  Glenlyon-task  glibc  glibc-rfe  glibc-task  glog  glog-rfe  glog-task  Gmp  Gmp-rfe  Gmp-task  Gn2405  Gn2405-rfe  Gn2405-task  gnmi  gnmi-rfe  gnmi-task  gnoi  gnoi-rfe  gnoi-task  go-mangoes  go-mangoes-rfe  go-mangoes-task  go-mangos  go-mangos-rfe  go-mangos-task  go-nanomsg  go-nanomsg-rfe  go-nanomsg-task  goa4  goa4-rfe  goa4-task  goexternal  goexternal-rfe  goexternal-task  gograb  gograb-rfe  gograb-task  golang  golang-rfe  golang-task  GoldenGate  GoldenGate-rfe  Goodbye  Goodbye-rfe  Goodbye-task  google-api-python-client  google-api-python-client-rfe  google-api-python-client-task  google-perftools  google-perftools-rfe  google-perftools-task  gopacket  gopacket-rfe  gopacket-task  GOpenFlow  GOpenFlow-rfe  GOpenFlow-task  gotestlib  gotestlib-rfe  gotestlib-task  goworkspace  goworkspace-rfe  goworkspace-task  gperftools  gperftools-rfe  gperftools-task  GPIO-diags  Group  Group-rfe  Group-task  grpc  grpc-rfe  grpc-task  grpcio  grpcio-rfe  grpcio-task  gsoap  gsoap-rfe  gsoap-task  gtest  gtest-rfe  gtest-task  Guernville-diags  gut  gut-rfe  gut-task  hadoop-distributions  hadoop-distributions-rfe  hadoop-distributions-task  HadoopTracer  HadoopTracer-rfe  HadoopTracer-task  Halfdome  Halfdome-rfe  Halo  Halo-rfe  Halo-task  HaloFpga  HaloFpga-rfe  HaloFpga-task  HaloUtil  HaloUtil-rfe  HaloUtil-task  Hardware  Hardware-rfe  Hardware-task  HashUtils  HashUtils-rfe  HashUtils-task  Health  Health-rfe  Health-task  HealthMgr  HealthMgr-rfe  HealthMgr-task  Helena  Helena-rfe  Hello  Hello-rfe  Hello-task  HelloAgent  HelloAgent-rfe  HelloAgent-task  help2man  help2man-rfe  help2man-task  HitlessRestartTest  HitlessRestartTest-rfe  HitlessRestartTest-task  HMtestPackage  Hollywod-rfe  Hollywod-task  Hollywood  Hollywood-rfe  Hollywood-task  HostInject  HostInject-rfe  HostInject-task  HostInjectAgent  HostInjectAgent-rfe  HostInjectAgent-task  HostResourcesMib  HostResourcesMib-rfe  HostResourcesMib-task  HostSecurity  HostSecurity-rfe  HostSecurity-task  HostSecurityTest  HostSecurityTest-rfe  HostSecurityTest-task  hrdb  hrdb-rfe  hrdb-task  Hsc  Hsc-rfe  Hsc-task  HscRestApi  HscRestApi-rfe  HscRestApi-task  HttpbinDut  HttpbinDut-rfe  HttpbinDut-task  HttpService  HttpService-rfe  HttpService-task  Hut  Hut-rfe  Hut-task  HW-UserDoc  icinga  icinga-rfe  icinga-task  Idt82p33831  Idt82p33831-rfe  Idt82p33831-task  Idt82v3396  Idt82v3396-rfe  Idt82v3396-task  idutils  idutils-rfe  idutils-task  Igmp  Igmp-rfe  Igmp-task  IgmpHost  IgmpHost-rfe  IgmpHost-task  IgmpHostProxy  IgmpHostProxy-rfe  IgmpHostProxy-task  IgmpProxy  IgmpProxy-rfe  IgmpProxy-task  IgmpSnmp  IgmpSnmp-rfe  IgmpSnmp-task  IgmpSnooping  IgmpSnooping-rfe  IgmpSnooping-task  IgmpSnoopingFeature  IgmpSnoopingFeature-rfe  IgmpSnoopingTest  IgmpSnoopingTest-rfe  IgmpSnoopingTest-task  IgmpTest  IgmpTest-rfe  IgmpTest-task  ImageTest  ImageTest-rfe  ImageTest-task  Influx  Influx-rfe  Influx-task  influxlib  influxlib-rfe  influxlib-task  InnoLight (DP)  Inphi  Inphi-rfe  Inphi-task  InPhy-diags  Intel  Intel-rfe  InternalPortsSnmp  InternalPortsSnmp-rfe  InternalPortsSnmp-task  InteropL1  InteropL1Test  InteropL1Test-rfe  InteropL1Test-task  Intf  Intf-rfe  Intf-task  IntfAdapter  IntfAdapter-rfe  IntfAdapter-task  IntfSnmp  IntfSnmp-rfe  IntfSnmp-task  iomemory-vsl  iomemory-vsl-rfe  iomemory-vsl-task  iozone  iozone-rfe  iozone-task  IpDut  IpDut-rfe  IpDut-task  iperf  iperf-rfe  iperf-task  IpEth  IpEth-rfe  IpEth-task  IpEthTest  IpEthTest-rfe  IpEthTest-task  IpMRouteSnmp  IpMRouteSnmp-rfe  IpMRouteSnmp-task  IpRib  IpRib-rfe  IpRib-task  IpRibDut  IpRibDut-rfe  IpRibDut-task  IpRibLib  IpRibLib-rfe  IpRibLib-task  IpRibMain  IpRibMain-rfe  IpRibMain-task  IpRibTest  IpRibTest-rfe  IpRibTest-task  iproute  iproute-rfe  iproute-task  Ipsec  ipsec_flow_parallelization  ipsec_flow_parallelization-rfe  ipsec_flow_parallelization-task  Ipsec-rfe  Ipsec-task  ipsecflow_parallelization  ipsecflow_parallelization-rfe  ipsecflow_parallelization-task  IpsecTest  IpsecTest-rfe  IpsecTest-task  iptables  iptables-rfe  iptables-task  Ipv6NeighborDiscovery  Ipv6NeighborDiscovery-rfe  Ipv6NeighborDiscovery-task  Ipv6RouterAdvt  Ipv6RouterAdvt-rfe  Ipv6RouterAdvt-task  Ira  Ira-rfe  Ira-task  IraAcl  IraAcl-rfe  IraAcl-task  IraSnmp  IraSnmp-rfe  IraSnmp-task  irqbalance  irqbalance-rfe  irqbalance-task  isatapd  isatapd-rfe  isatapd-task  Isis  Isis-rfe  Isis-task  IsisMultiProtocolTest  IsisMultiProtocolTest-rfe  IsisMultiProtocolTest-task  isl  isl-rfe  isl-task  Isl6812X  Isl6812X-rfe  Isl6812X-task  IT Support  IT Support-rfe  ixHltApi  ixHltApi-rfe  ixHltApi-task  Ixia  Ixia-rfe  Ixia-task  ixNetworkTcl  ixNetworkTcl-rfe  ixNetworkTcl-task  ixTclHal  ixTclHal-rfe  ixTclHal-task  jcc  jcc-rfe  jcc-task  JDSU  JDSU (CW)  JDSU-rfe  jemalloc  jemalloc-rfe  jemalloc-task  Jenner  Jenner-rfe  Jenner-task  Jericho2Fixed  Jericho2Fixed-rfe  Jericho2Fixed-task  JerichoFixed  JerichoFixed-rfe  JerichoFixed-task  JerichoPlusFixed  JerichoPlusFixed-rfe  JerichoPlusFixed-task  Jinja2  Jinja2-rfe  Jinja2-task  JPlusFixed  JPlusFixed-rfe  JPlusFixed-task  jshon  jshon-rfe  jshon-task  json-cfg  json-cfg-rfe  json-cfg-task  jsonrpclib  jsonrpclib-rfe  jsonrpclib-task  Jtag  Jtag-rfe  Jtag-task  Judy  Judy-rfe  Judy-task  jungledisk  jungledisk-rfe  jungledisk-task  Kabini  Kabini-rfe  Kabini-task  kafka  kafka-rfe  kafka-task  kafkacat  kafkacat-rfe  kafkacat-task  kbfd  kbfd-rfe  kbfd-task  Kbp  kbp-driver  kbp-driver-rfe  kbp-driver-task  Kbp-rfe  Kbp-task  KbpSdk  KbpSdk-rfe  KbpSdk-task  KernelDevTools  KernelDevTools-rfe  KernelDevTools-task  KernelFib  KernelFib-rfe  KernelFib-task  KernelFibTest  KernelFibTest-rfe  KernelFibTest-task  KernelMfib  KernelMfib-rfe  KernelMfib-task  KernelNetworkInfo  KernelNetworkInfo-rfe  KernelNetworkInfo-task  KernelVersion  KernelVersion-rfe  KernelVersion-task  kexec-tools  kexec-tools-rfe  kexec-tools-task  klish  klish-rfe  klish-task  kshim  kshim-rfe  kshim-task  kubectl  kubectl-rfe  kubectl-task  kwonly-args  kwonly-args-rfe  kwonly-args-task  L2Rib  L2Rib-rfe  L2Rib-task  L3BfdTest  L3BfdTest-rfe  L3BfdTest-task  L3ProtocolAgentModelCleanup  L3ProtocolAgentModelCleanup-rfe  L3ProtocolAgentModelCleanup-task  L3ProtocolCleanup  L3ProtocolCleanup-rfe  L3ProtocolCleanup-task  L3TestLib  L3TestLib-rfe  L3TestLib-task  L3Vpn  L3Vpn-rfe  L3Vpn-task  Labpatch  Labpatch-rfe  Labpatch-task  Lag  Lag-rfe  Lag-task  LagSnmp  LagSnmp-rfe  LagSnmp-task  LagTest  LagTest-rfe  LagTest-task  Lanz  Lanz-rfe  Lanz-task  lanzcoprocessor  lanzcoprocessor-rfe  lanzcoprocessor-task  LanzTest  LanzTest-rfe  LanzTest-task  Larkfield-diags  LassenPower  LassenPower-rfe  LassenPower-task  lasso  lasso-rfe  lasso-task  Lattice  Lattice-rfe  Lattice-task  Launcher  Launcher-rfe  Launcher-task  LauncherSnmp  LauncherSnmp-rfe  LauncherSnmp-task  Layer1Mgmt  Layer1Mgmt-rfe  Layer1Mgmt-task  Ldp  Ldp-rfe  Ldp-task  LdpSnmp  LdpSnmp-rfe  LdpSnmp-task  LdpTest  LdpTest-rfe  LdpTest-task  Leoni (HC)  lftp  lftp-rfe  lftp-task  libcrafter  libcrafter-rfe  libcrafter-task  libdrm  libdrm-rfe  libdrm-task  libedit  libedit-rfe  libedit-task  libestrar  libestrar-rfe  libestrar-task  libev  libev-rfe  libev-task  libevent  libevent-rfe  libevent-task  libfastjson  libfastjson-rfe  libfastjson-task  libipt  libipt-rfe  libipt-task  liblogging  liblogging-rfe  liblogging-task  liblognorm  liblognorm-rfe  liblognorm-task  libpcap  libpcap-rfe  libpcap-task  librdkafka  librdkafka-rfe  librdkafka-task  librelp  librelp-rfe  librelp-task  libtool  libtool-rfe  libtool-task  libuio  libuio-rfe  libuio-task  libunwind  libunwind-rfe  libunwind-task  libvirt  libvirt-rfe  libvirt-task  License  License-rfe  License-task  LicenseCommon  LicenseCommon-rfe  LicenseCommon-task  LicenseRequestWeb  LicenseRequestWeb-rfe  LicenseRequestWeb-task  LicenseServer  LicenseServer-rfe  LicenseServer-task  LicenseTest  LicenseTest-rfe  LicenseTest-task  lidar  lidar-rfe  lidar-task  LinuxBridge  LinuxBridge-rfe  LinuxBridge-task  lksim  lksim-rfe  lksim-task  Lldp  Lldp-rfe  Lldp-task  LldpTest  LldpTest-rfe  LldpTest-task  llvm  llvm-rfe  llvm-task  Lm73  Lm73-rfe  Lm73-task  Lm95234  Lm95234-rfe  Lm95234-task  LoadBalancer  LoadBalancer-rfe  LoadBalancer-task  LoggedIo  LoggedIo-rfe  LoggedIo-task  LogLake  LogMgr  LogMgr-rfe  LogMgr-task  Logscan-service  Logscan-service-rfe  Logscan-service-task  LoopProtect  LoopProtect-rfe  LoopProtect-task  LpmTrie  LpmTrie-rfe  LpmTrie-task  m2crypto  m2crypto-rfe  m2crypto-task  M8  M8-rfe  MacMon  MacMon-rfe  MacMon-task  MacPhyConc  MacPhyConc-rfe  MacPhyConc-task  Macsec  Macsec-rfe  Macsec-task  MacSecAle  MacSecAle-rfe  MacSecAle-task  MacsecProxy  MacsecProxy-rfe  MacsecProxy-task  MacsecWeb  MacsecWeb-rfe  MacsecWeb-task  MadApi  MadApi-rfe  MadApi-task  MaintenacenModeTest  MaintenacenModeTest-rfe  MaintenacenModeTest-task  Maintenance  Maintenance-rfe  Maintenance-task  MaintenanceMode  MaintenanceMode-rfe  MaintenanceMode-task  MaintenanceModeTest  MaintenanceModeTest-rfe  MaintenanceModeTest-task  make  make-rfe  make-task  makedumpfile  makedumpfile-rfe  makedumpfile-task  ManagementActive  ManagementActive-rfe  ManagementActive-task  Manufacturing  Manufacturing-rfe  Marco  Marco-rfe  Marco-task  MarcoTest  MarcoTest-rfe  MarcoTest-task  MatchList  MatchList-rfe  MatchList-task  Matt  Matt-rfe  Matt-task  Max24305  Max24305-rfe  Max24305-task  Max31790  Max31790-rfe  Max31790-task  Max5980  Max5980-rfe  Max5980-task  Max6658  Max6658-rfe  Max6658-task  Max6697  Max6697-rfe  Max6697-task  mb-tools  mb-tools-rfe  mb-tools-task  MbbPostcodef  MbbPostcodef-rfe  MbbPostcodef-task  McastAgentContainer  McastAgentContainer-rfe  McastAgentContainer-task  McastBoundary  McastBoundary-rfe  McastBoundary-task  McastBridging  McastBridging-rfe  McastBridging-task  McastCommon  McastCommon-rfe  McastCommon-task  McastCommonTest  McastCommonTest-rfe  McastCommonTest-task  McastTest  McastTest-rfe  McastTest-task  Mcp55  Mcp55-rfe  Mcp55-task  Meadowood  Meadowood-rfe  Mellanox  Mellanox-rfe  Memgraph  Memgraph-rfe  Memgraph-task  Memory-diags  Mendocino  Mendocino-diags  Mendocino-rfe  Mendocino-task  Mentor  Mentor-rfe  Merced  Merced-rfe  Merge  Merge (WX)  Merge-rfe  Metadb  Metadb-rfe  Metadb-task  MetadbTest  MetadbTest-rfe  MetadbTest-task  MfgInfra  MfgInfra-diags  MfgInfra-rfe  MfgInfra-task  MfgShared  MfgShared-rfe  MfgShared-task  MfgTest  MfgTest-rfe  MfgTest-task  MgmtSecurity  MgmtSecurity-rfe  MgmtSecurity-task  Microsemi  Microsemi-rfe  Microsemi-task  mingetty  mingetty-rfe  mingetty-task  mips-sde  mips-sde-rfe  mips-sde-task  Mirroring  Mirroring-rfe  Mirroring-task  MirroringTest  MirroringTest-rfe  MirroringTest-task  Misc  Misc-rfe  MiscSnmp  MiscSnmp-rfe  MiscSnmp-task  mjollnir  mjollnir-rfe  mjollnir-task  mkelfImage  mkelfImage-rfe  mkelfImage-task  Mlag  Mlag-rfe  Mlag-task  MlagDut  MlagDut-rfe  MlagDut-task  MlagSnmp  MlagSnmp-rfe  MlagSnmp-task  MlagVrrp  MlagVrrp-rfe  MlagVrrp-task  Mld  Mld-rfe  Mld-task  MldTest  MldTest-rfe  MldTest-task  Mmpa  Mmpa-rfe  Mmpa-task  mock-program  mock-program-rfe  mock-program-task  mock-service  mock-service-rfe  mock-service-task  mod_auth_mellon  mod_auth_mellon-rfe  mod_auth_mellon-task  mod_python  mod_python-rfe  mod_python-task  Modular  Modular-rfe  Modular-task  ModularPlatform  ModularPlatform-rfe  Molex  Molex (PV)  Molex-rfe  mosh  mosh-rfe  mosh-task  MoshCli  MoshCli-rfe  MoshCli-task  moss  moss-rfe  moss-task  MountAnalyzer  MountAnalyzer-rfe  MountAnalyzer-task  MoveDownstairs  MoveDownstairs-rfe  MpcFree  MpcFree-rfe  MpcFree-task  Mpls  Mpls-rfe  Mpls-task  MplsAgent  MplsAgent-rfe  MplsAgent-task  MplsData  MplsData-rfe  MplsData-task  MplsTest  MplsTest-rfe  MplsTest-task  MplsUtils  MplsUtils-rfe  MplsUtils-task  MplsVpn  MplsVpn-rfe  MplsVpn-task  mpt3sas  mpt3sas-rfe  mpt3sas-task  Mroute  Mroute-rfe  Mroute-task  MrouteTest  MrouteTest-rfe  MrouteTest-task  Mrp  Mrp-rfe  Mrp-task  mrt  mrt-rfe  mrt-task  mrtparse  mrtparse-rfe  mrtparse-task  MrtrDut  MrtrDut-rfe  MrtrDut-task  Msdp  Msdp-rfe  Msdp-task  MsdpSnmp  MsdpSnmp-rfe  MsdpSnmp-task  MsdpTest  MsdpTest-rfe  MsdpTest-task  Msrp  Msrp-rfe  Msrp-task  Mss  Mss-rfe  Mss-task  MssClient  MssClient-rfe  MssClient-task  MssPolicyMonitor  MssPolicyMonitor-rfe  MssPolicyMonitor-task  MssTest  MssTest-rfe  MssTest-task  Mt. Baker  Mt. Baker-rfe  MtDan-diags  MtDana-diags  MtdApi  MtdApi-rfe  MtdApi-task  mtrace  mtrace-rfe  mtrace-task  MultiProtocolRouting  MultiProtocolRouting-rfe  MultiProtocolRouting-task  MultiProtocolTools  MultiProtocolTools-rfe  MultiProtocolTools-task  MultiProtocolTunnelTest  MultiProtocolTunnelTest-rfe  MultiProtocolTunnelTest-task  Mvrp  Mvrp-rfe  Mvrp-task  MyDemo  MyDemo-rfe  MyDemo-task  mysqltestlib  mysqltestlib-rfe  mysqltestlib-task  NameNode  NameNode-rfe  NameNode-task  NameNodeTest  NameNodeTest-rfe  NameNodeTest-task  NamespaceCluster  NamespaceCluster-rfe  NamespaceCluster-task  NamespaceDut  NamespaceDut-rfe  NamespaceDut-task  nanomsg  nanomsg-rfe  nanomsg-task  nanowbem  nanowbem-rfe  nanowbem-task  Napa  Napa-hw  Napa-rfe  Napa-task  Nat  Nat-rfe  Nat-task  NatTest  NatTest-rfe  NatTest-task  ncclient  ncclient-rfe  ncclient-task  ncurses  ncurses-rfe  ncurses-task  ndisc6  ndisc6-rfe  ndisc6-task  net-snmp  net-snmp-rfe  net-snmp-task  Netconf  Netconf-rfe  Netconf-task  netns  netns-rfe  netns-task  NetworkTest  NetworkTest-rfe  NetworkTest-task  NetworkTools  NetworkTools-rfe  NetworkTools-task  NetworkView  NetworkView-rfe  NetworkView-task  Nevada  Nevada-rfe  NewBgp  NewBgp-rfe  NewBgp-task  nginx  nginx-rfe  nginx-task  nglogc  nglogc-rfe  nglogc-task  Nice  Nice Diags  nios2eds  nios2eds-rfe  nios2eds-task  nnpy  nnpy-rfe  nnpy-task  node  node-rfe  node-task  nodejs  nodejs-rfe  nodejs-task  Nooksack  Nooksack-rfe  NorCal  NorCal-rfe  NorCal-task  NorCalCard  NorCalCard-rfe  NorCalCard-task  NorCalMfg  NorCalMfg-rfe  NorCalMfg-task  NorCalSys  NorCalSys-rfe  NorCalSys-task  NorCalTest  NorCalTest-rfe  NorCalTest-task  nstools  nstools-rfe  nstools-task  nsutil  nsutil-rfe  nsutil-task  Ntp  Ntp-rfe  Ntp-task  ntp-udel  ntp-udel-rfe  ntp-udel-task  NuageVsp  Nvgre  Nvgre-rfe  Nvgre-task  Oak-diags  OAM-task  oauth2client  oauth2client-rfe  oauth2client-task  ObjectTracking  ObjectTracking-rfe  ObjectTracking-task  oepnssl  oepnssl-rfe  oepnssl-task  Olema-diags  omi  omi-rfe  omi-task  onie  onie-rfe  onie-task  OnsiteDetector  OnsiteDetector-rfe  OnsiteDetector-task  openbmp  openbmp-rfe  openbmp-task  OpenConfig  OpenConfig-rfe  OpenConfig-task  OpenConfigTest  OpenConfigTest-rfe  OpenConfigTest-task  OpenFlow  OpenFlow-rfe  OpenFlow-task  OpenFlowTest  OpenFlowTest-rfe  OpenFlowTest-task  OpenGrok  OpenGrok-rfe  OpenGrok-task  openssh  openssh-rfe  openssh-task  OpenSSHTest  OpenSSHTest-rfe  OpenSSHTest-task  openssl  openssl-rfe  openssl-task  OpenStack  OpenStack-rfe  openstack-swift  openstack-swift-rfe  openstack-swift-task  OpenStack-task  openstackpythonclients  openstackpythonclients-rfe  openstackpythonclients-task  openvswitch  openvswitch-rfe  openvswitch-task  Oplink (KE)  Opnext  Opnext (AP)  Opnext-rfe  Optics  Optics-rfe  OptumSoftAbuildFirst  OptumSoftAbuildFirst-rfe  OptumSoftAbuildFirst-task  OptumSoftExternal  OptumSoftExternal-rfe  OptumSoftExternal-task  OptumSoftInfrastructure-task  OptumSoftProductTest  OptumSoftProductTest-rfe  OptumSoftProductTest-task  OptumSoftSearch  OptumSoftSearch-rfe  OptumSoftSearch-task  OptumSoftTools  OptumSoftTools-rfe  OptumSoftTools-task  Orca  Orca-rfe  Orca-task  Oscillators  Ospf  Ospf-rfe  Ospf-task  Ospf3  Ospf3-rfe  Ospf3-task  Overcast  Overcast-rfe  Overcast-task  ovftool  ovftool-rfe  ovftool-task  Ovs  Ovs-rfe  Ovs-task  P2PSync  P2PSync-rfe  P2PSync-task  P4  p4-ar-switch  p4-ar-switch-rfe  p4-ar-switch-task  p4-behavioral-model  p4-behavioral-model-rfe  p4-behavioral-model-task  p4-bf-switch  p4-bf-switch-rfe  p4-bf-switch-task  p4-bm-switch  p4-bm-switch-rfe  p4-bm-switch-task  p4-compilers  p4-compilers-rfe  p4-compilers-task  p4-hlir  p4-hlir-rfe  p4-hlir-task  P4-rfe  P4-task  p4c-bm  p4c-bm-rfe  p4c-bm-task  P4NamespaceDut  P4NamespaceDut-rfe  P4NamespaceDut-task  P4SwitchTest  P4SwitchTest-rfe  P4SwitchTest-task  p4testswitch  p4testswitch-rfe  p4testswitch-task  P4Tickets  P4Tickets-rfe  P4Tickets-task  PacketCapture  PacketCapture-rfe  PacketCapture-task  Packetpflegen  paramiko  paramiko-rfe  paramiko-task  parted  parted-rfe  parted-task  PatchPanel  PatchPanel-rfe  PatchPanel-task  PatchPanelAgent  PatchPanelAgent-rfe  PatchPanelAgent-task  PATT  PattTest  PattTest-rfe  PattTest-task  Pbr  Pbr-rfe  Pbr-task  Pca9555  Pca9555-rfe  Pca9555-task  PciBus  PciBus-rfe  PciBus-task  Pcie-diags  PcieNt  PcieNt-rfe  PcieNt-task  pcre  pcre-rfe  pcre-task  PdpDmaLib  PdpDmaLib-rfe  PdpDmaLib-task  Perdb  Perdb-rfe  Perdb-task  PeReyes  PeReyes-rfe  PeReyes-task  perforce  perforce-rfe  perforce-task  perftools  perftools-rfe  perftools-task  perl5  perl5-rfe  perl5-task  PersistentStore  PersistentStore-rfe  PersistentStore-task  peterwu  peterwu-rfe  peterwu-task  Petra  Petra-rfe  Petra-task  pexpect  pexpect-rfe  pexpect-task  Phoenix  Phoenix-rfe  Phoenix-task  Phone System  Phone System-rfe  PhyAeluros  PhyAeluros-rfe  PhyAeluros-task  PhyAlaska  PhyAlaska-rfe  PhyAlaska-task  PhyAlaskaX  PhyAlaskaX-rfe  PhyAlaskaX-task  PhyApm  PhyApm-rfe  PhyApm-task  PhyAvago  PhyAvago-rfe  PhyAvago-task  PhyAvago8812  PhyAvago8812-rfe  PhyAvago8812-task  PhyAvagoCurrent  PhyAvagoCurrent-rfe  PhyAvagoCurrent-task  PhyBcm  PhyBcm-rfe  PhyBcm-task  PhyBcm54980  PhyBcm54980-rfe  PhyBcm54980-task  PhyBcmEpil  PhyBcmEpil-rfe  PhyBcmEpil-task  PhyClariphy  PhyClariphy-rfe  PhyClariphy-task  PhyEee  PhyEee-rfe  PhyEee-task  PhyEthtool  PhyEthtool-rfe  PhyEthtool-task  PhyMtd  PhyMtd-rfe  PhyMtd-task  PhyNlp1342  PhyTest  PhyTest-rfe  PhyTest-task  PhyTn  PhyTn-rfe  PhyTn-task  Picasso  Picasso-rfe  Picasso-task  Picnic  Picnic-rfe  Piedmont  pigz  pigz-rfe  pigz-task  pika  pika-rfe  pika-task  Pim  Pim-rfe  Pim-task  PimBidir  PimBidir-rfe  PimBidir-task  PimBidirDf  PimBidirDf-rfe  PimBidirDf-task  PimBidirTest  PimBidirTest-rfe  PimBidirTest-task  PimBsr  PimBsr-rfe  PimBsr-task  PimBsrTest  PimBsrTest-rfe  PimBsrTest-task  PimReg  PimReg-rfe  PimReg-task  PimRegTest  PimRegTest-rfe  PimRegTest-task  Pimsm  Pimsm-rfe  Pimsm-task  PimsmTest  PimsmTest-rfe  PimsmTest-task  PimSnmp  PimSnmp-rfe  PimSnmp-task  pktgen  pktgen-rfe  pktgen-task  PlatformAgent  PlatformAgent-rfe  PlatformAgent-task  PlatformL3Intf  PlatformL3Intf-rfe  PlatformL3Intf-task  PlatformLibrary  PlatformLibrary-rfe  PlatformLibrary-task  PlatformTest  PlatformTest-rfe  PlatformTest-task  PlePex8600  PlePex8600-rfe  PlePex8600-task  PlugIt  PlugIt-rfe  PlugIt-task  Pluto  Pluto-rfe  Pluto-task  PlutoLib  PlutoLib-rfe  PlutoLib-task  PlutoLibrary  PlutoLibrary-rfe  PlutoLibrary-task  PlutoUtil  PlutoUtil-rfe  PlutoUtil-task  plx-pcie-drivers  plx-pcie-drivers-rfe  plx-pcie-drivers-task  Plx9056Bridge  Plx9056Bridge-rfe  Plx9056Bridge-task  PlxPex8600  PlxPex8600-rfe  PlxPex8600-task  ply  ply-rfe  ply-task  pmat  pmat-rfe  pmat-task  Pmbus  Pmbus-rfe  Pmbus-task  poc-tasks  PolicyMap  PolicyMap-rfe  PolicyMap-task  PolicyService  PolicyService-rfe  PolicyService-task  Ponderosa-diags  PortMirroring  PortMirroring-rfe  Power  Power-rfe  Power-task  PowerDevice-diags  PowerFuse  PowerFuse-rfe  PowerFuse-task  PowerOne  PowerOne-rfe  PowerOne-task  PowerSupply-diags  Prebuilt  Prebuilt-rfe  Prebuilt-task  Prestera  Prestera-rfe  Prestera-task  ProcMgr  ProcMgr-rfe  ProcMgr-task  procps  procps-ng  procps-ng-rfe  procps-ng-task  procps-rfe  procps-task  ProductAttributes  ProductAttributes-rfe  ProductAttributes-task  Proglog  Proglog-rfe  Proglog-task  ProjectReport  ProjectReport-rfe  ProjectReport-task  Pronghorn-diags  proteus-dns  proteus-dns-rfe  proteus-dns-task  Proto  Proto-rfe  Proto-task  protobuf  protobuf-rfe  protobuf-task  Pseudowire  Pseudowire-rfe  Pseudowire-task  PseudowireAgent  PseudowireAgent-rfe  PseudowireAgent-task  PseudowireCli  PseudowireCli-rfe  PseudowireCli-task  PseudowireTest  PseudowireTest-rfe  PseudowireTest-task  Psmi  Psmi-rfe  Psmi-task  PsocFanController  PsocFanController-rfe  PsocFanController-task  Psp  Psp-rfe  Psp-task  pstack  pstack-rfe  pstack-task  Ptp  Ptp-rfe  Ptp-task  ptpd  ptpd-rfe  ptpd-task  ptpd-v2  ptpd-v2-rfe  ptpd-v2-task  PtpTest  PtpTest-rfe  PtpTest-task  PtpTimeSync  PtpTimeSync-rfe  PtpTimeSync-task  PtpTimeSyncTest  PtpTimeSyncTest-rfe  PtpTimeSyncTest-task  PtReyes  PtReyes-rfe  PtReyes-task  Pulse  Pulse-rfe  Pulse-task  PulseAgent  PulseAgent-rfe  PulseAgent-task  PulseWeb  PulseWeb-rfe  PulseWeb-task  pxe  pxe-kexec  pxe-kexec-rfe  pxe-kexec-task  pxe-rfe  pxe-swi  pxe-swi-rfe  pxe-swi-task  pxe-task  py-radix  py-radix-rfe  py-radix-task  PyArrow  PyArrow-rfe  PyArrow-task  pycodestyle  pycodestyle-rfe  pycodestyle-task  pylibpcap  pylibpcap-rfe  pylibpcap-task  pylint  pylint-rfe  pylint-task  pylucene  pylucene-rfe  pylucene-task  python  python-beautiful-soup  python-beautiful-soup-rfe  python-beautiful-soup-task  python-blockdiag  python-blockdiag-rfe  python-blockdiag-task  python-breathe  python-breathe-rfe  python-breathe-task  python-cjson  python-cjson-rfe  python-cjson-task  python-cogapp  python-cogapp-rfe  python-cogapp-task  python-decorator  python-decorator-rfe  python-decorator-task  python-django  python-django-picklefield  python-django-picklefield-rfe  python-django-picklefield-task  python-django-rfe  python-django-storage-swift  python-django-storage-swift-rfe  python-django-storage-swift-task  python-django-task  python-djblets  python-djblets-rfe  python-djblets-task  python-docker  python-docker-rfe  python-docker-task  python-dpkt  python-dpkt-rfe  python-dpkt-task  python-eunuchs  python-eunuchs-rfe  python-eunuchs-task  python-eventlet  python-eventlet-rfe  python-eventlet-task  python-funcparserlib  python-funcparserlib-rfe  python-funcparserlib-task  python-graph  python-graph-rfe  python-graph-task  python-httpbin  python-httpbin-rfe  python-httpbin-task  python-httplib2  python-httplib2-rfe  python-httplib2-task  python-iso8601  python-iso8601-rfe  python-iso8601-task  python-jcc  python-jcc-rfe  python-jcc-task  python-json-cfg  python-json-cfg-rfe  python-json-cfg-task  python-jsonrpclib  python-jsonrpclib-rfe  python-jsonrpclib-task  python-kwonly-args  python-kwonly-args-rfe  python-kwonly-args-task  python-logilab-astng  python-logilab-astng-rfe  python-logilab-astng-task  python-m2crypto  python-m2crypto-rfe  python-m2crypto-task  python-markdown2  python-markdown2-rfe  python-markdown2-task  python-mox  python-mox-rfe  python-mox-task  python-ncclient  python-ncclient-rfe  python-ncclient-task  python-oftest  python-oftest-rfe  python-oftest-task  python-openbmp-api  python-openbmp-api-rfe  python-openbmp-api-task  python-openstackclients  python-openstackclients-rfe  python-openstackclients-task  python-paramiko  python-paramiko-rfe  python-paramiko-task  python-pbr  python-pbr-rfe  python-pbr-task  python-pip  python-pip-rfe  python-pip-task  python-prettytable  python-prettytable-rfe  python-prettytable-task  python-ptf  python-ptf-rfe  python-ptf-task  python-pypiserver  python-pypiserver-rfe  python-pypiserver-task  python-pyvmomi  python-pyvmomi-rfe  python-pyvmomi-task  python-requests  python-requests-rfe  python-requests-task  python-requests2  python-requests2-rfe  python-requests2-task  python-rfe  python-seqdiag  python-seqdiag-rfe  python-seqdiag-task  python-setuptools  python-setuptools-rfe  python-setuptools-task  python-six  python-six-rfe  python-six-task  python-sleekxmpp  python-sleekxmpp-rfe  python-sleekxmpp-task  python-sphinx  python-sphinx-rfe  python-sphinx-task  python-sqlalchemy  python-sqlalchemy-rfe  python-sqlalchemy-task  python-swiftclient  python-swiftclient-rfe  python-swiftclient-task  python-task  python-webcolors  python-webcolors-rfe  python-webcolors-task  python-xlrd  python-xlrd-rfe  python-xlrd-task  python-xlwt  python-xlwt-rfe  python-xlwt-task  python-ZSI  python-ZSI-rfe  python-ZSI-task  python26  python26-rfe  python26-task  python3  python3-rfe  python3-task  PyWrappers  PyWrappers-rfe  PyWrappers-task  Qbuild  Qbuild-rfe  Qbuild-task  qemu  qemu-gns3  qemu-gns3-rfe  qemu-gns3-task  qemu-kvm  qemu-kvm-rfe  qemu-kvm-task  qemu-rfe  qemu-task  QemuVmAgent  QemuVmAgent-rfe  QemuVmAgent-task  Qos  Qos-rfe  Qos-task  QosSnmp  QosSnmp-rfe  QosSnmp-task  QosTest  QosTest-rfe  QosTest-task  QuaggaDut  QuaggaDut-rfe  QuaggaDut-task  quantumfs  quantumfs-rfe  quantumfs-task  Qube  Qube-rfe  Qube-task  QubeTest  QubeTest-rfe  QubeTest-task  qubit-tools  QuickTrace  QuickTrace-rfe  QuickTrace-task  QuickTraceTest  QuickTraceTest-rfe  QuickTraceTest-task  quota  quota-rfe  quota-task  RachiticTest  RachiticTest-rfe  RachiticTest-task  Radius  Radius-rfe  Radius-task  Raild  Raild-rfe  Raild-task  RAILproto  RAILproto-rfe  RAILproto-task  RAILtest  RAILtest-rfe  RAILtest-task  Rainbow-diags  Rama  Rama-rfe  Rama-task  Raven  Raven-rfe  rbfd  rbfd-rfe  rbfd-task  RdamDatabase  RdamDatabase-rfe  RdamDatabase-task  RdamDut  RdamDut-rfe  RdamDut-task  ReachabilityMonitor  ReachabilityMonitor-rfe  ReachabilityMonitor-task  ReachabilityMonitorTest  ReachabilityMonitorTest-rfe  ReachabilityMonitorTest-task  RedSea  RedSea-rfe  RedSea-task  RedSup  RedSup-rfe  RedSup-task  RedSupSnmp  RedSupSnmp-rfe  RedSupSnmp-task  Redundancy  Redundancy-rfe  Redundancy-task  ReleaseTools  ReleaseTools-rfe  ReleaseTools-task  ReleaseUmbrella  ReloadCause  ReloadCause-rfe  ReloadCause-task  ReloadCauseAgent  ReloadCauseAgent-rfe  ReloadCauseAgent-task  ReloadPolicy  ReloadPolicy-rfe  ReloadPolicy-task  RemoteAgentSync  RemoteAgentSync-rfe  RemoteAgentSync-task  Renesas  Renesas-rfe  requests  requests-rfe  requests-task  ResourceManager  ResourceManager-rfe  ResourceManager-task  ReviewBoard  ReviewBoard-rfe  ReviewBoard-task  ReviewBoardTest  ReviewBoardTest-rfe  ReviewBoardTest-task  Ribbon-diags  RibCapi  RibCapi-rfe  RibCapi-task  RibCapiTest  RibCapiTest-rfe  RibCapiTest-task  Rio  Rio-rfe  Rio-task  RioTest  RioTest-rfe  RioTest-task  Rip  Rip-rfe  Rip-task  ripgrep  ripgrep-rfe  ripgrep-task  RN  Robo-service  Robo-service-rfe  Robo-service-task  Robo1  Robo1-rfe  Robo1-task  Robo2  Robo2-rfe  Robo2-task  Robo3  Robo3-rfe  Robo3-task  RoboScripts  RoboScripts-rfe  RoboScripts-task  rootfs-service  rootfs-service-rfe  rootfs-service-task  Rosa-diags  Rosa/SantaRosa/Cotati  RouteInput  RouteInput-rfe  RouteInput-task  RouteMap  RouteMap-rfe  RouteMap-task  RouterGeneral  RouterGeneral-rfe  RouterGeneral-task  RouterGeneralCli  RouterGeneralCli-rfe  RouterGeneralCli-task  RoutingHelper  RoutingHelper-rfe  RoutingHelper-task  rpcapd  rpcapd-rfe  rpcapd-task  Rsvp  Rsvp-rfe  Rsvp-task  RsvpTest  RsvpTest-rfe  RsvpTest-task  rsyslog  rsyslog-rfe  rsyslog-task  rtest  rtest-rfe  rtest-task  Ruby  Ruby-rfe  Ruby-task  Rutherford  Rutherford-rfe  Saguaro  Saguaro-rfe  Saguaro-task  Sai  sai-net  sai-net-rfe  sai-net-task  Sai-rfe  Sai-task  SaltLakeFixed  SaltLakeFixed-rfe  SaltLakeFixed-task  SampleSoftware  Sand  Sand--diags  Sand-diags  sand-dma  sand-dma-rfe  sand-dma-task  Sand-rfe  Sand-task  SandAcl  SandAcl-rfe  SandAcl-task  SandAclTest  SandAclTest-rfe  SandAclTest-task  SandBcmSdkShim  SandBcmSdkShim-rfe  SandBcmSdkShim-task  SandBcmSdkV2  SandBcmSdkV2-rfe  SandBcmSdkV2-task  SandBroadcomSdk  SandBroadcomSdk-rfe  SandBroadcomSdk-task  SandCounters  SandCounters-rfe  SandCounters-task  SandDanz  SandDanz-rfe  SandDanz-task  SandFabric  SandFabric-rfe  SandFabric-task  SandFap  SandFap-rfe  SandFap-task  SandFapNi  SandFapNi-rfe  SandFapNi-task  SandFapNiState  SandFapNiState-rfe  SandFapNiState-task  SandFlow  SandFlow-rfe  SandFlow-task  SandHalo  SandHalo-rfe  SandHalo-task  SandHw  SandHw-rfe  SandHw-task  SandIpsec  SandIpsec-rfe  SandIpsec-task  SandL3Unicast  SandL3Unicast-rfe  SandL3Unicast-task  SandLag  SandLag-rfe  SandLag-task  SandLanz  SandLanz-rfe  SandLanz-task  SandLib  SandLib-rfe  SandLib-task  SandMact  SandMact-rfe  SandMact-task  SandMcast  SandMcast-rfe  SandMcast-task  SandMdb  SandMdb-rfe  SandMdb-task  SandMirroring  SandMirroring-rfe  SandMirroring-task  SandOam  SandOam-rfe  SandOam-task  SandPbr  SandPbr-rfe  SandPbr-task  SandPhy  SandPhy-rfe  SandPhy-task  SandPolicyLib  SandPolicyLib-rfe  SandPolicyLib-task  SandPP  SandPP-rfe  SandPP-task  SandPtp  SandPtp-rfe  SandPtp-task  SandQos  SandQos-rfe  SandQos-task  SandSal  SandSal-rfe  SandSal-task  SandSalCommon  SandSalCommon-rfe  SandSalCommon-task  SandSdk  SandSdk-rfe  SandSdk-task  SandSdkHelper  SandSdkHelper-rfe  SandSdkHelper-task  SandSdkShim  SandSdkShim-rfe  SandSdkShim-task  SandSdkV2Helper  SandSdkV2Helper-rfe  SandSdkV2Helper-task  SandSdkV3  SandSdkV3-rfe  SandSdkV3-task  SandSdkV3Helper  SandSdkV3Helper-rfe  SandSdkV3Helper-task  SandSdkV4  SandSdkV4-rfe  SandSdkV4-task  SandSdkV4Helper  SandSdkV4Helper-rfe  SandSdkV4Helper-task  SandTapAgg  SandTapAgg-rfe  SandTapAgg-task  SandTcam  SandTcam-rfe  SandTcam-task  SandTcamLib  SandTcamLib-rfe  SandTcamLib-task  SandTest  SandTest-rfe  SandTest-task  SandTm  SandTm-rfe  SandTm-task  SandToggles  SandToggles-rfe  SandToggles-task  SandTopo  SandTopo-rfe  SandTopo-task  SandTunnel  SandTunnel-rfe  SandTunnel-task  SantaRosa-diags  Santo  Santo-common  Santo-common-rfe  Santo-common-task  Santo-psp  Santo-psp-rfe  Santo-psp-task  Santo-rfe  Santo-task  Santo-v1  Santo-v1-rfe  Santo-v1-task  Sapling  Sapling-rfe  Sb820  Sb820-rfe  Sb820-task  Sc16is760  Sc16is760-rfe  Sc16is760-task  Scaleit  Scaleit-rfe  Scaleit-task  scc  Scd  scd-driver  scd-driver-rfe  scd-driver-task  scd-em  scd-em-rfe  scd-em-task  Scd-rfe  Scd-task  ScdEmUtils  ScdEmUtils-rfe  ScdEmUtils-task  SchanAccel  SchanAccel-rfe  SchanAccel-task  SchanCentral  SchanCentral-rfe  SchanCentral-task  Schooner-diags  screen  screen-rfe  screen-task  SeaRanch  SeaRanch-rfe  SecretCli  SecretCli-rfe  SecretCli-task  SecureNic  SecureNic-rfe  SecureNic-task  Security-diags  SecurityTest  SecurityTest-rfe  SecurityTest-task  Sequoia  Sequoia-diags  Sequoia-rfe  Sequoia-task  SequoiaModular  SessionTimeout  SessionTimeout-rfe  SessionTimeout-task  Sesto-diags  Sfa  Sfa-rfe  Sfa-task  Sfe  Sfe-rfe  Sfe-task  SfeModules  SfeModules-rfe  SfeModules-task  Sflow  Sflow-rfe  Sflow-task  SflowAccel  SflowAccel-rfe  SflowAccel-task  SflowAccelTest  SflowAccelTest-rfe  SflowAccelTest-task  SflowLib  SflowLib-rfe  SflowLib-task  SflowTest  SflowTest-rfe  SflowTest-task  shadow-utils  shadow-utils-rfe  shadow-utils-task  Shape  Shape-rfe  Shape-task  ShardedMap  ShardedMap-rfe  ShardedMap-task  ShardedMapCppApi  ShardedMapCppApi-rfe  ShardedMapCppApi-task  ShardedMapTest  ShardedMapTest-rfe  ShardedMapTest-task  SharedMem  SharedMem-rfe  SharedMem-task  Shasta  Shasta-rfe  Shmalloc  Shmalloc-rfe  Shmalloc-task  ShowCommandService  ShowCommandService-rfe  ShowCommandService-task  Si5327  Si5327-rfe  Si5327-task  Silverado  Silverado-rfe  simtop  simtop-rfe  simtop-task  Skegness  Skegness-rfe  Skegness-task  SkuTools  SkuTools-rfe  SkuTools-task  SmartOptics (FB)  smartsync  smartsync-rfe  smartsync-task  Smash  Smash-rfe  Smash-task  SmashCli  SmashCli-rfe  SmashCli-task  SmashTest  SmashTest-rfe  SmashTest-task  SmashTools  SmashTools-rfe  SmashTools-task  SmashViz  SmashViz-rfe  SmashViz-task  snakefood  snakefood-rfe  snakefood-task  Snmp  Snmp-rfe  Snmp-task  Snmp,net-snmp  Snmp,net-snmp-rfe  Snmp,net-snmp-task  SnmpTest  SnmpTest-rfe  SnmpTest-task  Sol  Sol-rfe  Sol-task  Sonic  Sonic-rfe  sonic-support  sonic-support-rfe  sonic-support-task  Sonic-task  Sonoma  Sonoma-rfe  Source Photonics (ET)  source-highlight  source-highlight-rfe  source-highlight-task  SourcePhotonics  SourcePhotonics-rfe  spark  spark-rfe  spark-task  Sparrow  Sparrow-rfe  Sparrow-task  spin  spin-rfe  spin-task  spl  spl-rfe  spl-task  SplunkForwarder  SplunkForwarder-rfe  SplunkForwarder-task  squashfs-tools  squashfs-tools-rfe  squashfs-tools-task  SrTePolicy  SrTePolicy-rfe  SrTePolicy-task  SrTePolicyTest  SrTePolicyTest-rfe  SrTePolicyTest-task  SshHostKeys  SshHostKeys-rfe  SshHostKeys-task  SsoTest  SsoTest-rfe  SsoTest-task  Sta-task  StageMgr  StageMgr-rfe  StageMgr-task  StageMgrAgent  StageMgrAgent-rfe  StageMgrAgent-task  StanbyCpld  StanbyCpld-rfe  StanbyCpld-task  Stand  Stand-rfe  Stand-task  StandbyCpld  StandbyCpld-rfe  StandbyCpld-task  Stash  Stash-rfe  Stash-task  StashTest  StashTest-rfe  StashTest-task  Stat  Stat-rfe  Stat-task  StaticRoute  StaticRoute-rfe  StaticRoute-task  stest-service  stest-service-rfe  stest-service-task  stestimgbuilder  stestimgbuilder-rfe  stestimgbuilder-task  stesting  stesting-rfe  stesting-task  StestWorkspace-service  StestWorkspace-service-rfe  StestWorkspace-service-task  StorageDevices  StorageDevices-rfe  StorageDevices-task  Storg  Storg-rfe  Storg-task  StormControl  StormControl-rfe  StormControl-task  Stp  Stp-rfe  Stp-task  StpSnmp  StpSnmp-rfe  StpSnmp-task  Strata  Strata--diags  Strata-diags  strata-dma  strata-dma-rfe  strata-dma-task  Strata-rfe  Strata-task  StrataAcl  StrataAcl-rfe  StrataAcl-task  StrataApi  StrataApi-rfe  StrataApi-task  StrataApi2  StrataApi2-rfe  StrataApi2-task  StrataApiTest  StrataApiTest-rfe  StrataApiTest-task  StrataApiV2  StrataApiV2-rfe  StrataApiV2-task  StrataApiV3  StrataApiV3-rfe  StrataApiV3-task  StrataApiV4  StrataApiV4-rfe  StrataApiV4-task  StrataCental  StrataCental-rfe  StrataCental-task  StrataCentral  StrataCentral-rfe  StrataCentral-task  StrataCommon  StrataCommon-rfe  StrataCommon-task  StrataCounters  StrataCounters-rfe  StrataCounters-task  StrataDiags  StrataDiags-rfe  StrataDiags-task  StrataDmaTest  StrataDmaTest-rfe  StrataDmaTest-task  StrataL2  StrataL2-rfe  StrataL2-task  StrataL2Multicast  StrataL2Multicast-rfe  StrataL2Multicast-task  StrataL3  StrataL3-rfe  StrataL3-task  StrataL3Test  StrataL3Test-rfe  StrataL3Test-task  StrataLag  StrataLag-rfe  StrataLag-task  StrataLanz  StrataLanz-rfe  StrataLanz-task  stratalanzcoprocessor  stratalanzcoprocessor-rfe  stratalanzcoprocessor-task  StrataLib  StrataLib-rfe  StrataLib-task  StrataLtApi  StrataLtApi-rfe  StrataLtApi-task  StrataMirror  StrataMirror-rfe  StrataMirror-task  StrataMpls  StrataMpls-rfe  StrataMpls-task  StrataMultiAgentTest  StrataMultiAgentTest-rfe  StrataMultiAgentTest-task  StrataParity  StrataParity-rfe  StrataParity-task  StrataPbr  StrataPbr-rfe  StrataPbr-task  StrataPhy  StrataPhy-rfe  StrataPhy-task  StrataQos  StrataQos-rfe  StrataQos-task  StrataSdkCommon  StrataSdkCommon-rfe  StrataSdkCommon-task  StrataSdkShim  StrataSdkShim-rfe  StrataSdkShim-task  StrataSso  StrataSso-rfe  StrataSso-task  StrataT2PlusTest  StrataT2PlusTest-rfe  StrataT2PlusTest-task  StrataT2Test  StrataT2Test-rfe  StrataT2Test-task  StrataTcam  StrataTcam-rfe  StrataTcam-task  StrataTest  StrataTest-rfe  StrataTest-task  StrataV2  StrataV2-rfe  StrataV2-task  StrataVlanTopo  StrataVlanTopo-rfe  StrataVlanTopo-task  StrataVxlan  StrataVxlan-rfe  StrataVxlan-task  StrataXgsApi  StrataXgsApi-rfe  StrataXgsApi-task  StrataXgsApiV2  StrataXgsApiV2-rfe  StrataXgsApiV2-task  Stratix  Stratix-rfe  Stratix-task  strongswan  strongswan-rfe  strongswan-task  stuttermeter  stuttermeter-rfe  stuttermeter-task  SubIntf  subintf-task  sudo  sudo-rfe  sudo-task  sudorca  sudorca-rfe  sudorca-service  sudorca-service-rfe  sudorca-service-task  sudorca-task  Sumitomo (FY)  SuperServer  SuperServer-rfe  SuperServer-task  SupportedHardware  SupportedHardware-rfe  SupportedHardware-task  sw-infra  SwiftLib  SwiftLib-rfe  SwiftLib-task  swig  swig-rfe  swig-task  Switchboard  Switchboard-rfe  Switchboard-task  SwitchTest  SwitchTest-rfe  SwitchTest-task  SwLab  SwLab-logre  SwLab-rfe  Sysdb  Sysdb-rfe  Sysdb-task  SysdbAgent  SysdbAgent-rfe  SysdbAgent-task  SysdbProfileCheck  SysdbProfileCheck-rfe  SysdbProfileCheck-task  SysdbTest  SysdbTest-rfe  SysdbTest-task  syslog-proxy  syslog-proxy-rfe  syslog-proxy-task  SysMgr  SysMgr-rfe  SysMgr-task  SysMgrSnmp  SysMgrSnmp-rfe  SysMgrSnmp-task  SysMgrTest  SysMgrTest-rfe  SysMgrTest-task  systemd  systemd-rfe  systemd-task  systest-poc lab  sysvinit  sysvinit-rfe  sysvinit-task  Tacacs  Tacacs-rfe  Tacacs-task  tacacs+  tacacs+-rfe  tacacs+-task  tacc  tacc-pygment  tacc-pygment-rfe  tacc-pygment-task  tacc-rfe  tacc-task  TaccAttic  TaccAttic-rfe  TaccAttic-task  TaccComputeMan  TaccComputeMan-rfe  TaccComputeMan-task  TaccComputeManImpl  TaccComputeManImpl-rfe  TaccComputeManImpl-task  TaccComputeManTest  TaccComputeManTest-rfe  TaccComputeManTest-task  TaccDistributedTest  TaccDistributedTest-rfe  TaccDistributedTest-task  TaccDocs  TaccDocs-rfe  TaccDocs-task  TaccExamples  TaccExamples-rfe  TaccExamples-task  TaccExperimental  TaccExperimental-rfe  TaccExperimental-task  TaccGraphTest  TaccInternalDocs  TaccInternalDocs-rfe  TaccInternalDocs-task  TaccInteropTest  TaccInteropTest-rfe  TaccInteropTest-task  TaccJni  TaccJni-rfe  TaccJni-task  TaccJniTest  TaccMap  TaccMap-rfe  TaccMap-task  TaccMapSrv  TaccMapSrv-rfe  TaccMapSrv-task  TaccMarketAnalyticsTest  TaccNetworkTest  TaccNetworkTest-rfe  TaccNetworkTest-task  TaccOde  TaccOde-rfe  TaccOde-task  TaccPerfFwk-task  TaccPerfTools  TaccPerfTools-rfe  TaccPerfTools-task  TaccPyUtils  TaccPyUtils-rfe  TaccPyUtils-task  TaccServiceMan  TaccServiceMan-rfe  TaccServiceMan-task  TaccServiceManTest  TaccServiceManTest-rfe  TaccServiceManTest-task  TacGo  TacGo-rfe  TacGo-task  TacGoTest  TacGoTest-rfe  TacGoTest-task  TacMarco  TacMarco-rfe  TacMarco-task  TacNav  TacNav-rfe  TacNav-task  taco  taco-rfe  taco-task  tacoTest  tacoTest-rfe  tacoTest-task  TacPulse  TacPulse-rfe  TacPulse-task  TacSmash  TacSmash-rfe  TacSmash-task  TacStash  TacStash-rfe  TacStash-task  tacXref  Tamarack  Tamarack-rfe  TapAggGui  TapAggGui-rfe  TapAggGui-task  TapAggTest  TapAggTest-rfe  TapAggTest-task  TargetExpr  TargetExpr-rfe  TargetExpr-task  TargetExpression  TargetExpression-rfe  TargetExpression-task  Taro  Taro-rfe  Taro-task  TaskScheduler  TaskScheduler-rfe  TaskScheduler-task  tcollector  tcollector-rfe  tcollector-task  tcollectorAgent  tcollectorAgent-rfe  tcollectorAgent-task  tcp_wrappers  tcp_wrappers-rfe  tcp_wrappers-task  tcpdump  tcpdump-rfe  tcpdump-task  tcptrace  tcptrace-rfe  tcptrace-task  Te  Te-rfe  te-task  TeCli  TeCli-rfe  TeCli-task  telnet  telnet-rfe  telnet-task  TemplatePkg  TemplatePkg-rfe  TemplatePkg-task  TempSensor-diags  Tenjin  Tenjin-rfe  Tenjin-task  Teranetics  Teranetics-rfe  TerminAttr  TerminAttr-rfe  TerminAttr-task  test  test-rfe  test-task  Test1234567  Test12345678  Test123456789  test56  TestCluster  TestCluster-rfe  TestCluster-task  TestDemo  TestDemo-rfe  TestDemo-task  Testpoint  Testpoint-rfe  Testpoint-task  TestProduct  TestResources  TestResources-rfe  TestResources-task  TestSuite  TestSuite-rfe  TestSuite-task  TestSuiteTest  TestSuiteTest-rfe  TestSuiteTest-task  ThermoMgr  ThermoMgr-rfe  ThermoMgr-task  Thermostat  Thermostat-rfe  Thermostat-task  ThreeBrothers-diags  thrift  thrift-rfe  thrift-task  Tiburon  Tiburon-rfe  TimberCove-diags  timeout  timeout-rfe  timeout-task  TimeSync  TimeSync-rfe  TimeSync-task  TiPhy-diags  tmux  tmux-rfe  tmux-task  tofino-model  tofino-model-rfe  tofino-model-task  tofinobm  tofinobm-rfe  tofinobm-task  Toggles  Toggles-rfe  Toggles-task  Tomahawk2Fixed  Tomahawk2Fixed-rfe  Tomahawk2Fixed-task  Tomahawk3Fixed  Tomahawk3Fixed-rfe  Tomahawk3Fixed-task  Tomales  Tomales-rfe  TommyDS  TommyDS-rfe  TommyDS-task  Tools  Topology  Topology-rfe  Topology-task  TopologyManager  TopologyManager-rfe  TopologyManager-task  TopologyTest  TopologyTest-rfe  TopologyTest-task  TPGen  TPGen-rfe  TPGen-task  Tpm  Tpm-rfe  Tpm-task  TPMFU  TPMFU-rfe  TPMFU-task  traceroute  traceroute-rfe  traceroute-task  Tunnel  Tunnel-rfe  Tunnel-task  TunnelIntf  TunnelIntf-rfe  TunnelIntf-task  TunnelIntfTest  TunnelIntfTest-rfe  TunnelIntfTest-task  TunnelSnmp  TunnelSnmp-rfe  TunnelSnmp-task  TunnelTest  TunnelTest-rfe  TunnelTest-task  Tyco (BQ)  uart-verilog  uart-verilog-rfe  uart-verilog-task  Ucd9012  Ucd9012-rfe  Ucd9012-task  ufl  ufl-rfe  ufl-task  Ugly  Ugly-rfe  Ugly-task  Umbrella  Umbrella-rfe  Umbrella-stest  Umbrella-stest-rfe  Umbrella-stest-task  Umbrella-task  urcu  urcu-rfe  urcu-task  uriparser  uriparser-rfe  uriparser-task  UserCgroup  UserCgroup-rfe  UserCgroup-task  UserDocs-rfe  userspace-rcu  userspace-rcu-rfe  userspace-rcu-task  uthash  uthash-rfe  uthash-task  util-linux  util-linux-rfe  util-linux-task  uwsgi  uwsgi-rfe  uwsgi-task  UwsgiApp  UwsgiApp-rfe  UwsgiApp-task  valgrind  valgrind-rfe  valgrind-task  vEOS  vEOS-rfe  VEos-task  VeosDut  VeosDut-rfe  VeosDut-task  VeosPerfTest  VeosPerfTest-rfe  VeosPerfTest-task  Vernal  Vernal-rfe  Virtual EOS (vEOS)  VirtualCable  VirtualCable-rfe  VirtualCable-task  Vm  Vm-rfe  Vm-task  VmDut  VmDut-rfe  VmDut-task  VmTracer  VmTracer-rfe  VmTracer-task  VmwareNvp  VmwareNvp-rfe  VmwareNvp-task  VmwareTest  VmwareTest-rfe  VmwareTest-task  VmwareVds  VmwareVds-rfe  VmwareVds-task  VmwareVI  VmwareVI-rfe  VmwareVI-task  Vrf  Vrf-rfe  vrf-scale  Vrf-task  VrfLeak  VrfLeak-rfe  VrfLeak-task  Vrm64  Vrm64-rfe  Vrm64-task  VrmIr  VrmIr-rfe  VrmIr-task  Vrrp  Vrrp-rfe  Vrrp-task  vulcan  Vxlan  Vxlan-rfe  Vxlan-task  VxlanAdvAgent  VxlanAdvAgent-rfe  VxlanAdvAgent-task  VxlanController  VxlanController-rfe  VxlanController-task  VxlanControllerTest  VxlanControllerTest-rfe  VxlanControllerTest-task  VxlanRouting-task  VxlanStatus  VxlanStatus-rfe  VxlanStatus-task  VxlanTest  VxlanTest-rfe  VxlanTest-task  waagent  waagent-rfe  waagent-task  Watchdog  Watchdog-rfe  Watchdog-task  WaveSplitter (SM)  Wbem  Wbem-rfe  Wbem-task  Web  Web-rfe  Web-task  wget  wget-rfe  wget-task  Windows  Windows-rfe  Windows-task  Winston  Winston-rfe  Winston-task  wireshark  wireshark-rfe  wireshark-task  Workspace-service  Workspace-service-rfe  Workspace-service-task  WorkspaceDut  WorkspaceDut-rfe  WorkspaceDut-task  workspacePrefetcher  workspacePrefetcher-rfe  workspacePrefetcher-task  World  World-rfe  World-task  wpa_supplicant  wpa_supplicant-rfe  wpa_supplicant-task  WsgiDut  WsgiDut-rfe  WsgiDut-task  Xcvr  Xcvr-diags  Xcvr-rfe  Xcvr-task  XcvrCfp2Dco  XcvrCfp2Dco-rfe  XcvrCfp2Dco-task  XcvrCtrl  XcvrCtrl-rfe  XcvrCtrl-task  XcvrSnmp  XcvrSnmp-rfe  XcvrSnmp-task  XFire  XFire-rfe  XFire-task  XFireTest  XFireTest-rfe  XFireTest-task  xfstests  xfstests-rfe  xfstests-task  Xilinx  Xilinx-rfe  Xilinx-task  xinetd  xinetd-rfe  xinetd-task  Xmpp  Xmpp-rfe  Xmpp-task  xorg-x11-drv-intel  xorg-x11-drv-intel-rfe  xorg-x11-drv-intel-task  xpaccel  xpaccel-rfe  xpaccel-task  XpAccess  XpAccess-rfe  XpAccess-task  XpAcl  XpAcl-rfe  XpAcl-task  XpApi  XpApi-rfe  XpApi-task  XpCentral  XpCentral-rfe  XpCentral-task  XpCounters  XpCounters-rfe  XpCounters-task  xpdma  xpdma-rfe  xpdma-task  XpFlow  XpFlow-rfe  XpFlow-task  XpL2  XpL2-rfe  XpL2-task  XpL3Unicast  XpL3Unicast-rfe  XpL3Unicast-task  XpLanz  XpLanz-rfe  XpLanz-task  XpLib  XpLib-rfe  XpLib-task  xplot  xplot-rfe  xplot-task  XpMact  XpMact-rfe  XpMact-task  XpMcast  XpMcast-rfe  XpMcast-task  XpPbr  XpPbr-task  XpProfile  XpProfile-rfe  XpProfile-task  XpQos  XpQos-rfe  XpQos-task  XpSdk  XpSdk-rfe  XpSdk-task  XpSim  XpSim-rfe  XpSim-task  XpSlice  XpSlice-rfe  XpSlice-task  XpTest  XpTest-rfe  XpTest-task  XpVxlan  XpVxlan-task  Xtacc  Xtacc-rfe  Xtacc-task  Xukg  Xukg-rfe  Xukg-task  XukWeb  XukWeb-rfe  XukWeb-task  xxHash  xxHash-rfe  xxHash-task  yaml-cpp  yaml-cpp-rfe  yaml-cpp-task  Yosemite  Yosemite-diags  Yosemite-rfe  Yosemite-task  Yreka-diags  Zbf  Zbf-rfe  Zbf-task  Zeppelin  Zeppelin-rfe  Zeppelin-task  ZeroTouch  ZeroTouch-rfe  ZeroTouch-task  zfs  zfs-rfe  zfs-task  zlog  zlog-rfe  zlog-task  ztpserver  ztpserver-rfe  ztpserver-task  Zuma  Zuma-hw  Zuma-rfe  Zuma-task0 / 200 Checked')]' not found)
[[ATTACHMENT|D:\\Arista-Bugzila Project\\BugzillaUI-Automation\\Reports\\SmokeTestSuite\\20180329_172121\\1522324730065.png]]]]></system-out>
         <system-err><![CDATA[2018-03-29 17:27:59 - [TEST_CASE][FAILED] - Test Cases/Search_TestCases/Search_With_PackageOnly: Test Cases/Search_TestCases/Search_With_PackageOnly FAILED because (of) Unable to verify object 'Object Repository/Page_BugsUI Search/ul_Check All   Uncheck All  Do' is present (Root cause: com.kms.katalon.core.webui.exception.WebElementNotFoundException: Web element with id: 'Object Repository/Page_BugsUI Search/ul_Check All   Uncheck All  Do' located by 'By.xpath: //ul[(text() = '  Check All   Uncheck All  @Dos  @Dos-rfe  @Dos-task  @DosLib  @DosLib-rfe  @DosLib-task  @Lakeport-diags  @LegacyPackage  ##General##  ##General##-rfe  ##General##-task  ##Internal##  ##Internal##-rfe  11111Test34  12222test  123456789Test  12345Test  1RUdiags  1RUdiags-rfe  1Test  3dm2  3dm2-rfe  3dm2-task  3M (EJ)  A144  a4b  a4b-rfe  a4b-task  a4c  a4c-qfs  a4c-qfs-rfe  a4c-qfs-service  a4c-qfs-service-rfe  a4c-qfs-service-task  a4c-qfs-task  a4c-qfs-test  a4c-qfs-test-rfe  a4c-qfs-test-task  a4c-rfe  a4c-service  a4c-service-rfe  a4c-service-task  a4c-task  A4Web  A4Web-rfe  A4Web-task  A55  Aaa  Aaa-rfe  Aaa-task  AaaTest  AaaTest-rfe  AaaTest-task  AaaTest1  Abalone  Aben  Aben-rfe  Aben-task  Aboard  Aboot  Aboot-rfe  Aboot-task  AbootFirmwareUtils  AbootFirmwareUtils-rfe  AbootFirmwareUtils-task  AbootTest  AbootTest-rfe  AbootTest-task  Abug  Abug-rfe  Abug-task  Abug-testing  AbugApi  AbugApi-rfe  AbugApi-task  Abuild  Abuild-rfe  Abuild-task  AbuildDb  AbuildDb-rfe  AbuildDb-task  AbuildWeb  AbuildWeb-rfe  AbuildWeb-task  abuildworkspace-service  abuildworkspace-service-rfe  abuildworkspace-service-task  Acacia-diags  Acarpool  Acarpool-rfe  Acarpool-task  Acl  Acl-rfe  Acl-task  AclAgent  AclAgent-rfe  AclAgent-task  AclSnmp  AclSnmp-rfe  AclSnmp-task  AclTest  AclTest-rfe  AclTest-task  AclTestLib  AclTestLib-rfe  AclTestLib-task  Across  Across-rfe  Across-task  ActivePerl  ActivePerl-rfe  ActivePerl-task  actor  actor-rfe  actor-task  addronly-nat  addronly-nat-rfe  addronly-nat-task  Adm1066  Adm1066-rfe  Adm1066-task  Adt7462  Adt7462-rfe  Adt7462-task  Adt7483  Adt7483-rfe  Adt7483-task  Aeluros  Aeluros-rfe  aer-uio  aer-uio-rfe  aer-uio-task  Aeris  Aeris-rfe  Aeris-task  AerisTest  AerisTest-rfe  AerisTest-task  Afetch  Afetch-rfe  Afetch-task  Afind  Afind-rfe  Afind-task  Agent  Agent-rfe  Agent-task  AgentLib  AgentLib-rfe  AgentLib-task  AgentLogging  AgentLogging-rfe  AgentLogging-task  AgentMonitor  AgentMonitor-rfe  AgentMonitor-task  AgentSyncResponder  AgentSyncResponder-rfe  AgentSyncResponder-task  AgentVis  AgentVis-rfe  AgentVis-task  Agile  Agile-rfe  AGitTools  AGitTools-rfe  AGitTools-task  Agraphviz  Agraphviz-rfe  Agraphviz-task  ahab  ahab-rfe  ahab-task  Ahire  Ahire-rfe  Ahire-task  Ahost  Ahost-rfe  Ahost-task  AhostImage  AhostImage-rfe  AhostImage-task  Ahwahnee  Ahwahnee-rfe  aid  aid-rfe  aid-task  Aie  Aie-rfe  Aie-task  Alameda  Alameda-rfe  Alameda-task  Ale  Ale-rfe  Ale-task  AleAsu  AleAsu-rfe  AleAsu-task  AleCapacity  AleCapacity-rfe  AleCapacity-task  AleCapacitySnmp  AleCapacitySnmp-rfe  AleCapacitySnmp-task  AleCentral  AleCentral-rfe  AleCentral-task  AleCfm  AleCfm-rfe  AleCfm-task  AleCounters  AleCounters-rfe  AleCounters-task  AleEvpn  AleEvpn-rfe  AleEvpn-task  AleFlow  AleFlow-rfe  AleFlow-task  AleHalo  AleHalo-rfe  AleHalo-task  AleIpsec  AleIpsec-rfe  AleIpsec-task  AleL3  AleL3-rfe  AleL3-task  AleL3Intf  AleL3Intf-rfe  AleL3Intf-task  AleL3Unicast  AleL3Unicast-rfe  AleL3Unicast-task  AleMacSec  AleMacSec-rfe  AleMacSec-task  AleMpls  AleMpls-rfe  AleMpls-task  AleMroute  AleMroute-rfe  AleMroute-task  AleNat  AleNat-rfe  AleNat-task  AlePbr  AlePbr-rfe  AlePbr-task  AlePhy  AlePhy-rfe  AlePhy-task  AleQos  AleQos-rfe  AleQos-task  AleTcam  AleTcam-rfe  AleTcam-task  AleTestLib  AleTestLib-rfe  AleTestLib-task  AleVrrp  AleVrrp-rfe  AleVrrp-task  AleVxlan  AleVxlan-rfe  AleVxlan-task  AlgoMatchUtil  AlgoMatchUtil-rfe  AlgoMatchUtil-task  Aloha  Aloha-rfe  Aloha-task  Alphanet  Alphanet-rfe  Alphanet-task  AltaLanz  AltaLanz-rfe  AltaLanz-task  Altera  Altera-rfe  Altera-task  Amphenol  Amphenol (DY)  Amphenol-rfe  antelope-drv  antelope-drv-rfe  antelope-drv-task  antlr3-5-2  antlr3-5-2-rfe  antlr3-5-2-task  antlr4  antlr4-rfe  antlr4-task  Anvl  Anvl-rfe  Anvl-task  Aom  Aom-diags  Aom-rfe  Aom-task  ApmPhy-diags  ApmX24  ApmX24-rfe  ApmX24-task  AppDmaLib  AppDmaLib-rfe  AppDmaLib-task  Aqemu  Aqemu-rfe  Aqemu-task  Arad  Arad-rfe  Arad-task  AradLanz  AradLanz-rfe  AradLanz-task  AradVxlan  AradVxlan-rfe  AradVxlan-task  Arbazel  Arbazel-rfe  Arbazel-task  ArBgp  ArBgp-rfe  ArBgp-task  ArBgpLu  ArBgpLu-rfe  ArBgpLu-task  ArBgpTest  ArBgpTest-rfe  ArBgpTest-task  ArBot  ArBot-rfe  ArBot-task  Arbugs  Arbugs-rfe  Arbugs-task  Arbus  Arbus-rfe  Arbus-task  ArbusAgent  ArbusAgent-rfe  ArbusAgent-task  Arby  Arby-rfe  Arby-task  Archer  Archer-rfe  Archer-task  ArcherTest  ArcherTest-rfe  ArcherTest-task  Arcov  Arcov-rfe  Arcov-task  ArDb  ArDb-rfe  ArDb-task  ardc  ardc-rfe  ardc-task  ArDcApps  ArDcApps-rfe  ArDcApps-task  ArDjango  ArDjango-rfe  ArDjango-task  Ardoc  Ardoc-rfe  Ardoc-task  Arecruit  Arecruit-rfe  Arecruit-task  Aresolve  Aresolve-rfe  Aresolve-task  Areview  Areview-rfe  Areview-task  ArGcov  ArGcov-rfe  ArGcov-task  ArGcovTest  ArGcovTest-rfe  ArGcovTest-task  ArGo  ArGo-rfe  ArGo-task  ArGoogleApps  ArGoogleApps-rfe  ArGoogleApps-task  Argotest  Argotest-rfe  Argotest-task  arista-bde  arista-bde-rfe  arista-bde-task  AristaAppForSplunk  AristaAppForSplunk-rfe  AristaAppForSplunk-task  AristaAppForSplunkNew  AristaAppForSplunkNew-rfe  AristaAppForSplunkNew-task  Arjob  Arjob-rfe  Arjob-task  ArjobDb  ArjobDb-rfe  ArjobDb-task  Ark  Ark-rfe  Ark-task  ArkCli  ArkCli-rfe  ArkCli-task  arm-tools  arm-tools-rfe  arm-tools-task  ArMake  ArMake-rfe  ArMake-task  ArMakeTest  ArMakeTest-rfe  ArMakeTest-task  ArMon  ArMon-rfe  ArMon-task  Arnet  Arnet-rfe  Arnet-task  ArNinja  ArNinja-rfe  ArNinja-task  Aroma  Aroma-rfe  Aroma-task  Arora  Arora-rfe  Arora-syslinux  Arora-syslinux-rfe  Arora-syslinux-task  Arora-task  AroraBugAlert  AroraBugAlert-rfe  AroraBugAlert-task  AroraConfig  AroraConfig-rfe  AroraConfig-task  AroraDevel  AroraDevel-rfe  AroraDevel-task  AroraExternal  AroraExternal-rfe  AroraExternal-task  AroraIcinga  AroraIcinga-rfe  AroraIcinga-task  AroraImage  AroraImage-rfe  AroraImage-task  AroraKernel  AroraKernel-rfe  AroraKernel-task  AroraUtils  AroraUtils-rfe  AroraUtils-task  AroraWeb  AroraWeb-rfe  AroraWeb-task  ArosBase  ArosBase-rfe  ArosBase-task  ArosTest  ArosTest-rfe  ArosTest-task  Arp  Arp-rfe  Arp-task  ArP4  ArP4-rfe  ArP4-task  ArpInspection  ArpInspection-rfe  ArPrep  ArPrep-rfe  ArPrep-task  ArpRoute  ArpRoute-rfe  ArpRoute-task  ArpSuppression  ArpSuppression-rfe  ArpSuppression-task  ArPygments  ArPygments-rfe  ArPygments-task  ArPyUtils  ArPyUtils-rfe  ArPyUtils-task  ArQa  ArQa-rfe  ArQa-task  Arrakis  Arrakis-rfe  ArRip  ArRip-rfe  ArRip-task  Arrow  Arrow-rfe  Arrow-task  ArrowAqlc  ArrowAqlc-rfe  ArrowAqlc-task  ArrowTacTest  ArrowTacTest-rfe  ArrowTacTest-task  ArrowTest  ArrowTest-rfe  ArrowTest-task  Arscale  Arscale-rfe  Arscale-task  Arsched  Arsched-rfe  Arsched-task  ArschedClient  ArschedClient-rfe  ArschedClient-task  Arsim  Arsim-rfe  Arsim-task  Arspark  Arspark-rfe  Arspark-task  Arsphinx  Arsphinx-rfe  Arsphinx-task  ArSwift  ArSwift-rfe  ArSwift-task  Arsys  Arsys-rfe  Arsys-task  ArsysTest  ArsysTest-rfe  ArsysTest-task  Artacc  Artacc-rfe  Artacc-task  Artest  Artest-rfe  Artest-task  ArtestTest  ArtestTest-rfe  ArtestTest-task  Artflow  Artflow-rfe  Artflow-task  Arthost  Arthost-rfe  Arthost-task  ArthostLib  ArthostLib-rfe  ArthostLib-task  Artist  Artist-rfe  Artist-task  ArToggles  ArToggles-rfe  ArToggles-task  ArTogglesCli  ArTogglesCli-rfe  ArTogglesCli-task  ArTogglesTest  ArTogglesTest-rfe  ArTogglesTest-task  Artools  Artools-rfe  Artools-task  ArtoolsDummy  ArtoolsSerialTest  ArtoolsSerialTest-rfe  ArtoolsSerialTest-task  Artournament  Artournament-rfe  Artournament-task  ArTrace  ArTrace-rfe  ArTrace-task  Arventory  Arventory-rfe  Arventory-task  AsicPktTestLib  AsicPktTestLib-rfe  AsicPktTestLib-task  AsicUtils  AsicUtils-rfe  AsicUtils-task  AsicUtils,Strata  AsicUtils,Strata-rfe  AsicUtils,Strata-task  Astec  Astec-rfe  Astec-task  ASU  Asu-rfe  Asu-task  AsuAgent  AsuAgent-rfe  AsuAgent-task  AsuCli  AsuCli-rfe  AsuCli-task  AsuFastPktRestore  AsuFastPktRestore-rfe  AsuFastPktRestore-task  AsuPatch  AsuPatch-rfe  AsuPatch-task  AsuTest  AsuTest-rfe  AsuTest-task  Atcollector  Atcollector-rfe  Atcollector-task  AtFork  AtFork-rfe  AtFork-task  Atime  Atime-rfe  Atime-task  aufs2-util  aufs2-util-rfe  aufs2-util-task  AutoAbug  automake  automake-rfe  automake-task  autopep8  autopep8-rfe  autopep8-task  AutoTest  AutoTest-rfe  AutoTest-service  AutoTest-service-rfe  AutoTest-service-task  AutoTest-task  AutoTestDb  AutoTestDb-rfe  AutoTestDb-task  AutoTriage  AutoTriage-rfe  AutoTriage-task  Avago  Avago (MD)  Avago-rfe  Avago-task  AvagoPhy-diags  Avb  Avb-rfe  Avb-task  AvbDut  AvbDut-rfe  AvbDut-task  AwebLib  AwebLib-rfe  AwebLib-task  awslogs  awslogs-rfe  awslogs-task  AwsVeosDutTest  AwsVeosDutTest-rfe  AwsVeosDutTest-task  Babbage  Babbage-rfe  Babbage-task  Backup  Backup-rfe  Backup-task  BaliFabric  BaliFabric-rfe  BaliFabric-task  Bannock  Bannock-rfe  Baremetal  Baremetal-rfe  Baremetal-task  Bartools  Bartools-rfe  Bartools-task  bash  bash-rfe  bash-task  bbcp  bbcp-rfe  bbcp-task  Bcm56300  Bcm56300-rfe  Bcm56300-task  bcmaccel  bcmaccel-rfe  bcmaccel-task  BcmApiTest  BcmApiTest-rfe  BcmApiTest-task  BcmDmaAbort  BcmDmaAbort-rfe  BcmDmaAbort-task  bcmlanz  bcmlanz-rfe  bcmlanz-task  BcmMdio  BcmMdio-rfe  BcmMdio-task  BcmPhy-diags  BcmSdkCommon  BcmSdkCommon-rfe  BcmSdkCommon-task  BcmSim  BcmSim-rfe  BcmSim-task  BeamTools  BeamTools-rfe  BeamTools-task  Bear  Bear-rfe  Beech-diags  Benchmark  Benchmark-rfe  Benchmark-task  BenchmarkDb  BenchmarkDb-rfe  BenchmarkDb-task  BenchmarkHw  BenchmarkHw-rfe  BenchmarkHw-task  Bess  Bess-rfe  Bess-task  bf-diags  bf-diags-rfe  bf-diags-task  bf-drivers  bf-drivers-rfe  bf-drivers-task  bf-syslibs  bf-syslibs-rfe  bf-syslibs-task  bf-utils  bf-utils-rfe  bf-utils-task  Bfd  Bfd-rfe  Bfd-task  bfdma  bfdma-rfe  bfdma-task  BfdTest  BfdTest-rfe  BfdTest-task  BfnAgentLib  BfnAgentLib-rfe  BfnAgentLib-task  BfnCentral  BfnCentral-rfe  BfnCentral-task  BfnCounters  BfnCounters-rfe  BfnCounters-task  BfnDiags  BfnDiags-rfe  BfnDiags-task  BfnFixed  BfnFixed-rfe  BfnFixed-task  BfnFlow  BfnFlow-rfe  BfnFlow-task  BfnHalo  BfnHalo-rfe  BfnHalo-task  BfnL2  BfnL2-rfe  BfnL2-task  BfnL3  BfnL3-rfe  BfnL3-task  BfnLag  BfnLag-rfe  BfnLag-task  BfnLib  BfnLib-rfe  BfnLib-task  BfnMbb  BfnMbb-rfe  BfnMbb-task  BfnMbbSlice  BfnMbbSlice-rfe  BfnMbbSlice-task  BfnMcast  BfnMcast-rfe  BfnMcast-task  BfnMirroring  BfnMirroring-rfe  BfnMirroring-task  BfnNat  BfnNat-rfe  BfnNat-task  BfnPhy  BfnPhy-rfe  BfnPhy-task  BfnQos  BfnQos-rfe  BfnQos-task  BfnSdk  BfnSdk-rfe  BfnSdk-task  BfnSharedState  BfnSharedState-rfe  BfnSharedState-task  BfnSliceAgent  BfnSliceAgent-rfe  BfnSliceAgent-task  BfnTunnel  BfnTunnel-rfe  BfnTunnel-task  BfnVlan  BfnVlan-rfe  BfnVlan-task  BfnXformMgr  BfnXformMgr-rfe  BfnXformMgr-task  Bgp  Bgp-rfe  Bgp-task  BgpCommon  BgpCommon-rfe  BgpCommon-task  BgpCore  BgpData  BgpData-rfe  BgpData-task  BgpFeatureTracker  BgpFeatureTracker-rfe  BgpFeatureTracker-task  BgpFlowspec  BgpFlowspec-rfe  BgpFlowspec-task  BgpSnmp  BgpSnmp-rfe  BgpSnmp-task  BgpSnmpTest  BgpSnmpTest-rfe  BgpSnmpTest-task  BgpVpnCommon  BgpVpnCommon-rfe  BgpVpnCommon-task  bigcode  bigcode-rfe  bigcode-task  Birch-diags  BlackBox  BlackBox-rfe  BlackBox-task  BlrInfra-task  Bmp  Bmp-rfe  Bmp-task  BmpDut  BmpDut-rfe  BmpDut-task  BmpTest  BmpTest-rfe  BmpTest-task  Bodega  Bodega-diags  Bodega-rfe  Bodega-task  BodegaChassis  BodegaChassis-rfe  boost  boost-rfe  boost-task  Brad  Brad-rfe  Brad-task  Breadman  Bridalveil  Bridalveil-rfe  BridgeBridge  BridgeBridge-rfe  BridgeBridge-task  BridgeTest  BridgeTest-rfe  BridgeTest-task  BroadcomSdk  BroadcomSdk-rfe  BroadcomSdk-task  BroadSync-diags  btrfs-progs  btrfs-progs-rfe  btrfs-progs-task  Buck  Buck-rfe  BugAlert  BugAlert-rfe  BugAlert-task  BugAlertTools  BugAlertTools-rfe  BugAlertTools-task  BugBoard  BugBoard-rfe  BugBoard-task  BugBot  BugBot-rfe  BugBot-task  BugsDatabase  BugsDatabase-rfe  BugsDatabase-task  BugsUI  BugsUITest  bugzilla  bugzilla-rfe  bugzilla-task  BugZTesting  Buildcache  Buildcache-rfe  Buildcache-task  Cables  Cables-rfe  Calistoga  Calistoga-rfe  Calpella  Canary  Canary-rfe  Canary-task  Capi  Capi-rfe  Capi-task  CapiTest  CapiTest-rfe  CapiTest-task  CaravanTelemetry  CaravanTelemetry-rfe  CaravanTelemetry-task  Caspar-diags  Cathedral  Cathedral-diags  Cathedral-rfe  Cazadero-diags  ccache  ccache-rfe  ccache-task  Cdp  Cdp-rfe  Cdp-task  CEos  CEos-rfe  CEos-task  CEosDut  CEosDut-rfe  CEosDut-task  CEosHelper  CEosHelper-rfe  CEosHelper-task  CEosImage  CEosImage-rfe  CEosImage-task  CEosInstaller  CEosInstaller-rfe  CEosInstaller-task  CEosNeo  CEosNeo-rfe  CEosNeo-task  CEosOnieInstaller  CEosOnieInstaller-rfe  CEosOnieInstaller-task  CEosOnieUtils  CEosOnieUtils-rfe  CEosOnieUtils-task  CEosTest  CEosTest-rfe  CEosTest-task  CEosUtils  CEosUtils-rfe  CEosUtils-task  ceph  ceph-rfe  ceph-task  CFM  CFM-rfe  Cfm-task  CfmAgent  CfmAgent-rfe  CfmAgent-task  CfmBase  CfmBase-rfe  CfmBase-task  CfmDut  CfmDut-rfe  CfmDut-task  CfmTest  CfmTest-rfe  CfmTest-task  cgroups  cgroups-rfe  cgroups-task  check  check-mibs  check-mibs-rfe  check-mibs-task  check-rfe  check-task  Chl822X  Chl822X-rfe  Chl822X-task  Cinch (LG)  cJSON  cJSON-rfe  cJSON-task  Clacton  Clacton-rfe  Clacton-task  ClariPhy  Clariphy-diags  ClariPhy-rfe  ClariPhy-task  ClassGraph  ClassGraph-rfe  ClassGraph-task  Clearlake-diags  Cli  Cli-rfe  Cli-task  Click  Click-rfe  Click-task  Climber  Climber-rfe  CliMode  CliMode-rfe  CliMode-task  CliParser  CliParser-rfe  CliParser-task  CliRelay  CliRelay-rfe  CliRelay-task  CliSchedulerMgr  CliSchedulerMgr-rfe  CliSchedulerMgr-task  CliSession  CliSession-rfe  CliSession-task  CliTest  CliTest-rfe  CliTest-task  CliTestClient  CliTestClient-rfe  CliTestClient-task  CliTracker  CliTracker-rfe  CliTracker-task  CliX  CliX-rfe  CliX-task  Clock-diags  CloudHa  CloudHa-rfe  CloudHa-task  CloudsRest-diags  CloudVirtualEnv  CloudVirtualEnv-rfe  CloudVirtualEnv-task  CloudVision-UserDoc  Cloverdale-diags  ClusterMgmt  ClusterMgmt-rfe  ClusterMgmt-task  ClusterMgmtTest  ClusterMgmtTest-rfe  ClusterMgmtTest-task  CMake  CMake-rfe  CMake-task  Codenomicon  Codenomicon-rfe  Codenomicon-task  CohabDut  CohabDut-rfe  CohabDut-task  ColdWatt  ColdWatt-rfe  ColdWatt-task  ColdWattHw  ColdWattHw-rfe  ColorChip (VL)  CommonCriteria  CommonCriteria-rfe  CommonCriteria-task  compat-antlr3  compat-antlr3-rfe  compat-antlr3-task  compat-gsoap  compat-gsoap-rfe  compat-gsoap-task  CompExplorer  CompExplorer-rfe  CompExplorer-task  ConditionalRoute  ConditionalRoute-rfe  ConditionalRoute-task  ConfigAgent  ConfigAgent-rfe  ConfigAgent-task  ConfigSession  ConfigSession-rfe  ConfigSession-task  ConnectedRoute  ConnectedRoute-rfe  ConnectedRoute-task  ConnectivityMonitor  ConnectivityMonitor-rfe  ConnectivityMonitor-task  ConnMgr  ConnMgr-rfe  ConnMgr-task  conserver  conserver-rfe  conserver-task  ContainerMgr  ContainerMgr-rfe  ContainerMgr-task  Controller  Controller-rfe  Controller-task  ControllerApp1  ControllerApp1-rfe  ControllerApp1-task  ControllerClient  ControllerClient-rfe  ControllerClient-task  ControllerCommon  ControllerCommon-rfe  ControllerCommon-task  Controllerdb  Controllerdb-rfe  Controllerdb-task  ControllerDebug  ControllerDebug-rfe  ControllerDebug-task  ControllerDut  ControllerDut-rfe  ControllerDut-task  ControllerProxyAgent  ControllerProxyAgent-rfe  ControllerProxyAgent-task  ControllerRegistration  ControllerRegistration-rfe  ControllerRegistration-task  ControllerTest  ControllerTest-rfe  ControllerTest-task  coreutils  coreutils-rfe  coreutils-task  Corrino  Corrino-rfe  Cotati-diags  cov-analysis  cov-analysis-rfe  cov-analysis-task  cov-platform  cov-platform-rfe  cov-platform-task  Coverage  Coverage-rfe  Coverage-task  CoverageGUI  CoverageGUI-rfe  CoverageGUI-task  Covsched  Covsched-rfe  Covsched-task  Coyote  Coyote-rfe  Cpld  Cpld-rfe  Cpld-task  CpssApi  CpssApi-rfe  CpssApi-task  CpuComplex  CpuComplex-rfe  CpuComplex-task  CpuFabric  CpuFabric-rfe  CpuFabric-task  CpuFabricCommon  CpuFabricCommon-rfe  CpuFabricCommon-task  CpuFabricTest  CpuFabricTest-rfe  CpuFabricTest-task  CpuLib-diags  cpuport  cpuport-rfe  cpuport-task  createrepo  createrepo-rfe  createrepo-task  CRM system  CRM system-rfe  crosstool-ng  crosstool-ng-rfe  crosstool-ng-task  Crt  Crt-rfe  Crt-task  cscope  cscope-rfe  cscope-task  Cspf  Cspf-rfe  Cspf-task  CStructGen  CStructGen-rfe  CStructGen-task  CtypeGen  CtypeGen-rfe  CtypeGen-task  curl  curl-rfe  curl-task  CVA  CVA-rfe  CVA-task  CvaDut  CvaDut-rfe  CvaDut-task  CvaTest  CvaTest-rfe  CvaTest-task  CVP  CVP-rfe  CVP-task  CvpDut  CvpDut-rfe  CvpDut-task  CVPI  CVPI-rfe  CVPI-task  CvpTest  CvpTest-rfe  CvpTest-task  CvxDemoServiceAgent  CvxDemoServiceAgent-rfe  CvxDemoServiceAgent-task  CvxDemoSwitchAgent  CvxDemoSwitchAgent-rfe  CvxDemoSwitchAgent-task  DaemonCli  DaemonCli-rfe  DaemonCli-task  DartGen  DartGen-rfe  DartGen-task  Dash  Dash-rfe  Dash-task  Dashboard-rfe  dbal  dbal-rfe  dbal-task  Dcb  Dcb-rfe  Dcb-task  Debug  Debug-rfe  Debug-task  Deckhand  Deckhand-rfe  Deckhand-task  Delta  Delta-rfe  Delta-task  DeltaHw  DeltaHw-rfe  DeltaPower  DeltaPower-rfe  DeltaPower-task  Demo  Demo_pkg  Demo_pkg-rfe  Demo_pkg-task  Demo_t  Demo_t-rfe  Demo_t-task  demo-orca-program  demo-orca-program-rfe  demo-orca-program-task  demo-orca-service  demo-orca-service-rfe  demo-orca-service-task  Demo-rfe  Demo-task  Demo1  Demo1-rfe  Demo1-task  DemoAgent  DemoAgent-rfe  DemoAgent-task  Denali  Denali-rfe  Denali-task  DenaliSnmp  DenaliSnmp-rfe  DenaliSnmp-task  Dfa  Dfa-rfe  Dfa-task  Dhclient  Dhclient-rfe  Dhclient-task  dhcp  dhcp-forwarder  dhcp-forwarder-rfe  dhcp-forwarder-task  dhcp-rfe  dhcp-task  DhcpClient  DhcpClient-rfe  DhcpClient-task  DhcpRelay  DhcpRelay-rfe  DhcpRelay-task  DhcpRelayTest  DhcpRelayTest-rfe  DhcpRelayTest-task  DhcpServer  DhcpServer-rfe  DhcpServer-task  DhcpSnooping  DiagEngine  DiagEngine-rfe  DiagEngine-task  Diags  Diags-rfe  Diags-task  DiagsImage  DiagsImage-rfe  DiagsImage-task  DiagsTools  DiagsTools-rfe  DiagsTools-task  DirectFlow  DirectFlow-rfe  DirectFlow-task  DirectFlowTest  DirectFlowTest-rfe  DirectFlowTest-task  DiskImager  DiskImager-rfe  DiskImager-task  disknanny  disknanny-rfe  disknanny-service  disknanny-service-rfe  disknanny-service-task  disknanny-task  Display  Display-rfe  Display-task  Dist  Dist-rfe  Dist-task  distcc  distcc-rfe  distcc-task  DITA Guidelines  django-hosts  django-hosts-rfe  django-hosts-task  djdump  djdump-rfe  djdump-task  dmamem  dmamem-rfe  dmamem-task  dnsmasq  dnsmasq-rfe  dnsmasq-task  docker  docker-rfe  docker-task  dockertest  dockertest-rfe  dockertest-task  Doran-diags  Dos  Dos-rfe  Dos-task  DosAlta  DosAlta-rfe  DosAlta-task  DosBarefoot  DosBarefoot-rfe  DosBarefoot-task  DosBroadcom  DosBroadcom-rfe  DosBroadcom-task  DosCtypes  DosCtypes-rfe  DosCtypes-task  DosDocumentation  DosDocumentation-rfe  DosDocumentation-task  DosFocalPoint  DosFocalPoint-rfe  DosFocalPoint-task  DosInfra  DosInfra-diags  DosInfra-rfe  DosInfra-task  DosSand  DosSand-rfe  DosSand-task  DosStrata  DosStrata-rfe  DosStrata-task  DosSystem  DosSystem-diags  DosSystem-rfe  DosSystem-task  DosSystemBase  DosSystemBase-rfe  DosSystemBase-task  DosUmbrella  DosUmbrella-rfe  DosUmbrella-task  DosXp  DosXp-rfe  DosXp-task  Dot1ag  Dot1ag-rfe  Dot1ag-task  Dot1x  Dot1x-rfe  Dot1x-task  Dpdk  Dpdk-rfe  Dpdk-task  Dpll  Dpll-rfe  Dpll-task  DropWatch  DropWatch-rfe  DropWatch-task  Ds125Br  Ds125Br-rfe  Ds125Br-task  Ds280  Ds280-rfe  Ds280-task  Dscp  Dscp-rfe  Dscp-task  DscpTest  DscpTest-rfe  DscpTest-task  DspUtils  DspUtils-rfe  DspUtils-task  dumb-init  dumb-init-rfe  dumb-init-task  DummyACL  DummyACL-rfe  DummyACL-task  dummyaclagent  dummyaclagent-rfe  dummyaclagent-task  Dune  Dune-rfe  dwz  dwz-rfe  dwz-task  DynamicRoutes  DynamicRoutes-rfe  DynamicRoutes-task  DynamicRouting  DynamicRouting-rfe  DynamicServiceInsertion  DynamicServiceInsertion-rfe  DynamicServiceInsertion-task  dynamips  dynamips-rfe  dynamips-task  EaglePeak-diags  Eapi  Eapi-rfe  Eapi-task  Ebra  Ebra-rfe  Ebra-task  EbraOCTests  EbraOCTests-rfe  EbraOCTests-task  EbraSnmp  EbraSnmp-rfe  EbraSnmp-task  EcbAgent  EcbAgent-rfe  EcbAgent-task  edtest  edtest-rfe  edtest-task  EDVT-Automation-Tools  Eeyore  Eeyore-rfe  Eeyore-task  eke  eke-rfe  eke-task  ElCapitan-diags  ElCorazon-diags  emacs  emacs-rfe  emacs-task  Emcore (JB)  EmersonHw  EmersonHw-rfe  EmersonPower  EmersonPower-rfe  EmersonPower-task  EngTeam  EngTeam-rfe  EngTeam-task  Enigma  Enigma-rfe  Enigma-task  EnigmaApi  EnigmaApi-rfe  EnigmaApi-task  EntityMib  EntityMib-rfe  EntityMib-task  Environment  Environment-rfe  Environment-task  EnvSnmp  EnvSnmp-rfe  EnvSnmp-task  Eoam  Eoam-rfe  Eoam-task  Eos  Eos-initscripts  Eos-initscripts-rfe  Eos-initscripts-task  Eos-logos  Eos-logos-rfe  Eos-logos-task  Eos-release  Eos-release-rfe  Eos-release-task  Eos-rfe  Eos-task  Eos-udev  Eos-udev-rfe  Eos-udev-task  EOS-UserDoc  EosAbootFirmwareUtils  EosAbootFirmwareUtils-rfe  EosAbootFirmwareUtils-task  EosDoc  EosDoc-rfe  EosDoc-task  EosExtras  EosExtras-rfe  EosExtras-task  EosImage  EosImage-rfe  EosImage-task  EosImage2GB  EosImage2GB-rfe  EosImage2GB-task  EosImageREV01HW  EosImageREV01HW-rfe  EosImageREV01HW-task  EosInit  EosInit-rfe  EosInit-task  EosKernel  EosKernel-rfe  EosKernel-task  EosKernelTest  EosKernelTest-rfe  EosKernelTest-task  EosLiteDut  EosLiteDut-rfe  EosLiteDut-task  EosSdk  EosSdk-rfe  EosSdk-task  EosSdkApps  EosSdkApps-rfe  EosSdkApps-task  EosTortureTest  EosTortureTest-rfe  EosTortureTest-task  EosUtils  EosUtils-rfe  EosUtils-task  EosVersion  EosVersion-rfe  EosVersion-task  Epil2Api  Epil2Api-rfe  Epil2Api-task  EpilApi  EpilApi-rfe  EpilApi-task  Epoch  Epoch-rfe  Epoch-task  EpqDmaLib  EpqDmaLib-rfe  EpqDmaLib-task  Eql  Eql-rfe  Eql-task  Espresso  Espresso-rfe  Espresso-task  EtbaDut  EtbaDut-rfe  EtbaDut-task  Ether  EthIntf  EthIntf-rfe  EthIntf-task  EthIntfSnmp  EthIntfSnmp-rfe  EthIntfSnmp-task  Eureka-diags  EventHistory  EventHistory-rfe  EventHistory-task  EventHistoryCli  EventHistoryCli-rfe  EventHistoryCli-task  EventMgr  EventMgr-rfe  EventMgr-task  EventMgrEnvironment  EventMgrEnvironment-rfe  EventMgrEnvironment-task  EventMgrSystem  EventMgrSystem-rfe  EventMgrSystem-task  EventMon  EventMon-rfe  EventMon-task  EventMonTest  EventMonTest-rfe  EventMonTest-task  Evora  Evora-rfe  Evora-task  EvoraApi  EvoraApi-rfe  EvoraApi-task  EvoRack  EvoRack-rfe  EvoRack-task  Evpn  Evpn-rfe  Evpn-task  EvpnLib  EvpnLib-rfe  EvpnLib-task  EvpnMplsTest  EvpnMplsTest-rfe  EvpnMplsTest-task  EvpnTest  EvpnTest-rfe  EvpnTest-task  EvpnVxlanTest  EvpnVxlanTest-rfe  EvpnVxlanTest-task  exabgp  exabgp-rfe  exabgp-task  Excelight  Excelight-rfe  exectest  exectest-rfe  exectest-task  Extension  Extension-rfe  Extension-task  ExtensionMgr  ExtensionMgr-rfe  ExtensionMgr-task  ExtEntity  ExtEntity-rfe  ExtEntity-task  External  External-rfe  External-task  ExternalAlarm  ExternalAlarm-rfe  ExternalAlarm-task  f1  f1-rfe  f1-task  fable  fable-rfe  fable-task  FabricIntf  FabricIntf-rfe  FabricIntf-task  Facilities  Facilities-rfe  fal  fal-rfe  fal-task  Fan-diags  Fan/Power  Fan/Power-rfe  FastServerFailover  FastServerFailover-rfe  FastServerFailover-task  FastServerFailoverTest  FastServerFailoverTest-rfe  FastServerFailoverTest-task  FaultInjection  FaultInjection-rfe  FaultInjection-task  FeatureQosMixedTests  FeatureQosMixedTests-rfe  FeatureQosMixedTests-task  FeatureRoutingMixedTests  FeatureRoutingMixedTests-rfe  FeatureRoutingMixedTests-task  Fhrp  Fhrp-rfe  Fhrp-task  FhrpSnmp  FhrpSnmp-rfe  FhrpSnmp-task  FhrpTest  FhrpTest-rfe  FhrpTest-task  FileCli  FileCli-rfe  FileCli-task  FileReplication  FileReplication-rfe  FileReplication-task  FileSystemMount  FileSystemMount-rfe  FileSystemMount-task  FileSystems  FileSystems-rfe  FileSystems-task  Finisar  Finisar (TH)  Finisar-rfe  fipscheck  fipscheck-rfe  fipscheck-task  Firewall  Firewall-rfe  Firewall-task  FirewallTest  FirewallTest-rfe  FirewallTest-task  firmware  firmware-rfe  firmware-task  FlameGraph  FlameGraph-rfe  FlameGraph-task  FlexCounters  FlexCounters-rfe  FlexCounters-task  FlexCountersTest  FlexCountersTest-rfe  FlexCountersTest-task  FmApi  FmApi-rfe  FmApi-task  Fne  Fne-rfe  Fne-task  FneTest  FneTest-rfe  FneTest-task  FocalPoint  focalpoint-plx  focalpoint-plx-rfe  focalpoint-plx-task  FocalPoint-rfe  FocalPoint-task  FocalPointV2  FocalPointV2-rfe  FocalPointV2-task  FocalPointV2Test  FocalPointV2Test-rfe  FocalPointV2Test-task  Forestville-diags  ForwardingAgentQosTestMixedTests  ForwardingAgentQosTestMixedTests-rfe  ForwardingAgentQosTestMixedTests-task  ForwardingAgentVxlanTestMixedTests  ForwardingAgentVxlanTestMixedTests-rfe  ForwardingAgentVxlanTestMixedTests-task  ForwardingMonitor  ForwardingMonitor-rfe  ForwardingMonitor-task  Fossil  Fossil-rfe  Fossil-task  fpdma  fpdma-rfe  fpdma-task  Fpga  Fpga-rfe  Fpga-task  FpgaHealthMonitor  FpgaHealthMonitor-rfe  FpgaHealthMonitor-task  FPLanz  FPLanz-rfe  FPLanz-task  freeradius-client  freeradius-client-rfe  freeradius-client-task  Fru  Fru-rfe  Fru-task  FruSnmp  FruSnmp-rfe  FruSnmp-task  Fulcrum  Fulcrum-rfe  FuriaApi  FuriaApi-rfe  FuriaApi-task  FuseAgent  FuseAgent-rfe  FuseAgent-task  Fvm  Fvm-rfe  Fvm-task  gated  gated-rfe  gated-task  GatedBgp  GatedBgp-rfe  GatedBgp-task  GatedRouteMap  GatedRouteMap-rfe  GatedRouteMap-task  GatedSnmp  GatedSnmp-rfe  GatedSnmp-task  GatedTe  GatedTe-rfe  GatedTe-task  GatedTest  GatedTest-rfe  GatedTest-task  gbenchmark  gbenchmark-rfe  gbenchmark-task  GbEPROM  GbEPROM-rfe  GbEPROM-task  gcc  gcc-rfe  gcc-task  gdb  gdb-rfe  gdb-task  geiger  geiger-rfe  geiger-task  General-diags  GenericSnmp  GenericSnmp-rfe  GenericSnmp-task  GenSuite  GenSuite-rfe  GenSuite-task  gflags  gflags-rfe  gflags-task  gitar  gitar-rfe  gitar-task  github  github-rfe  github-task  GitPatchMgmt  GitPatchMgmt-rfe  GitPatchMgmt-task  GitPatchReview  GitPatchReview-rfe  GitPatchReview-task  Glacier  Glacier-rfe  Glacier-task  GlenEllen  GlenEllen-rfe  Glenlyon  Glenlyon-rfe  Glenlyon-task  glibc  glibc-rfe  glibc-task  glog  glog-rfe  glog-task  Gmp  Gmp-rfe  Gmp-task  Gn2405  Gn2405-rfe  Gn2405-task  gnmi  gnmi-rfe  gnmi-task  gnoi  gnoi-rfe  gnoi-task  go-mangoes  go-mangoes-rfe  go-mangoes-task  go-mangos  go-mangos-rfe  go-mangos-task  go-nanomsg  go-nanomsg-rfe  go-nanomsg-task  goa4  goa4-rfe  goa4-task  goexternal  goexternal-rfe  goexternal-task  gograb  gograb-rfe  gograb-task  golang  golang-rfe  golang-task  GoldenGate  GoldenGate-rfe  Goodbye  Goodbye-rfe  Goodbye-task  google-api-python-client  google-api-python-client-rfe  google-api-python-client-task  google-perftools  google-perftools-rfe  google-perftools-task  gopacket  gopacket-rfe  gopacket-task  GOpenFlow  GOpenFlow-rfe  GOpenFlow-task  gotestlib  gotestlib-rfe  gotestlib-task  goworkspace  goworkspace-rfe  goworkspace-task  gperftools  gperftools-rfe  gperftools-task  GPIO-diags  Group  Group-rfe  Group-task  grpc  grpc-rfe  grpc-task  grpcio  grpcio-rfe  grpcio-task  gsoap  gsoap-rfe  gsoap-task  gtest  gtest-rfe  gtest-task  Guernville-diags  gut  gut-rfe  gut-task  hadoop-distributions  hadoop-distributions-rfe  hadoop-distributions-task  HadoopTracer  HadoopTracer-rfe  HadoopTracer-task  Halfdome  Halfdome-rfe  Halo  Halo-rfe  Halo-task  HaloFpga  HaloFpga-rfe  HaloFpga-task  HaloUtil  HaloUtil-rfe  HaloUtil-task  Hardware  Hardware-rfe  Hardware-task  HashUtils  HashUtils-rfe  HashUtils-task  Health  Health-rfe  Health-task  HealthMgr  HealthMgr-rfe  HealthMgr-task  Helena  Helena-rfe  Hello  Hello-rfe  Hello-task  HelloAgent  HelloAgent-rfe  HelloAgent-task  help2man  help2man-rfe  help2man-task  HitlessRestartTest  HitlessRestartTest-rfe  HitlessRestartTest-task  HMtestPackage  Hollywod-rfe  Hollywod-task  Hollywood  Hollywood-rfe  Hollywood-task  HostInject  HostInject-rfe  HostInject-task  HostInjectAgent  HostInjectAgent-rfe  HostInjectAgent-task  HostResourcesMib  HostResourcesMib-rfe  HostResourcesMib-task  HostSecurity  HostSecurity-rfe  HostSecurity-task  HostSecurityTest  HostSecurityTest-rfe  HostSecurityTest-task  hrdb  hrdb-rfe  hrdb-task  Hsc  Hsc-rfe  Hsc-task  HscRestApi  HscRestApi-rfe  HscRestApi-task  HttpbinDut  HttpbinDut-rfe  HttpbinDut-task  HttpService  HttpService-rfe  HttpService-task  Hut  Hut-rfe  Hut-task  HW-UserDoc  icinga  icinga-rfe  icinga-task  Idt82p33831  Idt82p33831-rfe  Idt82p33831-task  Idt82v3396  Idt82v3396-rfe  Idt82v3396-task  idutils  idutils-rfe  idutils-task  Igmp  Igmp-rfe  Igmp-task  IgmpHost  IgmpHost-rfe  IgmpHost-task  IgmpHostProxy  IgmpHostProxy-rfe  IgmpHostProxy-task  IgmpProxy  IgmpProxy-rfe  IgmpProxy-task  IgmpSnmp  IgmpSnmp-rfe  IgmpSnmp-task  IgmpSnooping  IgmpSnooping-rfe  IgmpSnooping-task  IgmpSnoopingFeature  IgmpSnoopingFeature-rfe  IgmpSnoopingTest  IgmpSnoopingTest-rfe  IgmpSnoopingTest-task  IgmpTest  IgmpTest-rfe  IgmpTest-task  ImageTest  ImageTest-rfe  ImageTest-task  Influx  Influx-rfe  Influx-task  influxlib  influxlib-rfe  influxlib-task  InnoLight (DP)  Inphi  Inphi-rfe  Inphi-task  InPhy-diags  Intel  Intel-rfe  InternalPortsSnmp  InternalPortsSnmp-rfe  InternalPortsSnmp-task  InteropL1  InteropL1Test  InteropL1Test-rfe  InteropL1Test-task  Intf  Intf-rfe  Intf-task  IntfAdapter  IntfAdapter-rfe  IntfAdapter-task  IntfSnmp  IntfSnmp-rfe  IntfSnmp-task  iomemory-vsl  iomemory-vsl-rfe  iomemory-vsl-task  iozone  iozone-rfe  iozone-task  IpDut  IpDut-rfe  IpDut-task  iperf  iperf-rfe  iperf-task  IpEth  IpEth-rfe  IpEth-task  IpEthTest  IpEthTest-rfe  IpEthTest-task  IpMRouteSnmp  IpMRouteSnmp-rfe  IpMRouteSnmp-task  IpRib  IpRib-rfe  IpRib-task  IpRibDut  IpRibDut-rfe  IpRibDut-task  IpRibLib  IpRibLib-rfe  IpRibLib-task  IpRibMain  IpRibMain-rfe  IpRibMain-task  IpRibTest  IpRibTest-rfe  IpRibTest-task  iproute  iproute-rfe  iproute-task  Ipsec  ipsec_flow_parallelization  ipsec_flow_parallelization-rfe  ipsec_flow_parallelization-task  Ipsec-rfe  Ipsec-task  ipsecflow_parallelization  ipsecflow_parallelization-rfe  ipsecflow_parallelization-task  IpsecTest  IpsecTest-rfe  IpsecTest-task  iptables  iptables-rfe  iptables-task  Ipv6NeighborDiscovery  Ipv6NeighborDiscovery-rfe  Ipv6NeighborDiscovery-task  Ipv6RouterAdvt  Ipv6RouterAdvt-rfe  Ipv6RouterAdvt-task  Ira  Ira-rfe  Ira-task  IraAcl  IraAcl-rfe  IraAcl-task  IraSnmp  IraSnmp-rfe  IraSnmp-task  irqbalance  irqbalance-rfe  irqbalance-task  isatapd  isatapd-rfe  isatapd-task  Isis  Isis-rfe  Isis-task  IsisMultiProtocolTest  IsisMultiProtocolTest-rfe  IsisMultiProtocolTest-task  isl  isl-rfe  isl-task  Isl6812X  Isl6812X-rfe  Isl6812X-task  IT Support  IT Support-rfe  ixHltApi  ixHltApi-rfe  ixHltApi-task  Ixia  Ixia-rfe  Ixia-task  ixNetworkTcl  ixNetworkTcl-rfe  ixNetworkTcl-task  ixTclHal  ixTclHal-rfe  ixTclHal-task  jcc  jcc-rfe  jcc-task  JDSU  JDSU (CW)  JDSU-rfe  jemalloc  jemalloc-rfe  jemalloc-task  Jenner  Jenner-rfe  Jenner-task  Jericho2Fixed  Jericho2Fixed-rfe  Jericho2Fixed-task  JerichoFixed  JerichoFixed-rfe  JerichoFixed-task  JerichoPlusFixed  JerichoPlusFixed-rfe  JerichoPlusFixed-task  Jinja2  Jinja2-rfe  Jinja2-task  JPlusFixed  JPlusFixed-rfe  JPlusFixed-task  jshon  jshon-rfe  jshon-task  json-cfg  json-cfg-rfe  json-cfg-task  jsonrpclib  jsonrpclib-rfe  jsonrpclib-task  Jtag  Jtag-rfe  Jtag-task  Judy  Judy-rfe  Judy-task  jungledisk  jungledisk-rfe  jungledisk-task  Kabini  Kabini-rfe  Kabini-task  kafka  kafka-rfe  kafka-task  kafkacat  kafkacat-rfe  kafkacat-task  kbfd  kbfd-rfe  kbfd-task  Kbp  kbp-driver  kbp-driver-rfe  kbp-driver-task  Kbp-rfe  Kbp-task  KbpSdk  KbpSdk-rfe  KbpSdk-task  KernelDevTools  KernelDevTools-rfe  KernelDevTools-task  KernelFib  KernelFib-rfe  KernelFib-task  KernelFibTest  KernelFibTest-rfe  KernelFibTest-task  KernelMfib  KernelMfib-rfe  KernelMfib-task  KernelNetworkInfo  KernelNetworkInfo-rfe  KernelNetworkInfo-task  KernelVersion  KernelVersion-rfe  KernelVersion-task  kexec-tools  kexec-tools-rfe  kexec-tools-task  klish  klish-rfe  klish-task  kshim  kshim-rfe  kshim-task  kubectl  kubectl-rfe  kubectl-task  kwonly-args  kwonly-args-rfe  kwonly-args-task  L2Rib  L2Rib-rfe  L2Rib-task  L3BfdTest  L3BfdTest-rfe  L3BfdTest-task  L3ProtocolAgentModelCleanup  L3ProtocolAgentModelCleanup-rfe  L3ProtocolAgentModelCleanup-task  L3ProtocolCleanup  L3ProtocolCleanup-rfe  L3ProtocolCleanup-task  L3TestLib  L3TestLib-rfe  L3TestLib-task  L3Vpn  L3Vpn-rfe  L3Vpn-task  Labpatch  Labpatch-rfe  Labpatch-task  Lag  Lag-rfe  Lag-task  LagSnmp  LagSnmp-rfe  LagSnmp-task  LagTest  LagTest-rfe  LagTest-task  Lanz  Lanz-rfe  Lanz-task  lanzcoprocessor  lanzcoprocessor-rfe  lanzcoprocessor-task  LanzTest  LanzTest-rfe  LanzTest-task  Larkfield-diags  LassenPower  LassenPower-rfe  LassenPower-task  lasso  lasso-rfe  lasso-task  Lattice  Lattice-rfe  Lattice-task  Launcher  Launcher-rfe  Launcher-task  LauncherSnmp  LauncherSnmp-rfe  LauncherSnmp-task  Layer1Mgmt  Layer1Mgmt-rfe  Layer1Mgmt-task  Ldp  Ldp-rfe  Ldp-task  LdpSnmp  LdpSnmp-rfe  LdpSnmp-task  LdpTest  LdpTest-rfe  LdpTest-task  Leoni (HC)  lftp  lftp-rfe  lftp-task  libcrafter  libcrafter-rfe  libcrafter-task  libdrm  libdrm-rfe  libdrm-task  libedit  libedit-rfe  libedit-task  libestrar  libestrar-rfe  libestrar-task  libev  libev-rfe  libev-task  libevent  libevent-rfe  libevent-task  libfastjson  libfastjson-rfe  libfastjson-task  libipt  libipt-rfe  libipt-task  liblogging  liblogging-rfe  liblogging-task  liblognorm  liblognorm-rfe  liblognorm-task  libpcap  libpcap-rfe  libpcap-task  librdkafka  librdkafka-rfe  librdkafka-task  librelp  librelp-rfe  librelp-task  libtool  libtool-rfe  libtool-task  libuio  libuio-rfe  libuio-task  libunwind  libunwind-rfe  libunwind-task  libvirt  libvirt-rfe  libvirt-task  License  License-rfe  License-task  LicenseCommon  LicenseCommon-rfe  LicenseCommon-task  LicenseRequestWeb  LicenseRequestWeb-rfe  LicenseRequestWeb-task  LicenseServer  LicenseServer-rfe  LicenseServer-task  LicenseTest  LicenseTest-rfe  LicenseTest-task  lidar  lidar-rfe  lidar-task  LinuxBridge  LinuxBridge-rfe  LinuxBridge-task  lksim  lksim-rfe  lksim-task  Lldp  Lldp-rfe  Lldp-task  LldpTest  LldpTest-rfe  LldpTest-task  llvm  llvm-rfe  llvm-task  Lm73  Lm73-rfe  Lm73-task  Lm95234  Lm95234-rfe  Lm95234-task  LoadBalancer  LoadBalancer-rfe  LoadBalancer-task  LoggedIo  LoggedIo-rfe  LoggedIo-task  LogLake  LogMgr  LogMgr-rfe  LogMgr-task  Logscan-service  Logscan-service-rfe  Logscan-service-task  LoopProtect  LoopProtect-rfe  LoopProtect-task  LpmTrie  LpmTrie-rfe  LpmTrie-task  m2crypto  m2crypto-rfe  m2crypto-task  M8  M8-rfe  MacMon  MacMon-rfe  MacMon-task  MacPhyConc  MacPhyConc-rfe  MacPhyConc-task  Macsec  Macsec-rfe  Macsec-task  MacSecAle  MacSecAle-rfe  MacSecAle-task  MacsecProxy  MacsecProxy-rfe  MacsecProxy-task  MacsecWeb  MacsecWeb-rfe  MacsecWeb-task  MadApi  MadApi-rfe  MadApi-task  MaintenacenModeTest  MaintenacenModeTest-rfe  MaintenacenModeTest-task  Maintenance  Maintenance-rfe  Maintenance-task  MaintenanceMode  MaintenanceMode-rfe  MaintenanceMode-task  MaintenanceModeTest  MaintenanceModeTest-rfe  MaintenanceModeTest-task  make  make-rfe  make-task  makedumpfile  makedumpfile-rfe  makedumpfile-task  ManagementActive  ManagementActive-rfe  ManagementActive-task  Manufacturing  Manufacturing-rfe  Marco  Marco-rfe  Marco-task  MarcoTest  MarcoTest-rfe  MarcoTest-task  MatchList  MatchList-rfe  MatchList-task  Matt  Matt-rfe  Matt-task  Max24305  Max24305-rfe  Max24305-task  Max31790  Max31790-rfe  Max31790-task  Max5980  Max5980-rfe  Max5980-task  Max6658  Max6658-rfe  Max6658-task  Max6697  Max6697-rfe  Max6697-task  mb-tools  mb-tools-rfe  mb-tools-task  MbbPostcodef  MbbPostcodef-rfe  MbbPostcodef-task  McastAgentContainer  McastAgentContainer-rfe  McastAgentContainer-task  McastBoundary  McastBoundary-rfe  McastBoundary-task  McastBridging  McastBridging-rfe  McastBridging-task  McastCommon  McastCommon-rfe  McastCommon-task  McastCommonTest  McastCommonTest-rfe  McastCommonTest-task  McastTest  McastTest-rfe  McastTest-task  Mcp55  Mcp55-rfe  Mcp55-task  Meadowood  Meadowood-rfe  Mellanox  Mellanox-rfe  Memgraph  Memgraph-rfe  Memgraph-task  Memory-diags  Mendocino  Mendocino-diags  Mendocino-rfe  Mendocino-task  Mentor  Mentor-rfe  Merced  Merced-rfe  Merge  Merge (WX)  Merge-rfe  Metadb  Metadb-rfe  Metadb-task  MetadbTest  MetadbTest-rfe  MetadbTest-task  MfgInfra  MfgInfra-diags  MfgInfra-rfe  MfgInfra-task  MfgShared  MfgShared-rfe  MfgShared-task  MfgTest  MfgTest-rfe  MfgTest-task  MgmtSecurity  MgmtSecurity-rfe  MgmtSecurity-task  Microsemi  Microsemi-rfe  Microsemi-task  mingetty  mingetty-rfe  mingetty-task  mips-sde  mips-sde-rfe  mips-sde-task  Mirroring  Mirroring-rfe  Mirroring-task  MirroringTest  MirroringTest-rfe  MirroringTest-task  Misc  Misc-rfe  MiscSnmp  MiscSnmp-rfe  MiscSnmp-task  mjollnir  mjollnir-rfe  mjollnir-task  mkelfImage  mkelfImage-rfe  mkelfImage-task  Mlag  Mlag-rfe  Mlag-task  MlagDut  MlagDut-rfe  MlagDut-task  MlagSnmp  MlagSnmp-rfe  MlagSnmp-task  MlagVrrp  MlagVrrp-rfe  MlagVrrp-task  Mld  Mld-rfe  Mld-task  MldTest  MldTest-rfe  MldTest-task  Mmpa  Mmpa-rfe  Mmpa-task  mock-program  mock-program-rfe  mock-program-task  mock-service  mock-service-rfe  mock-service-task  mod_auth_mellon  mod_auth_mellon-rfe  mod_auth_mellon-task  mod_python  mod_python-rfe  mod_python-task  Modular  Modular-rfe  Modular-task  ModularPlatform  ModularPlatform-rfe  Molex  Molex (PV)  Molex-rfe  mosh  mosh-rfe  mosh-task  MoshCli  MoshCli-rfe  MoshCli-task  moss  moss-rfe  moss-task  MountAnalyzer  MountAnalyzer-rfe  MountAnalyzer-task  MoveDownstairs  MoveDownstairs-rfe  MpcFree  MpcFree-rfe  MpcFree-task  Mpls  Mpls-rfe  Mpls-task  MplsAgent  MplsAgent-rfe  MplsAgent-task  MplsData  MplsData-rfe  MplsData-task  MplsTest  MplsTest-rfe  MplsTest-task  MplsUtils  MplsUtils-rfe  MplsUtils-task  MplsVpn  MplsVpn-rfe  MplsVpn-task  mpt3sas  mpt3sas-rfe  mpt3sas-task  Mroute  Mroute-rfe  Mroute-task  MrouteTest  MrouteTest-rfe  MrouteTest-task  Mrp  Mrp-rfe  Mrp-task  mrt  mrt-rfe  mrt-task  mrtparse  mrtparse-rfe  mrtparse-task  MrtrDut  MrtrDut-rfe  MrtrDut-task  Msdp  Msdp-rfe  Msdp-task  MsdpSnmp  MsdpSnmp-rfe  MsdpSnmp-task  MsdpTest  MsdpTest-rfe  MsdpTest-task  Msrp  Msrp-rfe  Msrp-task  Mss  Mss-rfe  Mss-task  MssClient  MssClient-rfe  MssClient-task  MssPolicyMonitor  MssPolicyMonitor-rfe  MssPolicyMonitor-task  MssTest  MssTest-rfe  MssTest-task  Mt. Baker  Mt. Baker-rfe  MtDan-diags  MtDana-diags  MtdApi  MtdApi-rfe  MtdApi-task  mtrace  mtrace-rfe  mtrace-task  MultiProtocolRouting  MultiProtocolRouting-rfe  MultiProtocolRouting-task  MultiProtocolTools  MultiProtocolTools-rfe  MultiProtocolTools-task  MultiProtocolTunnelTest  MultiProtocolTunnelTest-rfe  MultiProtocolTunnelTest-task  Mvrp  Mvrp-rfe  Mvrp-task  MyDemo  MyDemo-rfe  MyDemo-task  mysqltestlib  mysqltestlib-rfe  mysqltestlib-task  NameNode  NameNode-rfe  NameNode-task  NameNodeTest  NameNodeTest-rfe  NameNodeTest-task  NamespaceCluster  NamespaceCluster-rfe  NamespaceCluster-task  NamespaceDut  NamespaceDut-rfe  NamespaceDut-task  nanomsg  nanomsg-rfe  nanomsg-task  nanowbem  nanowbem-rfe  nanowbem-task  Napa  Napa-hw  Napa-rfe  Napa-task  Nat  Nat-rfe  Nat-task  NatTest  NatTest-rfe  NatTest-task  ncclient  ncclient-rfe  ncclient-task  ncurses  ncurses-rfe  ncurses-task  ndisc6  ndisc6-rfe  ndisc6-task  net-snmp  net-snmp-rfe  net-snmp-task  Netconf  Netconf-rfe  Netconf-task  netns  netns-rfe  netns-task  NetworkTest  NetworkTest-rfe  NetworkTest-task  NetworkTools  NetworkTools-rfe  NetworkTools-task  NetworkView  NetworkView-rfe  NetworkView-task  Nevada  Nevada-rfe  NewBgp  NewBgp-rfe  NewBgp-task  nginx  nginx-rfe  nginx-task  nglogc  nglogc-rfe  nglogc-task  Nice  Nice Diags  nios2eds  nios2eds-rfe  nios2eds-task  nnpy  nnpy-rfe  nnpy-task  node  node-rfe  node-task  nodejs  nodejs-rfe  nodejs-task  Nooksack  Nooksack-rfe  NorCal  NorCal-rfe  NorCal-task  NorCalCard  NorCalCard-rfe  NorCalCard-task  NorCalMfg  NorCalMfg-rfe  NorCalMfg-task  NorCalSys  NorCalSys-rfe  NorCalSys-task  NorCalTest  NorCalTest-rfe  NorCalTest-task  nstools  nstools-rfe  nstools-task  nsutil  nsutil-rfe  nsutil-task  Ntp  Ntp-rfe  Ntp-task  ntp-udel  ntp-udel-rfe  ntp-udel-task  NuageVsp  Nvgre  Nvgre-rfe  Nvgre-task  Oak-diags  OAM-task  oauth2client  oauth2client-rfe  oauth2client-task  ObjectTracking  ObjectTracking-rfe  ObjectTracking-task  oepnssl  oepnssl-rfe  oepnssl-task  Olema-diags  omi  omi-rfe  omi-task  onie  onie-rfe  onie-task  OnsiteDetector  OnsiteDetector-rfe  OnsiteDetector-task  openbmp  openbmp-rfe  openbmp-task  OpenConfig  OpenConfig-rfe  OpenConfig-task  OpenConfigTest  OpenConfigTest-rfe  OpenConfigTest-task  OpenFlow  OpenFlow-rfe  OpenFlow-task  OpenFlowTest  OpenFlowTest-rfe  OpenFlowTest-task  OpenGrok  OpenGrok-rfe  OpenGrok-task  openssh  openssh-rfe  openssh-task  OpenSSHTest  OpenSSHTest-rfe  OpenSSHTest-task  openssl  openssl-rfe  openssl-task  OpenStack  OpenStack-rfe  openstack-swift  openstack-swift-rfe  openstack-swift-task  OpenStack-task  openstackpythonclients  openstackpythonclients-rfe  openstackpythonclients-task  openvswitch  openvswitch-rfe  openvswitch-task  Oplink (KE)  Opnext  Opnext (AP)  Opnext-rfe  Optics  Optics-rfe  OptumSoftAbuildFirst  OptumSoftAbuildFirst-rfe  OptumSoftAbuildFirst-task  OptumSoftExternal  OptumSoftExternal-rfe  OptumSoftExternal-task  OptumSoftInfrastructure-task  OptumSoftProductTest  OptumSoftProductTest-rfe  OptumSoftProductTest-task  OptumSoftSearch  OptumSoftSearch-rfe  OptumSoftSearch-task  OptumSoftTools  OptumSoftTools-rfe  OptumSoftTools-task  Orca  Orca-rfe  Orca-task  Oscillators  Ospf  Ospf-rfe  Ospf-task  Ospf3  Ospf3-rfe  Ospf3-task  Overcast  Overcast-rfe  Overcast-task  ovftool  ovftool-rfe  ovftool-task  Ovs  Ovs-rfe  Ovs-task  P2PSync  P2PSync-rfe  P2PSync-task  P4  p4-ar-switch  p4-ar-switch-rfe  p4-ar-switch-task  p4-behavioral-model  p4-behavioral-model-rfe  p4-behavioral-model-task  p4-bf-switch  p4-bf-switch-rfe  p4-bf-switch-task  p4-bm-switch  p4-bm-switch-rfe  p4-bm-switch-task  p4-compilers  p4-compilers-rfe  p4-compilers-task  p4-hlir  p4-hlir-rfe  p4-hlir-task  P4-rfe  P4-task  p4c-bm  p4c-bm-rfe  p4c-bm-task  P4NamespaceDut  P4NamespaceDut-rfe  P4NamespaceDut-task  P4SwitchTest  P4SwitchTest-rfe  P4SwitchTest-task  p4testswitch  p4testswitch-rfe  p4testswitch-task  P4Tickets  P4Tickets-rfe  P4Tickets-task  PacketCapture  PacketCapture-rfe  PacketCapture-task  Packetpflegen  paramiko  paramiko-rfe  paramiko-task  parted  parted-rfe  parted-task  PatchPanel  PatchPanel-rfe  PatchPanel-task  PatchPanelAgent  PatchPanelAgent-rfe  PatchPanelAgent-task  PATT  PattTest  PattTest-rfe  PattTest-task  Pbr  Pbr-rfe  Pbr-task  Pca9555  Pca9555-rfe  Pca9555-task  PciBus  PciBus-rfe  PciBus-task  Pcie-diags  PcieNt  PcieNt-rfe  PcieNt-task  pcre  pcre-rfe  pcre-task  PdpDmaLib  PdpDmaLib-rfe  PdpDmaLib-task  Perdb  Perdb-rfe  Perdb-task  PeReyes  PeReyes-rfe  PeReyes-task  perforce  perforce-rfe  perforce-task  perftools  perftools-rfe  perftools-task  perl5  perl5-rfe  perl5-task  PersistentStore  PersistentStore-rfe  PersistentStore-task  peterwu  peterwu-rfe  peterwu-task  Petra  Petra-rfe  Petra-task  pexpect  pexpect-rfe  pexpect-task  Phoenix  Phoenix-rfe  Phoenix-task  Phone System  Phone System-rfe  PhyAeluros  PhyAeluros-rfe  PhyAeluros-task  PhyAlaska  PhyAlaska-rfe  PhyAlaska-task  PhyAlaskaX  PhyAlaskaX-rfe  PhyAlaskaX-task  PhyApm  PhyApm-rfe  PhyApm-task  PhyAvago  PhyAvago-rfe  PhyAvago-task  PhyAvago8812  PhyAvago8812-rfe  PhyAvago8812-task  PhyAvagoCurrent  PhyAvagoCurrent-rfe  PhyAvagoCurrent-task  PhyBcm  PhyBcm-rfe  PhyBcm-task  PhyBcm54980  PhyBcm54980-rfe  PhyBcm54980-task  PhyBcmEpil  PhyBcmEpil-rfe  PhyBcmEpil-task  PhyClariphy  PhyClariphy-rfe  PhyClariphy-task  PhyEee  PhyEee-rfe  PhyEee-task  PhyEthtool  PhyEthtool-rfe  PhyEthtool-task  PhyMtd  PhyMtd-rfe  PhyMtd-task  PhyNlp1342  PhyTest  PhyTest-rfe  PhyTest-task  PhyTn  PhyTn-rfe  PhyTn-task  Picasso  Picasso-rfe  Picasso-task  Picnic  Picnic-rfe  Piedmont  pigz  pigz-rfe  pigz-task  pika  pika-rfe  pika-task  Pim  Pim-rfe  Pim-task  PimBidir  PimBidir-rfe  PimBidir-task  PimBidirDf  PimBidirDf-rfe  PimBidirDf-task  PimBidirTest  PimBidirTest-rfe  PimBidirTest-task  PimBsr  PimBsr-rfe  PimBsr-task  PimBsrTest  PimBsrTest-rfe  PimBsrTest-task  PimReg  PimReg-rfe  PimReg-task  PimRegTest  PimRegTest-rfe  PimRegTest-task  Pimsm  Pimsm-rfe  Pimsm-task  PimsmTest  PimsmTest-rfe  PimsmTest-task  PimSnmp  PimSnmp-rfe  PimSnmp-task  pktgen  pktgen-rfe  pktgen-task  PlatformAgent  PlatformAgent-rfe  PlatformAgent-task  PlatformL3Intf  PlatformL3Intf-rfe  PlatformL3Intf-task  PlatformLibrary  PlatformLibrary-rfe  PlatformLibrary-task  PlatformTest  PlatformTest-rfe  PlatformTest-task  PlePex8600  PlePex8600-rfe  PlePex8600-task  PlugIt  PlugIt-rfe  PlugIt-task  Pluto  Pluto-rfe  Pluto-task  PlutoLib  PlutoLib-rfe  PlutoLib-task  PlutoLibrary  PlutoLibrary-rfe  PlutoLibrary-task  PlutoUtil  PlutoUtil-rfe  PlutoUtil-task  plx-pcie-drivers  plx-pcie-drivers-rfe  plx-pcie-drivers-task  Plx9056Bridge  Plx9056Bridge-rfe  Plx9056Bridge-task  PlxPex8600  PlxPex8600-rfe  PlxPex8600-task  ply  ply-rfe  ply-task  pmat  pmat-rfe  pmat-task  Pmbus  Pmbus-rfe  Pmbus-task  poc-tasks  PolicyMap  PolicyMap-rfe  PolicyMap-task  PolicyService  PolicyService-rfe  PolicyService-task  Ponderosa-diags  PortMirroring  PortMirroring-rfe  Power  Power-rfe  Power-task  PowerDevice-diags  PowerFuse  PowerFuse-rfe  PowerFuse-task  PowerOne  PowerOne-rfe  PowerOne-task  PowerSupply-diags  Prebuilt  Prebuilt-rfe  Prebuilt-task  Prestera  Prestera-rfe  Prestera-task  ProcMgr  ProcMgr-rfe  ProcMgr-task  procps  procps-ng  procps-ng-rfe  procps-ng-task  procps-rfe  procps-task  ProductAttributes  ProductAttributes-rfe  ProductAttributes-task  Proglog  Proglog-rfe  Proglog-task  ProjectReport  ProjectReport-rfe  ProjectReport-task  Pronghorn-diags  proteus-dns  proteus-dns-rfe  proteus-dns-task  Proto  Proto-rfe  Proto-task  protobuf  protobuf-rfe  protobuf-task  Pseudowire  Pseudowire-rfe  Pseudowire-task  PseudowireAgent  PseudowireAgent-rfe  PseudowireAgent-task  PseudowireCli  PseudowireCli-rfe  PseudowireCli-task  PseudowireTest  PseudowireTest-rfe  PseudowireTest-task  Psmi  Psmi-rfe  Psmi-task  PsocFanController  PsocFanController-rfe  PsocFanController-task  Psp  Psp-rfe  Psp-task  pstack  pstack-rfe  pstack-task  Ptp  Ptp-rfe  Ptp-task  ptpd  ptpd-rfe  ptpd-task  ptpd-v2  ptpd-v2-rfe  ptpd-v2-task  PtpTest  PtpTest-rfe  PtpTest-task  PtpTimeSync  PtpTimeSync-rfe  PtpTimeSync-task  PtpTimeSyncTest  PtpTimeSyncTest-rfe  PtpTimeSyncTest-task  PtReyes  PtReyes-rfe  PtReyes-task  Pulse  Pulse-rfe  Pulse-task  PulseAgent  PulseAgent-rfe  PulseAgent-task  PulseWeb  PulseWeb-rfe  PulseWeb-task  pxe  pxe-kexec  pxe-kexec-rfe  pxe-kexec-task  pxe-rfe  pxe-swi  pxe-swi-rfe  pxe-swi-task  pxe-task  py-radix  py-radix-rfe  py-radix-task  PyArrow  PyArrow-rfe  PyArrow-task  pycodestyle  pycodestyle-rfe  pycodestyle-task  pylibpcap  pylibpcap-rfe  pylibpcap-task  pylint  pylint-rfe  pylint-task  pylucene  pylucene-rfe  pylucene-task  python  python-beautiful-soup  python-beautiful-soup-rfe  python-beautiful-soup-task  python-blockdiag  python-blockdiag-rfe  python-blockdiag-task  python-breathe  python-breathe-rfe  python-breathe-task  python-cjson  python-cjson-rfe  python-cjson-task  python-cogapp  python-cogapp-rfe  python-cogapp-task  python-decorator  python-decorator-rfe  python-decorator-task  python-django  python-django-picklefield  python-django-picklefield-rfe  python-django-picklefield-task  python-django-rfe  python-django-storage-swift  python-django-storage-swift-rfe  python-django-storage-swift-task  python-django-task  python-djblets  python-djblets-rfe  python-djblets-task  python-docker  python-docker-rfe  python-docker-task  python-dpkt  python-dpkt-rfe  python-dpkt-task  python-eunuchs  python-eunuchs-rfe  python-eunuchs-task  python-eventlet  python-eventlet-rfe  python-eventlet-task  python-funcparserlib  python-funcparserlib-rfe  python-funcparserlib-task  python-graph  python-graph-rfe  python-graph-task  python-httpbin  python-httpbin-rfe  python-httpbin-task  python-httplib2  python-httplib2-rfe  python-httplib2-task  python-iso8601  python-iso8601-rfe  python-iso8601-task  python-jcc  python-jcc-rfe  python-jcc-task  python-json-cfg  python-json-cfg-rfe  python-json-cfg-task  python-jsonrpclib  python-jsonrpclib-rfe  python-jsonrpclib-task  python-kwonly-args  python-kwonly-args-rfe  python-kwonly-args-task  python-logilab-astng  python-logilab-astng-rfe  python-logilab-astng-task  python-m2crypto  python-m2crypto-rfe  python-m2crypto-task  python-markdown2  python-markdown2-rfe  python-markdown2-task  python-mox  python-mox-rfe  python-mox-task  python-ncclient  python-ncclient-rfe  python-ncclient-task  python-oftest  python-oftest-rfe  python-oftest-task  python-openbmp-api  python-openbmp-api-rfe  python-openbmp-api-task  python-openstackclients  python-openstackclients-rfe  python-openstackclients-task  python-paramiko  python-paramiko-rfe  python-paramiko-task  python-pbr  python-pbr-rfe  python-pbr-task  python-pip  python-pip-rfe  python-pip-task  python-prettytable  python-prettytable-rfe  python-prettytable-task  python-ptf  python-ptf-rfe  python-ptf-task  python-pypiserver  python-pypiserver-rfe  python-pypiserver-task  python-pyvmomi  python-pyvmomi-rfe  python-pyvmomi-task  python-requests  python-requests-rfe  python-requests-task  python-requests2  python-requests2-rfe  python-requests2-task  python-rfe  python-seqdiag  python-seqdiag-rfe  python-seqdiag-task  python-setuptools  python-setuptools-rfe  python-setuptools-task  python-six  python-six-rfe  python-six-task  python-sleekxmpp  python-sleekxmpp-rfe  python-sleekxmpp-task  python-sphinx  python-sphinx-rfe  python-sphinx-task  python-sqlalchemy  python-sqlalchemy-rfe  python-sqlalchemy-task  python-swiftclient  python-swiftclient-rfe  python-swiftclient-task  python-task  python-webcolors  python-webcolors-rfe  python-webcolors-task  python-xlrd  python-xlrd-rfe  python-xlrd-task  python-xlwt  python-xlwt-rfe  python-xlwt-task  python-ZSI  python-ZSI-rfe  python-ZSI-task  python26  python26-rfe  python26-task  python3  python3-rfe  python3-task  PyWrappers  PyWrappers-rfe  PyWrappers-task  Qbuild  Qbuild-rfe  Qbuild-task  qemu  qemu-gns3  qemu-gns3-rfe  qemu-gns3-task  qemu-kvm  qemu-kvm-rfe  qemu-kvm-task  qemu-rfe  qemu-task  QemuVmAgent  QemuVmAgent-rfe  QemuVmAgent-task  Qos  Qos-rfe  Qos-task  QosSnmp  QosSnmp-rfe  QosSnmp-task  QosTest  QosTest-rfe  QosTest-task  QuaggaDut  QuaggaDut-rfe  QuaggaDut-task  quantumfs  quantumfs-rfe  quantumfs-task  Qube  Qube-rfe  Qube-task  QubeTest  QubeTest-rfe  QubeTest-task  qubit-tools  QuickTrace  QuickTrace-rfe  QuickTrace-task  QuickTraceTest  QuickTraceTest-rfe  QuickTraceTest-task  quota  quota-rfe  quota-task  RachiticTest  RachiticTest-rfe  RachiticTest-task  Radius  Radius-rfe  Radius-task  Raild  Raild-rfe  Raild-task  RAILproto  RAILproto-rfe  RAILproto-task  RAILtest  RAILtest-rfe  RAILtest-task  Rainbow-diags  Rama  Rama-rfe  Rama-task  Raven  Raven-rfe  rbfd  rbfd-rfe  rbfd-task  RdamDatabase  RdamDatabase-rfe  RdamDatabase-task  RdamDut  RdamDut-rfe  RdamDut-task  ReachabilityMonitor  ReachabilityMonitor-rfe  ReachabilityMonitor-task  ReachabilityMonitorTest  ReachabilityMonitorTest-rfe  ReachabilityMonitorTest-task  RedSea  RedSea-rfe  RedSea-task  RedSup  RedSup-rfe  RedSup-task  RedSupSnmp  RedSupSnmp-rfe  RedSupSnmp-task  Redundancy  Redundancy-rfe  Redundancy-task  ReleaseTools  ReleaseTools-rfe  ReleaseTools-task  ReleaseUmbrella  ReloadCause  ReloadCause-rfe  ReloadCause-task  ReloadCauseAgent  ReloadCauseAgent-rfe  ReloadCauseAgent-task  ReloadPolicy  ReloadPolicy-rfe  ReloadPolicy-task  RemoteAgentSync  RemoteAgentSync-rfe  RemoteAgentSync-task  Renesas  Renesas-rfe  requests  requests-rfe  requests-task  ResourceManager  ResourceManager-rfe  ResourceManager-task  ReviewBoard  ReviewBoard-rfe  ReviewBoard-task  ReviewBoardTest  ReviewBoardTest-rfe  ReviewBoardTest-task  Ribbon-diags  RibCapi  RibCapi-rfe  RibCapi-task  RibCapiTest  RibCapiTest-rfe  RibCapiTest-task  Rio  Rio-rfe  Rio-task  RioTest  RioTest-rfe  RioTest-task  Rip  Rip-rfe  Rip-task  ripgrep  ripgrep-rfe  ripgrep-task  RN  Robo-service  Robo-service-rfe  Robo-service-task  Robo1  Robo1-rfe  Robo1-task  Robo2  Robo2-rfe  Robo2-task  Robo3  Robo3-rfe  Robo3-task  RoboScripts  RoboScripts-rfe  RoboScripts-task  rootfs-service  rootfs-service-rfe  rootfs-service-task  Rosa-diags  Rosa/SantaRosa/Cotati  RouteInput  RouteInput-rfe  RouteInput-task  RouteMap  RouteMap-rfe  RouteMap-task  RouterGeneral  RouterGeneral-rfe  RouterGeneral-task  RouterGeneralCli  RouterGeneralCli-rfe  RouterGeneralCli-task  RoutingHelper  RoutingHelper-rfe  RoutingHelper-task  rpcapd  rpcapd-rfe  rpcapd-task  Rsvp  Rsvp-rfe  Rsvp-task  RsvpTest  RsvpTest-rfe  RsvpTest-task  rsyslog  rsyslog-rfe  rsyslog-task  rtest  rtest-rfe  rtest-task  Ruby  Ruby-rfe  Ruby-task  Rutherford  Rutherford-rfe  Saguaro  Saguaro-rfe  Saguaro-task  Sai  sai-net  sai-net-rfe  sai-net-task  Sai-rfe  Sai-task  SaltLakeFixed  SaltLakeFixed-rfe  SaltLakeFixed-task  SampleSoftware  Sand  Sand--diags  Sand-diags  sand-dma  sand-dma-rfe  sand-dma-task  Sand-rfe  Sand-task  SandAcl  SandAcl-rfe  SandAcl-task  SandAclTest  SandAclTest-rfe  SandAclTest-task  SandBcmSdkShim  SandBcmSdkShim-rfe  SandBcmSdkShim-task  SandBcmSdkV2  SandBcmSdkV2-rfe  SandBcmSdkV2-task  SandBroadcomSdk  SandBroadcomSdk-rfe  SandBroadcomSdk-task  SandCounters  SandCounters-rfe  SandCounters-task  SandDanz  SandDanz-rfe  SandDanz-task  SandFabric  SandFabric-rfe  SandFabric-task  SandFap  SandFap-rfe  SandFap-task  SandFapNi  SandFapNi-rfe  SandFapNi-task  SandFapNiState  SandFapNiState-rfe  SandFapNiState-task  SandFlow  SandFlow-rfe  SandFlow-task  SandHalo  SandHalo-rfe  SandHalo-task  SandHw  SandHw-rfe  SandHw-task  SandIpsec  SandIpsec-rfe  SandIpsec-task  SandL3Unicast  SandL3Unicast-rfe  SandL3Unicast-task  SandLag  SandLag-rfe  SandLag-task  SandLanz  SandLanz-rfe  SandLanz-task  SandLib  SandLib-rfe  SandLib-task  SandMact  SandMact-rfe  SandMact-task  SandMcast  SandMcast-rfe  SandMcast-task  SandMdb  SandMdb-rfe  SandMdb-task  SandMirroring  SandMirroring-rfe  SandMirroring-task  SandOam  SandOam-rfe  SandOam-task  SandPbr  SandPbr-rfe  SandPbr-task  SandPhy  SandPhy-rfe  SandPhy-task  SandPolicyLib  SandPolicyLib-rfe  SandPolicyLib-task  SandPP  SandPP-rfe  SandPP-task  SandPtp  SandPtp-rfe  SandPtp-task  SandQos  SandQos-rfe  SandQos-task  SandSal  SandSal-rfe  SandSal-task  SandSalCommon  SandSalCommon-rfe  SandSalCommon-task  SandSdk  SandSdk-rfe  SandSdk-task  SandSdkHelper  SandSdkHelper-rfe  SandSdkHelper-task  SandSdkShim  SandSdkShim-rfe  SandSdkShim-task  SandSdkV2Helper  SandSdkV2Helper-rfe  SandSdkV2Helper-task  SandSdkV3  SandSdkV3-rfe  SandSdkV3-task  SandSdkV3Helper  SandSdkV3Helper-rfe  SandSdkV3Helper-task  SandSdkV4  SandSdkV4-rfe  SandSdkV4-task  SandSdkV4Helper  SandSdkV4Helper-rfe  SandSdkV4Helper-task  SandTapAgg  SandTapAgg-rfe  SandTapAgg-task  SandTcam  SandTcam-rfe  SandTcam-task  SandTcamLib  SandTcamLib-rfe  SandTcamLib-task  SandTest  SandTest-rfe  SandTest-task  SandTm  SandTm-rfe  SandTm-task  SandToggles  SandToggles-rfe  SandToggles-task  SandTopo  SandTopo-rfe  SandTopo-task  SandTunnel  SandTunnel-rfe  SandTunnel-task  SantaRosa-diags  Santo  Santo-common  Santo-common-rfe  Santo-common-task  Santo-psp  Santo-psp-rfe  Santo-psp-task  Santo-rfe  Santo-task  Santo-v1  Santo-v1-rfe  Santo-v1-task  Sapling  Sapling-rfe  Sb820  Sb820-rfe  Sb820-task  Sc16is760  Sc16is760-rfe  Sc16is760-task  Scaleit  Scaleit-rfe  Scaleit-task  scc  Scd  scd-driver  scd-driver-rfe  scd-driver-task  scd-em  scd-em-rfe  scd-em-task  Scd-rfe  Scd-task  ScdEmUtils  ScdEmUtils-rfe  ScdEmUtils-task  SchanAccel  SchanAccel-rfe  SchanAccel-task  SchanCentral  SchanCentral-rfe  SchanCentral-task  Schooner-diags  screen  screen-rfe  screen-task  SeaRanch  SeaRanch-rfe  SecretCli  SecretCli-rfe  SecretCli-task  SecureNic  SecureNic-rfe  SecureNic-task  Security-diags  SecurityTest  SecurityTest-rfe  SecurityTest-task  Sequoia  Sequoia-diags  Sequoia-rfe  Sequoia-task  SequoiaModular  SessionTimeout  SessionTimeout-rfe  SessionTimeout-task  Sesto-diags  Sfa  Sfa-rfe  Sfa-task  Sfe  Sfe-rfe  Sfe-task  SfeModules  SfeModules-rfe  SfeModules-task  Sflow  Sflow-rfe  Sflow-task  SflowAccel  SflowAccel-rfe  SflowAccel-task  SflowAccelTest  SflowAccelTest-rfe  SflowAccelTest-task  SflowLib  SflowLib-rfe  SflowLib-task  SflowTest  SflowTest-rfe  SflowTest-task  shadow-utils  shadow-utils-rfe  shadow-utils-task  Shape  Shape-rfe  Shape-task  ShardedMap  ShardedMap-rfe  ShardedMap-task  ShardedMapCppApi  ShardedMapCppApi-rfe  ShardedMapCppApi-task  ShardedMapTest  ShardedMapTest-rfe  ShardedMapTest-task  SharedMem  SharedMem-rfe  SharedMem-task  Shasta  Shasta-rfe  Shmalloc  Shmalloc-rfe  Shmalloc-task  ShowCommandService  ShowCommandService-rfe  ShowCommandService-task  Si5327  Si5327-rfe  Si5327-task  Silverado  Silverado-rfe  simtop  simtop-rfe  simtop-task  Skegness  Skegness-rfe  Skegness-task  SkuTools  SkuTools-rfe  SkuTools-task  SmartOptics (FB)  smartsync  smartsync-rfe  smartsync-task  Smash  Smash-rfe  Smash-task  SmashCli  SmashCli-rfe  SmashCli-task  SmashTest  SmashTest-rfe  SmashTest-task  SmashTools  SmashTools-rfe  SmashTools-task  SmashViz  SmashViz-rfe  SmashViz-task  snakefood  snakefood-rfe  snakefood-task  Snmp  Snmp-rfe  Snmp-task  Snmp,net-snmp  Snmp,net-snmp-rfe  Snmp,net-snmp-task  SnmpTest  SnmpTest-rfe  SnmpTest-task  Sol  Sol-rfe  Sol-task  Sonic  Sonic-rfe  sonic-support  sonic-support-rfe  sonic-support-task  Sonic-task  Sonoma  Sonoma-rfe  Source Photonics (ET)  source-highlight  source-highlight-rfe  source-highlight-task  SourcePhotonics  SourcePhotonics-rfe  spark  spark-rfe  spark-task  Sparrow  Sparrow-rfe  Sparrow-task  spin  spin-rfe  spin-task  spl  spl-rfe  spl-task  SplunkForwarder  SplunkForwarder-rfe  SplunkForwarder-task  squashfs-tools  squashfs-tools-rfe  squashfs-tools-task  SrTePolicy  SrTePolicy-rfe  SrTePolicy-task  SrTePolicyTest  SrTePolicyTest-rfe  SrTePolicyTest-task  SshHostKeys  SshHostKeys-rfe  SshHostKeys-task  SsoTest  SsoTest-rfe  SsoTest-task  Sta-task  StageMgr  StageMgr-rfe  StageMgr-task  StageMgrAgent  StageMgrAgent-rfe  StageMgrAgent-task  StanbyCpld  StanbyCpld-rfe  StanbyCpld-task  Stand  Stand-rfe  Stand-task  StandbyCpld  StandbyCpld-rfe  StandbyCpld-task  Stash  Stash-rfe  Stash-task  StashTest  StashTest-rfe  StashTest-task  Stat  Stat-rfe  Stat-task  StaticRoute  StaticRoute-rfe  StaticRoute-task  stest-service  stest-service-rfe  stest-service-task  stestimgbuilder  stestimgbuilder-rfe  stestimgbuilder-task  stesting  stesting-rfe  stesting-task  StestWorkspace-service  StestWorkspace-service-rfe  StestWorkspace-service-task  StorageDevices  StorageDevices-rfe  StorageDevices-task  Storg  Storg-rfe  Storg-task  StormControl  StormControl-rfe  StormControl-task  Stp  Stp-rfe  Stp-task  StpSnmp  StpSnmp-rfe  StpSnmp-task  Strata  Strata--diags  Strata-diags  strata-dma  strata-dma-rfe  strata-dma-task  Strata-rfe  Strata-task  StrataAcl  StrataAcl-rfe  StrataAcl-task  StrataApi  StrataApi-rfe  StrataApi-task  StrataApi2  StrataApi2-rfe  StrataApi2-task  StrataApiTest  StrataApiTest-rfe  StrataApiTest-task  StrataApiV2  StrataApiV2-rfe  StrataApiV2-task  StrataApiV3  StrataApiV3-rfe  StrataApiV3-task  StrataApiV4  StrataApiV4-rfe  StrataApiV4-task  StrataCental  StrataCental-rfe  StrataCental-task  StrataCentral  StrataCentral-rfe  StrataCentral-task  StrataCommon  StrataCommon-rfe  StrataCommon-task  StrataCounters  StrataCounters-rfe  StrataCounters-task  StrataDiags  StrataDiags-rfe  StrataDiags-task  StrataDmaTest  StrataDmaTest-rfe  StrataDmaTest-task  StrataL2  StrataL2-rfe  StrataL2-task  StrataL2Multicast  StrataL2Multicast-rfe  StrataL2Multicast-task  StrataL3  StrataL3-rfe  StrataL3-task  StrataL3Test  StrataL3Test-rfe  StrataL3Test-task  StrataLag  StrataLag-rfe  StrataLag-task  StrataLanz  StrataLanz-rfe  StrataLanz-task  stratalanzcoprocessor  stratalanzcoprocessor-rfe  stratalanzcoprocessor-task  StrataLib  StrataLib-rfe  StrataLib-task  StrataLtApi  StrataLtApi-rfe  StrataLtApi-task  StrataMirror  StrataMirror-rfe  StrataMirror-task  StrataMpls  StrataMpls-rfe  StrataMpls-task  StrataMultiAgentTest  StrataMultiAgentTest-rfe  StrataMultiAgentTest-task  StrataParity  StrataParity-rfe  StrataParity-task  StrataPbr  StrataPbr-rfe  StrataPbr-task  StrataPhy  StrataPhy-rfe  StrataPhy-task  StrataQos  StrataQos-rfe  StrataQos-task  StrataSdkCommon  StrataSdkCommon-rfe  StrataSdkCommon-task  StrataSdkShim  StrataSdkShim-rfe  StrataSdkShim-task  StrataSso  StrataSso-rfe  StrataSso-task  StrataT2PlusTest  StrataT2PlusTest-rfe  StrataT2PlusTest-task  StrataT2Test  StrataT2Test-rfe  StrataT2Test-task  StrataTcam  StrataTcam-rfe  StrataTcam-task  StrataTest  StrataTest-rfe  StrataTest-task  StrataV2  StrataV2-rfe  StrataV2-task  StrataVlanTopo  StrataVlanTopo-rfe  StrataVlanTopo-task  StrataVxlan  StrataVxlan-rfe  StrataVxlan-task  StrataXgsApi  StrataXgsApi-rfe  StrataXgsApi-task  StrataXgsApiV2  StrataXgsApiV2-rfe  StrataXgsApiV2-task  Stratix  Stratix-rfe  Stratix-task  strongswan  strongswan-rfe  strongswan-task  stuttermeter  stuttermeter-rfe  stuttermeter-task  SubIntf  subintf-task  sudo  sudo-rfe  sudo-task  sudorca  sudorca-rfe  sudorca-service  sudorca-service-rfe  sudorca-service-task  sudorca-task  Sumitomo (FY)  SuperServer  SuperServer-rfe  SuperServer-task  SupportedHardware  SupportedHardware-rfe  SupportedHardware-task  sw-infra  SwiftLib  SwiftLib-rfe  SwiftLib-task  swig  swig-rfe  swig-task  Switchboard  Switchboard-rfe  Switchboard-task  SwitchTest  SwitchTest-rfe  SwitchTest-task  SwLab  SwLab-logre  SwLab-rfe  Sysdb  Sysdb-rfe  Sysdb-task  SysdbAgent  SysdbAgent-rfe  SysdbAgent-task  SysdbProfileCheck  SysdbProfileCheck-rfe  SysdbProfileCheck-task  SysdbTest  SysdbTest-rfe  SysdbTest-task  syslog-proxy  syslog-proxy-rfe  syslog-proxy-task  SysMgr  SysMgr-rfe  SysMgr-task  SysMgrSnmp  SysMgrSnmp-rfe  SysMgrSnmp-task  SysMgrTest  SysMgrTest-rfe  SysMgrTest-task  systemd  systemd-rfe  systemd-task  systest-poc lab  sysvinit  sysvinit-rfe  sysvinit-task  Tacacs  Tacacs-rfe  Tacacs-task  tacacs+  tacacs+-rfe  tacacs+-task  tacc  tacc-pygment  tacc-pygment-rfe  tacc-pygment-task  tacc-rfe  tacc-task  TaccAttic  TaccAttic-rfe  TaccAttic-task  TaccComputeMan  TaccComputeMan-rfe  TaccComputeMan-task  TaccComputeManImpl  TaccComputeManImpl-rfe  TaccComputeManImpl-task  TaccComputeManTest  TaccComputeManTest-rfe  TaccComputeManTest-task  TaccDistributedTest  TaccDistributedTest-rfe  TaccDistributedTest-task  TaccDocs  TaccDocs-rfe  TaccDocs-task  TaccExamples  TaccExamples-rfe  TaccExamples-task  TaccExperimental  TaccExperimental-rfe  TaccExperimental-task  TaccGraphTest  TaccInternalDocs  TaccInternalDocs-rfe  TaccInternalDocs-task  TaccInteropTest  TaccInteropTest-rfe  TaccInteropTest-task  TaccJni  TaccJni-rfe  TaccJni-task  TaccJniTest  TaccMap  TaccMap-rfe  TaccMap-task  TaccMapSrv  TaccMapSrv-rfe  TaccMapSrv-task  TaccMarketAnalyticsTest  TaccNetworkTest  TaccNetworkTest-rfe  TaccNetworkTest-task  TaccOde  TaccOde-rfe  TaccOde-task  TaccPerfFwk-task  TaccPerfTools  TaccPerfTools-rfe  TaccPerfTools-task  TaccPyUtils  TaccPyUtils-rfe  TaccPyUtils-task  TaccServiceMan  TaccServiceMan-rfe  TaccServiceMan-task  TaccServiceManTest  TaccServiceManTest-rfe  TaccServiceManTest-task  TacGo  TacGo-rfe  TacGo-task  TacGoTest  TacGoTest-rfe  TacGoTest-task  TacMarco  TacMarco-rfe  TacMarco-task  TacNav  TacNav-rfe  TacNav-task  taco  taco-rfe  taco-task  tacoTest  tacoTest-rfe  tacoTest-task  TacPulse  TacPulse-rfe  TacPulse-task  TacSmash  TacSmash-rfe  TacSmash-task  TacStash  TacStash-rfe  TacStash-task  tacXref  Tamarack  Tamarack-rfe  TapAggGui  TapAggGui-rfe  TapAggGui-task  TapAggTest  TapAggTest-rfe  TapAggTest-task  TargetExpr  TargetExpr-rfe  TargetExpr-task  TargetExpression  TargetExpression-rfe  TargetExpression-task  Taro  Taro-rfe  Taro-task  TaskScheduler  TaskScheduler-rfe  TaskScheduler-task  tcollector  tcollector-rfe  tcollector-task  tcollectorAgent  tcollectorAgent-rfe  tcollectorAgent-task  tcp_wrappers  tcp_wrappers-rfe  tcp_wrappers-task  tcpdump  tcpdump-rfe  tcpdump-task  tcptrace  tcptrace-rfe  tcptrace-task  Te  Te-rfe  te-task  TeCli  TeCli-rfe  TeCli-task  telnet  telnet-rfe  telnet-task  TemplatePkg  TemplatePkg-rfe  TemplatePkg-task  TempSensor-diags  Tenjin  Tenjin-rfe  Tenjin-task  Teranetics  Teranetics-rfe  TerminAttr  TerminAttr-rfe  TerminAttr-task  test  test-rfe  test-task  Test1234567  Test12345678  Test123456789  test56  TestCluster  TestCluster-rfe  TestCluster-task  TestDemo  TestDemo-rfe  TestDemo-task  Testpoint  Testpoint-rfe  Testpoint-task  TestProduct  TestResources  TestResources-rfe  TestResources-task  TestSuite  TestSuite-rfe  TestSuite-task  TestSuiteTest  TestSuiteTest-rfe  TestSuiteTest-task  ThermoMgr  ThermoMgr-rfe  ThermoMgr-task  Thermostat  Thermostat-rfe  Thermostat-task  ThreeBrothers-diags  thrift  thrift-rfe  thrift-task  Tiburon  Tiburon-rfe  TimberCove-diags  timeout  timeout-rfe  timeout-task  TimeSync  TimeSync-rfe  TimeSync-task  TiPhy-diags  tmux  tmux-rfe  tmux-task  tofino-model  tofino-model-rfe  tofino-model-task  tofinobm  tofinobm-rfe  tofinobm-task  Toggles  Toggles-rfe  Toggles-task  Tomahawk2Fixed  Tomahawk2Fixed-rfe  Tomahawk2Fixed-task  Tomahawk3Fixed  Tomahawk3Fixed-rfe  Tomahawk3Fixed-task  Tomales  Tomales-rfe  TommyDS  TommyDS-rfe  TommyDS-task  Tools  Topology  Topology-rfe  Topology-task  TopologyManager  TopologyManager-rfe  TopologyManager-task  TopologyTest  TopologyTest-rfe  TopologyTest-task  TPGen  TPGen-rfe  TPGen-task  Tpm  Tpm-rfe  Tpm-task  TPMFU  TPMFU-rfe  TPMFU-task  traceroute  traceroute-rfe  traceroute-task  Tunnel  Tunnel-rfe  Tunnel-task  TunnelIntf  TunnelIntf-rfe  TunnelIntf-task  TunnelIntfTest  TunnelIntfTest-rfe  TunnelIntfTest-task  TunnelSnmp  TunnelSnmp-rfe  TunnelSnmp-task  TunnelTest  TunnelTest-rfe  TunnelTest-task  Tyco (BQ)  uart-verilog  uart-verilog-rfe  uart-verilog-task  Ucd9012  Ucd9012-rfe  Ucd9012-task  ufl  ufl-rfe  ufl-task  Ugly  Ugly-rfe  Ugly-task  Umbrella  Umbrella-rfe  Umbrella-stest  Umbrella-stest-rfe  Umbrella-stest-task  Umbrella-task  urcu  urcu-rfe  urcu-task  uriparser  uriparser-rfe  uriparser-task  UserCgroup  UserCgroup-rfe  UserCgroup-task  UserDocs-rfe  userspace-rcu  userspace-rcu-rfe  userspace-rcu-task  uthash  uthash-rfe  uthash-task  util-linux  util-linux-rfe  util-linux-task  uwsgi  uwsgi-rfe  uwsgi-task  UwsgiApp  UwsgiApp-rfe  UwsgiApp-task  valgrind  valgrind-rfe  valgrind-task  vEOS  vEOS-rfe  VEos-task  VeosDut  VeosDut-rfe  VeosDut-task  VeosPerfTest  VeosPerfTest-rfe  VeosPerfTest-task  Vernal  Vernal-rfe  Virtual EOS (vEOS)  VirtualCable  VirtualCable-rfe  VirtualCable-task  Vm  Vm-rfe  Vm-task  VmDut  VmDut-rfe  VmDut-task  VmTracer  VmTracer-rfe  VmTracer-task  VmwareNvp  VmwareNvp-rfe  VmwareNvp-task  VmwareTest  VmwareTest-rfe  VmwareTest-task  VmwareVds  VmwareVds-rfe  VmwareVds-task  VmwareVI  VmwareVI-rfe  VmwareVI-task  Vrf  Vrf-rfe  vrf-scale  Vrf-task  VrfLeak  VrfLeak-rfe  VrfLeak-task  Vrm64  Vrm64-rfe  Vrm64-task  VrmIr  VrmIr-rfe  VrmIr-task  Vrrp  Vrrp-rfe  Vrrp-task  vulcan  Vxlan  Vxlan-rfe  Vxlan-task  VxlanAdvAgent  VxlanAdvAgent-rfe  VxlanAdvAgent-task  VxlanController  VxlanController-rfe  VxlanController-task  VxlanControllerTest  VxlanControllerTest-rfe  VxlanControllerTest-task  VxlanRouting-task  VxlanStatus  VxlanStatus-rfe  VxlanStatus-task  VxlanTest  VxlanTest-rfe  VxlanTest-task  waagent  waagent-rfe  waagent-task  Watchdog  Watchdog-rfe  Watchdog-task  WaveSplitter (SM)  Wbem  Wbem-rfe  Wbem-task  Web  Web-rfe  Web-task  wget  wget-rfe  wget-task  Windows  Windows-rfe  Windows-task  Winston  Winston-rfe  Winston-task  wireshark  wireshark-rfe  wireshark-task  Workspace-service  Workspace-service-rfe  Workspace-service-task  WorkspaceDut  WorkspaceDut-rfe  WorkspaceDut-task  workspacePrefetcher  workspacePrefetcher-rfe  workspacePrefetcher-task  World  World-rfe  World-task  wpa_supplicant  wpa_supplicant-rfe  wpa_supplicant-task  WsgiDut  WsgiDut-rfe  WsgiDut-task  Xcvr  Xcvr-diags  Xcvr-rfe  Xcvr-task  XcvrCfp2Dco  XcvrCfp2Dco-rfe  XcvrCfp2Dco-task  XcvrCtrl  XcvrCtrl-rfe  XcvrCtrl-task  XcvrSnmp  XcvrSnmp-rfe  XcvrSnmp-task  XFire  XFire-rfe  XFire-task  XFireTest  XFireTest-rfe  XFireTest-task  xfstests  xfstests-rfe  xfstests-task  Xilinx  Xilinx-rfe  Xilinx-task  xinetd  xinetd-rfe  xinetd-task  Xmpp  Xmpp-rfe  Xmpp-task  xorg-x11-drv-intel  xorg-x11-drv-intel-rfe  xorg-x11-drv-intel-task  xpaccel  xpaccel-rfe  xpaccel-task  XpAccess  XpAccess-rfe  XpAccess-task  XpAcl  XpAcl-rfe  XpAcl-task  XpApi  XpApi-rfe  XpApi-task  XpCentral  XpCentral-rfe  XpCentral-task  XpCounters  XpCounters-rfe  XpCounters-task  xpdma  xpdma-rfe  xpdma-task  XpFlow  XpFlow-rfe  XpFlow-task  XpL2  XpL2-rfe  XpL2-task  XpL3Unicast  XpL3Unicast-rfe  XpL3Unicast-task  XpLanz  XpLanz-rfe  XpLanz-task  XpLib  XpLib-rfe  XpLib-task  xplot  xplot-rfe  xplot-task  XpMact  XpMact-rfe  XpMact-task  XpMcast  XpMcast-rfe  XpMcast-task  XpPbr  XpPbr-task  XpProfile  XpProfile-rfe  XpProfile-task  XpQos  XpQos-rfe  XpQos-task  XpSdk  XpSdk-rfe  XpSdk-task  XpSim  XpSim-rfe  XpSim-task  XpSlice  XpSlice-rfe  XpSlice-task  XpTest  XpTest-rfe  XpTest-task  XpVxlan  XpVxlan-task  Xtacc  Xtacc-rfe  Xtacc-task  Xukg  Xukg-rfe  Xukg-task  XukWeb  XukWeb-rfe  XukWeb-task  xxHash  xxHash-rfe  xxHash-task  yaml-cpp  yaml-cpp-rfe  yaml-cpp-task  Yosemite  Yosemite-diags  Yosemite-rfe  Yosemite-task  Yreka-diags  Zbf  Zbf-rfe  Zbf-task  Zeppelin  Zeppelin-rfe  Zeppelin-task  ZeroTouch  ZeroTouch-rfe  ZeroTouch-task  zfs  zfs-rfe  zfs-task  zlog  zlog-rfe  zlog-task  ztpserver  ztpserver-rfe  ztpserver-task  Zuma  Zuma-hw  Zuma-rfe  Zuma-task0 / 200 Checked' or . = '  Check All   Uncheck All  @Dos  @Dos-rfe  @Dos-task  @DosLib  @DosLib-rfe  @DosLib-task  @Lakeport-diags  @LegacyPackage  ##General##  ##General##-rfe  ##General##-task  ##Internal##  ##Internal##-rfe  11111Test34  12222test  123456789Test  12345Test  1RUdiags  1RUdiags-rfe  1Test  3dm2  3dm2-rfe  3dm2-task  3M (EJ)  A144  a4b  a4b-rfe  a4b-task  a4c  a4c-qfs  a4c-qfs-rfe  a4c-qfs-service  a4c-qfs-service-rfe  a4c-qfs-service-task  a4c-qfs-task  a4c-qfs-test  a4c-qfs-test-rfe  a4c-qfs-test-task  a4c-rfe  a4c-service  a4c-service-rfe  a4c-service-task  a4c-task  A4Web  A4Web-rfe  A4Web-task  A55  Aaa  Aaa-rfe  Aaa-task  AaaTest  AaaTest-rfe  AaaTest-task  AaaTest1  Abalone  Aben  Aben-rfe  Aben-task  Aboard  Aboot  Aboot-rfe  Aboot-task  AbootFirmwareUtils  AbootFirmwareUtils-rfe  AbootFirmwareUtils-task  AbootTest  AbootTest-rfe  AbootTest-task  Abug  Abug-rfe  Abug-task  Abug-testing  AbugApi  AbugApi-rfe  AbugApi-task  Abuild  Abuild-rfe  Abuild-task  AbuildDb  AbuildDb-rfe  AbuildDb-task  AbuildWeb  AbuildWeb-rfe  AbuildWeb-task  abuildworkspace-service  abuildworkspace-service-rfe  abuildworkspace-service-task  Acacia-diags  Acarpool  Acarpool-rfe  Acarpool-task  Acl  Acl-rfe  Acl-task  AclAgent  AclAgent-rfe  AclAgent-task  AclSnmp  AclSnmp-rfe  AclSnmp-task  AclTest  AclTest-rfe  AclTest-task  AclTestLib  AclTestLib-rfe  AclTestLib-task  Across  Across-rfe  Across-task  ActivePerl  ActivePerl-rfe  ActivePerl-task  actor  actor-rfe  actor-task  addronly-nat  addronly-nat-rfe  addronly-nat-task  Adm1066  Adm1066-rfe  Adm1066-task  Adt7462  Adt7462-rfe  Adt7462-task  Adt7483  Adt7483-rfe  Adt7483-task  Aeluros  Aeluros-rfe  aer-uio  aer-uio-rfe  aer-uio-task  Aeris  Aeris-rfe  Aeris-task  AerisTest  AerisTest-rfe  AerisTest-task  Afetch  Afetch-rfe  Afetch-task  Afind  Afind-rfe  Afind-task  Agent  Agent-rfe  Agent-task  AgentLib  AgentLib-rfe  AgentLib-task  AgentLogging  AgentLogging-rfe  AgentLogging-task  AgentMonitor  AgentMonitor-rfe  AgentMonitor-task  AgentSyncResponder  AgentSyncResponder-rfe  AgentSyncResponder-task  AgentVis  AgentVis-rfe  AgentVis-task  Agile  Agile-rfe  AGitTools  AGitTools-rfe  AGitTools-task  Agraphviz  Agraphviz-rfe  Agraphviz-task  ahab  ahab-rfe  ahab-task  Ahire  Ahire-rfe  Ahire-task  Ahost  Ahost-rfe  Ahost-task  AhostImage  AhostImage-rfe  AhostImage-task  Ahwahnee  Ahwahnee-rfe  aid  aid-rfe  aid-task  Aie  Aie-rfe  Aie-task  Alameda  Alameda-rfe  Alameda-task  Ale  Ale-rfe  Ale-task  AleAsu  AleAsu-rfe  AleAsu-task  AleCapacity  AleCapacity-rfe  AleCapacity-task  AleCapacitySnmp  AleCapacitySnmp-rfe  AleCapacitySnmp-task  AleCentral  AleCentral-rfe  AleCentral-task  AleCfm  AleCfm-rfe  AleCfm-task  AleCounters  AleCounters-rfe  AleCounters-task  AleEvpn  AleEvpn-rfe  AleEvpn-task  AleFlow  AleFlow-rfe  AleFlow-task  AleHalo  AleHalo-rfe  AleHalo-task  AleIpsec  AleIpsec-rfe  AleIpsec-task  AleL3  AleL3-rfe  AleL3-task  AleL3Intf  AleL3Intf-rfe  AleL3Intf-task  AleL3Unicast  AleL3Unicast-rfe  AleL3Unicast-task  AleMacSec  AleMacSec-rfe  AleMacSec-task  AleMpls  AleMpls-rfe  AleMpls-task  AleMroute  AleMroute-rfe  AleMroute-task  AleNat  AleNat-rfe  AleNat-task  AlePbr  AlePbr-rfe  AlePbr-task  AlePhy  AlePhy-rfe  AlePhy-task  AleQos  AleQos-rfe  AleQos-task  AleTcam  AleTcam-rfe  AleTcam-task  AleTestLib  AleTestLib-rfe  AleTestLib-task  AleVrrp  AleVrrp-rfe  AleVrrp-task  AleVxlan  AleVxlan-rfe  AleVxlan-task  AlgoMatchUtil  AlgoMatchUtil-rfe  AlgoMatchUtil-task  Aloha  Aloha-rfe  Aloha-task  Alphanet  Alphanet-rfe  Alphanet-task  AltaLanz  AltaLanz-rfe  AltaLanz-task  Altera  Altera-rfe  Altera-task  Amphenol  Amphenol (DY)  Amphenol-rfe  antelope-drv  antelope-drv-rfe  antelope-drv-task  antlr3-5-2  antlr3-5-2-rfe  antlr3-5-2-task  antlr4  antlr4-rfe  antlr4-task  Anvl  Anvl-rfe  Anvl-task  Aom  Aom-diags  Aom-rfe  Aom-task  ApmPhy-diags  ApmX24  ApmX24-rfe  ApmX24-task  AppDmaLib  AppDmaLib-rfe  AppDmaLib-task  Aqemu  Aqemu-rfe  Aqemu-task  Arad  Arad-rfe  Arad-task  AradLanz  AradLanz-rfe  AradLanz-task  AradVxlan  AradVxlan-rfe  AradVxlan-task  Arbazel  Arbazel-rfe  Arbazel-task  ArBgp  ArBgp-rfe  ArBgp-task  ArBgpLu  ArBgpLu-rfe  ArBgpLu-task  ArBgpTest  ArBgpTest-rfe  ArBgpTest-task  ArBot  ArBot-rfe  ArBot-task  Arbugs  Arbugs-rfe  Arbugs-task  Arbus  Arbus-rfe  Arbus-task  ArbusAgent  ArbusAgent-rfe  ArbusAgent-task  Arby  Arby-rfe  Arby-task  Archer  Archer-rfe  Archer-task  ArcherTest  ArcherTest-rfe  ArcherTest-task  Arcov  Arcov-rfe  Arcov-task  ArDb  ArDb-rfe  ArDb-task  ardc  ardc-rfe  ardc-task  ArDcApps  ArDcApps-rfe  ArDcApps-task  ArDjango  ArDjango-rfe  ArDjango-task  Ardoc  Ardoc-rfe  Ardoc-task  Arecruit  Arecruit-rfe  Arecruit-task  Aresolve  Aresolve-rfe  Aresolve-task  Areview  Areview-rfe  Areview-task  ArGcov  ArGcov-rfe  ArGcov-task  ArGcovTest  ArGcovTest-rfe  ArGcovTest-task  ArGo  ArGo-rfe  ArGo-task  ArGoogleApps  ArGoogleApps-rfe  ArGoogleApps-task  Argotest  Argotest-rfe  Argotest-task  arista-bde  arista-bde-rfe  arista-bde-task  AristaAppForSplunk  AristaAppForSplunk-rfe  AristaAppForSplunk-task  AristaAppForSplunkNew  AristaAppForSplunkNew-rfe  AristaAppForSplunkNew-task  Arjob  Arjob-rfe  Arjob-task  ArjobDb  ArjobDb-rfe  ArjobDb-task  Ark  Ark-rfe  Ark-task  ArkCli  ArkCli-rfe  ArkCli-task  arm-tools  arm-tools-rfe  arm-tools-task  ArMake  ArMake-rfe  ArMake-task  ArMakeTest  ArMakeTest-rfe  ArMakeTest-task  ArMon  ArMon-rfe  ArMon-task  Arnet  Arnet-rfe  Arnet-task  ArNinja  ArNinja-rfe  ArNinja-task  Aroma  Aroma-rfe  Aroma-task  Arora  Arora-rfe  Arora-syslinux  Arora-syslinux-rfe  Arora-syslinux-task  Arora-task  AroraBugAlert  AroraBugAlert-rfe  AroraBugAlert-task  AroraConfig  AroraConfig-rfe  AroraConfig-task  AroraDevel  AroraDevel-rfe  AroraDevel-task  AroraExternal  AroraExternal-rfe  AroraExternal-task  AroraIcinga  AroraIcinga-rfe  AroraIcinga-task  AroraImage  AroraImage-rfe  AroraImage-task  AroraKernel  AroraKernel-rfe  AroraKernel-task  AroraUtils  AroraUtils-rfe  AroraUtils-task  AroraWeb  AroraWeb-rfe  AroraWeb-task  ArosBase  ArosBase-rfe  ArosBase-task  ArosTest  ArosTest-rfe  ArosTest-task  Arp  Arp-rfe  Arp-task  ArP4  ArP4-rfe  ArP4-task  ArpInspection  ArpInspection-rfe  ArPrep  ArPrep-rfe  ArPrep-task  ArpRoute  ArpRoute-rfe  ArpRoute-task  ArpSuppression  ArpSuppression-rfe  ArpSuppression-task  ArPygments  ArPygments-rfe  ArPygments-task  ArPyUtils  ArPyUtils-rfe  ArPyUtils-task  ArQa  ArQa-rfe  ArQa-task  Arrakis  Arrakis-rfe  ArRip  ArRip-rfe  ArRip-task  Arrow  Arrow-rfe  Arrow-task  ArrowAqlc  ArrowAqlc-rfe  ArrowAqlc-task  ArrowTacTest  ArrowTacTest-rfe  ArrowTacTest-task  ArrowTest  ArrowTest-rfe  ArrowTest-task  Arscale  Arscale-rfe  Arscale-task  Arsched  Arsched-rfe  Arsched-task  ArschedClient  ArschedClient-rfe  ArschedClient-task  Arsim  Arsim-rfe  Arsim-task  Arspark  Arspark-rfe  Arspark-task  Arsphinx  Arsphinx-rfe  Arsphinx-task  ArSwift  ArSwift-rfe  ArSwift-task  Arsys  Arsys-rfe  Arsys-task  ArsysTest  ArsysTest-rfe  ArsysTest-task  Artacc  Artacc-rfe  Artacc-task  Artest  Artest-rfe  Artest-task  ArtestTest  ArtestTest-rfe  ArtestTest-task  Artflow  Artflow-rfe  Artflow-task  Arthost  Arthost-rfe  Arthost-task  ArthostLib  ArthostLib-rfe  ArthostLib-task  Artist  Artist-rfe  Artist-task  ArToggles  ArToggles-rfe  ArToggles-task  ArTogglesCli  ArTogglesCli-rfe  ArTogglesCli-task  ArTogglesTest  ArTogglesTest-rfe  ArTogglesTest-task  Artools  Artools-rfe  Artools-task  ArtoolsDummy  ArtoolsSerialTest  ArtoolsSerialTest-rfe  ArtoolsSerialTest-task  Artournament  Artournament-rfe  Artournament-task  ArTrace  ArTrace-rfe  ArTrace-task  Arventory  Arventory-rfe  Arventory-task  AsicPktTestLib  AsicPktTestLib-rfe  AsicPktTestLib-task  AsicUtils  AsicUtils-rfe  AsicUtils-task  AsicUtils,Strata  AsicUtils,Strata-rfe  AsicUtils,Strata-task  Astec  Astec-rfe  Astec-task  ASU  Asu-rfe  Asu-task  AsuAgent  AsuAgent-rfe  AsuAgent-task  AsuCli  AsuCli-rfe  AsuCli-task  AsuFastPktRestore  AsuFastPktRestore-rfe  AsuFastPktRestore-task  AsuPatch  AsuPatch-rfe  AsuPatch-task  AsuTest  AsuTest-rfe  AsuTest-task  Atcollector  Atcollector-rfe  Atcollector-task  AtFork  AtFork-rfe  AtFork-task  Atime  Atime-rfe  Atime-task  aufs2-util  aufs2-util-rfe  aufs2-util-task  AutoAbug  automake  automake-rfe  automake-task  autopep8  autopep8-rfe  autopep8-task  AutoTest  AutoTest-rfe  AutoTest-service  AutoTest-service-rfe  AutoTest-service-task  AutoTest-task  AutoTestDb  AutoTestDb-rfe  AutoTestDb-task  AutoTriage  AutoTriage-rfe  AutoTriage-task  Avago  Avago (MD)  Avago-rfe  Avago-task  AvagoPhy-diags  Avb  Avb-rfe  Avb-task  AvbDut  AvbDut-rfe  AvbDut-task  AwebLib  AwebLib-rfe  AwebLib-task  awslogs  awslogs-rfe  awslogs-task  AwsVeosDutTest  AwsVeosDutTest-rfe  AwsVeosDutTest-task  Babbage  Babbage-rfe  Babbage-task  Backup  Backup-rfe  Backup-task  BaliFabric  BaliFabric-rfe  BaliFabric-task  Bannock  Bannock-rfe  Baremetal  Baremetal-rfe  Baremetal-task  Bartools  Bartools-rfe  Bartools-task  bash  bash-rfe  bash-task  bbcp  bbcp-rfe  bbcp-task  Bcm56300  Bcm56300-rfe  Bcm56300-task  bcmaccel  bcmaccel-rfe  bcmaccel-task  BcmApiTest  BcmApiTest-rfe  BcmApiTest-task  BcmDmaAbort  BcmDmaAbort-rfe  BcmDmaAbort-task  bcmlanz  bcmlanz-rfe  bcmlanz-task  BcmMdio  BcmMdio-rfe  BcmMdio-task  BcmPhy-diags  BcmSdkCommon  BcmSdkCommon-rfe  BcmSdkCommon-task  BcmSim  BcmSim-rfe  BcmSim-task  BeamTools  BeamTools-rfe  BeamTools-task  Bear  Bear-rfe  Beech-diags  Benchmark  Benchmark-rfe  Benchmark-task  BenchmarkDb  BenchmarkDb-rfe  BenchmarkDb-task  BenchmarkHw  BenchmarkHw-rfe  BenchmarkHw-task  Bess  Bess-rfe  Bess-task  bf-diags  bf-diags-rfe  bf-diags-task  bf-drivers  bf-drivers-rfe  bf-drivers-task  bf-syslibs  bf-syslibs-rfe  bf-syslibs-task  bf-utils  bf-utils-rfe  bf-utils-task  Bfd  Bfd-rfe  Bfd-task  bfdma  bfdma-rfe  bfdma-task  BfdTest  BfdTest-rfe  BfdTest-task  BfnAgentLib  BfnAgentLib-rfe  BfnAgentLib-task  BfnCentral  BfnCentral-rfe  BfnCentral-task  BfnCounters  BfnCounters-rfe  BfnCounters-task  BfnDiags  BfnDiags-rfe  BfnDiags-task  BfnFixed  BfnFixed-rfe  BfnFixed-task  BfnFlow  BfnFlow-rfe  BfnFlow-task  BfnHalo  BfnHalo-rfe  BfnHalo-task  BfnL2  BfnL2-rfe  BfnL2-task  BfnL3  BfnL3-rfe  BfnL3-task  BfnLag  BfnLag-rfe  BfnLag-task  BfnLib  BfnLib-rfe  BfnLib-task  BfnMbb  BfnMbb-rfe  BfnMbb-task  BfnMbbSlice  BfnMbbSlice-rfe  BfnMbbSlice-task  BfnMcast  BfnMcast-rfe  BfnMcast-task  BfnMirroring  BfnMirroring-rfe  BfnMirroring-task  BfnNat  BfnNat-rfe  BfnNat-task  BfnPhy  BfnPhy-rfe  BfnPhy-task  BfnQos  BfnQos-rfe  BfnQos-task  BfnSdk  BfnSdk-rfe  BfnSdk-task  BfnSharedState  BfnSharedState-rfe  BfnSharedState-task  BfnSliceAgent  BfnSliceAgent-rfe  BfnSliceAgent-task  BfnTunnel  BfnTunnel-rfe  BfnTunnel-task  BfnVlan  BfnVlan-rfe  BfnVlan-task  BfnXformMgr  BfnXformMgr-rfe  BfnXformMgr-task  Bgp  Bgp-rfe  Bgp-task  BgpCommon  BgpCommon-rfe  BgpCommon-task  BgpCore  BgpData  BgpData-rfe  BgpData-task  BgpFeatureTracker  BgpFeatureTracker-rfe  BgpFeatureTracker-task  BgpFlowspec  BgpFlowspec-rfe  BgpFlowspec-task  BgpSnmp  BgpSnmp-rfe  BgpSnmp-task  BgpSnmpTest  BgpSnmpTest-rfe  BgpSnmpTest-task  BgpVpnCommon  BgpVpnCommon-rfe  BgpVpnCommon-task  bigcode  bigcode-rfe  bigcode-task  Birch-diags  BlackBox  BlackBox-rfe  BlackBox-task  BlrInfra-task  Bmp  Bmp-rfe  Bmp-task  BmpDut  BmpDut-rfe  BmpDut-task  BmpTest  BmpTest-rfe  BmpTest-task  Bodega  Bodega-diags  Bodega-rfe  Bodega-task  BodegaChassis  BodegaChassis-rfe  boost  boost-rfe  boost-task  Brad  Brad-rfe  Brad-task  Breadman  Bridalveil  Bridalveil-rfe  BridgeBridge  BridgeBridge-rfe  BridgeBridge-task  BridgeTest  BridgeTest-rfe  BridgeTest-task  BroadcomSdk  BroadcomSdk-rfe  BroadcomSdk-task  BroadSync-diags  btrfs-progs  btrfs-progs-rfe  btrfs-progs-task  Buck  Buck-rfe  BugAlert  BugAlert-rfe  BugAlert-task  BugAlertTools  BugAlertTools-rfe  BugAlertTools-task  BugBoard  BugBoard-rfe  BugBoard-task  BugBot  BugBot-rfe  BugBot-task  BugsDatabase  BugsDatabase-rfe  BugsDatabase-task  BugsUI  BugsUITest  bugzilla  bugzilla-rfe  bugzilla-task  BugZTesting  Buildcache  Buildcache-rfe  Buildcache-task  Cables  Cables-rfe  Calistoga  Calistoga-rfe  Calpella  Canary  Canary-rfe  Canary-task  Capi  Capi-rfe  Capi-task  CapiTest  CapiTest-rfe  CapiTest-task  CaravanTelemetry  CaravanTelemetry-rfe  CaravanTelemetry-task  Caspar-diags  Cathedral  Cathedral-diags  Cathedral-rfe  Cazadero-diags  ccache  ccache-rfe  ccache-task  Cdp  Cdp-rfe  Cdp-task  CEos  CEos-rfe  CEos-task  CEosDut  CEosDut-rfe  CEosDut-task  CEosHelper  CEosHelper-rfe  CEosHelper-task  CEosImage  CEosImage-rfe  CEosImage-task  CEosInstaller  CEosInstaller-rfe  CEosInstaller-task  CEosNeo  CEosNeo-rfe  CEosNeo-task  CEosOnieInstaller  CEosOnieInstaller-rfe  CEosOnieInstaller-task  CEosOnieUtils  CEosOnieUtils-rfe  CEosOnieUtils-task  CEosTest  CEosTest-rfe  CEosTest-task  CEosUtils  CEosUtils-rfe  CEosUtils-task  ceph  ceph-rfe  ceph-task  CFM  CFM-rfe  Cfm-task  CfmAgent  CfmAgent-rfe  CfmAgent-task  CfmBase  CfmBase-rfe  CfmBase-task  CfmDut  CfmDut-rfe  CfmDut-task  CfmTest  CfmTest-rfe  CfmTest-task  cgroups  cgroups-rfe  cgroups-task  check  check-mibs  check-mibs-rfe  check-mibs-task  check-rfe  check-task  Chl822X  Chl822X-rfe  Chl822X-task  Cinch (LG)  cJSON  cJSON-rfe  cJSON-task  Clacton  Clacton-rfe  Clacton-task  ClariPhy  Clariphy-diags  ClariPhy-rfe  ClariPhy-task  ClassGraph  ClassGraph-rfe  ClassGraph-task  Clearlake-diags  Cli  Cli-rfe  Cli-task  Click  Click-rfe  Click-task  Climber  Climber-rfe  CliMode  CliMode-rfe  CliMode-task  CliParser  CliParser-rfe  CliParser-task  CliRelay  CliRelay-rfe  CliRelay-task  CliSchedulerMgr  CliSchedulerMgr-rfe  CliSchedulerMgr-task  CliSession  CliSession-rfe  CliSession-task  CliTest  CliTest-rfe  CliTest-task  CliTestClient  CliTestClient-rfe  CliTestClient-task  CliTracker  CliTracker-rfe  CliTracker-task  CliX  CliX-rfe  CliX-task  Clock-diags  CloudHa  CloudHa-rfe  CloudHa-task  CloudsRest-diags  CloudVirtualEnv  CloudVirtualEnv-rfe  CloudVirtualEnv-task  CloudVision-UserDoc  Cloverdale-diags  ClusterMgmt  ClusterMgmt-rfe  ClusterMgmt-task  ClusterMgmtTest  ClusterMgmtTest-rfe  ClusterMgmtTest-task  CMake  CMake-rfe  CMake-task  Codenomicon  Codenomicon-rfe  Codenomicon-task  CohabDut  CohabDut-rfe  CohabDut-task  ColdWatt  ColdWatt-rfe  ColdWatt-task  ColdWattHw  ColdWattHw-rfe  ColorChip (VL)  CommonCriteria  CommonCriteria-rfe  CommonCriteria-task  compat-antlr3  compat-antlr3-rfe  compat-antlr3-task  compat-gsoap  compat-gsoap-rfe  compat-gsoap-task  CompExplorer  CompExplorer-rfe  CompExplorer-task  ConditionalRoute  ConditionalRoute-rfe  ConditionalRoute-task  ConfigAgent  ConfigAgent-rfe  ConfigAgent-task  ConfigSession  ConfigSession-rfe  ConfigSession-task  ConnectedRoute  ConnectedRoute-rfe  ConnectedRoute-task  ConnectivityMonitor  ConnectivityMonitor-rfe  ConnectivityMonitor-task  ConnMgr  ConnMgr-rfe  ConnMgr-task  conserver  conserver-rfe  conserver-task  ContainerMgr  ContainerMgr-rfe  ContainerMgr-task  Controller  Controller-rfe  Controller-task  ControllerApp1  ControllerApp1-rfe  ControllerApp1-task  ControllerClient  ControllerClient-rfe  ControllerClient-task  ControllerCommon  ControllerCommon-rfe  ControllerCommon-task  Controllerdb  Controllerdb-rfe  Controllerdb-task  ControllerDebug  ControllerDebug-rfe  ControllerDebug-task  ControllerDut  ControllerDut-rfe  ControllerDut-task  ControllerProxyAgent  ControllerProxyAgent-rfe  ControllerProxyAgent-task  ControllerRegistration  ControllerRegistration-rfe  ControllerRegistration-task  ControllerTest  ControllerTest-rfe  ControllerTest-task  coreutils  coreutils-rfe  coreutils-task  Corrino  Corrino-rfe  Cotati-diags  cov-analysis  cov-analysis-rfe  cov-analysis-task  cov-platform  cov-platform-rfe  cov-platform-task  Coverage  Coverage-rfe  Coverage-task  CoverageGUI  CoverageGUI-rfe  CoverageGUI-task  Covsched  Covsched-rfe  Covsched-task  Coyote  Coyote-rfe  Cpld  Cpld-rfe  Cpld-task  CpssApi  CpssApi-rfe  CpssApi-task  CpuComplex  CpuComplex-rfe  CpuComplex-task  CpuFabric  CpuFabric-rfe  CpuFabric-task  CpuFabricCommon  CpuFabricCommon-rfe  CpuFabricCommon-task  CpuFabricTest  CpuFabricTest-rfe  CpuFabricTest-task  CpuLib-diags  cpuport  cpuport-rfe  cpuport-task  createrepo  createrepo-rfe  createrepo-task  CRM system  CRM system-rfe  crosstool-ng  crosstool-ng-rfe  crosstool-ng-task  Crt  Crt-rfe  Crt-task  cscope  cscope-rfe  cscope-task  Cspf  Cspf-rfe  Cspf-task  CStructGen  CStructGen-rfe  CStructGen-task  CtypeGen  CtypeGen-rfe  CtypeGen-task  curl  curl-rfe  curl-task  CVA  CVA-rfe  CVA-task  CvaDut  CvaDut-rfe  CvaDut-task  CvaTest  CvaTest-rfe  CvaTest-task  CVP  CVP-rfe  CVP-task  CvpDut  CvpDut-rfe  CvpDut-task  CVPI  CVPI-rfe  CVPI-task  CvpTest  CvpTest-rfe  CvpTest-task  CvxDemoServiceAgent  CvxDemoServiceAgent-rfe  CvxDemoServiceAgent-task  CvxDemoSwitchAgent  CvxDemoSwitchAgent-rfe  CvxDemoSwitchAgent-task  DaemonCli  DaemonCli-rfe  DaemonCli-task  DartGen  DartGen-rfe  DartGen-task  Dash  Dash-rfe  Dash-task  Dashboard-rfe  dbal  dbal-rfe  dbal-task  Dcb  Dcb-rfe  Dcb-task  Debug  Debug-rfe  Debug-task  Deckhand  Deckhand-rfe  Deckhand-task  Delta  Delta-rfe  Delta-task  DeltaHw  DeltaHw-rfe  DeltaPower  DeltaPower-rfe  DeltaPower-task  Demo  Demo_pkg  Demo_pkg-rfe  Demo_pkg-task  Demo_t  Demo_t-rfe  Demo_t-task  demo-orca-program  demo-orca-program-rfe  demo-orca-program-task  demo-orca-service  demo-orca-service-rfe  demo-orca-service-task  Demo-rfe  Demo-task  Demo1  Demo1-rfe  Demo1-task  DemoAgent  DemoAgent-rfe  DemoAgent-task  Denali  Denali-rfe  Denali-task  DenaliSnmp  DenaliSnmp-rfe  DenaliSnmp-task  Dfa  Dfa-rfe  Dfa-task  Dhclient  Dhclient-rfe  Dhclient-task  dhcp  dhcp-forwarder  dhcp-forwarder-rfe  dhcp-forwarder-task  dhcp-rfe  dhcp-task  DhcpClient  DhcpClient-rfe  DhcpClient-task  DhcpRelay  DhcpRelay-rfe  DhcpRelay-task  DhcpRelayTest  DhcpRelayTest-rfe  DhcpRelayTest-task  DhcpServer  DhcpServer-rfe  DhcpServer-task  DhcpSnooping  DiagEngine  DiagEngine-rfe  DiagEngine-task  Diags  Diags-rfe  Diags-task  DiagsImage  DiagsImage-rfe  DiagsImage-task  DiagsTools  DiagsTools-rfe  DiagsTools-task  DirectFlow  DirectFlow-rfe  DirectFlow-task  DirectFlowTest  DirectFlowTest-rfe  DirectFlowTest-task  DiskImager  DiskImager-rfe  DiskImager-task  disknanny  disknanny-rfe  disknanny-service  disknanny-service-rfe  disknanny-service-task  disknanny-task  Display  Display-rfe  Display-task  Dist  Dist-rfe  Dist-task  distcc  distcc-rfe  distcc-task  DITA Guidelines  django-hosts  django-hosts-rfe  django-hosts-task  djdump  djdump-rfe  djdump-task  dmamem  dmamem-rfe  dmamem-task  dnsmasq  dnsmasq-rfe  dnsmasq-task  docker  docker-rfe  docker-task  dockertest  dockertest-rfe  dockertest-task  Doran-diags  Dos  Dos-rfe  Dos-task  DosAlta  DosAlta-rfe  DosAlta-task  DosBarefoot  DosBarefoot-rfe  DosBarefoot-task  DosBroadcom  DosBroadcom-rfe  DosBroadcom-task  DosCtypes  DosCtypes-rfe  DosCtypes-task  DosDocumentation  DosDocumentation-rfe  DosDocumentation-task  DosFocalPoint  DosFocalPoint-rfe  DosFocalPoint-task  DosInfra  DosInfra-diags  DosInfra-rfe  DosInfra-task  DosSand  DosSand-rfe  DosSand-task  DosStrata  DosStrata-rfe  DosStrata-task  DosSystem  DosSystem-diags  DosSystem-rfe  DosSystem-task  DosSystemBase  DosSystemBase-rfe  DosSystemBase-task  DosUmbrella  DosUmbrella-rfe  DosUmbrella-task  DosXp  DosXp-rfe  DosXp-task  Dot1ag  Dot1ag-rfe  Dot1ag-task  Dot1x  Dot1x-rfe  Dot1x-task  Dpdk  Dpdk-rfe  Dpdk-task  Dpll  Dpll-rfe  Dpll-task  DropWatch  DropWatch-rfe  DropWatch-task  Ds125Br  Ds125Br-rfe  Ds125Br-task  Ds280  Ds280-rfe  Ds280-task  Dscp  Dscp-rfe  Dscp-task  DscpTest  DscpTest-rfe  DscpTest-task  DspUtils  DspUtils-rfe  DspUtils-task  dumb-init  dumb-init-rfe  dumb-init-task  DummyACL  DummyACL-rfe  DummyACL-task  dummyaclagent  dummyaclagent-rfe  dummyaclagent-task  Dune  Dune-rfe  dwz  dwz-rfe  dwz-task  DynamicRoutes  DynamicRoutes-rfe  DynamicRoutes-task  DynamicRouting  DynamicRouting-rfe  DynamicServiceInsertion  DynamicServiceInsertion-rfe  DynamicServiceInsertion-task  dynamips  dynamips-rfe  dynamips-task  EaglePeak-diags  Eapi  Eapi-rfe  Eapi-task  Ebra  Ebra-rfe  Ebra-task  EbraOCTests  EbraOCTests-rfe  EbraOCTests-task  EbraSnmp  EbraSnmp-rfe  EbraSnmp-task  EcbAgent  EcbAgent-rfe  EcbAgent-task  edtest  edtest-rfe  edtest-task  EDVT-Automation-Tools  Eeyore  Eeyore-rfe  Eeyore-task  eke  eke-rfe  eke-task  ElCapitan-diags  ElCorazon-diags  emacs  emacs-rfe  emacs-task  Emcore (JB)  EmersonHw  EmersonHw-rfe  EmersonPower  EmersonPower-rfe  EmersonPower-task  EngTeam  EngTeam-rfe  EngTeam-task  Enigma  Enigma-rfe  Enigma-task  EnigmaApi  EnigmaApi-rfe  EnigmaApi-task  EntityMib  EntityMib-rfe  EntityMib-task  Environment  Environment-rfe  Environment-task  EnvSnmp  EnvSnmp-rfe  EnvSnmp-task  Eoam  Eoam-rfe  Eoam-task  Eos  Eos-initscripts  Eos-initscripts-rfe  Eos-initscripts-task  Eos-logos  Eos-logos-rfe  Eos-logos-task  Eos-release  Eos-release-rfe  Eos-release-task  Eos-rfe  Eos-task  Eos-udev  Eos-udev-rfe  Eos-udev-task  EOS-UserDoc  EosAbootFirmwareUtils  EosAbootFirmwareUtils-rfe  EosAbootFirmwareUtils-task  EosDoc  EosDoc-rfe  EosDoc-task  EosExtras  EosExtras-rfe  EosExtras-task  EosImage  EosImage-rfe  EosImage-task  EosImage2GB  EosImage2GB-rfe  EosImage2GB-task  EosImageREV01HW  EosImageREV01HW-rfe  EosImageREV01HW-task  EosInit  EosInit-rfe  EosInit-task  EosKernel  EosKernel-rfe  EosKernel-task  EosKernelTest  EosKernelTest-rfe  EosKernelTest-task  EosLiteDut  EosLiteDut-rfe  EosLiteDut-task  EosSdk  EosSdk-rfe  EosSdk-task  EosSdkApps  EosSdkApps-rfe  EosSdkApps-task  EosTortureTest  EosTortureTest-rfe  EosTortureTest-task  EosUtils  EosUtils-rfe  EosUtils-task  EosVersion  EosVersion-rfe  EosVersion-task  Epil2Api  Epil2Api-rfe  Epil2Api-task  EpilApi  EpilApi-rfe  EpilApi-task  Epoch  Epoch-rfe  Epoch-task  EpqDmaLib  EpqDmaLib-rfe  EpqDmaLib-task  Eql  Eql-rfe  Eql-task  Espresso  Espresso-rfe  Espresso-task  EtbaDut  EtbaDut-rfe  EtbaDut-task  Ether  EthIntf  EthIntf-rfe  EthIntf-task  EthIntfSnmp  EthIntfSnmp-rfe  EthIntfSnmp-task  Eureka-diags  EventHistory  EventHistory-rfe  EventHistory-task  EventHistoryCli  EventHistoryCli-rfe  EventHistoryCli-task  EventMgr  EventMgr-rfe  EventMgr-task  EventMgrEnvironment  EventMgrEnvironment-rfe  EventMgrEnvironment-task  EventMgrSystem  EventMgrSystem-rfe  EventMgrSystem-task  EventMon  EventMon-rfe  EventMon-task  EventMonTest  EventMonTest-rfe  EventMonTest-task  Evora  Evora-rfe  Evora-task  EvoraApi  EvoraApi-rfe  EvoraApi-task  EvoRack  EvoRack-rfe  EvoRack-task  Evpn  Evpn-rfe  Evpn-task  EvpnLib  EvpnLib-rfe  EvpnLib-task  EvpnMplsTest  EvpnMplsTest-rfe  EvpnMplsTest-task  EvpnTest  EvpnTest-rfe  EvpnTest-task  EvpnVxlanTest  EvpnVxlanTest-rfe  EvpnVxlanTest-task  exabgp  exabgp-rfe  exabgp-task  Excelight  Excelight-rfe  exectest  exectest-rfe  exectest-task  Extension  Extension-rfe  Extension-task  ExtensionMgr  ExtensionMgr-rfe  ExtensionMgr-task  ExtEntity  ExtEntity-rfe  ExtEntity-task  External  External-rfe  External-task  ExternalAlarm  ExternalAlarm-rfe  ExternalAlarm-task  f1  f1-rfe  f1-task  fable  fable-rfe  fable-task  FabricIntf  FabricIntf-rfe  FabricIntf-task  Facilities  Facilities-rfe  fal  fal-rfe  fal-task  Fan-diags  Fan/Power  Fan/Power-rfe  FastServerFailover  FastServerFailover-rfe  FastServerFailover-task  FastServerFailoverTest  FastServerFailoverTest-rfe  FastServerFailoverTest-task  FaultInjection  FaultInjection-rfe  FaultInjection-task  FeatureQosMixedTests  FeatureQosMixedTests-rfe  FeatureQosMixedTests-task  FeatureRoutingMixedTests  FeatureRoutingMixedTests-rfe  FeatureRoutingMixedTests-task  Fhrp  Fhrp-rfe  Fhrp-task  FhrpSnmp  FhrpSnmp-rfe  FhrpSnmp-task  FhrpTest  FhrpTest-rfe  FhrpTest-task  FileCli  FileCli-rfe  FileCli-task  FileReplication  FileReplication-rfe  FileReplication-task  FileSystemMount  FileSystemMount-rfe  FileSystemMount-task  FileSystems  FileSystems-rfe  FileSystems-task  Finisar  Finisar (TH)  Finisar-rfe  fipscheck  fipscheck-rfe  fipscheck-task  Firewall  Firewall-rfe  Firewall-task  FirewallTest  FirewallTest-rfe  FirewallTest-task  firmware  firmware-rfe  firmware-task  FlameGraph  FlameGraph-rfe  FlameGraph-task  FlexCounters  FlexCounters-rfe  FlexCounters-task  FlexCountersTest  FlexCountersTest-rfe  FlexCountersTest-task  FmApi  FmApi-rfe  FmApi-task  Fne  Fne-rfe  Fne-task  FneTest  FneTest-rfe  FneTest-task  FocalPoint  focalpoint-plx  focalpoint-plx-rfe  focalpoint-plx-task  FocalPoint-rfe  FocalPoint-task  FocalPointV2  FocalPointV2-rfe  FocalPointV2-task  FocalPointV2Test  FocalPointV2Test-rfe  FocalPointV2Test-task  Forestville-diags  ForwardingAgentQosTestMixedTests  ForwardingAgentQosTestMixedTests-rfe  ForwardingAgentQosTestMixedTests-task  ForwardingAgentVxlanTestMixedTests  ForwardingAgentVxlanTestMixedTests-rfe  ForwardingAgentVxlanTestMixedTests-task  ForwardingMonitor  ForwardingMonitor-rfe  ForwardingMonitor-task  Fossil  Fossil-rfe  Fossil-task  fpdma  fpdma-rfe  fpdma-task  Fpga  Fpga-rfe  Fpga-task  FpgaHealthMonitor  FpgaHealthMonitor-rfe  FpgaHealthMonitor-task  FPLanz  FPLanz-rfe  FPLanz-task  freeradius-client  freeradius-client-rfe  freeradius-client-task  Fru  Fru-rfe  Fru-task  FruSnmp  FruSnmp-rfe  FruSnmp-task  Fulcrum  Fulcrum-rfe  FuriaApi  FuriaApi-rfe  FuriaApi-task  FuseAgent  FuseAgent-rfe  FuseAgent-task  Fvm  Fvm-rfe  Fvm-task  gated  gated-rfe  gated-task  GatedBgp  GatedBgp-rfe  GatedBgp-task  GatedRouteMap  GatedRouteMap-rfe  GatedRouteMap-task  GatedSnmp  GatedSnmp-rfe  GatedSnmp-task  GatedTe  GatedTe-rfe  GatedTe-task  GatedTest  GatedTest-rfe  GatedTest-task  gbenchmark  gbenchmark-rfe  gbenchmark-task  GbEPROM  GbEPROM-rfe  GbEPROM-task  gcc  gcc-rfe  gcc-task  gdb  gdb-rfe  gdb-task  geiger  geiger-rfe  geiger-task  General-diags  GenericSnmp  GenericSnmp-rfe  GenericSnmp-task  GenSuite  GenSuite-rfe  GenSuite-task  gflags  gflags-rfe  gflags-task  gitar  gitar-rfe  gitar-task  github  github-rfe  github-task  GitPatchMgmt  GitPatchMgmt-rfe  GitPatchMgmt-task  GitPatchReview  GitPatchReview-rfe  GitPatchReview-task  Glacier  Glacier-rfe  Glacier-task  GlenEllen  GlenEllen-rfe  Glenlyon  Glenlyon-rfe  Glenlyon-task  glibc  glibc-rfe  glibc-task  glog  glog-rfe  glog-task  Gmp  Gmp-rfe  Gmp-task  Gn2405  Gn2405-rfe  Gn2405-task  gnmi  gnmi-rfe  gnmi-task  gnoi  gnoi-rfe  gnoi-task  go-mangoes  go-mangoes-rfe  go-mangoes-task  go-mangos  go-mangos-rfe  go-mangos-task  go-nanomsg  go-nanomsg-rfe  go-nanomsg-task  goa4  goa4-rfe  goa4-task  goexternal  goexternal-rfe  goexternal-task  gograb  gograb-rfe  gograb-task  golang  golang-rfe  golang-task  GoldenGate  GoldenGate-rfe  Goodbye  Goodbye-rfe  Goodbye-task  google-api-python-client  google-api-python-client-rfe  google-api-python-client-task  google-perftools  google-perftools-rfe  google-perftools-task  gopacket  gopacket-rfe  gopacket-task  GOpenFlow  GOpenFlow-rfe  GOpenFlow-task  gotestlib  gotestlib-rfe  gotestlib-task  goworkspace  goworkspace-rfe  goworkspace-task  gperftools  gperftools-rfe  gperftools-task  GPIO-diags  Group  Group-rfe  Group-task  grpc  grpc-rfe  grpc-task  grpcio  grpcio-rfe  grpcio-task  gsoap  gsoap-rfe  gsoap-task  gtest  gtest-rfe  gtest-task  Guernville-diags  gut  gut-rfe  gut-task  hadoop-distributions  hadoop-distributions-rfe  hadoop-distributions-task  HadoopTracer  HadoopTracer-rfe  HadoopTracer-task  Halfdome  Halfdome-rfe  Halo  Halo-rfe  Halo-task  HaloFpga  HaloFpga-rfe  HaloFpga-task  HaloUtil  HaloUtil-rfe  HaloUtil-task  Hardware  Hardware-rfe  Hardware-task  HashUtils  HashUtils-rfe  HashUtils-task  Health  Health-rfe  Health-task  HealthMgr  HealthMgr-rfe  HealthMgr-task  Helena  Helena-rfe  Hello  Hello-rfe  Hello-task  HelloAgent  HelloAgent-rfe  HelloAgent-task  help2man  help2man-rfe  help2man-task  HitlessRestartTest  HitlessRestartTest-rfe  HitlessRestartTest-task  HMtestPackage  Hollywod-rfe  Hollywod-task  Hollywood  Hollywood-rfe  Hollywood-task  HostInject  HostInject-rfe  HostInject-task  HostInjectAgent  HostInjectAgent-rfe  HostInjectAgent-task  HostResourcesMib  HostResourcesMib-rfe  HostResourcesMib-task  HostSecurity  HostSecurity-rfe  HostSecurity-task  HostSecurityTest  HostSecurityTest-rfe  HostSecurityTest-task  hrdb  hrdb-rfe  hrdb-task  Hsc  Hsc-rfe  Hsc-task  HscRestApi  HscRestApi-rfe  HscRestApi-task  HttpbinDut  HttpbinDut-rfe  HttpbinDut-task  HttpService  HttpService-rfe  HttpService-task  Hut  Hut-rfe  Hut-task  HW-UserDoc  icinga  icinga-rfe  icinga-task  Idt82p33831  Idt82p33831-rfe  Idt82p33831-task  Idt82v3396  Idt82v3396-rfe  Idt82v3396-task  idutils  idutils-rfe  idutils-task  Igmp  Igmp-rfe  Igmp-task  IgmpHost  IgmpHost-rfe  IgmpHost-task  IgmpHostProxy  IgmpHostProxy-rfe  IgmpHostProxy-task  IgmpProxy  IgmpProxy-rfe  IgmpProxy-task  IgmpSnmp  IgmpSnmp-rfe  IgmpSnmp-task  IgmpSnooping  IgmpSnooping-rfe  IgmpSnooping-task  IgmpSnoopingFeature  IgmpSnoopingFeature-rfe  IgmpSnoopingTest  IgmpSnoopingTest-rfe  IgmpSnoopingTest-task  IgmpTest  IgmpTest-rfe  IgmpTest-task  ImageTest  ImageTest-rfe  ImageTest-task  Influx  Influx-rfe  Influx-task  influxlib  influxlib-rfe  influxlib-task  InnoLight (DP)  Inphi  Inphi-rfe  Inphi-task  InPhy-diags  Intel  Intel-rfe  InternalPortsSnmp  InternalPortsSnmp-rfe  InternalPortsSnmp-task  InteropL1  InteropL1Test  InteropL1Test-rfe  InteropL1Test-task  Intf  Intf-rfe  Intf-task  IntfAdapter  IntfAdapter-rfe  IntfAdapter-task  IntfSnmp  IntfSnmp-rfe  IntfSnmp-task  iomemory-vsl  iomemory-vsl-rfe  iomemory-vsl-task  iozone  iozone-rfe  iozone-task  IpDut  IpDut-rfe  IpDut-task  iperf  iperf-rfe  iperf-task  IpEth  IpEth-rfe  IpEth-task  IpEthTest  IpEthTest-rfe  IpEthTest-task  IpMRouteSnmp  IpMRouteSnmp-rfe  IpMRouteSnmp-task  IpRib  IpRib-rfe  IpRib-task  IpRibDut  IpRibDut-rfe  IpRibDut-task  IpRibLib  IpRibLib-rfe  IpRibLib-task  IpRibMain  IpRibMain-rfe  IpRibMain-task  IpRibTest  IpRibTest-rfe  IpRibTest-task  iproute  iproute-rfe  iproute-task  Ipsec  ipsec_flow_parallelization  ipsec_flow_parallelization-rfe  ipsec_flow_parallelization-task  Ipsec-rfe  Ipsec-task  ipsecflow_parallelization  ipsecflow_parallelization-rfe  ipsecflow_parallelization-task  IpsecTest  IpsecTest-rfe  IpsecTest-task  iptables  iptables-rfe  iptables-task  Ipv6NeighborDiscovery  Ipv6NeighborDiscovery-rfe  Ipv6NeighborDiscovery-task  Ipv6RouterAdvt  Ipv6RouterAdvt-rfe  Ipv6RouterAdvt-task  Ira  Ira-rfe  Ira-task  IraAcl  IraAcl-rfe  IraAcl-task  IraSnmp  IraSnmp-rfe  IraSnmp-task  irqbalance  irqbalance-rfe  irqbalance-task  isatapd  isatapd-rfe  isatapd-task  Isis  Isis-rfe  Isis-task  IsisMultiProtocolTest  IsisMultiProtocolTest-rfe  IsisMultiProtocolTest-task  isl  isl-rfe  isl-task  Isl6812X  Isl6812X-rfe  Isl6812X-task  IT Support  IT Support-rfe  ixHltApi  ixHltApi-rfe  ixHltApi-task  Ixia  Ixia-rfe  Ixia-task  ixNetworkTcl  ixNetworkTcl-rfe  ixNetworkTcl-task  ixTclHal  ixTclHal-rfe  ixTclHal-task  jcc  jcc-rfe  jcc-task  JDSU  JDSU (CW)  JDSU-rfe  jemalloc  jemalloc-rfe  jemalloc-task  Jenner  Jenner-rfe  Jenner-task  Jericho2Fixed  Jericho2Fixed-rfe  Jericho2Fixed-task  JerichoFixed  JerichoFixed-rfe  JerichoFixed-task  JerichoPlusFixed  JerichoPlusFixed-rfe  JerichoPlusFixed-task  Jinja2  Jinja2-rfe  Jinja2-task  JPlusFixed  JPlusFixed-rfe  JPlusFixed-task  jshon  jshon-rfe  jshon-task  json-cfg  json-cfg-rfe  json-cfg-task  jsonrpclib  jsonrpclib-rfe  jsonrpclib-task  Jtag  Jtag-rfe  Jtag-task  Judy  Judy-rfe  Judy-task  jungledisk  jungledisk-rfe  jungledisk-task  Kabini  Kabini-rfe  Kabini-task  kafka  kafka-rfe  kafka-task  kafkacat  kafkacat-rfe  kafkacat-task  kbfd  kbfd-rfe  kbfd-task  Kbp  kbp-driver  kbp-driver-rfe  kbp-driver-task  Kbp-rfe  Kbp-task  KbpSdk  KbpSdk-rfe  KbpSdk-task  KernelDevTools  KernelDevTools-rfe  KernelDevTools-task  KernelFib  KernelFib-rfe  KernelFib-task  KernelFibTest  KernelFibTest-rfe  KernelFibTest-task  KernelMfib  KernelMfib-rfe  KernelMfib-task  KernelNetworkInfo  KernelNetworkInfo-rfe  KernelNetworkInfo-task  KernelVersion  KernelVersion-rfe  KernelVersion-task  kexec-tools  kexec-tools-rfe  kexec-tools-task  klish  klish-rfe  klish-task  kshim  kshim-rfe  kshim-task  kubectl  kubectl-rfe  kubectl-task  kwonly-args  kwonly-args-rfe  kwonly-args-task  L2Rib  L2Rib-rfe  L2Rib-task  L3BfdTest  L3BfdTest-rfe  L3BfdTest-task  L3ProtocolAgentModelCleanup  L3ProtocolAgentModelCleanup-rfe  L3ProtocolAgentModelCleanup-task  L3ProtocolCleanup  L3ProtocolCleanup-rfe  L3ProtocolCleanup-task  L3TestLib  L3TestLib-rfe  L3TestLib-task  L3Vpn  L3Vpn-rfe  L3Vpn-task  Labpatch  Labpatch-rfe  Labpatch-task  Lag  Lag-rfe  Lag-task  LagSnmp  LagSnmp-rfe  LagSnmp-task  LagTest  LagTest-rfe  LagTest-task  Lanz  Lanz-rfe  Lanz-task  lanzcoprocessor  lanzcoprocessor-rfe  lanzcoprocessor-task  LanzTest  LanzTest-rfe  LanzTest-task  Larkfield-diags  LassenPower  LassenPower-rfe  LassenPower-task  lasso  lasso-rfe  lasso-task  Lattice  Lattice-rfe  Lattice-task  Launcher  Launcher-rfe  Launcher-task  LauncherSnmp  LauncherSnmp-rfe  LauncherSnmp-task  Layer1Mgmt  Layer1Mgmt-rfe  Layer1Mgmt-task  Ldp  Ldp-rfe  Ldp-task  LdpSnmp  LdpSnmp-rfe  LdpSnmp-task  LdpTest  LdpTest-rfe  LdpTest-task  Leoni (HC)  lftp  lftp-rfe  lftp-task  libcrafter  libcrafter-rfe  libcrafter-task  libdrm  libdrm-rfe  libdrm-task  libedit  libedit-rfe  libedit-task  libestrar  libestrar-rfe  libestrar-task  libev  libev-rfe  libev-task  libevent  libevent-rfe  libevent-task  libfastjson  libfastjson-rfe  libfastjson-task  libipt  libipt-rfe  libipt-task  liblogging  liblogging-rfe  liblogging-task  liblognorm  liblognorm-rfe  liblognorm-task  libpcap  libpcap-rfe  libpcap-task  librdkafka  librdkafka-rfe  librdkafka-task  librelp  librelp-rfe  librelp-task  libtool  libtool-rfe  libtool-task  libuio  libuio-rfe  libuio-task  libunwind  libunwind-rfe  libunwind-task  libvirt  libvirt-rfe  libvirt-task  License  License-rfe  License-task  LicenseCommon  LicenseCommon-rfe  LicenseCommon-task  LicenseRequestWeb  LicenseRequestWeb-rfe  LicenseRequestWeb-task  LicenseServer  LicenseServer-rfe  LicenseServer-task  LicenseTest  LicenseTest-rfe  LicenseTest-task  lidar  lidar-rfe  lidar-task  LinuxBridge  LinuxBridge-rfe  LinuxBridge-task  lksim  lksim-rfe  lksim-task  Lldp  Lldp-rfe  Lldp-task  LldpTest  LldpTest-rfe  LldpTest-task  llvm  llvm-rfe  llvm-task  Lm73  Lm73-rfe  Lm73-task  Lm95234  Lm95234-rfe  Lm95234-task  LoadBalancer  LoadBalancer-rfe  LoadBalancer-task  LoggedIo  LoggedIo-rfe  LoggedIo-task  LogLake  LogMgr  LogMgr-rfe  LogMgr-task  Logscan-service  Logscan-service-rfe  Logscan-service-task  LoopProtect  LoopProtect-rfe  LoopProtect-task  LpmTrie  LpmTrie-rfe  LpmTrie-task  m2crypto  m2crypto-rfe  m2crypto-task  M8  M8-rfe  MacMon  MacMon-rfe  MacMon-task  MacPhyConc  MacPhyConc-rfe  MacPhyConc-task  Macsec  Macsec-rfe  Macsec-task  MacSecAle  MacSecAle-rfe  MacSecAle-task  MacsecProxy  MacsecProxy-rfe  MacsecProxy-task  MacsecWeb  MacsecWeb-rfe  MacsecWeb-task  MadApi  MadApi-rfe  MadApi-task  MaintenacenModeTest  MaintenacenModeTest-rfe  MaintenacenModeTest-task  Maintenance  Maintenance-rfe  Maintenance-task  MaintenanceMode  MaintenanceMode-rfe  MaintenanceMode-task  MaintenanceModeTest  MaintenanceModeTest-rfe  MaintenanceModeTest-task  make  make-rfe  make-task  makedumpfile  makedumpfile-rfe  makedumpfile-task  ManagementActive  ManagementActive-rfe  ManagementActive-task  Manufacturing  Manufacturing-rfe  Marco  Marco-rfe  Marco-task  MarcoTest  MarcoTest-rfe  MarcoTest-task  MatchList  MatchList-rfe  MatchList-task  Matt  Matt-rfe  Matt-task  Max24305  Max24305-rfe  Max24305-task  Max31790  Max31790-rfe  Max31790-task  Max5980  Max5980-rfe  Max5980-task  Max6658  Max6658-rfe  Max6658-task  Max6697  Max6697-rfe  Max6697-task  mb-tools  mb-tools-rfe  mb-tools-task  MbbPostcodef  MbbPostcodef-rfe  MbbPostcodef-task  McastAgentContainer  McastAgentContainer-rfe  McastAgentContainer-task  McastBoundary  McastBoundary-rfe  McastBoundary-task  McastBridging  McastBridging-rfe  McastBridging-task  McastCommon  McastCommon-rfe  McastCommon-task  McastCommonTest  McastCommonTest-rfe  McastCommonTest-task  McastTest  McastTest-rfe  McastTest-task  Mcp55  Mcp55-rfe  Mcp55-task  Meadowood  Meadowood-rfe  Mellanox  Mellanox-rfe  Memgraph  Memgraph-rfe  Memgraph-task  Memory-diags  Mendocino  Mendocino-diags  Mendocino-rfe  Mendocino-task  Mentor  Mentor-rfe  Merced  Merced-rfe  Merge  Merge (WX)  Merge-rfe  Metadb  Metadb-rfe  Metadb-task  MetadbTest  MetadbTest-rfe  MetadbTest-task  MfgInfra  MfgInfra-diags  MfgInfra-rfe  MfgInfra-task  MfgShared  MfgShared-rfe  MfgShared-task  MfgTest  MfgTest-rfe  MfgTest-task  MgmtSecurity  MgmtSecurity-rfe  MgmtSecurity-task  Microsemi  Microsemi-rfe  Microsemi-task  mingetty  mingetty-rfe  mingetty-task  mips-sde  mips-sde-rfe  mips-sde-task  Mirroring  Mirroring-rfe  Mirroring-task  MirroringTest  MirroringTest-rfe  MirroringTest-task  Misc  Misc-rfe  MiscSnmp  MiscSnmp-rfe  MiscSnmp-task  mjollnir  mjollnir-rfe  mjollnir-task  mkelfImage  mkelfImage-rfe  mkelfImage-task  Mlag  Mlag-rfe  Mlag-task  MlagDut  MlagDut-rfe  MlagDut-task  MlagSnmp  MlagSnmp-rfe  MlagSnmp-task  MlagVrrp  MlagVrrp-rfe  MlagVrrp-task  Mld  Mld-rfe  Mld-task  MldTest  MldTest-rfe  MldTest-task  Mmpa  Mmpa-rfe  Mmpa-task  mock-program  mock-program-rfe  mock-program-task  mock-service  mock-service-rfe  mock-service-task  mod_auth_mellon  mod_auth_mellon-rfe  mod_auth_mellon-task  mod_python  mod_python-rfe  mod_python-task  Modular  Modular-rfe  Modular-task  ModularPlatform  ModularPlatform-rfe  Molex  Molex (PV)  Molex-rfe  mosh  mosh-rfe  mosh-task  MoshCli  MoshCli-rfe  MoshCli-task  moss  moss-rfe  moss-task  MountAnalyzer  MountAnalyzer-rfe  MountAnalyzer-task  MoveDownstairs  MoveDownstairs-rfe  MpcFree  MpcFree-rfe  MpcFree-task  Mpls  Mpls-rfe  Mpls-task  MplsAgent  MplsAgent-rfe  MplsAgent-task  MplsData  MplsData-rfe  MplsData-task  MplsTest  MplsTest-rfe  MplsTest-task  MplsUtils  MplsUtils-rfe  MplsUtils-task  MplsVpn  MplsVpn-rfe  MplsVpn-task  mpt3sas  mpt3sas-rfe  mpt3sas-task  Mroute  Mroute-rfe  Mroute-task  MrouteTest  MrouteTest-rfe  MrouteTest-task  Mrp  Mrp-rfe  Mrp-task  mrt  mrt-rfe  mrt-task  mrtparse  mrtparse-rfe  mrtparse-task  MrtrDut  MrtrDut-rfe  MrtrDut-task  Msdp  Msdp-rfe  Msdp-task  MsdpSnmp  MsdpSnmp-rfe  MsdpSnmp-task  MsdpTest  MsdpTest-rfe  MsdpTest-task  Msrp  Msrp-rfe  Msrp-task  Mss  Mss-rfe  Mss-task  MssClient  MssClient-rfe  MssClient-task  MssPolicyMonitor  MssPolicyMonitor-rfe  MssPolicyMonitor-task  MssTest  MssTest-rfe  MssTest-task  Mt. Baker  Mt. Baker-rfe  MtDan-diags  MtDana-diags  MtdApi  MtdApi-rfe  MtdApi-task  mtrace  mtrace-rfe  mtrace-task  MultiProtocolRouting  MultiProtocolRouting-rfe  MultiProtocolRouting-task  MultiProtocolTools  MultiProtocolTools-rfe  MultiProtocolTools-task  MultiProtocolTunnelTest  MultiProtocolTunnelTest-rfe  MultiProtocolTunnelTest-task  Mvrp  Mvrp-rfe  Mvrp-task  MyDemo  MyDemo-rfe  MyDemo-task  mysqltestlib  mysqltestlib-rfe  mysqltestlib-task  NameNode  NameNode-rfe  NameNode-task  NameNodeTest  NameNodeTest-rfe  NameNodeTest-task  NamespaceCluster  NamespaceCluster-rfe  NamespaceCluster-task  NamespaceDut  NamespaceDut-rfe  NamespaceDut-task  nanomsg  nanomsg-rfe  nanomsg-task  nanowbem  nanowbem-rfe  nanowbem-task  Napa  Napa-hw  Napa-rfe  Napa-task  Nat  Nat-rfe  Nat-task  NatTest  NatTest-rfe  NatTest-task  ncclient  ncclient-rfe  ncclient-task  ncurses  ncurses-rfe  ncurses-task  ndisc6  ndisc6-rfe  ndisc6-task  net-snmp  net-snmp-rfe  net-snmp-task  Netconf  Netconf-rfe  Netconf-task  netns  netns-rfe  netns-task  NetworkTest  NetworkTest-rfe  NetworkTest-task  NetworkTools  NetworkTools-rfe  NetworkTools-task  NetworkView  NetworkView-rfe  NetworkView-task  Nevada  Nevada-rfe  NewBgp  NewBgp-rfe  NewBgp-task  nginx  nginx-rfe  nginx-task  nglogc  nglogc-rfe  nglogc-task  Nice  Nice Diags  nios2eds  nios2eds-rfe  nios2eds-task  nnpy  nnpy-rfe  nnpy-task  node  node-rfe  node-task  nodejs  nodejs-rfe  nodejs-task  Nooksack  Nooksack-rfe  NorCal  NorCal-rfe  NorCal-task  NorCalCard  NorCalCard-rfe  NorCalCard-task  NorCalMfg  NorCalMfg-rfe  NorCalMfg-task  NorCalSys  NorCalSys-rfe  NorCalSys-task  NorCalTest  NorCalTest-rfe  NorCalTest-task  nstools  nstools-rfe  nstools-task  nsutil  nsutil-rfe  nsutil-task  Ntp  Ntp-rfe  Ntp-task  ntp-udel  ntp-udel-rfe  ntp-udel-task  NuageVsp  Nvgre  Nvgre-rfe  Nvgre-task  Oak-diags  OAM-task  oauth2client  oauth2client-rfe  oauth2client-task  ObjectTracking  ObjectTracking-rfe  ObjectTracking-task  oepnssl  oepnssl-rfe  oepnssl-task  Olema-diags  omi  omi-rfe  omi-task  onie  onie-rfe  onie-task  OnsiteDetector  OnsiteDetector-rfe  OnsiteDetector-task  openbmp  openbmp-rfe  openbmp-task  OpenConfig  OpenConfig-rfe  OpenConfig-task  OpenConfigTest  OpenConfigTest-rfe  OpenConfigTest-task  OpenFlow  OpenFlow-rfe  OpenFlow-task  OpenFlowTest  OpenFlowTest-rfe  OpenFlowTest-task  OpenGrok  OpenGrok-rfe  OpenGrok-task  openssh  openssh-rfe  openssh-task  OpenSSHTest  OpenSSHTest-rfe  OpenSSHTest-task  openssl  openssl-rfe  openssl-task  OpenStack  OpenStack-rfe  openstack-swift  openstack-swift-rfe  openstack-swift-task  OpenStack-task  openstackpythonclients  openstackpythonclients-rfe  openstackpythonclients-task  openvswitch  openvswitch-rfe  openvswitch-task  Oplink (KE)  Opnext  Opnext (AP)  Opnext-rfe  Optics  Optics-rfe  OptumSoftAbuildFirst  OptumSoftAbuildFirst-rfe  OptumSoftAbuildFirst-task  OptumSoftExternal  OptumSoftExternal-rfe  OptumSoftExternal-task  OptumSoftInfrastructure-task  OptumSoftProductTest  OptumSoftProductTest-rfe  OptumSoftProductTest-task  OptumSoftSearch  OptumSoftSearch-rfe  OptumSoftSearch-task  OptumSoftTools  OptumSoftTools-rfe  OptumSoftTools-task  Orca  Orca-rfe  Orca-task  Oscillators  Ospf  Ospf-rfe  Ospf-task  Ospf3  Ospf3-rfe  Ospf3-task  Overcast  Overcast-rfe  Overcast-task  ovftool  ovftool-rfe  ovftool-task  Ovs  Ovs-rfe  Ovs-task  P2PSync  P2PSync-rfe  P2PSync-task  P4  p4-ar-switch  p4-ar-switch-rfe  p4-ar-switch-task  p4-behavioral-model  p4-behavioral-model-rfe  p4-behavioral-model-task  p4-bf-switch  p4-bf-switch-rfe  p4-bf-switch-task  p4-bm-switch  p4-bm-switch-rfe  p4-bm-switch-task  p4-compilers  p4-compilers-rfe  p4-compilers-task  p4-hlir  p4-hlir-rfe  p4-hlir-task  P4-rfe  P4-task  p4c-bm  p4c-bm-rfe  p4c-bm-task  P4NamespaceDut  P4NamespaceDut-rfe  P4NamespaceDut-task  P4SwitchTest  P4SwitchTest-rfe  P4SwitchTest-task  p4testswitch  p4testswitch-rfe  p4testswitch-task  P4Tickets  P4Tickets-rfe  P4Tickets-task  PacketCapture  PacketCapture-rfe  PacketCapture-task  Packetpflegen  paramiko  paramiko-rfe  paramiko-task  parted  parted-rfe  parted-task  PatchPanel  PatchPanel-rfe  PatchPanel-task  PatchPanelAgent  PatchPanelAgent-rfe  PatchPanelAgent-task  PATT  PattTest  PattTest-rfe  PattTest-task  Pbr  Pbr-rfe  Pbr-task  Pca9555  Pca9555-rfe  Pca9555-task  PciBus  PciBus-rfe  PciBus-task  Pcie-diags  PcieNt  PcieNt-rfe  PcieNt-task  pcre  pcre-rfe  pcre-task  PdpDmaLib  PdpDmaLib-rfe  PdpDmaLib-task  Perdb  Perdb-rfe  Perdb-task  PeReyes  PeReyes-rfe  PeReyes-task  perforce  perforce-rfe  perforce-task  perftools  perftools-rfe  perftools-task  perl5  perl5-rfe  perl5-task  PersistentStore  PersistentStore-rfe  PersistentStore-task  peterwu  peterwu-rfe  peterwu-task  Petra  Petra-rfe  Petra-task  pexpect  pexpect-rfe  pexpect-task  Phoenix  Phoenix-rfe  Phoenix-task  Phone System  Phone System-rfe  PhyAeluros  PhyAeluros-rfe  PhyAeluros-task  PhyAlaska  PhyAlaska-rfe  PhyAlaska-task  PhyAlaskaX  PhyAlaskaX-rfe  PhyAlaskaX-task  PhyApm  PhyApm-rfe  PhyApm-task  PhyAvago  PhyAvago-rfe  PhyAvago-task  PhyAvago8812  PhyAvago8812-rfe  PhyAvago8812-task  PhyAvagoCurrent  PhyAvagoCurrent-rfe  PhyAvagoCurrent-task  PhyBcm  PhyBcm-rfe  PhyBcm-task  PhyBcm54980  PhyBcm54980-rfe  PhyBcm54980-task  PhyBcmEpil  PhyBcmEpil-rfe  PhyBcmEpil-task  PhyClariphy  PhyClariphy-rfe  PhyClariphy-task  PhyEee  PhyEee-rfe  PhyEee-task  PhyEthtool  PhyEthtool-rfe  PhyEthtool-task  PhyMtd  PhyMtd-rfe  PhyMtd-task  PhyNlp1342  PhyTest  PhyTest-rfe  PhyTest-task  PhyTn  PhyTn-rfe  PhyTn-task  Picasso  Picasso-rfe  Picasso-task  Picnic  Picnic-rfe  Piedmont  pigz  pigz-rfe  pigz-task  pika  pika-rfe  pika-task  Pim  Pim-rfe  Pim-task  PimBidir  PimBidir-rfe  PimBidir-task  PimBidirDf  PimBidirDf-rfe  PimBidirDf-task  PimBidirTest  PimBidirTest-rfe  PimBidirTest-task  PimBsr  PimBsr-rfe  PimBsr-task  PimBsrTest  PimBsrTest-rfe  PimBsrTest-task  PimReg  PimReg-rfe  PimReg-task  PimRegTest  PimRegTest-rfe  PimRegTest-task  Pimsm  Pimsm-rfe  Pimsm-task  PimsmTest  PimsmTest-rfe  PimsmTest-task  PimSnmp  PimSnmp-rfe  PimSnmp-task  pktgen  pktgen-rfe  pktgen-task  PlatformAgent  PlatformAgent-rfe  PlatformAgent-task  PlatformL3Intf  PlatformL3Intf-rfe  PlatformL3Intf-task  PlatformLibrary  PlatformLibrary-rfe  PlatformLibrary-task  PlatformTest  PlatformTest-rfe  PlatformTest-task  PlePex8600  PlePex8600-rfe  PlePex8600-task  PlugIt  PlugIt-rfe  PlugIt-task  Pluto  Pluto-rfe  Pluto-task  PlutoLib  PlutoLib-rfe  PlutoLib-task  PlutoLibrary  PlutoLibrary-rfe  PlutoLibrary-task  PlutoUtil  PlutoUtil-rfe  PlutoUtil-task  plx-pcie-drivers  plx-pcie-drivers-rfe  plx-pcie-drivers-task  Plx9056Bridge  Plx9056Bridge-rfe  Plx9056Bridge-task  PlxPex8600  PlxPex8600-rfe  PlxPex8600-task  ply  ply-rfe  ply-task  pmat  pmat-rfe  pmat-task  Pmbus  Pmbus-rfe  Pmbus-task  poc-tasks  PolicyMap  PolicyMap-rfe  PolicyMap-task  PolicyService  PolicyService-rfe  PolicyService-task  Ponderosa-diags  PortMirroring  PortMirroring-rfe  Power  Power-rfe  Power-task  PowerDevice-diags  PowerFuse  PowerFuse-rfe  PowerFuse-task  PowerOne  PowerOne-rfe  PowerOne-task  PowerSupply-diags  Prebuilt  Prebuilt-rfe  Prebuilt-task  Prestera  Prestera-rfe  Prestera-task  ProcMgr  ProcMgr-rfe  ProcMgr-task  procps  procps-ng  procps-ng-rfe  procps-ng-task  procps-rfe  procps-task  ProductAttributes  ProductAttributes-rfe  ProductAttributes-task  Proglog  Proglog-rfe  Proglog-task  ProjectReport  ProjectReport-rfe  ProjectReport-task  Pronghorn-diags  proteus-dns  proteus-dns-rfe  proteus-dns-task  Proto  Proto-rfe  Proto-task  protobuf  protobuf-rfe  protobuf-task  Pseudowire  Pseudowire-rfe  Pseudowire-task  PseudowireAgent  PseudowireAgent-rfe  PseudowireAgent-task  PseudowireCli  PseudowireCli-rfe  PseudowireCli-task  PseudowireTest  PseudowireTest-rfe  PseudowireTest-task  Psmi  Psmi-rfe  Psmi-task  PsocFanController  PsocFanController-rfe  PsocFanController-task  Psp  Psp-rfe  Psp-task  pstack  pstack-rfe  pstack-task  Ptp  Ptp-rfe  Ptp-task  ptpd  ptpd-rfe  ptpd-task  ptpd-v2  ptpd-v2-rfe  ptpd-v2-task  PtpTest  PtpTest-rfe  PtpTest-task  PtpTimeSync  PtpTimeSync-rfe  PtpTimeSync-task  PtpTimeSyncTest  PtpTimeSyncTest-rfe  PtpTimeSyncTest-task  PtReyes  PtReyes-rfe  PtReyes-task  Pulse  Pulse-rfe  Pulse-task  PulseAgent  PulseAgent-rfe  PulseAgent-task  PulseWeb  PulseWeb-rfe  PulseWeb-task  pxe  pxe-kexec  pxe-kexec-rfe  pxe-kexec-task  pxe-rfe  pxe-swi  pxe-swi-rfe  pxe-swi-task  pxe-task  py-radix  py-radix-rfe  py-radix-task  PyArrow  PyArrow-rfe  PyArrow-task  pycodestyle  pycodestyle-rfe  pycodestyle-task  pylibpcap  pylibpcap-rfe  pylibpcap-task  pylint  pylint-rfe  pylint-task  pylucene  pylucene-rfe  pylucene-task  python  python-beautiful-soup  python-beautiful-soup-rfe  python-beautiful-soup-task  python-blockdiag  python-blockdiag-rfe  python-blockdiag-task  python-breathe  python-breathe-rfe  python-breathe-task  python-cjson  python-cjson-rfe  python-cjson-task  python-cogapp  python-cogapp-rfe  python-cogapp-task  python-decorator  python-decorator-rfe  python-decorator-task  python-django  python-django-picklefield  python-django-picklefield-rfe  python-django-picklefield-task  python-django-rfe  python-django-storage-swift  python-django-storage-swift-rfe  python-django-storage-swift-task  python-django-task  python-djblets  python-djblets-rfe  python-djblets-task  python-docker  python-docker-rfe  python-docker-task  python-dpkt  python-dpkt-rfe  python-dpkt-task  python-eunuchs  python-eunuchs-rfe  python-eunuchs-task  python-eventlet  python-eventlet-rfe  python-eventlet-task  python-funcparserlib  python-funcparserlib-rfe  python-funcparserlib-task  python-graph  python-graph-rfe  python-graph-task  python-httpbin  python-httpbin-rfe  python-httpbin-task  python-httplib2  python-httplib2-rfe  python-httplib2-task  python-iso8601  python-iso8601-rfe  python-iso8601-task  python-jcc  python-jcc-rfe  python-jcc-task  python-json-cfg  python-json-cfg-rfe  python-json-cfg-task  python-jsonrpclib  python-jsonrpclib-rfe  python-jsonrpclib-task  python-kwonly-args  python-kwonly-args-rfe  python-kwonly-args-task  python-logilab-astng  python-logilab-astng-rfe  python-logilab-astng-task  python-m2crypto  python-m2crypto-rfe  python-m2crypto-task  python-markdown2  python-markdown2-rfe  python-markdown2-task  python-mox  python-mox-rfe  python-mox-task  python-ncclient  python-ncclient-rfe  python-ncclient-task  python-oftest  python-oftest-rfe  python-oftest-task  python-openbmp-api  python-openbmp-api-rfe  python-openbmp-api-task  python-openstackclients  python-openstackclients-rfe  python-openstackclients-task  python-paramiko  python-paramiko-rfe  python-paramiko-task  python-pbr  python-pbr-rfe  python-pbr-task  python-pip  python-pip-rfe  python-pip-task  python-prettytable  python-prettytable-rfe  python-prettytable-task  python-ptf  python-ptf-rfe  python-ptf-task  python-pypiserver  python-pypiserver-rfe  python-pypiserver-task  python-pyvmomi  python-pyvmomi-rfe  python-pyvmomi-task  python-requests  python-requests-rfe  python-requests-task  python-requests2  python-requests2-rfe  python-requests2-task  python-rfe  python-seqdiag  python-seqdiag-rfe  python-seqdiag-task  python-setuptools  python-setuptools-rfe  python-setuptools-task  python-six  python-six-rfe  python-six-task  python-sleekxmpp  python-sleekxmpp-rfe  python-sleekxmpp-task  python-sphinx  python-sphinx-rfe  python-sphinx-task  python-sqlalchemy  python-sqlalchemy-rfe  python-sqlalchemy-task  python-swiftclient  python-swiftclient-rfe  python-swiftclient-task  python-task  python-webcolors  python-webcolors-rfe  python-webcolors-task  python-xlrd  python-xlrd-rfe  python-xlrd-task  python-xlwt  python-xlwt-rfe  python-xlwt-task  python-ZSI  python-ZSI-rfe  python-ZSI-task  python26  python26-rfe  python26-task  python3  python3-rfe  python3-task  PyWrappers  PyWrappers-rfe  PyWrappers-task  Qbuild  Qbuild-rfe  Qbuild-task  qemu  qemu-gns3  qemu-gns3-rfe  qemu-gns3-task  qemu-kvm  qemu-kvm-rfe  qemu-kvm-task  qemu-rfe  qemu-task  QemuVmAgent  QemuVmAgent-rfe  QemuVmAgent-task  Qos  Qos-rfe  Qos-task  QosSnmp  QosSnmp-rfe  QosSnmp-task  QosTest  QosTest-rfe  QosTest-task  QuaggaDut  QuaggaDut-rfe  QuaggaDut-task  quantumfs  quantumfs-rfe  quantumfs-task  Qube  Qube-rfe  Qube-task  QubeTest  QubeTest-rfe  QubeTest-task  qubit-tools  QuickTrace  QuickTrace-rfe  QuickTrace-task  QuickTraceTest  QuickTraceTest-rfe  QuickTraceTest-task  quota  quota-rfe  quota-task  RachiticTest  RachiticTest-rfe  RachiticTest-task  Radius  Radius-rfe  Radius-task  Raild  Raild-rfe  Raild-task  RAILproto  RAILproto-rfe  RAILproto-task  RAILtest  RAILtest-rfe  RAILtest-task  Rainbow-diags  Rama  Rama-rfe  Rama-task  Raven  Raven-rfe  rbfd  rbfd-rfe  rbfd-task  RdamDatabase  RdamDatabase-rfe  RdamDatabase-task  RdamDut  RdamDut-rfe  RdamDut-task  ReachabilityMonitor  ReachabilityMonitor-rfe  ReachabilityMonitor-task  ReachabilityMonitorTest  ReachabilityMonitorTest-rfe  ReachabilityMonitorTest-task  RedSea  RedSea-rfe  RedSea-task  RedSup  RedSup-rfe  RedSup-task  RedSupSnmp  RedSupSnmp-rfe  RedSupSnmp-task  Redundancy  Redundancy-rfe  Redundancy-task  ReleaseTools  ReleaseTools-rfe  ReleaseTools-task  ReleaseUmbrella  ReloadCause  ReloadCause-rfe  ReloadCause-task  ReloadCauseAgent  ReloadCauseAgent-rfe  ReloadCauseAgent-task  ReloadPolicy  ReloadPolicy-rfe  ReloadPolicy-task  RemoteAgentSync  RemoteAgentSync-rfe  RemoteAgentSync-task  Renesas  Renesas-rfe  requests  requests-rfe  requests-task  ResourceManager  ResourceManager-rfe  ResourceManager-task  ReviewBoard  ReviewBoard-rfe  ReviewBoard-task  ReviewBoardTest  ReviewBoardTest-rfe  ReviewBoardTest-task  Ribbon-diags  RibCapi  RibCapi-rfe  RibCapi-task  RibCapiTest  RibCapiTest-rfe  RibCapiTest-task  Rio  Rio-rfe  Rio-task  RioTest  RioTest-rfe  RioTest-task  Rip  Rip-rfe  Rip-task  ripgrep  ripgrep-rfe  ripgrep-task  RN  Robo-service  Robo-service-rfe  Robo-service-task  Robo1  Robo1-rfe  Robo1-task  Robo2  Robo2-rfe  Robo2-task  Robo3  Robo3-rfe  Robo3-task  RoboScripts  RoboScripts-rfe  RoboScripts-task  rootfs-service  rootfs-service-rfe  rootfs-service-task  Rosa-diags  Rosa/SantaRosa/Cotati  RouteInput  RouteInput-rfe  RouteInput-task  RouteMap  RouteMap-rfe  RouteMap-task  RouterGeneral  RouterGeneral-rfe  RouterGeneral-task  RouterGeneralCli  RouterGeneralCli-rfe  RouterGeneralCli-task  RoutingHelper  RoutingHelper-rfe  RoutingHelper-task  rpcapd  rpcapd-rfe  rpcapd-task  Rsvp  Rsvp-rfe  Rsvp-task  RsvpTest  RsvpTest-rfe  RsvpTest-task  rsyslog  rsyslog-rfe  rsyslog-task  rtest  rtest-rfe  rtest-task  Ruby  Ruby-rfe  Ruby-task  Rutherford  Rutherford-rfe  Saguaro  Saguaro-rfe  Saguaro-task  Sai  sai-net  sai-net-rfe  sai-net-task  Sai-rfe  Sai-task  SaltLakeFixed  SaltLakeFixed-rfe  SaltLakeFixed-task  SampleSoftware  Sand  Sand--diags  Sand-diags  sand-dma  sand-dma-rfe  sand-dma-task  Sand-rfe  Sand-task  SandAcl  SandAcl-rfe  SandAcl-task  SandAclTest  SandAclTest-rfe  SandAclTest-task  SandBcmSdkShim  SandBcmSdkShim-rfe  SandBcmSdkShim-task  SandBcmSdkV2  SandBcmSdkV2-rfe  SandBcmSdkV2-task  SandBroadcomSdk  SandBroadcomSdk-rfe  SandBroadcomSdk-task  SandCounters  SandCounters-rfe  SandCounters-task  SandDanz  SandDanz-rfe  SandDanz-task  SandFabric  SandFabric-rfe  SandFabric-task  SandFap  SandFap-rfe  SandFap-task  SandFapNi  SandFapNi-rfe  SandFapNi-task  SandFapNiState  SandFapNiState-rfe  SandFapNiState-task  SandFlow  SandFlow-rfe  SandFlow-task  SandHalo  SandHalo-rfe  SandHalo-task  SandHw  SandHw-rfe  SandHw-task  SandIpsec  SandIpsec-rfe  SandIpsec-task  SandL3Unicast  SandL3Unicast-rfe  SandL3Unicast-task  SandLag  SandLag-rfe  SandLag-task  SandLanz  SandLanz-rfe  SandLanz-task  SandLib  SandLib-rfe  SandLib-task  SandMact  SandMact-rfe  SandMact-task  SandMcast  SandMcast-rfe  SandMcast-task  SandMdb  SandMdb-rfe  SandMdb-task  SandMirroring  SandMirroring-rfe  SandMirroring-task  SandOam  SandOam-rfe  SandOam-task  SandPbr  SandPbr-rfe  SandPbr-task  SandPhy  SandPhy-rfe  SandPhy-task  SandPolicyLib  SandPolicyLib-rfe  SandPolicyLib-task  SandPP  SandPP-rfe  SandPP-task  SandPtp  SandPtp-rfe  SandPtp-task  SandQos  SandQos-rfe  SandQos-task  SandSal  SandSal-rfe  SandSal-task  SandSalCommon  SandSalCommon-rfe  SandSalCommon-task  SandSdk  SandSdk-rfe  SandSdk-task  SandSdkHelper  SandSdkHelper-rfe  SandSdkHelper-task  SandSdkShim  SandSdkShim-rfe  SandSdkShim-task  SandSdkV2Helper  SandSdkV2Helper-rfe  SandSdkV2Helper-task  SandSdkV3  SandSdkV3-rfe  SandSdkV3-task  SandSdkV3Helper  SandSdkV3Helper-rfe  SandSdkV3Helper-task  SandSdkV4  SandSdkV4-rfe  SandSdkV4-task  SandSdkV4Helper  SandSdkV4Helper-rfe  SandSdkV4Helper-task  SandTapAgg  SandTapAgg-rfe  SandTapAgg-task  SandTcam  SandTcam-rfe  SandTcam-task  SandTcamLib  SandTcamLib-rfe  SandTcamLib-task  SandTest  SandTest-rfe  SandTest-task  SandTm  SandTm-rfe  SandTm-task  SandToggles  SandToggles-rfe  SandToggles-task  SandTopo  SandTopo-rfe  SandTopo-task  SandTunnel  SandTunnel-rfe  SandTunnel-task  SantaRosa-diags  Santo  Santo-common  Santo-common-rfe  Santo-common-task  Santo-psp  Santo-psp-rfe  Santo-psp-task  Santo-rfe  Santo-task  Santo-v1  Santo-v1-rfe  Santo-v1-task  Sapling  Sapling-rfe  Sb820  Sb820-rfe  Sb820-task  Sc16is760  Sc16is760-rfe  Sc16is760-task  Scaleit  Scaleit-rfe  Scaleit-task  scc  Scd  scd-driver  scd-driver-rfe  scd-driver-task  scd-em  scd-em-rfe  scd-em-task  Scd-rfe  Scd-task  ScdEmUtils  ScdEmUtils-rfe  ScdEmUtils-task  SchanAccel  SchanAccel-rfe  SchanAccel-task  SchanCentral  SchanCentral-rfe  SchanCentral-task  Schooner-diags  screen  screen-rfe  screen-task  SeaRanch  SeaRanch-rfe  SecretCli  SecretCli-rfe  SecretCli-task  SecureNic  SecureNic-rfe  SecureNic-task  Security-diags  SecurityTest  SecurityTest-rfe  SecurityTest-task  Sequoia  Sequoia-diags  Sequoia-rfe  Sequoia-task  SequoiaModular  SessionTimeout  SessionTimeout-rfe  SessionTimeout-task  Sesto-diags  Sfa  Sfa-rfe  Sfa-task  Sfe  Sfe-rfe  Sfe-task  SfeModules  SfeModules-rfe  SfeModules-task  Sflow  Sflow-rfe  Sflow-task  SflowAccel  SflowAccel-rfe  SflowAccel-task  SflowAccelTest  SflowAccelTest-rfe  SflowAccelTest-task  SflowLib  SflowLib-rfe  SflowLib-task  SflowTest  SflowTest-rfe  SflowTest-task  shadow-utils  shadow-utils-rfe  shadow-utils-task  Shape  Shape-rfe  Shape-task  ShardedMap  ShardedMap-rfe  ShardedMap-task  ShardedMapCppApi  ShardedMapCppApi-rfe  ShardedMapCppApi-task  ShardedMapTest  ShardedMapTest-rfe  ShardedMapTest-task  SharedMem  SharedMem-rfe  SharedMem-task  Shasta  Shasta-rfe  Shmalloc  Shmalloc-rfe  Shmalloc-task  ShowCommandService  ShowCommandService-rfe  ShowCommandService-task  Si5327  Si5327-rfe  Si5327-task  Silverado  Silverado-rfe  simtop  simtop-rfe  simtop-task  Skegness  Skegness-rfe  Skegness-task  SkuTools  SkuTools-rfe  SkuTools-task  SmartOptics (FB)  smartsync  smartsync-rfe  smartsync-task  Smash  Smash-rfe  Smash-task  SmashCli  SmashCli-rfe  SmashCli-task  SmashTest  SmashTest-rfe  SmashTest-task  SmashTools  SmashTools-rfe  SmashTools-task  SmashViz  SmashViz-rfe  SmashViz-task  snakefood  snakefood-rfe  snakefood-task  Snmp  Snmp-rfe  Snmp-task  Snmp,net-snmp  Snmp,net-snmp-rfe  Snmp,net-snmp-task  SnmpTest  SnmpTest-rfe  SnmpTest-task  Sol  Sol-rfe  Sol-task  Sonic  Sonic-rfe  sonic-support  sonic-support-rfe  sonic-support-task  Sonic-task  Sonoma  Sonoma-rfe  Source Photonics (ET)  source-highlight  source-highlight-rfe  source-highlight-task  SourcePhotonics  SourcePhotonics-rfe  spark  spark-rfe  spark-task  Sparrow  Sparrow-rfe  Sparrow-task  spin  spin-rfe  spin-task  spl  spl-rfe  spl-task  SplunkForwarder  SplunkForwarder-rfe  SplunkForwarder-task  squashfs-tools  squashfs-tools-rfe  squashfs-tools-task  SrTePolicy  SrTePolicy-rfe  SrTePolicy-task  SrTePolicyTest  SrTePolicyTest-rfe  SrTePolicyTest-task  SshHostKeys  SshHostKeys-rfe  SshHostKeys-task  SsoTest  SsoTest-rfe  SsoTest-task  Sta-task  StageMgr  StageMgr-rfe  StageMgr-task  StageMgrAgent  StageMgrAgent-rfe  StageMgrAgent-task  StanbyCpld  StanbyCpld-rfe  StanbyCpld-task  Stand  Stand-rfe  Stand-task  StandbyCpld  StandbyCpld-rfe  StandbyCpld-task  Stash  Stash-rfe  Stash-task  StashTest  StashTest-rfe  StashTest-task  Stat  Stat-rfe  Stat-task  StaticRoute  StaticRoute-rfe  StaticRoute-task  stest-service  stest-service-rfe  stest-service-task  stestimgbuilder  stestimgbuilder-rfe  stestimgbuilder-task  stesting  stesting-rfe  stesting-task  StestWorkspace-service  StestWorkspace-service-rfe  StestWorkspace-service-task  StorageDevices  StorageDevices-rfe  StorageDevices-task  Storg  Storg-rfe  Storg-task  StormControl  StormControl-rfe  StormControl-task  Stp  Stp-rfe  Stp-task  StpSnmp  StpSnmp-rfe  StpSnmp-task  Strata  Strata--diags  Strata-diags  strata-dma  strata-dma-rfe  strata-dma-task  Strata-rfe  Strata-task  StrataAcl  StrataAcl-rfe  StrataAcl-task  StrataApi  StrataApi-rfe  StrataApi-task  StrataApi2  StrataApi2-rfe  StrataApi2-task  StrataApiTest  StrataApiTest-rfe  StrataApiTest-task  StrataApiV2  StrataApiV2-rfe  StrataApiV2-task  StrataApiV3  StrataApiV3-rfe  StrataApiV3-task  StrataApiV4  StrataApiV4-rfe  StrataApiV4-task  StrataCental  StrataCental-rfe  StrataCental-task  StrataCentral  StrataCentral-rfe  StrataCentral-task  StrataCommon  StrataCommon-rfe  StrataCommon-task  StrataCounters  StrataCounters-rfe  StrataCounters-task  StrataDiags  StrataDiags-rfe  StrataDiags-task  StrataDmaTest  StrataDmaTest-rfe  StrataDmaTest-task  StrataL2  StrataL2-rfe  StrataL2-task  StrataL2Multicast  StrataL2Multicast-rfe  StrataL2Multicast-task  StrataL3  StrataL3-rfe  StrataL3-task  StrataL3Test  StrataL3Test-rfe  StrataL3Test-task  StrataLag  StrataLag-rfe  StrataLag-task  StrataLanz  StrataLanz-rfe  StrataLanz-task  stratalanzcoprocessor  stratalanzcoprocessor-rfe  stratalanzcoprocessor-task  StrataLib  StrataLib-rfe  StrataLib-task  StrataLtApi  StrataLtApi-rfe  StrataLtApi-task  StrataMirror  StrataMirror-rfe  StrataMirror-task  StrataMpls  StrataMpls-rfe  StrataMpls-task  StrataMultiAgentTest  StrataMultiAgentTest-rfe  StrataMultiAgentTest-task  StrataParity  StrataParity-rfe  StrataParity-task  StrataPbr  StrataPbr-rfe  StrataPbr-task  StrataPhy  StrataPhy-rfe  StrataPhy-task  StrataQos  StrataQos-rfe  StrataQos-task  StrataSdkCommon  StrataSdkCommon-rfe  StrataSdkCommon-task  StrataSdkShim  StrataSdkShim-rfe  StrataSdkShim-task  StrataSso  StrataSso-rfe  StrataSso-task  StrataT2PlusTest  StrataT2PlusTest-rfe  StrataT2PlusTest-task  StrataT2Test  StrataT2Test-rfe  StrataT2Test-task  StrataTcam  StrataTcam-rfe  StrataTcam-task  StrataTest  StrataTest-rfe  StrataTest-task  StrataV2  StrataV2-rfe  StrataV2-task  StrataVlanTopo  StrataVlanTopo-rfe  StrataVlanTopo-task  StrataVxlan  StrataVxlan-rfe  StrataVxlan-task  StrataXgsApi  StrataXgsApi-rfe  StrataXgsApi-task  StrataXgsApiV2  StrataXgsApiV2-rfe  StrataXgsApiV2-task  Stratix  Stratix-rfe  Stratix-task  strongswan  strongswan-rfe  strongswan-task  stuttermeter  stuttermeter-rfe  stuttermeter-task  SubIntf  subintf-task  sudo  sudo-rfe  sudo-task  sudorca  sudorca-rfe  sudorca-service  sudorca-service-rfe  sudorca-service-task  sudorca-task  Sumitomo (FY)  SuperServer  SuperServer-rfe  SuperServer-task  SupportedHardware  SupportedHardware-rfe  SupportedHardware-task  sw-infra  SwiftLib  SwiftLib-rfe  SwiftLib-task  swig  swig-rfe  swig-task  Switchboard  Switchboard-rfe  Switchboard-task  SwitchTest  SwitchTest-rfe  SwitchTest-task  SwLab  SwLab-logre  SwLab-rfe  Sysdb  Sysdb-rfe  Sysdb-task  SysdbAgent  SysdbAgent-rfe  SysdbAgent-task  SysdbProfileCheck  SysdbProfileCheck-rfe  SysdbProfileCheck-task  SysdbTest  SysdbTest-rfe  SysdbTest-task  syslog-proxy  syslog-proxy-rfe  syslog-proxy-task  SysMgr  SysMgr-rfe  SysMgr-task  SysMgrSnmp  SysMgrSnmp-rfe  SysMgrSnmp-task  SysMgrTest  SysMgrTest-rfe  SysMgrTest-task  systemd  systemd-rfe  systemd-task  systest-poc lab  sysvinit  sysvinit-rfe  sysvinit-task  Tacacs  Tacacs-rfe  Tacacs-task  tacacs+  tacacs+-rfe  tacacs+-task  tacc  tacc-pygment  tacc-pygment-rfe  tacc-pygment-task  tacc-rfe  tacc-task  TaccAttic  TaccAttic-rfe  TaccAttic-task  TaccComputeMan  TaccComputeMan-rfe  TaccComputeMan-task  TaccComputeManImpl  TaccComputeManImpl-rfe  TaccComputeManImpl-task  TaccComputeManTest  TaccComputeManTest-rfe  TaccComputeManTest-task  TaccDistributedTest  TaccDistributedTest-rfe  TaccDistributedTest-task  TaccDocs  TaccDocs-rfe  TaccDocs-task  TaccExamples  TaccExamples-rfe  TaccExamples-task  TaccExperimental  TaccExperimental-rfe  TaccExperimental-task  TaccGraphTest  TaccInternalDocs  TaccInternalDocs-rfe  TaccInternalDocs-task  TaccInteropTest  TaccInteropTest-rfe  TaccInteropTest-task  TaccJni  TaccJni-rfe  TaccJni-task  TaccJniTest  TaccMap  TaccMap-rfe  TaccMap-task  TaccMapSrv  TaccMapSrv-rfe  TaccMapSrv-task  TaccMarketAnalyticsTest  TaccNetworkTest  TaccNetworkTest-rfe  TaccNetworkTest-task  TaccOde  TaccOde-rfe  TaccOde-task  TaccPerfFwk-task  TaccPerfTools  TaccPerfTools-rfe  TaccPerfTools-task  TaccPyUtils  TaccPyUtils-rfe  TaccPyUtils-task  TaccServiceMan  TaccServiceMan-rfe  TaccServiceMan-task  TaccServiceManTest  TaccServiceManTest-rfe  TaccServiceManTest-task  TacGo  TacGo-rfe  TacGo-task  TacGoTest  TacGoTest-rfe  TacGoTest-task  TacMarco  TacMarco-rfe  TacMarco-task  TacNav  TacNav-rfe  TacNav-task  taco  taco-rfe  taco-task  tacoTest  tacoTest-rfe  tacoTest-task  TacPulse  TacPulse-rfe  TacPulse-task  TacSmash  TacSmash-rfe  TacSmash-task  TacStash  TacStash-rfe  TacStash-task  tacXref  Tamarack  Tamarack-rfe  TapAggGui  TapAggGui-rfe  TapAggGui-task  TapAggTest  TapAggTest-rfe  TapAggTest-task  TargetExpr  TargetExpr-rfe  TargetExpr-task  TargetExpression  TargetExpression-rfe  TargetExpression-task  Taro  Taro-rfe  Taro-task  TaskScheduler  TaskScheduler-rfe  TaskScheduler-task  tcollector  tcollector-rfe  tcollector-task  tcollectorAgent  tcollectorAgent-rfe  tcollectorAgent-task  tcp_wrappers  tcp_wrappers-rfe  tcp_wrappers-task  tcpdump  tcpdump-rfe  tcpdump-task  tcptrace  tcptrace-rfe  tcptrace-task  Te  Te-rfe  te-task  TeCli  TeCli-rfe  TeCli-task  telnet  telnet-rfe  telnet-task  TemplatePkg  TemplatePkg-rfe  TemplatePkg-task  TempSensor-diags  Tenjin  Tenjin-rfe  Tenjin-task  Teranetics  Teranetics-rfe  TerminAttr  TerminAttr-rfe  TerminAttr-task  test  test-rfe  test-task  Test1234567  Test12345678  Test123456789  test56  TestCluster  TestCluster-rfe  TestCluster-task  TestDemo  TestDemo-rfe  TestDemo-task  Testpoint  Testpoint-rfe  Testpoint-task  TestProduct  TestResources  TestResources-rfe  TestResources-task  TestSuite  TestSuite-rfe  TestSuite-task  TestSuiteTest  TestSuiteTest-rfe  TestSuiteTest-task  ThermoMgr  ThermoMgr-rfe  ThermoMgr-task  Thermostat  Thermostat-rfe  Thermostat-task  ThreeBrothers-diags  thrift  thrift-rfe  thrift-task  Tiburon  Tiburon-rfe  TimberCove-diags  timeout  timeout-rfe  timeout-task  TimeSync  TimeSync-rfe  TimeSync-task  TiPhy-diags  tmux  tmux-rfe  tmux-task  tofino-model  tofino-model-rfe  tofino-model-task  tofinobm  tofinobm-rfe  tofinobm-task  Toggles  Toggles-rfe  Toggles-task  Tomahawk2Fixed  Tomahawk2Fixed-rfe  Tomahawk2Fixed-task  Tomahawk3Fixed  Tomahawk3Fixed-rfe  Tomahawk3Fixed-task  Tomales  Tomales-rfe  TommyDS  TommyDS-rfe  TommyDS-task  Tools  Topology  Topology-rfe  Topology-task  TopologyManager  TopologyManager-rfe  TopologyManager-task  TopologyTest  TopologyTest-rfe  TopologyTest-task  TPGen  TPGen-rfe  TPGen-task  Tpm  Tpm-rfe  Tpm-task  TPMFU  TPMFU-rfe  TPMFU-task  traceroute  traceroute-rfe  traceroute-task  Tunnel  Tunnel-rfe  Tunnel-task  TunnelIntf  TunnelIntf-rfe  TunnelIntf-task  TunnelIntfTest  TunnelIntfTest-rfe  TunnelIntfTest-task  TunnelSnmp  TunnelSnmp-rfe  TunnelSnmp-task  TunnelTest  TunnelTest-rfe  TunnelTest-task  Tyco (BQ)  uart-verilog  uart-verilog-rfe  uart-verilog-task  Ucd9012  Ucd9012-rfe  Ucd9012-task  ufl  ufl-rfe  ufl-task  Ugly  Ugly-rfe  Ugly-task  Umbrella  Umbrella-rfe  Umbrella-stest  Umbrella-stest-rfe  Umbrella-stest-task  Umbrella-task  urcu  urcu-rfe  urcu-task  uriparser  uriparser-rfe  uriparser-task  UserCgroup  UserCgroup-rfe  UserCgroup-task  UserDocs-rfe  userspace-rcu  userspace-rcu-rfe  userspace-rcu-task  uthash  uthash-rfe  uthash-task  util-linux  util-linux-rfe  util-linux-task  uwsgi  uwsgi-rfe  uwsgi-task  UwsgiApp  UwsgiApp-rfe  UwsgiApp-task  valgrind  valgrind-rfe  valgrind-task  vEOS  vEOS-rfe  VEos-task  VeosDut  VeosDut-rfe  VeosDut-task  VeosPerfTest  VeosPerfTest-rfe  VeosPerfTest-task  Vernal  Vernal-rfe  Virtual EOS (vEOS)  VirtualCable  VirtualCable-rfe  VirtualCable-task  Vm  Vm-rfe  Vm-task  VmDut  VmDut-rfe  VmDut-task  VmTracer  VmTracer-rfe  VmTracer-task  VmwareNvp  VmwareNvp-rfe  VmwareNvp-task  VmwareTest  VmwareTest-rfe  VmwareTest-task  VmwareVds  VmwareVds-rfe  VmwareVds-task  VmwareVI  VmwareVI-rfe  VmwareVI-task  Vrf  Vrf-rfe  vrf-scale  Vrf-task  VrfLeak  VrfLeak-rfe  VrfLeak-task  Vrm64  Vrm64-rfe  Vrm64-task  VrmIr  VrmIr-rfe  VrmIr-task  Vrrp  Vrrp-rfe  Vrrp-task  vulcan  Vxlan  Vxlan-rfe  Vxlan-task  VxlanAdvAgent  VxlanAdvAgent-rfe  VxlanAdvAgent-task  VxlanController  VxlanController-rfe  VxlanController-task  VxlanControllerTest  VxlanControllerTest-rfe  VxlanControllerTest-task  VxlanRouting-task  VxlanStatus  VxlanStatus-rfe  VxlanStatus-task  VxlanTest  VxlanTest-rfe  VxlanTest-task  waagent  waagent-rfe  waagent-task  Watchdog  Watchdog-rfe  Watchdog-task  WaveSplitter (SM)  Wbem  Wbem-rfe  Wbem-task  Web  Web-rfe  Web-task  wget  wget-rfe  wget-task  Windows  Windows-rfe  Windows-task  Winston  Winston-rfe  Winston-task  wireshark  wireshark-rfe  wireshark-task  Workspace-service  Workspace-service-rfe  Workspace-service-task  WorkspaceDut  WorkspaceDut-rfe  WorkspaceDut-task  workspacePrefetcher  workspacePrefetcher-rfe  workspacePrefetcher-task  World  World-rfe  World-task  wpa_supplicant  wpa_supplicant-rfe  wpa_supplicant-task  WsgiDut  WsgiDut-rfe  WsgiDut-task  Xcvr  Xcvr-diags  Xcvr-rfe  Xcvr-task  XcvrCfp2Dco  XcvrCfp2Dco-rfe  XcvrCfp2Dco-task  XcvrCtrl  XcvrCtrl-rfe  XcvrCtrl-task  XcvrSnmp  XcvrSnmp-rfe  XcvrSnmp-task  XFire  XFire-rfe  XFire-task  XFireTest  XFireTest-rfe  XFireTest-task  xfstests  xfstests-rfe  xfstests-task  Xilinx  Xilinx-rfe  Xilinx-task  xinetd  xinetd-rfe  xinetd-task  Xmpp  Xmpp-rfe  Xmpp-task  xorg-x11-drv-intel  xorg-x11-drv-intel-rfe  xorg-x11-drv-intel-task  xpaccel  xpaccel-rfe  xpaccel-task  XpAccess  XpAccess-rfe  XpAccess-task  XpAcl  XpAcl-rfe  XpAcl-task  XpApi  XpApi-rfe  XpApi-task  XpCentral  XpCentral-rfe  XpCentral-task  XpCounters  XpCounters-rfe  XpCounters-task  xpdma  xpdma-rfe  xpdma-task  XpFlow  XpFlow-rfe  XpFlow-task  XpL2  XpL2-rfe  XpL2-task  XpL3Unicast  XpL3Unicast-rfe  XpL3Unicast-task  XpLanz  XpLanz-rfe  XpLanz-task  XpLib  XpLib-rfe  XpLib-task  xplot  xplot-rfe  xplot-task  XpMact  XpMact-rfe  XpMact-task  XpMcast  XpMcast-rfe  XpMcast-task  XpPbr  XpPbr-task  XpProfile  XpProfile-rfe  XpProfile-task  XpQos  XpQos-rfe  XpQos-task  XpSdk  XpSdk-rfe  XpSdk-task  XpSim  XpSim-rfe  XpSim-task  XpSlice  XpSlice-rfe  XpSlice-task  XpTest  XpTest-rfe  XpTest-task  XpVxlan  XpVxlan-task  Xtacc  Xtacc-rfe  Xtacc-task  Xukg  Xukg-rfe  Xukg-task  XukWeb  XukWeb-rfe  XukWeb-task  xxHash  xxHash-rfe  xxHash-task  yaml-cpp  yaml-cpp-rfe  yaml-cpp-task  Yosemite  Yosemite-diags  Yosemite-rfe  Yosemite-task  Yreka-diags  Zbf  Zbf-rfe  Zbf-task  Zeppelin  Zeppelin-rfe  Zeppelin-task  ZeroTouch  ZeroTouch-rfe  ZeroTouch-task  zfs  zfs-rfe  zfs-task  zlog  zlog-rfe  zlog-task  ztpserver  ztpserver-rfe  ztpserver-task  Zuma  Zuma-hw  Zuma-rfe  Zuma-task0 / 200 Checked')]' not found)]]></system-err>
      </testcase>
      <system-out><![CDATA[2018-03-29 17:21:24 - [TEST_SUITE][FAILED] - SmokeTestSuite: Test Cases/ProductEdit_TestCases/VerifyProductCanBeDeleted FAILED because (of) Unable to verify object 'Object Repository/Page_BugsUI productEdit/div_Successfully deleted the p' is present (Root cause: com.kms.katalon.core.webui.exception.WebElementNotFoundException: Web element with id: 'Object Repository/Page_BugsUI productEdit/div_Successfully deleted the p' located by 'By.xpath: //div[(text() = 'Successfully deleted the product "TestProduct_Automation1"!!!' or . = 'Successfully deleted the product "TestProduct_Automation1"!!!')]' not found)]]></system-out>
      <system-err><![CDATA[2018-03-29 17:21:24 - [TEST_SUITE][FAILED] - SmokeTestSuite: Test Cases/ProductEdit_TestCases/VerifyProductCanBeDeleted FAILED because (of) Unable to verify object 'Object Repository/Page_BugsUI productEdit/div_Successfully deleted the p' is present (Root cause: com.kms.katalon.core.webui.exception.WebElementNotFoundException: Web element with id: 'Object Repository/Page_BugsUI productEdit/div_Successfully deleted the p' located by 'By.xpath: //div[(text() = 'Successfully deleted the product "TestProduct_Automation1"!!!' or . = 'Successfully deleted the product "TestProduct_Automation1"!!!')]' not found)]]></system-err>
   </testsuite>
</testsuites>
