<?xml version="1.0" encoding="UTF-8"?>
<testsuites name="SearchScenarios" time="34" tests="2" failures="0" errors="0">
   <testsuite name="SearchScenarios" tests="2" failures="0" errors="0" time="34" timestamp="2018-03-29 12:35:23" hostname="Kumar.nagendra - HMECL000103.happiestminds.com" id="Test Suites/SearchScenarios">
      <properties>
         <property name="deviceName" value=""/>
         <property name="devicePlatform" value=""/>
         <property name="logFolder" value="D:\\Arista-Bugzila Project\\BugzillaUI-Automation\\Reports\\SearchScenarios\\20180329_123521"/>
         <property name="logFiles" value="D:\\Arista-Bugzila Project\\BugzillaUI-Automation\\Reports\\SearchScenarios\\20180329_123521\\execution0.log"/>
         <property name="attachments" value=""/>
         <property name="hostName" value="Kumar.nagendra - HMECL000103.happiestminds.com"/>
         <property name="os" value="Windows 10 64bit"/>
         <property name="katalonVersion" value="5.3.0.1"/>
         <property name="browser" value="Chrome 64.0.3282.186"/>
         <property name="hostAddress" value="10.95.79.244"/>
         <property name="sessionId" value="8b30e2e756024d330cf2fd5b90bf8d1d"/>
         <property name="seleniumVersion" value="3.7.1"/>
         <property name="proxyInformation" value="ProxyInformation{proxyOption=NO_PROXY, proxyServerType=HTTP, password=, proxyServerAddress=, proxyServerPort=0}"/>
         <property name="platform" value="Windows 10"/>
      </properties>
      <testcase name="Test Cases/Search_TestCases/VerifySearchPageLoads" classname="Test Cases/Search_TestCases/VerifySearchPageLoads" status="PASSED">
         <system-out><![CDATA[2018-03-29 12:35:25 - [TEST_CASE][PASSED] - Test Cases/Search_TestCases/VerifySearchPageLoads: Test Cases/Search_TestCases/VerifySearchPageLoads

2018-03-29 12:35:25 - [TEST_STEP][PASSED] - openBrowser: Browser is opened with url: ''

2018-03-29 12:35:29 - [MESSAGE][PASSED] - Browser is opened with url: ''

2018-03-29 12:35:29 - [TEST_STEP][PASSED] - navigateToUrl: Navigate to 'https://bugzilla-ui' successfully

2018-03-29 12:35:38 - [MESSAGE][PASSED] - Navigate to 'https://bugzilla-ui' successfully

2018-03-29 12:35:38 - [TEST_STEP][PASSED] - maximizeWindow: Current window maximized

2018-03-29 12:35:39 - [MESSAGE][PASSED] - Current window maximized

2018-03-29 12:35:39 - [TEST_STEP][PASSED] - setText: Text 'knagendra-ext' is set on object 'Object Repository/Page_BugsUI login/input_value_userid'

2018-03-29 12:35:39 - [MESSAGE][PASSED] - Text 'knagendra-ext' is set on object 'Object Repository/Page_BugsUI login/input_value_userid'

2018-03-29 12:35:39 - [TEST_STEP][PASSED] - setText: Text 'Tumkur@123' is set on object 'Object Repository/Page_BugsUI login/input_form-control ng-untouche'

2018-03-29 12:35:40 - [MESSAGE][PASSED] - Text 'Tumkur@123' is set on object 'Object Repository/Page_BugsUI login/input_form-control ng-untouche'

2018-03-29 12:35:40 - [TEST_STEP][PASSED] - click: Object: 'Object Repository/Page_BugsUI login/button_Login' is clicked on

2018-03-29 12:35:40 - [MESSAGE][PASSED] - Object: 'Object Repository/Page_BugsUI login/button_Login' is clicked on

2018-03-29 12:35:40 - [TEST_STEP][PASSED] - verifyElementAttributeValue: Object 'Object Repository/Page_BugsUI login/a_BugsUI' has attribute 'text' with value 'BugsUI '

2018-03-29 12:35:40 - [MESSAGE][PASSED] - Object 'Object Repository/Page_BugsUI login/a_BugsUI' has attribute 'text' with value 'BugsUI '

2018-03-29 12:35:40 - [TEST_STEP][PASSED] - delay: Delayed 2 second(s)

2018-03-29 12:35:42 - [MESSAGE][PASSED] - Delayed 2 second(s)

2018-03-29 12:35:42 - [TEST_STEP][PASSED] - Statement - If (com.kms.katalon.core.webui.keyword.WebUiBuiltInKeywords.verifyElementVisible(com.kms.katalon.core.testobject.ObjectRepository.findTestObject(Page_BugsUI Dashboard/a_Search))): Object: 'Object Repository/Page_BugsUI Dashboard/a_Search' is clicked on

2018-03-29 12:35:42 - [MESSAGE][PASSED] - Object 'Object Repository/Page_BugsUI Dashboard/a_Search' is visible

2018-03-29 12:35:42 - [TEST_STEP][PASSED] - click: Object: 'Object Repository/Page_BugsUI Dashboard/a_Search' is clicked on

2018-03-29 12:35:42 - [MESSAGE][PASSED] - Object: 'Object Repository/Page_BugsUI Dashboard/a_Search' is clicked on

2018-03-29 12:35:42 - [TEST_STEP][PASSED] - delay: Delayed 3 second(s)

2018-03-29 12:35:45 - [MESSAGE][PASSED] - Delayed 3 second(s)

2018-03-29 12:35:45 - [TEST_STEP][PASSED] - verifyElementText: Actual text and expected text of test object 'Object Repository/Page_BugsUI Search/h3_Search Parameters' are matched.

2018-03-29 12:35:45 - [MESSAGE][PASSED] - Actual text and expected text of test object 'Object Repository/Page_BugsUI Search/h3_Search Parameters' are matched.

2018-03-29 12:35:45 - [TEST_STEP][PASSED] - delay: Delayed 2 second(s)

2018-03-29 12:35:47 - [MESSAGE][PASSED] - Delayed 2 second(s)]]></system-out>
         <system-err><![CDATA[]]></system-err>
      </testcase>
      <testcase name="Test Cases/Search_TestCases/Search_With_PackageOnly" classname="Test Cases/Search_TestCases/Search_With_PackageOnly" status="PASSED">
         <system-out><![CDATA[2018-03-29 12:35:47 - [TEST_CASE][PASSED] - Test Cases/Search_TestCases/Search_With_PackageOnly: Test Cases/Search_TestCases/Search_With_PackageOnly

2018-03-29 12:35:48 - [TEST_STEP][PASSED] - Statement - If (com.kms.katalon.core.webui.keyword.WebUiBuiltInKeywords.verifyElementPresent(com.kms.katalon.core.testobject.ObjectRepository.findTestObject(Page_BugsUI Search/button_Package), 0)): Object: 'Object Repository/Page_BugsUI Search/button_Package' is clicked on

2018-03-29 12:35:48 - [MESSAGE][WARNING] - Timeout '0' is invalid. Using default page load timeout: '30'

2018-03-29 12:35:48 - [MESSAGE][PASSED] - Object 'Object Repository/Page_BugsUI Search/button_Package' is present

2018-03-29 12:35:48 - [TEST_STEP][PASSED] - click: Object: 'Object Repository/Page_BugsUI Search/button_Package' is clicked on

2018-03-29 12:35:52 - [MESSAGE][PASSED] - Object: 'Object Repository/Page_BugsUI Search/button_Package' is clicked on

2018-03-29 12:35:52 - [TEST_STEP][PASSED] - delay: Delayed 5 second(s)

2018-03-29 12:35:57 - [MESSAGE][PASSED] - Delayed 5 second(s)]]></system-out>
         <system-err><![CDATA[]]></system-err>
      </testcase>
      <system-out><![CDATA[2018-03-29 12:35:23 - [TEST_SUITE][PASSED] - SearchScenarios: Test Cases/Search_TestCases/Search_With_PackageOnly]]></system-out>
      <system-err><![CDATA[]]></system-err>
   </testsuite>
</testsuites>
