<?xml version="1.0" encoding="UTF-8"?>
<testsuites name="New Test Suite" time="161" tests="3" failures="0" errors="0">
   <testsuite name="New Test Suite" tests="3" failures="0" errors="0" time="161" timestamp="2018-01-03 14:37:31" hostname="Kumar.nagendra - HMECL000103.happiestminds.com" id="Test Suites/New Test Suite">
      <properties>
         <property name="deviceName" value=""/>
         <property name="devicePlatform" value=""/>
         <property name="logFolder" value="D:\\Arista-Bugzila Project\\BugzillaUI-Automation\\Reports\\New Test Suite\\20180103_143729"/>
         <property name="logFiles" value="D:\\Arista-Bugzila Project\\BugzillaUI-Automation\\Reports\\New Test Suite\\20180103_143729\\execution0.log"/>
         <property name="attachments" value=""/>
         <property name="hostName" value="Kumar.nagendra - HMECL000103.happiestminds.com"/>
         <property name="os" value="Windows 10 64bit"/>
         <property name="katalonVersion" value="5.2.0.1"/>
         <property name="browser" value="Chrome 63.0.3239.84"/>
         <property name="hostAddress" value="10.95.3.71"/>
         <property name="sessionId" value="b87d2fdd0e95da5dadb3595420a8f354"/>
         <property name="seleniumVersion" value="3.7.1"/>
         <property name="proxyInformation" value="ProxyInformation{proxyOption=NO_PROXY, proxyServerType=HTTP, password=, proxyServerAddress=, proxyServerPort=0}"/>
         <property name="platform" value="Windows 10"/>
      </properties>
      <testcase name="Test Cases/Login" classname="Test Cases/Login" status="PASSED">
         <system-out><![CDATA[2018-01-03 14:37:32 - [TEST_CASE][PASSED] - Test Cases/Login: Test Cases/Login

2018-01-03 14:37:33 - [TEST_STEP][PASSED] - openBrowser: Browser is opened with url: ''

2018-01-03 14:37:38 - [MESSAGE][PASSED] - Browser is opened with url: ''

2018-01-03 14:37:38 - [TEST_STEP][PASSED] - navigateToUrl: Navigate to 'http://bugzilla-ui/' successfully

2018-01-03 14:38:23 - [MESSAGE][PASSED] - Navigate to 'http://bugzilla-ui/' successfully

2018-01-03 14:38:23 - [TEST_STEP][PASSED] - setText: Text 'kumar.nagendra@happiestminds.com' is set on object 'Object Repository/Page_BugsUI login/input_value_email'

2018-01-03 14:38:24 - [MESSAGE][PASSED] - Text 'kumar.nagendra@happiestminds.com' is set on object 'Object Repository/Page_BugsUI login/input_value_email'

2018-01-03 14:38:24 - [TEST_STEP][PASSED] - setText: Text 'Kumar@123' is set on object 'Object Repository/Page_BugsUI login/input_form-control ng-untouche'

2018-01-03 14:38:28 - [MESSAGE][PASSED] - Text 'Kumar@123' is set on object 'Object Repository/Page_BugsUI login/input_form-control ng-untouche'

2018-01-03 14:38:28 - [TEST_STEP][PASSED] - click: Object: 'Object Repository/Page_BugsUI login/button_Login' is clicked on

2018-01-03 14:38:29 - [MESSAGE][PASSED] - Object: 'Object Repository/Page_BugsUI login/button_Login' is clicked on

2018-01-03 14:38:29 - [TEST_STEP][PASSED] - verifyElementAttributeValue: Object 'Object Repository/Page_BugsUI login/a_BugsUI' has attribute 'text' with value 'BugsUI '

2018-01-03 14:38:29 - [MESSAGE][PASSED] - Object 'Object Repository/Page_BugsUI login/a_BugsUI' has attribute 'text' with value 'BugsUI '

2018-01-03 14:38:29 - [TEST_STEP][PASSED] - closeBrowser: Browser is closed

2018-01-03 14:38:35 - [MESSAGE][PASSED] - Browser is closed]]></system-out>
         <system-err><![CDATA[]]></system-err>
      </testcase>
      <testcase name="Test Cases/Invalid_Login" classname="Test Cases/Invalid_Login" status="PASSED">
         <system-out><![CDATA[2018-01-03 14:38:35 - [TEST_CASE][PASSED] - Test Cases/Invalid_Login: Test Cases/Invalid_Login

2018-01-03 14:38:35 - [TEST_STEP][PASSED] - openBrowser: Browser is opened with url: ''

2018-01-03 14:38:40 - [MESSAGE][PASSED] - Browser is opened with url: ''

2018-01-03 14:38:40 - [TEST_STEP][PASSED] - navigateToUrl: Navigate to 'http://bugzilla-ui/' successfully

2018-01-03 14:39:20 - [MESSAGE][PASSED] - Navigate to 'http://bugzilla-ui/' successfully

2018-01-03 14:39:20 - [TEST_STEP][PASSED] - setText: Text 'kumar.nagendra@happiestminds.com' is set on object 'Object Repository/Page_BugsUI login/input_value_email'

2018-01-03 14:39:21 - [MESSAGE][PASSED] - Text 'kumar.nagendra@happiestminds.com' is set on object 'Object Repository/Page_BugsUI login/input_value_email'

2018-01-03 14:39:21 - [TEST_STEP][PASSED] - setText: Text '123' is set on object 'Object Repository/Page_BugsUI login/input_form-control ng-untouche'

2018-01-03 14:39:21 - [MESSAGE][PASSED] - Text '123' is set on object 'Object Repository/Page_BugsUI login/input_form-control ng-untouche'

2018-01-03 14:39:21 - [TEST_STEP][PASSED] - click: Object: 'Object Repository/Page_BugsUI login/button_Login' is clicked on

2018-01-03 14:39:21 - [MESSAGE][PASSED] - Object: 'Object Repository/Page_BugsUI login/button_Login' is clicked on

2018-01-03 14:39:21 - [TEST_STEP][PASSED] - verifyElementAttributeValue: Object 'Object Repository/Page_BugsUI login/small_Invalid UserEmailPasswor' has attribute 'id' with value 'loginError'

2018-01-03 14:39:22 - [MESSAGE][PASSED] - Object 'Object Repository/Page_BugsUI login/small_Invalid UserEmailPasswor' has attribute 'id' with value 'loginError'

2018-01-03 14:39:22 - [TEST_STEP][PASSED] - closeBrowser: Browser is closed

2018-01-03 14:39:23 - [MESSAGE][PASSED] - Browser is closed]]></system-out>
         <system-err><![CDATA[]]></system-err>
      </testcase>
      <testcase name="Test Cases/SearchInputBug" classname="Test Cases/SearchInputBug" status="PASSED">
         <system-out><![CDATA[2018-01-03 14:39:23 - [TEST_CASE][PASSED] - Test Cases/SearchInputBug: Test Cases/SearchInputBug

2018-01-03 14:39:23 - [TEST_STEP][PASSED] - openBrowser: Browser is opened with url: ''

2018-01-03 14:39:26 - [MESSAGE][PASSED] - Browser is opened with url: ''

2018-01-03 14:39:26 - [TEST_STEP][PASSED] - navigateToUrl: Navigate to 'http://bugzilla-ui/login?url=&params=%7B%7D' successfully

2018-01-03 14:39:42 - [MESSAGE][PASSED] - Navigate to 'http://bugzilla-ui/login?url=&params=%7B%7D' successfully

2018-01-03 14:39:42 - [TEST_STEP][PASSED] - setText: Text 'kumar.nagendra@happiestminds.com' is set on object 'Object Repository/Page_BugsUI login (1)/input_value_email'

2018-01-03 14:39:42 - [MESSAGE][PASSED] - Text 'kumar.nagendra@happiestminds.com' is set on object 'Object Repository/Page_BugsUI login (1)/input_value_email'

2018-01-03 14:39:42 - [TEST_STEP][PASSED] - setText: Text 'Kumar@123' is set on object 'Object Repository/Page_BugsUI login (1)/input_form-control ng-untouche'

2018-01-03 14:39:42 - [MESSAGE][PASSED] - Text 'Kumar@123' is set on object 'Object Repository/Page_BugsUI login (1)/input_form-control ng-untouche'

2018-01-03 14:39:42 - [TEST_STEP][PASSED] - click: Object: 'Object Repository/Page_BugsUI login (1)/button_Login' is clicked on

2018-01-03 14:39:43 - [MESSAGE][PASSED] - Object: 'Object Repository/Page_BugsUI login (1)/button_Login' is clicked on

2018-01-03 14:39:43 - [TEST_STEP][PASSED] - setText: Text '193666' is set on object 'Object Repository/Page_BugsUI Dashboard (2)/input_navbar-search-input'

2018-01-03 14:39:43 - [MESSAGE][PASSED] - Text '193666' is set on object 'Object Repository/Page_BugsUI Dashboard (2)/input_navbar-search-input'

2018-01-03 14:39:43 - [TEST_STEP][PASSED] - delay: Delayed 20 second(s)

2018-01-03 14:40:03 - [MESSAGE][PASSED] - Delayed 20 second(s)

2018-01-03 14:40:03 - [TEST_STEP][PASSED] - sendKeys: Keys 'ENTER + ' sent to object: 'Object Repository/Page_BugsUI Dashboard (2)/input_navbar-search-input'

2018-01-03 14:40:03 - [MESSAGE][PASSED] - Keys 'ENTER + ' sent to object: 'Object Repository/Page_BugsUI Dashboard (2)/input_navbar-search-input'

2018-01-03 14:40:03 - [TEST_STEP][PASSED] - waitForElementAttributeValue: Object 'Object Repository/Page_BugsUI 193666/a_General' has attribute 'text' with value 'General'

2018-01-03 14:40:09 - [MESSAGE][PASSED] - Object 'Object Repository/Page_BugsUI 193666/a_General' has attribute 'text' with value 'General'

2018-01-03 14:40:09 - [TEST_STEP][PASSED] - verifyElementAttributeValue: Object 'Object Repository/Page_BugsUI 193666/a_General' has attribute 'text' with value 'General'

2018-01-03 14:40:09 - [MESSAGE][PASSED] - Object 'Object Repository/Page_BugsUI 193666/a_General' has attribute 'text' with value 'General'

2018-01-03 14:40:09 - [TEST_STEP][PASSED] - closeBrowser: Browser is closed

2018-01-03 14:40:11 - [MESSAGE][PASSED] - Browser is closed]]></system-out>
         <system-err><![CDATA[]]></system-err>
      </testcase>
      <system-out><![CDATA[2018-01-03 14:37:31 - [TEST_SUITE][PASSED] - New Test Suite: Test Cases/SearchInputBug]]></system-out>
      <system-err><![CDATA[]]></system-err>
   </testsuite>
</testsuites>
