<?xml version="1.0" encoding="UTF-8"?>
<testsuites name="DependsOn_Blocks_Scenarios" time="73" tests="6" failures="0" errors="0">
   <testsuite name="DependsOn_Blocks_Scenarios" tests="6" failures="0" errors="0" time="73" timestamp="2018-05-29 11:38:54" hostname="Kumar.nagendra - HMECL001948.happiestminds.com" id="Test Suites/DependsOn_Blocks_Scenarios">
      <properties>
         <property name="deviceName" value=""/>
         <property name="devicePlatform" value=""/>
         <property name="logFolder" value="C:\\Arista-Bugzila Project\\BugzillaUI-Automation\\Reports\\DependsOn_Blocks_Scenarios\\20180529_113852"/>
         <property name="logFiles" value="C:\\Arista-Bugzila Project\\BugzillaUI-Automation\\Reports\\DependsOn_Blocks_Scenarios\\20180529_113852\\execution0.log"/>
         <property name="attachments" value=""/>
         <property name="hostName" value="Kumar.nagendra - HMECL001948.happiestminds.com"/>
         <property name="os" value="Windows 10 64bit"/>
         <property name="katalonVersion" value="5.3.0.1"/>
         <property name="browser" value="Chrome 66.0.3359.181"/>
         <property name="hostAddress" value="10.95.75.194"/>
         <property name="sessionId" value="2c0fe5a2be444df4c9cdedeced7373d8"/>
         <property name="seleniumVersion" value="3.7.1"/>
         <property name="proxyInformation" value="ProxyInformation{proxyOption=NO_PROXY, proxyServerType=HTTP, password=, proxyServerAddress=, proxyServerPort=0}"/>
         <property name="platform" value="Windows 10"/>
      </properties>
      <testcase name="Test Cases/Depends_Blocks_TestCases/Verify whether user can open Depends on and Blocks section" classname="Test Cases/Depends_Blocks_TestCases/Verify whether user can open Depends on and Blocks section" status="PASSED">
         <system-out><![CDATA[2018-05-29 11:38:54 - [TEST_CASE][PASSED] - Test Cases/Depends_Blocks_TestCases/Verify whether user can open Depends on and Blocks section: Test Cases/Depends_Blocks_TestCases/Verify whether user can open Depends on and Blocks section

2018-05-29 11:38:55 - [TEST_STEP][PASSED] - openBrowser: Browser is opened with url: ''

2018-05-29 11:38:57 - [MESSAGE][PASSED] - Browser is opened with url: ''

2018-05-29 11:38:57 - [TEST_STEP][PASSED] - navigateToUrl: Navigate to 'http://bugzilla-ui.staging.kube.sw-infra.sjc.aristanetworks.com/login' successfully

2018-05-29 11:39:03 - [MESSAGE][PASSED] - Navigate to 'http://bugzilla-ui.staging.kube.sw-infra.sjc.aristanetworks.com/login' successfully

2018-05-29 11:39:03 - [TEST_STEP][PASSED] - maximizeWindow: Current window maximized

2018-05-29 11:39:03 - [MESSAGE][PASSED] - Current window maximized

2018-05-29 11:39:03 - [TEST_STEP][PASSED] - setText: Text 'knagendra-ext' is set on object 'Object Repository/Page_BugsUI login/input_value_userid'

2018-05-29 11:39:04 - [MESSAGE][PASSED] - Text 'knagendra-ext' is set on object 'Object Repository/Page_BugsUI login/input_value_userid'

2018-05-29 11:39:04 - [TEST_STEP][PASSED] - setText: Text 'Tumkur@123' is set on object 'Object Repository/Page_BugsUI login/input_form-control ng-untouche'

2018-05-29 11:39:05 - [MESSAGE][PASSED] - Text 'Tumkur@123' is set on object 'Object Repository/Page_BugsUI login/input_form-control ng-untouche'

2018-05-29 11:39:05 - [TEST_STEP][PASSED] - click: Object: 'Object Repository/Page_BugsUI login/button_Login' is clicked on

2018-05-29 11:39:06 - [MESSAGE][PASSED] - Object: 'Object Repository/Page_BugsUI login/button_Login' is clicked on

2018-05-29 11:39:06 - [TEST_STEP][PASSED] - setText: Text '254833' is set on object 'Object Repository/Page_BugsUI Dashboard/input_navbar-search-input'

2018-05-29 11:39:06 - [MESSAGE][PASSED] - Text '254833' is set on object 'Object Repository/Page_BugsUI Dashboard/input_navbar-search-input'

2018-05-29 11:39:06 - [TEST_STEP][PASSED] - delay: Delayed 1 second(s)

2018-05-29 11:39:07 - [MESSAGE][PASSED] - Delayed 1 second(s)

2018-05-29 11:39:07 - [TEST_STEP][PASSED] - sendKeys: Keys 'ENTER + ' sent to object: 'Object Repository/Page_BugsUI Dashboard/input_navbar-search-input'

2018-05-29 11:39:08 - [MESSAGE][PASSED] - Keys 'ENTER + ' sent to object: 'Object Repository/Page_BugsUI Dashboard/input_navbar-search-input'

2018-05-29 11:39:08 - [TEST_STEP][PASSED] - delay: Delayed 3 second(s)

2018-05-29 11:39:11 - [MESSAGE][PASSED] - Delayed 3 second(s)

2018-05-29 11:39:11 - [TEST_STEP][PASSED] - Statement - If (com.kms.katalon.core.webui.keyword.WebUiBuiltInKeywords.verifyElementPresent(com.kms.katalon.core.testobject.ObjectRepository.findTestObject(Page_BugsUI_Depends_Blocks/a_Depends and Blocks), 1)): Object: 'Object Repository/Page_BugsUI_Depends_Blocks/a_Depends and Blocks' is clicked on

2018-05-29 11:39:11 - [MESSAGE][PASSED] - Object 'Object Repository/Page_BugsUI_Depends_Blocks/a_Depends and Blocks' is present

2018-05-29 11:39:11 - [TEST_STEP][PASSED] - click: Object: 'Object Repository/Page_BugsUI_Depends_Blocks/a_Depends and Blocks' is clicked on

2018-05-29 11:39:11 - [MESSAGE][PASSED] - Object: 'Object Repository/Page_BugsUI_Depends_Blocks/a_Depends and Blocks' is clicked on

2018-05-29 11:39:11 - [TEST_STEP][PASSED] - delay: Delayed 2 second(s)

2018-05-29 11:39:13 - [MESSAGE][PASSED] - Delayed 2 second(s)

2018-05-29 11:39:13 - [TEST_STEP][PASSED] - Statement - If (com.kms.katalon.core.webui.keyword.WebUiBuiltInKeywords.verifyElementPresent(com.kms.katalon.core.testobject.ObjectRepository.findTestObject(Page_BugsUI_Depends_Blocks/h3_Bug blocks), 1)): null

2018-05-29 11:39:13 - [MESSAGE][PASSED] - Object 'Object Repository/Page_BugsUI_Depends_Blocks/h3_Bug blocks' is present

2018-05-29 11:39:13 - [TEST_STEP][PASSED] - Statement - blocksText = com.kms.katalon.core.webui.keyword.WebUiBuiltInKeywords.getText(com.kms.katalon.core.testobject.ObjectRepository.findTestObject(Page_BugsUI_Depends_Blocks/h3_Bug blocks)): Text of object 'Object Repository/Page_BugsUI_Depends_Blocks/h3_Bug blocks' is: 'Bug 254833 blocks :'

2018-05-29 11:39:13 - [MESSAGE][PASSED] - Text of object 'Object Repository/Page_BugsUI_Depends_Blocks/h3_Bug blocks' is: 'Bug 254833 blocks :'

2018-05-29 11:39:13 - [TEST_STEP][PASSED] - Statement - If (blocksText.equals("Bug 254833 blocks :")): null

2018-05-29 11:39:13 - [TEST_STEP][PASSED] - Statement - assert true: null

2018-05-29 11:39:13 - [TEST_STEP][PASSED] - Statement - If (com.kms.katalon.core.webui.keyword.WebUiBuiltInKeywords.verifyElementPresent(com.kms.katalon.core.testobject.ObjectRepository.findTestObject(Page_BugsUI_Depends_Blocks/h3_Bug depends on), 1)): null

2018-05-29 11:39:13 - [MESSAGE][PASSED] - Object 'Object Repository/Page_BugsUI_Depends_Blocks/h3_Bug depends on' is present

2018-05-29 11:39:13 - [TEST_STEP][PASSED] - Statement - blocksText = com.kms.katalon.core.webui.keyword.WebUiBuiltInKeywords.getText(com.kms.katalon.core.testobject.ObjectRepository.findTestObject(Page_BugsUI_Depends_Blocks/h3_Bug depends on)): Text of object 'Object Repository/Page_BugsUI_Depends_Blocks/h3_Bug depends on' is: 'Bug 254833 depends on :'

2018-05-29 11:39:13 - [MESSAGE][PASSED] - Text of object 'Object Repository/Page_BugsUI_Depends_Blocks/h3_Bug depends on' is: 'Bug 254833 depends on :'

2018-05-29 11:39:13 - [TEST_STEP][PASSED] - Statement - If (blocksText.equals("Bug 254833 depends on :")): null

2018-05-29 11:39:13 - [TEST_STEP][PASSED] - Statement - assert true: null

2018-05-29 11:39:13 - [TEST_STEP][PASSED] - delay: Delayed 3 second(s)

2018-05-29 11:39:16 - [MESSAGE][PASSED] - Delayed 3 second(s)]]></system-out>
         <system-err><![CDATA[]]></system-err>
      </testcase>
      <testcase name="Test Cases/Depends_Blocks_TestCases/Verify_fields_in_DependsOn_and_Blocks_section" classname="Test Cases/Depends_Blocks_TestCases/Verify_fields_in_DependsOn_and_Blocks_section" status="PASSED">
         <system-out><![CDATA[2018-05-29 11:39:16 - [TEST_CASE][PASSED] - Test Cases/Depends_Blocks_TestCases/Verify_fields_in_DependsOn_and_Blocks_section: Test Cases/Depends_Blocks_TestCases/Verify_fields_in_DependsOn_and_Blocks_section

2018-05-29 11:39:17 - [TEST_STEP][PASSED] - delay: Delayed 2 second(s)

2018-05-29 11:39:19 - [MESSAGE][PASSED] - Delayed 2 second(s)

2018-05-29 11:39:19 - [TEST_STEP][PASSED] - verifyElementPresent: Object 'Object Repository/Page_BugsUI_Depends_Blocks/dependsOn_deleteButton' is present

2018-05-29 11:39:19 - [MESSAGE][PASSED] - Object 'Object Repository/Page_BugsUI_Depends_Blocks/dependsOn_deleteButton' is present

2018-05-29 11:39:19 - [TEST_STEP][PASSED] - verifyElementPresent: Object 'Object Repository/Page_BugsUI_Depends_Blocks/dependsOn_ID' is present

2018-05-29 11:39:19 - [MESSAGE][PASSED] - Object 'Object Repository/Page_BugsUI_Depends_Blocks/dependsOn_ID' is present

2018-05-29 11:39:19 - [TEST_STEP][PASSED] - verifyElementPresent: Object 'Object Repository/Page_BugsUI_Depends_Blocks/dependsOn_Priority' is present

2018-05-29 11:39:19 - [MESSAGE][PASSED] - Object 'Object Repository/Page_BugsUI_Depends_Blocks/dependsOn_Priority' is present

2018-05-29 11:39:19 - [TEST_STEP][PASSED] - verifyElementPresent: Object 'Object Repository/Page_BugsUI_Depends_Blocks/dependsOn_Summary' is present

2018-05-29 11:39:19 - [MESSAGE][PASSED] - Object 'Object Repository/Page_BugsUI_Depends_Blocks/dependsOn_Summary' is present

2018-05-29 11:39:19 - [TEST_STEP][PASSED] - verifyElementPresent: Object 'Object Repository/Page_BugsUI_Depends_Blocks/dependsOn_Assigned To' is present

2018-05-29 11:39:19 - [MESSAGE][PASSED] - Object 'Object Repository/Page_BugsUI_Depends_Blocks/dependsOn_Assigned To' is present

2018-05-29 11:39:19 - [TEST_STEP][PASSED] - verifyElementPresent: Object 'Object Repository/Page_BugsUI_Depends_Blocks/dependOn_Status' is present

2018-05-29 11:39:19 - [MESSAGE][PASSED] - Object 'Object Repository/Page_BugsUI_Depends_Blocks/dependOn_Status' is present

2018-05-29 11:39:19 - [TEST_STEP][PASSED] - verifyElementPresent: Object 'Object Repository/Page_BugsUI_Depends_Blocks/div_dependsOnBug1' is present

2018-05-29 11:39:19 - [MESSAGE][PASSED] - Object 'Object Repository/Page_BugsUI_Depends_Blocks/div_dependsOnBug1' is present

2018-05-29 11:39:19 - [TEST_STEP][PASSED] - verifyElementPresent: Object 'Object Repository/Page_BugsUI_Depends_Blocks/dependsOn_Add_button' is present

2018-05-29 11:39:19 - [MESSAGE][PASSED] - Object 'Object Repository/Page_BugsUI_Depends_Blocks/dependsOn_Add_button' is present

2018-05-29 11:39:19 - [TEST_STEP][PASSED] - verifyElementPresent: Object 'Object Repository/Page_BugsUI_Depends_Blocks/blocks_deleteButton' is present

2018-05-29 11:39:19 - [MESSAGE][PASSED] - Object 'Object Repository/Page_BugsUI_Depends_Blocks/blocks_deleteButton' is present

2018-05-29 11:39:19 - [TEST_STEP][PASSED] - verifyElementPresent: Object 'Object Repository/Page_BugsUI_Depends_Blocks/blocks_ID' is present

2018-05-29 11:39:19 - [MESSAGE][PASSED] - Object 'Object Repository/Page_BugsUI_Depends_Blocks/blocks_ID' is present

2018-05-29 11:39:19 - [TEST_STEP][PASSED] - verifyElementPresent: Object 'Object Repository/Page_BugsUI_Depends_Blocks/blocks_Priority' is present

2018-05-29 11:39:19 - [MESSAGE][PASSED] - Object 'Object Repository/Page_BugsUI_Depends_Blocks/blocks_Priority' is present

2018-05-29 11:39:19 - [TEST_STEP][PASSED] - verifyElementPresent: Object 'Object Repository/Page_BugsUI_Depends_Blocks/blocks_Summary' is present

2018-05-29 11:39:19 - [MESSAGE][PASSED] - Object 'Object Repository/Page_BugsUI_Depends_Blocks/blocks_Summary' is present

2018-05-29 11:39:19 - [TEST_STEP][PASSED] - verifyElementPresent: Object 'Object Repository/Page_BugsUI_Depends_Blocks/blocks_Assigned To' is present

2018-05-29 11:39:20 - [MESSAGE][PASSED] - Object 'Object Repository/Page_BugsUI_Depends_Blocks/blocks_Assigned To' is present

2018-05-29 11:39:20 - [TEST_STEP][PASSED] - verifyElementPresent: Object 'Object Repository/Page_BugsUI_Depends_Blocks/blocks_Status' is present

2018-05-29 11:39:20 - [MESSAGE][PASSED] - Object 'Object Repository/Page_BugsUI_Depends_Blocks/blocks_Status' is present

2018-05-29 11:39:20 - [TEST_STEP][PASSED] - verifyElementPresent: Object 'Object Repository/Page_BugsUI_Depends_Blocks/div_blockedBug1' is present

2018-05-29 11:39:20 - [MESSAGE][PASSED] - Object 'Object Repository/Page_BugsUI_Depends_Blocks/div_blockedBug1' is present

2018-05-29 11:39:20 - [TEST_STEP][PASSED] - verifyElementPresent: Object 'Object Repository/Page_BugsUI_Depends_Blocks/blocks_Add_button' is present

2018-05-29 11:39:20 - [MESSAGE][PASSED] - Object 'Object Repository/Page_BugsUI_Depends_Blocks/blocks_Add_button' is present]]></system-out>
         <system-err><![CDATA[]]></system-err>
      </testcase>
      <testcase name="Test Cases/Depends_Blocks_TestCases/Verify_user_can_add _new BugId_under_DependsOn_section" classname="Test Cases/Depends_Blocks_TestCases/Verify_user_can_add _new BugId_under_DependsOn_section" status="PASSED">
         <system-out><![CDATA[2018-05-29 11:39:20 - [TEST_CASE][PASSED] - Test Cases/Depends_Blocks_TestCases/Verify_user_can_add _new BugId_under_DependsOn_section: Test Cases/Depends_Blocks_TestCases/Verify_user_can_add _new BugId_under_DependsOn_section

2018-05-29 11:39:20 - [TEST_STEP][PASSED] - delay: Delayed 2 second(s)

2018-05-29 11:39:22 - [MESSAGE][PASSED] - Delayed 2 second(s)

2018-05-29 11:39:22 - [TEST_STEP][PASSED] - setText: Text '09090909' is set on object 'Object Repository/Page_BugsUI_Depends_Blocks/div_dependsOnBug1'

2018-05-29 11:39:23 - [MESSAGE][PASSED] - Text '09090909' is set on object 'Object Repository/Page_BugsUI_Depends_Blocks/div_dependsOnBug1'

2018-05-29 11:39:23 - [TEST_STEP][PASSED] - click: Object: 'Object Repository/Page_BugsUI_Depends_Blocks/dependsOn_Add_button' is clicked on

2018-05-29 11:39:23 - [MESSAGE][PASSED] - Object: 'Object Repository/Page_BugsUI_Depends_Blocks/dependsOn_Add_button' is clicked on

2018-05-29 11:39:23 - [TEST_STEP][PASSED] - Statement - If (com.kms.katalon.core.webui.keyword.WebUiBuiltInKeywords.verifyAlertPresent(2)): Alert accepted

2018-05-29 11:39:24 - [MESSAGE][PASSED] - Alert is present after 2 second(s).

2018-05-29 11:39:24 - [TEST_STEP][PASSED] - Statement - alertText = com.kms.katalon.core.webui.keyword.WebUiBuiltInKeywords.getAlertText(): Get alert text successfully: 'Following Bug Id(s) entered under 'depends on' do not exist:
09090909'

2018-05-29 11:39:24 - [MESSAGE][PASSED] - Get alert text successfully: 'Following Bug Id(s) entered under 'depends on' do not exist:
09090909'

2018-05-29 11:39:24 - [TEST_STEP][PASSED] - Statement - alertText.contains("Following Bug Id(s) entered under 'depends on' does not exist:"): null

2018-05-29 11:39:24 - [TEST_STEP][PASSED] - Statement - alertText.contains("09090909"): null

2018-05-29 11:39:24 - [TEST_STEP][PASSED] - acceptAlert: Alert accepted

2018-05-29 11:39:24 - [MESSAGE][PASSED] - Alert accepted

2018-05-29 11:39:24 - [TEST_STEP][PASSED] - newKey.ClearFields.ClearTextField: newKey.ClearFields.ClearTextField is PASSED

2018-05-29 11:39:24 - [MESSAGE][PASSED] - Keys 'CONTROL + a' sent to object: 'Object Repository/Page_BugsUI_Depends_Blocks/div_dependsOnBug1'

2018-05-29 11:39:24 - [MESSAGE][PASSED] - Keys 'DELETE + ' sent to object: 'Object Repository/Page_BugsUI_Depends_Blocks/div_dependsOnBug1'

2018-05-29 11:39:24 - [MESSAGE][PASSED] - newKey.ClearFields.ClearTextField is PASSED

2018-05-29 11:39:24 - [TEST_STEP][PASSED] - setText: Text '252923' is set on object 'Object Repository/Page_BugsUI_Depends_Blocks/div_dependsOnBug1'

2018-05-29 11:39:25 - [MESSAGE][PASSED] - Text '252923' is set on object 'Object Repository/Page_BugsUI_Depends_Blocks/div_dependsOnBug1'

2018-05-29 11:39:25 - [TEST_STEP][PASSED] - click: Object: 'Object Repository/Page_BugsUI_Depends_Blocks/dependsOn_Add_button' is clicked on

2018-05-29 11:39:25 - [MESSAGE][PASSED] - Object: 'Object Repository/Page_BugsUI_Depends_Blocks/dependsOn_Add_button' is clicked on

2018-05-29 11:39:25 - [TEST_STEP][PASSED] - delay: Delayed 2 second(s)

2018-05-29 11:39:27 - [MESSAGE][PASSED] - Delayed 2 second(s)

2018-05-29 11:39:27 - [TEST_STEP][PASSED] - Statement - If (com.kms.katalon.core.webui.keyword.WebUiBuiltInKeywords.verifyAlertPresent(2)): Alert accepted

2018-05-29 11:39:27 - [MESSAGE][PASSED] - Alert is present after 2 second(s).

2018-05-29 11:39:27 - [TEST_STEP][PASSED] - Statement - alertText = com.kms.katalon.core.webui.keyword.WebUiBuiltInKeywords.getAlertText(): Get alert text successfully: 'Changes have been committed successfully to Bug #254833'

2018-05-29 11:39:27 - [MESSAGE][PASSED] - Get alert text successfully: 'Changes have been committed successfully to Bug #254833'

2018-05-29 11:39:27 - [TEST_STEP][PASSED] - verifyEqual: Actual object 'Changes have been committed successfully to Bug #254833' and expected object 'Changes have been committed successfully to Bug #254833' are equal

2018-05-29 11:39:27 - [MESSAGE][PASSED] - Actual object 'Changes have been committed successfully to Bug #254833' and expected object 'Changes have been committed successfully to Bug #254833' are equal

2018-05-29 11:39:27 - [TEST_STEP][PASSED] - acceptAlert: Alert accepted

2018-05-29 11:39:27 - [MESSAGE][PASSED] - Alert accepted

2018-05-29 11:39:27 - [TEST_STEP][PASSED] - delay: Delayed 6 second(s)

2018-05-29 11:39:33 - [MESSAGE][PASSED] - Delayed 6 second(s)

2018-05-29 11:39:33 - [TEST_STEP][PASSED] - Statement - If (com.kms.katalon.core.webui.keyword.WebUiBuiltInKeywords.verifyElementPresent(com.kms.katalon.core.testobject.ObjectRepository.findTestObject(Page_BugsUI_Depends_Blocks/a_252923), 1)): null

2018-05-29 11:39:33 - [MESSAGE][PASSED] - Object 'Object Repository/Page_BugsUI_Depends_Blocks/a_252923' is present

2018-05-29 11:39:33 - [TEST_STEP][PASSED] - Statement - assert true: null]]></system-out>
         <system-err><![CDATA[]]></system-err>
      </testcase>
      <testcase name="Test Cases/Depends_Blocks_TestCases/Verify_user_can_add _same BugId_under_DependsOn_and blocks_section" classname="Test Cases/Depends_Blocks_TestCases/Verify_user_can_add _same BugId_under_DependsOn_and blocks_section" status="PASSED">
         <system-out><![CDATA[2018-05-29 11:39:33 - [TEST_CASE][PASSED] - Test Cases/Depends_Blocks_TestCases/Verify_user_can_add _same BugId_under_DependsOn_and blocks_section: Test Cases/Depends_Blocks_TestCases/Verify_user_can_add _same BugId_under_DependsOn_and blocks_section

2018-05-29 11:39:34 - [TEST_STEP][PASSED] - delay: Delayed 2 second(s)

2018-05-29 11:39:36 - [MESSAGE][PASSED] - Delayed 2 second(s)

2018-05-29 11:39:36 - [TEST_STEP][PASSED] - setText: Text '252923' is set on object 'Object Repository/Page_BugsUI_Depends_Blocks/div_blockedBug1'

2018-05-29 11:39:36 - [MESSAGE][PASSED] - Text '252923' is set on object 'Object Repository/Page_BugsUI_Depends_Blocks/div_blockedBug1'

2018-05-29 11:39:36 - [TEST_STEP][PASSED] - click: Object: 'Object Repository/Page_BugsUI_Depends_Blocks/blocks_Add_button' is clicked on

2018-05-29 11:39:37 - [MESSAGE][PASSED] - Object: 'Object Repository/Page_BugsUI_Depends_Blocks/blocks_Add_button' is clicked on

2018-05-29 11:39:37 - [TEST_STEP][PASSED] - Statement - If (com.kms.katalon.core.webui.keyword.WebUiBuiltInKeywords.verifyAlertPresent(2)): Alert accepted

2018-05-29 11:39:37 - [MESSAGE][PASSED] - Alert is present after 2 second(s).

2018-05-29 11:39:37 - [TEST_STEP][PASSED] - Statement - alertText = com.kms.katalon.core.webui.keyword.WebUiBuiltInKeywords.getAlertText(): Get alert text successfully: 'The following bug(s) would appear on both the 'depends on' and 'blocks' parts of the dependency tree if these changes are committed: 252923. This would create a circular dependency, which is not allowed.'

2018-05-29 11:39:37 - [MESSAGE][PASSED] - Get alert text successfully: 'The following bug(s) would appear on both the 'depends on' and 'blocks' parts of the dependency tree if these changes are committed: 252923. This would create a circular dependency, which is not allowed.'

2018-05-29 11:39:37 - [TEST_STEP][PASSED] - Statement - alertText.contains("This would create a circular dependency, which is not allowed"): null

2018-05-29 11:39:37 - [TEST_STEP][PASSED] - acceptAlert: Alert accepted

2018-05-29 11:39:37 - [MESSAGE][PASSED] - Alert accepted

2018-05-29 11:39:37 - [TEST_STEP][PASSED] - newKey.ClearFields.ClearTextField: newKey.ClearFields.ClearTextField is PASSED

2018-05-29 11:39:37 - [MESSAGE][PASSED] - Keys 'CONTROL + a' sent to object: 'Object Repository/Page_BugsUI_Depends_Blocks/div_blockedBug1'

2018-05-29 11:39:37 - [MESSAGE][PASSED] - Keys 'DELETE + ' sent to object: 'Object Repository/Page_BugsUI_Depends_Blocks/div_blockedBug1'

2018-05-29 11:39:37 - [MESSAGE][PASSED] - newKey.ClearFields.ClearTextField is PASSED

2018-05-29 11:39:37 - [TEST_STEP][PASSED] - setText: Text '254844' is set on object 'Object Repository/Page_BugsUI_Depends_Blocks/div_blockedBug1'

2018-05-29 11:39:38 - [MESSAGE][PASSED] - Text '254844' is set on object 'Object Repository/Page_BugsUI_Depends_Blocks/div_blockedBug1'

2018-05-29 11:39:38 - [TEST_STEP][PASSED] - click: Object: 'Object Repository/Page_BugsUI_Depends_Blocks/blocks_Add_button' is clicked on

2018-05-29 11:39:38 - [MESSAGE][PASSED] - Object: 'Object Repository/Page_BugsUI_Depends_Blocks/blocks_Add_button' is clicked on

2018-05-29 11:39:38 - [TEST_STEP][PASSED] - delay: Delayed 2 second(s)

2018-05-29 11:39:40 - [MESSAGE][PASSED] - Delayed 2 second(s)

2018-05-29 11:39:40 - [TEST_STEP][PASSED] - Statement - If (com.kms.katalon.core.webui.keyword.WebUiBuiltInKeywords.verifyAlertPresent(2)): Alert accepted

2018-05-29 11:39:40 - [MESSAGE][PASSED] - Alert is present after 2 second(s).

2018-05-29 11:39:40 - [TEST_STEP][PASSED] - Statement - alertText = com.kms.katalon.core.webui.keyword.WebUiBuiltInKeywords.getAlertText(): Get alert text successfully: 'Changes have been committed successfully to Bug #254833'

2018-05-29 11:39:40 - [MESSAGE][PASSED] - Get alert text successfully: 'Changes have been committed successfully to Bug #254833'

2018-05-29 11:39:40 - [TEST_STEP][PASSED] - verifyEqual: Actual object 'Changes have been committed successfully to Bug #254833' and expected object 'Changes have been committed successfully to Bug #254833' are equal

2018-05-29 11:39:40 - [MESSAGE][PASSED] - Actual object 'Changes have been committed successfully to Bug #254833' and expected object 'Changes have been committed successfully to Bug #254833' are equal

2018-05-29 11:39:40 - [TEST_STEP][PASSED] - acceptAlert: Alert accepted

2018-05-29 11:39:40 - [MESSAGE][PASSED] - Alert accepted

2018-05-29 11:39:40 - [TEST_STEP][PASSED] - delay: Delayed 6 second(s)

2018-05-29 11:39:46 - [MESSAGE][PASSED] - Delayed 6 second(s)

2018-05-29 11:39:46 - [TEST_STEP][PASSED] - Statement - If (com.kms.katalon.core.webui.keyword.WebUiBuiltInKeywords.verifyElementPresent(com.kms.katalon.core.testobject.ObjectRepository.findTestObject(Page_BugsUI_Depends_Blocks/a_254844), 1)): null

2018-05-29 11:39:46 - [MESSAGE][PASSED] - Object 'Object Repository/Page_BugsUI_Depends_Blocks/a_254844' is present

2018-05-29 11:39:46 - [TEST_STEP][PASSED] - Statement - assert true: null]]></system-out>
         <system-err><![CDATA[]]></system-err>
      </testcase>
      <testcase name="Test Cases/Depends_Blocks_TestCases/Verify_user_can_delete_DependsOn_bug" classname="Test Cases/Depends_Blocks_TestCases/Verify_user_can_delete_DependsOn_bug" status="PASSED">
         <system-out><![CDATA[2018-05-29 11:39:46 - [TEST_CASE][PASSED] - Test Cases/Depends_Blocks_TestCases/Verify_user_can_delete_DependsOn_bug: Test Cases/Depends_Blocks_TestCases/Verify_user_can_delete_DependsOn_bug

2018-05-29 11:39:46 - [TEST_STEP][PASSED] - delay: Delayed 2 second(s)

2018-05-29 11:39:48 - [MESSAGE][PASSED] - Delayed 2 second(s)

2018-05-29 11:39:48 - [TEST_STEP][PASSED] - Statement - If (com.kms.katalon.core.webui.keyword.WebUiBuiltInKeywords.verifyElementPresent(com.kms.katalon.core.testobject.ObjectRepository.findTestObject(Page_BugsUI_Depends_Blocks/input_dependsCheck), 0)): Object: 'Object Repository/Page_BugsUI_Depends_Blocks/del_DependsON' is clicked on

2018-05-29 11:39:48 - [MESSAGE][WARNING] - Timeout '0' is invalid. Using default page load timeout: '30'

2018-05-29 11:39:48 - [MESSAGE][PASSED] - Object 'Object Repository/Page_BugsUI_Depends_Blocks/input_dependsCheck' is present

2018-05-29 11:39:48 - [TEST_STEP][PASSED] - click: Object: 'Object Repository/Page_BugsUI_Depends_Blocks/input_dependsCheck' is clicked on

2018-05-29 11:39:49 - [MESSAGE][PASSED] - Object: 'Object Repository/Page_BugsUI_Depends_Blocks/input_dependsCheck' is clicked on

2018-05-29 11:39:49 - [TEST_STEP][PASSED] - click: Object: 'Object Repository/Page_BugsUI_Depends_Blocks/del_DependsON' is clicked on

2018-05-29 11:39:49 - [MESSAGE][PASSED] - Object: 'Object Repository/Page_BugsUI_Depends_Blocks/del_DependsON' is clicked on

2018-05-29 11:39:49 - [TEST_STEP][PASSED] - delay: Delayed 2 second(s)

2018-05-29 11:39:51 - [MESSAGE][PASSED] - Delayed 2 second(s)

2018-05-29 11:39:51 - [TEST_STEP][PASSED] - Statement - If (com.kms.katalon.core.webui.keyword.WebUiBuiltInKeywords.verifyAlertPresent(2)): Alert accepted

2018-05-29 11:39:51 - [MESSAGE][PASSED] - Alert is present after 2 second(s).

2018-05-29 11:39:51 - [TEST_STEP][PASSED] - Statement - alertText = com.kms.katalon.core.webui.keyword.WebUiBuiltInKeywords.getAlertText(): Get alert text successfully: 'Changes have been committed successfully to Bug #254833'

2018-05-29 11:39:51 - [MESSAGE][PASSED] - Get alert text successfully: 'Changes have been committed successfully to Bug #254833'

2018-05-29 11:39:51 - [TEST_STEP][PASSED] - verifyEqual: Actual object 'Changes have been committed successfully to Bug #254833' and expected object 'Changes have been committed successfully to Bug #254833' are equal

2018-05-29 11:39:51 - [MESSAGE][PASSED] - Actual object 'Changes have been committed successfully to Bug #254833' and expected object 'Changes have been committed successfully to Bug #254833' are equal

2018-05-29 11:39:51 - [TEST_STEP][PASSED] - acceptAlert: Alert accepted

2018-05-29 11:39:51 - [MESSAGE][PASSED] - Alert accepted

2018-05-29 11:39:51 - [TEST_STEP][PASSED] - delay: Delayed 3 second(s)

2018-05-29 11:39:54 - [MESSAGE][PASSED] - Delayed 3 second(s)

2018-05-29 11:39:54 - [TEST_STEP][PASSED] - Statement - If (com.kms.katalon.core.webui.keyword.WebUiBuiltInKeywords.verifyElementNotPresent(com.kms.katalon.core.testobject.ObjectRepository.findTestObject(Page_BugsUI_Depends_Blocks/input_dependsCheck), 0)): null

2018-05-29 11:39:54 - [MESSAGE][WARNING] - Timeout '0' is invalid. Using default page load timeout: '30'

2018-05-29 11:39:54 - [MESSAGE][PASSED] - Web element with id: 'Object Repository/Page_BugsUI_Depends_Blocks/input_dependsCheck' located by 'By.xpath: //input[@id = 'dep0' and @type = 'checkbox' and @name = 'dependsCheck']' is not present after '30' second(s)

2018-05-29 11:39:54 - [TEST_STEP][PASSED] - Statement - assert true: null

2018-05-29 11:39:54 - [TEST_STEP][PASSED] - delay: Delayed 2 second(s)

2018-05-29 11:39:56 - [MESSAGE][PASSED] - Delayed 2 second(s)]]></system-out>
         <system-err><![CDATA[]]></system-err>
      </testcase>
      <testcase name="Test Cases/Depends_Blocks_TestCases/Verify_user_can_delete_Blocks_bug" classname="Test Cases/Depends_Blocks_TestCases/Verify_user_can_delete_Blocks_bug" status="PASSED">
         <system-out><![CDATA[2018-05-29 11:39:56 - [TEST_CASE][PASSED] - Test Cases/Depends_Blocks_TestCases/Verify_user_can_delete_Blocks_bug: Test Cases/Depends_Blocks_TestCases/Verify_user_can_delete_Blocks_bug

2018-05-29 11:39:57 - [TEST_STEP][PASSED] - delay: Delayed 2 second(s)

2018-05-29 11:39:59 - [MESSAGE][PASSED] - Delayed 2 second(s)

2018-05-29 11:39:59 - [TEST_STEP][PASSED] - Statement - If (com.kms.katalon.core.webui.keyword.WebUiBuiltInKeywords.verifyElementPresent(com.kms.katalon.core.testobject.ObjectRepository.findTestObject(Page_BugsUI_Depends_Blocks/input_blockCheck), 0)): Object: 'Object Repository/Page_BugsUI_Depends_Blocks/del_Blocks' is clicked on

2018-05-29 11:39:59 - [MESSAGE][WARNING] - Timeout '0' is invalid. Using default page load timeout: '30'

2018-05-29 11:39:59 - [MESSAGE][PASSED] - Object 'Object Repository/Page_BugsUI_Depends_Blocks/input_blockCheck' is present

2018-05-29 11:39:59 - [TEST_STEP][PASSED] - click: Object: 'Object Repository/Page_BugsUI_Depends_Blocks/input_blockCheck' is clicked on

2018-05-29 11:39:59 - [MESSAGE][PASSED] - Object: 'Object Repository/Page_BugsUI_Depends_Blocks/input_blockCheck' is clicked on

2018-05-29 11:39:59 - [TEST_STEP][PASSED] - click: Object: 'Object Repository/Page_BugsUI_Depends_Blocks/del_Blocks' is clicked on

2018-05-29 11:39:59 - [MESSAGE][PASSED] - Object: 'Object Repository/Page_BugsUI_Depends_Blocks/del_Blocks' is clicked on

2018-05-29 11:39:59 - [TEST_STEP][PASSED] - delay: Delayed 2 second(s)

2018-05-29 11:40:01 - [MESSAGE][PASSED] - Delayed 2 second(s)

2018-05-29 11:40:01 - [TEST_STEP][PASSED] - Statement - If (com.kms.katalon.core.webui.keyword.WebUiBuiltInKeywords.verifyAlertPresent(2)): Alert accepted

2018-05-29 11:40:01 - [MESSAGE][PASSED] - Alert is present after 2 second(s).

2018-05-29 11:40:01 - [TEST_STEP][PASSED] - Statement - alertText = com.kms.katalon.core.webui.keyword.WebUiBuiltInKeywords.getAlertText(): Get alert text successfully: 'Changes have been committed successfully to Bug #254833'

2018-05-29 11:40:01 - [MESSAGE][PASSED] - Get alert text successfully: 'Changes have been committed successfully to Bug #254833'

2018-05-29 11:40:01 - [TEST_STEP][PASSED] - verifyEqual: Actual object 'Changes have been committed successfully to Bug #254833' and expected object 'Changes have been committed successfully to Bug #254833' are equal

2018-05-29 11:40:01 - [MESSAGE][PASSED] - Actual object 'Changes have been committed successfully to Bug #254833' and expected object 'Changes have been committed successfully to Bug #254833' are equal

2018-05-29 11:40:01 - [TEST_STEP][PASSED] - acceptAlert: Alert accepted

2018-05-29 11:40:01 - [MESSAGE][PASSED] - Alert accepted

2018-05-29 11:40:01 - [TEST_STEP][PASSED] - delay: Delayed 3 second(s)

2018-05-29 11:40:04 - [MESSAGE][PASSED] - Delayed 3 second(s)

2018-05-29 11:40:04 - [TEST_STEP][PASSED] - Statement - If (com.kms.katalon.core.webui.keyword.WebUiBuiltInKeywords.verifyElementNotPresent(com.kms.katalon.core.testobject.ObjectRepository.findTestObject(Page_BugsUI_Depends_Blocks/input_blockCheck), 0)): null

2018-05-29 11:40:04 - [MESSAGE][WARNING] - Timeout '0' is invalid. Using default page load timeout: '30'

2018-05-29 11:40:04 - [MESSAGE][PASSED] - Web element with id: 'Object Repository/Page_BugsUI_Depends_Blocks/input_blockCheck' located by 'By.xpath: //input[@id = 'block0' and @type = 'checkbox']' is not present after '30' second(s)

2018-05-29 11:40:04 - [TEST_STEP][PASSED] - Statement - assert true: null

2018-05-29 11:40:04 - [TEST_STEP][PASSED] - delay: Delayed 2 second(s)

2018-05-29 11:40:06 - [MESSAGE][PASSED] - Delayed 2 second(s)]]></system-out>
         <system-err><![CDATA[]]></system-err>
      </testcase>
      <system-out><![CDATA[2018-05-29 11:38:54 - [TEST_SUITE][PASSED] - DependsOn_Blocks_Scenarios: Test Cases/Depends_Blocks_TestCases/Verify_user_can_delete_Blocks_bug]]></system-out>
      <system-err><![CDATA[]]></system-err>
   </testsuite>
</testsuites>
