<?xml version="1.0" encoding="UTF-8"?>
<testsuites name="LoginScenarios" time="47" tests="4" failures="0" errors="0">
   <testsuite name="LoginScenarios" tests="4" failures="0" errors="0" time="47" timestamp="2018-04-13 15:15:17" hostname="HMECL001948$ - HMECL001948.happiestminds.com" id="Test Suites/LoginScenarios">
      <properties>
         <property name="deviceName" value=""/>
         <property name="devicePlatform" value=""/>
         <property name="logFolder" value="C:\\Arista-Bugzila Project\\BugzillaUI-Automation\\Reports\\LoginScenarios\\20180413_151515"/>
         <property name="logFiles" value="C:\\Arista-Bugzila Project\\BugzillaUI-Automation\\Reports\\LoginScenarios\\20180413_151515\\execution0.log"/>
         <property name="attachments" value=""/>
         <property name="hostName" value="HMECL001948$ - HMECL001948.happiestminds.com"/>
         <property name="os" value="Windows 10 64bit"/>
         <property name="katalonVersion" value="5.3.0.1"/>
         <property name="browser" value="Chrome 65.0.3325.181"/>
         <property name="hostAddress" value="10.95.75.194"/>
         <property name="sessionId" value="720acc8440cf5ca0060a7ebc2b48dab5"/>
         <property name="seleniumVersion" value="3.7.1"/>
         <property name="proxyInformation" value="ProxyInformation{proxyOption=NO_PROXY, proxyServerType=HTTP, password=, proxyServerAddress=, proxyServerPort=0}"/>
         <property name="platform" value="Windows 10"/>
      </properties>
      <testcase name="Test Cases/Login_TestCases/VerifyPresenceOfFields_Links_LoginPage" classname="Test Cases/Login_TestCases/VerifyPresenceOfFields_Links_LoginPage" status="PASSED">
         <system-out><![CDATA[2018-04-13 15:15:17 - [TEST_CASE][PASSED] - Test Cases/Login_TestCases/VerifyPresenceOfFields_Links_LoginPage: Test Cases/Login_TestCases/VerifyPresenceOfFields_Links_LoginPage

2018-04-13 15:15:18 - [TEST_STEP][PASSED] - openBrowser: Browser is opened with url: ''

2018-04-13 15:15:21 - [MESSAGE][PASSED] - Browser is opened with url: ''

2018-04-13 15:15:21 - [TEST_STEP][PASSED] - navigateToUrl: Navigate to 'https://bugzilla-ui/' successfully

2018-04-13 15:15:36 - [MESSAGE][PASSED] - Navigate to 'https://bugzilla-ui/' successfully

2018-04-13 15:15:36 - [TEST_STEP][PASSED] - verifyElementPresent: Object 'Object Repository/Page_BugsUI login/input_value_userid' is present

2018-04-13 15:15:37 - [MESSAGE][WARNING] - Timeout '0' is invalid. Using default page load timeout: '30'

2018-04-13 15:15:38 - [MESSAGE][PASSED] - Object 'Object Repository/Page_BugsUI login/input_value_userid' is present

2018-04-13 15:15:38 - [TEST_STEP][PASSED] - verifyElementPresent: Object 'Object Repository/Page_BugsUI login/input_form-control ng-untouche' is present

2018-04-13 15:15:38 - [MESSAGE][WARNING] - Timeout '0' is invalid. Using default page load timeout: '30'

2018-04-13 15:15:38 - [MESSAGE][PASSED] - Object 'Object Repository/Page_BugsUI login/input_form-control ng-untouche' is present

2018-04-13 15:15:38 - [TEST_STEP][PASSED] - verifyElementText: Actual text and expected text of test object 'Object Repository/Page_BugsUI login/strong_User Id' are matched.

2018-04-13 15:15:38 - [MESSAGE][PASSED] - Actual text and expected text of test object 'Object Repository/Page_BugsUI login/strong_User Id' are matched.

2018-04-13 15:15:38 - [TEST_STEP][PASSED] - verifyElementText: Actual text and expected text of test object 'Object Repository/Page_BugsUI login/strong_Password' are matched.

2018-04-13 15:15:38 - [MESSAGE][PASSED] - Actual text and expected text of test object 'Object Repository/Page_BugsUI login/strong_Password' are matched.

2018-04-13 15:15:38 - [TEST_STEP][PASSED] - Statement - loginButtonPresent = com.kms.katalon.core.webui.keyword.WebUiBuiltInKeywords.verifyElementPresent(com.kms.katalon.core.testobject.ObjectRepository.findTestObject(Page_BugsUI login/button_Login), 0): Object 'Object Repository/Page_BugsUI login/button_Login' is present

2018-04-13 15:15:38 - [MESSAGE][WARNING] - Timeout '0' is invalid. Using default page load timeout: '30'

2018-04-13 15:15:38 - [MESSAGE][PASSED] - Object 'Object Repository/Page_BugsUI login/button_Login' is present

2018-04-13 15:15:38 - [TEST_STEP][PASSED] - Statement - If (loginButtonPresent): Object 'Object Repository/Page_BugsUI login/button_Login' is clickable

2018-04-13 15:15:38 - [TEST_STEP][PASSED] - verifyElementClickable: Object 'Object Repository/Page_BugsUI login/button_Login' is clickable

2018-04-13 15:15:38 - [MESSAGE][PASSED] - Object 'Object Repository/Page_BugsUI login/button_Login' is clickable]]></system-out>
         <system-err><![CDATA[]]></system-err>
      </testcase>
      <testcase name="Test Cases/Login_TestCases/InvalidLoginsCases" classname="Test Cases/Login_TestCases/InvalidLoginsCases" status="PASSED">
         <system-out><![CDATA[2018-04-13 15:15:38 - [TEST_CASE][PASSED] - Test Cases/Login_TestCases/InvalidLoginsCases: Test Cases/Login_TestCases/InvalidLoginsCases

2018-04-13 15:15:39 - [TEST_STEP][PASSED] - setText: Text 'knagendra-ext' is set on object 'Object Repository/Page_BugsUI login/input_value_userid'

2018-04-13 15:15:40 - [MESSAGE][PASSED] - Text 'knagendra-ext' is set on object 'Object Repository/Page_BugsUI login/input_value_userid'

2018-04-13 15:15:40 - [TEST_STEP][PASSED] - Statement - loginButtonClickable = com.kms.katalon.core.webui.keyword.WebUiBuiltInKeywords.verifyElementClickable(com.kms.katalon.core.testobject.ObjectRepository.findTestObject(Page_BugsUI login/button_Login)): Object 'Object Repository/Page_BugsUI login/button_Login' is clickable

2018-04-13 15:15:40 - [MESSAGE][PASSED] - Object 'Object Repository/Page_BugsUI login/button_Login' is clickable

2018-04-13 15:15:40 - [TEST_STEP][PASSED] - Statement - If (loginButtonClickable): Object: 'Object Repository/Page_BugsUI login/button_Login' is clicked on

2018-04-13 15:15:40 - [TEST_STEP][PASSED] - click: Object: 'Object Repository/Page_BugsUI login/button_Login' is clicked on

2018-04-13 15:15:40 - [MESSAGE][PASSED] - Object: 'Object Repository/Page_BugsUI login/button_Login' is clicked on

2018-04-13 15:15:40 - [TEST_STEP][PASSED] - verifyElementText: Actual text and expected text of test object 'Object Repository/Page_BugsUI login/small_Password is Required.' are matched.

2018-04-13 15:15:40 - [MESSAGE][PASSED] - Actual text and expected text of test object 'Object Repository/Page_BugsUI login/small_Password is Required.' are matched.

2018-04-13 15:15:40 - [TEST_STEP][PASSED] - setText: Text '123' is set on object 'Object Repository/Page_BugsUI login/input_form-control ng-untouche'

2018-04-13 15:15:40 - [MESSAGE][PASSED] - Text '123' is set on object 'Object Repository/Page_BugsUI login/input_form-control ng-untouche'

2018-04-13 15:15:40 - [TEST_STEP][PASSED] - Statement - com.kms.katalon.core.webui.common.WebUiCommonHelper.findWebElement(com.kms.katalon.core.testobject.ObjectRepository.findTestObject(Page_BugsUI login/input_value_userid), 2).clear(): Found 1 web elements with id: 'Object Repository/Page_BugsUI login/input_value_userid' located by 'By.xpath: //input[@name = 'value_email' and @type = 'text' and @placeholder = 'Enter Your User Id']' in '2' second(s)

2018-04-13 15:15:41 - [TEST_STEP][PASSED] - click: Object: 'Object Repository/Page_BugsUI login/button_Login' is clicked on

2018-04-13 15:15:41 - [MESSAGE][PASSED] - Object: 'Object Repository/Page_BugsUI login/button_Login' is clicked on

2018-04-13 15:15:41 - [TEST_STEP][PASSED] - verifyElementText: Actual text and expected text of test object 'Object Repository/Page_BugsUI login/small_User Id is Required.' are matched.

2018-04-13 15:15:41 - [MESSAGE][PASSED] - Actual text and expected text of test object 'Object Repository/Page_BugsUI login/small_User Id is Required.' are matched.

2018-04-13 15:15:41 - [TEST_STEP][PASSED] - setText: Text 'knagendra-ext' is set on object 'Object Repository/Page_BugsUI login/input_value_userid'

2018-04-13 15:15:42 - [MESSAGE][PASSED] - Text 'knagendra-ext' is set on object 'Object Repository/Page_BugsUI login/input_value_userid'

2018-04-13 15:15:42 - [TEST_STEP][PASSED] - click: Object: 'Object Repository/Page_BugsUI login/button_Login' is clicked on

2018-04-13 15:15:42 - [MESSAGE][PASSED] - Object: 'Object Repository/Page_BugsUI login/button_Login' is clicked on

2018-04-13 15:15:42 - [TEST_STEP][PASSED] - delay: Delayed 3 second(s)

2018-04-13 15:15:45 - [MESSAGE][PASSED] - Delayed 3 second(s)

2018-04-13 15:15:45 - [TEST_STEP][PASSED] - Statement - If (com.kms.katalon.core.webui.keyword.WebUiBuiltInKeywords.verifyElementPresent(com.kms.katalon.core.testobject.ObjectRepository.findTestObject(Page_BugsUI login/small_Invalid User IdPassword), 0)): Actual text 'Invalid User Id/Password !!' and expected text 'Invalid User Id/Password !!' are matched 

2018-04-13 15:15:45 - [MESSAGE][WARNING] - Timeout '0' is invalid. Using default page load timeout: '30'

2018-04-13 15:15:45 - [MESSAGE][PASSED] - Object 'Object Repository/Page_BugsUI login/small_Invalid User IdPassword' is present

2018-04-13 15:15:45 - [TEST_STEP][PASSED] - Statement - text = com.kms.katalon.core.webui.keyword.WebUiBuiltInKeywords.getText(com.kms.katalon.core.testobject.ObjectRepository.findTestObject(Page_BugsUI login/small_Invalid User IdPassword)): Text of object 'Object Repository/Page_BugsUI login/small_Invalid User IdPassword' is: 'Invalid User Id/Password !!'

2018-04-13 15:15:45 - [MESSAGE][PASSED] - Text of object 'Object Repository/Page_BugsUI login/small_Invalid User IdPassword' is: 'Invalid User Id/Password !!'

2018-04-13 15:15:45 - [TEST_STEP][PASSED] - verifyMatch: Actual text 'Invalid User Id/Password !!' and expected text 'Invalid User Id/Password !!' are matched 

2018-04-13 15:15:45 - [MESSAGE][PASSED] - Actual text 'Invalid User Id/Password !!' and expected text 'Invalid User Id/Password !!' are matched 

2018-04-13 15:15:45 - [TEST_STEP][PASSED] - closeBrowser: Browser is closed

2018-04-13 15:15:46 - [MESSAGE][PASSED] - Browser is closed]]></system-out>
         <system-err><![CDATA[]]></system-err>
      </testcase>
      <testcase name="Test Cases/Login_TestCases/ValidSuccessfulLogin" classname="Test Cases/Login_TestCases/ValidSuccessfulLogin" status="PASSED">
         <system-out><![CDATA[2018-04-13 15:15:46 - [TEST_CASE][PASSED] - Test Cases/Login_TestCases/ValidSuccessfulLogin: Test Cases/Login_TestCases/ValidSuccessfulLogin

2018-04-13 15:15:46 - [TEST_STEP][PASSED] - openBrowser: Browser is opened with url: ''

2018-04-13 15:15:47 - [MESSAGE][PASSED] - Browser is opened with url: ''

2018-04-13 15:15:47 - [TEST_STEP][PASSED] - navigateToUrl: Navigate to 'https://bugzilla-ui/' successfully

2018-04-13 15:15:51 - [MESSAGE][PASSED] - Navigate to 'https://bugzilla-ui/' successfully

2018-04-13 15:15:51 - [TEST_STEP][PASSED] - setText: Text 'knagendra-ext' is set on object 'Object Repository/Page_BugsUI login/input_value_userid'

2018-04-13 15:15:53 - [MESSAGE][PASSED] - Text 'knagendra-ext' is set on object 'Object Repository/Page_BugsUI login/input_value_userid'

2018-04-13 15:15:53 - [TEST_STEP][PASSED] - setText: Text 'Kumar@123' is set on object 'Object Repository/Page_BugsUI login/input_form-control ng-untouche'

2018-04-13 15:15:54 - [MESSAGE][PASSED] - Text 'Kumar@123' is set on object 'Object Repository/Page_BugsUI login/input_form-control ng-untouche'

2018-04-13 15:15:54 - [TEST_STEP][PASSED] - click: Object: 'Object Repository/Page_BugsUI login/button_Login' is clicked on

2018-04-13 15:15:54 - [MESSAGE][PASSED] - Object: 'Object Repository/Page_BugsUI login/button_Login' is clicked on

2018-04-13 15:15:54 - [TEST_STEP][PASSED] - verifyElementAttributeValue: Object 'Object Repository/Page_BugsUI login/a_BugsUI' has attribute 'text' with value 'BugsUI '

2018-04-13 15:15:54 - [MESSAGE][PASSED] - Object 'Object Repository/Page_BugsUI login/a_BugsUI' has attribute 'text' with value 'BugsUI '

2018-04-13 15:15:54 - [TEST_STEP][PASSED] - closeBrowser: Browser is closed

2018-04-13 15:15:55 - [MESSAGE][PASSED] - Browser is closed]]></system-out>
         <system-err><![CDATA[]]></system-err>
      </testcase>
      <testcase name="Test Cases/Login_TestCases/Login using ENTER keyword" classname="Test Cases/Login_TestCases/Login using ENTER keyword" status="PASSED">
         <system-out><![CDATA[2018-04-13 15:15:55 - [TEST_CASE][PASSED] - Test Cases/Login_TestCases/Login using ENTER keyword: Test Cases/Login_TestCases/Login using ENTER keyword

2018-04-13 15:15:55 - [TEST_STEP][PASSED] - openBrowser: Browser is opened with url: ''

2018-04-13 15:15:56 - [MESSAGE][PASSED] - Browser is opened with url: ''

2018-04-13 15:15:56 - [TEST_STEP][PASSED] - navigateToUrl: Navigate to 'https://bugzilla-ui/' successfully

2018-04-13 15:16:01 - [MESSAGE][PASSED] - Navigate to 'https://bugzilla-ui/' successfully

2018-04-13 15:16:01 - [TEST_STEP][PASSED] - setText: Text 'knagendra-ext' is set on object 'Object Repository/Page_BugsUI login/input_value_userid'

2018-04-13 15:16:03 - [MESSAGE][PASSED] - Text 'knagendra-ext' is set on object 'Object Repository/Page_BugsUI login/input_value_userid'

2018-04-13 15:16:03 - [TEST_STEP][PASSED] - setText: Text 'Kumar@123' is set on object 'Object Repository/Page_BugsUI login/input_form-control ng-untouche'

2018-04-13 15:16:03 - [MESSAGE][PASSED] - Text 'Kumar@123' is set on object 'Object Repository/Page_BugsUI login/input_form-control ng-untouche'

2018-04-13 15:16:03 - [TEST_STEP][PASSED] - sendKeys: Keys 'ENTER + ' sent to object: 'Object Repository/Page_BugsUI login/input_form-control ng-untouche'

2018-04-13 15:16:04 - [MESSAGE][PASSED] - Keys 'ENTER + ' sent to object: 'Object Repository/Page_BugsUI login/input_form-control ng-untouche'

2018-04-13 15:16:04 - [TEST_STEP][PASSED] - verifyElementAttributeValue: Object 'Object Repository/Page_BugsUI login/a_BugsUI' has attribute 'text' with value 'BugsUI '

2018-04-13 15:16:04 - [MESSAGE][PASSED] - Object 'Object Repository/Page_BugsUI login/a_BugsUI' has attribute 'text' with value 'BugsUI '

2018-04-13 15:16:04 - [TEST_STEP][PASSED] - closeBrowser: Browser is closed

2018-04-13 15:16:04 - [MESSAGE][PASSED] - Browser is closed]]></system-out>
         <system-err><![CDATA[]]></system-err>
      </testcase>
      <system-out><![CDATA[2018-04-13 15:15:17 - [TEST_SUITE][PASSED] - LoginScenarios: Test Cases/Login_TestCases/Login using ENTER keyword]]></system-out>
      <system-err><![CDATA[]]></system-err>
   </testsuite>
</testsuites>
