<?xml version="1.0" encoding="UTF-8"?>
<testsuites name="ProductEditScenarios" time="83" tests="2" failures="0" errors="0">
   <testsuite name="ProductEditScenarios" tests="2" failures="0" errors="0" time="83" timestamp="2018-03-13 15:03:58" hostname="Kumar.nagendra - HMECL000103.happiestminds.com" id="Test Suites/ProductEditScenarios">
      <properties>
         <property name="deviceName" value=""/>
         <property name="devicePlatform" value=""/>
         <property name="logFolder" value="D:\\Arista-Bugzila Project\\BugzillaUI-Automation\\Reports\\ProductEditScenarios\\20180313_150356"/>
         <property name="logFiles" value="D:\\Arista-Bugzila Project\\BugzillaUI-Automation\\Reports\\ProductEditScenarios\\20180313_150356\\execution0.log"/>
         <property name="attachments" value=""/>
         <property name="hostName" value="Kumar.nagendra - HMECL000103.happiestminds.com"/>
         <property name="os" value="Windows 10 64bit"/>
         <property name="katalonVersion" value="5.3.0.1"/>
         <property name="browser" value="Chrome 64.0.3282.186"/>
         <property name="hostAddress" value="10.95.79.244"/>
         <property name="sessionId" value="32a74224d78d5a75922ad6a5cdca315b"/>
         <property name="seleniumVersion" value="3.7.1"/>
         <property name="proxyInformation" value="ProxyInformation{proxyOption=NO_PROXY, proxyServerType=HTTP, password=, proxyServerAddress=, proxyServerPort=0}"/>
         <property name="platform" value="Windows 10"/>
      </properties>
      <testcase name="Test Cases/ProductEdit_TestCases/VerifyProductEditPageLoads" classname="Test Cases/ProductEdit_TestCases/VerifyProductEditPageLoads" status="PASSED">
         <system-out><![CDATA[2018-03-13 15:03:58 - [TEST_CASE][PASSED] - Test Cases/ProductEdit_TestCases/VerifyProductEditPageLoads: Test Cases/ProductEdit_TestCases/VerifyProductEditPageLoads

2018-03-13 15:03:59 - [TEST_STEP][PASSED] - openBrowser: Browser is opened with url: ''

2018-03-13 15:04:03 - [MESSAGE][PASSED] - Browser is opened with url: ''

2018-03-13 15:04:03 - [TEST_STEP][PASSED] - navigateToUrl: Navigate to 'https://bugzilla-ui' successfully

2018-03-13 15:04:40 - [MESSAGE][PASSED] - Navigate to 'https://bugzilla-ui' successfully

2018-03-13 15:04:40 - [TEST_STEP][PASSED] - setText: Text 'knagendra-ext' is set on object 'Object Repository/Page_BugsUI login/input_value_userid'

2018-03-13 15:04:46 - [MESSAGE][PASSED] - Text 'knagendra-ext' is set on object 'Object Repository/Page_BugsUI login/input_value_userid'

2018-03-13 15:04:46 - [TEST_STEP][PASSED] - setText: Text 'Tumkur@123' is set on object 'Object Repository/Page_BugsUI login/input_form-control ng-untouche'

2018-03-13 15:04:46 - [MESSAGE][PASSED] - Text 'Tumkur@123' is set on object 'Object Repository/Page_BugsUI login/input_form-control ng-untouche'

2018-03-13 15:04:46 - [TEST_STEP][PASSED] - click: Object: 'Object Repository/Page_BugsUI login/button_Login' is clicked on

2018-03-13 15:04:47 - [MESSAGE][PASSED] - Object: 'Object Repository/Page_BugsUI login/button_Login' is clicked on

2018-03-13 15:04:47 - [TEST_STEP][PASSED] - verifyElementAttributeValue: Object 'Object Repository/Page_BugsUI login/a_BugsUI' has attribute 'text' with value 'BugsUI '

2018-03-13 15:04:47 - [MESSAGE][PASSED] - Object 'Object Repository/Page_BugsUI login/a_BugsUI' has attribute 'text' with value 'BugsUI '

2018-03-13 15:04:47 - [TEST_STEP][PASSED] - Statement - productEditTabVisible = com.kms.katalon.core.webui.keyword.WebUiBuiltInKeywords.verifyElementVisible(com.kms.katalon.core.testobject.ObjectRepository.findTestObject(Page_BugsUI Dashboard/a_Product)): Object 'Object Repository/Page_BugsUI Dashboard/a_Product' is visible

2018-03-13 15:04:47 - [MESSAGE][PASSED] - Object 'Object Repository/Page_BugsUI Dashboard/a_Product' is visible

2018-03-13 15:04:47 - [TEST_STEP][PASSED] - delay: Delayed 2 second(s)

2018-03-13 15:04:49 - [MESSAGE][PASSED] - Delayed 2 second(s)

2018-03-13 15:04:49 - [TEST_STEP][PASSED] - Statement - If (productEditTabVisible): Object: 'Object Repository/Page_BugsUI Dashboard/a_EDIT' is clicked on

2018-03-13 15:04:49 - [TEST_STEP][PASSED] - click: Object: 'Object Repository/Page_BugsUI Dashboard/a_Product' is clicked on

2018-03-13 15:04:49 - [MESSAGE][PASSED] - Object: 'Object Repository/Page_BugsUI Dashboard/a_Product' is clicked on

2018-03-13 15:04:49 - [TEST_STEP][PASSED] - click: Object: 'Object Repository/Page_BugsUI Dashboard/a_EDIT' is clicked on

2018-03-13 15:04:49 - [MESSAGE][PASSED] - Object: 'Object Repository/Page_BugsUI Dashboard/a_EDIT' is clicked on

2018-03-13 15:04:49 - [TEST_STEP][PASSED] - delay: Delayed 2 second(s)

2018-03-13 15:04:51 - [MESSAGE][PASSED] - Delayed 2 second(s)

2018-03-13 15:04:51 - [TEST_STEP][PASSED] - verifyElementText: Actual text and expected text of test object 'Object Repository/Page_BugsUI productEdit/h2_Edit Product' are matched.

2018-03-13 15:04:51 - [MESSAGE][PASSED] - Actual text and expected text of test object 'Object Repository/Page_BugsUI productEdit/h2_Edit Product' are matched.

2018-03-13 15:04:51 - [TEST_STEP][PASSED] - delay: Delayed 2 second(s)

2018-03-13 15:04:53 - [MESSAGE][PASSED] - Delayed 2 second(s)]]></system-out>
         <system-err><![CDATA[]]></system-err>
      </testcase>
      <testcase name="Test Cases/ProductEdit_TestCases/VerifyProductName_Description_isEdited_and_updated" classname="Test Cases/ProductEdit_TestCases/VerifyProductName_Description_isEdited_and_updated" status="PASSED">
         <system-out><![CDATA[2018-03-13 15:04:53 - [TEST_CASE][PASSED] - Test Cases/ProductEdit_TestCases/VerifyProductName_Description_isEdited_and_updated: Test Cases/ProductEdit_TestCases/VerifyProductName_Description_isEdited_and_updated

2018-03-13 15:04:53 - [TEST_STEP][PASSED] - selectOptionByLabel: All options with label 'Software' are selected in object 'Object Repository/Page_BugsUI productEdit/classificationDropdown' 

2018-03-13 15:04:54 - [MESSAGE][PASSED] - All options with label 'Software' are selected in object 'Object Repository/Page_BugsUI productEdit/classificationDropdown' 

2018-03-13 15:04:54 - [TEST_STEP][PASSED] - delay: Delayed 15 second(s)

2018-03-13 15:05:09 - [MESSAGE][PASSED] - Delayed 15 second(s)

2018-03-13 15:05:09 - [TEST_STEP][PASSED] - selectOptionByLabel: All options with label 'TestProduct_Automation' are selected in object 'Object Repository/Page_BugsUI productEdit/packageDropdown' 

2018-03-13 15:05:09 - [MESSAGE][PASSED] - All options with label 'TestProduct_Automation' are selected in object 'Object Repository/Page_BugsUI productEdit/packageDropdown' 

2018-03-13 15:05:09 - [TEST_STEP][PASSED] - delay: Delayed 2 second(s)

2018-03-13 15:05:11 - [MESSAGE][PASSED] - Delayed 2 second(s)

2018-03-13 15:05:11 - [TEST_STEP][PASSED] - newKey.ClearFields.ClearTextField: newKey.ClearFields.ClearTextField is PASSED

2018-03-13 15:05:11 - [MESSAGE][PASSED] - Keys 'CONTROL + a' sent to object: 'Object Repository/Page_BugsUI productEdit/textarea_productDescription_ed'

2018-03-13 15:05:11 - [MESSAGE][PASSED] - Keys 'DELETE + ' sent to object: 'Object Repository/Page_BugsUI productEdit/textarea_productDescription_ed'

2018-03-13 15:05:11 - [MESSAGE][PASSED] - newKey.ClearFields.ClearTextField is PASSED

2018-03-13 15:05:11 - [TEST_STEP][PASSED] - setText: Text 'test auto desc' is set on object 'Object Repository/Page_BugsUI productEdit/textarea_productDescription_ed'

2018-03-13 15:05:11 - [MESSAGE][PASSED] - Text 'test auto desc' is set on object 'Object Repository/Page_BugsUI productEdit/textarea_productDescription_ed'

2018-03-13 15:05:11 - [TEST_STEP][PASSED] - click: Object: 'Object Repository/Page_BugsUI productEdit/button_Update' is clicked on

2018-03-13 15:05:11 - [MESSAGE][PASSED] - Object: 'Object Repository/Page_BugsUI productEdit/button_Update' is clicked on

2018-03-13 15:05:11 - [TEST_STEP][PASSED] - verifyElementPresent: Object 'Object Repository/Page_BugsUI productEdit/div_Successfully updated the p' is present

2018-03-13 15:05:13 - [MESSAGE][PASSED] - Object 'Object Repository/Page_BugsUI productEdit/div_Successfully updated the p' is present

2018-03-13 15:05:13 - [TEST_STEP][PASSED] - Statement - successfulUpdateMessage = com.kms.katalon.core.webui.keyword.WebUiBuiltInKeywords.getText(com.kms.katalon.core.testobject.ObjectRepository.findTestObject(Page_BugsUI productEdit/div_Successfully updated the p)): Text of object 'Object Repository/Page_BugsUI productEdit/div_Successfully updated the p' is: 'Successfully updated the product "TestProduct_Automation"!!!'

2018-03-13 15:05:13 - [MESSAGE][PASSED] - Text of object 'Object Repository/Page_BugsUI productEdit/div_Successfully updated the p' is: 'Successfully updated the product "TestProduct_Automation"!!!'

2018-03-13 15:05:13 - [TEST_STEP][PASSED] - Statement - println("------Selected default package value------:" + successfulUpdateMessage): null

2018-03-13 15:05:13 - [TEST_STEP][PASSED] - verifyEqual: Actual object 'Successfully updated the product "TestProduct_Automation"!!!' and expected object 'Successfully updated the product "TestProduct_Automation"!!!' are equal

2018-03-13 15:05:13 - [MESSAGE][PASSED] - Actual object 'Successfully updated the product "TestProduct_Automation"!!!' and expected object 'Successfully updated the product "TestProduct_Automation"!!!' are equal]]></system-out>
         <system-err><![CDATA[]]></system-err>
      </testcase>
      <system-out><![CDATA[2018-03-13 15:03:58 - [TEST_SUITE][PASSED] - ProductEditScenarios: Test Cases/ProductEdit_TestCases/VerifyProductName_Description_isEdited_and_updated]]></system-out>
      <system-err><![CDATA[]]></system-err>
   </testsuite>
</testsuites>
