<?xml version="1.0" encoding="UTF-8"?>
<testsuites name="SearchScenarios" time="55" tests="3" failures="0" errors="0">
   <testsuite name="SearchScenarios" tests="3" failures="0" errors="0" time="55" timestamp="2018-05-29 12:11:55" hostname="Kumar.nagendra - HMECL001948.happiestminds.com" id="Test Suites/SearchScenarios">
      <properties>
         <property name="deviceName" value=""/>
         <property name="devicePlatform" value=""/>
         <property name="logFolder" value="C:\\Arista-Bugzila Project\\BugzillaUI-Automation\\Reports\\SearchScenarios\\20180529_121153"/>
         <property name="logFiles" value="C:\\Arista-Bugzila Project\\BugzillaUI-Automation\\Reports\\SearchScenarios\\20180529_121153\\execution0.log"/>
         <property name="attachments" value=""/>
         <property name="hostName" value="Kumar.nagendra - HMECL001948.happiestminds.com"/>
         <property name="os" value="Windows 10 64bit"/>
         <property name="katalonVersion" value="5.3.0.1"/>
         <property name="browser" value="Chrome 66.0.3359.181"/>
         <property name="hostAddress" value="10.95.75.194"/>
         <property name="sessionId" value="7b3af9278eef2d79f184405088d9373c"/>
         <property name="seleniumVersion" value="3.7.1"/>
         <property name="proxyInformation" value="ProxyInformation{proxyOption=NO_PROXY, proxyServerType=HTTP, password=, proxyServerAddress=, proxyServerPort=0}"/>
         <property name="platform" value="Windows 10"/>
      </properties>
      <testcase name="Test Cases/Search_TestCases/VerifySearchPageLoads" classname="Test Cases/Search_TestCases/VerifySearchPageLoads" status="PASSED">
         <system-out><![CDATA[2018-05-29 12:11:56 - [TEST_CASE][PASSED] - Test Cases/Search_TestCases/VerifySearchPageLoads: Test Cases/Search_TestCases/VerifySearchPageLoads

2018-05-29 12:11:56 - [TEST_STEP][PASSED] - openBrowser: Browser is opened with url: ''

2018-05-29 12:11:59 - [MESSAGE][PASSED] - Browser is opened with url: ''

2018-05-29 12:11:59 - [TEST_STEP][PASSED] - navigateToUrl: Navigate to 'http://bugzilla-ui.staging.kube.sw-infra.sjc.aristanetworks.com/login' successfully

2018-05-29 12:12:05 - [MESSAGE][PASSED] - Navigate to 'http://bugzilla-ui.staging.kube.sw-infra.sjc.aristanetworks.com/login' successfully

2018-05-29 12:12:05 - [TEST_STEP][PASSED] - maximizeWindow: Current window maximized

2018-05-29 12:12:05 - [MESSAGE][PASSED] - Current window maximized

2018-05-29 12:12:05 - [TEST_STEP][PASSED] - setText: Text 'knagendra-ext' is set on object 'Object Repository/Page_BugsUI login/input_value_userid'

2018-05-29 12:12:06 - [MESSAGE][PASSED] - Text 'knagendra-ext' is set on object 'Object Repository/Page_BugsUI login/input_value_userid'

2018-05-29 12:12:06 - [TEST_STEP][PASSED] - setText: Text 'Tumkur@123' is set on object 'Object Repository/Page_BugsUI login/input_form-control ng-untouche'

2018-05-29 12:12:07 - [MESSAGE][PASSED] - Text 'Tumkur@123' is set on object 'Object Repository/Page_BugsUI login/input_form-control ng-untouche'

2018-05-29 12:12:07 - [TEST_STEP][PASSED] - click: Object: 'Object Repository/Page_BugsUI login/button_Login' is clicked on

2018-05-29 12:12:07 - [MESSAGE][PASSED] - Object: 'Object Repository/Page_BugsUI login/button_Login' is clicked on

2018-05-29 12:12:07 - [TEST_STEP][PASSED] - verifyElementAttributeValue: Object 'Object Repository/Page_BugsUI login/a_BugsUI' has attribute 'text' with value 'BugsUI '

2018-05-29 12:12:08 - [MESSAGE][PASSED] - Object 'Object Repository/Page_BugsUI login/a_BugsUI' has attribute 'text' with value 'BugsUI '

2018-05-29 12:12:08 - [TEST_STEP][PASSED] - delay: Delayed 2 second(s)

2018-05-29 12:12:10 - [MESSAGE][PASSED] - Delayed 2 second(s)

2018-05-29 12:12:10 - [TEST_STEP][PASSED] - Statement - If (com.kms.katalon.core.webui.keyword.WebUiBuiltInKeywords.verifyElementVisible(com.kms.katalon.core.testobject.ObjectRepository.findTestObject(Page_BugsUI Dashboard/a_Search))): Object: 'Object Repository/Page_BugsUI Dashboard/a_Search' is clicked on

2018-05-29 12:12:10 - [MESSAGE][PASSED] - Object 'Object Repository/Page_BugsUI Dashboard/a_Search' is visible

2018-05-29 12:12:10 - [TEST_STEP][PASSED] - click: Object: 'Object Repository/Page_BugsUI Dashboard/a_Search' is clicked on

2018-05-29 12:12:10 - [MESSAGE][PASSED] - Object: 'Object Repository/Page_BugsUI Dashboard/a_Search' is clicked on

2018-05-29 12:12:10 - [TEST_STEP][PASSED] - delay: Delayed 5 second(s)

2018-05-29 12:12:15 - [MESSAGE][PASSED] - Delayed 5 second(s)

2018-05-29 12:12:15 - [TEST_STEP][PASSED] - verifyElementText: Actual text and expected text of test object 'Object Repository/Page_BugsUI Search/h3_Search Parameters' are matched.

2018-05-29 12:12:15 - [MESSAGE][PASSED] - Actual text and expected text of test object 'Object Repository/Page_BugsUI Search/h3_Search Parameters' are matched.

2018-05-29 12:12:15 - [TEST_STEP][PASSED] - delay: Delayed 5 second(s)

2018-05-29 12:12:20 - [MESSAGE][PASSED] - Delayed 5 second(s)]]></system-out>
         <system-err><![CDATA[]]></system-err>
      </testcase>
      <testcase name="Test Cases/Search_TestCases/Search_With_PackageOnly" classname="Test Cases/Search_TestCases/Search_With_PackageOnly" status="PASSED">
         <system-out><![CDATA[2018-05-29 12:12:20 - [TEST_CASE][PASSED] - Test Cases/Search_TestCases/Search_With_PackageOnly: Test Cases/Search_TestCases/Search_With_PackageOnly

2018-05-29 12:12:21 - [TEST_STEP][PASSED] - Statement - If (com.kms.katalon.core.webui.keyword.WebUiBuiltInKeywords.verifyElementPresent(com.kms.katalon.core.testobject.ObjectRepository.findTestObject(Page_BugsUI Search/button_Package), 0)): Object: 'Object Repository/Page_BugsUI Search/button_Package' is clicked on

2018-05-29 12:12:21 - [MESSAGE][WARNING] - Timeout '0' is invalid. Using default page load timeout: '30'

2018-05-29 12:12:21 - [MESSAGE][PASSED] - Object 'Object Repository/Page_BugsUI Search/button_Package' is present

2018-05-29 12:12:21 - [TEST_STEP][PASSED] - click: Object: 'Object Repository/Page_BugsUI Search/button_Package' is clicked on

2018-05-29 12:12:24 - [MESSAGE][PASSED] - Object: 'Object Repository/Page_BugsUI Search/button_Package' is clicked on

2018-05-29 12:12:24 - [TEST_STEP][PASSED] - delay: Delayed 6 second(s)

2018-05-29 12:12:30 - [MESSAGE][PASSED] - Delayed 6 second(s)

2018-05-29 12:12:30 - [TEST_STEP][PASSED] - Statement - If (com.kms.katalon.core.webui.keyword.WebUiBuiltInKeywords.verifyElementPresent(com.kms.katalon.core.testobject.ObjectRepository.findTestObject(Page_BugsUI Search/input_form-control searchField), 5)): Object: 'Object Repository/Page_BugsUI Search/a_BugsUITest' is clicked on

2018-05-29 12:12:31 - [MESSAGE][PASSED] - Object 'Object Repository/Page_BugsUI Search/input_form-control searchField' is present

2018-05-29 12:12:31 - [TEST_STEP][PASSED] - setText: Text 'bugsuitest' is set on object 'Object Repository/Page_BugsUI Search/input_form-control searchField'

2018-05-29 12:12:32 - [MESSAGE][PASSED] - Text 'bugsuitest' is set on object 'Object Repository/Page_BugsUI Search/input_form-control searchField'

2018-05-29 12:12:32 - [TEST_STEP][PASSED] - Statement - If (com.kms.katalon.core.webui.keyword.WebUiBuiltInKeywords.verifyElementPresent(com.kms.katalon.core.testobject.ObjectRepository.findTestObject(Page_BugsUI Search/a_BugsUITest), 0)): Object: 'Object Repository/Page_BugsUI Search/a_BugsUITest' is clicked on

2018-05-29 12:12:32 - [MESSAGE][WARNING] - Timeout '0' is invalid. Using default page load timeout: '30'

2018-05-29 12:12:32 - [MESSAGE][PASSED] - Object 'Object Repository/Page_BugsUI Search/a_BugsUITest' is present

2018-05-29 12:12:32 - [TEST_STEP][PASSED] - click: Object: 'Object Repository/Page_BugsUI Search/a_BugsUITest' is clicked on

2018-05-29 12:12:32 - [MESSAGE][PASSED] - Object: 'Object Repository/Page_BugsUI Search/a_BugsUITest' is clicked on

2018-05-29 12:12:32 - [TEST_STEP][PASSED] - delay: Delayed 3 second(s)

2018-05-29 12:12:35 - [MESSAGE][PASSED] - Delayed 3 second(s)

2018-05-29 12:12:35 - [TEST_STEP][PASSED] - click: Object: 'Object Repository/Page_BugsUI Search/button_Search' is clicked on

2018-05-29 12:12:36 - [MESSAGE][PASSED] - Object: 'Object Repository/Page_BugsUI Search/button_Search' is clicked on

2018-05-29 12:12:36 - [TEST_STEP][PASSED] - delay: Delayed 5 second(s)

2018-05-29 12:12:41 - [MESSAGE][PASSED] - Delayed 5 second(s)

2018-05-29 12:12:41 - [TEST_STEP][PASSED] - verifyElementPresent: Object 'Object Repository/Page_BugsUI Search/h3_ResultFound' is present

2018-05-29 12:12:41 - [MESSAGE][WARNING] - Timeout '0' is invalid. Using default page load timeout: '30'

2018-05-29 12:12:41 - [MESSAGE][PASSED] - Object 'Object Repository/Page_BugsUI Search/h3_ResultFound' is present

2018-05-29 12:12:41 - [TEST_STEP][PASSED] - Statement - resultFoundText = com.kms.katalon.core.webui.keyword.WebUiBuiltInKeywords.getText(com.kms.katalon.core.testobject.ObjectRepository.findTestObject(Page_BugsUI Search/h3_ResultFound)): Text of object 'Object Repository/Page_BugsUI Search/h3_ResultFound' is: 'Result : 136 Bugs found'

2018-05-29 12:12:41 - [MESSAGE][PASSED] - Text of object 'Object Repository/Page_BugsUI Search/h3_ResultFound' is: 'Result : 136 Bugs found'

2018-05-29 12:12:41 - [TEST_STEP][PASSED] - Statement - If (resultFoundText.contains("Result :") && resultFoundText.contains("Bugs found")): null

2018-05-29 12:12:41 - [TEST_STEP][PASSED] - Statement - assert true: null

2018-05-29 12:12:41 - [TEST_STEP][PASSED] - verifyElementPresent: Object 'Object Repository/Page_BugsUI Search/div_searchResult' is present

2018-05-29 12:12:41 - [MESSAGE][WARNING] - Timeout '0' is invalid. Using default page load timeout: '30'

2018-05-29 12:12:41 - [MESSAGE][PASSED] - Object 'Object Repository/Page_BugsUI Search/div_searchResult' is present]]></system-out>
         <system-err><![CDATA[]]></system-err>
      </testcase>
      <testcase name="Test Cases/Search_TestCases/Verify_searchResult_bugId_clickable" classname="Test Cases/Search_TestCases/Verify_searchResult_bugId_clickable" status="PASSED">
         <system-out><![CDATA[2018-05-29 12:12:41 - [TEST_CASE][PASSED] - Test Cases/Search_TestCases/Verify_searchResult_bugId_clickable: Test Cases/Search_TestCases/Verify_searchResult_bugId_clickable

2018-05-29 12:12:41 - [TEST_STEP][PASSED] - Statement - idNumber = <not implemented yet for class: org.codehaus.groovy.ast.expr.EmptyExpression>: null

2018-05-29 12:12:41 - [TEST_STEP][PASSED] - Statement - If (com.kms.katalon.core.webui.keyword.WebUiBuiltInKeywords.verifyElementPresent(com.kms.katalon.core.testobject.ObjectRepository.findTestObject(Page_BugsUI Search/searchResult_1st_ID), 0)): Object: 'Object Repository/Page_BugsUI Search/searchResult_1st_ID' is clicked on

2018-05-29 12:12:41 - [MESSAGE][WARNING] - Timeout '0' is invalid. Using default page load timeout: '30'

2018-05-29 12:12:41 - [MESSAGE][PASSED] - Object 'Object Repository/Page_BugsUI Search/searchResult_1st_ID' is present

2018-05-29 12:12:41 - [TEST_STEP][PASSED] - Statement - idNumber = com.kms.katalon.core.webui.keyword.WebUiBuiltInKeywords.getText(com.kms.katalon.core.testobject.ObjectRepository.findTestObject(Page_BugsUI Search/searchResult_1st_ID)): Text of object 'Object Repository/Page_BugsUI Search/searchResult_1st_ID' is: '254888'

2018-05-29 12:12:41 - [MESSAGE][PASSED] - Text of object 'Object Repository/Page_BugsUI Search/searchResult_1st_ID' is: '254888'

2018-05-29 12:12:41 - [TEST_STEP][PASSED] - Statement - println("Id is---" + idNumber): null

2018-05-29 12:12:41 - [TEST_STEP][PASSED] - click: Object: 'Object Repository/Page_BugsUI Search/searchResult_1st_ID' is clicked on

2018-05-29 12:12:45 - [MESSAGE][PASSED] - Object: 'Object Repository/Page_BugsUI Search/searchResult_1st_ID' is clicked on

2018-05-29 12:12:45 - [TEST_STEP][PASSED] - delay: Delayed 4 second(s)

2018-05-29 12:12:49 - [MESSAGE][PASSED] - Delayed 4 second(s)

2018-05-29 12:12:49 - [TEST_STEP][PASSED] - verifyElementPresent: Object 'Object Repository/Page_BugsUI BugID page/div_BugID_NO' is present

2018-05-29 12:12:49 - [MESSAGE][WARNING] - Timeout '0' is invalid. Using default page load timeout: '30'

2018-05-29 12:12:49 - [MESSAGE][PASSED] - Object 'Object Repository/Page_BugsUI BugID page/div_BugID_NO' is present

2018-05-29 12:12:49 - [TEST_STEP][PASSED] - Statement - bugId = com.kms.katalon.core.webui.keyword.WebUiBuiltInKeywords.getText(com.kms.katalon.core.testobject.ObjectRepository.findTestObject(Page_BugsUI BugID page/div_BugID_NO)): Text of object 'Object Repository/Page_BugsUI BugID page/div_BugID_NO' is: 'Bug# 254888 :'

2018-05-29 12:12:49 - [MESSAGE][PASSED] - Text of object 'Object Repository/Page_BugsUI BugID page/div_BugID_NO' is: 'Bug# 254888 :'

2018-05-29 12:12:49 - [TEST_STEP][PASSED] - Statement - println("BUGID is---" + bugId): null

2018-05-29 12:12:49 - [TEST_STEP][PASSED] - Statement - If (bugId.contains(idNumber)): null

2018-05-29 12:12:49 - [TEST_STEP][PASSED] - Statement - assert true: null]]></system-out>
         <system-err><![CDATA[]]></system-err>
      </testcase>
      <system-out><![CDATA[2018-05-29 12:11:55 - [TEST_SUITE][PASSED] - SearchScenarios: Test Cases/Search_TestCases/Verify_searchResult_bugId_clickable]]></system-out>
      <system-err><![CDATA[]]></system-err>
   </testsuite>
</testsuites>
