<?xml version="1.0" encoding="UTF-8"?>
<testsuites name="ProductEditScenarios" time="73" tests="1" failures="1" errors="0">
   <testsuite name="ProductEditScenarios" tests="1" failures="1" errors="0" time="73" timestamp="2018-05-28 13:42:42" hostname="Kumar.nagendra - HMECL001948.happiestminds.com" id="Test Suites/ProductEditScenarios">
      <properties>
         <property name="deviceName" value=""/>
         <property name="devicePlatform" value=""/>
         <property name="logFolder" value="C:\\Arista-Bugzila Project\\BugzillaUI-Automation\\Reports\\ProductEditScenarios\\20180528_134240"/>
         <property name="logFiles" value="C:\\Arista-Bugzila Project\\BugzillaUI-Automation\\Reports\\ProductEditScenarios\\20180528_134240\\execution0.log"/>
         <property name="attachments" value="C:\\Arista-Bugzila Project\\BugzillaUI-Automation\\Reports\\ProductEditScenarios\\20180528_134240\\1527495234534.png, C:\\Arista-Bugzila Project\\BugzillaUI-Automation\\Reports\\ProductEditScenarios\\20180528_134240\\1527495234928.png"/>
         <property name="hostName" value="Kumar.nagendra - HMECL001948.happiestminds.com"/>
         <property name="os" value="Windows 10 64bit"/>
         <property name="katalonVersion" value="5.3.0.1"/>
         <property name="browser" value="Chrome 66.0.3359.181"/>
         <property name="hostAddress" value="10.95.75.194"/>
         <property name="sessionId" value="33f95f2c3dae1f8a421b374ae6e12c29"/>
         <property name="seleniumVersion" value="3.7.1"/>
         <property name="proxyInformation" value="ProxyInformation{proxyOption=NO_PROXY, proxyServerType=HTTP, password=, proxyServerAddress=, proxyServerPort=0}"/>
         <property name="platform" value="Windows 10"/>
      </properties>
      <testcase name="Test Cases/ProductEdit_TestCases/VerifyProductEditPageLoads" classname="Test Cases/ProductEdit_TestCases/VerifyProductEditPageLoads" status="PASSED">
         <system-out><![CDATA[2018-05-28 13:42:42 - [TEST_CASE][PASSED] - Test Cases/ProductEdit_TestCases/VerifyProductEditPageLoads: Test Cases/ProductEdit_TestCases/VerifyProductEditPageLoads

2018-05-28 13:42:43 - [TEST_STEP][PASSED] - openBrowser: Browser is opened with url: ''

2018-05-28 13:42:46 - [MESSAGE][PASSED] - Browser is opened with url: ''

2018-05-28 13:42:46 - [TEST_STEP][PASSED] - maximizeWindow: Current window maximized

2018-05-28 13:42:46 - [MESSAGE][PASSED] - Current window maximized

2018-05-28 13:42:46 - [TEST_STEP][PASSED] - navigateToUrl: Navigate to 'http://bugzilla-ui.staging.kube.sw-infra.sjc.aristanetworks.com/login' successfully

2018-05-28 13:42:51 - [MESSAGE][PASSED] - Navigate to 'http://bugzilla-ui.staging.kube.sw-infra.sjc.aristanetworks.com/login' successfully

2018-05-28 13:42:51 - [TEST_STEP][PASSED] - setText: Text 'knagendra-ext' is set on object 'Object Repository/Page_BugsUI login/input_value_userid'

2018-05-28 13:42:52 - [MESSAGE][PASSED] - Text 'knagendra-ext' is set on object 'Object Repository/Page_BugsUI login/input_value_userid'

2018-05-28 13:42:52 - [TEST_STEP][PASSED] - setText: Text 'Tumkur@123' is set on object 'Object Repository/Page_BugsUI login/input_form-control ng-untouche'

2018-05-28 13:42:53 - [MESSAGE][PASSED] - Text 'Tumkur@123' is set on object 'Object Repository/Page_BugsUI login/input_form-control ng-untouche'

2018-05-28 13:42:53 - [TEST_STEP][PASSED] - click: Object: 'Object Repository/Page_BugsUI login/button_Login' is clicked on

2018-05-28 13:42:54 - [MESSAGE][PASSED] - Object: 'Object Repository/Page_BugsUI login/button_Login' is clicked on

2018-05-28 13:42:54 - [TEST_STEP][PASSED] - verifyElementAttributeValue: Object 'Object Repository/Page_BugsUI login/a_BugsUI' has attribute 'text' with value 'BugsUI '

2018-05-28 13:42:54 - [MESSAGE][PASSED] - Object 'Object Repository/Page_BugsUI login/a_BugsUI' has attribute 'text' with value 'BugsUI '

2018-05-28 13:42:54 - [TEST_STEP][PASSED] - delay: Delayed 2 second(s)

2018-05-28 13:42:56 - [MESSAGE][PASSED] - Delayed 2 second(s)

2018-05-28 13:42:56 - [TEST_STEP][PASSED] - Statement - If (com.kms.katalon.core.webui.keyword.WebUiBuiltInKeywords.verifyElementVisible(com.kms.katalon.core.testobject.ObjectRepository.findTestObject(Page_BugsUI Dashboard/a_Product))): Object: 'Object Repository/Page_BugsUI Dashboard/a_EDIT' is clicked on

2018-05-28 13:42:56 - [MESSAGE][PASSED] - Object 'Object Repository/Page_BugsUI Dashboard/a_Product' is visible

2018-05-28 13:42:56 - [TEST_STEP][PASSED] - click: Object: 'Object Repository/Page_BugsUI Dashboard/a_Product' is clicked on

2018-05-28 13:42:56 - [MESSAGE][PASSED] - Object: 'Object Repository/Page_BugsUI Dashboard/a_Product' is clicked on

2018-05-28 13:42:56 - [TEST_STEP][PASSED] - click: Object: 'Object Repository/Page_BugsUI Dashboard/a_EDIT' is clicked on

2018-05-28 13:42:56 - [MESSAGE][PASSED] - Object: 'Object Repository/Page_BugsUI Dashboard/a_EDIT' is clicked on

2018-05-28 13:42:56 - [TEST_STEP][PASSED] - delay: Delayed 4 second(s)

2018-05-28 13:43:00 - [MESSAGE][PASSED] - Delayed 4 second(s)

2018-05-28 13:43:00 - [TEST_STEP][PASSED] - verifyElementText: Actual text and expected text of test object 'Object Repository/Page_BugsUI productEdit/h2_Edit Product' are matched.

2018-05-28 13:43:01 - [MESSAGE][PASSED] - Actual text and expected text of test object 'Object Repository/Page_BugsUI productEdit/h2_Edit Product' are matched.

2018-05-28 13:43:01 - [TEST_STEP][PASSED] - delay: Delayed 4 second(s)

2018-05-28 13:43:05 - [MESSAGE][PASSED] - Delayed 4 second(s)]]></system-out>
         <system-err><![CDATA[]]></system-err>
      </testcase>
      <testcase name="Test Cases/ProductEdit_TestCases/VerifyProductCanBeDeleted" classname="Test Cases/ProductEdit_TestCases/VerifyProductCanBeDeleted" status="FAILED">
         <failure type="FAILED" message="Unable to verify object 'Object Repository/Page_BugsUI productEdit/div_Successfully deleted the p' is present (Root cause: com.kms.katalon.core.webui.exception.WebElementNotFoundException: Web element with id: 'Object Repository/Page_BugsUI productEdit/div_Successfully deleted the p' located by 'By.xpath: /html[@class=&quot;ng-scope&quot;]/body[@class=&quot;skin-blue layout-top-nav&quot;]/div[@class=&quot;ng-toast ng-toast--right ng-toast--top&quot;]/ul[@class=&quot;ng-toast__list&quot;]/li[@class=&quot;ng-toast__message&quot;]/div[@class=&quot;alert alert-success&quot;][count(. | //div[(text() = 'Successfully deleted the product &quot;TestProduct_Automation&quot;!!!' or . = 'Successfully deleted the product &quot;TestProduct_Automation&quot;!!!')]) = count(//div[(text() = 'Successfully deleted the product &quot;TestProduct_Automation&quot;!!!' or . = 'Successfully deleted the product &quot;TestProduct_Automation&quot;!!!')])]' not found)"/>
         <system-out><![CDATA[2018-05-28 13:43:05 - [TEST_CASE][FAILED] - Test Cases/ProductEdit_TestCases/VerifyProductCanBeDeleted: Test Cases/ProductEdit_TestCases/VerifyProductCanBeDeleted FAILED because (of) Unable to verify object 'Object Repository/Page_BugsUI productEdit/div_Successfully deleted the p' is present (Root cause: com.kms.katalon.core.webui.exception.WebElementNotFoundException: Web element with id: 'Object Repository/Page_BugsUI productEdit/div_Successfully deleted the p' located by 'By.xpath: /html[@class="ng-scope"]/body[@class="skin-blue layout-top-nav"]/div[@class="ng-toast ng-toast--right ng-toast--top"]/ul[@class="ng-toast__list"]/li[@class="ng-toast__message"]/div[@class="alert alert-success"][count(. | //div[(text() = 'Successfully deleted the product "TestProduct_Automation"!!!' or . = 'Successfully deleted the product "TestProduct_Automation"!!!')]) = count(//div[(text() = 'Successfully deleted the product "TestProduct_Automation"!!!' or . = 'Successfully deleted the product "TestProduct_Automation"!!!')])]' not found)

2018-05-28 13:43:05 - [TEST_STEP][PASSED] - delay: Delayed 5 second(s)

2018-05-28 13:43:10 - [MESSAGE][PASSED] - Delayed 5 second(s)

2018-05-28 13:43:10 - [TEST_STEP][PASSED] - selectOptionByLabel: All options with label 'Software' are selected in object 'Object Repository/Page_BugsUI productEdit/classificationDropdown' 

2018-05-28 13:43:10 - [MESSAGE][PASSED] - All options with label 'Software' are selected in object 'Object Repository/Page_BugsUI productEdit/classificationDropdown' 

2018-05-28 13:43:10 - [TEST_STEP][PASSED] - delay: Delayed 25 second(s)

2018-05-28 13:43:35 - [MESSAGE][PASSED] - Delayed 25 second(s)

2018-05-28 13:43:35 - [TEST_STEP][PASSED] - selectOptionByLabel: All options with label 'TestProduct_Automation' are selected in object 'Object Repository/Page_BugsUI productEdit/packageDropdown' 

2018-05-28 13:43:36 - [MESSAGE][PASSED] - All options with label 'TestProduct_Automation' are selected in object 'Object Repository/Page_BugsUI productEdit/packageDropdown' 

2018-05-28 13:43:36 - [TEST_STEP][PASSED] - delay: Delayed 5 second(s)

2018-05-28 13:43:41 - [MESSAGE][PASSED] - Delayed 5 second(s)

2018-05-28 13:43:41 - [TEST_STEP][PASSED] - Statement - If (com.kms.katalon.core.webui.keyword.WebUiBuiltInKeywords.verifyElementPresent(com.kms.katalon.core.testobject.ObjectRepository.findTestObject(Page_BugsUI productEdit/product_Delete_button), 7)): Object: 'Object Repository/Page_BugsUI productEdit/product_Delete_button' is clicked on

2018-05-28 13:43:41 - [MESSAGE][PASSED] - Object 'Object Repository/Page_BugsUI productEdit/product_Delete_button' is present

2018-05-28 13:43:41 - [TEST_STEP][PASSED] - click: Object: 'Object Repository/Page_BugsUI productEdit/product_Delete_button' is clicked on

2018-05-28 13:43:41 - [MESSAGE][PASSED] - Object: 'Object Repository/Page_BugsUI productEdit/product_Delete_button' is clicked on

2018-05-28 13:43:41 - [TEST_STEP][PASSED] - Statement - If (com.kms.katalon.core.webui.keyword.WebUiBuiltInKeywords.verifyAlertPresent(6)): Alert accepted

2018-05-28 13:43:41 - [MESSAGE][PASSED] - Alert is present after 6 second(s).

2018-05-28 13:43:41 - [TEST_STEP][PASSED] - acceptAlert: Alert accepted

2018-05-28 13:43:41 - [MESSAGE][PASSED] - Alert accepted

2018-05-28 13:43:41 - [TEST_STEP][PASSED] - delay: Delayed 5 second(s)

2018-05-28 13:43:46 - [MESSAGE][PASSED] - Delayed 5 second(s)

2018-05-28 13:43:46 - [TEST_STEP][FAILED] - verifyElementPresent: Unable to verify object 'Object Repository/Page_BugsUI productEdit/div_Successfully deleted the p' is present (Root cause: com.kms.katalon.core.webui.exception.WebElementNotFoundException: Web element with id: 'Object Repository/Page_BugsUI productEdit/div_Successfully deleted the p' located by 'By.xpath: /html[@class="ng-scope"]/body[@class="skin-blue layout-top-nav"]/div[@class="ng-toast ng-toast--right ng-toast--top"]/ul[@class="ng-toast__list"]/li[@class="ng-toast__message"]/div[@class="alert alert-success"][count(. | //div[(text() = 'Successfully deleted the product "TestProduct_Automation"!!!' or . = 'Successfully deleted the product "TestProduct_Automation"!!!')]) = count(//div[(text() = 'Successfully deleted the product "TestProduct_Automation"!!!' or . = 'Successfully deleted the product "TestProduct_Automation"!!!')])]' not found)

2018-05-28 13:43:54 - [MESSAGE][FAILED] - com.kms.katalon.core.webui.exception.WebElementNotFoundException: Web element with id: 'Object Repository/Page_BugsUI productEdit/div_Successfully deleted the p' located by 'By.xpath: /html[@class="ng-scope"]/body[@class="skin-blue layout-top-nav"]/div[@class="ng-toast ng-toast--right ng-toast--top"]/ul[@class="ng-toast__list"]/li[@class="ng-toast__message"]/div[@class="alert alert-success"][count(. | //div[(text() = 'Successfully deleted the product "TestProduct_Automation"!!!' or . = 'Successfully deleted the product "TestProduct_Automation"!!!')]) = count(//div[(text() = 'Successfully deleted the product "TestProduct_Automation"!!!' or . = 'Successfully deleted the product "TestProduct_Automation"!!!')])]' not found
[[ATTACHMENT|C:\\Arista-Bugzila Project\\BugzillaUI-Automation\\Reports\\ProductEditScenarios\\20180528_134240\\1527495234534.png]]

2018-05-28 13:43:55 - [MESSAGE][FAILED] - Unable to verify object 'Object Repository/Page_BugsUI productEdit/div_Successfully deleted the p' is present (Root cause: com.kms.katalon.core.webui.exception.WebElementNotFoundException: Web element with id: 'Object Repository/Page_BugsUI productEdit/div_Successfully deleted the p' located by 'By.xpath: /html[@class="ng-scope"]/body[@class="skin-blue layout-top-nav"]/div[@class="ng-toast ng-toast--right ng-toast--top"]/ul[@class="ng-toast__list"]/li[@class="ng-toast__message"]/div[@class="alert alert-success"][count(. | //div[(text() = 'Successfully deleted the product "TestProduct_Automation"!!!' or . = 'Successfully deleted the product "TestProduct_Automation"!!!')]) = count(//div[(text() = 'Successfully deleted the product "TestProduct_Automation"!!!' or . = 'Successfully deleted the product "TestProduct_Automation"!!!')])]' not found)
[[ATTACHMENT|C:\\Arista-Bugzila Project\\BugzillaUI-Automation\\Reports\\ProductEditScenarios\\20180528_134240\\1527495234928.png]]]]></system-out>
         <system-err><![CDATA[2018-05-28 13:43:05 - [TEST_CASE][FAILED] - Test Cases/ProductEdit_TestCases/VerifyProductCanBeDeleted: Test Cases/ProductEdit_TestCases/VerifyProductCanBeDeleted FAILED because (of) Unable to verify object 'Object Repository/Page_BugsUI productEdit/div_Successfully deleted the p' is present (Root cause: com.kms.katalon.core.webui.exception.WebElementNotFoundException: Web element with id: 'Object Repository/Page_BugsUI productEdit/div_Successfully deleted the p' located by 'By.xpath: /html[@class="ng-scope"]/body[@class="skin-blue layout-top-nav"]/div[@class="ng-toast ng-toast--right ng-toast--top"]/ul[@class="ng-toast__list"]/li[@class="ng-toast__message"]/div[@class="alert alert-success"][count(. | //div[(text() = 'Successfully deleted the product "TestProduct_Automation"!!!' or . = 'Successfully deleted the product "TestProduct_Automation"!!!')]) = count(//div[(text() = 'Successfully deleted the product "TestProduct_Automation"!!!' or . = 'Successfully deleted the product "TestProduct_Automation"!!!')])]' not found)]]></system-err>
      </testcase>
      <system-out><![CDATA[2018-05-28 13:42:42 - [TEST_SUITE][FAILED] - ProductEditScenarios: Test Cases/ProductEdit_TestCases/VerifyProductCanBeDeleted FAILED because (of) Unable to verify object 'Object Repository/Page_BugsUI productEdit/div_Successfully deleted the p' is present (Root cause: com.kms.katalon.core.webui.exception.WebElementNotFoundException: Web element with id: 'Object Repository/Page_BugsUI productEdit/div_Successfully deleted the p' located by 'By.xpath: /html[@class="ng-scope"]/body[@class="skin-blue layout-top-nav"]/div[@class="ng-toast ng-toast--right ng-toast--top"]/ul[@class="ng-toast__list"]/li[@class="ng-toast__message"]/div[@class="alert alert-success"][count(. | //div[(text() = 'Successfully deleted the product "TestProduct_Automation"!!!' or . = 'Successfully deleted the product "TestProduct_Automation"!!!')]) = count(//div[(text() = 'Successfully deleted the product "TestProduct_Automation"!!!' or . = 'Successfully deleted the product "TestProduct_Automation"!!!')])]' not found)]]></system-out>
      <system-err><![CDATA[2018-05-28 13:42:42 - [TEST_SUITE][FAILED] - ProductEditScenarios: Test Cases/ProductEdit_TestCases/VerifyProductCanBeDeleted FAILED because (of) Unable to verify object 'Object Repository/Page_BugsUI productEdit/div_Successfully deleted the p' is present (Root cause: com.kms.katalon.core.webui.exception.WebElementNotFoundException: Web element with id: 'Object Repository/Page_BugsUI productEdit/div_Successfully deleted the p' located by 'By.xpath: /html[@class="ng-scope"]/body[@class="skin-blue layout-top-nav"]/div[@class="ng-toast ng-toast--right ng-toast--top"]/ul[@class="ng-toast__list"]/li[@class="ng-toast__message"]/div[@class="alert alert-success"][count(. | //div[(text() = 'Successfully deleted the product "TestProduct_Automation"!!!' or . = 'Successfully deleted the product "TestProduct_Automation"!!!')]) = count(//div[(text() = 'Successfully deleted the product "TestProduct_Automation"!!!' or . = 'Successfully deleted the product "TestProduct_Automation"!!!')])]' not found)]]></system-err>
   </testsuite>
</testsuites>
