<?xml version="1.0" encoding="UTF-8"?>
<testsuites name="New Test Suite" time="1148" tests="0" failures="1" errors="0">
   <testsuite name="New Test Suite" tests="0" failures="1" errors="0" time="1148" timestamp="2017-12-28 10:52:19" hostname="Kumar.nagendra - HMECL000103.happiestminds.com" id="Test Suites/New Test Suite">
      <properties>
         <property name="deviceName" value=""/>
         <property name="devicePlatform" value=""/>
         <property name="logFolder" value="D:\\Arista-Bugzila Project\\BugzillaUI-Automation\\Reports\\New Test Suite\\20171228_105217"/>
         <property name="logFiles" value="D:\\Arista-Bugzila Project\\BugzillaUI-Automation\\Reports\\New Test Suite\\20171228_105217\\execution0.log"/>
         <property name="attachments" value="D:\\Arista-Bugzila Project\\BugzillaUI-Automation\\Reports\\New Test Suite\\20171228_105217\\1514439686826.png"/>
         <property name="hostName" value="Kumar.nagendra - HMECL000103.happiestminds.com"/>
         <property name="os" value="Windows 10 64bit"/>
         <property name="katalonVersion" value="5.2.0.1"/>
         <property name="browser" value="Chrome 63.0.3239.84"/>
         <property name="hostAddress" value="10.95.3.71"/>
         <property name="sessionId" value="78a662da9cdf33a604f868d13b8a6fa6"/>
         <property name="seleniumVersion" value="3.7.1"/>
         <property name="proxyInformation" value="ProxyInformation{proxyOption=NO_PROXY, proxyServerType=HTTP, password=, proxyServerAddress=, proxyServerPort=0}"/>
         <property name="platform" value="Windows 10"/>
      </properties>
      <testcase name="Test Cases/Login" classname="Test Cases/Login" status="FAILED">
         <failure type="FAILED" message="Unable to set text 'kumar.nagendra@happiestminds.com' of object 'Object Repository/Page_BugsUI login/input_value_email' (Root cause: com.kms.katalon.core.webui.exception.WebElementNotFoundException: Web element with id: 'Object Repository/Page_BugsUI login/input_value_email' located by 'By.xpath: //input[count(. | //*[@name = 'value_email']) = count(//*[@name = 'value_email'])][count(. | //*[@type = 'email']) = count(//*[@type = 'email'])][count(. | //*[@placeholder = 'Enter Your Email Id']) = count(//*[@placeholder = 'Enter Your Email Id'])]' not found)"/>
         <system-out><![CDATA[2017-12-28 10:52:20 - [TEST_CASE][FAILED] - Test Cases/Login: Test Cases/Login FAILED because (of) Unable to set text 'kumar.nagendra@happiestminds.com' of object 'Object Repository/Page_BugsUI login/input_value_email' (Root cause: com.kms.katalon.core.webui.exception.WebElementNotFoundException: Web element with id: 'Object Repository/Page_BugsUI login/input_value_email' located by 'By.xpath: //input[count(. | //*[@name = 'value_email']) = count(//*[@name = 'value_email'])][count(. | //*[@type = 'email']) = count(//*[@type = 'email'])][count(. | //*[@placeholder = 'Enter Your Email Id']) = count(//*[@placeholder = 'Enter Your Email Id'])]' not found)

2017-12-28 10:52:21 - [TEST_STEP][PASSED] - openBrowser: Browser is opened with url: ''

2017-12-28 10:52:29 - [MESSAGE][PASSED] - Browser is opened with url: ''

2017-12-28 10:52:29 - [TEST_STEP][PASSED] - navigateToUrl: Navigate to 'http://bugzilla-ui/' successfully

2017-12-28 10:54:29 - [MESSAGE][PASSED] - Navigate to 'http://bugzilla-ui/' successfully

2017-12-28 10:54:29 - [TEST_STEP][FAILED] - setText: Unable to set text 'kumar.nagendra@happiestminds.com' of object 'Object Repository/Page_BugsUI login/input_value_email' (Root cause: com.kms.katalon.core.webui.exception.WebElementNotFoundException: Web element with id: 'Object Repository/Page_BugsUI login/input_value_email' located by 'By.xpath: //input[count(. | //*[@name = 'value_email']) = count(//*[@name = 'value_email'])][count(. | //*[@type = 'email']) = count(//*[@type = 'email'])][count(. | //*[@placeholder = 'Enter Your Email Id']) = count(//*[@placeholder = 'Enter Your Email Id'])]' not found)

2017-12-28 11:11:27 - [MESSAGE][FAILED] - Unable to set text 'kumar.nagendra@happiestminds.com' of object 'Object Repository/Page_BugsUI login/input_value_email' (Root cause: com.kms.katalon.core.webui.exception.WebElementNotFoundException: Web element with id: 'Object Repository/Page_BugsUI login/input_value_email' located by 'By.xpath: //input[count(. | //*[@name = 'value_email']) = count(//*[@name = 'value_email'])][count(. | //*[@type = 'email']) = count(//*[@type = 'email'])][count(. | //*[@placeholder = 'Enter Your Email Id']) = count(//*[@placeholder = 'Enter Your Email Id'])]' not found)
[[ATTACHMENT|D:\\Arista-Bugzila Project\\BugzillaUI-Automation\\Reports\\New Test Suite\\20171228_105217\\1514439686826.png]]]]></system-out>
         <system-err><![CDATA[2017-12-28 10:52:20 - [TEST_CASE][FAILED] - Test Cases/Login: Test Cases/Login FAILED because (of) Unable to set text 'kumar.nagendra@happiestminds.com' of object 'Object Repository/Page_BugsUI login/input_value_email' (Root cause: com.kms.katalon.core.webui.exception.WebElementNotFoundException: Web element with id: 'Object Repository/Page_BugsUI login/input_value_email' located by 'By.xpath: //input[count(. | //*[@name = 'value_email']) = count(//*[@name = 'value_email'])][count(. | //*[@type = 'email']) = count(//*[@type = 'email'])][count(. | //*[@placeholder = 'Enter Your Email Id']) = count(//*[@placeholder = 'Enter Your Email Id'])]' not found)]]></system-err>
      </testcase>
      <system-out><![CDATA[2017-12-28 10:52:19 - [TEST_SUITE][FAILED] - New Test Suite: Test Cases/Login FAILED because (of) Unable to set text 'kumar.nagendra@happiestminds.com' of object 'Object Repository/Page_BugsUI login/input_value_email' (Root cause: com.kms.katalon.core.webui.exception.WebElementNotFoundException: Web element with id: 'Object Repository/Page_BugsUI login/input_value_email' located by 'By.xpath: //input[count(. | //*[@name = 'value_email']) = count(//*[@name = 'value_email'])][count(. | //*[@type = 'email']) = count(//*[@type = 'email'])][count(. | //*[@placeholder = 'Enter Your Email Id']) = count(//*[@placeholder = 'Enter Your Email Id'])]' not found)]]></system-out>
      <system-err><![CDATA[2017-12-28 10:52:19 - [TEST_SUITE][FAILED] - New Test Suite: Test Cases/Login FAILED because (of) Unable to set text 'kumar.nagendra@happiestminds.com' of object 'Object Repository/Page_BugsUI login/input_value_email' (Root cause: com.kms.katalon.core.webui.exception.WebElementNotFoundException: Web element with id: 'Object Repository/Page_BugsUI login/input_value_email' located by 'By.xpath: //input[count(. | //*[@name = 'value_email']) = count(//*[@name = 'value_email'])][count(. | //*[@type = 'email']) = count(//*[@type = 'email'])][count(. | //*[@placeholder = 'Enter Your Email Id']) = count(//*[@placeholder = 'Enter Your Email Id'])]' not found)]]></system-err>
   </testsuite>
</testsuites>
