<?xml version="1.0" encoding="UTF-8"?>
<testsuites name="RegressionTestSuite" time="509" tests="32" failures="0" errors="0">
   <testsuite name="RegressionTestSuite" tests="32" failures="0" errors="0" time="509" timestamp="2018-06-15 12:42:40" hostname="Kumar.nagendra - HMECL001948.happiestminds.com" id="Test Suites/RegressionTestSuite">
      <properties>
         <property name="deviceName" value=""/>
         <property name="devicePlatform" value=""/>
         <property name="logFolder" value="C:\\Arista-Bugzila Project\\BugzillaUI-Automation\\Reports\\RegressionTestSuite\\20180615_124238"/>
         <property name="logFiles" value="C:\\Arista-Bugzila Project\\BugzillaUI-Automation\\Reports\\RegressionTestSuite\\20180615_124238\\execution0.log"/>
         <property name="attachments" value=""/>
         <property name="hostName" value="Kumar.nagendra - HMECL001948.happiestminds.com"/>
         <property name="os" value="Windows 10 64bit"/>
         <property name="katalonVersion" value="5.3.0.1"/>
         <property name="browser" value="Chrome 67.0.3396.79"/>
         <property name="hostAddress" value="10.95.75.194"/>
         <property name="sessionId" value="59448f6afbbc26b714162a4a254a5954"/>
         <property name="seleniumVersion" value="3.7.1"/>
         <property name="proxyInformation" value="ProxyInformation{proxyOption=NO_PROXY, proxyServerType=HTTP, password=, proxyServerAddress=, proxyServerPort=0}"/>
         <property name="platform" value="Windows 10"/>
      </properties>
      <testcase name="Test Cases/Login_TestCases/VerifyPresenceOfFields_Links_LoginPage" classname="Test Cases/Login_TestCases/VerifyPresenceOfFields_Links_LoginPage" status="PASSED">
         <system-out><![CDATA[2018-06-15 12:42:41 - [TEST_CASE][PASSED] - Test Cases/Login_TestCases/VerifyPresenceOfFields_Links_LoginPage: Test Cases/Login_TestCases/VerifyPresenceOfFields_Links_LoginPage

2018-06-15 12:42:41 - [TEST_STEP][PASSED] - openBrowser: Browser is opened with url: ''

2018-06-15 12:42:45 - [MESSAGE][PASSED] - Browser is opened with url: ''

2018-06-15 12:42:45 - [TEST_STEP][PASSED] - navigateToUrl: Navigate to 'http://us142.sjc.aristanetworks.com:7000/' successfully

2018-06-15 12:42:51 - [MESSAGE][PASSED] - Navigate to 'http://us142.sjc.aristanetworks.com:7000/' successfully

2018-06-15 12:42:51 - [TEST_STEP][PASSED] - verifyElementPresent: Object 'Object Repository/Page_BugsUI login/input_value_userid' is present

2018-06-15 12:42:51 - [MESSAGE][WARNING] - Timeout '0' is invalid. Using default page load timeout: '30'

2018-06-15 12:42:52 - [MESSAGE][PASSED] - Object 'Object Repository/Page_BugsUI login/input_value_userid' is present

2018-06-15 12:42:52 - [TEST_STEP][PASSED] - verifyElementPresent: Object 'Object Repository/Page_BugsUI login/input_form-control ng-untouche' is present

2018-06-15 12:42:52 - [MESSAGE][WARNING] - Timeout '0' is invalid. Using default page load timeout: '30'

2018-06-15 12:42:52 - [MESSAGE][PASSED] - Object 'Object Repository/Page_BugsUI login/input_form-control ng-untouche' is present

2018-06-15 12:42:52 - [TEST_STEP][PASSED] - verifyElementText: Actual text and expected text of test object 'Object Repository/Page_BugsUI login/strong_User Id' are matched.

2018-06-15 12:42:52 - [MESSAGE][PASSED] - Actual text and expected text of test object 'Object Repository/Page_BugsUI login/strong_User Id' are matched.

2018-06-15 12:42:52 - [TEST_STEP][PASSED] - verifyElementText: Actual text and expected text of test object 'Object Repository/Page_BugsUI login/strong_Password' are matched.

2018-06-15 12:42:53 - [MESSAGE][PASSED] - Actual text and expected text of test object 'Object Repository/Page_BugsUI login/strong_Password' are matched.

2018-06-15 12:42:53 - [TEST_STEP][PASSED] - Statement - loginButtonPresent = com.kms.katalon.core.webui.keyword.WebUiBuiltInKeywords.verifyElementPresent(com.kms.katalon.core.testobject.ObjectRepository.findTestObject(Page_BugsUI login/button_Login), 0): Object 'Object Repository/Page_BugsUI login/button_Login' is present

2018-06-15 12:42:53 - [MESSAGE][WARNING] - Timeout '0' is invalid. Using default page load timeout: '30'

2018-06-15 12:42:53 - [MESSAGE][PASSED] - Object 'Object Repository/Page_BugsUI login/button_Login' is present

2018-06-15 12:42:53 - [TEST_STEP][PASSED] - Statement - If (loginButtonPresent): Object 'Object Repository/Page_BugsUI login/button_Login' is clickable

2018-06-15 12:42:53 - [TEST_STEP][PASSED] - verifyElementClickable: Object 'Object Repository/Page_BugsUI login/button_Login' is clickable

2018-06-15 12:42:53 - [MESSAGE][PASSED] - Object 'Object Repository/Page_BugsUI login/button_Login' is clickable]]></system-out>
         <system-err><![CDATA[]]></system-err>
      </testcase>
      <testcase name="Test Cases/Login_TestCases/InvalidLoginsCases" classname="Test Cases/Login_TestCases/InvalidLoginsCases" status="PASSED">
         <system-out><![CDATA[2018-06-15 12:42:53 - [TEST_CASE][PASSED] - Test Cases/Login_TestCases/InvalidLoginsCases: Test Cases/Login_TestCases/InvalidLoginsCases

2018-06-15 12:42:53 - [TEST_STEP][PASSED] - setText: Text 'knagendra-ext' is set on object 'Object Repository/Page_BugsUI login/input_value_userid'

2018-06-15 12:42:54 - [MESSAGE][PASSED] - Text 'knagendra-ext' is set on object 'Object Repository/Page_BugsUI login/input_value_userid'

2018-06-15 12:42:54 - [TEST_STEP][PASSED] - Statement - loginButtonClickable = com.kms.katalon.core.webui.keyword.WebUiBuiltInKeywords.verifyElementClickable(com.kms.katalon.core.testobject.ObjectRepository.findTestObject(Page_BugsUI login/button_Login)): Object 'Object Repository/Page_BugsUI login/button_Login' is clickable

2018-06-15 12:42:54 - [MESSAGE][PASSED] - Object 'Object Repository/Page_BugsUI login/button_Login' is clickable

2018-06-15 12:42:54 - [TEST_STEP][PASSED] - Statement - If (loginButtonClickable): Object: 'Object Repository/Page_BugsUI login/button_Login' is clicked on

2018-06-15 12:42:54 - [TEST_STEP][PASSED] - click: Object: 'Object Repository/Page_BugsUI login/button_Login' is clicked on

2018-06-15 12:42:55 - [MESSAGE][PASSED] - Object: 'Object Repository/Page_BugsUI login/button_Login' is clicked on

2018-06-15 12:42:55 - [TEST_STEP][PASSED] - verifyElementText: Actual text and expected text of test object 'Object Repository/Page_BugsUI login/small_Password is Required.' are matched.

2018-06-15 12:42:55 - [MESSAGE][PASSED] - Actual text and expected text of test object 'Object Repository/Page_BugsUI login/small_Password is Required.' are matched.

2018-06-15 12:42:55 - [TEST_STEP][PASSED] - setText: Text '123' is set on object 'Object Repository/Page_BugsUI login/input_form-control ng-untouche'

2018-06-15 12:42:55 - [MESSAGE][PASSED] - Text '123' is set on object 'Object Repository/Page_BugsUI login/input_form-control ng-untouche'

2018-06-15 12:42:55 - [TEST_STEP][PASSED] - Statement - com.kms.katalon.core.webui.common.WebUiCommonHelper.findWebElement(com.kms.katalon.core.testobject.ObjectRepository.findTestObject(Page_BugsUI login/input_value_userid), 2).clear(): Found 1 web elements with id: 'Object Repository/Page_BugsUI login/input_value_userid' located by 'By.xpath: //input[@name = 'value_email' and @type = 'text' and @placeholder = 'Enter Your User Id']' in '2' second(s)

2018-06-15 12:42:56 - [TEST_STEP][PASSED] - click: Object: 'Object Repository/Page_BugsUI login/button_Login' is clicked on

2018-06-15 12:42:56 - [MESSAGE][PASSED] - Object: 'Object Repository/Page_BugsUI login/button_Login' is clicked on

2018-06-15 12:42:56 - [TEST_STEP][PASSED] - verifyElementText: Actual text and expected text of test object 'Object Repository/Page_BugsUI login/small_User Id is Required.' are matched.

2018-06-15 12:42:56 - [MESSAGE][PASSED] - Actual text and expected text of test object 'Object Repository/Page_BugsUI login/small_User Id is Required.' are matched.

2018-06-15 12:42:56 - [TEST_STEP][PASSED] - setText: Text 'knagendra-ext' is set on object 'Object Repository/Page_BugsUI login/input_value_userid'

2018-06-15 12:42:57 - [MESSAGE][PASSED] - Text 'knagendra-ext' is set on object 'Object Repository/Page_BugsUI login/input_value_userid'

2018-06-15 12:42:57 - [TEST_STEP][PASSED] - click: Object: 'Object Repository/Page_BugsUI login/button_Login' is clicked on

2018-06-15 12:42:57 - [MESSAGE][PASSED] - Object: 'Object Repository/Page_BugsUI login/button_Login' is clicked on

2018-06-15 12:42:57 - [TEST_STEP][PASSED] - delay: Delayed 3 second(s)

2018-06-15 12:43:00 - [MESSAGE][PASSED] - Delayed 3 second(s)

2018-06-15 12:43:00 - [TEST_STEP][PASSED] - Statement - If (com.kms.katalon.core.webui.keyword.WebUiBuiltInKeywords.verifyElementPresent(com.kms.katalon.core.testobject.ObjectRepository.findTestObject(Page_BugsUI login/small_Invalid User IdPassword), 0)): Actual text 'Invalid User Id/Password !!' and expected text 'Invalid User Id/Password !!' are matched 

2018-06-15 12:43:00 - [MESSAGE][WARNING] - Timeout '0' is invalid. Using default page load timeout: '30'

2018-06-15 12:43:00 - [MESSAGE][PASSED] - Object 'Object Repository/Page_BugsUI login/small_Invalid User IdPassword' is present

2018-06-15 12:43:00 - [TEST_STEP][PASSED] - Statement - text = com.kms.katalon.core.webui.keyword.WebUiBuiltInKeywords.getText(com.kms.katalon.core.testobject.ObjectRepository.findTestObject(Page_BugsUI login/small_Invalid User IdPassword)): Text of object 'Object Repository/Page_BugsUI login/small_Invalid User IdPassword' is: 'Invalid User Id/Password !!'

2018-06-15 12:43:00 - [MESSAGE][PASSED] - Text of object 'Object Repository/Page_BugsUI login/small_Invalid User IdPassword' is: 'Invalid User Id/Password !!'

2018-06-15 12:43:00 - [TEST_STEP][PASSED] - verifyMatch: Actual text 'Invalid User Id/Password !!' and expected text 'Invalid User Id/Password !!' are matched 

2018-06-15 12:43:01 - [MESSAGE][PASSED] - Actual text 'Invalid User Id/Password !!' and expected text 'Invalid User Id/Password !!' are matched 

2018-06-15 12:43:01 - [TEST_STEP][PASSED] - closeBrowser: Browser is closed

2018-06-15 12:43:01 - [MESSAGE][PASSED] - Browser is closed]]></system-out>
         <system-err><![CDATA[]]></system-err>
      </testcase>
      <testcase name="Test Cases/Login_TestCases/ValidSuccessfulLogin" classname="Test Cases/Login_TestCases/ValidSuccessfulLogin" status="PASSED">
         <system-out><![CDATA[2018-06-15 12:43:01 - [TEST_CASE][PASSED] - Test Cases/Login_TestCases/ValidSuccessfulLogin: Test Cases/Login_TestCases/ValidSuccessfulLogin

2018-06-15 12:43:02 - [TEST_STEP][PASSED] - openBrowser: Browser is opened with url: ''

2018-06-15 12:43:04 - [MESSAGE][PASSED] - Browser is opened with url: ''

2018-06-15 12:43:04 - [TEST_STEP][PASSED] - navigateToUrl: Navigate to 'http://us142.sjc.aristanetworks.com:7000/' successfully

2018-06-15 12:43:09 - [MESSAGE][PASSED] - Navigate to 'http://us142.sjc.aristanetworks.com:7000/' successfully

2018-06-15 12:43:09 - [TEST_STEP][PASSED] - setText: Text 'knagendra-ext' is set on object 'Object Repository/Page_BugsUI login/input_value_userid'

2018-06-15 12:43:11 - [MESSAGE][PASSED] - Text 'knagendra-ext' is set on object 'Object Repository/Page_BugsUI login/input_value_userid'

2018-06-15 12:43:11 - [TEST_STEP][PASSED] - setText: Text 'Kumar@123' is set on object 'Object Repository/Page_BugsUI login/input_form-control ng-untouche'

2018-06-15 12:43:12 - [MESSAGE][PASSED] - Text 'Kumar@123' is set on object 'Object Repository/Page_BugsUI login/input_form-control ng-untouche'

2018-06-15 12:43:12 - [TEST_STEP][PASSED] - click: Object: 'Object Repository/Page_BugsUI login/button_Login' is clicked on

2018-06-15 12:43:12 - [MESSAGE][PASSED] - Object: 'Object Repository/Page_BugsUI login/button_Login' is clicked on

2018-06-15 12:43:12 - [TEST_STEP][PASSED] - verifyElementAttributeValue: Object 'Object Repository/Page_BugsUI login/a_BugsUI' has attribute 'text' with value 'BugsUI '

2018-06-15 12:43:12 - [MESSAGE][PASSED] - Object 'Object Repository/Page_BugsUI login/a_BugsUI' has attribute 'text' with value 'BugsUI '

2018-06-15 12:43:12 - [TEST_STEP][PASSED] - closeBrowser: Browser is closed

2018-06-15 12:43:13 - [MESSAGE][PASSED] - Browser is closed]]></system-out>
         <system-err><![CDATA[]]></system-err>
      </testcase>
      <testcase name="Test Cases/Login_TestCases/Login using ENTER keyword" classname="Test Cases/Login_TestCases/Login using ENTER keyword" status="PASSED">
         <system-out><![CDATA[2018-06-15 12:43:13 - [TEST_CASE][PASSED] - Test Cases/Login_TestCases/Login using ENTER keyword: Test Cases/Login_TestCases/Login using ENTER keyword

2018-06-15 12:43:13 - [TEST_STEP][PASSED] - openBrowser: Browser is opened with url: ''

2018-06-15 12:43:15 - [MESSAGE][PASSED] - Browser is opened with url: ''

2018-06-15 12:43:15 - [TEST_STEP][PASSED] - navigateToUrl: Navigate to 'http://us142.sjc.aristanetworks.com:7000/' successfully

2018-06-15 12:43:21 - [MESSAGE][PASSED] - Navigate to 'http://us142.sjc.aristanetworks.com:7000/' successfully

2018-06-15 12:43:21 - [TEST_STEP][PASSED] - setText: Text 'knagendra-ext' is set on object 'Object Repository/Page_BugsUI login/input_value_userid'

2018-06-15 12:43:23 - [MESSAGE][PASSED] - Text 'knagendra-ext' is set on object 'Object Repository/Page_BugsUI login/input_value_userid'

2018-06-15 12:43:23 - [TEST_STEP][PASSED] - setText: Text 'Kumar@123' is set on object 'Object Repository/Page_BugsUI login/input_form-control ng-untouche'

2018-06-15 12:43:23 - [MESSAGE][PASSED] - Text 'Kumar@123' is set on object 'Object Repository/Page_BugsUI login/input_form-control ng-untouche'

2018-06-15 12:43:23 - [TEST_STEP][PASSED] - sendKeys: Keys 'ENTER + ' sent to object: 'Object Repository/Page_BugsUI login/input_form-control ng-untouche'

2018-06-15 12:43:24 - [MESSAGE][PASSED] - Keys 'ENTER + ' sent to object: 'Object Repository/Page_BugsUI login/input_form-control ng-untouche'

2018-06-15 12:43:24 - [TEST_STEP][PASSED] - verifyElementAttributeValue: Object 'Object Repository/Page_BugsUI login/a_BugsUI' has attribute 'text' with value 'BugsUI '

2018-06-15 12:43:24 - [MESSAGE][PASSED] - Object 'Object Repository/Page_BugsUI login/a_BugsUI' has attribute 'text' with value 'BugsUI '

2018-06-15 12:43:24 - [TEST_STEP][PASSED] - closeBrowser: Browser is closed

2018-06-15 12:43:25 - [MESSAGE][PASSED] - Browser is closed]]></system-out>
         <system-err><![CDATA[]]></system-err>
      </testcase>
      <testcase name="Test Cases/NewBugCreation_TestCases/NewBugPage" classname="Test Cases/NewBugCreation_TestCases/NewBugPage" status="PASSED">
         <system-out><![CDATA[2018-06-15 12:43:25 - [TEST_CASE][PASSED] - Test Cases/NewBugCreation_TestCases/NewBugPage: Test Cases/NewBugCreation_TestCases/NewBugPage

2018-06-15 12:43:25 - [TEST_STEP][PASSED] - openBrowser: Browser is opened with url: ''

2018-06-15 12:43:27 - [MESSAGE][PASSED] - Browser is opened with url: ''

2018-06-15 12:43:27 - [TEST_STEP][PASSED] - maximizeWindow: Current window maximized

2018-06-15 12:43:27 - [MESSAGE][PASSED] - Current window maximized

2018-06-15 12:43:27 - [TEST_STEP][PASSED] - navigateToUrl: Navigate to 'http://us142.sjc.aristanetworks.com:7000/' successfully

2018-06-15 12:43:32 - [MESSAGE][PASSED] - Navigate to 'http://us142.sjc.aristanetworks.com:7000/' successfully

2018-06-15 12:43:32 - [TEST_STEP][PASSED] - setText: Text 'knagendra-ext' is set on object 'Object Repository/Page_BugsUI login/input_value_userid'

2018-06-15 12:43:34 - [MESSAGE][PASSED] - Text 'knagendra-ext' is set on object 'Object Repository/Page_BugsUI login/input_value_userid'

2018-06-15 12:43:34 - [TEST_STEP][PASSED] - setText: Text 'Tumkur@123' is set on object 'Object Repository/Page_BugsUI login/input_form-control ng-untouche'

2018-06-15 12:43:35 - [MESSAGE][PASSED] - Text 'Tumkur@123' is set on object 'Object Repository/Page_BugsUI login/input_form-control ng-untouche'

2018-06-15 12:43:35 - [TEST_STEP][PASSED] - click: Object: 'Object Repository/Page_BugsUI login/button_Login' is clicked on

2018-06-15 12:43:35 - [MESSAGE][PASSED] - Object: 'Object Repository/Page_BugsUI login/button_Login' is clicked on

2018-06-15 12:43:35 - [TEST_STEP][PASSED] - delay: Delayed 3 second(s)

2018-06-15 12:43:38 - [MESSAGE][PASSED] - Delayed 3 second(s)

2018-06-15 12:43:38 - [TEST_STEP][PASSED] - Statement - newBugTabVisible = com.kms.katalon.core.webui.keyword.WebUiBuiltInKeywords.verifyElementVisible(com.kms.katalon.core.testobject.ObjectRepository.findTestObject(Page_BugsUI Dashboard/a_New bug)): Object 'Object Repository/Page_BugsUI Dashboard/a_New bug' is visible

2018-06-15 12:43:39 - [MESSAGE][PASSED] - Object 'Object Repository/Page_BugsUI Dashboard/a_New bug' is visible

2018-06-15 12:43:39 - [TEST_STEP][PASSED] - Statement - If (newBugTabVisible): Object: 'Object Repository/Page_BugsUI Dashboard/a_New bug' is clicked on

2018-06-15 12:43:39 - [TEST_STEP][PASSED] - click: Object: 'Object Repository/Page_BugsUI Dashboard/a_New bug' is clicked on

2018-06-15 12:43:39 - [MESSAGE][PASSED] - Object: 'Object Repository/Page_BugsUI Dashboard/a_New bug' is clicked on

2018-06-15 12:43:39 - [TEST_STEP][PASSED] - verifyElementText: Actual text and expected text of test object 'Object Repository/Page_BugsUI New Bug/h5_Please select the classific' are matched.

2018-06-15 12:43:40 - [MESSAGE][PASSED] - Actual text and expected text of test object 'Object Repository/Page_BugsUI New Bug/h5_Please select the classific' are matched.

2018-06-15 12:43:40 - [TEST_STEP][PASSED] - verifyElementText: Actual text and expected text of test object 'Object Repository/Page_BugsUI New Bug/span_Classification' are matched.

2018-06-15 12:43:40 - [MESSAGE][PASSED] - Actual text and expected text of test object 'Object Repository/Page_BugsUI New Bug/span_Classification' are matched.

2018-06-15 12:43:40 - [TEST_STEP][PASSED] - delay: Delayed 3 second(s)

2018-06-15 12:43:43 - [MESSAGE][PASSED] - Delayed 3 second(s)

2018-06-15 12:43:43 - [TEST_STEP][PASSED] - Statement - defaultClassificationValue = com.kms.katalon.core.webui.keyword.WebUiBuiltInKeywords.getText(com.kms.katalon.core.testobject.ObjectRepository.findTestObject(Page_BugsUI New Bug/DefaultClassification)): Text of object 'Object Repository/Page_BugsUI New Bug/DefaultClassification' is: ''

2018-06-15 12:43:43 - [MESSAGE][PASSED] - Text of object 'Object Repository/Page_BugsUI New Bug/DefaultClassification' is: ''

2018-06-15 12:43:43 - [TEST_STEP][PASSED] - Statement - println("------Selected default value------:" + defaultClassificationValue): null

2018-06-15 12:43:43 - [TEST_STEP][PASSED] - verifyEqual: Actual object '' and expected object '' are equal

2018-06-15 12:43:43 - [MESSAGE][PASSED] - Actual object '' and expected object '' are equal

2018-06-15 12:43:43 - [TEST_STEP][PASSED] - Statement - defaultPackageUIValue = com.kms.katalon.core.webui.keyword.WebUiBuiltInKeywords.getText(com.kms.katalon.core.testobject.ObjectRepository.findTestObject(Page_BugsUI New Bug/DefaultPackageUI)): Text of object 'Object Repository/Page_BugsUI New Bug/DefaultPackageUI' is: ''

2018-06-15 12:43:44 - [MESSAGE][PASSED] - Text of object 'Object Repository/Page_BugsUI New Bug/DefaultPackageUI' is: ''

2018-06-15 12:43:44 - [TEST_STEP][PASSED] - Statement - println("------Selected default package value------:" + defaultPackageUIValue): null

2018-06-15 12:43:44 - [TEST_STEP][PASSED] - verifyEqual: Actual object '' and expected object '' are equal

2018-06-15 12:43:44 - [MESSAGE][PASSED] - Actual object '' and expected object '' are equal

2018-06-15 12:43:44 - [TEST_STEP][PASSED] - delay: Delayed 1 second(s)

2018-06-15 12:43:45 - [MESSAGE][PASSED] - Delayed 1 second(s)

2018-06-15 12:43:45 - [TEST_STEP][PASSED] - selectOptionByLabel: All options with label 'Software' are selected in object 'Object Repository/Page_BugsUI New Bug/DropdownClassification' 

2018-06-15 12:43:45 - [MESSAGE][PASSED] - All options with label 'Software' are selected in object 'Object Repository/Page_BugsUI New Bug/DropdownClassification' 

2018-06-15 12:43:45 - [TEST_STEP][PASSED] - verifyElementText: Actual text and expected text of test object 'Object Repository/Page_BugsUI New Bug/span_Package' are matched.

2018-06-15 12:43:45 - [MESSAGE][PASSED] - Actual text and expected text of test object 'Object Repository/Page_BugsUI New Bug/span_Package' are matched.

2018-06-15 12:43:45 - [TEST_STEP][PASSED] - delay: Delayed 3 second(s)

2018-06-15 12:43:48 - [MESSAGE][PASSED] - Delayed 3 second(s)

2018-06-15 12:43:48 - [TEST_STEP][PASSED] - selectOptionByLabel: All options with label 'BugsUITest' are selected in object 'Object Repository/Page_BugsUI New Bug/DropdownPackage' 

2018-06-15 12:43:49 - [MESSAGE][PASSED] - All options with label 'BugsUITest' are selected in object 'Object Repository/Page_BugsUI New Bug/DropdownPackage' 

2018-06-15 12:43:49 - [TEST_STEP][PASSED] - verifyElementPresent: Object 'Object Repository/Page_BugsUI New Bug/div_box-body' is present

2018-06-15 12:43:49 - [MESSAGE][PASSED] - Object 'Object Repository/Page_BugsUI New Bug/div_box-body' is present

2018-06-15 12:43:49 - [TEST_STEP][PASSED] - verifyElementPresent: Object 'Object Repository/Page_BugsUI New Bug/span_Status' is present

2018-06-15 12:43:49 - [MESSAGE][PASSED] - Object 'Object Repository/Page_BugsUI New Bug/span_Status' is present]]></system-out>
         <system-err><![CDATA[]]></system-err>
      </testcase>
      <testcase name="Test Cases/NewBugCreation_TestCases/ValidateNewBugPageFields" classname="Test Cases/NewBugCreation_TestCases/ValidateNewBugPageFields" status="PASSED">
         <system-out><![CDATA[2018-06-15 12:43:49 - [TEST_CASE][PASSED] - Test Cases/NewBugCreation_TestCases/ValidateNewBugPageFields: Test Cases/NewBugCreation_TestCases/ValidateNewBugPageFields

2018-06-15 12:43:49 - [TEST_STEP][PASSED] - verifyElementPresent: Object 'Object Repository/ValidateNewBugPageFieldsObjects/NewBugPageFields/input_EstimatedHrs' is present

2018-06-15 12:43:49 - [MESSAGE][WARNING] - Timeout '0' is invalid. Using default page load timeout: '30'

2018-06-15 12:43:49 - [MESSAGE][PASSED] - Object 'Object Repository/ValidateNewBugPageFieldsObjects/NewBugPageFields/input_EstimatedHrs' is present

2018-06-15 12:43:49 - [TEST_STEP][PASSED] - verifyElementText: Actual text and expected text of test object 'Object Repository/ValidateNewBugPageFieldsObjects/NewBugPageLabels/span_Cc' are matched.

2018-06-15 12:43:49 - [MESSAGE][PASSED] - Actual text and expected text of test object 'Object Repository/ValidateNewBugPageFieldsObjects/NewBugPageLabels/span_Cc' are matched.

2018-06-15 12:43:49 - [TEST_STEP][PASSED] - verifyElementPresent: Object 'Object Repository/ValidateNewBugPageFieldsObjects/NewBugPageFields/input_CC' is present

2018-06-15 12:43:49 - [MESSAGE][WARNING] - Timeout '0' is invalid. Using default page load timeout: '30'

2018-06-15 12:43:49 - [MESSAGE][PASSED] - Object 'Object Repository/ValidateNewBugPageFieldsObjects/NewBugPageFields/input_CC' is present

2018-06-15 12:43:49 - [TEST_STEP][PASSED] - verifyElementText: Actual text and expected text of test object 'Object Repository/ValidateNewBugPageFieldsObjects/NewBugPageLabels/span_Assign To' are matched.

2018-06-15 12:43:50 - [MESSAGE][PASSED] - Actual text and expected text of test object 'Object Repository/ValidateNewBugPageFieldsObjects/NewBugPageLabels/span_Assign To' are matched.

2018-06-15 12:43:50 - [TEST_STEP][PASSED] - verifyElementPresent: Object 'Object Repository/ValidateNewBugPageFieldsObjects/NewBugPageFields/input_AssignTo' is present

2018-06-15 12:43:50 - [MESSAGE][WARNING] - Timeout '0' is invalid. Using default page load timeout: '30'

2018-06-15 12:43:50 - [MESSAGE][PASSED] - Object 'Object Repository/ValidateNewBugPageFieldsObjects/NewBugPageFields/input_AssignTo' is present

2018-06-15 12:43:50 - [TEST_STEP][PASSED] - verifyElementText: Actual text and expected text of test object 'Object Repository/ValidateNewBugPageFieldsObjects/NewBugPageLabels/span_Reporter' are matched.

2018-06-15 12:43:50 - [MESSAGE][PASSED] - Actual text and expected text of test object 'Object Repository/ValidateNewBugPageFieldsObjects/NewBugPageLabels/span_Reporter' are matched.

2018-06-15 12:43:50 - [TEST_STEP][PASSED] - verifyElementPresent: Object 'Object Repository/ValidateNewBugPageFieldsObjects/NewBugPageFields/input_Reporter' is present

2018-06-15 12:43:50 - [MESSAGE][WARNING] - Timeout '0' is invalid. Using default page load timeout: '30'

2018-06-15 12:43:50 - [MESSAGE][PASSED] - Object 'Object Repository/ValidateNewBugPageFieldsObjects/NewBugPageFields/input_Reporter' is present

2018-06-15 12:43:50 - [TEST_STEP][PASSED] - verifyElementText: Actual text and expected text of test object 'Object Repository/ValidateNewBugPageFieldsObjects/NewBugPageLabels/span_Priority' are matched.

2018-06-15 12:43:50 - [MESSAGE][PASSED] - Actual text and expected text of test object 'Object Repository/ValidateNewBugPageFieldsObjects/NewBugPageLabels/span_Priority' are matched.

2018-06-15 12:43:50 - [TEST_STEP][PASSED] - verifyElementPresent: Object 'Object Repository/ValidateNewBugPageFieldsObjects/NewBugPageFields/select-Priority' is present

2018-06-15 12:43:50 - [MESSAGE][WARNING] - Timeout '0' is invalid. Using default page load timeout: '30'

2018-06-15 12:43:50 - [MESSAGE][PASSED] - Object 'Object Repository/ValidateNewBugPageFieldsObjects/NewBugPageFields/select-Priority' is present

2018-06-15 12:43:50 - [TEST_STEP][PASSED] - verifyElementText: Actual text and expected text of test object 'Object Repository/ValidateNewBugPageFieldsObjects/NewBugPageLabels/span_Platform' are matched.

2018-06-15 12:43:50 - [MESSAGE][PASSED] - Actual text and expected text of test object 'Object Repository/ValidateNewBugPageFieldsObjects/NewBugPageLabels/span_Platform' are matched.

2018-06-15 12:43:50 - [TEST_STEP][PASSED] - verifyElementPresent: Object 'Object Repository/ValidateNewBugPageFieldsObjects/NewBugPageFields/select_platform' is present

2018-06-15 12:43:50 - [MESSAGE][WARNING] - Timeout '0' is invalid. Using default page load timeout: '30'

2018-06-15 12:43:50 - [MESSAGE][PASSED] - Object 'Object Repository/ValidateNewBugPageFieldsObjects/NewBugPageFields/select_platform' is present

2018-06-15 12:43:50 - [TEST_STEP][PASSED] - verifyElementText: Actual text and expected text of test object 'Object Repository/ValidateNewBugPageFieldsObjects/NewBugPageLabels/span_Build' are matched.

2018-06-15 12:43:50 - [MESSAGE][PASSED] - Actual text and expected text of test object 'Object Repository/ValidateNewBugPageFieldsObjects/NewBugPageLabels/span_Build' are matched.

2018-06-15 12:43:50 - [TEST_STEP][PASSED] - verifyElementPresent: Object 'Object Repository/ValidateNewBugPageFieldsObjects/NewBugPageFields/input_Build' is present

2018-06-15 12:43:50 - [MESSAGE][WARNING] - Timeout '0' is invalid. Using default page load timeout: '30'

2018-06-15 12:43:50 - [MESSAGE][PASSED] - Object 'Object Repository/ValidateNewBugPageFieldsObjects/NewBugPageFields/input_Build' is present

2018-06-15 12:43:50 - [TEST_STEP][PASSED] - verifyElementText: Actual text and expected text of test object 'Object Repository/ValidateNewBugPageFieldsObjects/NewBugPageLabels/span_Severity' are matched.

2018-06-15 12:43:50 - [MESSAGE][PASSED] - Actual text and expected text of test object 'Object Repository/ValidateNewBugPageFieldsObjects/NewBugPageLabels/span_Severity' are matched.

2018-06-15 12:43:50 - [TEST_STEP][PASSED] - verifyElementPresent: Object 'Object Repository/ValidateNewBugPageFieldsObjects/NewBugPageFields/select_Severity' is present

2018-06-15 12:43:50 - [MESSAGE][WARNING] - Timeout '0' is invalid. Using default page load timeout: '30'

2018-06-15 12:43:50 - [MESSAGE][PASSED] - Object 'Object Repository/ValidateNewBugPageFieldsObjects/NewBugPageFields/select_Severity' is present

2018-06-15 12:43:50 - [TEST_STEP][PASSED] - verifyElementText: Actual text and expected text of test object 'Object Repository/ValidateNewBugPageFieldsObjects/NewBugPageLabels/span_Version' are matched.

2018-06-15 12:43:51 - [MESSAGE][PASSED] - Actual text and expected text of test object 'Object Repository/ValidateNewBugPageFieldsObjects/NewBugPageLabels/span_Version' are matched.

2018-06-15 12:43:51 - [TEST_STEP][PASSED] - verifyElementPresent: Object 'Object Repository/ValidateNewBugPageFieldsObjects/NewBugPageFields/select_Version' is present

2018-06-15 12:43:51 - [MESSAGE][WARNING] - Timeout '0' is invalid. Using default page load timeout: '30'

2018-06-15 12:43:51 - [MESSAGE][PASSED] - Object 'Object Repository/ValidateNewBugPageFieldsObjects/NewBugPageFields/select_Version' is present

2018-06-15 12:43:51 - [TEST_STEP][PASSED] - verifyElementText: Actual text and expected text of test object 'Object Repository/ValidateNewBugPageFieldsObjects/NewBugPageLabels/span_Component' are matched.

2018-06-15 12:43:51 - [MESSAGE][PASSED] - Actual text and expected text of test object 'Object Repository/ValidateNewBugPageFieldsObjects/NewBugPageLabels/span_Component' are matched.

2018-06-15 12:43:51 - [TEST_STEP][PASSED] - verifyElementPresent: Object 'Object Repository/ValidateNewBugPageFieldsObjects/NewBugPageFields/select-Component' is present

2018-06-15 12:43:51 - [MESSAGE][WARNING] - Timeout '0' is invalid. Using default page load timeout: '30'

2018-06-15 12:43:51 - [MESSAGE][PASSED] - Object 'Object Repository/ValidateNewBugPageFieldsObjects/NewBugPageFields/select-Component' is present

2018-06-15 12:43:51 - [TEST_STEP][PASSED] - verifyElementText: Actual text and expected text of test object 'Object Repository/ValidateNewBugPageFieldsObjects/NewBugPageLabels/span_Status' are matched.

2018-06-15 12:43:51 - [MESSAGE][PASSED] - Actual text and expected text of test object 'Object Repository/ValidateNewBugPageFieldsObjects/NewBugPageLabels/span_Status' are matched.

2018-06-15 12:43:51 - [TEST_STEP][PASSED] - verifyElementText: Actual text and expected text of test object 'Object Repository/ValidateNewBugPageFieldsObjects/NewBugPageFields/Mandatory-Mark' are matched.

2018-06-15 12:43:51 - [MESSAGE][PASSED] - Actual text and expected text of test object 'Object Repository/ValidateNewBugPageFieldsObjects/NewBugPageFields/Mandatory-Mark' are matched.

2018-06-15 12:43:51 - [TEST_STEP][PASSED] - verifyElementText: Actual text and expected text of test object 'Object Repository/ValidateNewBugPageFieldsObjects/NewBugPageLabels/span_Summary' are matched.

2018-06-15 12:43:51 - [MESSAGE][PASSED] - Actual text and expected text of test object 'Object Repository/ValidateNewBugPageFieldsObjects/NewBugPageLabels/span_Summary' are matched.

2018-06-15 12:43:51 - [TEST_STEP][PASSED] - verifyElementPresent: Object 'Object Repository/ValidateNewBugPageFieldsObjects/NewBugPageFields/input_Summary' is present

2018-06-15 12:43:51 - [MESSAGE][WARNING] - Timeout '0' is invalid. Using default page load timeout: '30'

2018-06-15 12:43:51 - [MESSAGE][PASSED] - Object 'Object Repository/ValidateNewBugPageFieldsObjects/NewBugPageFields/input_Summary' is present

2018-06-15 12:43:51 - [TEST_STEP][PASSED] - verifyElementText: Actual text and expected text of test object 'Object Repository/ValidateNewBugPageFieldsObjects/NewBugPageLabels/span_Description' are matched.

2018-06-15 12:43:51 - [MESSAGE][PASSED] - Actual text and expected text of test object 'Object Repository/ValidateNewBugPageFieldsObjects/NewBugPageLabels/span_Description' are matched.

2018-06-15 12:43:51 - [TEST_STEP][PASSED] - verifyElementPresent: Object 'Object Repository/ValidateNewBugPageFieldsObjects/NewBugPageFields/input_EstimatedHrs' is present

2018-06-15 12:43:51 - [MESSAGE][WARNING] - Timeout '0' is invalid. Using default page load timeout: '30'

2018-06-15 12:43:51 - [MESSAGE][PASSED] - Object 'Object Repository/ValidateNewBugPageFieldsObjects/NewBugPageFields/input_EstimatedHrs' is present

2018-06-15 12:43:51 - [TEST_STEP][PASSED] - verifyElementText: Actual text and expected text of test object 'Object Repository/ValidateNewBugPageFieldsObjects/NewBugPageLabels/span_Depends on' are matched.

2018-06-15 12:43:51 - [MESSAGE][PASSED] - Actual text and expected text of test object 'Object Repository/ValidateNewBugPageFieldsObjects/NewBugPageLabels/span_Depends on' are matched.

2018-06-15 12:43:51 - [TEST_STEP][PASSED] - verifyElementPresent: Object 'Object Repository/ValidateNewBugPageFieldsObjects/NewBugPageFields/input_EstimatedHrs' is present

2018-06-15 12:43:52 - [MESSAGE][WARNING] - Timeout '0' is invalid. Using default page load timeout: '30'

2018-06-15 12:43:52 - [MESSAGE][PASSED] - Object 'Object Repository/ValidateNewBugPageFieldsObjects/NewBugPageFields/input_EstimatedHrs' is present

2018-06-15 12:43:52 - [TEST_STEP][PASSED] - verifyElementText: Actual text and expected text of test object 'Object Repository/ValidateNewBugPageFieldsObjects/NewBugPageLabels/span_Blocks' are matched.

2018-06-15 12:43:52 - [MESSAGE][PASSED] - Actual text and expected text of test object 'Object Repository/ValidateNewBugPageFieldsObjects/NewBugPageLabels/span_Blocks' are matched.

2018-06-15 12:43:52 - [TEST_STEP][PASSED] - verifyElementPresent: Object 'Object Repository/ValidateNewBugPageFieldsObjects/NewBugPageFields/input_EstimatedHrs' is present

2018-06-15 12:43:52 - [MESSAGE][WARNING] - Timeout '0' is invalid. Using default page load timeout: '30'

2018-06-15 12:43:52 - [MESSAGE][PASSED] - Object 'Object Repository/ValidateNewBugPageFieldsObjects/NewBugPageFields/input_EstimatedHrs' is present

2018-06-15 12:43:52 - [TEST_STEP][PASSED] - verifyElementPresent: Object 'Object Repository/ValidateNewBugPageFieldsObjects/NewBugPageFields/button_Commit' is present

2018-06-15 12:43:52 - [MESSAGE][WARNING] - Timeout '0' is invalid. Using default page load timeout: '30'

2018-06-15 12:43:52 - [MESSAGE][PASSED] - Object 'Object Repository/ValidateNewBugPageFieldsObjects/NewBugPageFields/button_Commit' is present]]></system-out>
         <system-err><![CDATA[]]></system-err>
      </testcase>
      <testcase name="Test Cases/NewBugCreation_TestCases/VerifyValidBug_Present_In_Depends_and_Blocks_field" classname="Test Cases/NewBugCreation_TestCases/VerifyValidBug_Present_In_Depends_and_Blocks_field" status="PASSED">
         <system-out><![CDATA[2018-06-15 12:43:52 - [TEST_CASE][PASSED] - Test Cases/NewBugCreation_TestCases/VerifyValidBug_Present_In_Depends_and_Blocks_field: Test Cases/NewBugCreation_TestCases/VerifyValidBug_Present_In_Depends_and_Blocks_field

2018-06-15 12:43:52 - [TEST_STEP][PASSED] - setText: Text 'Testing for Automation' is set on object 'Object Repository/ValidateNewBugPageFieldsObjects/NewBugPageFields/input_Summary'

2018-06-15 12:43:54 - [MESSAGE][PASSED] - Text 'Testing for Automation' is set on object 'Object Repository/ValidateNewBugPageFieldsObjects/NewBugPageFields/input_Summary'

2018-06-15 12:43:54 - [TEST_STEP][PASSED] - setText: Text '1010101010110' is set on object 'Object Repository/ValidateNewBugPageFieldsObjects/NewBugPageFields/input_dependsOn'

2018-06-15 12:43:55 - [MESSAGE][PASSED] - Text '1010101010110' is set on object 'Object Repository/ValidateNewBugPageFieldsObjects/NewBugPageFields/input_dependsOn'

2018-06-15 12:43:55 - [TEST_STEP][PASSED] - scrollToElement: Scroll to object 'Object Repository/ValidateNewBugPageFieldsObjects/NewBugPageFields/button_Commit' successfully

2018-06-15 12:43:55 - [MESSAGE][WARNING] - Timeout '0' is invalid. Using default page load timeout: '30'

2018-06-15 12:43:55 - [MESSAGE][PASSED] - Scroll to object 'Object Repository/ValidateNewBugPageFieldsObjects/NewBugPageFields/button_Commit' successfully

2018-06-15 12:43:55 - [TEST_STEP][PASSED] - click: Object: 'Object Repository/ValidateNewBugPageFieldsObjects/NewBugPageFields/button_Commit' is clicked on

2018-06-15 12:43:55 - [MESSAGE][PASSED] - Object: 'Object Repository/ValidateNewBugPageFieldsObjects/NewBugPageFields/button_Commit' is clicked on

2018-06-15 12:43:55 - [TEST_STEP][PASSED] - Statement - altertPresent = com.kms.katalon.core.webui.keyword.WebUiBuiltInKeywords.verifyAlertPresent(5): Alert is present after 5 second(s).

2018-06-15 12:43:56 - [MESSAGE][PASSED] - Alert is present after 5 second(s).

2018-06-15 12:43:56 - [TEST_STEP][PASSED] - Statement - alertText = <not implemented yet for class: org.codehaus.groovy.ast.expr.EmptyExpression>: null

2018-06-15 12:43:56 - [TEST_STEP][PASSED] - Statement - If (altertPresent): Alert accepted

2018-06-15 12:43:56 - [TEST_STEP][PASSED] - Statement - alertText = com.kms.katalon.core.webui.keyword.WebUiBuiltInKeywords.getAlertText(): Get alert text successfully: 'Following Bug Id(s)/Alias entered under 'Depends on' do not exist:
1010101010110'

2018-06-15 12:43:56 - [MESSAGE][PASSED] - Get alert text successfully: 'Following Bug Id(s)/Alias entered under 'Depends on' do not exist:
1010101010110'

2018-06-15 12:43:56 - [TEST_STEP][PASSED] - Statement - println("alertText for wrong depends on is:-" + alertText): null

2018-06-15 12:43:56 - [TEST_STEP][PASSED] - acceptAlert: Alert accepted

2018-06-15 12:43:56 - [MESSAGE][PASSED] - Alert accepted

2018-06-15 12:43:56 - [TEST_STEP][PASSED] - Statement - If (alertText.contains("Following Bug Id(s)/Alias entered under 'Depends on' do not exist:") && alertText.contains("1010101010110")): null

2018-06-15 12:43:56 - [TEST_STEP][PASSED] - Statement - assert true: null

2018-06-15 12:43:56 - [TEST_STEP][PASSED] - newKey.ClearFields.ClearTextField: newKey.ClearFields.ClearTextField is PASSED

2018-06-15 12:43:56 - [MESSAGE][PASSED] - Keys 'CONTROL + a' sent to object: 'Object Repository/ValidateNewBugPageFieldsObjects/NewBugPageFields/input_dependsOn'

2018-06-15 12:43:57 - [MESSAGE][PASSED] - Keys 'DELETE + ' sent to object: 'Object Repository/ValidateNewBugPageFieldsObjects/NewBugPageFields/input_dependsOn'

2018-06-15 12:43:57 - [MESSAGE][PASSED] - newKey.ClearFields.ClearTextField is PASSED

2018-06-15 12:43:57 - [TEST_STEP][PASSED] - setText: Text '1111111111' is set on object 'Object Repository/ValidateNewBugPageFieldsObjects/NewBugPageFields/input_blocks'

2018-06-15 12:43:57 - [MESSAGE][PASSED] - Text '1111111111' is set on object 'Object Repository/ValidateNewBugPageFieldsObjects/NewBugPageFields/input_blocks'

2018-06-15 12:43:57 - [TEST_STEP][PASSED] - click: Object: 'Object Repository/ValidateNewBugPageFieldsObjects/NewBugPageFields/button_Commit' is clicked on

2018-06-15 12:43:58 - [MESSAGE][PASSED] - Object: 'Object Repository/ValidateNewBugPageFieldsObjects/NewBugPageFields/button_Commit' is clicked on

2018-06-15 12:43:58 - [TEST_STEP][PASSED] - Statement - altertPresent = com.kms.katalon.core.webui.keyword.WebUiBuiltInKeywords.verifyAlertPresent(5): Alert is present after 5 second(s).

2018-06-15 12:43:59 - [MESSAGE][PASSED] - Alert is present after 5 second(s).

2018-06-15 12:43:59 - [TEST_STEP][PASSED] - Statement - alertText_blocks = <not implemented yet for class: org.codehaus.groovy.ast.expr.EmptyExpression>: null

2018-06-15 12:43:59 - [TEST_STEP][PASSED] - Statement - If (altertPresent): Alert accepted

2018-06-15 12:43:59 - [TEST_STEP][PASSED] - Statement - alertText_blocks = com.kms.katalon.core.webui.keyword.WebUiBuiltInKeywords.getAlertText(): Get alert text successfully: 'Following Bug Id(s)/Alias entered under 'Blocks' do not exist:
1111111111'

2018-06-15 12:43:59 - [MESSAGE][PASSED] - Get alert text successfully: 'Following Bug Id(s)/Alias entered under 'Blocks' do not exist:
1111111111'

2018-06-15 12:43:59 - [TEST_STEP][PASSED] - Statement - println("alertText for wrong Blocks on is:-" + alertText_blocks): null

2018-06-15 12:43:59 - [TEST_STEP][PASSED] - acceptAlert: Alert accepted

2018-06-15 12:43:59 - [MESSAGE][PASSED] - Alert accepted

2018-06-15 12:43:59 - [TEST_STEP][PASSED] - Statement - If (alertText_blocks.contains("Following Bug Id(s)/Alias entered under 'Blocks' do not exist:") && alertText_blocks.contains("1111111111")): null

2018-06-15 12:43:59 - [TEST_STEP][PASSED] - Statement - assert true: null

2018-06-15 12:43:59 - [TEST_STEP][PASSED] - newKey.ClearFields.ClearTextField: newKey.ClearFields.ClearTextField is PASSED

2018-06-15 12:43:59 - [MESSAGE][PASSED] - Keys 'CONTROL + a' sent to object: 'Object Repository/ValidateNewBugPageFieldsObjects/NewBugPageFields/input_blocks'

2018-06-15 12:43:59 - [MESSAGE][PASSED] - Keys 'DELETE + ' sent to object: 'Object Repository/ValidateNewBugPageFieldsObjects/NewBugPageFields/input_blocks'

2018-06-15 12:43:59 - [MESSAGE][PASSED] - newKey.ClearFields.ClearTextField is PASSED

2018-06-15 12:43:59 - [TEST_STEP][PASSED] - setText: Text '247777' is set on object 'Object Repository/ValidateNewBugPageFieldsObjects/NewBugPageFields/input_dependsOn'

2018-06-15 12:44:00 - [MESSAGE][PASSED] - Text '247777' is set on object 'Object Repository/ValidateNewBugPageFieldsObjects/NewBugPageFields/input_dependsOn'

2018-06-15 12:44:00 - [TEST_STEP][PASSED] - setText: Text '247777' is set on object 'Object Repository/ValidateNewBugPageFieldsObjects/NewBugPageFields/input_blocks'

2018-06-15 12:44:00 - [MESSAGE][PASSED] - Text '247777' is set on object 'Object Repository/ValidateNewBugPageFieldsObjects/NewBugPageFields/input_blocks'

2018-06-15 12:44:00 - [TEST_STEP][PASSED] - click: Object: 'Object Repository/ValidateNewBugPageFieldsObjects/NewBugPageFields/button_Commit' is clicked on

2018-06-15 12:44:00 - [MESSAGE][PASSED] - Object: 'Object Repository/ValidateNewBugPageFieldsObjects/NewBugPageFields/button_Commit' is clicked on

2018-06-15 12:44:00 - [TEST_STEP][PASSED] - Statement - altertPresent = com.kms.katalon.core.webui.keyword.WebUiBuiltInKeywords.verifyAlertPresent(2): Alert is present after 2 second(s).

2018-06-15 12:44:01 - [MESSAGE][PASSED] - Alert is present after 2 second(s).

2018-06-15 12:44:01 - [TEST_STEP][PASSED] - Statement - alertText_circularDependency = <not implemented yet for class: org.codehaus.groovy.ast.expr.EmptyExpression>: null

2018-06-15 12:44:01 - [TEST_STEP][PASSED] - Statement - If (altertPresent): Alert accepted

2018-06-15 12:44:01 - [TEST_STEP][PASSED] - Statement - alertText_circularDependency = com.kms.katalon.core.webui.keyword.WebUiBuiltInKeywords.getAlertText(): Get alert text successfully: 'The following bug(s) would appear on both the 'depends on' and 'blocks' parts of the dependency tree if these changes are committed: 
247777 (auto). This would create a circular dependency, which is not allowed.'

2018-06-15 12:44:02 - [MESSAGE][PASSED] - Get alert text successfully: 'The following bug(s) would appear on both the 'depends on' and 'blocks' parts of the dependency tree if these changes are committed: 
247777 (auto). This would create a circular dependency, which is not allowed.'

2018-06-15 12:44:02 - [TEST_STEP][PASSED] - Statement - println("alertText for wrong Blocks on is:-" + alertText_circularDependency): null

2018-06-15 12:44:02 - [TEST_STEP][PASSED] - acceptAlert: Alert accepted

2018-06-15 12:44:02 - [MESSAGE][PASSED] - Alert accepted

2018-06-15 12:44:02 - [TEST_STEP][PASSED] - Statement - If (alertText_circularDependency.contains("This would create a circular dependency, which is not allowed.") && alertText_circularDependency.contains("247777")): null

2018-06-15 12:44:02 - [TEST_STEP][PASSED] - Statement - assert true: null

2018-06-15 12:44:02 - [TEST_STEP][PASSED] - newKey.ClearFields.ClearTextField: newKey.ClearFields.ClearTextField is PASSED

2018-06-15 12:44:02 - [MESSAGE][PASSED] - Keys 'CONTROL + a' sent to object: 'Object Repository/ValidateNewBugPageFieldsObjects/NewBugPageFields/input_blocks'

2018-06-15 12:44:02 - [MESSAGE][PASSED] - Keys 'DELETE + ' sent to object: 'Object Repository/ValidateNewBugPageFieldsObjects/NewBugPageFields/input_blocks'

2018-06-15 12:44:02 - [MESSAGE][PASSED] - newKey.ClearFields.ClearTextField is PASSED

2018-06-15 12:44:02 - [TEST_STEP][PASSED] - setText: Text '193666' is set on object 'Object Repository/ValidateNewBugPageFieldsObjects/NewBugPageFields/input_blocks'

2018-06-15 12:44:03 - [MESSAGE][PASSED] - Text '193666' is set on object 'Object Repository/ValidateNewBugPageFieldsObjects/NewBugPageFields/input_blocks']]></system-out>
         <system-err><![CDATA[]]></system-err>
      </testcase>
      <testcase name="Test Cases/NewBugCreation_TestCases/NewBugCreation" classname="Test Cases/NewBugCreation_TestCases/NewBugCreation" status="PASSED">
         <system-out><![CDATA[2018-06-15 12:44:03 - [TEST_CASE][PASSED] - Test Cases/NewBugCreation_TestCases/NewBugCreation: Test Cases/NewBugCreation_TestCases/NewBugCreation

2018-06-15 12:44:03 - [TEST_STEP][PASSED] - setText: Text 'Description for Test automation' is set on object 'Object Repository/ValidateNewBugPageFieldsObjects/NewBugPageFields/input_Description'

2018-06-15 12:44:05 - [MESSAGE][PASSED] - Text 'Description for Test automation' is set on object 'Object Repository/ValidateNewBugPageFieldsObjects/NewBugPageFields/input_Description'

2018-06-15 12:44:05 - [TEST_STEP][PASSED] - scrollToElement: Scroll to object 'Object Repository/ValidateNewBugPageFieldsObjects/NewBugPageFields/button_Commit' successfully

2018-06-15 12:44:05 - [MESSAGE][WARNING] - Timeout '0' is invalid. Using default page load timeout: '30'

2018-06-15 12:44:05 - [MESSAGE][PASSED] - Scroll to object 'Object Repository/ValidateNewBugPageFieldsObjects/NewBugPageFields/button_Commit' successfully

2018-06-15 12:44:05 - [TEST_STEP][PASSED] - click: Object: 'Object Repository/ValidateNewBugPageFieldsObjects/NewBugPageFields/button_Commit' is clicked on

2018-06-15 12:44:05 - [MESSAGE][PASSED] - Object: 'Object Repository/ValidateNewBugPageFieldsObjects/NewBugPageFields/button_Commit' is clicked on

2018-06-15 12:44:05 - [TEST_STEP][PASSED] - Statement - altertPresent = com.kms.katalon.core.webui.keyword.WebUiBuiltInKeywords.verifyAlertPresent(6): Alert is present after 6 second(s).

2018-06-15 12:44:07 - [MESSAGE][PASSED] - Alert is present after 6 second(s).

2018-06-15 12:44:07 - [TEST_STEP][PASSED] - Statement - alertText = <not implemented yet for class: org.codehaus.groovy.ast.expr.EmptyExpression>: null

2018-06-15 12:44:07 - [TEST_STEP][PASSED] - Statement - If (altertPresent): Alert accepted

2018-06-15 12:44:07 - [TEST_STEP][PASSED] - Statement - alertText = com.kms.katalon.core.webui.keyword.WebUiBuiltInKeywords.getAlertText(): Get alert text successfully: 'Sucessfully Created New Bugno.#254951'

2018-06-15 12:44:07 - [MESSAGE][PASSED] - Get alert text successfully: 'Sucessfully Created New Bugno.#254951'

2018-06-15 12:44:07 - [TEST_STEP][PASSED] - acceptAlert: Alert accepted

2018-06-15 12:44:07 - [MESSAGE][PASSED] - Alert accepted

2018-06-15 12:44:07 - [TEST_STEP][PASSED] - Statement - newBugNo = com.kms.katalon.core.webui.keyword.WebUiBuiltInKeywords.getText(com.kms.katalon.core.testobject.ObjectRepository.findTestObject(Page_BugsUI New Bug/BugNo)): Text of object 'Object Repository/Page_BugsUI New Bug/BugNo' is: 'Bug# 254951 :'

2018-06-15 12:44:12 - [MESSAGE][PASSED] - Text of object 'Object Repository/Page_BugsUI New Bug/BugNo' is: 'Bug# 254951 :'

2018-06-15 12:44:12 - [TEST_STEP][PASSED] - Statement - bugId = newBugNo.substring(5, 11): null

2018-06-15 12:44:12 - [TEST_STEP][PASSED] - Statement - println("alert text is -" + alertText): null

2018-06-15 12:44:12 - [TEST_STEP][PASSED] - Statement - println("bugId -" + bugId): null

2018-06-15 12:44:12 - [TEST_STEP][PASSED] - Statement - If (alertText.contains(bugId)): null

2018-06-15 12:44:12 - [TEST_STEP][PASSED] - Statement - assert true: null

2018-06-15 12:44:12 - [TEST_STEP][PASSED] - closeBrowser: Browser is closed

2018-06-15 12:44:13 - [MESSAGE][PASSED] - Browser is closed]]></system-out>
         <system-err><![CDATA[]]></system-err>
      </testcase>
      <testcase name="Test Cases/ProductAdd_TestCases/VerifyProductAddPageLoads" classname="Test Cases/ProductAdd_TestCases/VerifyProductAddPageLoads" status="PASSED">
         <system-out><![CDATA[2018-06-15 12:44:13 - [TEST_CASE][PASSED] - Test Cases/ProductAdd_TestCases/VerifyProductAddPageLoads: Test Cases/ProductAdd_TestCases/VerifyProductAddPageLoads

2018-06-15 12:44:13 - [TEST_STEP][PASSED] - openBrowser: Browser is opened with url: ''

2018-06-15 12:44:16 - [MESSAGE][PASSED] - Browser is opened with url: ''

2018-06-15 12:44:16 - [TEST_STEP][PASSED] - navigateToUrl: Navigate to 'http://us142.sjc.aristanetworks.com:7000/' successfully

2018-06-15 12:44:22 - [MESSAGE][PASSED] - Navigate to 'http://us142.sjc.aristanetworks.com:7000/' successfully

2018-06-15 12:44:22 - [TEST_STEP][PASSED] - maximizeWindow: Current window maximized

2018-06-15 12:44:22 - [MESSAGE][PASSED] - Current window maximized

2018-06-15 12:44:22 - [TEST_STEP][PASSED] - setText: Text 'knagendra-ext' is set on object 'Object Repository/Page_BugsUI login/input_value_userid'

2018-06-15 12:44:23 - [MESSAGE][PASSED] - Text 'knagendra-ext' is set on object 'Object Repository/Page_BugsUI login/input_value_userid'

2018-06-15 12:44:23 - [TEST_STEP][PASSED] - setText: Text 'Tumkur@123' is set on object 'Object Repository/Page_BugsUI login/input_form-control ng-untouche'

2018-06-15 12:44:24 - [MESSAGE][PASSED] - Text 'Tumkur@123' is set on object 'Object Repository/Page_BugsUI login/input_form-control ng-untouche'

2018-06-15 12:44:24 - [TEST_STEP][PASSED] - click: Object: 'Object Repository/Page_BugsUI login/button_Login' is clicked on

2018-06-15 12:44:25 - [MESSAGE][PASSED] - Object: 'Object Repository/Page_BugsUI login/button_Login' is clicked on

2018-06-15 12:44:25 - [TEST_STEP][PASSED] - verifyElementAttributeValue: Object 'Object Repository/Page_BugsUI login/a_BugsUI' has attribute 'text' with value 'BugsUI '

2018-06-15 12:44:25 - [MESSAGE][PASSED] - Object 'Object Repository/Page_BugsUI login/a_BugsUI' has attribute 'text' with value 'BugsUI '

2018-06-15 12:44:25 - [TEST_STEP][PASSED] - Statement - productAddTabVisible = com.kms.katalon.core.webui.keyword.WebUiBuiltInKeywords.verifyElementVisible(com.kms.katalon.core.testobject.ObjectRepository.findTestObject(Page_BugsUI Dashboard/a_Product)): Object 'Object Repository/Page_BugsUI Dashboard/a_Product' is visible

2018-06-15 12:44:25 - [MESSAGE][PASSED] - Object 'Object Repository/Page_BugsUI Dashboard/a_Product' is visible

2018-06-15 12:44:25 - [TEST_STEP][PASSED] - delay: Delayed 2 second(s)

2018-06-15 12:44:27 - [MESSAGE][PASSED] - Delayed 2 second(s)

2018-06-15 12:44:27 - [TEST_STEP][PASSED] - Statement - If (productAddTabVisible): Object: 'Object Repository/Page_BugsUI Dashboard/a_ADD' is clicked on

2018-06-15 12:44:27 - [TEST_STEP][PASSED] - click: Object: 'Object Repository/Page_BugsUI Dashboard/a_Product' is clicked on

2018-06-15 12:44:28 - [MESSAGE][PASSED] - Object: 'Object Repository/Page_BugsUI Dashboard/a_Product' is clicked on

2018-06-15 12:44:28 - [TEST_STEP][PASSED] - click: Object: 'Object Repository/Page_BugsUI Dashboard/a_ADD' is clicked on

2018-06-15 12:44:28 - [MESSAGE][PASSED] - Object: 'Object Repository/Page_BugsUI Dashboard/a_ADD' is clicked on

2018-06-15 12:44:28 - [TEST_STEP][PASSED] - delay: Delayed 2 second(s)

2018-06-15 12:44:30 - [MESSAGE][PASSED] - Delayed 2 second(s)

2018-06-15 12:44:30 - [TEST_STEP][PASSED] - verifyElementText: Actual text and expected text of test object 'Object Repository/Page_BugsUI productAdd/ProductAdd_Fields/h2_Add Product' are matched.

2018-06-15 12:44:30 - [MESSAGE][PASSED] - Actual text and expected text of test object 'Object Repository/Page_BugsUI productAdd/ProductAdd_Fields/h2_Add Product' are matched.]]></system-out>
         <system-err><![CDATA[]]></system-err>
      </testcase>
      <testcase name="Test Cases/ProductAdd_TestCases/VerifyMandatoryMarkNextToFields" classname="Test Cases/ProductAdd_TestCases/VerifyMandatoryMarkNextToFields" status="PASSED">
         <system-out><![CDATA[2018-06-15 12:44:30 - [TEST_CASE][PASSED] - Test Cases/ProductAdd_TestCases/VerifyMandatoryMarkNextToFields: Test Cases/ProductAdd_TestCases/VerifyMandatoryMarkNextToFields

2018-06-15 12:44:30 - [TEST_STEP][PASSED] - Statement - mandatoryElements = com.kms.katalon.core.webui.common.WebUiCommonHelper.findWebElements(com.kms.katalon.core.testobject.ObjectRepository.findTestObject(Page_BugsUI productAdd/ProductAdd_Fields/span_), 0): Timeout '0' is invalid. Using default page load timeout: '30'

2018-06-15 12:44:30 - [MESSAGE][WARNING] - Timeout '0' is invalid. Using default page load timeout: '30'

2018-06-15 12:44:30 - [TEST_STEP][PASSED] - Statement - println("Size of Mandatory fields is:----" + mandatoryElements.size()): null

2018-06-15 12:44:30 - [TEST_STEP][PASSED] - verifyEqual: Actual object '5' and expected object '5' are equal

2018-06-15 12:44:30 - [MESSAGE][PASSED] - Actual object '5' and expected object '5' are equal]]></system-out>
         <system-err><![CDATA[]]></system-err>
      </testcase>
      <testcase name="Test Cases/ProductAdd_TestCases/ValidationOf_All_ProductAddPage_Fields" classname="Test Cases/ProductAdd_TestCases/ValidationOf_All_ProductAddPage_Fields" status="PASSED">
         <system-out><![CDATA[2018-06-15 12:44:30 - [TEST_CASE][PASSED] - Test Cases/ProductAdd_TestCases/ValidationOf_All_ProductAddPage_Fields: Test Cases/ProductAdd_TestCases/ValidationOf_All_ProductAddPage_Fields

2018-06-15 12:44:31 - [TEST_STEP][PASSED] - verifyElementText: Actual text and expected text of test object 'Object Repository/Page_BugsUI productAdd/ProductAdd_Fields/span_Classification' are matched.

2018-06-15 12:44:31 - [MESSAGE][PASSED] - Actual text and expected text of test object 'Object Repository/Page_BugsUI productAdd/ProductAdd_Fields/span_Classification' are matched.

2018-06-15 12:44:31 - [TEST_STEP][PASSED] - verifyElementPresent: Object 'Object Repository/Page_BugsUI productAdd/ProductAdd_Fields/select_Classification' is present

2018-06-15 12:44:31 - [MESSAGE][WARNING] - Timeout '0' is invalid. Using default page load timeout: '30'

2018-06-15 12:44:31 - [MESSAGE][PASSED] - Object 'Object Repository/Page_BugsUI productAdd/ProductAdd_Fields/select_Classification' is present

2018-06-15 12:44:31 - [TEST_STEP][PASSED] - verifyElementText: Actual text and expected text of test object 'Object Repository/Page_BugsUI productAdd/ProductAdd_Fields/span_Product' are matched.

2018-06-15 12:44:31 - [MESSAGE][PASSED] - Actual text and expected text of test object 'Object Repository/Page_BugsUI productAdd/ProductAdd_Fields/span_Product' are matched.

2018-06-15 12:44:31 - [TEST_STEP][PASSED] - verifyElementPresent: Object 'Object Repository/Page_BugsUI productAdd/ProductAdd_Fields/input_productName_addProduct' is present

2018-06-15 12:44:31 - [MESSAGE][WARNING] - Timeout '0' is invalid. Using default page load timeout: '30'

2018-06-15 12:44:31 - [MESSAGE][PASSED] - Object 'Object Repository/Page_BugsUI productAdd/ProductAdd_Fields/input_productName_addProduct' is present

2018-06-15 12:44:31 - [TEST_STEP][PASSED] - verifyElementText: Actual text and expected text of test object 'Object Repository/Page_BugsUI productAdd/ProductAdd_Fields/span_Description' are matched.

2018-06-15 12:44:31 - [MESSAGE][PASSED] - Actual text and expected text of test object 'Object Repository/Page_BugsUI productAdd/ProductAdd_Fields/span_Description' are matched.

2018-06-15 12:44:31 - [TEST_STEP][PASSED] - verifyElementPresent: Object 'Object Repository/Page_BugsUI productAdd/ProductAdd_Fields/textarea_productDescription_ad' is present

2018-06-15 12:44:31 - [MESSAGE][WARNING] - Timeout '0' is invalid. Using default page load timeout: '30'

2018-06-15 12:44:31 - [MESSAGE][PASSED] - Object 'Object Repository/Page_BugsUI productAdd/ProductAdd_Fields/textarea_productDescription_ad' is present

2018-06-15 12:44:31 - [TEST_STEP][PASSED] - verifyElementText: Actual text and expected text of test object 'Object Repository/Page_BugsUI productAdd/ProductAdd_Fields/span_Closed for bug entry' are matched.

2018-06-15 12:44:31 - [MESSAGE][PASSED] - Actual text and expected text of test object 'Object Repository/Page_BugsUI productAdd/ProductAdd_Fields/span_Closed for bug entry' are matched.

2018-06-15 12:44:31 - [TEST_STEP][PASSED] - verifyElementPresent: Object 'Object Repository/Page_BugsUI productAdd/ProductAdd_Fields/input_bugentry_addProduct' is present

2018-06-15 12:44:31 - [MESSAGE][WARNING] - Timeout '0' is invalid. Using default page load timeout: '30'

2018-06-15 12:44:31 - [MESSAGE][PASSED] - Object 'Object Repository/Page_BugsUI productAdd/ProductAdd_Fields/input_bugentry_addProduct' is present

2018-06-15 12:44:31 - [TEST_STEP][PASSED] - verifyElementText: Actual text and expected text of test object 'Object Repository/Page_BugsUI productAdd/ProductAdd_Fields/span_Version' are matched.

2018-06-15 12:44:31 - [MESSAGE][PASSED] - Actual text and expected text of test object 'Object Repository/Page_BugsUI productAdd/ProductAdd_Fields/span_Version' are matched.

2018-06-15 12:44:31 - [TEST_STEP][PASSED] - verifyElementPresent: Object 'Object Repository/Page_BugsUI productAdd/ProductAdd_Fields/input_version_addProduct' is present

2018-06-15 12:44:32 - [MESSAGE][WARNING] - Timeout '0' is invalid. Using default page load timeout: '30'

2018-06-15 12:44:32 - [MESSAGE][PASSED] - Object 'Object Repository/Page_BugsUI productAdd/ProductAdd_Fields/input_version_addProduct' is present

2018-06-15 12:44:32 - [TEST_STEP][PASSED] - verifyElementText: Actual text and expected text of test object 'Object Repository/Page_BugsUI productAdd/ProductAdd_Fields/span_Component' are matched.

2018-06-15 12:44:32 - [MESSAGE][PASSED] - Actual text and expected text of test object 'Object Repository/Page_BugsUI productAdd/ProductAdd_Fields/span_Component' are matched.

2018-06-15 12:44:32 - [TEST_STEP][PASSED] - verifyElementPresent: Object 'Object Repository/Page_BugsUI productAdd/ProductAdd_Fields/input_component_addProduct' is present

2018-06-15 12:44:32 - [MESSAGE][WARNING] - Timeout '0' is invalid. Using default page load timeout: '30'

2018-06-15 12:44:32 - [MESSAGE][PASSED] - Object 'Object Repository/Page_BugsUI productAdd/ProductAdd_Fields/input_component_addProduct' is present

2018-06-15 12:44:32 - [TEST_STEP][PASSED] - verifyElementText: Actual text and expected text of test object 'Object Repository/Page_BugsUI productAdd/ProductAdd_Fields/span_Default Assignee' are matched.

2018-06-15 12:44:32 - [MESSAGE][PASSED] - Actual text and expected text of test object 'Object Repository/Page_BugsUI productAdd/ProductAdd_Fields/span_Default Assignee' are matched.

2018-06-15 12:44:32 - [TEST_STEP][PASSED] - verifyElementPresent: Object 'Object Repository/Page_BugsUI productAdd/ProductAdd_Fields/input_AssignTO_addProduct' is present

2018-06-15 12:44:32 - [MESSAGE][WARNING] - Timeout '0' is invalid. Using default page load timeout: '30'

2018-06-15 12:44:32 - [MESSAGE][PASSED] - Object 'Object Repository/Page_BugsUI productAdd/ProductAdd_Fields/input_AssignTO_addProduct' is present]]></system-out>
         <system-err><![CDATA[]]></system-err>
      </testcase>
      <testcase name="Test Cases/ProductAdd_TestCases/VerifyErrorMessages_for_all_mandatoryfields" classname="Test Cases/ProductAdd_TestCases/VerifyErrorMessages_for_all_mandatoryfields" status="PASSED">
         <system-out><![CDATA[2018-06-15 12:44:32 - [TEST_CASE][PASSED] - Test Cases/ProductAdd_TestCases/VerifyErrorMessages_for_all_mandatoryfields: Test Cases/ProductAdd_TestCases/VerifyErrorMessages_for_all_mandatoryfields

2018-06-15 12:44:32 - [TEST_STEP][PASSED] - scrollToElement: Scroll to object 'Object Repository/Page_BugsUI productAdd/ProductAdd_Fields/button_ADD' successfully

2018-06-15 12:44:32 - [MESSAGE][WARNING] - Timeout '0' is invalid. Using default page load timeout: '30'

2018-06-15 12:44:32 - [MESSAGE][PASSED] - Scroll to object 'Object Repository/Page_BugsUI productAdd/ProductAdd_Fields/button_ADD' successfully

2018-06-15 12:44:32 - [TEST_STEP][PASSED] - click: Object: 'Object Repository/Page_BugsUI productAdd/ProductAdd_Fields/button_ADD' is clicked on

2018-06-15 12:44:33 - [MESSAGE][PASSED] - Object: 'Object Repository/Page_BugsUI productAdd/ProductAdd_Fields/button_ADD' is clicked on

2018-06-15 12:44:33 - [TEST_STEP][PASSED] - delay: Delayed 3 second(s)

2018-06-15 12:44:36 - [MESSAGE][PASSED] - Delayed 3 second(s)

2018-06-15 12:44:36 - [TEST_STEP][PASSED] - Statement - If (com.kms.katalon.core.webui.keyword.WebUiBuiltInKeywords.verifyElementPresent(com.kms.katalon.core.testobject.ObjectRepository.findTestObject(Page_BugsUI productAdd/Error_Messages/small_Product is required), 0)): Actual text 'Product is required !!' and expected text 'Product is required !!' are matched 

2018-06-15 12:44:36 - [MESSAGE][WARNING] - Timeout '0' is invalid. Using default page load timeout: '30'

2018-06-15 12:44:36 - [MESSAGE][PASSED] - Object 'Object Repository/Page_BugsUI productAdd/Error_Messages/small_Product is required' is present

2018-06-15 12:44:36 - [TEST_STEP][PASSED] - Statement - productRequired = com.kms.katalon.core.webui.keyword.WebUiBuiltInKeywords.getText(com.kms.katalon.core.testobject.ObjectRepository.findTestObject(Page_BugsUI productAdd/Error_Messages/small_Product is required)): Text of object 'Object Repository/Page_BugsUI productAdd/Error_Messages/small_Product is required' is: 'Product is required !!'

2018-06-15 12:44:36 - [MESSAGE][PASSED] - Text of object 'Object Repository/Page_BugsUI productAdd/Error_Messages/small_Product is required' is: 'Product is required !!'

2018-06-15 12:44:36 - [TEST_STEP][PASSED] - verifyMatch: Actual text 'Product is required !!' and expected text 'Product is required !!' are matched 

2018-06-15 12:44:36 - [MESSAGE][PASSED] - Actual text 'Product is required !!' and expected text 'Product is required !!' are matched 

2018-06-15 12:44:36 - [TEST_STEP][PASSED] - Statement - If (com.kms.katalon.core.webui.keyword.WebUiBuiltInKeywords.verifyElementPresent(com.kms.katalon.core.testobject.ObjectRepository.findTestObject(Page_BugsUI productAdd/Error_Messages/small_Product description is r), 0)): Actual text 'Product description is required !!' and expected text 'Product description is required !!' are matched 

2018-06-15 12:44:36 - [MESSAGE][WARNING] - Timeout '0' is invalid. Using default page load timeout: '30'

2018-06-15 12:44:36 - [MESSAGE][PASSED] - Object 'Object Repository/Page_BugsUI productAdd/Error_Messages/small_Product description is r' is present

2018-06-15 12:44:36 - [TEST_STEP][PASSED] - Statement - productDescRequired = com.kms.katalon.core.webui.keyword.WebUiBuiltInKeywords.getText(com.kms.katalon.core.testobject.ObjectRepository.findTestObject(Page_BugsUI productAdd/Error_Messages/small_Product description is r)): Text of object 'Object Repository/Page_BugsUI productAdd/Error_Messages/small_Product description is r' is: 'Product description is required !!'

2018-06-15 12:44:36 - [MESSAGE][PASSED] - Text of object 'Object Repository/Page_BugsUI productAdd/Error_Messages/small_Product description is r' is: 'Product description is required !!'

2018-06-15 12:44:36 - [TEST_STEP][PASSED] - verifyMatch: Actual text 'Product description is required !!' and expected text 'Product description is required !!' are matched 

2018-06-15 12:44:36 - [MESSAGE][PASSED] - Actual text 'Product description is required !!' and expected text 'Product description is required !!' are matched 

2018-06-15 12:44:36 - [TEST_STEP][PASSED] - Statement - If (com.kms.katalon.core.webui.keyword.WebUiBuiltInKeywords.verifyElementPresent(com.kms.katalon.core.testobject.ObjectRepository.findTestObject(Page_BugsUI productAdd/Error_Messages/small_Version is required), 0)): Actual text 'Version is required !!' and expected text 'Version is required !!' are matched 

2018-06-15 12:44:36 - [MESSAGE][WARNING] - Timeout '0' is invalid. Using default page load timeout: '30'

2018-06-15 12:44:36 - [MESSAGE][PASSED] - Object 'Object Repository/Page_BugsUI productAdd/Error_Messages/small_Version is required' is present

2018-06-15 12:44:36 - [TEST_STEP][PASSED] - Statement - versionRequired = com.kms.katalon.core.webui.keyword.WebUiBuiltInKeywords.getText(com.kms.katalon.core.testobject.ObjectRepository.findTestObject(Page_BugsUI productAdd/Error_Messages/small_Version is required)): Text of object 'Object Repository/Page_BugsUI productAdd/Error_Messages/small_Version is required' is: 'Version is required !!'

2018-06-15 12:44:36 - [MESSAGE][PASSED] - Text of object 'Object Repository/Page_BugsUI productAdd/Error_Messages/small_Version is required' is: 'Version is required !!'

2018-06-15 12:44:36 - [TEST_STEP][PASSED] - verifyMatch: Actual text 'Version is required !!' and expected text 'Version is required !!' are matched 

2018-06-15 12:44:36 - [MESSAGE][PASSED] - Actual text 'Version is required !!' and expected text 'Version is required !!' are matched 

2018-06-15 12:44:36 - [TEST_STEP][PASSED] - Statement - If (com.kms.katalon.core.webui.keyword.WebUiBuiltInKeywords.verifyElementPresent(com.kms.katalon.core.testobject.ObjectRepository.findTestObject(Page_BugsUI productAdd/Error_Messages/small_Email Id is required), 0)): Actual text 'Email Id is required !!' and expected text 'Email Id is required !!' are matched 

2018-06-15 12:44:36 - [MESSAGE][WARNING] - Timeout '0' is invalid. Using default page load timeout: '30'

2018-06-15 12:44:36 - [MESSAGE][PASSED] - Object 'Object Repository/Page_BugsUI productAdd/Error_Messages/small_Email Id is required' is present

2018-06-15 12:44:36 - [TEST_STEP][PASSED] - Statement - emailIdRequired = com.kms.katalon.core.webui.keyword.WebUiBuiltInKeywords.getText(com.kms.katalon.core.testobject.ObjectRepository.findTestObject(Page_BugsUI productAdd/Error_Messages/small_Email Id is required)): Text of object 'Object Repository/Page_BugsUI productAdd/Error_Messages/small_Email Id is required' is: 'Email Id is required !!'

2018-06-15 12:44:36 - [MESSAGE][PASSED] - Text of object 'Object Repository/Page_BugsUI productAdd/Error_Messages/small_Email Id is required' is: 'Email Id is required !!'

2018-06-15 12:44:36 - [TEST_STEP][PASSED] - verifyMatch: Actual text 'Email Id is required !!' and expected text 'Email Id is required !!' are matched 

2018-06-15 12:44:36 - [MESSAGE][PASSED] - Actual text 'Email Id is required !!' and expected text 'Email Id is required !!' are matched]]></system-out>
         <system-err><![CDATA[]]></system-err>
      </testcase>
      <testcase name="Test Cases/ProductAdd_TestCases/VerifyAdditionOfSuccessfulProduct" classname="Test Cases/ProductAdd_TestCases/VerifyAdditionOfSuccessfulProduct" status="PASSED">
         <system-out><![CDATA[2018-06-15 12:44:36 - [TEST_CASE][PASSED] - Test Cases/ProductAdd_TestCases/VerifyAdditionOfSuccessfulProduct: Test Cases/ProductAdd_TestCases/VerifyAdditionOfSuccessfulProduct

2018-06-15 12:44:37 - [TEST_STEP][PASSED] - selectOptionByLabel: All options with label 'Software' are selected in object 'Object Repository/Page_BugsUI productAdd/ProductAdd_Fields/select_Classification' 

2018-06-15 12:44:37 - [MESSAGE][PASSED] - All options with label 'Software' are selected in object 'Object Repository/Page_BugsUI productAdd/ProductAdd_Fields/select_Classification' 

2018-06-15 12:44:37 - [TEST_STEP][PASSED] - setText: Text 'TestProduct_Automation' is set on object 'Object Repository/Page_BugsUI productAdd/ProductAdd_Fields/input_productName_addProduct'

2018-06-15 12:44:39 - [MESSAGE][PASSED] - Text 'TestProduct_Automation' is set on object 'Object Repository/Page_BugsUI productAdd/ProductAdd_Fields/input_productName_addProduct'

2018-06-15 12:44:39 - [TEST_STEP][PASSED] - setText: Text 'TestProduct Automation Description' is set on object 'Object Repository/Page_BugsUI productAdd/ProductAdd_Fields/textarea_productDescription_ad'

2018-06-15 12:44:41 - [MESSAGE][PASSED] - Text 'TestProduct Automation Description' is set on object 'Object Repository/Page_BugsUI productAdd/ProductAdd_Fields/textarea_productDescription_ad'

2018-06-15 12:44:41 - [TEST_STEP][PASSED] - setText: Text '1' is set on object 'Object Repository/Page_BugsUI productAdd/ProductAdd_Fields/input_version_addProduct'

2018-06-15 12:44:41 - [MESSAGE][PASSED] - Text '1' is set on object 'Object Repository/Page_BugsUI productAdd/ProductAdd_Fields/input_version_addProduct'

2018-06-15 12:44:41 - [TEST_STEP][PASSED] - setText: Text 'Test_Component_Automation' is set on object 'Object Repository/Page_BugsUI productAdd/ProductAdd_Fields/input_component_addProduct'

2018-06-15 12:44:43 - [MESSAGE][PASSED] - Text 'Test_Component_Automation' is set on object 'Object Repository/Page_BugsUI productAdd/ProductAdd_Fields/input_component_addProduct'

2018-06-15 12:44:43 - [TEST_STEP][PASSED] - delay: Delayed 2 second(s)

2018-06-15 12:44:45 - [MESSAGE][PASSED] - Delayed 2 second(s)

2018-06-15 12:44:45 - [TEST_STEP][PASSED] - setText: Text 'TestComponent Description' is set on object 'Object Repository/Page_BugsUI productAdd/ProductAdd_Fields/textarea_componentDescription_'

2018-06-15 12:44:47 - [MESSAGE][PASSED] - Text 'TestComponent Description' is set on object 'Object Repository/Page_BugsUI productAdd/ProductAdd_Fields/textarea_componentDescription_'

2018-06-15 12:44:47 - [TEST_STEP][PASSED] - setText: Text 'kumar' is set on object 'Object Repository/Page_BugsUI productAdd/ProductAdd_Fields/input_AssignTO_addProduct'

2018-06-15 12:44:48 - [MESSAGE][PASSED] - Text 'kumar' is set on object 'Object Repository/Page_BugsUI productAdd/ProductAdd_Fields/input_AssignTO_addProduct'

2018-06-15 12:44:48 - [TEST_STEP][PASSED] - scrollToElement: Scroll to object 'Object Repository/Page_BugsUI productAdd/ProductAdd_Fields/button_ADD' successfully

2018-06-15 12:44:48 - [MESSAGE][WARNING] - Timeout '0' is invalid. Using default page load timeout: '30'

2018-06-15 12:44:48 - [MESSAGE][PASSED] - Scroll to object 'Object Repository/Page_BugsUI productAdd/ProductAdd_Fields/button_ADD' successfully

2018-06-15 12:44:48 - [TEST_STEP][PASSED] - click: Object: 'Object Repository/Page_BugsUI productAdd/ProductAdd_Fields/button_ADD' is clicked on

2018-06-15 12:44:48 - [MESSAGE][PASSED] - Object: 'Object Repository/Page_BugsUI productAdd/ProductAdd_Fields/button_ADD' is clicked on

2018-06-15 12:44:48 - [TEST_STEP][PASSED] - Statement - If (com.kms.katalon.core.webui.keyword.WebUiBuiltInKeywords.verifyElementPresent(com.kms.katalon.core.testobject.ObjectRepository.findTestObject(Page_BugsUI productAdd/Error_Messages/small_Invalid Email Id), 0)): Actual text 'Invalid Email Id !!' and expected text 'Invalid Email Id !!' are matched 

2018-06-15 12:44:48 - [MESSAGE][WARNING] - Timeout '0' is invalid. Using default page load timeout: '30'

2018-06-15 12:44:48 - [MESSAGE][PASSED] - Object 'Object Repository/Page_BugsUI productAdd/Error_Messages/small_Invalid Email Id' is present

2018-06-15 12:44:48 - [TEST_STEP][PASSED] - Statement - invalidEmailId = com.kms.katalon.core.webui.keyword.WebUiBuiltInKeywords.getText(com.kms.katalon.core.testobject.ObjectRepository.findTestObject(Page_BugsUI productAdd/Error_Messages/small_Invalid Email Id)): Text of object 'Object Repository/Page_BugsUI productAdd/Error_Messages/small_Invalid Email Id' is: 'Invalid Email Id !!'

2018-06-15 12:44:48 - [MESSAGE][PASSED] - Text of object 'Object Repository/Page_BugsUI productAdd/Error_Messages/small_Invalid Email Id' is: 'Invalid Email Id !!'

2018-06-15 12:44:48 - [TEST_STEP][PASSED] - verifyMatch: Actual text 'Invalid Email Id !!' and expected text 'Invalid Email Id !!' are matched 

2018-06-15 12:44:48 - [MESSAGE][PASSED] - Actual text 'Invalid Email Id !!' and expected text 'Invalid Email Id !!' are matched 

2018-06-15 12:44:48 - [TEST_STEP][PASSED] - delay: Delayed 3 second(s)

2018-06-15 12:44:51 - [MESSAGE][PASSED] - Delayed 3 second(s)

2018-06-15 12:44:51 - [TEST_STEP][PASSED] - Statement - com.kms.katalon.core.webui.common.WebUiCommonHelper.findWebElement(com.kms.katalon.core.testobject.ObjectRepository.findTestObject(Page_BugsUI productAdd/ProductAdd_Fields/input_AssignTO_addProduct), 2).clear(): Found 1 web elements with id: 'Object Repository/Page_BugsUI productAdd/ProductAdd_Fields/input_AssignTO_addProduct' located by 'By.xpath: //input[@type = 'text' and @name = 'AssignTO_addProduct']' in '2' second(s)

2018-06-15 12:44:51 - [TEST_STEP][PASSED] - setText: Text 'kumar@happiestminds.com' is set on object 'Object Repository/Page_BugsUI productAdd/ProductAdd_Fields/input_AssignTO_addProduct'

2018-06-15 12:44:53 - [MESSAGE][PASSED] - Text 'kumar@happiestminds.com' is set on object 'Object Repository/Page_BugsUI productAdd/ProductAdd_Fields/input_AssignTO_addProduct'

2018-06-15 12:44:53 - [TEST_STEP][PASSED] - click: Object: 'Object Repository/Page_BugsUI productAdd/ProductAdd_Fields/button_ADD' is clicked on

2018-06-15 12:44:53 - [MESSAGE][PASSED] - Object: 'Object Repository/Page_BugsUI productAdd/ProductAdd_Fields/button_ADD' is clicked on

2018-06-15 12:44:53 - [TEST_STEP][PASSED] - delay: Delayed 3 second(s)

2018-06-15 12:44:56 - [MESSAGE][PASSED] - Delayed 3 second(s)

2018-06-15 12:44:56 - [TEST_STEP][PASSED] - Statement - If (com.kms.katalon.core.webui.keyword.WebUiBuiltInKeywords.verifyElementPresent(com.kms.katalon.core.testobject.ObjectRepository.findTestObject(Page_BugsUI productAdd/Error_Messages/small_Email Id does not exist), 0)): Actual text 'Email Id does not exist !!' and expected text 'Email Id does not exist !!' are matched 

2018-06-15 12:44:56 - [MESSAGE][WARNING] - Timeout '0' is invalid. Using default page load timeout: '30'

2018-06-15 12:44:56 - [MESSAGE][PASSED] - Object 'Object Repository/Page_BugsUI productAdd/Error_Messages/small_Email Id does not exist' is present

2018-06-15 12:44:56 - [TEST_STEP][PASSED] - Statement - emailDoesNotExist = com.kms.katalon.core.webui.keyword.WebUiBuiltInKeywords.getText(com.kms.katalon.core.testobject.ObjectRepository.findTestObject(Page_BugsUI productAdd/Error_Messages/small_Email Id does not exist)): Text of object 'Object Repository/Page_BugsUI productAdd/Error_Messages/small_Email Id does not exist' is: 'Email Id does not exist !!'

2018-06-15 12:44:56 - [MESSAGE][PASSED] - Text of object 'Object Repository/Page_BugsUI productAdd/Error_Messages/small_Email Id does not exist' is: 'Email Id does not exist !!'

2018-06-15 12:44:56 - [TEST_STEP][PASSED] - verifyMatch: Actual text 'Email Id does not exist !!' and expected text 'Email Id does not exist !!' are matched 

2018-06-15 12:44:56 - [MESSAGE][PASSED] - Actual text 'Email Id does not exist !!' and expected text 'Email Id does not exist !!' are matched 

2018-06-15 12:44:56 - [TEST_STEP][PASSED] - delay: Delayed 3 second(s)

2018-06-15 12:44:59 - [MESSAGE][PASSED] - Delayed 3 second(s)

2018-06-15 12:44:59 - [TEST_STEP][PASSED] - Statement - com.kms.katalon.core.webui.common.WebUiCommonHelper.findWebElement(com.kms.katalon.core.testobject.ObjectRepository.findTestObject(Page_BugsUI productAdd/ProductAdd_Fields/input_AssignTO_addProduct), 2).clear(): Found 1 web elements with id: 'Object Repository/Page_BugsUI productAdd/ProductAdd_Fields/input_AssignTO_addProduct' located by 'By.xpath: //input[@type = 'text' and @name = 'AssignTO_addProduct']' in '2' second(s)

2018-06-15 12:44:59 - [TEST_STEP][PASSED] - setText: Text 'kumar.nagendra@happiestminds.com' is set on object 'Object Repository/Page_BugsUI productAdd/ProductAdd_Fields/input_AssignTO_addProduct'

2018-06-15 12:45:01 - [MESSAGE][PASSED] - Text 'kumar.nagendra@happiestminds.com' is set on object 'Object Repository/Page_BugsUI productAdd/ProductAdd_Fields/input_AssignTO_addProduct'

2018-06-15 12:45:01 - [TEST_STEP][PASSED] - click: Object: 'Object Repository/Page_BugsUI productAdd/ProductAdd_Fields/button_ADD' is clicked on

2018-06-15 12:45:02 - [MESSAGE][PASSED] - Object: 'Object Repository/Page_BugsUI productAdd/ProductAdd_Fields/button_ADD' is clicked on

2018-06-15 12:45:02 - [TEST_STEP][PASSED] - delay: Delayed 1 second(s)

2018-06-15 12:45:03 - [MESSAGE][PASSED] - Delayed 1 second(s)

2018-06-15 12:45:03 - [TEST_STEP][PASSED] - Statement - successAlert = com.kms.katalon.core.webui.keyword.WebUiBuiltInKeywords.verifyElementPresent(com.kms.katalon.core.testobject.ObjectRepository.findTestObject(Page_BugsUI productAdd/ProductAdd_Fields/div_Successfully added the pro), 6): Object 'Object Repository/Page_BugsUI productAdd/ProductAdd_Fields/div_Successfully added the pro' is present

2018-06-15 12:45:03 - [MESSAGE][PASSED] - Object 'Object Repository/Page_BugsUI productAdd/ProductAdd_Fields/div_Successfully added the pro' is present

2018-06-15 12:45:03 - [TEST_STEP][PASSED] - Statement - text = <not implemented yet for class: org.codehaus.groovy.ast.expr.EmptyExpression>: null

2018-06-15 12:45:03 - [TEST_STEP][PASSED] - Statement - If (successAlert): Text of object 'Object Repository/Page_BugsUI productAdd/ProductAdd_Fields/div_Successfully added the pro' is: 'Successfully added the product "TestProduct_Automation"!!!'

2018-06-15 12:45:03 - [TEST_STEP][PASSED] - Statement - text = com.kms.katalon.core.webui.keyword.WebUiBuiltInKeywords.getText(com.kms.katalon.core.testobject.ObjectRepository.findTestObject(Page_BugsUI productAdd/ProductAdd_Fields/div_Successfully added the pro)): Text of object 'Object Repository/Page_BugsUI productAdd/ProductAdd_Fields/div_Successfully added the pro' is: 'Successfully added the product "TestProduct_Automation"!!!'

2018-06-15 12:45:03 - [MESSAGE][PASSED] - Text of object 'Object Repository/Page_BugsUI productAdd/ProductAdd_Fields/div_Successfully added the pro' is: 'Successfully added the product "TestProduct_Automation"!!!'

2018-06-15 12:45:03 - [TEST_STEP][PASSED] - Statement - println("Success text is--------" + text): null

2018-06-15 12:45:03 - [TEST_STEP][PASSED] - verifyMatch: Actual text 'Successfully added the product "TestProduct_Automation"!!!' and expected text 'Successfully added the product "TestProduct_Automation"!!!' are matched  using regular expression

2018-06-15 12:45:03 - [MESSAGE][PASSED] - Actual text 'Successfully added the product "TestProduct_Automation"!!!' and expected text 'Successfully added the product "TestProduct_Automation"!!!' are matched  using regular expression]]></system-out>
         <system-err><![CDATA[]]></system-err>
      </testcase>
      <testcase name="Test Cases/ProductAdd_TestCases/VerifyNewProductAdded_In_package_dropdown" classname="Test Cases/ProductAdd_TestCases/VerifyNewProductAdded_In_package_dropdown" status="PASSED">
         <system-out><![CDATA[2018-06-15 12:45:03 - [TEST_CASE][PASSED] - Test Cases/ProductAdd_TestCases/VerifyNewProductAdded_In_package_dropdown: Test Cases/ProductAdd_TestCases/VerifyNewProductAdded_In_package_dropdown

2018-06-15 12:45:04 - [TEST_STEP][PASSED] - Statement - newBugTabVisible = com.kms.katalon.core.webui.keyword.WebUiBuiltInKeywords.verifyElementVisible(com.kms.katalon.core.testobject.ObjectRepository.findTestObject(Page_BugsUI Dashboard/a_New bug)): Object 'Object Repository/Page_BugsUI Dashboard/a_New bug' is visible

2018-06-15 12:45:04 - [MESSAGE][PASSED] - Object 'Object Repository/Page_BugsUI Dashboard/a_New bug' is visible

2018-06-15 12:45:04 - [TEST_STEP][PASSED] - Statement - If (newBugTabVisible): Object: 'Object Repository/Page_BugsUI Dashboard/a_New bug' is clicked on

2018-06-15 12:45:04 - [TEST_STEP][PASSED] - click: Object: 'Object Repository/Page_BugsUI Dashboard/a_New bug' is clicked on

2018-06-15 12:45:04 - [MESSAGE][PASSED] - Object: 'Object Repository/Page_BugsUI Dashboard/a_New bug' is clicked on

2018-06-15 12:45:04 - [TEST_STEP][PASSED] - delay: Delayed 2 second(s)

2018-06-15 12:45:06 - [MESSAGE][PASSED] - Delayed 2 second(s)

2018-06-15 12:45:06 - [TEST_STEP][PASSED] - selectOptionByLabel: All options with label 'Software' are selected in object 'Object Repository/Page_BugsUI New Bug/DropdownClassification' 

2018-06-15 12:45:07 - [MESSAGE][PASSED] - All options with label 'Software' are selected in object 'Object Repository/Page_BugsUI New Bug/DropdownClassification' 

2018-06-15 12:45:07 - [TEST_STEP][PASSED] - delay: Delayed 5 second(s)

2018-06-15 12:45:12 - [MESSAGE][PASSED] - Delayed 5 second(s)

2018-06-15 12:45:12 - [TEST_STEP][PASSED] - selectOptionByLabel: All options with label 'TestProduct_Automation' are selected in object 'Object Repository/Page_BugsUI New Bug/DropdownPackage' 

2018-06-15 12:45:12 - [MESSAGE][PASSED] - All options with label 'TestProduct_Automation' are selected in object 'Object Repository/Page_BugsUI New Bug/DropdownPackage' 

2018-06-15 12:45:12 - [TEST_STEP][PASSED] - delay: Delayed 3 second(s)

2018-06-15 12:45:15 - [MESSAGE][PASSED] - Delayed 3 second(s)

2018-06-15 12:45:15 - [TEST_STEP][PASSED] - verifyElementText: Actual text and expected text of test object 'Object Repository/Page_BugsUI productAdd/ProductAdd_Fields/span_Component' are matched.

2018-06-15 12:45:15 - [MESSAGE][PASSED] - Actual text and expected text of test object 'Object Repository/Page_BugsUI productAdd/ProductAdd_Fields/span_Component' are matched.]]></system-out>
         <system-err><![CDATA[]]></system-err>
      </testcase>
      <testcase name="Test Cases/Depends_Blocks_TestCases/Verify whether user can open Depends on and Blocks section" classname="Test Cases/Depends_Blocks_TestCases/Verify whether user can open Depends on and Blocks section" status="PASSED">
         <system-out><![CDATA[2018-06-15 12:45:15 - [TEST_CASE][PASSED] - Test Cases/Depends_Blocks_TestCases/Verify whether user can open Depends on and Blocks section: Test Cases/Depends_Blocks_TestCases/Verify whether user can open Depends on and Blocks section

2018-06-15 12:45:16 - [TEST_STEP][PASSED] - openBrowser: Browser is opened with url: ''

2018-06-15 12:45:16 - [MESSAGE][WARNING] - A browser is already opened. Closing browser and opening a new one

2018-06-15 12:45:18 - [MESSAGE][PASSED] - Browser is opened with url: ''

2018-06-15 12:45:18 - [TEST_STEP][PASSED] - navigateToUrl: Navigate to 'http://us142.sjc.aristanetworks.com:7000/' successfully

2018-06-15 12:45:25 - [MESSAGE][PASSED] - Navigate to 'http://us142.sjc.aristanetworks.com:7000/' successfully

2018-06-15 12:45:25 - [TEST_STEP][PASSED] - maximizeWindow: Current window maximized

2018-06-15 12:45:25 - [MESSAGE][PASSED] - Current window maximized

2018-06-15 12:45:25 - [TEST_STEP][PASSED] - setText: Text 'knagendra-ext' is set on object 'Object Repository/Page_BugsUI login/input_value_userid'

2018-06-15 12:45:27 - [MESSAGE][PASSED] - Text 'knagendra-ext' is set on object 'Object Repository/Page_BugsUI login/input_value_userid'

2018-06-15 12:45:27 - [TEST_STEP][PASSED] - setText: Text 'Tumkur@123' is set on object 'Object Repository/Page_BugsUI login/input_form-control ng-untouche'

2018-06-15 12:45:28 - [MESSAGE][PASSED] - Text 'Tumkur@123' is set on object 'Object Repository/Page_BugsUI login/input_form-control ng-untouche'

2018-06-15 12:45:28 - [TEST_STEP][PASSED] - click: Object: 'Object Repository/Page_BugsUI login/button_Login' is clicked on

2018-06-15 12:45:28 - [MESSAGE][PASSED] - Object: 'Object Repository/Page_BugsUI login/button_Login' is clicked on

2018-06-15 12:45:28 - [TEST_STEP][PASSED] - setText: Text '254833' is set on object 'Object Repository/Page_BugsUI Dashboard/input_navbar-search-input'

2018-06-15 12:45:29 - [MESSAGE][PASSED] - Text '254833' is set on object 'Object Repository/Page_BugsUI Dashboard/input_navbar-search-input'

2018-06-15 12:45:29 - [TEST_STEP][PASSED] - delay: Delayed 1 second(s)

2018-06-15 12:45:30 - [MESSAGE][PASSED] - Delayed 1 second(s)

2018-06-15 12:45:30 - [TEST_STEP][PASSED] - sendKeys: Keys 'ENTER + ' sent to object: 'Object Repository/Page_BugsUI Dashboard/input_navbar-search-input'

2018-06-15 12:45:30 - [MESSAGE][PASSED] - Keys 'ENTER + ' sent to object: 'Object Repository/Page_BugsUI Dashboard/input_navbar-search-input'

2018-06-15 12:45:30 - [TEST_STEP][PASSED] - delay: Delayed 3 second(s)

2018-06-15 12:45:33 - [MESSAGE][PASSED] - Delayed 3 second(s)

2018-06-15 12:45:33 - [TEST_STEP][PASSED] - Statement - If (com.kms.katalon.core.webui.keyword.WebUiBuiltInKeywords.verifyElementPresent(com.kms.katalon.core.testobject.ObjectRepository.findTestObject(Page_BugsUI_Depends_Blocks/a_Depends and Blocks), 1)): Object: 'Object Repository/Page_BugsUI_Depends_Blocks/a_Depends and Blocks' is clicked on

2018-06-15 12:45:33 - [MESSAGE][PASSED] - Object 'Object Repository/Page_BugsUI_Depends_Blocks/a_Depends and Blocks' is present

2018-06-15 12:45:33 - [TEST_STEP][PASSED] - click: Object: 'Object Repository/Page_BugsUI_Depends_Blocks/a_Depends and Blocks' is clicked on

2018-06-15 12:45:33 - [MESSAGE][PASSED] - Object: 'Object Repository/Page_BugsUI_Depends_Blocks/a_Depends and Blocks' is clicked on

2018-06-15 12:45:33 - [TEST_STEP][PASSED] - delay: Delayed 2 second(s)

2018-06-15 12:45:35 - [MESSAGE][PASSED] - Delayed 2 second(s)

2018-06-15 12:45:35 - [TEST_STEP][PASSED] - Statement - If (com.kms.katalon.core.webui.keyword.WebUiBuiltInKeywords.verifyElementPresent(com.kms.katalon.core.testobject.ObjectRepository.findTestObject(Page_BugsUI_Depends_Blocks/h3_Bug blocks), 1)): null

2018-06-15 12:45:35 - [MESSAGE][PASSED] - Object 'Object Repository/Page_BugsUI_Depends_Blocks/h3_Bug blocks' is present

2018-06-15 12:45:35 - [TEST_STEP][PASSED] - Statement - blocksText = com.kms.katalon.core.webui.keyword.WebUiBuiltInKeywords.getText(com.kms.katalon.core.testobject.ObjectRepository.findTestObject(Page_BugsUI_Depends_Blocks/h3_Bug blocks)): Text of object 'Object Repository/Page_BugsUI_Depends_Blocks/h3_Bug blocks' is: 'Bug 254833 blocks :'

2018-06-15 12:45:36 - [MESSAGE][PASSED] - Text of object 'Object Repository/Page_BugsUI_Depends_Blocks/h3_Bug blocks' is: 'Bug 254833 blocks :'

2018-06-15 12:45:36 - [TEST_STEP][PASSED] - Statement - If (blocksText.equals("Bug 254833 blocks :")): null

2018-06-15 12:45:36 - [TEST_STEP][PASSED] - Statement - assert true: null

2018-06-15 12:45:36 - [TEST_STEP][PASSED] - Statement - If (com.kms.katalon.core.webui.keyword.WebUiBuiltInKeywords.verifyElementPresent(com.kms.katalon.core.testobject.ObjectRepository.findTestObject(Page_BugsUI_Depends_Blocks/h3_Bug depends on), 1)): null

2018-06-15 12:45:36 - [MESSAGE][PASSED] - Object 'Object Repository/Page_BugsUI_Depends_Blocks/h3_Bug depends on' is present

2018-06-15 12:45:36 - [TEST_STEP][PASSED] - Statement - blocksText = com.kms.katalon.core.webui.keyword.WebUiBuiltInKeywords.getText(com.kms.katalon.core.testobject.ObjectRepository.findTestObject(Page_BugsUI_Depends_Blocks/h3_Bug depends on)): Text of object 'Object Repository/Page_BugsUI_Depends_Blocks/h3_Bug depends on' is: 'Bug 254833 depends on :'

2018-06-15 12:45:36 - [MESSAGE][PASSED] - Text of object 'Object Repository/Page_BugsUI_Depends_Blocks/h3_Bug depends on' is: 'Bug 254833 depends on :'

2018-06-15 12:45:36 - [TEST_STEP][PASSED] - Statement - If (blocksText.equals("Bug 254833 depends on :")): null

2018-06-15 12:45:36 - [TEST_STEP][PASSED] - Statement - assert true: null

2018-06-15 12:45:36 - [TEST_STEP][PASSED] - delay: Delayed 3 second(s)

2018-06-15 12:45:39 - [MESSAGE][PASSED] - Delayed 3 second(s)]]></system-out>
         <system-err><![CDATA[]]></system-err>
      </testcase>
      <testcase name="Test Cases/Depends_Blocks_TestCases/Verify_fields_in_DependsOn_and_Blocks_section" classname="Test Cases/Depends_Blocks_TestCases/Verify_fields_in_DependsOn_and_Blocks_section" status="PASSED">
         <system-out><![CDATA[2018-06-15 12:45:39 - [TEST_CASE][PASSED] - Test Cases/Depends_Blocks_TestCases/Verify_fields_in_DependsOn_and_Blocks_section: Test Cases/Depends_Blocks_TestCases/Verify_fields_in_DependsOn_and_Blocks_section

2018-06-15 12:45:39 - [TEST_STEP][PASSED] - delay: Delayed 2 second(s)

2018-06-15 12:45:41 - [MESSAGE][PASSED] - Delayed 2 second(s)

2018-06-15 12:45:41 - [TEST_STEP][PASSED] - verifyElementPresent: Object 'Object Repository/Page_BugsUI_Depends_Blocks/dependsOn_deleteButton' is present

2018-06-15 12:45:41 - [MESSAGE][PASSED] - Object 'Object Repository/Page_BugsUI_Depends_Blocks/dependsOn_deleteButton' is present

2018-06-15 12:45:41 - [TEST_STEP][PASSED] - verifyElementPresent: Object 'Object Repository/Page_BugsUI_Depends_Blocks/dependsOn_ID' is present

2018-06-15 12:45:41 - [MESSAGE][PASSED] - Object 'Object Repository/Page_BugsUI_Depends_Blocks/dependsOn_ID' is present

2018-06-15 12:45:41 - [TEST_STEP][PASSED] - verifyElementPresent: Object 'Object Repository/Page_BugsUI_Depends_Blocks/dependsOn_Priority' is present

2018-06-15 12:45:42 - [MESSAGE][PASSED] - Object 'Object Repository/Page_BugsUI_Depends_Blocks/dependsOn_Priority' is present

2018-06-15 12:45:42 - [TEST_STEP][PASSED] - verifyElementPresent: Object 'Object Repository/Page_BugsUI_Depends_Blocks/dependsOn_Summary' is present

2018-06-15 12:45:42 - [MESSAGE][PASSED] - Object 'Object Repository/Page_BugsUI_Depends_Blocks/dependsOn_Summary' is present

2018-06-15 12:45:42 - [TEST_STEP][PASSED] - verifyElementPresent: Object 'Object Repository/Page_BugsUI_Depends_Blocks/dependsOn_Assigned To' is present

2018-06-15 12:45:42 - [MESSAGE][PASSED] - Object 'Object Repository/Page_BugsUI_Depends_Blocks/dependsOn_Assigned To' is present

2018-06-15 12:45:42 - [TEST_STEP][PASSED] - verifyElementPresent: Object 'Object Repository/Page_BugsUI_Depends_Blocks/dependOn_Status' is present

2018-06-15 12:45:42 - [MESSAGE][PASSED] - Object 'Object Repository/Page_BugsUI_Depends_Blocks/dependOn_Status' is present

2018-06-15 12:45:42 - [TEST_STEP][PASSED] - verifyElementPresent: Object 'Object Repository/Page_BugsUI_Depends_Blocks/div_dependsOnBug1' is present

2018-06-15 12:45:42 - [MESSAGE][PASSED] - Object 'Object Repository/Page_BugsUI_Depends_Blocks/div_dependsOnBug1' is present

2018-06-15 12:45:42 - [TEST_STEP][PASSED] - verifyElementPresent: Object 'Object Repository/Page_BugsUI_Depends_Blocks/dependsOn_Add_button' is present

2018-06-15 12:45:42 - [MESSAGE][PASSED] - Object 'Object Repository/Page_BugsUI_Depends_Blocks/dependsOn_Add_button' is present

2018-06-15 12:45:42 - [TEST_STEP][PASSED] - verifyElementPresent: Object 'Object Repository/Page_BugsUI_Depends_Blocks/blocks_deleteButton' is present

2018-06-15 12:45:42 - [MESSAGE][PASSED] - Object 'Object Repository/Page_BugsUI_Depends_Blocks/blocks_deleteButton' is present

2018-06-15 12:45:42 - [TEST_STEP][PASSED] - verifyElementPresent: Object 'Object Repository/Page_BugsUI_Depends_Blocks/blocks_ID' is present

2018-06-15 12:45:42 - [MESSAGE][PASSED] - Object 'Object Repository/Page_BugsUI_Depends_Blocks/blocks_ID' is present

2018-06-15 12:45:42 - [TEST_STEP][PASSED] - verifyElementPresent: Object 'Object Repository/Page_BugsUI_Depends_Blocks/blocks_Priority' is present

2018-06-15 12:45:42 - [MESSAGE][PASSED] - Object 'Object Repository/Page_BugsUI_Depends_Blocks/blocks_Priority' is present

2018-06-15 12:45:42 - [TEST_STEP][PASSED] - verifyElementPresent: Object 'Object Repository/Page_BugsUI_Depends_Blocks/blocks_Summary' is present

2018-06-15 12:45:42 - [MESSAGE][PASSED] - Object 'Object Repository/Page_BugsUI_Depends_Blocks/blocks_Summary' is present

2018-06-15 12:45:42 - [TEST_STEP][PASSED] - verifyElementPresent: Object 'Object Repository/Page_BugsUI_Depends_Blocks/blocks_Assigned To' is present

2018-06-15 12:45:42 - [MESSAGE][PASSED] - Object 'Object Repository/Page_BugsUI_Depends_Blocks/blocks_Assigned To' is present

2018-06-15 12:45:42 - [TEST_STEP][PASSED] - verifyElementPresent: Object 'Object Repository/Page_BugsUI_Depends_Blocks/blocks_Status' is present

2018-06-15 12:45:42 - [MESSAGE][PASSED] - Object 'Object Repository/Page_BugsUI_Depends_Blocks/blocks_Status' is present

2018-06-15 12:45:42 - [TEST_STEP][PASSED] - verifyElementPresent: Object 'Object Repository/Page_BugsUI_Depends_Blocks/div_blockedBug1' is present

2018-06-15 12:45:42 - [MESSAGE][PASSED] - Object 'Object Repository/Page_BugsUI_Depends_Blocks/div_blockedBug1' is present

2018-06-15 12:45:42 - [TEST_STEP][PASSED] - verifyElementPresent: Object 'Object Repository/Page_BugsUI_Depends_Blocks/blocks_Add_button' is present

2018-06-15 12:45:42 - [MESSAGE][PASSED] - Object 'Object Repository/Page_BugsUI_Depends_Blocks/blocks_Add_button' is present]]></system-out>
         <system-err><![CDATA[]]></system-err>
      </testcase>
      <testcase name="Test Cases/Depends_Blocks_TestCases/Verify_user_can_add _new BugId_under_DependsOn_section" classname="Test Cases/Depends_Blocks_TestCases/Verify_user_can_add _new BugId_under_DependsOn_section" status="PASSED">
         <system-out><![CDATA[2018-06-15 12:45:42 - [TEST_CASE][PASSED] - Test Cases/Depends_Blocks_TestCases/Verify_user_can_add _new BugId_under_DependsOn_section: Test Cases/Depends_Blocks_TestCases/Verify_user_can_add _new BugId_under_DependsOn_section

2018-06-15 12:45:43 - [TEST_STEP][PASSED] - delay: Delayed 2 second(s)

2018-06-15 12:45:45 - [MESSAGE][PASSED] - Delayed 2 second(s)

2018-06-15 12:45:45 - [TEST_STEP][PASSED] - setText: Text '09090909' is set on object 'Object Repository/Page_BugsUI_Depends_Blocks/div_dependsOnBug1'

2018-06-15 12:45:45 - [MESSAGE][PASSED] - Text '09090909' is set on object 'Object Repository/Page_BugsUI_Depends_Blocks/div_dependsOnBug1'

2018-06-15 12:45:45 - [TEST_STEP][PASSED] - click: Object: 'Object Repository/Page_BugsUI_Depends_Blocks/dependsOn_Add_button' is clicked on

2018-06-15 12:45:46 - [MESSAGE][PASSED] - Object: 'Object Repository/Page_BugsUI_Depends_Blocks/dependsOn_Add_button' is clicked on

2018-06-15 12:45:46 - [TEST_STEP][PASSED] - Statement - If (com.kms.katalon.core.webui.keyword.WebUiBuiltInKeywords.verifyAlertPresent(2)): Alert accepted

2018-06-15 12:45:47 - [MESSAGE][PASSED] - Alert is present after 2 second(s).

2018-06-15 12:45:47 - [TEST_STEP][PASSED] - Statement - alertText = com.kms.katalon.core.webui.keyword.WebUiBuiltInKeywords.getAlertText(): Get alert text successfully: 'Following Bug Id(s) entered under 'depends on' do not exist:
09090909'

2018-06-15 12:45:47 - [MESSAGE][PASSED] - Get alert text successfully: 'Following Bug Id(s) entered under 'depends on' do not exist:
09090909'

2018-06-15 12:45:47 - [TEST_STEP][PASSED] - Statement - alertText.contains("Following Bug Id(s) entered under 'depends on' does not exist:"): null

2018-06-15 12:45:47 - [TEST_STEP][PASSED] - Statement - alertText.contains("09090909"): null

2018-06-15 12:45:47 - [TEST_STEP][PASSED] - acceptAlert: Alert accepted

2018-06-15 12:45:47 - [MESSAGE][PASSED] - Alert accepted

2018-06-15 12:45:47 - [TEST_STEP][PASSED] - newKey.ClearFields.ClearTextField: newKey.ClearFields.ClearTextField is PASSED

2018-06-15 12:45:47 - [MESSAGE][PASSED] - Keys 'CONTROL + a' sent to object: 'Object Repository/Page_BugsUI_Depends_Blocks/div_dependsOnBug1'

2018-06-15 12:45:47 - [MESSAGE][PASSED] - Keys 'DELETE + ' sent to object: 'Object Repository/Page_BugsUI_Depends_Blocks/div_dependsOnBug1'

2018-06-15 12:45:47 - [MESSAGE][PASSED] - newKey.ClearFields.ClearTextField is PASSED

2018-06-15 12:45:47 - [TEST_STEP][PASSED] - setText: Text '252923' is set on object 'Object Repository/Page_BugsUI_Depends_Blocks/div_dependsOnBug1'

2018-06-15 12:45:48 - [MESSAGE][PASSED] - Text '252923' is set on object 'Object Repository/Page_BugsUI_Depends_Blocks/div_dependsOnBug1'

2018-06-15 12:45:48 - [TEST_STEP][PASSED] - click: Object: 'Object Repository/Page_BugsUI_Depends_Blocks/dependsOn_Add_button' is clicked on

2018-06-15 12:45:48 - [MESSAGE][PASSED] - Object: 'Object Repository/Page_BugsUI_Depends_Blocks/dependsOn_Add_button' is clicked on

2018-06-15 12:45:48 - [TEST_STEP][PASSED] - delay: Delayed 2 second(s)

2018-06-15 12:45:50 - [MESSAGE][PASSED] - Delayed 2 second(s)

2018-06-15 12:45:50 - [TEST_STEP][PASSED] - Statement - If (com.kms.katalon.core.webui.keyword.WebUiBuiltInKeywords.verifyAlertPresent(2)): Alert accepted

2018-06-15 12:45:50 - [MESSAGE][PASSED] - Alert is present after 2 second(s).

2018-06-15 12:45:50 - [TEST_STEP][PASSED] - Statement - alertText = com.kms.katalon.core.webui.keyword.WebUiBuiltInKeywords.getAlertText(): Get alert text successfully: 'Changes have been committed successfully to Bug #254833'

2018-06-15 12:45:50 - [MESSAGE][PASSED] - Get alert text successfully: 'Changes have been committed successfully to Bug #254833'

2018-06-15 12:45:50 - [TEST_STEP][PASSED] - verifyEqual: Actual object 'Changes have been committed successfully to Bug #254833' and expected object 'Changes have been committed successfully to Bug #254833' are equal

2018-06-15 12:45:50 - [MESSAGE][PASSED] - Actual object 'Changes have been committed successfully to Bug #254833' and expected object 'Changes have been committed successfully to Bug #254833' are equal

2018-06-15 12:45:50 - [TEST_STEP][PASSED] - acceptAlert: Alert accepted

2018-06-15 12:45:50 - [MESSAGE][PASSED] - Alert accepted

2018-06-15 12:45:50 - [TEST_STEP][PASSED] - delay: Delayed 6 second(s)

2018-06-15 12:45:56 - [MESSAGE][PASSED] - Delayed 6 second(s)

2018-06-15 12:45:56 - [TEST_STEP][PASSED] - Statement - If (com.kms.katalon.core.webui.keyword.WebUiBuiltInKeywords.verifyElementPresent(com.kms.katalon.core.testobject.ObjectRepository.findTestObject(Page_BugsUI_Depends_Blocks/a_252923), 1)): null

2018-06-15 12:45:57 - [MESSAGE][PASSED] - Object 'Object Repository/Page_BugsUI_Depends_Blocks/a_252923' is present

2018-06-15 12:45:57 - [TEST_STEP][PASSED] - Statement - assert true: null]]></system-out>
         <system-err><![CDATA[]]></system-err>
      </testcase>
      <testcase name="Test Cases/Depends_Blocks_TestCases/Verify_user_can_add _same BugId_under_DependsOn_and blocks_section" classname="Test Cases/Depends_Blocks_TestCases/Verify_user_can_add _same BugId_under_DependsOn_and blocks_section" status="PASSED">
         <system-out><![CDATA[2018-06-15 12:45:57 - [TEST_CASE][PASSED] - Test Cases/Depends_Blocks_TestCases/Verify_user_can_add _same BugId_under_DependsOn_and blocks_section: Test Cases/Depends_Blocks_TestCases/Verify_user_can_add _same BugId_under_DependsOn_and blocks_section

2018-06-15 12:45:57 - [TEST_STEP][PASSED] - delay: Delayed 2 second(s)

2018-06-15 12:45:59 - [MESSAGE][PASSED] - Delayed 2 second(s)

2018-06-15 12:45:59 - [TEST_STEP][PASSED] - setText: Text '252923' is set on object 'Object Repository/Page_BugsUI_Depends_Blocks/div_blockedBug1'

2018-06-15 12:46:00 - [MESSAGE][PASSED] - Text '252923' is set on object 'Object Repository/Page_BugsUI_Depends_Blocks/div_blockedBug1'

2018-06-15 12:46:00 - [TEST_STEP][PASSED] - click: Object: 'Object Repository/Page_BugsUI_Depends_Blocks/blocks_Add_button' is clicked on

2018-06-15 12:46:00 - [MESSAGE][PASSED] - Object: 'Object Repository/Page_BugsUI_Depends_Blocks/blocks_Add_button' is clicked on

2018-06-15 12:46:00 - [TEST_STEP][PASSED] - Statement - If (com.kms.katalon.core.webui.keyword.WebUiBuiltInKeywords.verifyAlertPresent(2)): Alert accepted

2018-06-15 12:46:00 - [MESSAGE][PASSED] - Alert is present after 2 second(s).

2018-06-15 12:46:00 - [TEST_STEP][PASSED] - Statement - alertText = com.kms.katalon.core.webui.keyword.WebUiBuiltInKeywords.getAlertText(): Get alert text successfully: 'The following bug(s) would appear on both the 'depends on' and 'blocks' parts of the dependency tree if these changes are committed: 252923. This would create a circular dependency, which is not allowed.'

2018-06-15 12:46:00 - [MESSAGE][PASSED] - Get alert text successfully: 'The following bug(s) would appear on both the 'depends on' and 'blocks' parts of the dependency tree if these changes are committed: 252923. This would create a circular dependency, which is not allowed.'

2018-06-15 12:46:00 - [TEST_STEP][PASSED] - Statement - alertText.contains("This would create a circular dependency, which is not allowed"): null

2018-06-15 12:46:00 - [TEST_STEP][PASSED] - acceptAlert: Alert accepted

2018-06-15 12:46:00 - [MESSAGE][PASSED] - Alert accepted

2018-06-15 12:46:00 - [TEST_STEP][PASSED] - newKey.ClearFields.ClearTextField: newKey.ClearFields.ClearTextField is PASSED

2018-06-15 12:46:00 - [MESSAGE][PASSED] - Keys 'CONTROL + a' sent to object: 'Object Repository/Page_BugsUI_Depends_Blocks/div_blockedBug1'

2018-06-15 12:46:00 - [MESSAGE][PASSED] - Keys 'DELETE + ' sent to object: 'Object Repository/Page_BugsUI_Depends_Blocks/div_blockedBug1'

2018-06-15 12:46:00 - [MESSAGE][PASSED] - newKey.ClearFields.ClearTextField is PASSED

2018-06-15 12:46:00 - [TEST_STEP][PASSED] - setText: Text '254844' is set on object 'Object Repository/Page_BugsUI_Depends_Blocks/div_blockedBug1'

2018-06-15 12:46:01 - [MESSAGE][PASSED] - Text '254844' is set on object 'Object Repository/Page_BugsUI_Depends_Blocks/div_blockedBug1'

2018-06-15 12:46:01 - [TEST_STEP][PASSED] - click: Object: 'Object Repository/Page_BugsUI_Depends_Blocks/blocks_Add_button' is clicked on

2018-06-15 12:46:01 - [MESSAGE][PASSED] - Object: 'Object Repository/Page_BugsUI_Depends_Blocks/blocks_Add_button' is clicked on

2018-06-15 12:46:01 - [TEST_STEP][PASSED] - delay: Delayed 2 second(s)

2018-06-15 12:46:03 - [MESSAGE][PASSED] - Delayed 2 second(s)

2018-06-15 12:46:03 - [TEST_STEP][PASSED] - Statement - If (com.kms.katalon.core.webui.keyword.WebUiBuiltInKeywords.verifyAlertPresent(2)): Alert accepted

2018-06-15 12:46:03 - [MESSAGE][PASSED] - Alert is present after 2 second(s).

2018-06-15 12:46:03 - [TEST_STEP][PASSED] - Statement - alertText = com.kms.katalon.core.webui.keyword.WebUiBuiltInKeywords.getAlertText(): Get alert text successfully: 'Changes have been committed successfully to Bug #254833'

2018-06-15 12:46:03 - [MESSAGE][PASSED] - Get alert text successfully: 'Changes have been committed successfully to Bug #254833'

2018-06-15 12:46:03 - [TEST_STEP][PASSED] - verifyEqual: Actual object 'Changes have been committed successfully to Bug #254833' and expected object 'Changes have been committed successfully to Bug #254833' are equal

2018-06-15 12:46:03 - [MESSAGE][PASSED] - Actual object 'Changes have been committed successfully to Bug #254833' and expected object 'Changes have been committed successfully to Bug #254833' are equal

2018-06-15 12:46:03 - [TEST_STEP][PASSED] - acceptAlert: Alert accepted

2018-06-15 12:46:04 - [MESSAGE][PASSED] - Alert accepted

2018-06-15 12:46:04 - [TEST_STEP][PASSED] - delay: Delayed 6 second(s)

2018-06-15 12:46:10 - [MESSAGE][PASSED] - Delayed 6 second(s)

2018-06-15 12:46:10 - [TEST_STEP][PASSED] - Statement - If (com.kms.katalon.core.webui.keyword.WebUiBuiltInKeywords.verifyElementPresent(com.kms.katalon.core.testobject.ObjectRepository.findTestObject(Page_BugsUI_Depends_Blocks/a_254844), 1)): null

2018-06-15 12:46:10 - [MESSAGE][PASSED] - Object 'Object Repository/Page_BugsUI_Depends_Blocks/a_254844' is present

2018-06-15 12:46:10 - [TEST_STEP][PASSED] - Statement - assert true: null]]></system-out>
         <system-err><![CDATA[]]></system-err>
      </testcase>
      <testcase name="Test Cases/Depends_Blocks_TestCases/Verify_user_can_delete_DependsOn_bug" classname="Test Cases/Depends_Blocks_TestCases/Verify_user_can_delete_DependsOn_bug" status="PASSED">
         <system-out><![CDATA[2018-06-15 12:46:10 - [TEST_CASE][PASSED] - Test Cases/Depends_Blocks_TestCases/Verify_user_can_delete_DependsOn_bug: Test Cases/Depends_Blocks_TestCases/Verify_user_can_delete_DependsOn_bug

2018-06-15 12:46:10 - [TEST_STEP][PASSED] - delay: Delayed 2 second(s)

2018-06-15 12:46:12 - [MESSAGE][PASSED] - Delayed 2 second(s)

2018-06-15 12:46:12 - [TEST_STEP][PASSED] - Statement - If (com.kms.katalon.core.webui.keyword.WebUiBuiltInKeywords.verifyElementPresent(com.kms.katalon.core.testobject.ObjectRepository.findTestObject(Page_BugsUI_Depends_Blocks/input_dependsCheck), 0)): Object: 'Object Repository/Page_BugsUI_Depends_Blocks/del_DependsON' is clicked on

2018-06-15 12:46:12 - [MESSAGE][WARNING] - Timeout '0' is invalid. Using default page load timeout: '30'

2018-06-15 12:46:12 - [MESSAGE][PASSED] - Object 'Object Repository/Page_BugsUI_Depends_Blocks/input_dependsCheck' is present

2018-06-15 12:46:12 - [TEST_STEP][PASSED] - click: Object: 'Object Repository/Page_BugsUI_Depends_Blocks/input_dependsCheck' is clicked on

2018-06-15 12:46:12 - [MESSAGE][PASSED] - Object: 'Object Repository/Page_BugsUI_Depends_Blocks/input_dependsCheck' is clicked on

2018-06-15 12:46:12 - [TEST_STEP][PASSED] - click: Object: 'Object Repository/Page_BugsUI_Depends_Blocks/del_DependsON' is clicked on

2018-06-15 12:46:13 - [MESSAGE][PASSED] - Object: 'Object Repository/Page_BugsUI_Depends_Blocks/del_DependsON' is clicked on

2018-06-15 12:46:13 - [TEST_STEP][PASSED] - delay: Delayed 2 second(s)

2018-06-15 12:46:15 - [MESSAGE][PASSED] - Delayed 2 second(s)

2018-06-15 12:46:15 - [TEST_STEP][PASSED] - Statement - If (com.kms.katalon.core.webui.keyword.WebUiBuiltInKeywords.verifyAlertPresent(2)): Alert accepted

2018-06-15 12:46:15 - [MESSAGE][PASSED] - Alert is present after 2 second(s).

2018-06-15 12:46:15 - [TEST_STEP][PASSED] - Statement - alertText = com.kms.katalon.core.webui.keyword.WebUiBuiltInKeywords.getAlertText(): Get alert text successfully: 'Changes have been committed successfully to Bug #254833'

2018-06-15 12:46:15 - [MESSAGE][PASSED] - Get alert text successfully: 'Changes have been committed successfully to Bug #254833'

2018-06-15 12:46:15 - [TEST_STEP][PASSED] - verifyEqual: Actual object 'Changes have been committed successfully to Bug #254833' and expected object 'Changes have been committed successfully to Bug #254833' are equal

2018-06-15 12:46:15 - [MESSAGE][PASSED] - Actual object 'Changes have been committed successfully to Bug #254833' and expected object 'Changes have been committed successfully to Bug #254833' are equal

2018-06-15 12:46:15 - [TEST_STEP][PASSED] - acceptAlert: Alert accepted

2018-06-15 12:46:15 - [MESSAGE][PASSED] - Alert accepted

2018-06-15 12:46:15 - [TEST_STEP][PASSED] - delay: Delayed 3 second(s)

2018-06-15 12:46:18 - [MESSAGE][PASSED] - Delayed 3 second(s)

2018-06-15 12:46:18 - [TEST_STEP][PASSED] - Statement - If (com.kms.katalon.core.webui.keyword.WebUiBuiltInKeywords.verifyElementNotPresent(com.kms.katalon.core.testobject.ObjectRepository.findTestObject(Page_BugsUI_Depends_Blocks/input_dependsCheck), 0)): null

2018-06-15 12:46:18 - [MESSAGE][WARNING] - Timeout '0' is invalid. Using default page load timeout: '30'

2018-06-15 12:46:18 - [MESSAGE][PASSED] - Web element with id: 'Object Repository/Page_BugsUI_Depends_Blocks/input_dependsCheck' located by 'By.xpath: //input[@id = 'dep0' and @type = 'checkbox' and @name = 'dependsCheck']' is not present after '30' second(s)

2018-06-15 12:46:18 - [TEST_STEP][PASSED] - Statement - assert true: null

2018-06-15 12:46:18 - [TEST_STEP][PASSED] - delay: Delayed 2 second(s)

2018-06-15 12:46:20 - [MESSAGE][PASSED] - Delayed 2 second(s)]]></system-out>
         <system-err><![CDATA[]]></system-err>
      </testcase>
      <testcase name="Test Cases/Depends_Blocks_TestCases/Verify_user_can_delete_Blocks_bug" classname="Test Cases/Depends_Blocks_TestCases/Verify_user_can_delete_Blocks_bug" status="PASSED">
         <system-out><![CDATA[2018-06-15 12:46:20 - [TEST_CASE][PASSED] - Test Cases/Depends_Blocks_TestCases/Verify_user_can_delete_Blocks_bug: Test Cases/Depends_Blocks_TestCases/Verify_user_can_delete_Blocks_bug

2018-06-15 12:46:20 - [TEST_STEP][PASSED] - delay: Delayed 2 second(s)

2018-06-15 12:46:22 - [MESSAGE][PASSED] - Delayed 2 second(s)

2018-06-15 12:46:22 - [TEST_STEP][PASSED] - Statement - If (com.kms.katalon.core.webui.keyword.WebUiBuiltInKeywords.verifyElementPresent(com.kms.katalon.core.testobject.ObjectRepository.findTestObject(Page_BugsUI_Depends_Blocks/input_blockCheck), 0)): Object: 'Object Repository/Page_BugsUI_Depends_Blocks/del_Blocks' is clicked on

2018-06-15 12:46:22 - [MESSAGE][WARNING] - Timeout '0' is invalid. Using default page load timeout: '30'

2018-06-15 12:46:22 - [MESSAGE][PASSED] - Object 'Object Repository/Page_BugsUI_Depends_Blocks/input_blockCheck' is present

2018-06-15 12:46:22 - [TEST_STEP][PASSED] - click: Object: 'Object Repository/Page_BugsUI_Depends_Blocks/input_blockCheck' is clicked on

2018-06-15 12:46:23 - [MESSAGE][PASSED] - Object: 'Object Repository/Page_BugsUI_Depends_Blocks/input_blockCheck' is clicked on

2018-06-15 12:46:23 - [TEST_STEP][PASSED] - click: Object: 'Object Repository/Page_BugsUI_Depends_Blocks/del_Blocks' is clicked on

2018-06-15 12:46:23 - [MESSAGE][PASSED] - Object: 'Object Repository/Page_BugsUI_Depends_Blocks/del_Blocks' is clicked on

2018-06-15 12:46:23 - [TEST_STEP][PASSED] - delay: Delayed 2 second(s)

2018-06-15 12:46:25 - [MESSAGE][PASSED] - Delayed 2 second(s)

2018-06-15 12:46:25 - [TEST_STEP][PASSED] - Statement - If (com.kms.katalon.core.webui.keyword.WebUiBuiltInKeywords.verifyAlertPresent(2)): Alert accepted

2018-06-15 12:46:25 - [MESSAGE][PASSED] - Alert is present after 2 second(s).

2018-06-15 12:46:25 - [TEST_STEP][PASSED] - Statement - alertText = com.kms.katalon.core.webui.keyword.WebUiBuiltInKeywords.getAlertText(): Get alert text successfully: 'Changes have been committed successfully to Bug #254833'

2018-06-15 12:46:25 - [MESSAGE][PASSED] - Get alert text successfully: 'Changes have been committed successfully to Bug #254833'

2018-06-15 12:46:25 - [TEST_STEP][PASSED] - verifyEqual: Actual object 'Changes have been committed successfully to Bug #254833' and expected object 'Changes have been committed successfully to Bug #254833' are equal

2018-06-15 12:46:25 - [MESSAGE][PASSED] - Actual object 'Changes have been committed successfully to Bug #254833' and expected object 'Changes have been committed successfully to Bug #254833' are equal

2018-06-15 12:46:25 - [TEST_STEP][PASSED] - acceptAlert: Alert accepted

2018-06-15 12:46:25 - [MESSAGE][PASSED] - Alert accepted

2018-06-15 12:46:25 - [TEST_STEP][PASSED] - delay: Delayed 3 second(s)

2018-06-15 12:46:28 - [MESSAGE][PASSED] - Delayed 3 second(s)

2018-06-15 12:46:28 - [TEST_STEP][PASSED] - Statement - If (com.kms.katalon.core.webui.keyword.WebUiBuiltInKeywords.verifyElementNotPresent(com.kms.katalon.core.testobject.ObjectRepository.findTestObject(Page_BugsUI_Depends_Blocks/input_blockCheck), 0)): null

2018-06-15 12:46:28 - [MESSAGE][WARNING] - Timeout '0' is invalid. Using default page load timeout: '30'

2018-06-15 12:46:28 - [MESSAGE][PASSED] - Web element with id: 'Object Repository/Page_BugsUI_Depends_Blocks/input_blockCheck' located by 'By.xpath: //input[@id = 'block0' and @type = 'checkbox']' is not present after '30' second(s)

2018-06-15 12:46:28 - [TEST_STEP][PASSED] - Statement - assert true: null

2018-06-15 12:46:28 - [TEST_STEP][PASSED] - delay: Delayed 2 second(s)

2018-06-15 12:46:30 - [MESSAGE][PASSED] - Delayed 2 second(s)]]></system-out>
         <system-err><![CDATA[]]></system-err>
      </testcase>
      <testcase name="Test Cases/BugPage_GeneralTab_TestCases/VerifyBugInfoFields_CanBe_Edited_Commited" classname="Test Cases/BugPage_GeneralTab_TestCases/VerifyBugInfoFields_CanBe_Edited_Commited" status="PASSED">
         <system-out><![CDATA[2018-06-15 12:46:30 - [TEST_CASE][PASSED] - Test Cases/BugPage_GeneralTab_TestCases/VerifyBugInfoFields_CanBe_Edited_Commited: Test Cases/BugPage_GeneralTab_TestCases/VerifyBugInfoFields_CanBe_Edited_Commited

2018-06-15 12:46:30 - [TEST_STEP][PASSED] - openBrowser: Browser is opened with url: ''

2018-06-15 12:46:30 - [MESSAGE][WARNING] - A browser is already opened. Closing browser and opening a new one

2018-06-15 12:46:33 - [MESSAGE][PASSED] - Browser is opened with url: ''

2018-06-15 12:46:33 - [TEST_STEP][PASSED] - navigateToUrl: Navigate to 'http://us142.sjc.aristanetworks.com:7000/' successfully

2018-06-15 12:46:38 - [MESSAGE][PASSED] - Navigate to 'http://us142.sjc.aristanetworks.com:7000/' successfully

2018-06-15 12:46:38 - [TEST_STEP][PASSED] - maximizeWindow: Current window maximized

2018-06-15 12:46:39 - [MESSAGE][PASSED] - Current window maximized

2018-06-15 12:46:39 - [TEST_STEP][PASSED] - setText: Text 'knagendra-ext' is set on object 'Object Repository/Page_BugsUI login/input_value_userid'

2018-06-15 12:46:40 - [MESSAGE][PASSED] - Text 'knagendra-ext' is set on object 'Object Repository/Page_BugsUI login/input_value_userid'

2018-06-15 12:46:40 - [TEST_STEP][PASSED] - setText: Text 'Tumkur@123' is set on object 'Object Repository/Page_BugsUI login/input_form-control ng-untouche'

2018-06-15 12:46:41 - [MESSAGE][PASSED] - Text 'Tumkur@123' is set on object 'Object Repository/Page_BugsUI login/input_form-control ng-untouche'

2018-06-15 12:46:41 - [TEST_STEP][PASSED] - click: Object: 'Object Repository/Page_BugsUI login/button_Login' is clicked on

2018-06-15 12:46:41 - [MESSAGE][PASSED] - Object: 'Object Repository/Page_BugsUI login/button_Login' is clicked on

2018-06-15 12:46:41 - [TEST_STEP][PASSED] - setText: Text '247777' is set on object 'Object Repository/Page_BugsUI Dashboard/input_navbar-search-input'

2018-06-15 12:46:42 - [MESSAGE][PASSED] - Text '247777' is set on object 'Object Repository/Page_BugsUI Dashboard/input_navbar-search-input'

2018-06-15 12:46:42 - [TEST_STEP][PASSED] - delay: Delayed 1 second(s)

2018-06-15 12:46:43 - [MESSAGE][PASSED] - Delayed 1 second(s)

2018-06-15 12:46:43 - [TEST_STEP][PASSED] - sendKeys: Keys 'ENTER + ' sent to object: 'Object Repository/Page_BugsUI Dashboard/input_navbar-search-input'

2018-06-15 12:46:43 - [MESSAGE][PASSED] - Keys 'ENTER + ' sent to object: 'Object Repository/Page_BugsUI Dashboard/input_navbar-search-input'

2018-06-15 12:46:43 - [TEST_STEP][PASSED] - delay: Delayed 3 second(s)

2018-06-15 12:46:46 - [MESSAGE][PASSED] - Delayed 3 second(s)

2018-06-15 12:46:46 - [TEST_STEP][PASSED] - Statement - If (com.kms.katalon.core.webui.keyword.WebUiBuiltInKeywords.verifyElementPresent(com.kms.katalon.core.testobject.ObjectRepository.findTestObject(BugsPage_GeneralTab/a_General), 1)): Object 'Object Repository/BugsPage_GeneralTab/a_General' has attribute 'text' with value 'General'

2018-06-15 12:46:46 - [MESSAGE][PASSED] - Object 'Object Repository/BugsPage_GeneralTab/a_General' is present

2018-06-15 12:46:46 - [TEST_STEP][PASSED] - verifyElementAttributeValue: Object 'Object Repository/BugsPage_GeneralTab/a_General' has attribute 'text' with value 'General'

2018-06-15 12:46:46 - [MESSAGE][PASSED] - Object 'Object Repository/BugsPage_GeneralTab/a_General' has attribute 'text' with value 'General'

2018-06-15 12:46:46 - [TEST_STEP][PASSED] - Statement - If (com.kms.katalon.core.webui.keyword.WebUiBuiltInKeywords.verifyElementPresent(com.kms.katalon.core.testobject.ObjectRepository.findTestObject(BugsPage_GeneralTab/bugInfoBox), 1)): Object 'Object Repository/BugsPage_GeneralTab/i_toggleMinusBugInfoBox' is present

2018-06-15 12:46:46 - [MESSAGE][PASSED] - Object 'Object Repository/BugsPage_GeneralTab/bugInfoBox' is present

2018-06-15 12:46:46 - [TEST_STEP][PASSED] - Statement - If (com.kms.katalon.core.webui.keyword.WebUiBuiltInKeywords.verifyElementPresent(com.kms.katalon.core.testobject.ObjectRepository.findTestObject(BugsPage_GeneralTab/i_togglePlusBugInfoBox), 1)): Object 'Object Repository/BugsPage_GeneralTab/i_toggleMinusBugInfoBox' is present

2018-06-15 12:46:46 - [MESSAGE][PASSED] - Object 'Object Repository/BugsPage_GeneralTab/i_togglePlusBugInfoBox' is present

2018-06-15 12:46:46 - [TEST_STEP][PASSED] - click: Object: 'Object Repository/BugsPage_GeneralTab/i_togglePlusBugInfoBox' is clicked on

2018-06-15 12:46:46 - [MESSAGE][PASSED] - Object: 'Object Repository/BugsPage_GeneralTab/i_togglePlusBugInfoBox' is clicked on

2018-06-15 12:46:46 - [TEST_STEP][PASSED] - verifyElementPresent: Object 'Object Repository/BugsPage_GeneralTab/input_alias' is present

2018-06-15 12:46:47 - [MESSAGE][PASSED] - Object 'Object Repository/BugsPage_GeneralTab/input_alias' is present

2018-06-15 12:46:47 - [TEST_STEP][PASSED] - verifyElementPresent: Object 'Object Repository/BugsPage_GeneralTab/i_toggleMinusBugInfoBox' is present

2018-06-15 12:46:47 - [MESSAGE][PASSED] - Object 'Object Repository/BugsPage_GeneralTab/i_toggleMinusBugInfoBox' is present

2018-06-15 12:46:47 - [TEST_STEP][PASSED] - newKey.ClearFields.ClearTextField: newKey.ClearFields.ClearTextField is PASSED

2018-06-15 12:46:47 - [MESSAGE][PASSED] - Keys 'CONTROL + a' sent to object: 'Object Repository/BugsPage_GeneralTab/input_alias'

2018-06-15 12:46:48 - [MESSAGE][PASSED] - Keys 'DELETE + ' sent to object: 'Object Repository/BugsPage_GeneralTab/input_alias'

2018-06-15 12:46:48 - [MESSAGE][PASSED] - newKey.ClearFields.ClearTextField is PASSED

2018-06-15 12:46:48 - [TEST_STEP][PASSED] - setText: Text 'Automation_AliasName' is set on object 'Object Repository/BugsPage_GeneralTab/input_alias'

2018-06-15 12:46:49 - [MESSAGE][PASSED] - Text 'Automation_AliasName' is set on object 'Object Repository/BugsPage_GeneralTab/input_alias'

2018-06-15 12:46:49 - [TEST_STEP][PASSED] - click: Object: 'Object Repository/BugsPage_GeneralTab/button_COMMIT' is clicked on

2018-06-15 12:46:50 - [MESSAGE][PASSED] - Object: 'Object Repository/BugsPage_GeneralTab/button_COMMIT' is clicked on

2018-06-15 12:46:50 - [TEST_STEP][PASSED] - Statement - If (com.kms.katalon.core.webui.keyword.WebUiBuiltInKeywords.verifyAlertPresent(4)): Alert accepted

2018-06-15 12:46:51 - [MESSAGE][PASSED] - Alert is present after 4 second(s).

2018-06-15 12:46:51 - [TEST_STEP][PASSED] - Statement - alertText = com.kms.katalon.core.webui.keyword.WebUiBuiltInKeywords.getAlertText(): Get alert text successfully: 'Changes have been committed successfully to Bug #247777'

2018-06-15 12:46:51 - [MESSAGE][PASSED] - Get alert text successfully: 'Changes have been committed successfully to Bug #247777'

2018-06-15 12:46:51 - [TEST_STEP][PASSED] - verifyEqual: Actual object 'Changes have been committed successfully to Bug #247777' and expected object 'Changes have been committed successfully to Bug #247777' are equal

2018-06-15 12:46:51 - [MESSAGE][PASSED] - Actual object 'Changes have been committed successfully to Bug #247777' and expected object 'Changes have been committed successfully to Bug #247777' are equal

2018-06-15 12:46:51 - [TEST_STEP][PASSED] - acceptAlert: Alert accepted

2018-06-15 12:46:51 - [MESSAGE][PASSED] - Alert accepted

2018-06-15 12:46:51 - [TEST_STEP][PASSED] - delay: Delayed 6 second(s)

2018-06-15 12:46:57 - [MESSAGE][PASSED] - Delayed 6 second(s)

2018-06-15 12:46:57 - [TEST_STEP][PASSED] - click: Object: 'Object Repository/BugsPage_GeneralTab/i_togglePlusBugInfoBox' is clicked on

2018-06-15 12:46:58 - [MESSAGE][PASSED] - Object: 'Object Repository/BugsPage_GeneralTab/i_togglePlusBugInfoBox' is clicked on

2018-06-15 12:46:58 - [TEST_STEP][PASSED] - delay: Delayed 2 second(s)

2018-06-15 12:47:00 - [MESSAGE][PASSED] - Delayed 2 second(s)

2018-06-15 12:47:00 - [TEST_STEP][PASSED] - verifyElementPresent: Object 'Object Repository/BugsPage_GeneralTab/bugInfo_Package' is present

2018-06-15 12:47:00 - [MESSAGE][PASSED] - Object 'Object Repository/BugsPage_GeneralTab/bugInfo_Package' is present

2018-06-15 12:47:00 - [TEST_STEP][PASSED] - verifyElementPresent: Object 'Object Repository/BugsPage_GeneralTab/bugInfo_classification' is present

2018-06-15 12:47:00 - [MESSAGE][PASSED] - Object 'Object Repository/BugsPage_GeneralTab/bugInfo_classification' is present

2018-06-15 12:47:00 - [TEST_STEP][PASSED] - verifyElementPresent: Object 'Object Repository/BugsPage_GeneralTab/bugInfo_Component' is present

2018-06-15 12:47:00 - [MESSAGE][PASSED] - Object 'Object Repository/BugsPage_GeneralTab/bugInfo_Component' is present

2018-06-15 12:47:00 - [TEST_STEP][PASSED] - newKey.ClearFields.ClearTextField: newKey.ClearFields.ClearTextField is PASSED

2018-06-15 12:47:01 - [MESSAGE][PASSED] - Keys 'CONTROL + a' sent to object: 'Object Repository/BugsPage_GeneralTab/input_alias'

2018-06-15 12:47:01 - [MESSAGE][PASSED] - Keys 'DELETE + ' sent to object: 'Object Repository/BugsPage_GeneralTab/input_alias'

2018-06-15 12:47:01 - [MESSAGE][PASSED] - newKey.ClearFields.ClearTextField is PASSED

2018-06-15 12:47:01 - [TEST_STEP][PASSED] - Statement - newAliasName = com.kms.katalon.core.webui.keyword.WebUiBuiltInKeywords.getText(com.kms.katalon.core.testobject.ObjectRepository.findTestObject(BugsPage_GeneralTab/input_alias)): Text of object 'Object Repository/BugsPage_GeneralTab/input_alias' is: ''

2018-06-15 12:47:01 - [MESSAGE][PASSED] - Text of object 'Object Repository/BugsPage_GeneralTab/input_alias' is: ''

2018-06-15 12:47:01 - [TEST_STEP][PASSED] - setText: Text 'auto' is set on object 'Object Repository/BugsPage_GeneralTab/input_alias'

2018-06-15 12:47:02 - [MESSAGE][PASSED] - Text 'auto' is set on object 'Object Repository/BugsPage_GeneralTab/input_alias'

2018-06-15 12:47:02 - [TEST_STEP][PASSED] - click: Object: 'Object Repository/BugsPage_GeneralTab/button_COMMIT' is clicked on

2018-06-15 12:47:02 - [MESSAGE][PASSED] - Object: 'Object Repository/BugsPage_GeneralTab/button_COMMIT' is clicked on

2018-06-15 12:47:02 - [TEST_STEP][PASSED] - Statement - If (com.kms.katalon.core.webui.keyword.WebUiBuiltInKeywords.verifyAlertPresent(4)): Alert accepted

2018-06-15 12:47:04 - [MESSAGE][PASSED] - Alert is present after 4 second(s).

2018-06-15 12:47:04 - [TEST_STEP][PASSED] - acceptAlert: Alert accepted

2018-06-15 12:47:04 - [MESSAGE][PASSED] - Alert accepted

2018-06-15 12:47:04 - [TEST_STEP][PASSED] - delay: Delayed 4 second(s)

2018-06-15 12:47:08 - [MESSAGE][PASSED] - Delayed 4 second(s)]]></system-out>
         <system-err><![CDATA[]]></system-err>
      </testcase>
      <testcase name="Test Cases/BugPage_GeneralTab_TestCases/VerifyStatusBoxFields_canBe_Edited" classname="Test Cases/BugPage_GeneralTab_TestCases/VerifyStatusBoxFields_canBe_Edited" status="PASSED">
         <system-out><![CDATA[2018-06-15 12:47:08 - [TEST_CASE][PASSED] - Test Cases/BugPage_GeneralTab_TestCases/VerifyStatusBoxFields_canBe_Edited: Test Cases/BugPage_GeneralTab_TestCases/VerifyStatusBoxFields_canBe_Edited

2018-06-15 12:47:08 - [TEST_STEP][PASSED] - delay: Delayed 2 second(s)

2018-06-15 12:47:10 - [MESSAGE][PASSED] - Delayed 2 second(s)

2018-06-15 12:47:10 - [TEST_STEP][PASSED] - Statement - If (com.kms.katalon.core.webui.keyword.WebUiBuiltInKeywords.verifyElementPresent(com.kms.katalon.core.testobject.ObjectRepository.findTestObject(BugsPage_GeneralTab/Status-Box/statusBox), 1)): Object 'Object Repository/BugsPage_GeneralTab/Status-Box/i_toggleMinusStatusBox' is present

2018-06-15 12:47:10 - [MESSAGE][PASSED] - Object 'Object Repository/BugsPage_GeneralTab/Status-Box/statusBox' is present

2018-06-15 12:47:10 - [TEST_STEP][PASSED] - Statement - If (com.kms.katalon.core.webui.keyword.WebUiBuiltInKeywords.verifyElementPresent(com.kms.katalon.core.testobject.ObjectRepository.findTestObject(BugsPage_GeneralTab/Status-Box/i_togglePlusStatusBox), 1)): Object 'Object Repository/BugsPage_GeneralTab/Status-Box/i_toggleMinusStatusBox' is present

2018-06-15 12:47:10 - [MESSAGE][PASSED] - Object 'Object Repository/BugsPage_GeneralTab/Status-Box/i_togglePlusStatusBox' is present

2018-06-15 12:47:10 - [TEST_STEP][PASSED] - click: Object: 'Object Repository/BugsPage_GeneralTab/Status-Box/i_togglePlusStatusBox' is clicked on

2018-06-15 12:47:11 - [MESSAGE][PASSED] - Object: 'Object Repository/BugsPage_GeneralTab/Status-Box/i_togglePlusStatusBox' is clicked on

2018-06-15 12:47:11 - [TEST_STEP][PASSED] - verifyElementPresent: Object 'Object Repository/BugsPage_GeneralTab/Status-Box/statusBox_status_dropdown' is present

2018-06-15 12:47:11 - [MESSAGE][PASSED] - Object 'Object Repository/BugsPage_GeneralTab/Status-Box/statusBox_status_dropdown' is present

2018-06-15 12:47:11 - [TEST_STEP][PASSED] - verifyElementPresent: Object 'Object Repository/BugsPage_GeneralTab/Status-Box/statusBox_Platform_dropdown' is present

2018-06-15 12:47:11 - [MESSAGE][PASSED] - Object 'Object Repository/BugsPage_GeneralTab/Status-Box/statusBox_Platform_dropdown' is present

2018-06-15 12:47:11 - [TEST_STEP][PASSED] - verifyElementPresent: Object 'Object Repository/BugsPage_GeneralTab/Status-Box/statusBox_Priority_dropdown' is present

2018-06-15 12:47:11 - [MESSAGE][PASSED] - Object 'Object Repository/BugsPage_GeneralTab/Status-Box/statusBox_Priority_dropdown' is present

2018-06-15 12:47:11 - [TEST_STEP][PASSED] - verifyElementPresent: Object 'Object Repository/BugsPage_GeneralTab/Status-Box/statusBox_Severity_dropdown' is present

2018-06-15 12:47:11 - [MESSAGE][PASSED] - Object 'Object Repository/BugsPage_GeneralTab/Status-Box/statusBox_Severity_dropdown' is present

2018-06-15 12:47:11 - [TEST_STEP][PASSED] - verifyElementPresent: Object 'Object Repository/BugsPage_GeneralTab/Status-Box/statusBox_Resoluion_dropdown' is present

2018-06-15 12:47:11 - [MESSAGE][PASSED] - Object 'Object Repository/BugsPage_GeneralTab/Status-Box/statusBox_Resoluion_dropdown' is present

2018-06-15 12:47:11 - [TEST_STEP][PASSED] - verifyElementPresent: Object 'Object Repository/BugsPage_GeneralTab/Status-Box/i_toggleMinusStatusBox' is present

2018-06-15 12:47:11 - [MESSAGE][PASSED] - Object 'Object Repository/BugsPage_GeneralTab/Status-Box/i_toggleMinusStatusBox' is present

2018-06-15 12:47:11 - [TEST_STEP][PASSED] - selectOptionByLabel: All options with label 'CLOSED' are selected in object 'Object Repository/BugsPage_GeneralTab/Status-Box/statusBox_status_dropdown' 

2018-06-15 12:47:12 - [MESSAGE][PASSED] - All options with label 'CLOSED' are selected in object 'Object Repository/BugsPage_GeneralTab/Status-Box/statusBox_status_dropdown' 

2018-06-15 12:47:12 - [TEST_STEP][PASSED] - click: Object: 'Object Repository/BugsPage_GeneralTab/button_COMMIT' is clicked on

2018-06-15 12:47:12 - [MESSAGE][PASSED] - Object: 'Object Repository/BugsPage_GeneralTab/button_COMMIT' is clicked on

2018-06-15 12:47:12 - [TEST_STEP][PASSED] - delay: Delayed 2 second(s)

2018-06-15 12:47:14 - [MESSAGE][PASSED] - Delayed 2 second(s)

2018-06-15 12:47:14 - [TEST_STEP][PASSED] - Statement - If (com.kms.katalon.core.webui.keyword.WebUiBuiltInKeywords.verifyAlertPresent(2)): Alert accepted

2018-06-15 12:47:14 - [MESSAGE][PASSED] - Alert is present after 2 second(s).

2018-06-15 12:47:14 - [TEST_STEP][PASSED] - Statement - alertText = com.kms.katalon.core.webui.keyword.WebUiBuiltInKeywords.getAlertText(): Get alert text successfully: 'For Resolution as 'Fixed',
Please specify atleast one of the following:Fixed by changelist / Fixed By Gerrit / Force Commit or change the bug's Resolution to something besides FIXED(e.g. WONTFIX, WORKSFORME, DUPLICATE)'

2018-06-15 12:47:14 - [MESSAGE][PASSED] - Get alert text successfully: 'For Resolution as 'Fixed',
Please specify atleast one of the following:Fixed by changelist / Fixed By Gerrit / Force Commit or change the bug's Resolution to something besides FIXED(e.g. WONTFIX, WORKSFORME, DUPLICATE)'

2018-06-15 12:47:14 - [TEST_STEP][PASSED] - Statement - If (alertText.contains("Please specify atleast one of the following:Fixed by changelist")): Alert accepted

2018-06-15 12:47:14 - [TEST_STEP][PASSED] - Statement - assert true: null

2018-06-15 12:47:14 - [TEST_STEP][PASSED] - acceptAlert: Alert accepted

2018-06-15 12:47:14 - [MESSAGE][PASSED] - Alert accepted

2018-06-15 12:47:14 - [TEST_STEP][PASSED] - Statement - If (com.kms.katalon.core.webui.keyword.WebUiBuiltInKeywords.verifyElementPresent(com.kms.katalon.core.testobject.ObjectRepository.findTestObject(BugsPage_GeneralTab/checkbox_forceCommit), 1)): Delayed 2 second(s)

2018-06-15 12:47:14 - [MESSAGE][PASSED] - Object 'Object Repository/BugsPage_GeneralTab/checkbox_forceCommit' is present

2018-06-15 12:47:14 - [TEST_STEP][PASSED] - click: Object: 'Object Repository/BugsPage_GeneralTab/checkbox_forceCommit' is clicked on

2018-06-15 12:47:15 - [MESSAGE][PASSED] - Object: 'Object Repository/BugsPage_GeneralTab/checkbox_forceCommit' is clicked on

2018-06-15 12:47:15 - [TEST_STEP][PASSED] - click: Object: 'Object Repository/BugsPage_GeneralTab/button_COMMIT' is clicked on

2018-06-15 12:47:15 - [MESSAGE][PASSED] - Object: 'Object Repository/BugsPage_GeneralTab/button_COMMIT' is clicked on

2018-06-15 12:47:15 - [TEST_STEP][PASSED] - delay: Delayed 2 second(s)

2018-06-15 12:47:17 - [MESSAGE][PASSED] - Delayed 2 second(s)

2018-06-15 12:47:17 - [TEST_STEP][PASSED] - Statement - If (com.kms.katalon.core.webui.keyword.WebUiBuiltInKeywords.verifyAlertPresent(2)): Alert dismissed

2018-06-15 12:47:17 - [MESSAGE][PASSED] - Alert is present after 2 second(s).

2018-06-15 12:47:17 - [TEST_STEP][PASSED] - Statement - alertText = com.kms.katalon.core.webui.keyword.WebUiBuiltInKeywords.getAlertText(): Get alert text successfully: 'Do you want to add comments?'

2018-06-15 12:47:17 - [MESSAGE][PASSED] - Get alert text successfully: 'Do you want to add comments?'

2018-06-15 12:47:17 - [TEST_STEP][PASSED] - Statement - If (alertText.contains("Do you want to add comments?")): Alert dismissed

2018-06-15 12:47:17 - [TEST_STEP][PASSED] - Statement - assert true: null

2018-06-15 12:47:17 - [TEST_STEP][PASSED] - dismissAlert: Alert dismissed

2018-06-15 12:47:17 - [MESSAGE][PASSED] - Alert dismissed

2018-06-15 12:47:17 - [TEST_STEP][PASSED] - Statement - If (com.kms.katalon.core.webui.keyword.WebUiBuiltInKeywords.verifyAlertPresent(2)): Alert accepted

2018-06-15 12:47:18 - [MESSAGE][PASSED] - Alert is present after 2 second(s).

2018-06-15 12:47:18 - [TEST_STEP][PASSED] - Statement - alertText = com.kms.katalon.core.webui.keyword.WebUiBuiltInKeywords.getAlertText(): Get alert text successfully: 'Changes have been committed successfully to Bug #247777'

2018-06-15 12:47:18 - [MESSAGE][PASSED] - Get alert text successfully: 'Changes have been committed successfully to Bug #247777'

2018-06-15 12:47:18 - [TEST_STEP][PASSED] - Statement - If (alertText.contains("Changes have been committed successfully to Bug #247777")): Alert accepted

2018-06-15 12:47:18 - [TEST_STEP][PASSED] - Statement - assert true: null

2018-06-15 12:47:18 - [TEST_STEP][PASSED] - acceptAlert: Alert accepted

2018-06-15 12:47:18 - [MESSAGE][PASSED] - Alert accepted

2018-06-15 12:47:18 - [TEST_STEP][PASSED] - delay: Delayed 6 second(s)

2018-06-15 12:47:24 - [MESSAGE][PASSED] - Delayed 6 second(s)

2018-06-15 12:47:24 - [TEST_STEP][PASSED] - click: Object: 'Object Repository/BugsPage_GeneralTab/Status-Box/i_togglePlusStatusBox' is clicked on

2018-06-15 12:47:25 - [MESSAGE][PASSED] - Object: 'Object Repository/BugsPage_GeneralTab/Status-Box/i_togglePlusStatusBox' is clicked on

2018-06-15 12:47:25 - [TEST_STEP][PASSED] - selectOptionByLabel: All options with label 'NEW' are selected in object 'Object Repository/BugsPage_GeneralTab/Status-Box/statusBox_status_dropdown' 

2018-06-15 12:47:25 - [MESSAGE][PASSED] - All options with label 'NEW' are selected in object 'Object Repository/BugsPage_GeneralTab/Status-Box/statusBox_status_dropdown' 

2018-06-15 12:47:25 - [TEST_STEP][PASSED] - click: Object: 'Object Repository/BugsPage_GeneralTab/button_COMMIT' is clicked on

2018-06-15 12:47:26 - [MESSAGE][PASSED] - Object: 'Object Repository/BugsPage_GeneralTab/button_COMMIT' is clicked on

2018-06-15 12:47:26 - [TEST_STEP][PASSED] - Statement - If (com.kms.katalon.core.webui.keyword.WebUiBuiltInKeywords.verifyAlertPresent(2)): Alert dismissed

2018-06-15 12:47:26 - [MESSAGE][PASSED] - Alert is present after 2 second(s).

2018-06-15 12:47:26 - [TEST_STEP][PASSED] - Statement - alertText = com.kms.katalon.core.webui.keyword.WebUiBuiltInKeywords.getAlertText(): Get alert text successfully: 'Do you want to add comments?'

2018-06-15 12:47:26 - [MESSAGE][PASSED] - Get alert text successfully: 'Do you want to add comments?'

2018-06-15 12:47:26 - [TEST_STEP][PASSED] - Statement - If (alertText.contains("Do you want to add comments?")): Alert dismissed

2018-06-15 12:47:26 - [TEST_STEP][PASSED] - Statement - assert true: null

2018-06-15 12:47:26 - [TEST_STEP][PASSED] - dismissAlert: Alert dismissed

2018-06-15 12:47:26 - [MESSAGE][PASSED] - Alert dismissed

2018-06-15 12:47:26 - [TEST_STEP][PASSED] - Statement - If (com.kms.katalon.core.webui.keyword.WebUiBuiltInKeywords.verifyAlertPresent(2)): Alert accepted

2018-06-15 12:47:27 - [MESSAGE][PASSED] - Alert is present after 2 second(s).

2018-06-15 12:47:27 - [TEST_STEP][PASSED] - Statement - alertText = com.kms.katalon.core.webui.keyword.WebUiBuiltInKeywords.getAlertText(): Get alert text successfully: 'Changes have been committed successfully to Bug #247777'

2018-06-15 12:47:27 - [MESSAGE][PASSED] - Get alert text successfully: 'Changes have been committed successfully to Bug #247777'

2018-06-15 12:47:27 - [TEST_STEP][PASSED] - Statement - If (alertText.contains("Changes have been committed successfully to Bug #247777")): Alert accepted

2018-06-15 12:47:27 - [TEST_STEP][PASSED] - Statement - assert true: null

2018-06-15 12:47:27 - [TEST_STEP][PASSED] - acceptAlert: Alert accepted

2018-06-15 12:47:27 - [MESSAGE][PASSED] - Alert accepted

2018-06-15 12:47:27 - [TEST_STEP][PASSED] - delay: Delayed 2 second(s)

2018-06-15 12:47:29 - [MESSAGE][PASSED] - Delayed 2 second(s)]]></system-out>
         <system-err><![CDATA[]]></system-err>
      </testcase>
      <testcase name="Test Cases/BugPage_GeneralTab_TestCases/VerifyPeopleBoxFields" classname="Test Cases/BugPage_GeneralTab_TestCases/VerifyPeopleBoxFields" status="PASSED">
         <system-out><![CDATA[2018-06-15 12:47:29 - [TEST_CASE][PASSED] - Test Cases/BugPage_GeneralTab_TestCases/VerifyPeopleBoxFields: Test Cases/BugPage_GeneralTab_TestCases/VerifyPeopleBoxFields

2018-06-15 12:47:29 - [TEST_STEP][PASSED] - delay: Delayed 2 second(s)

2018-06-15 12:47:31 - [MESSAGE][PASSED] - Delayed 2 second(s)

2018-06-15 12:47:31 - [TEST_STEP][PASSED] - Statement - If (com.kms.katalon.core.webui.keyword.WebUiBuiltInKeywords.verifyElementPresent(com.kms.katalon.core.testobject.ObjectRepository.findTestObject(BugsPage_GeneralTab/People-Box/peopleBox), 1)): Object 'Object Repository/BugsPage_GeneralTab/People-Box/peopleBox_Reporter' is present

2018-06-15 12:47:31 - [MESSAGE][PASSED] - Object 'Object Repository/BugsPage_GeneralTab/People-Box/peopleBox' is present

2018-06-15 12:47:31 - [TEST_STEP][PASSED] - Statement - If (com.kms.katalon.core.webui.keyword.WebUiBuiltInKeywords.verifyElementPresent(com.kms.katalon.core.testobject.ObjectRepository.findTestObject(BugsPage_GeneralTab/People-Box/i_togglePlusPeopleBox), 1)): Object 'Object Repository/BugsPage_GeneralTab/People-Box/peopleBox_Reporter' is present

2018-06-15 12:47:31 - [MESSAGE][PASSED] - Object 'Object Repository/BugsPage_GeneralTab/People-Box/i_togglePlusPeopleBox' is present

2018-06-15 12:47:31 - [TEST_STEP][PASSED] - click: Object: 'Object Repository/BugsPage_GeneralTab/People-Box/i_togglePlusPeopleBox' is clicked on

2018-06-15 12:47:32 - [MESSAGE][PASSED] - Object: 'Object Repository/BugsPage_GeneralTab/People-Box/i_togglePlusPeopleBox' is clicked on

2018-06-15 12:47:32 - [TEST_STEP][PASSED] - verifyElementPresent: Object 'Object Repository/BugsPage_GeneralTab/People-Box/peopleBox_AssignedTo' is present

2018-06-15 12:47:32 - [MESSAGE][PASSED] - Object 'Object Repository/BugsPage_GeneralTab/People-Box/peopleBox_AssignedTo' is present

2018-06-15 12:47:32 - [TEST_STEP][PASSED] - verifyElementPresent: Object 'Object Repository/BugsPage_GeneralTab/People-Box/peopleBox_CCField' is present

2018-06-15 12:47:32 - [MESSAGE][PASSED] - Object 'Object Repository/BugsPage_GeneralTab/People-Box/peopleBox_CCField' is present

2018-06-15 12:47:32 - [TEST_STEP][PASSED] - verifyElementPresent: Object 'Object Repository/BugsPage_GeneralTab/People-Box/peopleBox_Reporter' is present

2018-06-15 12:47:32 - [MESSAGE][PASSED] - Object 'Object Repository/BugsPage_GeneralTab/People-Box/peopleBox_Reporter' is present

2018-06-15 12:47:32 - [TEST_STEP][PASSED] - Statement - If (com.kms.katalon.core.webui.keyword.WebUiBuiltInKeywords.verifyElementPresent(com.kms.katalon.core.testobject.ObjectRepository.findTestObject(BugsPage_GeneralTab/People-Box/i_toggleMinusPeopleBox), 1)): Object: 'Object Repository/BugsPage_GeneralTab/People-Box/i_toggleMinusPeopleBox' is clicked on

2018-06-15 12:47:32 - [MESSAGE][PASSED] - Object 'Object Repository/BugsPage_GeneralTab/People-Box/i_toggleMinusPeopleBox' is present

2018-06-15 12:47:32 - [TEST_STEP][PASSED] - click: Object: 'Object Repository/BugsPage_GeneralTab/People-Box/i_toggleMinusPeopleBox' is clicked on

2018-06-15 12:47:32 - [MESSAGE][PASSED] - Object: 'Object Repository/BugsPage_GeneralTab/People-Box/i_toggleMinusPeopleBox' is clicked on

2018-06-15 12:47:32 - [TEST_STEP][PASSED] - delay: Delayed 2 second(s)

2018-06-15 12:47:34 - [MESSAGE][PASSED] - Delayed 2 second(s)]]></system-out>
         <system-err><![CDATA[]]></system-err>
      </testcase>
      <testcase name="Test Cases/BugPage_GeneralTab_TestCases/VerifyTrackingBoxFields" classname="Test Cases/BugPage_GeneralTab_TestCases/VerifyTrackingBoxFields" status="PASSED">
         <system-out><![CDATA[2018-06-15 12:47:34 - [TEST_CASE][PASSED] - Test Cases/BugPage_GeneralTab_TestCases/VerifyTrackingBoxFields: Test Cases/BugPage_GeneralTab_TestCases/VerifyTrackingBoxFields

2018-06-15 12:47:35 - [TEST_STEP][PASSED] - delay: Delayed 2 second(s)

2018-06-15 12:47:37 - [MESSAGE][PASSED] - Delayed 2 second(s)

2018-06-15 12:47:37 - [TEST_STEP][PASSED] - Statement - If (com.kms.katalon.core.webui.keyword.WebUiBuiltInKeywords.verifyElementPresent(com.kms.katalon.core.testobject.ObjectRepository.findTestObject(BugsPage_GeneralTab/Tracking-Box/trackingBox), 1)): Object 'Object Repository/BugsPage_GeneralTab/Tracking-Box/div_supersedes' is present

2018-06-15 12:47:37 - [MESSAGE][PASSED] - Object 'Object Repository/BugsPage_GeneralTab/Tracking-Box/trackingBox' is present

2018-06-15 12:47:37 - [TEST_STEP][PASSED] - Statement - If (com.kms.katalon.core.webui.keyword.WebUiBuiltInKeywords.verifyElementPresent(com.kms.katalon.core.testobject.ObjectRepository.findTestObject(BugsPage_GeneralTab/Tracking-Box/i_togglePlusTrackingBox), 1)): Object 'Object Repository/BugsPage_GeneralTab/Tracking-Box/div_supersedes' is present

2018-06-15 12:47:37 - [MESSAGE][PASSED] - Object 'Object Repository/BugsPage_GeneralTab/Tracking-Box/i_togglePlusTrackingBox' is present

2018-06-15 12:47:37 - [TEST_STEP][PASSED] - click: Object: 'Object Repository/BugsPage_GeneralTab/Tracking-Box/i_togglePlusTrackingBox' is clicked on

2018-06-15 12:47:37 - [MESSAGE][PASSED] - Object: 'Object Repository/BugsPage_GeneralTab/Tracking-Box/i_togglePlusTrackingBox' is clicked on

2018-06-15 12:47:37 - [TEST_STEP][PASSED] - verifyElementPresent: Object 'Object Repository/BugsPage_GeneralTab/Tracking-Box/div_cf_fix_list_gerrit' is present

2018-06-15 12:47:37 - [MESSAGE][PASSED] - Object 'Object Repository/BugsPage_GeneralTab/Tracking-Box/div_cf_fix_list_gerrit' is present

2018-06-15 12:47:37 - [TEST_STEP][PASSED] - verifyElementPresent: Object 'Object Repository/BugsPage_GeneralTab/Tracking-Box/div_fixed_by_changelists' is present

2018-06-15 12:47:37 - [MESSAGE][PASSED] - Object 'Object Repository/BugsPage_GeneralTab/Tracking-Box/div_fixed_by_changelists' is present

2018-06-15 12:47:37 - [TEST_STEP][PASSED] - verifyElementPresent: Object 'Object Repository/BugsPage_GeneralTab/Tracking-Box/div_fixIn' is present

2018-06-15 12:47:37 - [MESSAGE][PASSED] - Object 'Object Repository/BugsPage_GeneralTab/Tracking-Box/div_fixIn' is present

2018-06-15 12:47:37 - [TEST_STEP][PASSED] - verifyElementPresent: Object 'Object Repository/BugsPage_GeneralTab/Tracking-Box/div_foundIn' is present

2018-06-15 12:47:37 - [MESSAGE][PASSED] - Object 'Object Repository/BugsPage_GeneralTab/Tracking-Box/div_foundIn' is present

2018-06-15 12:47:37 - [TEST_STEP][PASSED] - verifyElementPresent: Object 'Object Repository/BugsPage_GeneralTab/Tracking-Box/div_review_id' is present

2018-06-15 12:47:37 - [MESSAGE][PASSED] - Object 'Object Repository/BugsPage_GeneralTab/Tracking-Box/div_review_id' is present

2018-06-15 12:47:37 - [TEST_STEP][PASSED] - verifyElementPresent: Object 'Object Repository/BugsPage_GeneralTab/Tracking-Box/div_superseded' is present

2018-06-15 12:47:38 - [MESSAGE][PASSED] - Object 'Object Repository/BugsPage_GeneralTab/Tracking-Box/div_superseded' is present

2018-06-15 12:47:38 - [TEST_STEP][PASSED] - verifyElementPresent: Object 'Object Repository/BugsPage_GeneralTab/Tracking-Box/div_supersedes' is present

2018-06-15 12:47:38 - [MESSAGE][PASSED] - Object 'Object Repository/BugsPage_GeneralTab/Tracking-Box/div_supersedes' is present

2018-06-15 12:47:38 - [TEST_STEP][PASSED] - Statement - If (com.kms.katalon.core.webui.keyword.WebUiBuiltInKeywords.verifyElementPresent(com.kms.katalon.core.testobject.ObjectRepository.findTestObject(BugsPage_GeneralTab/Tracking-Box/i_toggleMinusTrackingBox), 1)): Object: 'Object Repository/BugsPage_GeneralTab/Tracking-Box/i_toggleMinusTrackingBox' is clicked on

2018-06-15 12:47:38 - [MESSAGE][PASSED] - Object 'Object Repository/BugsPage_GeneralTab/Tracking-Box/i_toggleMinusTrackingBox' is present

2018-06-15 12:47:38 - [TEST_STEP][PASSED] - click: Object: 'Object Repository/BugsPage_GeneralTab/Tracking-Box/i_toggleMinusTrackingBox' is clicked on

2018-06-15 12:47:38 - [MESSAGE][PASSED] - Object: 'Object Repository/BugsPage_GeneralTab/Tracking-Box/i_toggleMinusTrackingBox' is clicked on

2018-06-15 12:47:38 - [TEST_STEP][PASSED] - delay: Delayed 2 second(s)

2018-06-15 12:47:40 - [MESSAGE][PASSED] - Delayed 2 second(s)]]></system-out>
         <system-err><![CDATA[]]></system-err>
      </testcase>
      <testcase name="Test Cases/BugPage_GeneralTab_TestCases/VerifyReleaseSection" classname="Test Cases/BugPage_GeneralTab_TestCases/VerifyReleaseSection" status="PASSED">
         <system-out><![CDATA[2018-06-15 12:47:40 - [TEST_CASE][PASSED] - Test Cases/BugPage_GeneralTab_TestCases/VerifyReleaseSection: Test Cases/BugPage_GeneralTab_TestCases/VerifyReleaseSection

2018-06-15 12:47:40 - [TEST_STEP][PASSED] - openBrowser: Browser is opened with url: ''

2018-06-15 12:47:40 - [MESSAGE][WARNING] - A browser is already opened. Closing browser and opening a new one

2018-06-15 12:47:43 - [MESSAGE][PASSED] - Browser is opened with url: ''

2018-06-15 12:47:43 - [TEST_STEP][PASSED] - navigateToUrl: Navigate to 'http://us142.sjc.aristanetworks.com:7000/' successfully

2018-06-15 12:47:49 - [MESSAGE][PASSED] - Navigate to 'http://us142.sjc.aristanetworks.com:7000/' successfully

2018-06-15 12:47:49 - [TEST_STEP][PASSED] - maximizeWindow: Current window maximized

2018-06-15 12:47:49 - [MESSAGE][PASSED] - Current window maximized

2018-06-15 12:47:49 - [TEST_STEP][PASSED] - setText: Text 'knagendra-ext' is set on object 'Object Repository/Page_BugsUI login/input_value_userid'

2018-06-15 12:47:51 - [MESSAGE][PASSED] - Text 'knagendra-ext' is set on object 'Object Repository/Page_BugsUI login/input_value_userid'

2018-06-15 12:47:51 - [TEST_STEP][PASSED] - setText: Text 'Tumkur@123' is set on object 'Object Repository/Page_BugsUI login/input_form-control ng-untouche'

2018-06-15 12:47:52 - [MESSAGE][PASSED] - Text 'Tumkur@123' is set on object 'Object Repository/Page_BugsUI login/input_form-control ng-untouche'

2018-06-15 12:47:52 - [TEST_STEP][PASSED] - click: Object: 'Object Repository/Page_BugsUI login/button_Login' is clicked on

2018-06-15 12:47:52 - [MESSAGE][PASSED] - Object: 'Object Repository/Page_BugsUI login/button_Login' is clicked on

2018-06-15 12:47:52 - [TEST_STEP][PASSED] - setText: Text '247777' is set on object 'Object Repository/Page_BugsUI Dashboard/input_navbar-search-input'

2018-06-15 12:47:53 - [MESSAGE][PASSED] - Text '247777' is set on object 'Object Repository/Page_BugsUI Dashboard/input_navbar-search-input'

2018-06-15 12:47:53 - [TEST_STEP][PASSED] - delay: Delayed 1 second(s)

2018-06-15 12:47:54 - [MESSAGE][PASSED] - Delayed 1 second(s)

2018-06-15 12:47:54 - [TEST_STEP][PASSED] - sendKeys: Keys 'ENTER + ' sent to object: 'Object Repository/Page_BugsUI Dashboard/input_navbar-search-input'

2018-06-15 12:47:54 - [MESSAGE][PASSED] - Keys 'ENTER + ' sent to object: 'Object Repository/Page_BugsUI Dashboard/input_navbar-search-input'

2018-06-15 12:47:54 - [TEST_STEP][PASSED] - delay: Delayed 3 second(s)

2018-06-15 12:47:57 - [MESSAGE][PASSED] - Delayed 3 second(s)

2018-06-15 12:47:57 - [TEST_STEP][PASSED] - Statement - If (com.kms.katalon.core.webui.keyword.WebUiBuiltInKeywords.verifyElementPresent(com.kms.katalon.core.testobject.ObjectRepository.findTestObject(BugsPage_GeneralTab/Release-Section/releaseBox), 1)): Object 'Object Repository/BugsPage_GeneralTab/Release-Section/th_Name  Parent  Descrption' is present

2018-06-15 12:47:57 - [MESSAGE][PASSED] - Object 'Object Repository/BugsPage_GeneralTab/Release-Section/releaseBox' is present

2018-06-15 12:47:57 - [TEST_STEP][PASSED] - Statement - If (com.kms.katalon.core.webui.keyword.WebUiBuiltInKeywords.verifyElementPresent(com.kms.katalon.core.testobject.ObjectRepository.findTestObject(BugsPage_GeneralTab/Release-Section/i_togglePlusReleaseNoteBox), 1)): Object 'Object Repository/BugsPage_GeneralTab/Release-Section/th_Name  Parent  Descrption' is present

2018-06-15 12:47:57 - [MESSAGE][PASSED] - Object 'Object Repository/BugsPage_GeneralTab/Release-Section/i_togglePlusReleaseNoteBox' is present

2018-06-15 12:47:57 - [TEST_STEP][PASSED] - click: Object: 'Object Repository/BugsPage_GeneralTab/Release-Section/i_togglePlusReleaseNoteBox' is clicked on

2018-06-15 12:47:58 - [MESSAGE][PASSED] - Object: 'Object Repository/BugsPage_GeneralTab/Release-Section/i_togglePlusReleaseNoteBox' is clicked on

2018-06-15 12:47:58 - [TEST_STEP][PASSED] - verifyElementPresent: Object 'Object Repository/BugsPage_GeneralTab/Release-Section/select_PendingApproved' is present

2018-06-15 12:47:58 - [MESSAGE][PASSED] - Object 'Object Repository/BugsPage_GeneralTab/Release-Section/select_PendingApproved' is present

2018-06-15 12:47:58 - [TEST_STEP][PASSED] - verifyElementPresent: Object 'Object Repository/BugsPage_GeneralTab/Release-Section/textarea_Approved' is present

2018-06-15 12:47:58 - [MESSAGE][PASSED] - Object 'Object Repository/BugsPage_GeneralTab/Release-Section/textarea_Approved' is present

2018-06-15 12:47:58 - [TEST_STEP][PASSED] - verifyElementPresent: Object 'Object Repository/BugsPage_GeneralTab/Release-Section/td_Category' is present

2018-06-15 12:47:58 - [MESSAGE][PASSED] - Object 'Object Repository/BugsPage_GeneralTab/Release-Section/td_Category' is present

2018-06-15 12:47:58 - [TEST_STEP][PASSED] - verifyElementPresent: Object 'Object Repository/BugsPage_GeneralTab/Release-Section/td_Affected Platforms' is present

2018-06-15 12:47:58 - [MESSAGE][PASSED] - Object 'Object Repository/BugsPage_GeneralTab/Release-Section/td_Affected Platforms' is present

2018-06-15 12:47:58 - [TEST_STEP][PASSED] - verifyElementPresent: Object 'Object Repository/BugsPage_GeneralTab/Release-Section/th_Tag_type' is present

2018-06-15 12:47:58 - [MESSAGE][PASSED] - Object 'Object Repository/BugsPage_GeneralTab/Release-Section/th_Tag_type' is present

2018-06-15 12:47:58 - [TEST_STEP][PASSED] - verifyElementPresent: Object 'Object Repository/BugsPage_GeneralTab/Release-Section/th_Name  Parent  Descrption' is present

2018-06-15 12:47:58 - [MESSAGE][PASSED] - Object 'Object Repository/BugsPage_GeneralTab/Release-Section/th_Name  Parent  Descrption' is present

2018-06-15 12:47:58 - [TEST_STEP][PASSED] - Statement - If (com.kms.katalon.core.webui.keyword.WebUiBuiltInKeywords.verifyElementPresent(com.kms.katalon.core.testobject.ObjectRepository.findTestObject(BugsPage_GeneralTab/Release-Section/button_SKU Family), 1)): Delayed 2 second(s)

2018-06-15 12:47:58 - [MESSAGE][PASSED] - Object 'Object Repository/BugsPage_GeneralTab/Release-Section/button_SKU Family' is present

2018-06-15 12:47:58 - [TEST_STEP][PASSED] - click: Object: 'Object Repository/BugsPage_GeneralTab/Release-Section/button_SKU Family' is clicked on

2018-06-15 12:47:59 - [MESSAGE][PASSED] - Object: 'Object Repository/BugsPage_GeneralTab/Release-Section/button_SKU Family' is clicked on

2018-06-15 12:47:59 - [TEST_STEP][PASSED] - delay: Delayed 2 second(s)

2018-06-15 12:48:01 - [MESSAGE][PASSED] - Delayed 2 second(s)

2018-06-15 12:48:01 - [TEST_STEP][PASSED] - click: Object: 'Object Repository/BugsPage_GeneralTab/Release-Section/a_SKU Family' is clicked on

2018-06-15 12:48:01 - [MESSAGE][PASSED] - Object: 'Object Repository/BugsPage_GeneralTab/Release-Section/a_SKU Family' is clicked on

2018-06-15 12:48:01 - [TEST_STEP][PASSED] - delay: Delayed 2 second(s)

2018-06-15 12:48:03 - [MESSAGE][PASSED] - Delayed 2 second(s)

2018-06-15 12:48:03 - [TEST_STEP][PASSED] - Statement - If (com.kms.katalon.core.webui.keyword.WebUiBuiltInKeywords.verifyAlertPresent(2)): Alert accepted

2018-06-15 12:48:03 - [MESSAGE][PASSED] - Alert is present after 2 second(s).

2018-06-15 12:48:03 - [TEST_STEP][PASSED] - Statement - alertText = com.kms.katalon.core.webui.keyword.WebUiBuiltInKeywords.getAlertText(): Get alert text successfully: 'Are you sure you want to edit Release Note?'

2018-06-15 12:48:03 - [MESSAGE][PASSED] - Get alert text successfully: 'Are you sure you want to edit Release Note?'

2018-06-15 12:48:03 - [TEST_STEP][PASSED] - verifyEqual: Actual object 'Are you sure you want to edit Release Note?' and expected object 'Are you sure you want to edit Release Note?' are equal

2018-06-15 12:48:03 - [MESSAGE][PASSED] - Actual object 'Are you sure you want to edit Release Note?' and expected object 'Are you sure you want to edit Release Note?' are equal

2018-06-15 12:48:03 - [TEST_STEP][PASSED] - acceptAlert: Alert accepted

2018-06-15 12:48:03 - [MESSAGE][PASSED] - Alert accepted

2018-06-15 12:48:03 - [TEST_STEP][PASSED] - click: Object: 'Object Repository/BugsPage_GeneralTab/Release-Section/button_SKU Family' is clicked on

2018-06-15 12:48:03 - [MESSAGE][PASSED] - Object: 'Object Repository/BugsPage_GeneralTab/Release-Section/button_SKU Family' is clicked on

2018-06-15 12:48:03 - [TEST_STEP][PASSED] - delay: Delayed 1 second(s)

2018-06-15 12:48:04 - [MESSAGE][PASSED] - Delayed 1 second(s)

2018-06-15 12:48:04 - [TEST_STEP][PASSED] - click: Object: 'Object Repository/BugsPage_GeneralTab/Release-Section/a_SKU Family' is clicked on

2018-06-15 12:48:05 - [MESSAGE][PASSED] - Object: 'Object Repository/BugsPage_GeneralTab/Release-Section/a_SKU Family' is clicked on

2018-06-15 12:48:05 - [TEST_STEP][PASSED] - delay: Delayed 1 second(s)

2018-06-15 12:48:06 - [MESSAGE][PASSED] - Delayed 1 second(s)

2018-06-15 12:48:06 - [TEST_STEP][PASSED] - Statement - tagType_category = com.kms.katalon.core.webui.keyword.WebUiBuiltInKeywords.getText(com.kms.katalon.core.testobject.ObjectRepository.findTestObject(BugsPage_GeneralTab/Release-Section/button_SKU Family)): Text of object 'Object Repository/BugsPage_GeneralTab/Release-Section/button_SKU Family' is: 'SKU Family '

2018-06-15 12:48:06 - [MESSAGE][PASSED] - Text of object 'Object Repository/BugsPage_GeneralTab/Release-Section/button_SKU Family' is: 'SKU Family '

2018-06-15 12:48:06 - [TEST_STEP][PASSED] - verifyEqual: Actual object 'SKU Family ' and expected object 'SKU Family ' are equal

2018-06-15 12:48:06 - [MESSAGE][PASSED] - Actual object 'SKU Family ' and expected object 'SKU Family ' are equal

2018-06-15 12:48:06 - [TEST_STEP][PASSED] - click: Object: 'Object Repository/BugsPage_GeneralTab/Release-Section/button_Arad' is clicked on

2018-06-15 12:48:06 - [MESSAGE][PASSED] - Object: 'Object Repository/BugsPage_GeneralTab/Release-Section/button_Arad' is clicked on

2018-06-15 12:48:06 - [TEST_STEP][PASSED] - delay: Delayed 2 second(s)

2018-06-15 12:48:08 - [MESSAGE][PASSED] - Delayed 2 second(s)

2018-06-15 12:48:08 - [TEST_STEP][PASSED] - click: Object: 'Object Repository/BugsPage_GeneralTab/Release-Section/span_Alta  --------  DCS-7150' is clicked on

2018-06-15 12:48:09 - [MESSAGE][PASSED] - Object: 'Object Repository/BugsPage_GeneralTab/Release-Section/span_Alta  --------  DCS-7150' is clicked on

2018-06-15 12:48:09 - [TEST_STEP][PASSED] - scrollToElement: Scroll to object 'Object Repository/BugsPage_GeneralTab/Release-Section/select_PendingApproved' successfully

2018-06-15 12:48:09 - [MESSAGE][WARNING] - Timeout '0' is invalid. Using default page load timeout: '30'

2018-06-15 12:48:09 - [MESSAGE][PASSED] - Scroll to object 'Object Repository/BugsPage_GeneralTab/Release-Section/select_PendingApproved' successfully

2018-06-15 12:48:09 - [TEST_STEP][PASSED] - click: Object: 'Object Repository/BugsPage_GeneralTab/Release-Section/button_SKU SKU Series' is clicked on

2018-06-15 12:48:09 - [MESSAGE][PASSED] - Object: 'Object Repository/BugsPage_GeneralTab/Release-Section/button_SKU SKU Series' is clicked on

2018-06-15 12:48:09 - [TEST_STEP][PASSED] - delay: Delayed 2 second(s)

2018-06-15 12:48:11 - [MESSAGE][PASSED] - Delayed 2 second(s)

2018-06-15 12:48:11 - [TEST_STEP][PASSED] - click: Object: 'Object Repository/BugsPage_GeneralTab/Release-Section/link_SKU' is clicked on

2018-06-15 12:48:12 - [MESSAGE][PASSED] - Object: 'Object Repository/BugsPage_GeneralTab/Release-Section/link_SKU' is clicked on

2018-06-15 12:48:12 - [TEST_STEP][PASSED] - delay: Delayed 2 second(s)

2018-06-15 12:48:14 - [MESSAGE][PASSED] - Delayed 2 second(s)

2018-06-15 12:48:14 - [TEST_STEP][PASSED] - click: Object: 'Object Repository/BugsPage_GeneralTab/Release-Section/button_AffectedPlatform_description' is clicked on

2018-06-15 12:48:14 - [MESSAGE][PASSED] - Object: 'Object Repository/BugsPage_GeneralTab/Release-Section/button_AffectedPlatform_description' is clicked on

2018-06-15 12:48:14 - [TEST_STEP][PASSED] - delay: Delayed 2 second(s)

2018-06-15 12:48:16 - [MESSAGE][PASSED] - Delayed 2 second(s)

2018-06-15 12:48:16 - [TEST_STEP][PASSED] - click: Object: 'Object Repository/BugsPage_GeneralTab/Release-Section/check_All_Options' is clicked on

2018-06-15 12:48:17 - [MESSAGE][PASSED] - Object: 'Object Repository/BugsPage_GeneralTab/Release-Section/check_All_Options' is clicked on

2018-06-15 12:48:17 - [TEST_STEP][PASSED] - delay: Delayed 2 second(s)

2018-06-15 12:48:19 - [MESSAGE][PASSED] - Delayed 2 second(s)

2018-06-15 12:48:19 - [TEST_STEP][PASSED] - click: Object: 'Object Repository/BugsPage_GeneralTab/Release-Section/uncheck_All_Options' is clicked on

2018-06-15 12:48:19 - [MESSAGE][PASSED] - Object: 'Object Repository/BugsPage_GeneralTab/Release-Section/uncheck_All_Options' is clicked on

2018-06-15 12:48:19 - [TEST_STEP][PASSED] - delay: Delayed 2 second(s)

2018-06-15 12:48:21 - [MESSAGE][PASSED] - Delayed 2 second(s)

2018-06-15 12:48:21 - [TEST_STEP][PASSED] - click: Object: 'Object Repository/BugsPage_GeneralTab/Release-Section/button_AffectedPlatform_description' is clicked on

2018-06-15 12:48:21 - [MESSAGE][PASSED] - Object: 'Object Repository/BugsPage_GeneralTab/Release-Section/button_AffectedPlatform_description' is clicked on

2018-06-15 12:48:21 - [TEST_STEP][PASSED] - delay: Delayed 2 second(s)

2018-06-15 12:48:23 - [MESSAGE][PASSED] - Delayed 2 second(s)

2018-06-15 12:48:23 - [TEST_STEP][PASSED] - click: Object: 'Object Repository/BugsPage_GeneralTab/Release-Section/button_OK' is clicked on

2018-06-15 12:48:24 - [MESSAGE][PASSED] - Object: 'Object Repository/BugsPage_GeneralTab/Release-Section/button_OK' is clicked on

2018-06-15 12:48:24 - [TEST_STEP][PASSED] - Statement - If (com.kms.katalon.core.webui.keyword.WebUiBuiltInKeywords.verifyAlertPresent(2)): Alert accepted

2018-06-15 12:48:25 - [MESSAGE][PASSED] - Alert is present after 2 second(s).

2018-06-15 12:48:25 - [TEST_STEP][PASSED] - acceptAlert: Alert accepted

2018-06-15 12:48:25 - [MESSAGE][PASSED] - Alert accepted]]></system-out>
         <system-err><![CDATA[]]></system-err>
      </testcase>
      <testcase name="Test Cases/BugPage_Description_Comments_TestCases/Verify_User_Reply_Description" classname="Test Cases/BugPage_Description_Comments_TestCases/Verify_User_Reply_Description" status="PASSED">
         <system-out><![CDATA[2018-06-15 12:48:25 - [TEST_CASE][PASSED] - Test Cases/BugPage_Description_Comments_TestCases/Verify_User_Reply_Description: Test Cases/BugPage_Description_Comments_TestCases/Verify_User_Reply_Description

2018-06-15 12:48:25 - [TEST_STEP][PASSED] - scrollToElement: Scroll to object 'Object Repository/BugsPage_Description/h3_Description' successfully

2018-06-15 12:48:25 - [MESSAGE][WARNING] - Timeout '0' is invalid. Using default page load timeout: '30'

2018-06-15 12:48:25 - [MESSAGE][PASSED] - Scroll to object 'Object Repository/BugsPage_Description/h3_Description' successfully

2018-06-15 12:48:25 - [TEST_STEP][PASSED] - Statement - If (com.kms.katalon.core.webui.keyword.WebUiBuiltInKeywords.verifyElementPresent(com.kms.katalon.core.testobject.ObjectRepository.findTestObject(BugsPage_Description/description_Opened_date), 0)): Actual object '28' and expected object '28' are equal

2018-06-15 12:48:25 - [MESSAGE][WARNING] - Timeout '0' is invalid. Using default page load timeout: '30'

2018-06-15 12:48:25 - [MESSAGE][PASSED] - Object 'Object Repository/BugsPage_Description/description_Opened_date' is present

2018-06-15 12:48:25 - [TEST_STEP][PASSED] - Statement - openedDate = com.kms.katalon.core.webui.keyword.WebUiBuiltInKeywords.getText(com.kms.katalon.core.testobject.ObjectRepository.findTestObject(BugsPage_Description/description_Opened_date)): Text of object 'Object Repository/BugsPage_Description/description_Opened_date' is: 'Opened : 2018-02-27 03:36:19'

2018-06-15 12:48:25 - [MESSAGE][PASSED] - Text of object 'Object Repository/BugsPage_Description/description_Opened_date' is: 'Opened : 2018-02-27 03:36:19'

2018-06-15 12:48:25 - [TEST_STEP][PASSED] - Statement - println("length of text is:" + openedDate.length()): null

2018-06-15 12:48:25 - [TEST_STEP][PASSED] - verifyEqual: Actual object '28' and expected object '28' are equal

2018-06-15 12:48:25 - [MESSAGE][PASSED] - Actual object '28' and expected object '28' are equal

2018-06-15 12:48:25 - [TEST_STEP][PASSED] - Statement - If (com.kms.katalon.core.webui.keyword.WebUiBuiltInKeywords.verifyElementPresent(com.kms.katalon.core.testobject.ObjectRepository.findTestObject(BugsPage_Description/a_Reply), 0)): Object: 'Object Repository/BugsPage_Description/button_OK' is clicked on

2018-06-15 12:48:25 - [MESSAGE][WARNING] - Timeout '0' is invalid. Using default page load timeout: '30'

2018-06-15 12:48:26 - [MESSAGE][PASSED] - Object 'Object Repository/BugsPage_Description/a_Reply' is present

2018-06-15 12:48:26 - [TEST_STEP][PASSED] - click: Object: 'Object Repository/BugsPage_Description/a_Reply' is clicked on

2018-06-15 12:48:26 - [MESSAGE][PASSED] - Object: 'Object Repository/BugsPage_Description/a_Reply' is clicked on

2018-06-15 12:48:26 - [TEST_STEP][PASSED] - Statement - If (com.kms.katalon.core.webui.keyword.WebUiBuiltInKeywords.verifyElementPresent(com.kms.katalon.core.testobject.ObjectRepository.findTestObject(BugsPage_Description/textarea_form-control input-sm), 0)): Object: 'Object Repository/BugsPage_Description/button_OK' is clicked on

2018-06-15 12:48:26 - [MESSAGE][WARNING] - Timeout '0' is invalid. Using default page load timeout: '30'

2018-06-15 12:48:26 - [MESSAGE][PASSED] - Object 'Object Repository/BugsPage_Description/textarea_form-control input-sm' is present

2018-06-15 12:48:26 - [TEST_STEP][PASSED] - setText: Text 'Automation-Reply-Description' is set on object 'Object Repository/BugsPage_Description/textarea_form-control input-sm'

2018-06-15 12:48:28 - [MESSAGE][PASSED] - Text 'Automation-Reply-Description' is set on object 'Object Repository/BugsPage_Description/textarea_form-control input-sm'

2018-06-15 12:48:28 - [TEST_STEP][PASSED] - Statement - If (com.kms.katalon.core.webui.keyword.WebUiBuiltInKeywords.verifyElementPresent(com.kms.katalon.core.testobject.ObjectRepository.findTestObject(BugsPage_Description/button_OK), 0)): Object: 'Object Repository/BugsPage_Description/button_OK' is clicked on

2018-06-15 12:48:28 - [MESSAGE][WARNING] - Timeout '0' is invalid. Using default page load timeout: '30'

2018-06-15 12:48:28 - [MESSAGE][PASSED] - Object 'Object Repository/BugsPage_Description/button_OK' is present

2018-06-15 12:48:28 - [TEST_STEP][PASSED] - click: Object: 'Object Repository/BugsPage_Description/button_OK' is clicked on

2018-06-15 12:48:28 - [MESSAGE][PASSED] - Object: 'Object Repository/BugsPage_Description/button_OK' is clicked on

2018-06-15 12:48:28 - [TEST_STEP][PASSED] - delay: Delayed 3 second(s)

2018-06-15 12:48:31 - [MESSAGE][PASSED] - Delayed 3 second(s)

2018-06-15 12:48:31 - [TEST_STEP][PASSED] - Statement - If (com.kms.katalon.core.webui.keyword.WebUiBuiltInKeywords.verifyElementPresent(com.kms.katalon.core.testobject.ObjectRepository.findTestObject(BugsPage_Description/pre_textUserComment), 0)): null

2018-06-15 12:48:31 - [MESSAGE][WARNING] - Timeout '0' is invalid. Using default page load timeout: '30'

2018-06-15 12:48:37 - [MESSAGE][PASSED] - Object 'Object Repository/BugsPage_Description/pre_textUserComment' is present

2018-06-15 12:48:37 - [TEST_STEP][PASSED] - Statement - replyDescription = com.kms.katalon.core.webui.keyword.WebUiBuiltInKeywords.getText(com.kms.katalon.core.testobject.ObjectRepository.findTestObject(BugsPage_Description/pre_textUserComment)): Text of object 'Object Repository/BugsPage_Description/pre_textUserComment' is: '(In reply to Bug Description)
> Created an attachment (id=7189(1027.PNG))
222 
> 
Automation-Reply-Description'

2018-06-15 12:48:37 - [MESSAGE][PASSED] - Text of object 'Object Repository/BugsPage_Description/pre_textUserComment' is: '(In reply to Bug Description)
> Created an attachment (id=7189(1027.PNG))
222 
> 
Automation-Reply-Description'

2018-06-15 12:48:37 - [TEST_STEP][PASSED] - Statement - println("relpy ------" + replyDescription): null

2018-06-15 12:48:37 - [TEST_STEP][PASSED] - Statement - If (replyDescription.contains("In reply to Bug Description")): null

2018-06-15 12:48:37 - [TEST_STEP][PASSED] - Statement - assert true: null]]></system-out>
         <system-err><![CDATA[]]></system-err>
      </testcase>
      <testcase name="Test Cases/Search_TestCases/VerifySearchPageLoads" classname="Test Cases/Search_TestCases/VerifySearchPageLoads" status="PASSED">
         <system-out><![CDATA[2018-06-15 12:48:37 - [TEST_CASE][PASSED] - Test Cases/Search_TestCases/VerifySearchPageLoads: Test Cases/Search_TestCases/VerifySearchPageLoads

2018-06-15 12:48:38 - [TEST_STEP][PASSED] - openBrowser: Browser is opened with url: ''

2018-06-15 12:48:38 - [MESSAGE][WARNING] - A browser is already opened. Closing browser and opening a new one

2018-06-15 12:48:41 - [MESSAGE][PASSED] - Browser is opened with url: ''

2018-06-15 12:48:41 - [TEST_STEP][PASSED] - navigateToUrl: Navigate to 'http://us142.sjc.aristanetworks.com:7000/' successfully

2018-06-15 12:48:47 - [MESSAGE][PASSED] - Navigate to 'http://us142.sjc.aristanetworks.com:7000/' successfully

2018-06-15 12:48:47 - [TEST_STEP][PASSED] - maximizeWindow: Current window maximized

2018-06-15 12:48:47 - [MESSAGE][PASSED] - Current window maximized

2018-06-15 12:48:47 - [TEST_STEP][PASSED] - setText: Text 'knagendra-ext' is set on object 'Object Repository/Page_BugsUI login/input_value_userid'

2018-06-15 12:48:49 - [MESSAGE][PASSED] - Text 'knagendra-ext' is set on object 'Object Repository/Page_BugsUI login/input_value_userid'

2018-06-15 12:48:49 - [TEST_STEP][PASSED] - setText: Text 'Tumkur@123' is set on object 'Object Repository/Page_BugsUI login/input_form-control ng-untouche'

2018-06-15 12:48:50 - [MESSAGE][PASSED] - Text 'Tumkur@123' is set on object 'Object Repository/Page_BugsUI login/input_form-control ng-untouche'

2018-06-15 12:48:50 - [TEST_STEP][PASSED] - click: Object: 'Object Repository/Page_BugsUI login/button_Login' is clicked on

2018-06-15 12:48:50 - [MESSAGE][PASSED] - Object: 'Object Repository/Page_BugsUI login/button_Login' is clicked on

2018-06-15 12:48:50 - [TEST_STEP][PASSED] - verifyElementAttributeValue: Object 'Object Repository/Page_BugsUI login/a_BugsUI' has attribute 'text' with value 'BugsUI '

2018-06-15 12:48:50 - [MESSAGE][PASSED] - Object 'Object Repository/Page_BugsUI login/a_BugsUI' has attribute 'text' with value 'BugsUI '

2018-06-15 12:48:50 - [TEST_STEP][PASSED] - delay: Delayed 2 second(s)

2018-06-15 12:48:52 - [MESSAGE][PASSED] - Delayed 2 second(s)

2018-06-15 12:48:52 - [TEST_STEP][PASSED] - Statement - If (com.kms.katalon.core.webui.keyword.WebUiBuiltInKeywords.verifyElementVisible(com.kms.katalon.core.testobject.ObjectRepository.findTestObject(Page_BugsUI Dashboard/a_Search))): Object: 'Object Repository/Page_BugsUI Dashboard/a_Search' is clicked on

2018-06-15 12:48:53 - [MESSAGE][PASSED] - Object 'Object Repository/Page_BugsUI Dashboard/a_Search' is visible

2018-06-15 12:48:53 - [TEST_STEP][PASSED] - click: Object: 'Object Repository/Page_BugsUI Dashboard/a_Search' is clicked on

2018-06-15 12:48:53 - [MESSAGE][PASSED] - Object: 'Object Repository/Page_BugsUI Dashboard/a_Search' is clicked on

2018-06-15 12:48:53 - [TEST_STEP][PASSED] - delay: Delayed 5 second(s)

2018-06-15 12:48:58 - [MESSAGE][PASSED] - Delayed 5 second(s)

2018-06-15 12:48:58 - [TEST_STEP][PASSED] - verifyElementText: Actual text and expected text of test object 'Object Repository/Page_BugsUI Search/h3_Search Parameters' are matched.

2018-06-15 12:48:58 - [MESSAGE][PASSED] - Actual text and expected text of test object 'Object Repository/Page_BugsUI Search/h3_Search Parameters' are matched.

2018-06-15 12:48:58 - [TEST_STEP][PASSED] - delay: Delayed 5 second(s)

2018-06-15 12:49:03 - [MESSAGE][PASSED] - Delayed 5 second(s)]]></system-out>
         <system-err><![CDATA[]]></system-err>
      </testcase>
      <testcase name="Test Cases/Search_TestCases/Search_With_PackageOnly" classname="Test Cases/Search_TestCases/Search_With_PackageOnly" status="PASSED">
         <system-out><![CDATA[2018-06-15 12:49:03 - [TEST_CASE][PASSED] - Test Cases/Search_TestCases/Search_With_PackageOnly: Test Cases/Search_TestCases/Search_With_PackageOnly

2018-06-15 12:49:03 - [TEST_STEP][PASSED] - Statement - If (com.kms.katalon.core.webui.keyword.WebUiBuiltInKeywords.verifyElementPresent(com.kms.katalon.core.testobject.ObjectRepository.findTestObject(Page_BugsUI Search/button_Package), 0)): Object: 'Object Repository/Page_BugsUI Search/button_Package' is clicked on

2018-06-15 12:49:03 - [MESSAGE][WARNING] - Timeout '0' is invalid. Using default page load timeout: '30'

2018-06-15 12:49:03 - [MESSAGE][PASSED] - Object 'Object Repository/Page_BugsUI Search/button_Package' is present

2018-06-15 12:49:03 - [TEST_STEP][PASSED] - click: Object: 'Object Repository/Page_BugsUI Search/button_Package' is clicked on

2018-06-15 12:49:07 - [MESSAGE][PASSED] - Object: 'Object Repository/Page_BugsUI Search/button_Package' is clicked on

2018-06-15 12:49:07 - [TEST_STEP][PASSED] - delay: Delayed 6 second(s)

2018-06-15 12:49:13 - [MESSAGE][PASSED] - Delayed 6 second(s)

2018-06-15 12:49:13 - [TEST_STEP][PASSED] - Statement - If (com.kms.katalon.core.webui.keyword.WebUiBuiltInKeywords.verifyElementPresent(com.kms.katalon.core.testobject.ObjectRepository.findTestObject(Page_BugsUI Search/input_form-control searchField), 5)): Object: 'Object Repository/Page_BugsUI Search/a_BugsUITest' is clicked on

2018-06-15 12:49:13 - [MESSAGE][PASSED] - Object 'Object Repository/Page_BugsUI Search/input_form-control searchField' is present

2018-06-15 12:49:13 - [TEST_STEP][PASSED] - setText: Text 'bugsuitest' is set on object 'Object Repository/Page_BugsUI Search/input_form-control searchField'

2018-06-15 12:49:14 - [MESSAGE][PASSED] - Text 'bugsuitest' is set on object 'Object Repository/Page_BugsUI Search/input_form-control searchField'

2018-06-15 12:49:14 - [TEST_STEP][PASSED] - Statement - If (com.kms.katalon.core.webui.keyword.WebUiBuiltInKeywords.verifyElementPresent(com.kms.katalon.core.testobject.ObjectRepository.findTestObject(Page_BugsUI Search/a_BugsUITest), 0)): Object: 'Object Repository/Page_BugsUI Search/a_BugsUITest' is clicked on

2018-06-15 12:49:14 - [MESSAGE][WARNING] - Timeout '0' is invalid. Using default page load timeout: '30'

2018-06-15 12:49:15 - [MESSAGE][PASSED] - Object 'Object Repository/Page_BugsUI Search/a_BugsUITest' is present

2018-06-15 12:49:15 - [TEST_STEP][PASSED] - click: Object: 'Object Repository/Page_BugsUI Search/a_BugsUITest' is clicked on

2018-06-15 12:49:15 - [MESSAGE][PASSED] - Object: 'Object Repository/Page_BugsUI Search/a_BugsUITest' is clicked on

2018-06-15 12:49:15 - [TEST_STEP][PASSED] - delay: Delayed 3 second(s)

2018-06-15 12:49:18 - [MESSAGE][PASSED] - Delayed 3 second(s)

2018-06-15 12:49:18 - [TEST_STEP][PASSED] - click: Object: 'Object Repository/Page_BugsUI Search/button_Search' is clicked on

2018-06-15 12:49:18 - [MESSAGE][PASSED] - Object: 'Object Repository/Page_BugsUI Search/button_Search' is clicked on

2018-06-15 12:49:18 - [TEST_STEP][PASSED] - delay: Delayed 5 second(s)

2018-06-15 12:49:23 - [MESSAGE][PASSED] - Delayed 5 second(s)

2018-06-15 12:49:23 - [TEST_STEP][PASSED] - verifyElementPresent: Object 'Object Repository/Page_BugsUI Search/h3_ResultFound' is present

2018-06-15 12:49:23 - [MESSAGE][WARNING] - Timeout '0' is invalid. Using default page load timeout: '30'

2018-06-15 12:49:23 - [MESSAGE][PASSED] - Object 'Object Repository/Page_BugsUI Search/h3_ResultFound' is present

2018-06-15 12:49:23 - [TEST_STEP][PASSED] - Statement - resultFoundText = com.kms.katalon.core.webui.keyword.WebUiBuiltInKeywords.getText(com.kms.katalon.core.testobject.ObjectRepository.findTestObject(Page_BugsUI Search/h3_ResultFound)): Text of object 'Object Repository/Page_BugsUI Search/h3_ResultFound' is: 'Result : 197 Bugs found'

2018-06-15 12:49:24 - [MESSAGE][PASSED] - Text of object 'Object Repository/Page_BugsUI Search/h3_ResultFound' is: 'Result : 197 Bugs found'

2018-06-15 12:49:24 - [TEST_STEP][PASSED] - Statement - If (resultFoundText.contains("Result :") && resultFoundText.contains("Bugs found")): null

2018-06-15 12:49:24 - [TEST_STEP][PASSED] - Statement - assert true: null

2018-06-15 12:49:24 - [TEST_STEP][PASSED] - verifyElementPresent: Object 'Object Repository/Page_BugsUI Search/div_searchResult' is present

2018-06-15 12:49:24 - [MESSAGE][WARNING] - Timeout '0' is invalid. Using default page load timeout: '30'

2018-06-15 12:49:24 - [MESSAGE][PASSED] - Object 'Object Repository/Page_BugsUI Search/div_searchResult' is present]]></system-out>
         <system-err><![CDATA[]]></system-err>
      </testcase>
      <testcase name="Test Cases/Search_TestCases/Verify_searchResult_bugId_clickable" classname="Test Cases/Search_TestCases/Verify_searchResult_bugId_clickable" status="PASSED">
         <system-out><![CDATA[2018-06-15 12:49:24 - [TEST_CASE][PASSED] - Test Cases/Search_TestCases/Verify_searchResult_bugId_clickable: Test Cases/Search_TestCases/Verify_searchResult_bugId_clickable

2018-06-15 12:49:24 - [TEST_STEP][PASSED] - Statement - idNumber = <not implemented yet for class: org.codehaus.groovy.ast.expr.EmptyExpression>: null

2018-06-15 12:49:24 - [TEST_STEP][PASSED] - Statement - If (com.kms.katalon.core.webui.keyword.WebUiBuiltInKeywords.verifyElementPresent(com.kms.katalon.core.testobject.ObjectRepository.findTestObject(Page_BugsUI Search/searchResult_1st_ID), 0)): Object: 'Object Repository/Page_BugsUI Search/searchResult_1st_ID' is clicked on

2018-06-15 12:49:24 - [MESSAGE][WARNING] - Timeout '0' is invalid. Using default page load timeout: '30'

2018-06-15 12:49:24 - [MESSAGE][PASSED] - Object 'Object Repository/Page_BugsUI Search/searchResult_1st_ID' is present

2018-06-15 12:49:24 - [TEST_STEP][PASSED] - Statement - idNumber = com.kms.katalon.core.webui.keyword.WebUiBuiltInKeywords.getText(com.kms.katalon.core.testobject.ObjectRepository.findTestObject(Page_BugsUI Search/searchResult_1st_ID)): Text of object 'Object Repository/Page_BugsUI Search/searchResult_1st_ID' is: '254951'

2018-06-15 12:49:24 - [MESSAGE][PASSED] - Text of object 'Object Repository/Page_BugsUI Search/searchResult_1st_ID' is: '254951'

2018-06-15 12:49:24 - [TEST_STEP][PASSED] - Statement - println("Id is---" + idNumber): null

2018-06-15 12:49:24 - [TEST_STEP][PASSED] - click: Object: 'Object Repository/Page_BugsUI Search/searchResult_1st_ID' is clicked on

2018-06-15 12:49:28 - [MESSAGE][PASSED] - Object: 'Object Repository/Page_BugsUI Search/searchResult_1st_ID' is clicked on

2018-06-15 12:49:28 - [TEST_STEP][PASSED] - delay: Delayed 4 second(s)

2018-06-15 12:49:32 - [MESSAGE][PASSED] - Delayed 4 second(s)

2018-06-15 12:49:32 - [TEST_STEP][PASSED] - verifyElementPresent: Object 'Object Repository/Page_BugsUI BugID page/div_BugID_NO' is present

2018-06-15 12:49:32 - [MESSAGE][WARNING] - Timeout '0' is invalid. Using default page load timeout: '30'

2018-06-15 12:49:33 - [MESSAGE][PASSED] - Object 'Object Repository/Page_BugsUI BugID page/div_BugID_NO' is present

2018-06-15 12:49:33 - [TEST_STEP][PASSED] - Statement - bugId = com.kms.katalon.core.webui.keyword.WebUiBuiltInKeywords.getText(com.kms.katalon.core.testobject.ObjectRepository.findTestObject(Page_BugsUI BugID page/div_BugID_NO)): Text of object 'Object Repository/Page_BugsUI BugID page/div_BugID_NO' is: 'Bug# 254951 :'

2018-06-15 12:49:33 - [MESSAGE][PASSED] - Text of object 'Object Repository/Page_BugsUI BugID page/div_BugID_NO' is: 'Bug# 254951 :'

2018-06-15 12:49:33 - [TEST_STEP][PASSED] - Statement - println("BUGID is---" + bugId): null

2018-06-15 12:49:33 - [TEST_STEP][PASSED] - Statement - If (bugId.contains(idNumber)): null

2018-06-15 12:49:33 - [TEST_STEP][PASSED] - Statement - assert true: null]]></system-out>
         <system-err><![CDATA[]]></system-err>
      </testcase>
      <testcase name="Test Cases/ProductEdit_TestCases/VerifyProductEditPageLoads" classname="Test Cases/ProductEdit_TestCases/VerifyProductEditPageLoads" status="PASSED">
         <system-out><![CDATA[2018-06-15 12:49:33 - [TEST_CASE][PASSED] - Test Cases/ProductEdit_TestCases/VerifyProductEditPageLoads: Test Cases/ProductEdit_TestCases/VerifyProductEditPageLoads

2018-06-15 12:49:33 - [TEST_STEP][PASSED] - openBrowser: Browser is opened with url: ''

2018-06-15 12:49:33 - [MESSAGE][WARNING] - A browser is already opened. Closing browser and opening a new one

2018-06-15 12:49:36 - [MESSAGE][PASSED] - Browser is opened with url: ''

2018-06-15 12:49:36 - [TEST_STEP][PASSED] - maximizeWindow: Current window maximized

2018-06-15 12:49:36 - [MESSAGE][PASSED] - Current window maximized

2018-06-15 12:49:36 - [TEST_STEP][PASSED] - navigateToUrl: Navigate to 'http://us142.sjc.aristanetworks.com:7000/' successfully

2018-06-15 12:49:41 - [MESSAGE][PASSED] - Navigate to 'http://us142.sjc.aristanetworks.com:7000/' successfully

2018-06-15 12:49:41 - [TEST_STEP][PASSED] - setText: Text 'knagendra-ext' is set on object 'Object Repository/Page_BugsUI login/input_value_userid'

2018-06-15 12:49:43 - [MESSAGE][PASSED] - Text 'knagendra-ext' is set on object 'Object Repository/Page_BugsUI login/input_value_userid'

2018-06-15 12:49:43 - [TEST_STEP][PASSED] - setText: Text 'Tumkur@123' is set on object 'Object Repository/Page_BugsUI login/input_form-control ng-untouche'

2018-06-15 12:49:44 - [MESSAGE][PASSED] - Text 'Tumkur@123' is set on object 'Object Repository/Page_BugsUI login/input_form-control ng-untouche'

2018-06-15 12:49:44 - [TEST_STEP][PASSED] - click: Object: 'Object Repository/Page_BugsUI login/button_Login' is clicked on

2018-06-15 12:49:44 - [MESSAGE][PASSED] - Object: 'Object Repository/Page_BugsUI login/button_Login' is clicked on

2018-06-15 12:49:44 - [TEST_STEP][PASSED] - verifyElementAttributeValue: Object 'Object Repository/Page_BugsUI login/a_BugsUI' has attribute 'text' with value 'BugsUI '

2018-06-15 12:49:45 - [MESSAGE][PASSED] - Object 'Object Repository/Page_BugsUI login/a_BugsUI' has attribute 'text' with value 'BugsUI '

2018-06-15 12:49:45 - [TEST_STEP][PASSED] - delay: Delayed 2 second(s)

2018-06-15 12:49:47 - [MESSAGE][PASSED] - Delayed 2 second(s)

2018-06-15 12:49:47 - [TEST_STEP][PASSED] - Statement - If (com.kms.katalon.core.webui.keyword.WebUiBuiltInKeywords.verifyElementVisible(com.kms.katalon.core.testobject.ObjectRepository.findTestObject(Page_BugsUI Dashboard/a_Product))): Object: 'Object Repository/Page_BugsUI Dashboard/a_EDIT' is clicked on

2018-06-15 12:49:47 - [MESSAGE][PASSED] - Object 'Object Repository/Page_BugsUI Dashboard/a_Product' is visible

2018-06-15 12:49:47 - [TEST_STEP][PASSED] - click: Object: 'Object Repository/Page_BugsUI Dashboard/a_Product' is clicked on

2018-06-15 12:49:47 - [MESSAGE][PASSED] - Object: 'Object Repository/Page_BugsUI Dashboard/a_Product' is clicked on

2018-06-15 12:49:47 - [TEST_STEP][PASSED] - click: Object: 'Object Repository/Page_BugsUI Dashboard/a_EDIT' is clicked on

2018-06-15 12:49:47 - [MESSAGE][PASSED] - Object: 'Object Repository/Page_BugsUI Dashboard/a_EDIT' is clicked on

2018-06-15 12:49:47 - [TEST_STEP][PASSED] - delay: Delayed 4 second(s)

2018-06-15 12:49:51 - [MESSAGE][PASSED] - Delayed 4 second(s)

2018-06-15 12:49:51 - [TEST_STEP][PASSED] - verifyElementText: Actual text and expected text of test object 'Object Repository/Page_BugsUI productEdit/h2_Edit Product' are matched.

2018-06-15 12:49:51 - [MESSAGE][PASSED] - Actual text and expected text of test object 'Object Repository/Page_BugsUI productEdit/h2_Edit Product' are matched.

2018-06-15 12:49:51 - [TEST_STEP][PASSED] - delay: Delayed 4 second(s)

2018-06-15 12:49:55 - [MESSAGE][PASSED] - Delayed 4 second(s)]]></system-out>
         <system-err><![CDATA[]]></system-err>
      </testcase>
      <testcase name="Test Cases/ProductEdit_TestCases/VerifyProductCanBeDeleted" classname="Test Cases/ProductEdit_TestCases/VerifyProductCanBeDeleted" status="PASSED">
         <system-out><![CDATA[2018-06-15 12:49:55 - [TEST_CASE][PASSED] - Test Cases/ProductEdit_TestCases/VerifyProductCanBeDeleted: Test Cases/ProductEdit_TestCases/VerifyProductCanBeDeleted

2018-06-15 12:49:56 - [TEST_STEP][PASSED] - delay: Delayed 2 second(s)

2018-06-15 12:49:58 - [MESSAGE][PASSED] - Delayed 2 second(s)

2018-06-15 12:49:58 - [TEST_STEP][PASSED] - selectOptionByLabel: All options with label 'Software' are selected in object 'Object Repository/Page_BugsUI productEdit/classificationDropdown' 

2018-06-15 12:49:58 - [MESSAGE][PASSED] - All options with label 'Software' are selected in object 'Object Repository/Page_BugsUI productEdit/classificationDropdown' 

2018-06-15 12:49:58 - [TEST_STEP][PASSED] - delay: Delayed 15 second(s)

2018-06-15 12:50:13 - [MESSAGE][PASSED] - Delayed 15 second(s)

2018-06-15 12:50:13 - [TEST_STEP][PASSED] - selectOptionByLabel: All options with label 'TestProduct_Automation' are selected in object 'Object Repository/Page_BugsUI productEdit/packageDropdown' 

2018-06-15 12:50:13 - [MESSAGE][PASSED] - All options with label 'TestProduct_Automation' are selected in object 'Object Repository/Page_BugsUI productEdit/packageDropdown' 

2018-06-15 12:50:13 - [TEST_STEP][PASSED] - delay: Delayed 3 second(s)

2018-06-15 12:50:16 - [MESSAGE][PASSED] - Delayed 3 second(s)

2018-06-15 12:50:16 - [TEST_STEP][PASSED] - Statement - If (com.kms.katalon.core.webui.keyword.WebUiBuiltInKeywords.verifyElementPresent(com.kms.katalon.core.testobject.ObjectRepository.findTestObject(Page_BugsUI productEdit/product_Delete_button), 0)): Object: 'Object Repository/Page_BugsUI productEdit/product_Delete_button' is clicked on

2018-06-15 12:50:16 - [MESSAGE][WARNING] - Timeout '0' is invalid. Using default page load timeout: '30'

2018-06-15 12:50:16 - [MESSAGE][PASSED] - Object 'Object Repository/Page_BugsUI productEdit/product_Delete_button' is present

2018-06-15 12:50:16 - [TEST_STEP][PASSED] - click: Object: 'Object Repository/Page_BugsUI productEdit/product_Delete_button' is clicked on

2018-06-15 12:50:17 - [MESSAGE][PASSED] - Object: 'Object Repository/Page_BugsUI productEdit/product_Delete_button' is clicked on

2018-06-15 12:50:17 - [TEST_STEP][PASSED] - Statement - If (com.kms.katalon.core.webui.keyword.WebUiBuiltInKeywords.verifyAlertPresent(3)): Alert accepted

2018-06-15 12:50:17 - [MESSAGE][PASSED] - Alert is present after 3 second(s).

2018-06-15 12:50:17 - [TEST_STEP][PASSED] - acceptAlert: Alert accepted

2018-06-15 12:50:17 - [MESSAGE][PASSED] - Alert accepted

2018-06-15 12:50:17 - [TEST_STEP][PASSED] - delay: Delayed 2 second(s)

2018-06-15 12:50:19 - [MESSAGE][PASSED] - Delayed 2 second(s)

2018-06-15 12:50:19 - [TEST_STEP][PASSED] - verifyElementPresent: Object 'Object Repository/Page_BugsUI productEdit/div_Successfully deleted the p' is present

2018-06-15 12:50:19 - [MESSAGE][WARNING] - Timeout '0' is invalid. Using default page load timeout: '30'

2018-06-15 12:50:19 - [MESSAGE][PASSED] - Object 'Object Repository/Page_BugsUI productEdit/div_Successfully deleted the p' is present

2018-06-15 12:50:19 - [TEST_STEP][PASSED] - Statement - productDeleteMessage = com.kms.katalon.core.webui.keyword.WebUiBuiltInKeywords.getText(com.kms.katalon.core.testobject.ObjectRepository.findTestObject(Page_BugsUI productEdit/div_Successfully deleted the p)): Text of object 'Object Repository/Page_BugsUI productEdit/div_Successfully deleted the p' is: 'Successfully deleted the product "TestProduct_Automation"!!!'

2018-06-15 12:50:19 - [MESSAGE][PASSED] - Text of object 'Object Repository/Page_BugsUI productEdit/div_Successfully deleted the p' is: 'Successfully deleted the product "TestProduct_Automation"!!!'

2018-06-15 12:50:19 - [TEST_STEP][PASSED] - Statement - println("------Selected default package value------:" + productDeleteMessage): null

2018-06-15 12:50:19 - [TEST_STEP][PASSED] - delay: Delayed 2 second(s)

2018-06-15 12:50:21 - [MESSAGE][PASSED] - Delayed 2 second(s)

2018-06-15 12:50:21 - [TEST_STEP][PASSED] - verifyEqual: Actual object 'Successfully deleted the product "TestProduct_Automation"!!!' and expected object 'Successfully deleted the product "TestProduct_Automation"!!!' are equal

2018-06-15 12:50:21 - [MESSAGE][PASSED] - Actual object 'Successfully deleted the product "TestProduct_Automation"!!!' and expected object 'Successfully deleted the product "TestProduct_Automation"!!!' are equal

2018-06-15 12:50:21 - [TEST_STEP][PASSED] - closeBrowser: Browser is closed

2018-06-15 12:50:22 - [MESSAGE][PASSED] - Browser is closed]]></system-out>
         <system-err><![CDATA[]]></system-err>
      </testcase>
      <testcase name="Test Cases/ProductEdit_TestCases/VerifyVersionAndComponentFields" classname="Test Cases/ProductEdit_TestCases/VerifyVersionAndComponentFields" status="PASSED">
         <system-out><![CDATA[2018-06-15 12:50:22 - [TEST_CASE][PASSED] - Test Cases/ProductEdit_TestCases/VerifyVersionAndComponentFields: Test Cases/ProductEdit_TestCases/VerifyVersionAndComponentFields

2018-06-15 12:50:22 - [TEST_STEP][PASSED] - openBrowser: Browser is opened with url: ''

2018-06-15 12:50:24 - [MESSAGE][PASSED] - Browser is opened with url: ''

2018-06-15 12:50:24 - [TEST_STEP][PASSED] - maximizeWindow: Current window maximized

2018-06-15 12:50:24 - [MESSAGE][PASSED] - Current window maximized

2018-06-15 12:50:24 - [TEST_STEP][PASSED] - navigateToUrl: Navigate to 'http://us142.sjc.aristanetworks.com:7000/' successfully

2018-06-15 12:50:30 - [MESSAGE][PASSED] - Navigate to 'http://us142.sjc.aristanetworks.com:7000/' successfully

2018-06-15 12:50:30 - [TEST_STEP][PASSED] - setText: Text 'knagendra-ext' is set on object 'Object Repository/Page_BugsUI login/input_value_userid'

2018-06-15 12:50:32 - [MESSAGE][PASSED] - Text 'knagendra-ext' is set on object 'Object Repository/Page_BugsUI login/input_value_userid'

2018-06-15 12:50:32 - [TEST_STEP][PASSED] - setText: Text 'Tumkur@123' is set on object 'Object Repository/Page_BugsUI login/input_form-control ng-untouche'

2018-06-15 12:50:33 - [MESSAGE][PASSED] - Text 'Tumkur@123' is set on object 'Object Repository/Page_BugsUI login/input_form-control ng-untouche'

2018-06-15 12:50:33 - [TEST_STEP][PASSED] - click: Object: 'Object Repository/Page_BugsUI login/button_Login' is clicked on

2018-06-15 12:50:34 - [MESSAGE][PASSED] - Object: 'Object Repository/Page_BugsUI login/button_Login' is clicked on

2018-06-15 12:50:34 - [TEST_STEP][PASSED] - verifyElementAttributeValue: Object 'Object Repository/Page_BugsUI login/a_BugsUI' has attribute 'text' with value 'BugsUI '

2018-06-15 12:50:34 - [MESSAGE][PASSED] - Object 'Object Repository/Page_BugsUI login/a_BugsUI' has attribute 'text' with value 'BugsUI '

2018-06-15 12:50:34 - [TEST_STEP][PASSED] - delay: Delayed 2 second(s)

2018-06-15 12:50:36 - [MESSAGE][PASSED] - Delayed 2 second(s)

2018-06-15 12:50:36 - [TEST_STEP][PASSED] - Statement - If (com.kms.katalon.core.webui.keyword.WebUiBuiltInKeywords.verifyElementVisible(com.kms.katalon.core.testobject.ObjectRepository.findTestObject(Page_BugsUI Dashboard/a_Product))): Object: 'Object Repository/Page_BugsUI Dashboard/a_EDIT' is clicked on

2018-06-15 12:50:36 - [MESSAGE][PASSED] - Object 'Object Repository/Page_BugsUI Dashboard/a_Product' is visible

2018-06-15 12:50:36 - [TEST_STEP][PASSED] - click: Object: 'Object Repository/Page_BugsUI Dashboard/a_Product' is clicked on

2018-06-15 12:50:36 - [MESSAGE][PASSED] - Object: 'Object Repository/Page_BugsUI Dashboard/a_Product' is clicked on

2018-06-15 12:50:36 - [TEST_STEP][PASSED] - click: Object: 'Object Repository/Page_BugsUI Dashboard/a_EDIT' is clicked on

2018-06-15 12:50:37 - [MESSAGE][PASSED] - Object: 'Object Repository/Page_BugsUI Dashboard/a_EDIT' is clicked on

2018-06-15 12:50:37 - [TEST_STEP][PASSED] - delay: Delayed 2 second(s)

2018-06-15 12:50:39 - [MESSAGE][PASSED] - Delayed 2 second(s)

2018-06-15 12:50:39 - [TEST_STEP][PASSED] - selectOptionByLabel: All options with label 'Software' are selected in object 'Object Repository/Page_BugsUI productEdit/classificationDropdown' 

2018-06-15 12:50:39 - [MESSAGE][PASSED] - All options with label 'Software' are selected in object 'Object Repository/Page_BugsUI productEdit/classificationDropdown' 

2018-06-15 12:50:39 - [TEST_STEP][PASSED] - delay: Delayed 25 second(s)

2018-06-15 12:51:04 - [MESSAGE][PASSED] - Delayed 25 second(s)

2018-06-15 12:51:04 - [TEST_STEP][PASSED] - selectOptionByLabel: All options with label 'Apple' are selected in object 'Object Repository/Page_BugsUI productEdit/packageDropdown' 

2018-06-15 12:51:05 - [MESSAGE][PASSED] - All options with label 'Apple' are selected in object 'Object Repository/Page_BugsUI productEdit/packageDropdown' 

2018-06-15 12:51:05 - [TEST_STEP][PASSED] - delay: Delayed 2 second(s)

2018-06-15 12:51:07 - [MESSAGE][PASSED] - Delayed 2 second(s)

2018-06-15 12:51:07 - [TEST_STEP][PASSED] - scrollToElement: Scroll to object 'Object Repository/Page_BugsUI productEdit/version_delete_button' successfully

2018-06-15 12:51:07 - [MESSAGE][PASSED] - Scroll to object 'Object Repository/Page_BugsUI productEdit/version_delete_button' successfully

2018-06-15 12:51:07 - [TEST_STEP][PASSED] - click: Object: 'Object Repository/Page_BugsUI productEdit/version_delete_button' is clicked on

2018-06-15 12:51:07 - [MESSAGE][PASSED] - Object: 'Object Repository/Page_BugsUI productEdit/version_delete_button' is clicked on

2018-06-15 12:51:07 - [TEST_STEP][PASSED] - Statement - If (com.kms.katalon.core.webui.keyword.WebUiBuiltInKeywords.verifyAlertPresent(7)): Alert accepted

2018-06-15 12:51:07 - [MESSAGE][PASSED] - Alert is present after 7 second(s).

2018-06-15 12:51:07 - [TEST_STEP][PASSED] - acceptAlert: Alert accepted

2018-06-15 12:51:07 - [MESSAGE][PASSED] - Alert accepted

2018-06-15 12:51:07 - [TEST_STEP][PASSED] - delay: Delayed 2 second(s)

2018-06-15 12:51:09 - [MESSAGE][PASSED] - Delayed 2 second(s)

2018-06-15 12:51:09 - [TEST_STEP][PASSED] - verifyElementPresent: Object 'Object Repository/Page_BugsUI productEdit/div_version_Product must have atleast' is present

2018-06-15 12:51:09 - [MESSAGE][WARNING] - Timeout '0' is invalid. Using default page load timeout: '30'

2018-06-15 12:51:09 - [MESSAGE][PASSED] - Object 'Object Repository/Page_BugsUI productEdit/div_version_Product must have atleast' is present

2018-06-15 12:51:09 - [TEST_STEP][PASSED] - Statement - deleteMandatoryVersionMessage = com.kms.katalon.core.webui.keyword.WebUiBuiltInKeywords.getText(com.kms.katalon.core.testobject.ObjectRepository.findTestObject(Page_BugsUI productEdit/div_version_Product must have atleast)): Text of object 'Object Repository/Page_BugsUI productEdit/div_version_Product must have atleast' is: 'Product must have atleast 1 version !!!'

2018-06-15 12:51:09 - [MESSAGE][PASSED] - Text of object 'Object Repository/Page_BugsUI productEdit/div_version_Product must have atleast' is: 'Product must have atleast 1 version !!!'

2018-06-15 12:51:09 - [TEST_STEP][PASSED] - verifyEqual: Actual object 'Product must have atleast 1 version !!!' and expected object 'Product must have atleast 1 version !!!' are equal

2018-06-15 12:51:09 - [MESSAGE][PASSED] - Actual object 'Product must have atleast 1 version !!!' and expected object 'Product must have atleast 1 version !!!' are equal]]></system-out>
         <system-err><![CDATA[]]></system-err>
      </testcase>
      <system-out><![CDATA[2018-06-15 12:42:40 - [TEST_SUITE][PASSED] - RegressionTestSuite: Test Cases/ProductEdit_TestCases/VerifyVersionAndComponentFields]]></system-out>
      <system-err><![CDATA[]]></system-err>
   </testsuite>
</testsuites>
